<?xml version="1.0" encoding="UTF-8"?>
<testsuites name="Keypath_Testsuite_APAC_SEO" time="649.107" tests="28" failures="2" errors="2">
   <testsuite name="Keypath_Testsuite_APAC_SEO" tests="28" failures="2" errors="2" time="649.107" skipped="0" timestamp="25-10-2024T15:43:13" hostname="madhansivaraj - 192.168.4.22" id="Test Suites/Keypath_Testsuite_APAC_SEO">
      <properties>
         <property name="deviceName" value=""/>
         <property name="devicePlatform"/>
         <property name="logFolder" value="/Users/madhansivaraj/git/Keypath_Automation_Testing_Mster/Reports/20241025_154308/Keypath_Testsuite_APAC_SEO/20241025_154308"/>
         <property name="logFiles" value="/Users/madhansivaraj/git/Keypath_Automation_Testing_Mster/Reports/20241025_154308/Keypath_Testsuite_APAC_SEO/20241025_154308/execution0.log"/>
         <property name="attachments" value="/Users/madhansivaraj/git/Keypath_Automation_Testing_Mster/Reports/20241025_154308/Keypath_Testsuite_APAC_SEO/20241025_154308/1729831864621.png, /Users/madhansivaraj/git/Keypath_Automation_Testing_Mster/Reports/20241025_154308/Keypath_Testsuite_APAC_SEO/20241025_154308/1729831873539.png"/>
         <property name="hostName" value="madhansivaraj - 192.168.4.22"/>
         <property name="os" value="Mac OS X 64bit"/>
         <property name="katalonVersion" value="9.6.0.217"/>
         <property name="browser" value="Chrome 130.0.0.0"/>
         <property name="hostAddress" value="192.168.4.22"/>
         <property name="sessionId" value="b56fad14bdd9ae43de0b1798e233a0df"/>
         <property name="seleniumVersion" value="3.141.59"/>
         <property name="proxyInformation" value="ProxyInformation { proxyOption=NO_PROXY, proxyServerType=HTTP, username=, password=********, proxyServerAddress=, proxyServerPort=0, executionList=&quot;&quot;, isApplyToDesiredCapabilities=true }"/>
         <property name="platform" value="Mac OS X"/>
      </properties>
      <testcase name="Test Cases/APAC_Universities/SEO_PAGES/RMIT_University/Enquiry_Form" time="23.333" classname="Test Cases/APAC_Universities/SEO_PAGES/RMIT_University/Enquiry_Form" status="PASSED">
         <system-out><![CDATA[25-10-2024T15:43:13 - [TEST_CASE][PASSED] - Test Cases/APAC_Universities/SEO_PAGES/RMIT_University/Enquiry_Form: Test Cases/APAC_Universities/SEO_PAGES/RMIT_University/Enquiry_Form

25-10-2024T15:43:13 - [TEST_STEP][PASSED] - callTestCase(findTestCase("Test Cases/APAC_Universities/SEO_PAGES/RMIT_University/Reusuable_Testcases/Naviigate_Url"), [:], STOP_ON_FAILURE): Call Test Case 'Test Cases/APAC_Universities/SEO_PAGES/RMIT_University/Reusuable_Testcases/Naviigate_Url' successfully

25-10-2024T15:43:13 - [TEST_CASE][PASSED] - Test Cases/APAC_Universities/SEO_PAGES/RMIT_University/Reusuable_Testcases/Naviigate_Url: Test Cases/APAC_Universities/SEO_PAGES/RMIT_University/Reusuable_Testcases/Naviigate_Url

25-10-2024T15:43:13 - [TEST_STEP][PASSED] - openBrowser(""): Browser is opened with url: ''

25-10-2024T15:43:13 - [MESSAGE][INFO] - Starting 'Chrome' driver

25-10-2024T15:43:13 - [MESSAGE][INFO] - Action delay is set to 0 milliseconds

25-10-2024T15:43:15 - [MESSAGE][PASSED] - Browser is opened with url: ''

25-10-2024T15:43:15 - [TEST_STEP][PASSED] - navigateToUrl(University_RMIT): Navigate to 'https://key:path@dev-rmit-opm.pantheonsite.io' successfully

25-10-2024T15:43:19 - [MESSAGE][PASSED] - Navigate to 'https://key:path@dev-rmit-opm.pantheonsite.io' successfully

25-10-2024T15:43:19 - [TEST_STEP][PASSED] - maximizeWindow(): Current window maximized

25-10-2024T15:43:19 - [MESSAGE][PASSED] - Current window maximized

25-10-2024T15:43:19 - [MESSAGE][PASSED] - Call Test Case 'Test Cases/APAC_Universities/SEO_PAGES/RMIT_University/Reusuable_Testcases/Naviigate_Url' successfully

25-10-2024T15:43:19 - [TEST_STEP][PASSED] - waitForElementClickable(findTestObject("Object Repository/APAC_University/Rmit_University/Enquiry_Now/Button_Enquiry_Now"), 10): Object 'Object Repository/APAC_University/Rmit_University/Enquiry_Now/Button_Enquiry_Now' is clickable

25-10-2024T15:43:19 - [MESSAGE][PASSED] - Object 'Object Repository/APAC_University/Rmit_University/Enquiry_Now/Button_Enquiry_Now' is clickable

25-10-2024T15:43:19 - [TEST_STEP][PASSED] - click(findTestObject("Object Repository/APAC_University/Rmit_University/Enquiry_Now/Button_Enquiry_Now")): Object: 'Object Repository/APAC_University/Rmit_University/Enquiry_Now/Button_Enquiry_Now' is clicked on

25-10-2024T15:43:20 - [MESSAGE][PASSED] - Object: 'Object Repository/APAC_University/Rmit_University/Enquiry_Now/Button_Enquiry_Now' is clicked on

25-10-2024T15:43:20 - [TEST_STEP][PASSED] - program = findTestObject("Object Repository/APAC_University/Rmit_University/Enquiry_Now/Dropdown_Enquiry_Program"): null

25-10-2024T15:43:20 - [TEST_STEP][PASSED] - selectOptionByIndex(program, keyPathPackage.customKeywords.selectRandomOptionFromDropdown()): All options with index in [2] are selected on object 'Object Repository/APAC_University/Rmit_University/Enquiry_Now/Dropdown_Enquiry_Program'

25-10-2024T15:43:20 - [MESSAGE][PASSED] - keyPathPackage.customKeywords.selectRandomOptionFromDropdown is PASSED

25-10-2024T15:43:22 - [MESSAGE][PASSED] - All options with index in [2] are selected on object 'Object Repository/APAC_University/Rmit_University/Enquiry_Now/Dropdown_Enquiry_Program'

25-10-2024T15:43:22 - [TEST_STEP][PASSED] - FirstName = keyPathPackage.customKeywords.generateRandomFirstName(): keyPathPackage.customKeywords.generateRandomFirstName is PASSED

25-10-2024T15:43:22 - [MESSAGE][PASSED] - keyPathPackage.customKeywords.generateRandomFirstName is PASSED

25-10-2024T15:43:22 - [TEST_STEP][PASSED] - setText(findTestObject("Object Repository/APAC_University/Rmit_University/Enquiry_Now/Field_FirstName"), FirstName): Text 'Hilaria' is set on object 'Object Repository/APAC_University/Rmit_University/Enquiry_Now/Field_FirstName'

25-10-2024T15:43:23 - [MESSAGE][PASSED] - Text 'Hilaria' is set on object 'Object Repository/APAC_University/Rmit_University/Enquiry_Now/Field_FirstName'

25-10-2024T15:43:23 - [TEST_STEP][PASSED] - LastName = keyPathPackage.customKeywords.generateRandomLastName(): keyPathPackage.customKeywords.generateRandomLastName is PASSED

25-10-2024T15:43:23 - [MESSAGE][PASSED] - keyPathPackage.customKeywords.generateRandomLastName is PASSED

25-10-2024T15:43:23 - [TEST_STEP][PASSED] - setText(findTestObject("Object Repository/APAC_University/Rmit_University/Enquiry_Now/Field_SecondName"), LastName): Text 'Testing Zboncak' is set on object 'Object Repository/APAC_University/Rmit_University/Enquiry_Now/Field_SecondName'

25-10-2024T15:43:23 - [MESSAGE][PASSED] - Text 'Testing Zboncak' is set on object 'Object Repository/APAC_University/Rmit_University/Enquiry_Now/Field_SecondName'

25-10-2024T15:43:23 - [TEST_STEP][PASSED] - waitForElementClickable(findTestObject("Object Repository/APAC_University/Rmit_University/Enquiry_Now/Button_Nextstep2"), 10): Object 'Object Repository/APAC_University/Rmit_University/Enquiry_Now/Button_Nextstep2' is clickable

25-10-2024T15:43:23 - [MESSAGE][PASSED] - Object 'Object Repository/APAC_University/Rmit_University/Enquiry_Now/Button_Nextstep2' is clickable

25-10-2024T15:43:23 - [TEST_STEP][PASSED] - click(findTestObject("Object Repository/APAC_University/Rmit_University/Enquiry_Now/Button_Nextstep2")): Object: 'Object Repository/APAC_University/Rmit_University/Enquiry_Now/Button_Nextstep2' is clicked on

25-10-2024T15:43:24 - [MESSAGE][PASSED] - Object: 'Object Repository/APAC_University/Rmit_University/Enquiry_Now/Button_Nextstep2' is clicked on

25-10-2024T15:43:24 - [TEST_STEP][PASSED] - Phonenumber = keyPathPackage.customKeywords.generateRandomAustralianPhoneNumber(): keyPathPackage.customKeywords.generateRandomAustralianPhoneNumber is PASSED

25-10-2024T15:43:24 - [MESSAGE][PASSED] - keyPathPackage.customKeywords.generateRandomAustralianPhoneNumber is PASSED

25-10-2024T15:43:24 - [TEST_STEP][PASSED] - setText(findTestObject("Object Repository/APAC_University/Rmit_University/Enquiry_Now/Field_Phonenumber"), Phonenumber): Text '0400380738' is set on object 'Object Repository/APAC_University/Rmit_University/Enquiry_Now/Field_Phonenumber'

25-10-2024T15:43:24 - [MESSAGE][PASSED] - Text '0400380738' is set on object 'Object Repository/APAC_University/Rmit_University/Enquiry_Now/Field_Phonenumber'

25-10-2024T15:43:24 - [TEST_STEP][PASSED] - Email = keyPathPackage.customKeywords.generateRandomEmail(): keyPathPackage.customKeywords.generateRandomEmail is PASSED

25-10-2024T15:43:25 - [MESSAGE][PASSED] - keyPathPackage.customKeywords.generateRandomEmail is PASSED

25-10-2024T15:43:25 - [TEST_STEP][PASSED] - setText(findTestObject("Object Repository/APAC_University/Rmit_University/Enquiry_Now/Field_Email"), Email): Text 'glenda.beahan@hotmail.com' is set on object 'Object Repository/APAC_University/Rmit_University/Enquiry_Now/Field_Email'

25-10-2024T15:43:25 - [MESSAGE][PASSED] - Text 'glenda.beahan@hotmail.com' is set on object 'Object Repository/APAC_University/Rmit_University/Enquiry_Now/Field_Email'

25-10-2024T15:43:25 - [TEST_STEP][PASSED] - waitForElementClickable(findTestObject("Object Repository/APAC_University/Rmit_University/Enquiry_Now/Button_Nextstep3"), 10): Object 'Object Repository/APAC_University/Rmit_University/Enquiry_Now/Button_Nextstep3' is clickable

25-10-2024T15:43:25 - [MESSAGE][PASSED] - Object 'Object Repository/APAC_University/Rmit_University/Enquiry_Now/Button_Nextstep3' is clickable

25-10-2024T15:43:25 - [TEST_STEP][PASSED] - click(findTestObject("Object Repository/APAC_University/Rmit_University/Enquiry_Now/Button_Nextstep3")): Object: 'Object Repository/APAC_University/Rmit_University/Enquiry_Now/Button_Nextstep3' is clicked on

25-10-2024T15:43:26 - [MESSAGE][PASSED] - Object: 'Object Repository/APAC_University/Rmit_University/Enquiry_Now/Button_Nextstep3' is clicked on

25-10-2024T15:43:26 - [TEST_STEP][PASSED] - selectOptionByLabel(findTestObject("Object Repository/APAC_University/Rmit_University/Enquiry_Now/Dropdown_Country"), "Australia", false): All options with label 'Australia' are selected in object 'Object Repository/APAC_University/Rmit_University/Enquiry_Now/Dropdown_Country' 

25-10-2024T15:43:26 - [MESSAGE][PASSED] - All options with label 'Australia' are selected in object 'Object Repository/APAC_University/Rmit_University/Enquiry_Now/Dropdown_Country' 

25-10-2024T15:43:26 - [TEST_STEP][PASSED] - delay(3): Delayed 3 second(s)

25-10-2024T15:43:29 - [MESSAGE][PASSED] - Delayed 3 second(s)

25-10-2024T15:43:29 - [TEST_STEP][PASSED] - Postcode = keyPathPackage.customKeywords.selectRandomPostCode(): keyPathPackage.customKeywords.selectRandomPostCode is PASSED

25-10-2024T15:43:29 - [MESSAGE][PASSED] - keyPathPackage.customKeywords.selectRandomPostCode is PASSED

25-10-2024T15:43:29 - [TEST_STEP][PASSED] - setText(findTestObject("Object Repository/APAC_University/Rmit_University/Enquiry_Now/Field_Pincode"), Postcode): Text '2052' is set on object 'Object Repository/APAC_University/Rmit_University/Enquiry_Now/Field_Pincode'

25-10-2024T15:43:30 - [MESSAGE][PASSED] - Text '2052' is set on object 'Object Repository/APAC_University/Rmit_University/Enquiry_Now/Field_Pincode'

25-10-2024T15:43:30 - [TEST_STEP][PASSED] - setText(findTestObject("Object Repository/APAC_University/Rmit_University/Enquiry_Now/Field_Pincode"), Postcode): Text '2052' is set on object 'Object Repository/APAC_University/Rmit_University/Enquiry_Now/Field_Pincode'

25-10-2024T15:43:31 - [MESSAGE][PASSED] - Text '2052' is set on object 'Object Repository/APAC_University/Rmit_University/Enquiry_Now/Field_Pincode'

25-10-2024T15:43:31 - [TEST_STEP][PASSED] - waitForElementClickable(findTestObject("Object Repository/APAC_University/Rmit_University/Enquiry_Now/Button_GetStarted"), 10): Object 'Object Repository/APAC_University/Rmit_University/Enquiry_Now/Button_GetStarted' is clickable

25-10-2024T15:43:31 - [MESSAGE][PASSED] - Object 'Object Repository/APAC_University/Rmit_University/Enquiry_Now/Button_GetStarted' is clickable

25-10-2024T15:43:31 - [TEST_STEP][PASSED] - click(findTestObject("Object Repository/APAC_University/Rmit_University/Enquiry_Now/Button_GetStarted")): Object: 'Object Repository/APAC_University/Rmit_University/Enquiry_Now/Button_GetStarted' is clicked on

25-10-2024T15:43:31 - [MESSAGE][PASSED] - Object: 'Object Repository/APAC_University/Rmit_University/Enquiry_Now/Button_GetStarted' is clicked on

25-10-2024T15:43:31 - [TEST_STEP][PASSED] - delay(5): Delayed 5 second(s)

25-10-2024T15:43:36 - [MESSAGE][PASSED] - Delayed 5 second(s)

25-10-2024T15:43:36 - [TEST_STEP][PASSED] - verifyElementText(findTestObject("Object Repository/APAC_University/Rmit_University/Main_Page/Verify_Message"), "Thank you for enquiring"): Actual text and expected text of test object 'Object Repository/APAC_University/Rmit_University/Main_Page/Verify_Message' are matched.

25-10-2024T15:43:36 - [MESSAGE][PASSED] - Actual text and expected text of test object 'Object Repository/APAC_University/Rmit_University/Main_Page/Verify_Message' are matched.]]></system-out>
         <system-err><![CDATA[]]></system-err>
      </testcase>
      <testcase name="Test Cases/APAC_Universities/SEO_PAGES/RMIT_University/Main_Page" time="17.136" classname="Test Cases/APAC_Universities/SEO_PAGES/RMIT_University/Main_Page" status="PASSED">
         <system-out><![CDATA[25-10-2024T15:43:36 - [TEST_CASE][PASSED] - Test Cases/APAC_Universities/SEO_PAGES/RMIT_University/Main_Page: Test Cases/APAC_Universities/SEO_PAGES/RMIT_University/Main_Page

25-10-2024T15:43:36 - [TEST_STEP][PASSED] - callTestCase(findTestCase("Test Cases/APAC_Universities/SEO_PAGES/RMIT_University/Reusuable_Testcases/Navigate to home page"), [:], STOP_ON_FAILURE): Call Test Case 'Test Cases/APAC_Universities/SEO_PAGES/RMIT_University/Reusuable_Testcases/Navigate to home page' successfully

25-10-2024T15:43:36 - [TEST_CASE][PASSED] - Test Cases/APAC_Universities/SEO_PAGES/RMIT_University/Reusuable_Testcases/Navigate to home page: Test Cases/APAC_Universities/SEO_PAGES/RMIT_University/Reusuable_Testcases/Navigate to home page

25-10-2024T15:43:36 - [TEST_STEP][PASSED] - waitForElementClickable(findTestObject("Object Repository/APAC_University/Rmit_University/Main_Page/Image_Homepage"), 10): Object 'Object Repository/APAC_University/Rmit_University/Main_Page/Image_Homepage' is clickable

25-10-2024T15:43:37 - [MESSAGE][PASSED] - Object 'Object Repository/APAC_University/Rmit_University/Main_Page/Image_Homepage' is clickable

25-10-2024T15:43:37 - [TEST_STEP][PASSED] - click(findTestObject("Object Repository/APAC_University/Rmit_University/Main_Page/Image_Homepage")): Object: 'Object Repository/APAC_University/Rmit_University/Main_Page/Image_Homepage' is clicked on

25-10-2024T15:43:37 - [MESSAGE][PASSED] - Object: 'Object Repository/APAC_University/Rmit_University/Main_Page/Image_Homepage' is clicked on

25-10-2024T15:43:37 - [MESSAGE][PASSED] - Call Test Case 'Test Cases/APAC_Universities/SEO_PAGES/RMIT_University/Reusuable_Testcases/Navigate to home page' successfully

25-10-2024T15:43:37 - [TEST_STEP][PASSED] - callTestCase(findTestCase("Test Cases/APAC_Universities/SEO_PAGES/RMIT_University/Reusuable_Testcases/Lead_Form"), [:], STOP_ON_FAILURE): Call Test Case 'Test Cases/APAC_Universities/SEO_PAGES/RMIT_University/Reusuable_Testcases/Lead_Form' successfully

25-10-2024T15:43:37 - [TEST_CASE][PASSED] - Test Cases/APAC_Universities/SEO_PAGES/RMIT_University/Reusuable_Testcases/Lead_Form: Test Cases/APAC_Universities/SEO_PAGES/RMIT_University/Reusuable_Testcases/Lead_Form

25-10-2024T15:43:37 - [TEST_STEP][PASSED] - program = findTestObject("Object Repository/APAC_University/Rmit_University/Main_Page/Dropdown_Program"): null

25-10-2024T15:43:37 - [TEST_STEP][PASSED] - selectOptionByIndex(program, keyPathPackage.customKeywords.selectRandomOptionFromDropdown()): All options with index in [2] are selected on object 'Object Repository/APAC_University/Rmit_University/Main_Page/Dropdown_Program'

25-10-2024T15:43:37 - [MESSAGE][PASSED] - keyPathPackage.customKeywords.selectRandomOptionFromDropdown is PASSED

25-10-2024T15:43:40 - [MESSAGE][PASSED] - All options with index in [2] are selected on object 'Object Repository/APAC_University/Rmit_University/Main_Page/Dropdown_Program'

25-10-2024T15:43:40 - [TEST_STEP][PASSED] - FirstName = keyPathPackage.customKeywords.generateRandomFirstName(): keyPathPackage.customKeywords.generateRandomFirstName is PASSED

25-10-2024T15:43:40 - [MESSAGE][PASSED] - keyPathPackage.customKeywords.generateRandomFirstName is PASSED

25-10-2024T15:43:40 - [TEST_STEP][PASSED] - setText(findTestObject("Object Repository/APAC_University/Rmit_University/Main_Page/Field_FirstName"), FirstName): Text 'Irwin' is set on object 'Object Repository/APAC_University/Rmit_University/Main_Page/Field_FirstName'

25-10-2024T15:43:40 - [MESSAGE][PASSED] - Text 'Irwin' is set on object 'Object Repository/APAC_University/Rmit_University/Main_Page/Field_FirstName'

25-10-2024T15:43:40 - [TEST_STEP][PASSED] - LastName = keyPathPackage.customKeywords.generateRandomLastName(): keyPathPackage.customKeywords.generateRandomLastName is PASSED

25-10-2024T15:43:40 - [MESSAGE][PASSED] - keyPathPackage.customKeywords.generateRandomLastName is PASSED

25-10-2024T15:43:40 - [TEST_STEP][PASSED] - setText(findTestObject("Object Repository/APAC_University/Rmit_University/Main_Page/Field_LastName"), LastName): Text 'Testing Von' is set on object 'Object Repository/APAC_University/Rmit_University/Main_Page/Field_LastName'

25-10-2024T15:43:41 - [MESSAGE][PASSED] - Text 'Testing Von' is set on object 'Object Repository/APAC_University/Rmit_University/Main_Page/Field_LastName'

25-10-2024T15:43:41 - [TEST_STEP][PASSED] - waitForElementClickable(findTestObject("Object Repository/APAC_University/Rmit_University/Main_Page/Button_Nextstep2"), 10): Object 'Object Repository/APAC_University/Rmit_University/Main_Page/Button_Nextstep2' is clickable

25-10-2024T15:43:41 - [MESSAGE][PASSED] - Object 'Object Repository/APAC_University/Rmit_University/Main_Page/Button_Nextstep2' is clickable

25-10-2024T15:43:41 - [TEST_STEP][PASSED] - click(findTestObject("Object Repository/APAC_University/Rmit_University/Main_Page/Button_Nextstep2")): Object: 'Object Repository/APAC_University/Rmit_University/Main_Page/Button_Nextstep2' is clicked on

25-10-2024T15:43:41 - [MESSAGE][PASSED] - Object: 'Object Repository/APAC_University/Rmit_University/Main_Page/Button_Nextstep2' is clicked on

25-10-2024T15:43:41 - [TEST_STEP][PASSED] - startdate = findTestObject("Object Repository/APAC_University/Rmit_University/Main_Page/Dropdown_Enquiry_StartDate"): null

25-10-2024T15:43:41 - [TEST_STEP][PASSED] - selectOptionByIndex(startdate, keyPathPackage.customKeywords.selectRandomOptionFromDropdown()): All options with index in [2] are selected on object 'Object Repository/APAC_University/Rmit_University/Main_Page/Dropdown_Enquiry_StartDate'

25-10-2024T15:43:41 - [MESSAGE][PASSED] - keyPathPackage.customKeywords.selectRandomOptionFromDropdown is PASSED

25-10-2024T15:43:42 - [MESSAGE][PASSED] - All options with index in [2] are selected on object 'Object Repository/APAC_University/Rmit_University/Main_Page/Dropdown_Enquiry_StartDate'

25-10-2024T15:43:42 - [TEST_STEP][PASSED] - Enquiryreason = findTestObject("Object Repository/APAC_University/Rmit_University/Main_Page/Dropdown_EnquiryReason"): null

25-10-2024T15:43:42 - [TEST_STEP][PASSED] - selectOptionByIndex(Enquiryreason, keyPathPackage.customKeywords.selectRandomOptionFromDropdown()): All options with index in [2] are selected on object 'Object Repository/APAC_University/Rmit_University/Main_Page/Dropdown_EnquiryReason'

25-10-2024T15:43:42 - [MESSAGE][PASSED] - keyPathPackage.customKeywords.selectRandomOptionFromDropdown is PASSED

25-10-2024T15:43:43 - [MESSAGE][PASSED] - All options with index in [2] are selected on object 'Object Repository/APAC_University/Rmit_University/Main_Page/Dropdown_EnquiryReason'

25-10-2024T15:43:43 - [TEST_STEP][PASSED] - selectOptionByValue(findTestObject("Object Repository/APAC_University/Rmit_University/Main_Page/Dropdown_Enquiry_Leveleducation"), Education_Level, false): All options with value 'Postgraduate diploma' are selected in object 'Object Repository/APAC_University/Rmit_University/Main_Page/Dropdown_Enquiry_Leveleducation' 

25-10-2024T15:43:43 - [MESSAGE][PASSED] - All options with value 'Postgraduate diploma' are selected in object 'Object Repository/APAC_University/Rmit_University/Main_Page/Dropdown_Enquiry_Leveleducation' 

25-10-2024T15:43:43 - [TEST_STEP][PASSED] - Workexperience = findTestObject("Object Repository/APAC_University/Rmit_University/Main_Page/Field_Enquiry_Workexperience"): null

25-10-2024T15:43:43 - [TEST_STEP][PASSED] - selectOptionByIndex(Workexperience, keyPathPackage.customKeywords.selectRandomOptionFromDropdown()): All options with index in [1] are selected on object 'Object Repository/APAC_University/Rmit_University/Main_Page/Field_Enquiry_Workexperience'

25-10-2024T15:43:43 - [MESSAGE][PASSED] - keyPathPackage.customKeywords.selectRandomOptionFromDropdown is PASSED

25-10-2024T15:43:44 - [MESSAGE][PASSED] - All options with index in [1] are selected on object 'Object Repository/APAC_University/Rmit_University/Main_Page/Field_Enquiry_Workexperience'

25-10-2024T15:43:44 - [TEST_STEP][PASSED] - waitForElementClickable(findTestObject("Object Repository/APAC_University/Rmit_University/Main_Page/Button_Nextstep3"), 10): Object 'Object Repository/APAC_University/Rmit_University/Main_Page/Button_Nextstep3' is clickable

25-10-2024T15:43:44 - [MESSAGE][PASSED] - Object 'Object Repository/APAC_University/Rmit_University/Main_Page/Button_Nextstep3' is clickable

25-10-2024T15:43:44 - [TEST_STEP][PASSED] - click(findTestObject("Object Repository/APAC_University/Rmit_University/Main_Page/Button_Nextstep3")): Object: 'Object Repository/APAC_University/Rmit_University/Main_Page/Button_Nextstep3' is clicked on

25-10-2024T15:43:45 - [MESSAGE][PASSED] - Object: 'Object Repository/APAC_University/Rmit_University/Main_Page/Button_Nextstep3' is clicked on

25-10-2024T15:43:45 - [TEST_STEP][PASSED] - Phonenumber = keyPathPackage.customKeywords.generateRandomAustralianPhoneNumber(): keyPathPackage.customKeywords.generateRandomAustralianPhoneNumber is PASSED

25-10-2024T15:43:45 - [MESSAGE][PASSED] - keyPathPackage.customKeywords.generateRandomAustralianPhoneNumber is PASSED

25-10-2024T15:43:45 - [TEST_STEP][PASSED] - setText(findTestObject("Object Repository/APAC_University/Rmit_University/Main_Page/Field_Phonenumber"), Phonenumber): Text '0491343160' is set on object 'Object Repository/APAC_University/Rmit_University/Main_Page/Field_Phonenumber'

25-10-2024T15:43:45 - [MESSAGE][PASSED] - Text '0491343160' is set on object 'Object Repository/APAC_University/Rmit_University/Main_Page/Field_Phonenumber'

25-10-2024T15:43:45 - [TEST_STEP][PASSED] - Email = keyPathPackage.customKeywords.generateRandomEmail(): keyPathPackage.customKeywords.generateRandomEmail is PASSED

25-10-2024T15:43:45 - [MESSAGE][PASSED] - keyPathPackage.customKeywords.generateRandomEmail is PASSED

25-10-2024T15:43:45 - [TEST_STEP][PASSED] - setText(findTestObject("Object Repository/APAC_University/Rmit_University/Main_Page/Field_Email"), Email): Text 'gary.langosh@yahoo.com' is set on object 'Object Repository/APAC_University/Rmit_University/Main_Page/Field_Email'

25-10-2024T15:43:46 - [MESSAGE][PASSED] - Text 'gary.langosh@yahoo.com' is set on object 'Object Repository/APAC_University/Rmit_University/Main_Page/Field_Email'

25-10-2024T15:43:46 - [TEST_STEP][PASSED] - selectOptionByLabel(findTestObject("Object Repository/APAC_University/Rmit_University/Main_Page/Dropdown_Country"), "Australia", false): All options with label 'Australia' are selected in object 'Object Repository/APAC_University/Rmit_University/Main_Page/Dropdown_Country' 

25-10-2024T15:43:47 - [MESSAGE][PASSED] - All options with label 'Australia' are selected in object 'Object Repository/APAC_University/Rmit_University/Main_Page/Dropdown_Country' 

25-10-2024T15:43:47 - [TEST_STEP][PASSED] - Postcode = keyPathPackage.customKeywords.selectRandomPostCode(): keyPathPackage.customKeywords.selectRandomPostCode is PASSED

25-10-2024T15:43:47 - [MESSAGE][PASSED] - keyPathPackage.customKeywords.selectRandomPostCode is PASSED

25-10-2024T15:43:47 - [TEST_STEP][PASSED] - setText(findTestObject("Object Repository/APAC_University/Rmit_University/Main_Page/Dropdown_Zipcode"), Postcode): Text '8223' is set on object 'Object Repository/APAC_University/Rmit_University/Main_Page/Dropdown_Zipcode'

25-10-2024T15:43:47 - [MESSAGE][PASSED] - Text '8223' is set on object 'Object Repository/APAC_University/Rmit_University/Main_Page/Dropdown_Zipcode'

25-10-2024T15:43:47 - [TEST_STEP][PASSED] - setText(findTestObject("Object Repository/APAC_University/Rmit_University/Main_Page/Dropdown_Zipcode"), Postcode): Text '8223' is set on object 'Object Repository/APAC_University/Rmit_University/Main_Page/Dropdown_Zipcode'

25-10-2024T15:43:48 - [MESSAGE][PASSED] - Text '8223' is set on object 'Object Repository/APAC_University/Rmit_University/Main_Page/Dropdown_Zipcode'

25-10-2024T15:43:48 - [TEST_STEP][PASSED] - waitForElementClickable(findTestObject("Object Repository/APAC_University/Rmit_University/Main_Page/Button_Download"), 10): Object 'Object Repository/APAC_University/Rmit_University/Main_Page/Button_Download' is clickable

25-10-2024T15:43:48 - [MESSAGE][PASSED] - Object 'Object Repository/APAC_University/Rmit_University/Main_Page/Button_Download' is clickable

25-10-2024T15:43:48 - [TEST_STEP][PASSED] - click(findTestObject("Object Repository/APAC_University/Rmit_University/Main_Page/Button_Download")): Object: 'Object Repository/APAC_University/Rmit_University/Main_Page/Button_Download' is clicked on

25-10-2024T15:43:48 - [MESSAGE][PASSED] - Object: 'Object Repository/APAC_University/Rmit_University/Main_Page/Button_Download' is clicked on

25-10-2024T15:43:48 - [TEST_STEP][PASSED] - delay(5): Delayed 5 second(s)

25-10-2024T15:43:53 - [MESSAGE][PASSED] - Delayed 5 second(s)

25-10-2024T15:43:53 - [TEST_STEP][PASSED] - verifyElementText(findTestObject("Object Repository/APAC_University/Rmit_University/Main_Page/Verify_Message"), "Thank you for enquiring"): Actual text and expected text of test object 'Object Repository/APAC_University/Rmit_University/Main_Page/Verify_Message' are matched.

25-10-2024T15:43:53 - [MESSAGE][PASSED] - Actual text and expected text of test object 'Object Repository/APAC_University/Rmit_University/Main_Page/Verify_Message' are matched.

25-10-2024T15:43:53 - [MESSAGE][PASSED] - Call Test Case 'Test Cases/APAC_Universities/SEO_PAGES/RMIT_University/Reusuable_Testcases/Lead_Form' successfully

25-10-2024T15:43:53 - [TEST_STEP][PASSED] - closeBrowser(): Browser is closed

25-10-2024T15:43:53 - [MESSAGE][PASSED] - Browser is closed]]></system-out>
         <system-err><![CDATA[]]></system-err>
      </testcase>
      <testcase name="Test Cases/APAC_Universities/SEO_PAGES/Deakin_University/Enquiry_Now" time="32.353" classname="Test Cases/APAC_Universities/SEO_PAGES/Deakin_University/Enquiry_Now" status="PASSED">
         <system-out><![CDATA[25-10-2024T15:43:53 - [TEST_CASE][PASSED] - Test Cases/APAC_Universities/SEO_PAGES/Deakin_University/Enquiry_Now: Test Cases/APAC_Universities/SEO_PAGES/Deakin_University/Enquiry_Now

25-10-2024T15:43:54 - [TEST_STEP][PASSED] - callTestCase(findTestCase("Test Cases/APAC_Universities/SEO_PAGES/Deakin_University/Resuable_Testcases/Navigate_URL"), [:], STOP_ON_FAILURE): Call Test Case 'Test Cases/APAC_Universities/SEO_PAGES/Deakin_University/Resuable_Testcases/Navigate_URL' successfully

25-10-2024T15:43:54 - [TEST_CASE][PASSED] - Test Cases/APAC_Universities/SEO_PAGES/Deakin_University/Resuable_Testcases/Navigate_URL: Test Cases/APAC_Universities/SEO_PAGES/Deakin_University/Resuable_Testcases/Navigate_URL

25-10-2024T15:43:54 - [TEST_STEP][PASSED] - openBrowser(""): Browser is opened with url: ''

25-10-2024T15:43:54 - [MESSAGE][INFO] - Starting 'Chrome' driver

25-10-2024T15:43:54 - [MESSAGE][INFO] - Action delay is set to 0 milliseconds

25-10-2024T15:43:54 - [MESSAGE][PASSED] - Browser is opened with url: ''

25-10-2024T15:43:54 - [TEST_STEP][PASSED] - navigateToUrl(University_Deakin_URL): Navigate to 'https://key:path@dev-du-opm.pantheonsite.io/' successfully

25-10-2024T15:44:14 - [MESSAGE][PASSED] - Navigate to 'https://key:path@dev-du-opm.pantheonsite.io/' successfully

25-10-2024T15:44:14 - [TEST_STEP][PASSED] - maximizeWindow(): Current window maximized

25-10-2024T15:44:15 - [MESSAGE][PASSED] - Current window maximized

25-10-2024T15:44:15 - [MESSAGE][PASSED] - Call Test Case 'Test Cases/APAC_Universities/SEO_PAGES/Deakin_University/Resuable_Testcases/Navigate_URL' successfully

25-10-2024T15:44:15 - [TEST_STEP][PASSED] - waitForElementClickable(findTestObject("Object Repository/APAC_University/Deakin_University/Button_Enquiry_Now"), 10): Object 'Object Repository/APAC_University/Deakin_University/Button_Enquiry_Now' is clickable

25-10-2024T15:44:15 - [MESSAGE][PASSED] - Object 'Object Repository/APAC_University/Deakin_University/Button_Enquiry_Now' is clickable

25-10-2024T15:44:15 - [TEST_STEP][PASSED] - click(findTestObject("Object Repository/APAC_University/Deakin_University/Button_Enquiry_Now")): Object: 'Object Repository/APAC_University/Deakin_University/Button_Enquiry_Now' is clicked on

25-10-2024T15:44:16 - [MESSAGE][PASSED] - Object: 'Object Repository/APAC_University/Deakin_University/Button_Enquiry_Now' is clicked on

25-10-2024T15:44:16 - [TEST_STEP][PASSED] - program = findTestObject("Object Repository/APAC_University/Deakin_University/Dropdown_Program"): null

25-10-2024T15:44:16 - [TEST_STEP][PASSED] - selectOptionByIndex(program, keyPathPackage.customKeywords.selectRandomOptionFromDropdown()): All options with index in [2] are selected on object 'Object Repository/APAC_University/Deakin_University/Dropdown_Program'

25-10-2024T15:44:16 - [MESSAGE][PASSED] - keyPathPackage.customKeywords.selectRandomOptionFromDropdown is PASSED

25-10-2024T15:44:19 - [MESSAGE][PASSED] - All options with index in [2] are selected on object 'Object Repository/APAC_University/Deakin_University/Dropdown_Program'

25-10-2024T15:44:19 - [TEST_STEP][PASSED] - FirstName = keyPathPackage.customKeywords.generateRandomFirstName(): keyPathPackage.customKeywords.generateRandomFirstName is PASSED

25-10-2024T15:44:19 - [MESSAGE][PASSED] - keyPathPackage.customKeywords.generateRandomFirstName is PASSED

25-10-2024T15:44:19 - [TEST_STEP][PASSED] - setText(findTestObject("Object Repository/APAC_University/Deakin_University/Field_Firstname"), FirstName): Text 'Isidra' is set on object 'Object Repository/APAC_University/Deakin_University/Field_Firstname'

25-10-2024T15:44:19 - [MESSAGE][PASSED] - Text 'Isidra' is set on object 'Object Repository/APAC_University/Deakin_University/Field_Firstname'

25-10-2024T15:44:19 - [TEST_STEP][PASSED] - LastName = keyPathPackage.customKeywords.generateRandomLastName(): keyPathPackage.customKeywords.generateRandomLastName is PASSED

25-10-2024T15:44:19 - [MESSAGE][PASSED] - keyPathPackage.customKeywords.generateRandomLastName is PASSED

25-10-2024T15:44:19 - [TEST_STEP][PASSED] - setText(findTestObject("Object Repository/APAC_University/Deakin_University/Field_Lastname"), LastName): Text 'Testing Predovic' is set on object 'Object Repository/APAC_University/Deakin_University/Field_Lastname'

25-10-2024T15:44:20 - [MESSAGE][PASSED] - Text 'Testing Predovic' is set on object 'Object Repository/APAC_University/Deakin_University/Field_Lastname'

25-10-2024T15:44:20 - [TEST_STEP][PASSED] - Email = keyPathPackage.customKeywords.generateRandomEmail(): keyPathPackage.customKeywords.generateRandomEmail is PASSED

25-10-2024T15:44:20 - [MESSAGE][PASSED] - keyPathPackage.customKeywords.generateRandomEmail is PASSED

25-10-2024T15:44:20 - [TEST_STEP][PASSED] - setText(findTestObject("Object Repository/APAC_University/Deakin_University/Field_Email"), Email): Text 'yuko.borer@gmail.com' is set on object 'Object Repository/APAC_University/Deakin_University/Field_Email'

25-10-2024T15:44:20 - [MESSAGE][PASSED] - Text 'yuko.borer@gmail.com' is set on object 'Object Repository/APAC_University/Deakin_University/Field_Email'

25-10-2024T15:44:20 - [TEST_STEP][PASSED] - Phonenumber = keyPathPackage.customKeywords.generateRandomAustralianPhoneNumber(): keyPathPackage.customKeywords.generateRandomAustralianPhoneNumber is PASSED

25-10-2024T15:44:20 - [MESSAGE][PASSED] - keyPathPackage.customKeywords.generateRandomAustralianPhoneNumber is PASSED

25-10-2024T15:44:20 - [TEST_STEP][PASSED] - setText(findTestObject("Object Repository/APAC_University/Deakin_University/Field_Phonenumber"), Phonenumber): Text '0477602854' is set on object 'Object Repository/APAC_University/Deakin_University/Field_Phonenumber'

25-10-2024T15:44:21 - [MESSAGE][PASSED] - Text '0477602854' is set on object 'Object Repository/APAC_University/Deakin_University/Field_Phonenumber'

25-10-2024T15:44:21 - [TEST_STEP][PASSED] - startdate = findTestObject("Object Repository/APAC_University/Deakin_University/Dropdown_Startdate"): null

25-10-2024T15:44:21 - [TEST_STEP][PASSED] - selectOptionByIndex(startdate, keyPathPackage.customKeywords.selectRandomOptionFromDropdown()): All options with index in [1] are selected on object 'Object Repository/APAC_University/Deakin_University/Dropdown_Startdate'

25-10-2024T15:44:21 - [MESSAGE][PASSED] - keyPathPackage.customKeywords.selectRandomOptionFromDropdown is PASSED

25-10-2024T15:44:22 - [MESSAGE][PASSED] - All options with index in [1] are selected on object 'Object Repository/APAC_University/Deakin_University/Dropdown_Startdate'

25-10-2024T15:44:22 - [TEST_STEP][PASSED] - selectOptionByValue(findTestObject("Object Repository/APAC_University/Deakin_University/Dropdown_Highereducation"), Education_Level, false): All options with value 'Postgraduate diploma' are selected in object 'Object Repository/APAC_University/Deakin_University/Dropdown_Highereducation' 

25-10-2024T15:44:22 - [MESSAGE][PASSED] - All options with value 'Postgraduate diploma' are selected in object 'Object Repository/APAC_University/Deakin_University/Dropdown_Highereducation' 

25-10-2024T15:44:22 - [TEST_STEP][PASSED] - Workexperience = findTestObject("Object Repository/APAC_University/Deakin_University/Dropdown_Workexperience"): null

25-10-2024T15:44:22 - [TEST_STEP][PASSED] - selectOptionByIndex(Workexperience, keyPathPackage.customKeywords.selectRandomOptionFromDropdown()): All options with index in [1] are selected on object 'Object Repository/APAC_University/Deakin_University/Dropdown_Workexperience'

25-10-2024T15:44:22 - [MESSAGE][PASSED] - keyPathPackage.customKeywords.selectRandomOptionFromDropdown is PASSED

25-10-2024T15:44:23 - [MESSAGE][PASSED] - All options with index in [1] are selected on object 'Object Repository/APAC_University/Deakin_University/Dropdown_Workexperience'

25-10-2024T15:44:23 - [TEST_STEP][PASSED] - Enquiryreason = findTestObject("Object Repository/APAC_University/Deakin_University/Dropdown_Enquiry"): null

25-10-2024T15:44:23 - [TEST_STEP][PASSED] - selectOptionByIndex(Enquiryreason, keyPathPackage.customKeywords.selectRandomOptionFromDropdown()): All options with index in [2] are selected on object 'Object Repository/APAC_University/Deakin_University/Dropdown_Enquiry'

25-10-2024T15:44:23 - [MESSAGE][PASSED] - keyPathPackage.customKeywords.selectRandomOptionFromDropdown is PASSED

25-10-2024T15:44:24 - [MESSAGE][PASSED] - All options with index in [2] are selected on object 'Object Repository/APAC_University/Deakin_University/Dropdown_Enquiry'

25-10-2024T15:44:24 - [TEST_STEP][PASSED] - selectOptionByLabel(findTestObject("Object Repository/APAC_University/Deakin_University/Dropdown_Country"), "Australia", false): All options with label 'Australia' are selected in object 'Object Repository/APAC_University/Deakin_University/Dropdown_Country' 

25-10-2024T15:44:24 - [MESSAGE][PASSED] - All options with label 'Australia' are selected in object 'Object Repository/APAC_University/Deakin_University/Dropdown_Country' 

25-10-2024T15:44:24 - [TEST_STEP][PASSED] - Postcode = keyPathPackage.customKeywords.selectRandomPostCode(): keyPathPackage.customKeywords.selectRandomPostCode is PASSED

25-10-2024T15:44:24 - [MESSAGE][PASSED] - keyPathPackage.customKeywords.selectRandomPostCode is PASSED

25-10-2024T15:44:24 - [TEST_STEP][PASSED] - setText(findTestObject("Object Repository/APAC_University/Deakin_University/Field_Postcode"), Postcode): Text '7261' is set on object 'Object Repository/APAC_University/Deakin_University/Field_Postcode'

25-10-2024T15:44:25 - [MESSAGE][PASSED] - Text '7261' is set on object 'Object Repository/APAC_University/Deakin_University/Field_Postcode'

25-10-2024T15:44:25 - [TEST_STEP][PASSED] - setText(findTestObject("Object Repository/APAC_University/Deakin_University/Field_Postcode"), Postcode): Text '7261' is set on object 'Object Repository/APAC_University/Deakin_University/Field_Postcode'

25-10-2024T15:44:25 - [MESSAGE][PASSED] - Text '7261' is set on object 'Object Repository/APAC_University/Deakin_University/Field_Postcode'

25-10-2024T15:44:25 - [TEST_STEP][PASSED] - waitForElementClickable(findTestObject("Object Repository/APAC_University/Deakin_University/Button_Submit"), 10): Object 'Object Repository/APAC_University/Deakin_University/Button_Submit' is clickable

25-10-2024T15:44:26 - [MESSAGE][PASSED] - Object 'Object Repository/APAC_University/Deakin_University/Button_Submit' is clickable

25-10-2024T15:44:26 - [TEST_STEP][PASSED] - click(findTestObject("Object Repository/APAC_University/Deakin_University/Button_Submit")): Object: 'Object Repository/APAC_University/Deakin_University/Button_Submit' is clicked on

25-10-2024T15:44:26 - [MESSAGE][PASSED] - Object: 'Object Repository/APAC_University/Deakin_University/Button_Submit' is clicked on]]></system-out>
         <system-err><![CDATA[]]></system-err>
      </testcase>
      <testcase name="Test Cases/APAC_Universities/SEO_PAGES/Deakin_University/Main_page" time="19.322" classname="Test Cases/APAC_Universities/SEO_PAGES/Deakin_University/Main_page" status="PASSED">
         <system-out><![CDATA[25-10-2024T15:44:26 - [TEST_CASE][PASSED] - Test Cases/APAC_Universities/SEO_PAGES/Deakin_University/Main_page: Test Cases/APAC_Universities/SEO_PAGES/Deakin_University/Main_page

25-10-2024T15:44:26 - [TEST_STEP][PASSED] - callTestCase(findTestCase("Test Cases/APAC_Universities/SEO_PAGES/Deakin_University/Resuable_Testcases/Navigate_HomePage"), [:], STOP_ON_FAILURE): Call Test Case 'Test Cases/APAC_Universities/SEO_PAGES/Deakin_University/Resuable_Testcases/Navigate_HomePage' successfully

25-10-2024T15:44:26 - [TEST_CASE][PASSED] - Test Cases/APAC_Universities/SEO_PAGES/Deakin_University/Resuable_Testcases/Navigate_HomePage: Test Cases/APAC_Universities/SEO_PAGES/Deakin_University/Resuable_Testcases/Navigate_HomePage

25-10-2024T15:44:26 - [TEST_STEP][PASSED] - waitForElementClickable(findTestObject("Object Repository/APAC_University/Deakin_University/Image_Homepage"), 10): Object 'Object Repository/APAC_University/Deakin_University/Image_Homepage' is clickable

25-10-2024T15:44:28 - [MESSAGE][PASSED] - Object 'Object Repository/APAC_University/Deakin_University/Image_Homepage' is clickable

25-10-2024T15:44:28 - [TEST_STEP][PASSED] - click(findTestObject("Object Repository/APAC_University/Deakin_University/Image_Homepage")): Object: 'Object Repository/APAC_University/Deakin_University/Image_Homepage' is clicked on

25-10-2024T15:44:30 - [MESSAGE][PASSED] - Object: 'Object Repository/APAC_University/Deakin_University/Image_Homepage' is clicked on

25-10-2024T15:44:30 - [MESSAGE][PASSED] - Call Test Case 'Test Cases/APAC_Universities/SEO_PAGES/Deakin_University/Resuable_Testcases/Navigate_HomePage' successfully

25-10-2024T15:44:30 - [TEST_STEP][PASSED] - program = findTestObject("Object Repository/APAC_University/Deakin_University/Dropdown_Program"): null

25-10-2024T15:44:30 - [TEST_STEP][PASSED] - selectOptionByIndex(program, keyPathPackage.customKeywords.selectRandomOptionFromDropdown()): All options with index in [2] are selected on object 'Object Repository/APAC_University/Deakin_University/Dropdown_Program'

25-10-2024T15:44:30 - [MESSAGE][PASSED] - keyPathPackage.customKeywords.selectRandomOptionFromDropdown is PASSED

25-10-2024T15:44:31 - [MESSAGE][PASSED] - All options with index in [2] are selected on object 'Object Repository/APAC_University/Deakin_University/Dropdown_Program'

25-10-2024T15:44:31 - [TEST_STEP][PASSED] - FirstName = keyPathPackage.customKeywords.generateRandomFirstName(): keyPathPackage.customKeywords.generateRandomFirstName is PASSED

25-10-2024T15:44:31 - [MESSAGE][PASSED] - keyPathPackage.customKeywords.generateRandomFirstName is PASSED

25-10-2024T15:44:31 - [TEST_STEP][PASSED] - setText(findTestObject("Object Repository/APAC_University/Deakin_University/Field_Firstname"), FirstName): Text 'Caron' is set on object 'Object Repository/APAC_University/Deakin_University/Field_Firstname'

25-10-2024T15:44:32 - [MESSAGE][PASSED] - Text 'Caron' is set on object 'Object Repository/APAC_University/Deakin_University/Field_Firstname'

25-10-2024T15:44:32 - [TEST_STEP][PASSED] - LastName = keyPathPackage.customKeywords.generateRandomLastName(): keyPathPackage.customKeywords.generateRandomLastName is PASSED

25-10-2024T15:44:32 - [MESSAGE][PASSED] - keyPathPackage.customKeywords.generateRandomLastName is PASSED

25-10-2024T15:44:32 - [TEST_STEP][PASSED] - setText(findTestObject("Object Repository/APAC_University/Deakin_University/Field_Lastname"), LastName): Text 'Testing Quitzon' is set on object 'Object Repository/APAC_University/Deakin_University/Field_Lastname'

25-10-2024T15:44:33 - [MESSAGE][PASSED] - Text 'Testing Quitzon' is set on object 'Object Repository/APAC_University/Deakin_University/Field_Lastname'

25-10-2024T15:44:33 - [TEST_STEP][PASSED] - waitForElementClickable(findTestObject("Object Repository/APAC_University/Deakin_University/Button_NextStep2"), 10): Object 'Object Repository/APAC_University/Deakin_University/Button_NextStep2' is clickable

25-10-2024T15:44:33 - [MESSAGE][PASSED] - Object 'Object Repository/APAC_University/Deakin_University/Button_NextStep2' is clickable

25-10-2024T15:44:33 - [TEST_STEP][PASSED] - click(findTestObject("Object Repository/APAC_University/Deakin_University/Button_NextStep2")): Object: 'Object Repository/APAC_University/Deakin_University/Button_NextStep2' is clicked on

25-10-2024T15:44:33 - [MESSAGE][PASSED] - Object: 'Object Repository/APAC_University/Deakin_University/Button_NextStep2' is clicked on

25-10-2024T15:44:33 - [TEST_STEP][PASSED] - startdate = findTestObject("Object Repository/APAC_University/Deakin_University/Dropdown_Startdate"): null

25-10-2024T15:44:33 - [TEST_STEP][PASSED] - selectOptionByIndex(startdate, keyPathPackage.customKeywords.selectRandomOptionFromDropdown()): All options with index in [2] are selected on object 'Object Repository/APAC_University/Deakin_University/Dropdown_Startdate'

25-10-2024T15:44:33 - [MESSAGE][PASSED] - keyPathPackage.customKeywords.selectRandomOptionFromDropdown is PASSED

25-10-2024T15:44:34 - [MESSAGE][PASSED] - All options with index in [2] are selected on object 'Object Repository/APAC_University/Deakin_University/Dropdown_Startdate'

25-10-2024T15:44:34 - [TEST_STEP][PASSED] - Enquiryreason = findTestObject("Object Repository/APAC_University/Deakin_University/Dropdown_Enquiry"): null

25-10-2024T15:44:34 - [TEST_STEP][PASSED] - selectOptionByIndex(Enquiryreason, keyPathPackage.customKeywords.selectRandomOptionFromDropdown()): All options with index in [2] are selected on object 'Object Repository/APAC_University/Deakin_University/Dropdown_Enquiry'

25-10-2024T15:44:34 - [MESSAGE][PASSED] - keyPathPackage.customKeywords.selectRandomOptionFromDropdown is PASSED

25-10-2024T15:44:35 - [MESSAGE][PASSED] - All options with index in [2] are selected on object 'Object Repository/APAC_University/Deakin_University/Dropdown_Enquiry'

25-10-2024T15:44:35 - [TEST_STEP][PASSED] - selectOptionByValue(findTestObject("Object Repository/APAC_University/Deakin_University/Dropdown_Highereducation"), Education_Level, false): All options with value 'Postgraduate diploma' are selected in object 'Object Repository/APAC_University/Deakin_University/Dropdown_Highereducation' 

25-10-2024T15:44:35 - [MESSAGE][PASSED] - All options with value 'Postgraduate diploma' are selected in object 'Object Repository/APAC_University/Deakin_University/Dropdown_Highereducation' 

25-10-2024T15:44:35 - [TEST_STEP][PASSED] - Workexperience = findTestObject("Object Repository/APAC_University/Deakin_University/Dropdown_Workexperience"): null

25-10-2024T15:44:35 - [TEST_STEP][PASSED] - selectOptionByIndex(Workexperience, keyPathPackage.customKeywords.selectRandomOptionFromDropdown()): All options with index in [2] are selected on object 'Object Repository/APAC_University/Deakin_University/Dropdown_Workexperience'

25-10-2024T15:44:35 - [MESSAGE][PASSED] - keyPathPackage.customKeywords.selectRandomOptionFromDropdown is PASSED

25-10-2024T15:44:36 - [MESSAGE][PASSED] - All options with index in [2] are selected on object 'Object Repository/APAC_University/Deakin_University/Dropdown_Workexperience'

25-10-2024T15:44:36 - [TEST_STEP][PASSED] - waitForElementClickable(findTestObject("Object Repository/APAC_University/Deakin_University/Button_Nextstep3"), 10): Object 'Object Repository/APAC_University/Deakin_University/Button_Nextstep3' is clickable

25-10-2024T15:44:36 - [MESSAGE][PASSED] - Object 'Object Repository/APAC_University/Deakin_University/Button_Nextstep3' is clickable

25-10-2024T15:44:36 - [TEST_STEP][PASSED] - click(findTestObject("Object Repository/APAC_University/Deakin_University/Button_Nextstep3")): Object: 'Object Repository/APAC_University/Deakin_University/Button_Nextstep3' is clicked on

25-10-2024T15:44:36 - [MESSAGE][PASSED] - Object: 'Object Repository/APAC_University/Deakin_University/Button_Nextstep3' is clicked on

25-10-2024T15:44:36 - [TEST_STEP][PASSED] - Email = keyPathPackage.customKeywords.generateRandomEmail(): keyPathPackage.customKeywords.generateRandomEmail is PASSED

25-10-2024T15:44:36 - [MESSAGE][PASSED] - keyPathPackage.customKeywords.generateRandomEmail is PASSED

25-10-2024T15:44:36 - [TEST_STEP][PASSED] - setText(findTestObject("Object Repository/APAC_University/Deakin_University/Field_Email"), Email): Text 'keira.jacobi@hotmail.com' is set on object 'Object Repository/APAC_University/Deakin_University/Field_Email'

25-10-2024T15:44:37 - [MESSAGE][PASSED] - Text 'keira.jacobi@hotmail.com' is set on object 'Object Repository/APAC_University/Deakin_University/Field_Email'

25-10-2024T15:44:37 - [TEST_STEP][PASSED] - Phonenumber = keyPathPackage.customKeywords.generateRandomAustralianPhoneNumber(): keyPathPackage.customKeywords.generateRandomAustralianPhoneNumber is PASSED

25-10-2024T15:44:37 - [MESSAGE][PASSED] - keyPathPackage.customKeywords.generateRandomAustralianPhoneNumber is PASSED

25-10-2024T15:44:37 - [TEST_STEP][PASSED] - setText(findTestObject("Object Repository/APAC_University/Deakin_University/Field_Phonenumber"), Phonenumber): Text '0481401931' is set on object 'Object Repository/APAC_University/Deakin_University/Field_Phonenumber'

25-10-2024T15:44:38 - [MESSAGE][PASSED] - Text '0481401931' is set on object 'Object Repository/APAC_University/Deakin_University/Field_Phonenumber'

25-10-2024T15:44:38 - [TEST_STEP][PASSED] - selectOptionByLabel(findTestObject("Object Repository/APAC_University/Deakin_University/Dropdown_Country"), "Australia", false): All options with label 'Australia' are selected in object 'Object Repository/APAC_University/Deakin_University/Dropdown_Country' 

25-10-2024T15:44:38 - [MESSAGE][PASSED] - All options with label 'Australia' are selected in object 'Object Repository/APAC_University/Deakin_University/Dropdown_Country' 

25-10-2024T15:44:38 - [TEST_STEP][PASSED] - Postcode = keyPathPackage.customKeywords.selectRandomPostCode(): keyPathPackage.customKeywords.selectRandomPostCode is PASSED

25-10-2024T15:44:38 - [MESSAGE][PASSED] - keyPathPackage.customKeywords.selectRandomPostCode is PASSED

25-10-2024T15:44:38 - [TEST_STEP][PASSED] - setText(findTestObject("Object Repository/APAC_University/Deakin_University/Field_Postcode"), Postcode): Text '7655' is set on object 'Object Repository/APAC_University/Deakin_University/Field_Postcode'

25-10-2024T15:44:39 - [MESSAGE][PASSED] - Text '7655' is set on object 'Object Repository/APAC_University/Deakin_University/Field_Postcode'

25-10-2024T15:44:39 - [TEST_STEP][PASSED] - setText(findTestObject("Object Repository/APAC_University/Deakin_University/Field_Postcode"), Postcode): Text '7655' is set on object 'Object Repository/APAC_University/Deakin_University/Field_Postcode'

25-10-2024T15:44:39 - [MESSAGE][PASSED] - Text '7655' is set on object 'Object Repository/APAC_University/Deakin_University/Field_Postcode'

25-10-2024T15:44:39 - [TEST_STEP][PASSED] - waitForElementClickable(findTestObject("Object Repository/APAC_University/Deakin_University/Button_Enquiry_Submit"), 10): Object 'Object Repository/APAC_University/Deakin_University/Button_Enquiry_Submit' is clickable

25-10-2024T15:44:40 - [MESSAGE][PASSED] - Object 'Object Repository/APAC_University/Deakin_University/Button_Enquiry_Submit' is clickable

25-10-2024T15:44:40 - [TEST_STEP][PASSED] - click(findTestObject("Object Repository/APAC_University/Deakin_University/Button_Enquiry_Submit")): Object: 'Object Repository/APAC_University/Deakin_University/Button_Enquiry_Submit' is clicked on

25-10-2024T15:44:40 - [MESSAGE][PASSED] - Object: 'Object Repository/APAC_University/Deakin_University/Button_Enquiry_Submit' is clicked on

25-10-2024T15:44:40 - [TEST_STEP][PASSED] - delay(5): Delayed 5 second(s)

25-10-2024T15:44:45 - [MESSAGE][PASSED] - Delayed 5 second(s)

25-10-2024T15:44:45 - [TEST_STEP][PASSED] - verifyElementText(findTestObject("Object Repository/APAC_University/Deakin_University/Verify_Content"), "Thanks - we’ll be in touch soon!"): Actual text and expected text of test object 'Object Repository/APAC_University/Deakin_University/Verify_Content' are matched.

25-10-2024T15:44:45 - [MESSAGE][PASSED] - Actual text and expected text of test object 'Object Repository/APAC_University/Deakin_University/Verify_Content' are matched.

25-10-2024T15:44:45 - [TEST_STEP][PASSED] - closeBrowser(): Browser is closed

25-10-2024T15:44:45 - [MESSAGE][PASSED] - Browser is closed]]></system-out>
         <system-err><![CDATA[]]></system-err>
      </testcase>
      <testcase name="Test Cases/APAC_Universities/SEO_PAGES/University_of_Canberra/Enquiry_Form" time="33.988" classname="Test Cases/APAC_Universities/SEO_PAGES/University_of_Canberra/Enquiry_Form" status="PASSED">
         <system-out><![CDATA[25-10-2024T15:44:45 - [TEST_CASE][PASSED] - Test Cases/APAC_Universities/SEO_PAGES/University_of_Canberra/Enquiry_Form: Test Cases/APAC_Universities/SEO_PAGES/University_of_Canberra/Enquiry_Form

25-10-2024T15:44:45 - [TEST_STEP][PASSED] - callTestCase(findTestCase("Test Cases/APAC_Universities/SEO_PAGES/University_of_Canberra/Resuable_Testcases/Navigate_Url"), [:], STOP_ON_FAILURE): Call Test Case 'Test Cases/APAC_Universities/SEO_PAGES/University_of_Canberra/Resuable_Testcases/Navigate_Url' successfully

25-10-2024T15:44:45 - [TEST_CASE][PASSED] - Test Cases/APAC_Universities/SEO_PAGES/University_of_Canberra/Resuable_Testcases/Navigate_Url: Test Cases/APAC_Universities/SEO_PAGES/University_of_Canberra/Resuable_Testcases/Navigate_Url

25-10-2024T15:44:45 - [TEST_STEP][PASSED] - openBrowser(""): Browser is opened with url: ''

25-10-2024T15:44:45 - [MESSAGE][INFO] - Starting 'Chrome' driver

25-10-2024T15:44:45 - [MESSAGE][INFO] - Action delay is set to 0 milliseconds

25-10-2024T15:44:46 - [MESSAGE][PASSED] - Browser is opened with url: ''

25-10-2024T15:44:46 - [TEST_STEP][PASSED] - navigateToUrl(University_Canberra_URL): Navigate to 'https://key:path@dev-uc-opm.pantheonsite.io/' successfully

25-10-2024T15:45:01 - [MESSAGE][PASSED] - Navigate to 'https://key:path@dev-uc-opm.pantheonsite.io/' successfully

25-10-2024T15:45:01 - [TEST_STEP][PASSED] - maximizeWindow(): Current window maximized

25-10-2024T15:45:02 - [MESSAGE][PASSED] - Current window maximized

25-10-2024T15:45:02 - [MESSAGE][PASSED] - Call Test Case 'Test Cases/APAC_Universities/SEO_PAGES/University_of_Canberra/Resuable_Testcases/Navigate_Url' successfully

25-10-2024T15:45:02 - [TEST_STEP][PASSED] - waitForElementClickable(findTestObject("Object Repository/APAC_University/University_of_Canberra/Button_Enquiry_Now"), 10): Object 'Object Repository/APAC_University/University_of_Canberra/Button_Enquiry_Now' is clickable

25-10-2024T15:45:02 - [MESSAGE][PASSED] - Object 'Object Repository/APAC_University/University_of_Canberra/Button_Enquiry_Now' is clickable

25-10-2024T15:45:02 - [TEST_STEP][PASSED] - click(findTestObject("Object Repository/APAC_University/University_of_Canberra/Button_Enquiry_Now")): Object: 'Object Repository/APAC_University/University_of_Canberra/Button_Enquiry_Now' is clicked on

25-10-2024T15:45:05 - [MESSAGE][PASSED] - Object: 'Object Repository/APAC_University/University_of_Canberra/Button_Enquiry_Now' is clicked on

25-10-2024T15:45:05 - [TEST_STEP][PASSED] - callTestCase(findTestCase("Test Cases/APAC_Universities/SEO_PAGES/University_of_Canberra/Resuable_Testcases/Lead_Form"), [:], STOP_ON_FAILURE): Call Test Case 'Test Cases/APAC_Universities/SEO_PAGES/University_of_Canberra/Resuable_Testcases/Lead_Form' successfully

25-10-2024T15:45:05 - [TEST_CASE][PASSED] - Test Cases/APAC_Universities/SEO_PAGES/University_of_Canberra/Resuable_Testcases/Lead_Form: Test Cases/APAC_Universities/SEO_PAGES/University_of_Canberra/Resuable_Testcases/Lead_Form

25-10-2024T15:45:05 - [TEST_STEP][PASSED] - program = findTestObject("Object Repository/APAC_University/University_of_Canberra/Dropdown_Enquiry_Program"): null

25-10-2024T15:45:05 - [TEST_STEP][PASSED] - selectOptionByIndex(program, keyPathPackage.customKeywords.selectRandomOptionFromDropdown()): All options with index in [2] are selected on object 'Object Repository/APAC_University/University_of_Canberra/Dropdown_Enquiry_Program'

25-10-2024T15:45:05 - [MESSAGE][PASSED] - keyPathPackage.customKeywords.selectRandomOptionFromDropdown is PASSED

25-10-2024T15:45:06 - [MESSAGE][PASSED] - All options with index in [2] are selected on object 'Object Repository/APAC_University/University_of_Canberra/Dropdown_Enquiry_Program'

25-10-2024T15:45:06 - [TEST_STEP][PASSED] - FirstName = keyPathPackage.customKeywords.generateRandomFirstName(): keyPathPackage.customKeywords.generateRandomFirstName is PASSED

25-10-2024T15:45:06 - [MESSAGE][PASSED] - keyPathPackage.customKeywords.generateRandomFirstName is PASSED

25-10-2024T15:45:06 - [TEST_STEP][PASSED] - setText(findTestObject("Object Repository/APAC_University/University_of_Canberra/Field_FirstName"), FirstName): Text 'Lashawnda' is set on object 'Object Repository/APAC_University/University_of_Canberra/Field_FirstName'

25-10-2024T15:45:06 - [MESSAGE][PASSED] - Text 'Lashawnda' is set on object 'Object Repository/APAC_University/University_of_Canberra/Field_FirstName'

25-10-2024T15:45:06 - [TEST_STEP][PASSED] - LastName = keyPathPackage.customKeywords.generateRandomLastName(): keyPathPackage.customKeywords.generateRandomLastName is PASSED

25-10-2024T15:45:06 - [MESSAGE][PASSED] - keyPathPackage.customKeywords.generateRandomLastName is PASSED

25-10-2024T15:45:06 - [TEST_STEP][PASSED] - setText(findTestObject("Object Repository/APAC_University/University_of_Canberra/Field_SecondName"), LastName): Text 'Testing Durgan' is set on object 'Object Repository/APAC_University/University_of_Canberra/Field_SecondName'

25-10-2024T15:45:07 - [MESSAGE][PASSED] - Text 'Testing Durgan' is set on object 'Object Repository/APAC_University/University_of_Canberra/Field_SecondName'

25-10-2024T15:45:07 - [TEST_STEP][PASSED] - waitForElementClickable(findTestObject("Object Repository/APAC_University/University_of_Canberra/Button_Nextstep2"), 10): Object 'Object Repository/APAC_University/University_of_Canberra/Button_Nextstep2' is clickable

25-10-2024T15:45:07 - [MESSAGE][PASSED] - Object 'Object Repository/APAC_University/University_of_Canberra/Button_Nextstep2' is clickable

25-10-2024T15:45:07 - [TEST_STEP][PASSED] - click(findTestObject("Object Repository/APAC_University/University_of_Canberra/Button_Nextstep2")): Object: 'Object Repository/APAC_University/University_of_Canberra/Button_Nextstep2' is clicked on

25-10-2024T15:45:07 - [MESSAGE][PASSED] - Object: 'Object Repository/APAC_University/University_of_Canberra/Button_Nextstep2' is clicked on

25-10-2024T15:45:07 - [TEST_STEP][PASSED] - startdate = findTestObject("Object Repository/APAC_University/University_of_Canberra/Dropdown_Enquiry_StartDate"): null

25-10-2024T15:45:07 - [TEST_STEP][PASSED] - selectOptionByIndex(startdate, keyPathPackage.customKeywords.selectRandomOptionFromDropdown()): All options with index in [1] are selected on object 'Object Repository/APAC_University/University_of_Canberra/Dropdown_Enquiry_StartDate'

25-10-2024T15:45:07 - [MESSAGE][PASSED] - keyPathPackage.customKeywords.selectRandomOptionFromDropdown is PASSED

25-10-2024T15:45:09 - [MESSAGE][PASSED] - All options with index in [1] are selected on object 'Object Repository/APAC_University/University_of_Canberra/Dropdown_Enquiry_StartDate'

25-10-2024T15:45:09 - [TEST_STEP][PASSED] - Enquiryreason = findTestObject("Object Repository/APAC_University/University_of_Canberra/Dropdown_EnquiryReason"): null

25-10-2024T15:45:09 - [TEST_STEP][PASSED] - selectOptionByIndex(Enquiryreason, keyPathPackage.customKeywords.selectRandomOptionFromDropdown()): All options with index in [1] are selected on object 'Object Repository/APAC_University/University_of_Canberra/Dropdown_EnquiryReason'

25-10-2024T15:45:09 - [MESSAGE][PASSED] - keyPathPackage.customKeywords.selectRandomOptionFromDropdown is PASSED

25-10-2024T15:45:10 - [MESSAGE][PASSED] - All options with index in [1] are selected on object 'Object Repository/APAC_University/University_of_Canberra/Dropdown_EnquiryReason'

25-10-2024T15:45:10 - [TEST_STEP][PASSED] - selectOptionByValue(findTestObject("Object Repository/APAC_University/University_of_Canberra/Dropdown_Enquiry_Leveleducation"), Education_Level, false): All options with value 'Postgraduate diploma' are selected in object 'Object Repository/APAC_University/University_of_Canberra/Dropdown_Enquiry_Leveleducation' 

25-10-2024T15:45:10 - [MESSAGE][PASSED] - All options with value 'Postgraduate diploma' are selected in object 'Object Repository/APAC_University/University_of_Canberra/Dropdown_Enquiry_Leveleducation' 

25-10-2024T15:45:10 - [TEST_STEP][PASSED] - Workexperience = findTestObject("Object Repository/APAC_University/University_of_Canberra/Field_Enquiry_Workexperience"): null

25-10-2024T15:45:10 - [TEST_STEP][PASSED] - selectOptionByIndex(Workexperience, keyPathPackage.customKeywords.selectRandomOptionFromDropdown()): All options with index in [1] are selected on object 'Object Repository/APAC_University/University_of_Canberra/Field_Enquiry_Workexperience'

25-10-2024T15:45:10 - [MESSAGE][PASSED] - keyPathPackage.customKeywords.selectRandomOptionFromDropdown is PASSED

25-10-2024T15:45:11 - [MESSAGE][PASSED] - All options with index in [1] are selected on object 'Object Repository/APAC_University/University_of_Canberra/Field_Enquiry_Workexperience'

25-10-2024T15:45:11 - [TEST_STEP][PASSED] - waitForElementClickable(findTestObject("Object Repository/APAC_University/University_of_Canberra/Button_Nextstep3"), 10): Object 'Object Repository/APAC_University/University_of_Canberra/Button_Nextstep3' is clickable

25-10-2024T15:45:11 - [MESSAGE][PASSED] - Object 'Object Repository/APAC_University/University_of_Canberra/Button_Nextstep3' is clickable

25-10-2024T15:45:11 - [TEST_STEP][PASSED] - click(findTestObject("Object Repository/APAC_University/University_of_Canberra/Button_Nextstep3")): Object: 'Object Repository/APAC_University/University_of_Canberra/Button_Nextstep3' is clicked on

25-10-2024T15:45:11 - [MESSAGE][PASSED] - Object: 'Object Repository/APAC_University/University_of_Canberra/Button_Nextstep3' is clicked on

25-10-2024T15:45:11 - [TEST_STEP][PASSED] - Phonenumber = keyPathPackage.customKeywords.generateRandomAustralianPhoneNumber(): keyPathPackage.customKeywords.generateRandomAustralianPhoneNumber is PASSED

25-10-2024T15:45:11 - [MESSAGE][PASSED] - keyPathPackage.customKeywords.generateRandomAustralianPhoneNumber is PASSED

25-10-2024T15:45:11 - [TEST_STEP][PASSED] - setText(findTestObject("Object Repository/APAC_University/University_of_Canberra/Field_Phonenumber"), Phonenumber): Text '0421108530' is set on object 'Object Repository/APAC_University/University_of_Canberra/Field_Phonenumber'

25-10-2024T15:45:12 - [MESSAGE][PASSED] - Text '0421108530' is set on object 'Object Repository/APAC_University/University_of_Canberra/Field_Phonenumber'

25-10-2024T15:45:12 - [TEST_STEP][PASSED] - Email = keyPathPackage.customKeywords.generateRandomEmail(): keyPathPackage.customKeywords.generateRandomEmail is PASSED

25-10-2024T15:45:12 - [MESSAGE][PASSED] - keyPathPackage.customKeywords.generateRandomEmail is PASSED

25-10-2024T15:45:12 - [TEST_STEP][PASSED] - setText(findTestObject("Object Repository/APAC_University/University_of_Canberra/Field_Email"), Email): Text 'kristin.rogahn@yahoo.com' is set on object 'Object Repository/APAC_University/University_of_Canberra/Field_Email'

25-10-2024T15:45:13 - [MESSAGE][PASSED] - Text 'kristin.rogahn@yahoo.com' is set on object 'Object Repository/APAC_University/University_of_Canberra/Field_Email'

25-10-2024T15:45:13 - [TEST_STEP][PASSED] - Postcode = keyPathPackage.customKeywords.selectRandomPostCode(): keyPathPackage.customKeywords.selectRandomPostCode is PASSED

25-10-2024T15:45:13 - [MESSAGE][PASSED] - keyPathPackage.customKeywords.selectRandomPostCode is PASSED

25-10-2024T15:45:13 - [TEST_STEP][PASSED] - setText(findTestObject("Object Repository/APAC_University/University_of_Canberra/Field_Postcode"), Postcode): Text '0985' is set on object 'Object Repository/APAC_University/University_of_Canberra/Field_Postcode'

25-10-2024T15:45:13 - [MESSAGE][PASSED] - Text '0985' is set on object 'Object Repository/APAC_University/University_of_Canberra/Field_Postcode'

25-10-2024T15:45:13 - [TEST_STEP][PASSED] - waitForElementClickable(findTestObject("Object Repository/APAC_University/University_of_Canberra/Button_Submit"), 10): Object 'Object Repository/APAC_University/University_of_Canberra/Button_Submit' is clickable

25-10-2024T15:45:14 - [MESSAGE][PASSED] - Object 'Object Repository/APAC_University/University_of_Canberra/Button_Submit' is clickable

25-10-2024T15:45:14 - [TEST_STEP][PASSED] - click(findTestObject("Object Repository/APAC_University/University_of_Canberra/Button_Submit")): Object: 'Object Repository/APAC_University/University_of_Canberra/Button_Submit' is clicked on

25-10-2024T15:45:14 - [MESSAGE][PASSED] - Object: 'Object Repository/APAC_University/University_of_Canberra/Button_Submit' is clicked on

25-10-2024T15:45:14 - [TEST_STEP][PASSED] - delay(5): Delayed 5 second(s)

25-10-2024T15:45:19 - [MESSAGE][PASSED] - Delayed 5 second(s)

25-10-2024T15:45:19 - [TEST_STEP][PASSED] - verifyElementText(findTestObject("Object Repository/APAC_University/University_of_Canberra/Verify_Content"), "Thank you for your enquiry!"): Actual text and expected text of test object 'Object Repository/APAC_University/University_of_Canberra/Verify_Content' are matched.

25-10-2024T15:45:19 - [MESSAGE][PASSED] - Actual text and expected text of test object 'Object Repository/APAC_University/University_of_Canberra/Verify_Content' are matched.

25-10-2024T15:45:19 - [MESSAGE][PASSED] - Call Test Case 'Test Cases/APAC_Universities/SEO_PAGES/University_of_Canberra/Resuable_Testcases/Lead_Form' successfully]]></system-out>
         <system-err><![CDATA[]]></system-err>
      </testcase>
      <testcase name="Test Cases/APAC_Universities/SEO_PAGES/University_of_Canberra/Main_Page" time="16.867" classname="Test Cases/APAC_Universities/SEO_PAGES/University_of_Canberra/Main_Page" status="PASSED">
         <system-out><![CDATA[25-10-2024T15:45:19 - [TEST_CASE][PASSED] - Test Cases/APAC_Universities/SEO_PAGES/University_of_Canberra/Main_Page: Test Cases/APAC_Universities/SEO_PAGES/University_of_Canberra/Main_Page

25-10-2024T15:45:19 - [TEST_STEP][PASSED] - callTestCase(findTestCase("Test Cases/APAC_Universities/SEO_PAGES/University_of_Canberra/Resuable_Testcases/Navigate_Homepage"), [:], STOP_ON_FAILURE): Call Test Case 'Test Cases/APAC_Universities/SEO_PAGES/University_of_Canberra/Resuable_Testcases/Navigate_Homepage' successfully

25-10-2024T15:45:19 - [TEST_CASE][PASSED] - Test Cases/APAC_Universities/SEO_PAGES/University_of_Canberra/Resuable_Testcases/Navigate_Homepage: Test Cases/APAC_Universities/SEO_PAGES/University_of_Canberra/Resuable_Testcases/Navigate_Homepage

25-10-2024T15:45:19 - [TEST_STEP][PASSED] - waitForElementClickable(findTestObject("Object Repository/APAC_University/University_of_Canberra/Image_Homepage"), 10): Object 'Object Repository/APAC_University/University_of_Canberra/Image_Homepage' is clickable

25-10-2024T15:45:19 - [MESSAGE][PASSED] - Object 'Object Repository/APAC_University/University_of_Canberra/Image_Homepage' is clickable

25-10-2024T15:45:19 - [TEST_STEP][PASSED] - click(findTestObject("Object Repository/APAC_University/University_of_Canberra/Image_Homepage")): Object: 'Object Repository/APAC_University/University_of_Canberra/Image_Homepage' is clicked on

25-10-2024T15:45:21 - [MESSAGE][PASSED] - Object: 'Object Repository/APAC_University/University_of_Canberra/Image_Homepage' is clicked on

25-10-2024T15:45:21 - [MESSAGE][PASSED] - Call Test Case 'Test Cases/APAC_Universities/SEO_PAGES/University_of_Canberra/Resuable_Testcases/Navigate_Homepage' successfully

25-10-2024T15:45:21 - [TEST_STEP][PASSED] - callTestCase(findTestCase("Test Cases/APAC_Universities/SEO_PAGES/University_of_Canberra/Resuable_Testcases/Lead_Form"), [:], STOP_ON_FAILURE): Call Test Case 'Test Cases/APAC_Universities/SEO_PAGES/University_of_Canberra/Resuable_Testcases/Lead_Form' successfully

25-10-2024T15:45:21 - [TEST_CASE][PASSED] - Test Cases/APAC_Universities/SEO_PAGES/University_of_Canberra/Resuable_Testcases/Lead_Form: Test Cases/APAC_Universities/SEO_PAGES/University_of_Canberra/Resuable_Testcases/Lead_Form

25-10-2024T15:45:21 - [TEST_STEP][PASSED] - program = findTestObject("Object Repository/APAC_University/University_of_Canberra/Dropdown_Enquiry_Program"): null

25-10-2024T15:45:21 - [TEST_STEP][PASSED] - selectOptionByIndex(program, keyPathPackage.customKeywords.selectRandomOptionFromDropdown()): All options with index in [1] are selected on object 'Object Repository/APAC_University/University_of_Canberra/Dropdown_Enquiry_Program'

25-10-2024T15:45:21 - [MESSAGE][PASSED] - keyPathPackage.customKeywords.selectRandomOptionFromDropdown is PASSED

25-10-2024T15:45:23 - [MESSAGE][PASSED] - All options with index in [1] are selected on object 'Object Repository/APAC_University/University_of_Canberra/Dropdown_Enquiry_Program'

25-10-2024T15:45:23 - [TEST_STEP][PASSED] - FirstName = keyPathPackage.customKeywords.generateRandomFirstName(): keyPathPackage.customKeywords.generateRandomFirstName is PASSED

25-10-2024T15:45:23 - [MESSAGE][PASSED] - keyPathPackage.customKeywords.generateRandomFirstName is PASSED

25-10-2024T15:45:23 - [TEST_STEP][PASSED] - setText(findTestObject("Object Repository/APAC_University/University_of_Canberra/Field_FirstName"), FirstName): Text 'Ida' is set on object 'Object Repository/APAC_University/University_of_Canberra/Field_FirstName'

25-10-2024T15:45:23 - [MESSAGE][PASSED] - Text 'Ida' is set on object 'Object Repository/APAC_University/University_of_Canberra/Field_FirstName'

25-10-2024T15:45:23 - [TEST_STEP][PASSED] - LastName = keyPathPackage.customKeywords.generateRandomLastName(): keyPathPackage.customKeywords.generateRandomLastName is PASSED

25-10-2024T15:45:23 - [MESSAGE][PASSED] - keyPathPackage.customKeywords.generateRandomLastName is PASSED

25-10-2024T15:45:23 - [TEST_STEP][PASSED] - setText(findTestObject("Object Repository/APAC_University/University_of_Canberra/Field_SecondName"), LastName): Text 'Testing Botsford' is set on object 'Object Repository/APAC_University/University_of_Canberra/Field_SecondName'

25-10-2024T15:45:24 - [MESSAGE][PASSED] - Text 'Testing Botsford' is set on object 'Object Repository/APAC_University/University_of_Canberra/Field_SecondName'

25-10-2024T15:45:24 - [TEST_STEP][PASSED] - waitForElementClickable(findTestObject("Object Repository/APAC_University/University_of_Canberra/Button_Nextstep2"), 10): Object 'Object Repository/APAC_University/University_of_Canberra/Button_Nextstep2' is clickable

25-10-2024T15:45:24 - [MESSAGE][PASSED] - Object 'Object Repository/APAC_University/University_of_Canberra/Button_Nextstep2' is clickable

25-10-2024T15:45:24 - [TEST_STEP][PASSED] - click(findTestObject("Object Repository/APAC_University/University_of_Canberra/Button_Nextstep2")): Object: 'Object Repository/APAC_University/University_of_Canberra/Button_Nextstep2' is clicked on

25-10-2024T15:45:25 - [MESSAGE][PASSED] - Object: 'Object Repository/APAC_University/University_of_Canberra/Button_Nextstep2' is clicked on

25-10-2024T15:45:25 - [TEST_STEP][PASSED] - startdate = findTestObject("Object Repository/APAC_University/University_of_Canberra/Dropdown_Enquiry_StartDate"): null

25-10-2024T15:45:25 - [TEST_STEP][PASSED] - selectOptionByIndex(startdate, keyPathPackage.customKeywords.selectRandomOptionFromDropdown()): All options with index in [2] are selected on object 'Object Repository/APAC_University/University_of_Canberra/Dropdown_Enquiry_StartDate'

25-10-2024T15:45:25 - [MESSAGE][PASSED] - keyPathPackage.customKeywords.selectRandomOptionFromDropdown is PASSED

25-10-2024T15:45:26 - [MESSAGE][PASSED] - All options with index in [2] are selected on object 'Object Repository/APAC_University/University_of_Canberra/Dropdown_Enquiry_StartDate'

25-10-2024T15:45:26 - [TEST_STEP][PASSED] - Enquiryreason = findTestObject("Object Repository/APAC_University/University_of_Canberra/Dropdown_EnquiryReason"): null

25-10-2024T15:45:26 - [TEST_STEP][PASSED] - selectOptionByIndex(Enquiryreason, keyPathPackage.customKeywords.selectRandomOptionFromDropdown()): All options with index in [1] are selected on object 'Object Repository/APAC_University/University_of_Canberra/Dropdown_EnquiryReason'

25-10-2024T15:45:26 - [MESSAGE][PASSED] - keyPathPackage.customKeywords.selectRandomOptionFromDropdown is PASSED

25-10-2024T15:45:26 - [MESSAGE][PASSED] - All options with index in [1] are selected on object 'Object Repository/APAC_University/University_of_Canberra/Dropdown_EnquiryReason'

25-10-2024T15:45:26 - [TEST_STEP][PASSED] - selectOptionByValue(findTestObject("Object Repository/APAC_University/University_of_Canberra/Dropdown_Enquiry_Leveleducation"), Education_Level, false): All options with value 'Postgraduate diploma' are selected in object 'Object Repository/APAC_University/University_of_Canberra/Dropdown_Enquiry_Leveleducation' 

25-10-2024T15:45:27 - [MESSAGE][PASSED] - All options with value 'Postgraduate diploma' are selected in object 'Object Repository/APAC_University/University_of_Canberra/Dropdown_Enquiry_Leveleducation' 

25-10-2024T15:45:27 - [TEST_STEP][PASSED] - Workexperience = findTestObject("Object Repository/APAC_University/University_of_Canberra/Field_Enquiry_Workexperience"): null

25-10-2024T15:45:27 - [TEST_STEP][PASSED] - selectOptionByIndex(Workexperience, keyPathPackage.customKeywords.selectRandomOptionFromDropdown()): All options with index in [2] are selected on object 'Object Repository/APAC_University/University_of_Canberra/Field_Enquiry_Workexperience'

25-10-2024T15:45:27 - [MESSAGE][PASSED] - keyPathPackage.customKeywords.selectRandomOptionFromDropdown is PASSED

25-10-2024T15:45:28 - [MESSAGE][PASSED] - All options with index in [2] are selected on object 'Object Repository/APAC_University/University_of_Canberra/Field_Enquiry_Workexperience'

25-10-2024T15:45:28 - [TEST_STEP][PASSED] - waitForElementClickable(findTestObject("Object Repository/APAC_University/University_of_Canberra/Button_Nextstep3"), 10): Object 'Object Repository/APAC_University/University_of_Canberra/Button_Nextstep3' is clickable

25-10-2024T15:45:28 - [MESSAGE][PASSED] - Object 'Object Repository/APAC_University/University_of_Canberra/Button_Nextstep3' is clickable

25-10-2024T15:45:28 - [TEST_STEP][PASSED] - click(findTestObject("Object Repository/APAC_University/University_of_Canberra/Button_Nextstep3")): Object: 'Object Repository/APAC_University/University_of_Canberra/Button_Nextstep3' is clicked on

25-10-2024T15:45:28 - [MESSAGE][PASSED] - Object: 'Object Repository/APAC_University/University_of_Canberra/Button_Nextstep3' is clicked on

25-10-2024T15:45:28 - [TEST_STEP][PASSED] - Phonenumber = keyPathPackage.customKeywords.generateRandomAustralianPhoneNumber(): keyPathPackage.customKeywords.generateRandomAustralianPhoneNumber is PASSED

25-10-2024T15:45:28 - [MESSAGE][PASSED] - keyPathPackage.customKeywords.generateRandomAustralianPhoneNumber is PASSED

25-10-2024T15:45:28 - [TEST_STEP][PASSED] - setText(findTestObject("Object Repository/APAC_University/University_of_Canberra/Field_Phonenumber"), Phonenumber): Text '0412923913' is set on object 'Object Repository/APAC_University/University_of_Canberra/Field_Phonenumber'

25-10-2024T15:45:29 - [MESSAGE][PASSED] - Text '0412923913' is set on object 'Object Repository/APAC_University/University_of_Canberra/Field_Phonenumber'

25-10-2024T15:45:29 - [TEST_STEP][PASSED] - Email = keyPathPackage.customKeywords.generateRandomEmail(): keyPathPackage.customKeywords.generateRandomEmail is PASSED

25-10-2024T15:45:29 - [MESSAGE][PASSED] - keyPathPackage.customKeywords.generateRandomEmail is PASSED

25-10-2024T15:45:29 - [TEST_STEP][PASSED] - setText(findTestObject("Object Repository/APAC_University/University_of_Canberra/Field_Email"), Email): Text 'cody.howell@gmail.com' is set on object 'Object Repository/APAC_University/University_of_Canberra/Field_Email'

25-10-2024T15:45:30 - [MESSAGE][PASSED] - Text 'cody.howell@gmail.com' is set on object 'Object Repository/APAC_University/University_of_Canberra/Field_Email'

25-10-2024T15:45:30 - [TEST_STEP][PASSED] - Postcode = keyPathPackage.customKeywords.selectRandomPostCode(): keyPathPackage.customKeywords.selectRandomPostCode is PASSED

25-10-2024T15:45:30 - [MESSAGE][PASSED] - keyPathPackage.customKeywords.selectRandomPostCode is PASSED

25-10-2024T15:45:30 - [TEST_STEP][PASSED] - setText(findTestObject("Object Repository/APAC_University/University_of_Canberra/Field_Postcode"), Postcode): Text '6317' is set on object 'Object Repository/APAC_University/University_of_Canberra/Field_Postcode'

25-10-2024T15:45:30 - [MESSAGE][PASSED] - Text '6317' is set on object 'Object Repository/APAC_University/University_of_Canberra/Field_Postcode'

25-10-2024T15:45:30 - [TEST_STEP][PASSED] - waitForElementClickable(findTestObject("Object Repository/APAC_University/University_of_Canberra/Button_Submit"), 10): Object 'Object Repository/APAC_University/University_of_Canberra/Button_Submit' is clickable

25-10-2024T15:45:30 - [MESSAGE][PASSED] - Object 'Object Repository/APAC_University/University_of_Canberra/Button_Submit' is clickable

25-10-2024T15:45:30 - [TEST_STEP][PASSED] - click(findTestObject("Object Repository/APAC_University/University_of_Canberra/Button_Submit")): Object: 'Object Repository/APAC_University/University_of_Canberra/Button_Submit' is clicked on

25-10-2024T15:45:31 - [MESSAGE][PASSED] - Object: 'Object Repository/APAC_University/University_of_Canberra/Button_Submit' is clicked on

25-10-2024T15:45:31 - [TEST_STEP][PASSED] - delay(5): Delayed 5 second(s)

25-10-2024T15:45:36 - [MESSAGE][PASSED] - Delayed 5 second(s)

25-10-2024T15:45:36 - [TEST_STEP][PASSED] - verifyElementText(findTestObject("Object Repository/APAC_University/University_of_Canberra/Verify_Content"), "Thank you for your enquiry!"): Actual text and expected text of test object 'Object Repository/APAC_University/University_of_Canberra/Verify_Content' are matched.

25-10-2024T15:45:36 - [MESSAGE][PASSED] - Actual text and expected text of test object 'Object Repository/APAC_University/University_of_Canberra/Verify_Content' are matched.

25-10-2024T15:45:36 - [MESSAGE][PASSED] - Call Test Case 'Test Cases/APAC_Universities/SEO_PAGES/University_of_Canberra/Resuable_Testcases/Lead_Form' successfully

25-10-2024T15:45:36 - [TEST_STEP][PASSED] - closeBrowser(): Browser is closed

25-10-2024T15:45:36 - [MESSAGE][PASSED] - Browser is closed]]></system-out>
         <system-err><![CDATA[]]></system-err>
      </testcase>
      <testcase name="Test Cases/APAC_Universities/SEO_PAGES/Victorian_University/Main_Page" time="25.701" classname="Test Cases/APAC_Universities/SEO_PAGES/Victorian_University/Main_Page" status="PASSED">
         <system-out><![CDATA[25-10-2024T15:45:36 - [TEST_CASE][PASSED] - Test Cases/APAC_Universities/SEO_PAGES/Victorian_University/Main_Page: Test Cases/APAC_Universities/SEO_PAGES/Victorian_University/Main_Page

25-10-2024T15:45:36 - [TEST_STEP][PASSED] - callTestCase(findTestCase("Test Cases/APAC_Universities/SEO_PAGES/Victorian_University/Reusuable_Testcases/Navigate_URL"), [:], STOP_ON_FAILURE): Call Test Case 'Test Cases/APAC_Universities/SEO_PAGES/Victorian_University/Reusuable_Testcases/Navigate_URL' successfully

25-10-2024T15:45:36 - [TEST_CASE][PASSED] - Test Cases/APAC_Universities/SEO_PAGES/Victorian_University/Reusuable_Testcases/Navigate_URL: Test Cases/APAC_Universities/SEO_PAGES/Victorian_University/Reusuable_Testcases/Navigate_URL

25-10-2024T15:45:36 - [TEST_STEP][PASSED] - openBrowser(""): Browser is opened with url: ''

25-10-2024T15:45:36 - [MESSAGE][INFO] - Starting 'Chrome' driver

25-10-2024T15:45:36 - [MESSAGE][INFO] - Action delay is set to 0 milliseconds

25-10-2024T15:45:37 - [MESSAGE][PASSED] - Browser is opened with url: ''

25-10-2024T15:45:37 - [TEST_STEP][PASSED] - navigateToUrl(University_VC): Navigate to 'https://key:path@test-vu-opm.pantheonsite.io' successfully

25-10-2024T15:45:49 - [MESSAGE][PASSED] - Navigate to 'https://key:path@test-vu-opm.pantheonsite.io' successfully

25-10-2024T15:45:49 - [TEST_STEP][PASSED] - maximizeWindow(): Current window maximized

25-10-2024T15:45:53 - [MESSAGE][PASSED] - Current window maximized

25-10-2024T15:45:53 - [MESSAGE][PASSED] - Call Test Case 'Test Cases/APAC_Universities/SEO_PAGES/Victorian_University/Reusuable_Testcases/Navigate_URL' successfully

25-10-2024T15:45:53 - [TEST_STEP][PASSED] - callTestCase(findTestCase("Test Cases/APAC_Universities/SEO_PAGES/Victorian_University/Reusuable_Testcases/Lead_Form"), [:], STOP_ON_FAILURE): Call Test Case 'Test Cases/APAC_Universities/SEO_PAGES/Victorian_University/Reusuable_Testcases/Lead_Form' successfully

25-10-2024T15:45:53 - [TEST_CASE][PASSED] - Test Cases/APAC_Universities/SEO_PAGES/Victorian_University/Reusuable_Testcases/Lead_Form: Test Cases/APAC_Universities/SEO_PAGES/Victorian_University/Reusuable_Testcases/Lead_Form

25-10-2024T15:45:53 - [TEST_STEP][PASSED] - program = findTestObject("Object Repository/APAC_University/Victoria_University/Dropdown_Program"): null

25-10-2024T15:45:53 - [TEST_STEP][PASSED] - selectOptionByIndex(program, keyPathPackage.customKeywords.selectRandomOptionFromDropdown()): All options with index in [1] are selected on object 'Object Repository/APAC_University/Victoria_University/Dropdown_Program'

25-10-2024T15:45:53 - [MESSAGE][PASSED] - keyPathPackage.customKeywords.selectRandomOptionFromDropdown is PASSED

25-10-2024T15:45:56 - [MESSAGE][PASSED] - All options with index in [1] are selected on object 'Object Repository/APAC_University/Victoria_University/Dropdown_Program'

25-10-2024T15:45:56 - [TEST_STEP][PASSED] - FirstName = keyPathPackage.customKeywords.generateRandomFirstName(): keyPathPackage.customKeywords.generateRandomFirstName is PASSED

25-10-2024T15:45:56 - [MESSAGE][PASSED] - keyPathPackage.customKeywords.generateRandomFirstName is PASSED

25-10-2024T15:45:56 - [TEST_STEP][PASSED] - setText(findTestObject("Object Repository/APAC_University/Victoria_University/Field_Firstname"), FirstName): Text 'Courtney' is set on object 'Object Repository/APAC_University/Victoria_University/Field_Firstname'

25-10-2024T15:45:57 - [MESSAGE][PASSED] - Text 'Courtney' is set on object 'Object Repository/APAC_University/Victoria_University/Field_Firstname'

25-10-2024T15:45:57 - [TEST_STEP][PASSED] - LastName = keyPathPackage.customKeywords.generateRandomLastName(): keyPathPackage.customKeywords.generateRandomLastName is PASSED

25-10-2024T15:45:57 - [MESSAGE][PASSED] - keyPathPackage.customKeywords.generateRandomLastName is PASSED

25-10-2024T15:45:57 - [TEST_STEP][PASSED] - setText(findTestObject("Object Repository/APAC_University/Victoria_University/Field_Lastname"), LastName): Text 'Testing Doyle' is set on object 'Object Repository/APAC_University/Victoria_University/Field_Lastname'

25-10-2024T15:45:58 - [MESSAGE][PASSED] - Text 'Testing Doyle' is set on object 'Object Repository/APAC_University/Victoria_University/Field_Lastname'

25-10-2024T15:45:58 - [TEST_STEP][PASSED] - dropdown = findTestObject("Object Repository/APAC_University/Victoria_University/Dropdown_Citizen_Qualify"): null

25-10-2024T15:45:58 - [TEST_STEP][PASSED] - options = ["yes", "no"]: null

25-10-2024T15:45:58 - [TEST_STEP][PASSED] - randomOption = options[Random().nextInt(length)]: null

25-10-2024T15:45:58 - [TEST_STEP][PASSED] - selectOptionByValue(dropdown, randomOption, true): All options with value 'no' are selected in object 'Object Repository/APAC_University/Victoria_University/Dropdown_Citizen_Qualify'  using regular expression

25-10-2024T15:45:58 - [MESSAGE][PASSED] - All options with value 'no' are selected in object 'Object Repository/APAC_University/Victoria_University/Dropdown_Citizen_Qualify'  using regular expression

25-10-2024T15:45:58 - [TEST_STEP][PASSED] - if (randomOption.equals("no")): Browser is closed

25-10-2024T15:45:58 - [TEST_STEP][PASSED] - delay(3): Delayed 3 second(s)

25-10-2024T15:46:01 - [MESSAGE][PASSED] - Delayed 3 second(s)

25-10-2024T15:46:01 - [TEST_STEP][PASSED] - verifyElementText(findTestObject("Object Repository/APAC_University/Victoria_University/Verify_Popup_Message"), "This course is available to Australian citizens and permanent residents only."): Actual text and expected text of test object 'Object Repository/APAC_University/Victoria_University/Verify_Popup_Message' are matched.

25-10-2024T15:46:02 - [MESSAGE][PASSED] - Actual text and expected text of test object 'Object Repository/APAC_University/Victoria_University/Verify_Popup_Message' are matched.

25-10-2024T15:46:02 - [TEST_STEP][PASSED] - closeBrowser(): Browser is closed

25-10-2024T15:46:02 - [MESSAGE][PASSED] - Browser is closed

25-10-2024T15:46:02 - [MESSAGE][PASSED] - Call Test Case 'Test Cases/APAC_Universities/SEO_PAGES/Victorian_University/Reusuable_Testcases/Lead_Form' successfully]]></system-out>
         <system-err><![CDATA[]]></system-err>
      </testcase>
      <testcase name="Test Cases/APAC_Universities/SEO_PAGES/Victorian_University/Enquiry_Form" time="16.473" classname="Test Cases/APAC_Universities/SEO_PAGES/Victorian_University/Enquiry_Form" status="PASSED">
         <system-out><![CDATA[25-10-2024T15:46:02 - [TEST_CASE][PASSED] - Test Cases/APAC_Universities/SEO_PAGES/Victorian_University/Enquiry_Form: Test Cases/APAC_Universities/SEO_PAGES/Victorian_University/Enquiry_Form

25-10-2024T15:46:02 - [TEST_STEP][PASSED] - callTestCase(findTestCase("Test Cases/APAC_Universities/SEO_PAGES/Victorian_University/Reusuable_Testcases/Navigate_URL"), [:], STOP_ON_FAILURE): Call Test Case 'Test Cases/APAC_Universities/SEO_PAGES/Victorian_University/Reusuable_Testcases/Navigate_URL' successfully

25-10-2024T15:46:02 - [TEST_CASE][PASSED] - Test Cases/APAC_Universities/SEO_PAGES/Victorian_University/Reusuable_Testcases/Navigate_URL: Test Cases/APAC_Universities/SEO_PAGES/Victorian_University/Reusuable_Testcases/Navigate_URL

25-10-2024T15:46:02 - [TEST_STEP][PASSED] - openBrowser(""): Browser is opened with url: ''

25-10-2024T15:46:02 - [MESSAGE][INFO] - Starting 'Chrome' driver

25-10-2024T15:46:02 - [MESSAGE][INFO] - Action delay is set to 0 milliseconds

25-10-2024T15:46:02 - [MESSAGE][PASSED] - Browser is opened with url: ''

25-10-2024T15:46:02 - [TEST_STEP][PASSED] - navigateToUrl(University_VC): Navigate to 'https://key:path@test-vu-opm.pantheonsite.io' successfully

25-10-2024T15:46:04 - [MESSAGE][PASSED] - Navigate to 'https://key:path@test-vu-opm.pantheonsite.io' successfully

25-10-2024T15:46:04 - [TEST_STEP][PASSED] - maximizeWindow(): Current window maximized

25-10-2024T15:46:06 - [MESSAGE][PASSED] - Current window maximized

25-10-2024T15:46:06 - [MESSAGE][PASSED] - Call Test Case 'Test Cases/APAC_Universities/SEO_PAGES/Victorian_University/Reusuable_Testcases/Navigate_URL' successfully

25-10-2024T15:46:06 - [TEST_STEP][PASSED] - callTestCase(findTestCase("Test Cases/APAC_Universities/SEO_PAGES/Victorian_University/Reusuable_Testcases/Navigate_HomePage"), [:], STOP_ON_FAILURE): Call Test Case 'Test Cases/APAC_Universities/SEO_PAGES/Victorian_University/Reusuable_Testcases/Navigate_HomePage' successfully

25-10-2024T15:46:06 - [TEST_CASE][PASSED] - Test Cases/APAC_Universities/SEO_PAGES/Victorian_University/Reusuable_Testcases/Navigate_HomePage: Test Cases/APAC_Universities/SEO_PAGES/Victorian_University/Reusuable_Testcases/Navigate_HomePage

25-10-2024T15:46:06 - [TEST_STEP][PASSED] - waitForElementClickable(findTestObject("Object Repository/APAC_University/Victoria_University/Image_Homepage"), 10): Object 'Object Repository/APAC_University/Victoria_University/Image_Homepage' is clickable

25-10-2024T15:46:06 - [MESSAGE][PASSED] - Object 'Object Repository/APAC_University/Victoria_University/Image_Homepage' is clickable

25-10-2024T15:46:06 - [TEST_STEP][PASSED] - click(findTestObject("Object Repository/APAC_University/Victoria_University/Image_Homepage")): Object: 'Object Repository/APAC_University/Victoria_University/Image_Homepage' is clicked on

25-10-2024T15:46:09 - [MESSAGE][PASSED] - Object: 'Object Repository/APAC_University/Victoria_University/Image_Homepage' is clicked on

25-10-2024T15:46:09 - [MESSAGE][PASSED] - Call Test Case 'Test Cases/APAC_Universities/SEO_PAGES/Victorian_University/Reusuable_Testcases/Navigate_HomePage' successfully

25-10-2024T15:46:09 - [TEST_STEP][PASSED] - waitForElementClickable(findTestObject("Object Repository/APAC_University/Victoria_University/Button_Enquiry_Now"), 10): Object 'Object Repository/APAC_University/Victoria_University/Button_Enquiry_Now' is clickable

25-10-2024T15:46:11 - [MESSAGE][PASSED] - Object 'Object Repository/APAC_University/Victoria_University/Button_Enquiry_Now' is clickable

25-10-2024T15:46:11 - [TEST_STEP][PASSED] - click(findTestObject("Object Repository/APAC_University/Victoria_University/Button_Enquiry_Now")): Object: 'Object Repository/APAC_University/Victoria_University/Button_Enquiry_Now' is clicked on

25-10-2024T15:46:11 - [MESSAGE][PASSED] - Object: 'Object Repository/APAC_University/Victoria_University/Button_Enquiry_Now' is clicked on

25-10-2024T15:46:11 - [TEST_STEP][PASSED] - program = findTestObject("Object Repository/APAC_University/Victoria_University/Dropdown_Program"): null

25-10-2024T15:46:11 - [TEST_STEP][PASSED] - selectOptionByIndex(program, keyPathPackage.customKeywords.selectRandomOptionFromDropdown()): All options with index in [2] are selected on object 'Object Repository/APAC_University/Victoria_University/Dropdown_Program'

25-10-2024T15:46:11 - [MESSAGE][PASSED] - keyPathPackage.customKeywords.selectRandomOptionFromDropdown is PASSED

25-10-2024T15:46:14 - [MESSAGE][PASSED] - All options with index in [2] are selected on object 'Object Repository/APAC_University/Victoria_University/Dropdown_Program'

25-10-2024T15:46:14 - [TEST_STEP][PASSED] - dropdown = findTestObject("Object Repository/APAC_University/Victoria_University/Dropdown_Citizen_Qualify"): null

25-10-2024T15:46:14 - [TEST_STEP][PASSED] - options = ["yes", "no"]: null

25-10-2024T15:46:14 - [TEST_STEP][PASSED] - randomOption = options[Random().nextInt(length)]: null

25-10-2024T15:46:14 - [TEST_STEP][PASSED] - selectOptionByValue(dropdown, randomOption, true): All options with value 'no' are selected in object 'Object Repository/APAC_University/Victoria_University/Dropdown_Citizen_Qualify'  using regular expression

25-10-2024T15:46:15 - [MESSAGE][PASSED] - All options with value 'no' are selected in object 'Object Repository/APAC_University/Victoria_University/Dropdown_Citizen_Qualify'  using regular expression

25-10-2024T15:46:15 - [TEST_STEP][PASSED] - if (randomOption.equals("no")): Browser is closed

25-10-2024T15:46:15 - [TEST_STEP][PASSED] - delay(3): Delayed 3 second(s)

25-10-2024T15:46:18 - [MESSAGE][PASSED] - Delayed 3 second(s)

25-10-2024T15:46:18 - [TEST_STEP][PASSED] - verifyElementText(findTestObject("Object Repository/APAC_University/Victoria_University/Verify_Popup_Message"), "This course is available to Australian citizens and permanent residents only."): Actual text and expected text of test object 'Object Repository/APAC_University/Victoria_University/Verify_Popup_Message' are matched.

25-10-2024T15:46:18 - [MESSAGE][PASSED] - Actual text and expected text of test object 'Object Repository/APAC_University/Victoria_University/Verify_Popup_Message' are matched.

25-10-2024T15:46:18 - [TEST_STEP][PASSED] - closeBrowser(): Browser is closed

25-10-2024T15:46:18 - [MESSAGE][PASSED] - Browser is closed]]></system-out>
         <system-err><![CDATA[]]></system-err>
      </testcase>
      <testcase name="Test Cases/APAC_Universities/SEO_PAGES/UTS_University/Enquiry_Now" time="21.564" classname="Test Cases/APAC_Universities/SEO_PAGES/UTS_University/Enquiry_Now" status="PASSED">
         <system-out><![CDATA[25-10-2024T15:46:18 - [TEST_CASE][PASSED] - Test Cases/APAC_Universities/SEO_PAGES/UTS_University/Enquiry_Now: Test Cases/APAC_Universities/SEO_PAGES/UTS_University/Enquiry_Now

25-10-2024T15:46:18 - [TEST_STEP][PASSED] - callTestCase(findTestCase("Test Cases/APAC_Universities/SEO_PAGES/UTS_University/Resuable_Testcases/Navigate_URL"), [:], STOP_ON_FAILURE): Call Test Case 'Test Cases/APAC_Universities/SEO_PAGES/UTS_University/Resuable_Testcases/Navigate_URL' successfully

25-10-2024T15:46:18 - [TEST_CASE][PASSED] - Test Cases/APAC_Universities/SEO_PAGES/UTS_University/Resuable_Testcases/Navigate_URL: Test Cases/APAC_Universities/SEO_PAGES/UTS_University/Resuable_Testcases/Navigate_URL

25-10-2024T15:46:18 - [TEST_STEP][PASSED] - openBrowser(""): Browser is opened with url: ''

25-10-2024T15:46:18 - [MESSAGE][INFO] - Starting 'Chrome' driver

25-10-2024T15:46:18 - [MESSAGE][INFO] - Action delay is set to 0 milliseconds

25-10-2024T15:46:19 - [MESSAGE][PASSED] - Browser is opened with url: ''

25-10-2024T15:46:19 - [TEST_STEP][PASSED] - navigateToUrl(University_UTS): Navigate to 'https://key:path@dev-uts-opm.pantheonsite.io/' successfully

25-10-2024T15:46:22 - [MESSAGE][PASSED] - Navigate to 'https://key:path@dev-uts-opm.pantheonsite.io/' successfully

25-10-2024T15:46:22 - [TEST_STEP][PASSED] - maximizeWindow(): Current window maximized

25-10-2024T15:46:22 - [MESSAGE][PASSED] - Current window maximized

25-10-2024T15:46:22 - [MESSAGE][PASSED] - Call Test Case 'Test Cases/APAC_Universities/SEO_PAGES/UTS_University/Resuable_Testcases/Navigate_URL' successfully

25-10-2024T15:46:22 - [TEST_STEP][PASSED] - waitForElementClickable(findTestObject("Object Repository/APAC_University/UTS_University/Button_Enquiry_Now"), 10): Object 'Object Repository/APAC_University/UTS_University/Button_Enquiry_Now' is clickable

25-10-2024T15:46:23 - [MESSAGE][PASSED] - Object 'Object Repository/APAC_University/UTS_University/Button_Enquiry_Now' is clickable

25-10-2024T15:46:23 - [TEST_STEP][PASSED] - click(findTestObject("Object Repository/APAC_University/UTS_University/Button_Enquiry_Now")): Object: 'Object Repository/APAC_University/UTS_University/Button_Enquiry_Now' is clicked on

25-10-2024T15:46:25 - [MESSAGE][PASSED] - Object: 'Object Repository/APAC_University/UTS_University/Button_Enquiry_Now' is clicked on

25-10-2024T15:46:25 - [TEST_STEP][PASSED] - callTestCase(findTestCase("Test Cases/APAC_Universities/SEO_PAGES/UTS_University/Resuable_Testcases/Lead_Form"), [:], STOP_ON_FAILURE): Call Test Case 'Test Cases/APAC_Universities/SEO_PAGES/UTS_University/Resuable_Testcases/Lead_Form' successfully

25-10-2024T15:46:25 - [TEST_CASE][PASSED] - Test Cases/APAC_Universities/SEO_PAGES/UTS_University/Resuable_Testcases/Lead_Form: Test Cases/APAC_Universities/SEO_PAGES/UTS_University/Resuable_Testcases/Lead_Form

25-10-2024T15:46:25 - [TEST_STEP][PASSED] - program = findTestObject("Object Repository/APAC_University/UTS_University/Dropdown_Program"): null

25-10-2024T15:46:25 - [TEST_STEP][PASSED] - selectOptionByIndex(program, keyPathPackage.customKeywords.selectRandomOptionFromDropdown()): All options with index in [2] are selected on object 'Object Repository/APAC_University/UTS_University/Dropdown_Program'

25-10-2024T15:46:25 - [MESSAGE][PASSED] - keyPathPackage.customKeywords.selectRandomOptionFromDropdown is PASSED

25-10-2024T15:46:26 - [MESSAGE][PASSED] - All options with index in [2] are selected on object 'Object Repository/APAC_University/UTS_University/Dropdown_Program'

25-10-2024T15:46:26 - [TEST_STEP][PASSED] - FirstName = keyPathPackage.customKeywords.generateRandomFirstName(): keyPathPackage.customKeywords.generateRandomFirstName is PASSED

25-10-2024T15:46:26 - [MESSAGE][PASSED] - keyPathPackage.customKeywords.generateRandomFirstName is PASSED

25-10-2024T15:46:26 - [TEST_STEP][PASSED] - setText(findTestObject("Object Repository/APAC_University/UTS_University/Field_Firstname"), FirstName): Text 'Leif' is set on object 'Object Repository/APAC_University/UTS_University/Field_Firstname'

25-10-2024T15:46:27 - [MESSAGE][PASSED] - Text 'Leif' is set on object 'Object Repository/APAC_University/UTS_University/Field_Firstname'

25-10-2024T15:46:27 - [TEST_STEP][PASSED] - LastName = keyPathPackage.customKeywords.generateRandomLastName(): keyPathPackage.customKeywords.generateRandomLastName is PASSED

25-10-2024T15:46:27 - [MESSAGE][PASSED] - keyPathPackage.customKeywords.generateRandomLastName is PASSED

25-10-2024T15:46:27 - [TEST_STEP][PASSED] - setText(findTestObject("Object Repository/APAC_University/UTS_University/Field_Lastname"), LastName): Text 'Testing Gorczany' is set on object 'Object Repository/APAC_University/UTS_University/Field_Lastname'

25-10-2024T15:46:27 - [MESSAGE][PASSED] - Text 'Testing Gorczany' is set on object 'Object Repository/APAC_University/UTS_University/Field_Lastname'

25-10-2024T15:46:27 - [TEST_STEP][PASSED] - selectOptionByLabel(findTestObject("Object Repository/APAC_University/UTS_University/Dropdown_Registered_Nurse"), "Yes", false): All options with label 'Yes' are selected in object 'Object Repository/APAC_University/UTS_University/Dropdown_Registered_Nurse' 

25-10-2024T15:46:28 - [MESSAGE][PASSED] - All options with label 'Yes' are selected in object 'Object Repository/APAC_University/UTS_University/Dropdown_Registered_Nurse' 

25-10-2024T15:46:28 - [TEST_STEP][PASSED] - waitForElementClickable(findTestObject("Object Repository/APAC_University/UTS_University/Button_Nextstep1"), 10): Object 'Object Repository/APAC_University/UTS_University/Button_Nextstep1' is clickable

25-10-2024T15:46:28 - [MESSAGE][PASSED] - Object 'Object Repository/APAC_University/UTS_University/Button_Nextstep1' is clickable

25-10-2024T15:46:28 - [TEST_STEP][PASSED] - click(findTestObject("Object Repository/APAC_University/UTS_University/Button_Nextstep1")): Object: 'Object Repository/APAC_University/UTS_University/Button_Nextstep1' is clicked on

25-10-2024T15:46:28 - [MESSAGE][PASSED] - Object: 'Object Repository/APAC_University/UTS_University/Button_Nextstep1' is clicked on

25-10-2024T15:46:28 - [TEST_STEP][PASSED] - startdate = findTestObject("Object Repository/APAC_University/UTS_University/Dropdown_Startdate"): null

25-10-2024T15:46:28 - [TEST_STEP][PASSED] - selectOptionByIndex(startdate, keyPathPackage.customKeywords.selectRandomOptionFromDropdown()): All options with index in [1] are selected on object 'Object Repository/APAC_University/UTS_University/Dropdown_Startdate'

25-10-2024T15:46:28 - [MESSAGE][PASSED] - keyPathPackage.customKeywords.selectRandomOptionFromDropdown is PASSED

25-10-2024T15:46:29 - [MESSAGE][PASSED] - All options with index in [1] are selected on object 'Object Repository/APAC_University/UTS_University/Dropdown_Startdate'

25-10-2024T15:46:29 - [TEST_STEP][PASSED] - selectOptionByValue(findTestObject("Object Repository/APAC_University/UTS_University/Dropdown_Highereducation"), Education_Level, false): All options with value 'Postgraduate diploma' are selected in object 'Object Repository/APAC_University/UTS_University/Dropdown_Highereducation' 

25-10-2024T15:46:30 - [MESSAGE][PASSED] - All options with value 'Postgraduate diploma' are selected in object 'Object Repository/APAC_University/UTS_University/Dropdown_Highereducation' 

25-10-2024T15:46:30 - [TEST_STEP][PASSED] - Workexperience = findTestObject("Object Repository/APAC_University/UTS_University/Dropdown_Workexperience"): null

25-10-2024T15:46:30 - [TEST_STEP][PASSED] - selectOptionByIndex(Workexperience, keyPathPackage.customKeywords.selectRandomOptionFromDropdown()): All options with index in [2] are selected on object 'Object Repository/APAC_University/UTS_University/Dropdown_Workexperience'

25-10-2024T15:46:30 - [MESSAGE][PASSED] - keyPathPackage.customKeywords.selectRandomOptionFromDropdown is PASSED

25-10-2024T15:46:30 - [MESSAGE][PASSED] - All options with index in [2] are selected on object 'Object Repository/APAC_University/UTS_University/Dropdown_Workexperience'

25-10-2024T15:46:30 - [TEST_STEP][PASSED] - Enquiryreason = findTestObject("Object Repository/APAC_University/UTS_University/Dropdown_Enquiry"): null

25-10-2024T15:46:30 - [TEST_STEP][PASSED] - selectOptionByIndex(Enquiryreason, keyPathPackage.customKeywords.selectRandomOptionFromDropdown()): All options with index in [1] are selected on object 'Object Repository/APAC_University/UTS_University/Dropdown_Enquiry'

25-10-2024T15:46:30 - [MESSAGE][PASSED] - keyPathPackage.customKeywords.selectRandomOptionFromDropdown is PASSED

25-10-2024T15:46:31 - [MESSAGE][PASSED] - All options with index in [1] are selected on object 'Object Repository/APAC_University/UTS_University/Dropdown_Enquiry'

25-10-2024T15:46:31 - [TEST_STEP][PASSED] - selectOptionByLabel(findTestObject("Object Repository/APAC_University/UTS_University/Dropdown_Country"), "Australia", false): All options with label 'Australia' are selected in object 'Object Repository/APAC_University/UTS_University/Dropdown_Country' 

25-10-2024T15:46:31 - [MESSAGE][PASSED] - All options with label 'Australia' are selected in object 'Object Repository/APAC_University/UTS_University/Dropdown_Country' 

25-10-2024T15:46:31 - [TEST_STEP][PASSED] - waitForElementClickable(findTestObject("Object Repository/APAC_University/UTS_University/Button_NextStep2"), 10): Object 'Object Repository/APAC_University/UTS_University/Button_NextStep2' is clickable

25-10-2024T15:46:32 - [MESSAGE][PASSED] - Object 'Object Repository/APAC_University/UTS_University/Button_NextStep2' is clickable

25-10-2024T15:46:32 - [TEST_STEP][PASSED] - click(findTestObject("Object Repository/APAC_University/UTS_University/Button_NextStep2")): Object: 'Object Repository/APAC_University/UTS_University/Button_NextStep2' is clicked on

25-10-2024T15:46:32 - [MESSAGE][PASSED] - Object: 'Object Repository/APAC_University/UTS_University/Button_NextStep2' is clicked on

25-10-2024T15:46:32 - [TEST_STEP][PASSED] - Phonenumber = keyPathPackage.customKeywords.generateRandomAustralianPhoneNumber(): keyPathPackage.customKeywords.generateRandomAustralianPhoneNumber is PASSED

25-10-2024T15:46:32 - [MESSAGE][PASSED] - keyPathPackage.customKeywords.generateRandomAustralianPhoneNumber is PASSED

25-10-2024T15:46:32 - [TEST_STEP][PASSED] - setText(findTestObject("Object Repository/APAC_University/UTS_University/Field_Phonenumber"), Phonenumber): Text '0452840272' is set on object 'Object Repository/APAC_University/UTS_University/Field_Phonenumber'

25-10-2024T15:46:33 - [MESSAGE][PASSED] - Text '0452840272' is set on object 'Object Repository/APAC_University/UTS_University/Field_Phonenumber'

25-10-2024T15:46:33 - [TEST_STEP][PASSED] - Email = keyPathPackage.customKeywords.generateRandomEmail(): keyPathPackage.customKeywords.generateRandomEmail is PASSED

25-10-2024T15:46:33 - [MESSAGE][PASSED] - keyPathPackage.customKeywords.generateRandomEmail is PASSED

25-10-2024T15:46:33 - [TEST_STEP][PASSED] - setText(findTestObject("Object Repository/APAC_University/UTS_University/Field_Email"), Email): Text 'rosalyn.oconner@hotmail.com' is set on object 'Object Repository/APAC_University/UTS_University/Field_Email'

25-10-2024T15:46:33 - [MESSAGE][PASSED] - Text 'rosalyn.oconner@hotmail.com' is set on object 'Object Repository/APAC_University/UTS_University/Field_Email'

25-10-2024T15:46:33 - [TEST_STEP][PASSED] - Postcode = keyPathPackage.customKeywords.selectRandomPostCode(): keyPathPackage.customKeywords.selectRandomPostCode is PASSED

25-10-2024T15:46:33 - [MESSAGE][PASSED] - keyPathPackage.customKeywords.selectRandomPostCode is PASSED

25-10-2024T15:46:33 - [TEST_STEP][PASSED] - setText(findTestObject("Object Repository/APAC_University/UTS_University/Field_Postcode"), Postcode): Text '7429' is set on object 'Object Repository/APAC_University/UTS_University/Field_Postcode'

25-10-2024T15:46:34 - [MESSAGE][PASSED] - Text '7429' is set on object 'Object Repository/APAC_University/UTS_University/Field_Postcode'

25-10-2024T15:46:34 - [TEST_STEP][PASSED] - waitForElementClickable(findTestObject("Object Repository/APAC_University/UTS_University/Button_Request_a_Call"), 10): Object 'Object Repository/APAC_University/UTS_University/Button_Request_a_Call' is clickable

25-10-2024T15:46:34 - [MESSAGE][PASSED] - Object 'Object Repository/APAC_University/UTS_University/Button_Request_a_Call' is clickable

25-10-2024T15:46:34 - [TEST_STEP][PASSED] - click(findTestObject("Object Repository/APAC_University/UTS_University/Button_Request_a_Call")): Object: 'Object Repository/APAC_University/UTS_University/Button_Request_a_Call' is clicked on

25-10-2024T15:46:34 - [MESSAGE][PASSED] - Object: 'Object Repository/APAC_University/UTS_University/Button_Request_a_Call' is clicked on

25-10-2024T15:46:34 - [TEST_STEP][PASSED] - delay(5): Delayed 5 second(s)

25-10-2024T15:46:39 - [MESSAGE][PASSED] - Delayed 5 second(s)

25-10-2024T15:46:40 - [TEST_STEP][PASSED] - verifyElementText(findTestObject("Object Repository/APAC_University/UTS_University/Verify_Welcome_Message"), "Thank you for your enquiry"): Actual text and expected text of test object 'Object Repository/APAC_University/UTS_University/Verify_Welcome_Message' are matched.

25-10-2024T15:46:40 - [MESSAGE][PASSED] - Actual text and expected text of test object 'Object Repository/APAC_University/UTS_University/Verify_Welcome_Message' are matched.

25-10-2024T15:46:40 - [MESSAGE][PASSED] - Call Test Case 'Test Cases/APAC_Universities/SEO_PAGES/UTS_University/Resuable_Testcases/Lead_Form' successfully]]></system-out>
         <system-err><![CDATA[]]></system-err>
      </testcase>
      <testcase name="Test Cases/APAC_Universities/SEO_PAGES/UTS_University/Main_Page" time="17.101" classname="Test Cases/APAC_Universities/SEO_PAGES/UTS_University/Main_Page" status="PASSED">
         <system-out><![CDATA[25-10-2024T15:46:40 - [TEST_CASE][PASSED] - Test Cases/APAC_Universities/SEO_PAGES/UTS_University/Main_Page: Test Cases/APAC_Universities/SEO_PAGES/UTS_University/Main_Page

25-10-2024T15:46:40 - [TEST_STEP][PASSED] - callTestCase(findTestCase("Test Cases/APAC_Universities/SEO_PAGES/UTS_University/Resuable_Testcases/Navigate_Homepage"), [:], STOP_ON_FAILURE): Call Test Case 'Test Cases/APAC_Universities/SEO_PAGES/UTS_University/Resuable_Testcases/Navigate_Homepage' successfully

25-10-2024T15:46:40 - [TEST_CASE][PASSED] - Test Cases/APAC_Universities/SEO_PAGES/UTS_University/Resuable_Testcases/Navigate_Homepage: Test Cases/APAC_Universities/SEO_PAGES/UTS_University/Resuable_Testcases/Navigate_Homepage

25-10-2024T15:46:40 - [TEST_STEP][PASSED] - waitForElementClickable(findTestObject("Object Repository/APAC_University/UTS_University/Button_Homepage"), 10): Object 'Object Repository/APAC_University/UTS_University/Button_Homepage' is clickable

25-10-2024T15:46:40 - [MESSAGE][PASSED] - Object 'Object Repository/APAC_University/UTS_University/Button_Homepage' is clickable

25-10-2024T15:46:40 - [TEST_STEP][PASSED] - click(findTestObject("Object Repository/APAC_University/UTS_University/Button_Homepage")): Object: 'Object Repository/APAC_University/UTS_University/Button_Homepage' is clicked on

25-10-2024T15:46:41 - [MESSAGE][PASSED] - Object: 'Object Repository/APAC_University/UTS_University/Button_Homepage' is clicked on

25-10-2024T15:46:41 - [MESSAGE][PASSED] - Call Test Case 'Test Cases/APAC_Universities/SEO_PAGES/UTS_University/Resuable_Testcases/Navigate_Homepage' successfully

25-10-2024T15:46:41 - [TEST_STEP][PASSED] - callTestCase(findTestCase("Test Cases/APAC_Universities/SEO_PAGES/UTS_University/Resuable_Testcases/Lead_Form"), [:], STOP_ON_FAILURE): Call Test Case 'Test Cases/APAC_Universities/SEO_PAGES/UTS_University/Resuable_Testcases/Lead_Form' successfully

25-10-2024T15:46:41 - [TEST_CASE][PASSED] - Test Cases/APAC_Universities/SEO_PAGES/UTS_University/Resuable_Testcases/Lead_Form: Test Cases/APAC_Universities/SEO_PAGES/UTS_University/Resuable_Testcases/Lead_Form

25-10-2024T15:46:41 - [TEST_STEP][PASSED] - program = findTestObject("Object Repository/APAC_University/UTS_University/Dropdown_Program"): null

25-10-2024T15:46:41 - [TEST_STEP][PASSED] - selectOptionByIndex(program, keyPathPackage.customKeywords.selectRandomOptionFromDropdown()): All options with index in [2] are selected on object 'Object Repository/APAC_University/UTS_University/Dropdown_Program'

25-10-2024T15:46:41 - [MESSAGE][PASSED] - keyPathPackage.customKeywords.selectRandomOptionFromDropdown is PASSED

25-10-2024T15:46:43 - [MESSAGE][PASSED] - All options with index in [2] are selected on object 'Object Repository/APAC_University/UTS_University/Dropdown_Program'

25-10-2024T15:46:43 - [TEST_STEP][PASSED] - FirstName = keyPathPackage.customKeywords.generateRandomFirstName(): keyPathPackage.customKeywords.generateRandomFirstName is PASSED

25-10-2024T15:46:43 - [MESSAGE][PASSED] - keyPathPackage.customKeywords.generateRandomFirstName is PASSED

25-10-2024T15:46:43 - [TEST_STEP][PASSED] - setText(findTestObject("Object Repository/APAC_University/UTS_University/Field_Firstname"), FirstName): Text 'Christina' is set on object 'Object Repository/APAC_University/UTS_University/Field_Firstname'

25-10-2024T15:46:44 - [MESSAGE][PASSED] - Text 'Christina' is set on object 'Object Repository/APAC_University/UTS_University/Field_Firstname'

25-10-2024T15:46:44 - [TEST_STEP][PASSED] - LastName = keyPathPackage.customKeywords.generateRandomLastName(): keyPathPackage.customKeywords.generateRandomLastName is PASSED

25-10-2024T15:46:44 - [MESSAGE][PASSED] - keyPathPackage.customKeywords.generateRandomLastName is PASSED

25-10-2024T15:46:44 - [TEST_STEP][PASSED] - setText(findTestObject("Object Repository/APAC_University/UTS_University/Field_Lastname"), LastName): Text 'Testing Rempel' is set on object 'Object Repository/APAC_University/UTS_University/Field_Lastname'

25-10-2024T15:46:44 - [MESSAGE][PASSED] - Text 'Testing Rempel' is set on object 'Object Repository/APAC_University/UTS_University/Field_Lastname'

25-10-2024T15:46:44 - [TEST_STEP][PASSED] - selectOptionByLabel(findTestObject("Object Repository/APAC_University/UTS_University/Dropdown_Registered_Nurse"), "Yes", false): All options with label 'Yes' are selected in object 'Object Repository/APAC_University/UTS_University/Dropdown_Registered_Nurse' 

25-10-2024T15:46:45 - [MESSAGE][PASSED] - All options with label 'Yes' are selected in object 'Object Repository/APAC_University/UTS_University/Dropdown_Registered_Nurse' 

25-10-2024T15:46:45 - [TEST_STEP][PASSED] - waitForElementClickable(findTestObject("Object Repository/APAC_University/UTS_University/Button_Nextstep1"), 10): Object 'Object Repository/APAC_University/UTS_University/Button_Nextstep1' is clickable

25-10-2024T15:46:45 - [MESSAGE][PASSED] - Object 'Object Repository/APAC_University/UTS_University/Button_Nextstep1' is clickable

25-10-2024T15:46:45 - [TEST_STEP][PASSED] - click(findTestObject("Object Repository/APAC_University/UTS_University/Button_Nextstep1")): Object: 'Object Repository/APAC_University/UTS_University/Button_Nextstep1' is clicked on

25-10-2024T15:46:45 - [MESSAGE][PASSED] - Object: 'Object Repository/APAC_University/UTS_University/Button_Nextstep1' is clicked on

25-10-2024T15:46:45 - [TEST_STEP][PASSED] - startdate = findTestObject("Object Repository/APAC_University/UTS_University/Dropdown_Startdate"): null

25-10-2024T15:46:45 - [TEST_STEP][PASSED] - selectOptionByIndex(startdate, keyPathPackage.customKeywords.selectRandomOptionFromDropdown()): All options with index in [2] are selected on object 'Object Repository/APAC_University/UTS_University/Dropdown_Startdate'

25-10-2024T15:46:45 - [MESSAGE][PASSED] - keyPathPackage.customKeywords.selectRandomOptionFromDropdown is PASSED

25-10-2024T15:46:46 - [MESSAGE][PASSED] - All options with index in [2] are selected on object 'Object Repository/APAC_University/UTS_University/Dropdown_Startdate'

25-10-2024T15:46:46 - [TEST_STEP][PASSED] - selectOptionByValue(findTestObject("Object Repository/APAC_University/UTS_University/Dropdown_Highereducation"), Education_Level, false): All options with value 'Postgraduate diploma' are selected in object 'Object Repository/APAC_University/UTS_University/Dropdown_Highereducation' 

25-10-2024T15:46:47 - [MESSAGE][PASSED] - All options with value 'Postgraduate diploma' are selected in object 'Object Repository/APAC_University/UTS_University/Dropdown_Highereducation' 

25-10-2024T15:46:47 - [TEST_STEP][PASSED] - Workexperience = findTestObject("Object Repository/APAC_University/UTS_University/Dropdown_Workexperience"): null

25-10-2024T15:46:47 - [TEST_STEP][PASSED] - selectOptionByIndex(Workexperience, keyPathPackage.customKeywords.selectRandomOptionFromDropdown()): All options with index in [2] are selected on object 'Object Repository/APAC_University/UTS_University/Dropdown_Workexperience'

25-10-2024T15:46:47 - [MESSAGE][PASSED] - keyPathPackage.customKeywords.selectRandomOptionFromDropdown is PASSED

25-10-2024T15:46:47 - [MESSAGE][PASSED] - All options with index in [2] are selected on object 'Object Repository/APAC_University/UTS_University/Dropdown_Workexperience'

25-10-2024T15:46:47 - [TEST_STEP][PASSED] - Enquiryreason = findTestObject("Object Repository/APAC_University/UTS_University/Dropdown_Enquiry"): null

25-10-2024T15:46:47 - [TEST_STEP][PASSED] - selectOptionByIndex(Enquiryreason, keyPathPackage.customKeywords.selectRandomOptionFromDropdown()): All options with index in [2] are selected on object 'Object Repository/APAC_University/UTS_University/Dropdown_Enquiry'

25-10-2024T15:46:47 - [MESSAGE][PASSED] - keyPathPackage.customKeywords.selectRandomOptionFromDropdown is PASSED

25-10-2024T15:46:48 - [MESSAGE][PASSED] - All options with index in [2] are selected on object 'Object Repository/APAC_University/UTS_University/Dropdown_Enquiry'

25-10-2024T15:46:48 - [TEST_STEP][PASSED] - selectOptionByLabel(findTestObject("Object Repository/APAC_University/UTS_University/Dropdown_Country"), "Australia", false): All options with label 'Australia' are selected in object 'Object Repository/APAC_University/UTS_University/Dropdown_Country' 

25-10-2024T15:46:48 - [MESSAGE][PASSED] - All options with label 'Australia' are selected in object 'Object Repository/APAC_University/UTS_University/Dropdown_Country' 

25-10-2024T15:46:48 - [TEST_STEP][PASSED] - waitForElementClickable(findTestObject("Object Repository/APAC_University/UTS_University/Button_NextStep2"), 10): Object 'Object Repository/APAC_University/UTS_University/Button_NextStep2' is clickable

25-10-2024T15:46:49 - [MESSAGE][PASSED] - Object 'Object Repository/APAC_University/UTS_University/Button_NextStep2' is clickable

25-10-2024T15:46:49 - [TEST_STEP][PASSED] - click(findTestObject("Object Repository/APAC_University/UTS_University/Button_NextStep2")): Object: 'Object Repository/APAC_University/UTS_University/Button_NextStep2' is clicked on

25-10-2024T15:46:49 - [MESSAGE][PASSED] - Object: 'Object Repository/APAC_University/UTS_University/Button_NextStep2' is clicked on

25-10-2024T15:46:49 - [TEST_STEP][PASSED] - Phonenumber = keyPathPackage.customKeywords.generateRandomAustralianPhoneNumber(): keyPathPackage.customKeywords.generateRandomAustralianPhoneNumber is PASSED

25-10-2024T15:46:49 - [MESSAGE][PASSED] - keyPathPackage.customKeywords.generateRandomAustralianPhoneNumber is PASSED

25-10-2024T15:46:49 - [TEST_STEP][PASSED] - setText(findTestObject("Object Repository/APAC_University/UTS_University/Field_Phonenumber"), Phonenumber): Text '0450013441' is set on object 'Object Repository/APAC_University/UTS_University/Field_Phonenumber'

25-10-2024T15:46:50 - [MESSAGE][PASSED] - Text '0450013441' is set on object 'Object Repository/APAC_University/UTS_University/Field_Phonenumber'

25-10-2024T15:46:50 - [TEST_STEP][PASSED] - Email = keyPathPackage.customKeywords.generateRandomEmail(): keyPathPackage.customKeywords.generateRandomEmail is PASSED

25-10-2024T15:46:50 - [MESSAGE][PASSED] - keyPathPackage.customKeywords.generateRandomEmail is PASSED

25-10-2024T15:46:50 - [TEST_STEP][PASSED] - setText(findTestObject("Object Repository/APAC_University/UTS_University/Field_Email"), Email): Text 'elene.greenholt@hotmail.com' is set on object 'Object Repository/APAC_University/UTS_University/Field_Email'

25-10-2024T15:46:50 - [MESSAGE][PASSED] - Text 'elene.greenholt@hotmail.com' is set on object 'Object Repository/APAC_University/UTS_University/Field_Email'

25-10-2024T15:46:50 - [TEST_STEP][PASSED] - Postcode = keyPathPackage.customKeywords.selectRandomPostCode(): keyPathPackage.customKeywords.selectRandomPostCode is PASSED

25-10-2024T15:46:50 - [MESSAGE][PASSED] - keyPathPackage.customKeywords.selectRandomPostCode is PASSED

25-10-2024T15:46:50 - [TEST_STEP][PASSED] - setText(findTestObject("Object Repository/APAC_University/UTS_University/Field_Postcode"), Postcode): Text '0374' is set on object 'Object Repository/APAC_University/UTS_University/Field_Postcode'

25-10-2024T15:46:51 - [MESSAGE][PASSED] - Text '0374' is set on object 'Object Repository/APAC_University/UTS_University/Field_Postcode'

25-10-2024T15:46:51 - [TEST_STEP][PASSED] - waitForElementClickable(findTestObject("Object Repository/APAC_University/UTS_University/Button_Request_a_Call"), 10): Object 'Object Repository/APAC_University/UTS_University/Button_Request_a_Call' is clickable

25-10-2024T15:46:51 - [MESSAGE][PASSED] - Object 'Object Repository/APAC_University/UTS_University/Button_Request_a_Call' is clickable

25-10-2024T15:46:51 - [TEST_STEP][PASSED] - click(findTestObject("Object Repository/APAC_University/UTS_University/Button_Request_a_Call")): Object: 'Object Repository/APAC_University/UTS_University/Button_Request_a_Call' is clicked on

25-10-2024T15:46:51 - [MESSAGE][PASSED] - Object: 'Object Repository/APAC_University/UTS_University/Button_Request_a_Call' is clicked on

25-10-2024T15:46:51 - [TEST_STEP][PASSED] - delay(5): Delayed 5 second(s)

25-10-2024T15:46:57 - [MESSAGE][PASSED] - Delayed 5 second(s)

25-10-2024T15:46:57 - [TEST_STEP][PASSED] - verifyElementText(findTestObject("Object Repository/APAC_University/UTS_University/Verify_Welcome_Message"), "Thank you for your enquiry"): Actual text and expected text of test object 'Object Repository/APAC_University/UTS_University/Verify_Welcome_Message' are matched.

25-10-2024T15:46:57 - [MESSAGE][PASSED] - Actual text and expected text of test object 'Object Repository/APAC_University/UTS_University/Verify_Welcome_Message' are matched.

25-10-2024T15:46:57 - [MESSAGE][PASSED] - Call Test Case 'Test Cases/APAC_Universities/SEO_PAGES/UTS_University/Resuable_Testcases/Lead_Form' successfully

25-10-2024T15:46:57 - [TEST_STEP][PASSED] - closeBrowser(): Browser is closed

25-10-2024T15:46:57 - [MESSAGE][PASSED] - Browser is closed]]></system-out>
         <system-err><![CDATA[]]></system-err>
      </testcase>
      <testcase name="Test Cases/APAC_Universities/SEO_PAGES/Edith_Cowan_University/Enquiry_Now" time="20.419" classname="Test Cases/APAC_Universities/SEO_PAGES/Edith_Cowan_University/Enquiry_Now" status="PASSED">
         <system-out><![CDATA[25-10-2024T15:46:57 - [TEST_CASE][PASSED] - Test Cases/APAC_Universities/SEO_PAGES/Edith_Cowan_University/Enquiry_Now: Test Cases/APAC_Universities/SEO_PAGES/Edith_Cowan_University/Enquiry_Now

25-10-2024T15:46:57 - [TEST_STEP][PASSED] - callTestCase(findTestCase("Test Cases/APAC_Universities/SEO_PAGES/Edith_Cowan_University/Reusable_Testcases/Navigate_URL"), [:], STOP_ON_FAILURE): Call Test Case 'Test Cases/APAC_Universities/SEO_PAGES/Edith_Cowan_University/Reusable_Testcases/Navigate_URL' successfully

25-10-2024T15:46:57 - [TEST_CASE][PASSED] - Test Cases/APAC_Universities/SEO_PAGES/Edith_Cowan_University/Reusable_Testcases/Navigate_URL: Test Cases/APAC_Universities/SEO_PAGES/Edith_Cowan_University/Reusable_Testcases/Navigate_URL

25-10-2024T15:46:57 - [TEST_STEP][PASSED] - openBrowser(""): Browser is opened with url: ''

25-10-2024T15:46:57 - [MESSAGE][INFO] - Starting 'Chrome' driver

25-10-2024T15:46:57 - [MESSAGE][INFO] - Action delay is set to 0 milliseconds

25-10-2024T15:46:57 - [MESSAGE][PASSED] - Browser is opened with url: ''

25-10-2024T15:46:57 - [TEST_STEP][PASSED] - navigateToUrl(University_ECU): Navigate to 'https://key:path@dev-ecu-opm.pantheonsite.io/' successfully

25-10-2024T15:47:00 - [MESSAGE][PASSED] - Navigate to 'https://key:path@dev-ecu-opm.pantheonsite.io/' successfully

25-10-2024T15:47:00 - [TEST_STEP][PASSED] - maximizeWindow(): Current window maximized

25-10-2024T15:47:01 - [MESSAGE][PASSED] - Current window maximized

25-10-2024T15:47:01 - [MESSAGE][PASSED] - Call Test Case 'Test Cases/APAC_Universities/SEO_PAGES/Edith_Cowan_University/Reusable_Testcases/Navigate_URL' successfully

25-10-2024T15:47:01 - [TEST_STEP][PASSED] - waitForElementClickable(findTestObject("Object Repository/APAC_University/Edith_Cowan_University/Button_Enquiry_Now"), 10): Object 'Object Repository/APAC_University/Edith_Cowan_University/Button_Enquiry_Now' is clickable

25-10-2024T15:47:03 - [MESSAGE][PASSED] - Object 'Object Repository/APAC_University/Edith_Cowan_University/Button_Enquiry_Now' is clickable

25-10-2024T15:47:03 - [TEST_STEP][PASSED] - click(findTestObject("Object Repository/APAC_University/Edith_Cowan_University/Button_Enquiry_Now")): Object: 'Object Repository/APAC_University/Edith_Cowan_University/Button_Enquiry_Now' is clicked on

25-10-2024T15:47:04 - [MESSAGE][PASSED] - Object: 'Object Repository/APAC_University/Edith_Cowan_University/Button_Enquiry_Now' is clicked on

25-10-2024T15:47:04 - [TEST_STEP][PASSED] - callTestCase(findTestCase("Test Cases/APAC_Universities/SEO_PAGES/Edith_Cowan_University/Reusable_Testcases/Lead_Form"), [:], STOP_ON_FAILURE): Call Test Case 'Test Cases/APAC_Universities/SEO_PAGES/Edith_Cowan_University/Reusable_Testcases/Lead_Form' successfully

25-10-2024T15:47:04 - [TEST_CASE][PASSED] - Test Cases/APAC_Universities/SEO_PAGES/Edith_Cowan_University/Reusable_Testcases/Lead_Form: Test Cases/APAC_Universities/SEO_PAGES/Edith_Cowan_University/Reusable_Testcases/Lead_Form

25-10-2024T15:47:04 - [TEST_STEP][PASSED] - program = findTestObject("Object Repository/APAC_University/Edith_Cowan_University/Dropdown_Program"): null

25-10-2024T15:47:04 - [TEST_STEP][PASSED] - selectOptionByIndex(program, keyPathPackage.customKeywords.selectRandomOptionFromDropdown()): All options with index in [1] are selected on object 'Object Repository/APAC_University/Edith_Cowan_University/Dropdown_Program'

25-10-2024T15:47:04 - [MESSAGE][PASSED] - keyPathPackage.customKeywords.selectRandomOptionFromDropdown is PASSED

25-10-2024T15:47:05 - [MESSAGE][PASSED] - All options with index in [1] are selected on object 'Object Repository/APAC_University/Edith_Cowan_University/Dropdown_Program'

25-10-2024T15:47:05 - [TEST_STEP][PASSED] - FirstName = keyPathPackage.customKeywords.generateRandomFirstName(): keyPathPackage.customKeywords.generateRandomFirstName is PASSED

25-10-2024T15:47:05 - [MESSAGE][PASSED] - keyPathPackage.customKeywords.generateRandomFirstName is PASSED

25-10-2024T15:47:05 - [TEST_STEP][PASSED] - setText(findTestObject("Object Repository/APAC_University/Edith_Cowan_University/Field_Firstname"), FirstName): Text 'Roscoe' is set on object 'Object Repository/APAC_University/Edith_Cowan_University/Field_Firstname'

25-10-2024T15:47:05 - [MESSAGE][PASSED] - Text 'Roscoe' is set on object 'Object Repository/APAC_University/Edith_Cowan_University/Field_Firstname'

25-10-2024T15:47:05 - [TEST_STEP][PASSED] - LastName = keyPathPackage.customKeywords.generateRandomLastName(): keyPathPackage.customKeywords.generateRandomLastName is PASSED

25-10-2024T15:47:05 - [MESSAGE][PASSED] - keyPathPackage.customKeywords.generateRandomLastName is PASSED

25-10-2024T15:47:05 - [TEST_STEP][PASSED] - setText(findTestObject("Object Repository/APAC_University/Edith_Cowan_University/Field_Lastname"), LastName): Text 'Testing Schmidt' is set on object 'Object Repository/APAC_University/Edith_Cowan_University/Field_Lastname'

25-10-2024T15:47:06 - [MESSAGE][PASSED] - Text 'Testing Schmidt' is set on object 'Object Repository/APAC_University/Edith_Cowan_University/Field_Lastname'

25-10-2024T15:47:06 - [TEST_STEP][PASSED] - waitForElementClickable(findTestObject("Object Repository/APAC_University/Edith_Cowan_University/Button_NextStep2"), 10): Object 'Object Repository/APAC_University/Edith_Cowan_University/Button_NextStep2' is clickable

25-10-2024T15:47:06 - [MESSAGE][PASSED] - Object 'Object Repository/APAC_University/Edith_Cowan_University/Button_NextStep2' is clickable

25-10-2024T15:47:06 - [TEST_STEP][PASSED] - click(findTestObject("Object Repository/APAC_University/Edith_Cowan_University/Button_NextStep2")): Object: 'Object Repository/APAC_University/Edith_Cowan_University/Button_NextStep2' is clicked on

25-10-2024T15:47:06 - [MESSAGE][PASSED] - Object: 'Object Repository/APAC_University/Edith_Cowan_University/Button_NextStep2' is clicked on

25-10-2024T15:47:06 - [TEST_STEP][PASSED] - startdate = findTestObject("Object Repository/APAC_University/Edith_Cowan_University/Dropdown_Startdate"): null

25-10-2024T15:47:06 - [TEST_STEP][PASSED] - selectOptionByIndex(startdate, keyPathPackage.customKeywords.selectRandomOptionFromDropdown()): All options with index in [1] are selected on object 'Object Repository/APAC_University/Edith_Cowan_University/Dropdown_Startdate'

25-10-2024T15:47:06 - [MESSAGE][PASSED] - keyPathPackage.customKeywords.selectRandomOptionFromDropdown is PASSED

25-10-2024T15:47:07 - [MESSAGE][PASSED] - All options with index in [1] are selected on object 'Object Repository/APAC_University/Edith_Cowan_University/Dropdown_Startdate'

25-10-2024T15:47:07 - [TEST_STEP][PASSED] - Enquiryreason = findTestObject("Object Repository/APAC_University/Edith_Cowan_University/Dropdown_Enquiry"): null

25-10-2024T15:47:07 - [TEST_STEP][PASSED] - selectOptionByIndex(Enquiryreason, keyPathPackage.customKeywords.selectRandomOptionFromDropdown()): All options with index in [1] are selected on object 'Object Repository/APAC_University/Edith_Cowan_University/Dropdown_Enquiry'

25-10-2024T15:47:07 - [MESSAGE][PASSED] - keyPathPackage.customKeywords.selectRandomOptionFromDropdown is PASSED

25-10-2024T15:47:08 - [MESSAGE][PASSED] - All options with index in [1] are selected on object 'Object Repository/APAC_University/Edith_Cowan_University/Dropdown_Enquiry'

25-10-2024T15:47:08 - [TEST_STEP][PASSED] - selectOptionByValue(findTestObject("Object Repository/APAC_University/Edith_Cowan_University/Dropdown_Highereducation"), Education_Level, false): All options with value 'Postgraduate diploma' are selected in object 'Object Repository/APAC_University/Edith_Cowan_University/Dropdown_Highereducation' 

25-10-2024T15:47:08 - [MESSAGE][PASSED] - All options with value 'Postgraduate diploma' are selected in object 'Object Repository/APAC_University/Edith_Cowan_University/Dropdown_Highereducation' 

25-10-2024T15:47:08 - [TEST_STEP][PASSED] - Workexperience = findTestObject("Object Repository/APAC_University/Edith_Cowan_University/Dropdown_Workexperience"): null

25-10-2024T15:47:08 - [TEST_STEP][PASSED] - selectOptionByIndex(Workexperience, keyPathPackage.customKeywords.selectRandomOptionFromDropdown()): All options with index in [2] are selected on object 'Object Repository/APAC_University/Edith_Cowan_University/Dropdown_Workexperience'

25-10-2024T15:47:08 - [MESSAGE][PASSED] - keyPathPackage.customKeywords.selectRandomOptionFromDropdown is PASSED

25-10-2024T15:47:09 - [MESSAGE][PASSED] - All options with index in [2] are selected on object 'Object Repository/APAC_University/Edith_Cowan_University/Dropdown_Workexperience'

25-10-2024T15:47:09 - [TEST_STEP][PASSED] - waitForElementClickable(findTestObject("Object Repository/APAC_University/Edith_Cowan_University/Button_NextStep3"), 10): Object 'Object Repository/APAC_University/Edith_Cowan_University/Button_NextStep3' is clickable

25-10-2024T15:47:09 - [MESSAGE][PASSED] - Object 'Object Repository/APAC_University/Edith_Cowan_University/Button_NextStep3' is clickable

25-10-2024T15:47:09 - [TEST_STEP][PASSED] - click(findTestObject("Object Repository/APAC_University/Edith_Cowan_University/Button_NextStep3")): Object: 'Object Repository/APAC_University/Edith_Cowan_University/Button_NextStep3' is clicked on

25-10-2024T15:47:10 - [MESSAGE][PASSED] - Object: 'Object Repository/APAC_University/Edith_Cowan_University/Button_NextStep3' is clicked on

25-10-2024T15:47:10 - [TEST_STEP][PASSED] - Phonenumber = keyPathPackage.customKeywords.generateRandomAustralianPhoneNumber(): keyPathPackage.customKeywords.generateRandomAustralianPhoneNumber is PASSED

25-10-2024T15:47:10 - [MESSAGE][PASSED] - keyPathPackage.customKeywords.generateRandomAustralianPhoneNumber is PASSED

25-10-2024T15:47:10 - [TEST_STEP][PASSED] - setText(findTestObject("Object Repository/APAC_University/Edith_Cowan_University/Field_Phonenumber"), Phonenumber): Text '0438342647' is set on object 'Object Repository/APAC_University/Edith_Cowan_University/Field_Phonenumber'

25-10-2024T15:47:10 - [MESSAGE][PASSED] - Text '0438342647' is set on object 'Object Repository/APAC_University/Edith_Cowan_University/Field_Phonenumber'

25-10-2024T15:47:10 - [TEST_STEP][PASSED] - Email = keyPathPackage.customKeywords.generateRandomEmail(): keyPathPackage.customKeywords.generateRandomEmail is PASSED

25-10-2024T15:47:10 - [MESSAGE][PASSED] - keyPathPackage.customKeywords.generateRandomEmail is PASSED

25-10-2024T15:47:10 - [TEST_STEP][PASSED] - setText(findTestObject("Object Repository/APAC_University/Edith_Cowan_University/Field_Email"), Email): Text 'anglea.mertz@yahoo.com' is set on object 'Object Repository/APAC_University/Edith_Cowan_University/Field_Email'

25-10-2024T15:47:11 - [MESSAGE][PASSED] - Text 'anglea.mertz@yahoo.com' is set on object 'Object Repository/APAC_University/Edith_Cowan_University/Field_Email'

25-10-2024T15:47:11 - [TEST_STEP][PASSED] - Postcode = keyPathPackage.customKeywords.selectRandomPostCode(): keyPathPackage.customKeywords.selectRandomPostCode is PASSED

25-10-2024T15:47:11 - [MESSAGE][PASSED] - keyPathPackage.customKeywords.selectRandomPostCode is PASSED

25-10-2024T15:47:11 - [TEST_STEP][PASSED] - setText(findTestObject("Object Repository/APAC_University/Edith_Cowan_University/Field_Postcode"), Postcode): Text '5936' is set on object 'Object Repository/APAC_University/Edith_Cowan_University/Field_Postcode'

25-10-2024T15:47:11 - [MESSAGE][PASSED] - Text '5936' is set on object 'Object Repository/APAC_University/Edith_Cowan_University/Field_Postcode'

25-10-2024T15:47:11 - [TEST_STEP][PASSED] - waitForElementClickable(findTestObject("Object Repository/APAC_University/Edith_Cowan_University/Button_Submit"), 10): Object 'Object Repository/APAC_University/Edith_Cowan_University/Button_Submit' is clickable

25-10-2024T15:47:12 - [MESSAGE][PASSED] - Object 'Object Repository/APAC_University/Edith_Cowan_University/Button_Submit' is clickable

25-10-2024T15:47:12 - [TEST_STEP][PASSED] - click(findTestObject("Object Repository/APAC_University/Edith_Cowan_University/Button_Submit")): Object: 'Object Repository/APAC_University/Edith_Cowan_University/Button_Submit' is clicked on

25-10-2024T15:47:12 - [MESSAGE][PASSED] - Object: 'Object Repository/APAC_University/Edith_Cowan_University/Button_Submit' is clicked on

25-10-2024T15:47:12 - [TEST_STEP][PASSED] - delay(5): Delayed 5 second(s)

25-10-2024T15:47:17 - [MESSAGE][PASSED] - Delayed 5 second(s)

25-10-2024T15:47:17 - [TEST_STEP][PASSED] - verifyElementText(findTestObject("Object Repository/APAC_University/Edith_Cowan_University/Verify_Content"), "Thanks for your enquiry"): Actual text and expected text of test object 'Object Repository/APAC_University/Edith_Cowan_University/Verify_Content' are matched.

25-10-2024T15:47:17 - [MESSAGE][PASSED] - Actual text and expected text of test object 'Object Repository/APAC_University/Edith_Cowan_University/Verify_Content' are matched.

25-10-2024T15:47:17 - [MESSAGE][PASSED] - Call Test Case 'Test Cases/APAC_Universities/SEO_PAGES/Edith_Cowan_University/Reusable_Testcases/Lead_Form' successfully]]></system-out>
         <system-err><![CDATA[]]></system-err>
      </testcase>
      <testcase name="Test Cases/APAC_Universities/SEO_PAGES/Edith_Cowan_University/Main_Page" time="15.639" classname="Test Cases/APAC_Universities/SEO_PAGES/Edith_Cowan_University/Main_Page" status="PASSED">
         <system-out><![CDATA[25-10-2024T15:47:17 - [TEST_CASE][PASSED] - Test Cases/APAC_Universities/SEO_PAGES/Edith_Cowan_University/Main_Page: Test Cases/APAC_Universities/SEO_PAGES/Edith_Cowan_University/Main_Page

25-10-2024T15:47:17 - [TEST_STEP][PASSED] - callTestCase(findTestCase("Test Cases/APAC_Universities/SEO_PAGES/Edith_Cowan_University/Reusable_Testcases/Navigate_HomePage"), [:], STOP_ON_FAILURE): Call Test Case 'Test Cases/APAC_Universities/SEO_PAGES/Edith_Cowan_University/Reusable_Testcases/Navigate_HomePage' successfully

25-10-2024T15:47:17 - [TEST_CASE][PASSED] - Test Cases/APAC_Universities/SEO_PAGES/Edith_Cowan_University/Reusable_Testcases/Navigate_HomePage: Test Cases/APAC_Universities/SEO_PAGES/Edith_Cowan_University/Reusable_Testcases/Navigate_HomePage

25-10-2024T15:47:17 - [TEST_STEP][PASSED] - waitForElementClickable(findTestObject("Object Repository/APAC_University/Edith_Cowan_University/Image_Homepage"), 10): Object 'Object Repository/APAC_University/Edith_Cowan_University/Image_Homepage' is clickable

25-10-2024T15:47:18 - [MESSAGE][PASSED] - Object 'Object Repository/APAC_University/Edith_Cowan_University/Image_Homepage' is clickable

25-10-2024T15:47:18 - [TEST_STEP][PASSED] - click(findTestObject("Object Repository/APAC_University/Edith_Cowan_University/Image_Homepage")): Object: 'Object Repository/APAC_University/Edith_Cowan_University/Image_Homepage' is clicked on

25-10-2024T15:47:18 - [MESSAGE][PASSED] - Object: 'Object Repository/APAC_University/Edith_Cowan_University/Image_Homepage' is clicked on

25-10-2024T15:47:18 - [MESSAGE][PASSED] - Call Test Case 'Test Cases/APAC_Universities/SEO_PAGES/Edith_Cowan_University/Reusable_Testcases/Navigate_HomePage' successfully

25-10-2024T15:47:18 - [TEST_STEP][PASSED] - callTestCase(findTestCase("Test Cases/APAC_Universities/SEO_PAGES/Edith_Cowan_University/Reusable_Testcases/Lead_Form"), [:], STOP_ON_FAILURE): Call Test Case 'Test Cases/APAC_Universities/SEO_PAGES/Edith_Cowan_University/Reusable_Testcases/Lead_Form' successfully

25-10-2024T15:47:18 - [TEST_CASE][PASSED] - Test Cases/APAC_Universities/SEO_PAGES/Edith_Cowan_University/Reusable_Testcases/Lead_Form: Test Cases/APAC_Universities/SEO_PAGES/Edith_Cowan_University/Reusable_Testcases/Lead_Form

25-10-2024T15:47:18 - [TEST_STEP][PASSED] - program = findTestObject("Object Repository/APAC_University/Edith_Cowan_University/Dropdown_Program"): null

25-10-2024T15:47:18 - [TEST_STEP][PASSED] - selectOptionByIndex(program, keyPathPackage.customKeywords.selectRandomOptionFromDropdown()): All options with index in [2] are selected on object 'Object Repository/APAC_University/Edith_Cowan_University/Dropdown_Program'

25-10-2024T15:47:18 - [MESSAGE][PASSED] - keyPathPackage.customKeywords.selectRandomOptionFromDropdown is PASSED

25-10-2024T15:47:20 - [MESSAGE][PASSED] - All options with index in [2] are selected on object 'Object Repository/APAC_University/Edith_Cowan_University/Dropdown_Program'

25-10-2024T15:47:20 - [TEST_STEP][PASSED] - FirstName = keyPathPackage.customKeywords.generateRandomFirstName(): keyPathPackage.customKeywords.generateRandomFirstName is PASSED

25-10-2024T15:47:20 - [MESSAGE][PASSED] - keyPathPackage.customKeywords.generateRandomFirstName is PASSED

25-10-2024T15:47:20 - [TEST_STEP][PASSED] - setText(findTestObject("Object Repository/APAC_University/Edith_Cowan_University/Field_Firstname"), FirstName): Text 'Bruce' is set on object 'Object Repository/APAC_University/Edith_Cowan_University/Field_Firstname'

25-10-2024T15:47:21 - [MESSAGE][PASSED] - Text 'Bruce' is set on object 'Object Repository/APAC_University/Edith_Cowan_University/Field_Firstname'

25-10-2024T15:47:21 - [TEST_STEP][PASSED] - LastName = keyPathPackage.customKeywords.generateRandomLastName(): keyPathPackage.customKeywords.generateRandomLastName is PASSED

25-10-2024T15:47:21 - [MESSAGE][PASSED] - keyPathPackage.customKeywords.generateRandomLastName is PASSED

25-10-2024T15:47:21 - [TEST_STEP][PASSED] - setText(findTestObject("Object Repository/APAC_University/Edith_Cowan_University/Field_Lastname"), LastName): Text 'Testing Dickinson' is set on object 'Object Repository/APAC_University/Edith_Cowan_University/Field_Lastname'

25-10-2024T15:47:21 - [MESSAGE][PASSED] - Text 'Testing Dickinson' is set on object 'Object Repository/APAC_University/Edith_Cowan_University/Field_Lastname'

25-10-2024T15:47:21 - [TEST_STEP][PASSED] - waitForElementClickable(findTestObject("Object Repository/APAC_University/Edith_Cowan_University/Button_NextStep2"), 10): Object 'Object Repository/APAC_University/Edith_Cowan_University/Button_NextStep2' is clickable

25-10-2024T15:47:22 - [MESSAGE][PASSED] - Object 'Object Repository/APAC_University/Edith_Cowan_University/Button_NextStep2' is clickable

25-10-2024T15:47:22 - [TEST_STEP][PASSED] - click(findTestObject("Object Repository/APAC_University/Edith_Cowan_University/Button_NextStep2")): Object: 'Object Repository/APAC_University/Edith_Cowan_University/Button_NextStep2' is clicked on

25-10-2024T15:47:22 - [MESSAGE][PASSED] - Object: 'Object Repository/APAC_University/Edith_Cowan_University/Button_NextStep2' is clicked on

25-10-2024T15:47:22 - [TEST_STEP][PASSED] - startdate = findTestObject("Object Repository/APAC_University/Edith_Cowan_University/Dropdown_Startdate"): null

25-10-2024T15:47:22 - [TEST_STEP][PASSED] - selectOptionByIndex(startdate, keyPathPackage.customKeywords.selectRandomOptionFromDropdown()): All options with index in [2] are selected on object 'Object Repository/APAC_University/Edith_Cowan_University/Dropdown_Startdate'

25-10-2024T15:47:22 - [MESSAGE][PASSED] - keyPathPackage.customKeywords.selectRandomOptionFromDropdown is PASSED

25-10-2024T15:47:23 - [MESSAGE][PASSED] - All options with index in [2] are selected on object 'Object Repository/APAC_University/Edith_Cowan_University/Dropdown_Startdate'

25-10-2024T15:47:23 - [TEST_STEP][PASSED] - Enquiryreason = findTestObject("Object Repository/APAC_University/Edith_Cowan_University/Dropdown_Enquiry"): null

25-10-2024T15:47:23 - [TEST_STEP][PASSED] - selectOptionByIndex(Enquiryreason, keyPathPackage.customKeywords.selectRandomOptionFromDropdown()): All options with index in [1] are selected on object 'Object Repository/APAC_University/Edith_Cowan_University/Dropdown_Enquiry'

25-10-2024T15:47:23 - [MESSAGE][PASSED] - keyPathPackage.customKeywords.selectRandomOptionFromDropdown is PASSED

25-10-2024T15:47:23 - [MESSAGE][PASSED] - All options with index in [1] are selected on object 'Object Repository/APAC_University/Edith_Cowan_University/Dropdown_Enquiry'

25-10-2024T15:47:23 - [TEST_STEP][PASSED] - selectOptionByValue(findTestObject("Object Repository/APAC_University/Edith_Cowan_University/Dropdown_Highereducation"), Education_Level, false): All options with value 'Postgraduate diploma' are selected in object 'Object Repository/APAC_University/Edith_Cowan_University/Dropdown_Highereducation' 

25-10-2024T15:47:24 - [MESSAGE][PASSED] - All options with value 'Postgraduate diploma' are selected in object 'Object Repository/APAC_University/Edith_Cowan_University/Dropdown_Highereducation' 

25-10-2024T15:47:24 - [TEST_STEP][PASSED] - Workexperience = findTestObject("Object Repository/APAC_University/Edith_Cowan_University/Dropdown_Workexperience"): null

25-10-2024T15:47:24 - [TEST_STEP][PASSED] - selectOptionByIndex(Workexperience, keyPathPackage.customKeywords.selectRandomOptionFromDropdown()): All options with index in [1] are selected on object 'Object Repository/APAC_University/Edith_Cowan_University/Dropdown_Workexperience'

25-10-2024T15:47:24 - [MESSAGE][PASSED] - keyPathPackage.customKeywords.selectRandomOptionFromDropdown is PASSED

25-10-2024T15:47:25 - [MESSAGE][PASSED] - All options with index in [1] are selected on object 'Object Repository/APAC_University/Edith_Cowan_University/Dropdown_Workexperience'

25-10-2024T15:47:25 - [TEST_STEP][PASSED] - waitForElementClickable(findTestObject("Object Repository/APAC_University/Edith_Cowan_University/Button_NextStep3"), 10): Object 'Object Repository/APAC_University/Edith_Cowan_University/Button_NextStep3' is clickable

25-10-2024T15:47:25 - [MESSAGE][PASSED] - Object 'Object Repository/APAC_University/Edith_Cowan_University/Button_NextStep3' is clickable

25-10-2024T15:47:25 - [TEST_STEP][PASSED] - click(findTestObject("Object Repository/APAC_University/Edith_Cowan_University/Button_NextStep3")): Object: 'Object Repository/APAC_University/Edith_Cowan_University/Button_NextStep3' is clicked on

25-10-2024T15:47:25 - [MESSAGE][PASSED] - Object: 'Object Repository/APAC_University/Edith_Cowan_University/Button_NextStep3' is clicked on

25-10-2024T15:47:25 - [TEST_STEP][PASSED] - Phonenumber = keyPathPackage.customKeywords.generateRandomAustralianPhoneNumber(): keyPathPackage.customKeywords.generateRandomAustralianPhoneNumber is PASSED

25-10-2024T15:47:25 - [MESSAGE][PASSED] - keyPathPackage.customKeywords.generateRandomAustralianPhoneNumber is PASSED

25-10-2024T15:47:25 - [TEST_STEP][PASSED] - setText(findTestObject("Object Repository/APAC_University/Edith_Cowan_University/Field_Phonenumber"), Phonenumber): Text '0494137267' is set on object 'Object Repository/APAC_University/Edith_Cowan_University/Field_Phonenumber'

25-10-2024T15:47:26 - [MESSAGE][PASSED] - Text '0494137267' is set on object 'Object Repository/APAC_University/Edith_Cowan_University/Field_Phonenumber'

25-10-2024T15:47:26 - [TEST_STEP][PASSED] - Email = keyPathPackage.customKeywords.generateRandomEmail(): keyPathPackage.customKeywords.generateRandomEmail is PASSED

25-10-2024T15:47:26 - [MESSAGE][PASSED] - keyPathPackage.customKeywords.generateRandomEmail is PASSED

25-10-2024T15:47:26 - [TEST_STEP][PASSED] - setText(findTestObject("Object Repository/APAC_University/Edith_Cowan_University/Field_Email"), Email): Text 'sheree.zemlak@yahoo.com' is set on object 'Object Repository/APAC_University/Edith_Cowan_University/Field_Email'

25-10-2024T15:47:27 - [MESSAGE][PASSED] - Text 'sheree.zemlak@yahoo.com' is set on object 'Object Repository/APAC_University/Edith_Cowan_University/Field_Email'

25-10-2024T15:47:27 - [TEST_STEP][PASSED] - Postcode = keyPathPackage.customKeywords.selectRandomPostCode(): keyPathPackage.customKeywords.selectRandomPostCode is PASSED

25-10-2024T15:47:27 - [MESSAGE][PASSED] - keyPathPackage.customKeywords.selectRandomPostCode is PASSED

25-10-2024T15:47:27 - [TEST_STEP][PASSED] - setText(findTestObject("Object Repository/APAC_University/Edith_Cowan_University/Field_Postcode"), Postcode): Text '8483' is set on object 'Object Repository/APAC_University/Edith_Cowan_University/Field_Postcode'

25-10-2024T15:47:27 - [MESSAGE][PASSED] - Text '8483' is set on object 'Object Repository/APAC_University/Edith_Cowan_University/Field_Postcode'

25-10-2024T15:47:27 - [TEST_STEP][PASSED] - waitForElementClickable(findTestObject("Object Repository/APAC_University/Edith_Cowan_University/Button_Submit"), 10): Object 'Object Repository/APAC_University/Edith_Cowan_University/Button_Submit' is clickable

25-10-2024T15:47:27 - [MESSAGE][PASSED] - Object 'Object Repository/APAC_University/Edith_Cowan_University/Button_Submit' is clickable

25-10-2024T15:47:27 - [TEST_STEP][PASSED] - click(findTestObject("Object Repository/APAC_University/Edith_Cowan_University/Button_Submit")): Object: 'Object Repository/APAC_University/Edith_Cowan_University/Button_Submit' is clicked on

25-10-2024T15:47:28 - [MESSAGE][PASSED] - Object: 'Object Repository/APAC_University/Edith_Cowan_University/Button_Submit' is clicked on

25-10-2024T15:47:28 - [TEST_STEP][PASSED] - delay(5): Delayed 5 second(s)

25-10-2024T15:47:33 - [MESSAGE][PASSED] - Delayed 5 second(s)

25-10-2024T15:47:33 - [TEST_STEP][PASSED] - verifyElementText(findTestObject("Object Repository/APAC_University/Edith_Cowan_University/Verify_Content"), "Thanks for your enquiry"): Actual text and expected text of test object 'Object Repository/APAC_University/Edith_Cowan_University/Verify_Content' are matched.

25-10-2024T15:47:33 - [MESSAGE][PASSED] - Actual text and expected text of test object 'Object Repository/APAC_University/Edith_Cowan_University/Verify_Content' are matched.

25-10-2024T15:47:33 - [MESSAGE][PASSED] - Call Test Case 'Test Cases/APAC_Universities/SEO_PAGES/Edith_Cowan_University/Reusable_Testcases/Lead_Form' successfully

25-10-2024T15:47:33 - [TEST_STEP][PASSED] - closeBrowser(): Browser is closed

25-10-2024T15:47:33 - [MESSAGE][PASSED] - Browser is closed]]></system-out>
         <system-err><![CDATA[]]></system-err>
      </testcase>
      <testcase name="Test Cases/APAC_Universities/SEO_PAGES/MBS_University/Degree_Programs" time="28.121" classname="Test Cases/APAC_Universities/SEO_PAGES/MBS_University/Degree_Programs" status="PASSED">
         <system-out><![CDATA[25-10-2024T15:47:33 - [TEST_CASE][PASSED] - Test Cases/APAC_Universities/SEO_PAGES/MBS_University/Degree_Programs: Test Cases/APAC_Universities/SEO_PAGES/MBS_University/Degree_Programs

25-10-2024T15:47:33 - [TEST_STEP][PASSED] - callTestCase(findTestCase("Test Cases/APAC_Universities/SEO_PAGES/MBS_University/Resuable_Testcases/Navigate_URL"), [:], STOP_ON_FAILURE): Call Test Case 'Test Cases/APAC_Universities/SEO_PAGES/MBS_University/Resuable_Testcases/Navigate_URL' successfully

25-10-2024T15:47:33 - [TEST_CASE][PASSED] - Test Cases/APAC_Universities/SEO_PAGES/MBS_University/Resuable_Testcases/Navigate_URL: Test Cases/APAC_Universities/SEO_PAGES/MBS_University/Resuable_Testcases/Navigate_URL

25-10-2024T15:47:33 - [TEST_STEP][PASSED] - openBrowser(""): Browser is opened with url: ''

25-10-2024T15:47:33 - [MESSAGE][INFO] - Starting 'Chrome' driver

25-10-2024T15:47:33 - [MESSAGE][INFO] - Action delay is set to 0 milliseconds

25-10-2024T15:47:34 - [MESSAGE][PASSED] - Browser is opened with url: ''

25-10-2024T15:47:34 - [TEST_STEP][PASSED] - navigateToUrl(University_MBS): Navigate to 'https://key:path@dev-mbs-mkt.pantheonsite.io/' successfully

25-10-2024T15:47:35 - [MESSAGE][PASSED] - Navigate to 'https://key:path@dev-mbs-mkt.pantheonsite.io/' successfully

25-10-2024T15:47:35 - [TEST_STEP][PASSED] - maximizeWindow(): Current window maximized

25-10-2024T15:47:36 - [MESSAGE][PASSED] - Current window maximized

25-10-2024T15:47:36 - [MESSAGE][PASSED] - Call Test Case 'Test Cases/APAC_Universities/SEO_PAGES/MBS_University/Resuable_Testcases/Navigate_URL' successfully

25-10-2024T15:47:36 - [TEST_STEP][PASSED] - buttonObject = findTestObject("Object Repository/APAC_University/MBS_University/Degree Program/List_DegreePrograms"): null

25-10-2024T15:47:36 - [TEST_STEP][PASSED] - mouseOver(buttonObject): Object: 'Object Repository/APAC_University/MBS_University/Degree Program/List_DegreePrograms' is hovered

25-10-2024T15:47:36 - [MESSAGE][PASSED] - Object: 'Object Repository/APAC_University/MBS_University/Degree Program/List_DegreePrograms' is hovered

25-10-2024T15:47:36 - [TEST_STEP][PASSED] - list1 = findTestObject("Object Repository/APAC_University/MBS_University/Degree Program/DegreePrograms_ListOne"): null

25-10-2024T15:47:36 - [TEST_STEP][PASSED] - list2 = findTestObject("Object Repository/APAC_University/MBS_University/Degree Program/DegreePrograms_Listtwo"): null

25-10-2024T15:47:36 - [TEST_STEP][PASSED] - list3 = findTestObject("Object Repository/APAC_University/MBS_University/Degree Program/DegreePrograms_Listthree"): null

25-10-2024T15:47:36 - [TEST_STEP][PASSED] - list4 = findTestObject("Object Repository/APAC_University/MBS_University/Degree Program/DegreePrograms_Listfour"): null

25-10-2024T15:47:36 - [TEST_STEP][PASSED] - lists = [list1, list2, list3, list4]: null

25-10-2024T15:47:36 - [TEST_STEP][PASSED] - rand = new java.util.Random(): null

25-10-2024T15:47:36 - [TEST_STEP][PASSED] - randomListIndex = rand.nextInt(lists.size()): null

25-10-2024T15:47:36 - [TEST_STEP][PASSED] - selectedList = lists.get(randomListIndex): null

25-10-2024T15:47:36 - [TEST_STEP][PASSED] - waitForElementVisible(selectedList, 10): Object 'Object Repository/APAC_University/MBS_University/Degree Program/DegreePrograms_Listtwo' is visible

25-10-2024T15:47:37 - [MESSAGE][PASSED] - Object 'Object Repository/APAC_University/MBS_University/Degree Program/DegreePrograms_Listtwo' is visible

25-10-2024T15:47:37 - [TEST_STEP][PASSED] - listItems = findWebElements(selectedList, 30): Found web elements by test object Object Repository/APAC_University/MBS_University/Degree Program/DegreePrograms_Listtwo

25-10-2024T15:47:38 - [MESSAGE][PASSED] - Found web elements by test object Object Repository/APAC_University/MBS_University/Degree Program/DegreePrograms_Listtwo

25-10-2024T15:47:38 - [TEST_STEP][PASSED] - if (listItems.size() > 0): null

25-10-2024T15:47:38 - [TEST_STEP][PASSED] - randomItemIndex = rand.nextInt(listItems.size()): null

25-10-2024T15:47:38 - [TEST_STEP][PASSED] - randomItem = listItems.get(randomItemIndex): null

25-10-2024T15:47:38 - [TEST_STEP][PASSED] - randomItem.click(): null

25-10-2024T15:47:42 - [TEST_STEP][PASSED] - FirstName = keyPathPackage.customKeywords.generateRandomFirstName(): keyPathPackage.customKeywords.generateRandomFirstName is PASSED

25-10-2024T15:47:42 - [MESSAGE][PASSED] - keyPathPackage.customKeywords.generateRandomFirstName is PASSED

25-10-2024T15:47:42 - [TEST_STEP][PASSED] - setText(findTestObject("Object Repository/APAC_University/MBS_University/Degree Program/Field_Firstname"), FirstName): Text 'Steven' is set on object 'Object Repository/APAC_University/MBS_University/Degree Program/Field_Firstname'

25-10-2024T15:47:45 - [MESSAGE][PASSED] - Text 'Steven' is set on object 'Object Repository/APAC_University/MBS_University/Degree Program/Field_Firstname'

25-10-2024T15:47:45 - [TEST_STEP][PASSED] - LastName = keyPathPackage.customKeywords.generateRandomLastName(): keyPathPackage.customKeywords.generateRandomLastName is PASSED

25-10-2024T15:47:45 - [MESSAGE][PASSED] - keyPathPackage.customKeywords.generateRandomLastName is PASSED

25-10-2024T15:47:45 - [TEST_STEP][PASSED] - setText(findTestObject("Object Repository/APAC_University/MBS_University/Degree Program/Field_Lastname"), LastName): Text 'Testing Rogahn' is set on object 'Object Repository/APAC_University/MBS_University/Degree Program/Field_Lastname'

25-10-2024T15:47:45 - [MESSAGE][PASSED] - Text 'Testing Rogahn' is set on object 'Object Repository/APAC_University/MBS_University/Degree Program/Field_Lastname'

25-10-2024T15:47:45 - [TEST_STEP][PASSED] - click(findTestObject("Object Repository/APAC_University/MBS_University/Degree Program/Button_NextStep2")): Object: 'Object Repository/APAC_University/MBS_University/Degree Program/Button_NextStep2' is clicked on

25-10-2024T15:47:45 - [MESSAGE][PASSED] - Object: 'Object Repository/APAC_University/MBS_University/Degree Program/Button_NextStep2' is clicked on

25-10-2024T15:47:45 - [TEST_STEP][PASSED] - dropdown = findTestObject("Object Repository/APAC_University/MBS_University/Degree Program/Dropdown_Bachelor_Experience"): null

25-10-2024T15:47:45 - [TEST_STEP][PASSED] - options = ["yes", "no"]: null

25-10-2024T15:47:45 - [TEST_STEP][PASSED] - randomOption = options[Random().nextInt(length)]: null

25-10-2024T15:47:45 - [TEST_STEP][PASSED] - selectOptionByValue(dropdown, randomOption, true): All options with value 'no' are selected in object 'Object Repository/APAC_University/MBS_University/Degree Program/Dropdown_Bachelor_Experience'  using regular expression

25-10-2024T15:47:48 - [MESSAGE][PASSED] - All options with value 'no' are selected in object 'Object Repository/APAC_University/MBS_University/Degree Program/Dropdown_Bachelor_Experience'  using regular expression

25-10-2024T15:47:48 - [TEST_STEP][PASSED] - if (randomOption.equals("no")): All options with index in [1] are selected on object 'Object Repository/APAC_University/MBS_University/Degree Program/Dropdown_Workexperience'

25-10-2024T15:47:48 - [TEST_STEP][PASSED] - delay(3): Delayed 3 second(s)

25-10-2024T15:47:51 - [MESSAGE][PASSED] - Delayed 3 second(s)

25-10-2024T15:47:51 - [TEST_STEP][PASSED] - WorkExperience = findTestObject("Object Repository/APAC_University/MBS_University/Degree Program/Dropdown_Workexperience"): null

25-10-2024T15:47:51 - [TEST_STEP][PASSED] - selectOptionByIndex(WorkExperience, 1): All options with index in [1] are selected on object 'Object Repository/APAC_University/MBS_University/Degree Program/Dropdown_Workexperience'

25-10-2024T15:47:52 - [MESSAGE][PASSED] - All options with index in [1] are selected on object 'Object Repository/APAC_University/MBS_University/Degree Program/Dropdown_Workexperience'

25-10-2024T15:47:52 - [TEST_STEP][PASSED] - startdate = findTestObject("Object Repository/APAC_University/MBS_University/Degree Program/Dropdown_Startdate"): null

25-10-2024T15:47:52 - [TEST_STEP][PASSED] - selectOptionByIndex(startdate, keyPathPackage.customKeywords.selectRandomOptionFromDropdown()): All options with index in [2] are selected on object 'Object Repository/APAC_University/MBS_University/Degree Program/Dropdown_Startdate'

25-10-2024T15:47:52 - [MESSAGE][PASSED] - keyPathPackage.customKeywords.selectRandomOptionFromDropdown is PASSED

25-10-2024T15:47:52 - [MESSAGE][PASSED] - All options with index in [2] are selected on object 'Object Repository/APAC_University/MBS_University/Degree Program/Dropdown_Startdate'

25-10-2024T15:47:52 - [TEST_STEP][PASSED] - Enquiryreason = findTestObject("Object Repository/APAC_University/MBS_University/Degree Program/Dropdown_Enquiry"): null

25-10-2024T15:47:52 - [TEST_STEP][PASSED] - selectOptionByIndex(Enquiryreason, keyPathPackage.customKeywords.selectRandomOptionFromDropdown()): All options with index in [2] are selected on object 'Object Repository/APAC_University/MBS_University/Degree Program/Dropdown_Enquiry'

25-10-2024T15:47:52 - [MESSAGE][PASSED] - keyPathPackage.customKeywords.selectRandomOptionFromDropdown is PASSED

25-10-2024T15:47:54 - [MESSAGE][PASSED] - All options with index in [2] are selected on object 'Object Repository/APAC_University/MBS_University/Degree Program/Dropdown_Enquiry'

25-10-2024T15:47:54 - [TEST_STEP][PASSED] - delay(2): Delayed 2 second(s)

25-10-2024T15:47:56 - [MESSAGE][PASSED] - Delayed 2 second(s)

25-10-2024T15:47:56 - [TEST_STEP][PASSED] - scrollToElement(findTestObject("Object Repository/APAC_University/MBS_University/Degree Program/Button_NextStep3"), 3): Scroll to object 'Object Repository/APAC_University/MBS_University/Degree Program/Button_NextStep3' successfully

25-10-2024T15:47:56 - [MESSAGE][PASSED] - Scroll to object 'Object Repository/APAC_University/MBS_University/Degree Program/Button_NextStep3' successfully

25-10-2024T15:47:56 - [TEST_STEP][PASSED] - click(findTestObject("Object Repository/APAC_University/MBS_University/Degree Program/Button_NextStep3")): Object: 'Object Repository/APAC_University/MBS_University/Degree Program/Button_NextStep3' is clicked on

25-10-2024T15:47:56 - [MESSAGE][PASSED] - Object: 'Object Repository/APAC_University/MBS_University/Degree Program/Button_NextStep3' is clicked on

25-10-2024T15:47:56 - [TEST_STEP][PASSED] - Email = keyPathPackage.customKeywords.generateRandomEmail(): keyPathPackage.customKeywords.generateRandomEmail is PASSED

25-10-2024T15:47:56 - [MESSAGE][PASSED] - keyPathPackage.customKeywords.generateRandomEmail is PASSED

25-10-2024T15:47:56 - [TEST_STEP][PASSED] - setText(findTestObject("Object Repository/APAC_University/MBS_University/Degree Program/Field_Email"), Email): Text 'russ.okeefe@yahoo.com' is set on object 'Object Repository/APAC_University/MBS_University/Degree Program/Field_Email'

25-10-2024T15:47:59 - [MESSAGE][PASSED] - Text 'russ.okeefe@yahoo.com' is set on object 'Object Repository/APAC_University/MBS_University/Degree Program/Field_Email'

25-10-2024T15:47:59 - [TEST_STEP][PASSED] - Phonenumber = keyPathPackage.customKeywords.generateRandomAustralianPhoneNumber(): keyPathPackage.customKeywords.generateRandomAustralianPhoneNumber is PASSED

25-10-2024T15:47:59 - [MESSAGE][PASSED] - keyPathPackage.customKeywords.generateRandomAustralianPhoneNumber is PASSED

25-10-2024T15:47:59 - [TEST_STEP][PASSED] - setText(findTestObject("Object Repository/APAC_University/MBS_University/Degree Program/Field_Phonenumber"), Phonenumber): Text '0449234206' is set on object 'Object Repository/APAC_University/MBS_University/Degree Program/Field_Phonenumber'

25-10-2024T15:47:59 - [MESSAGE][PASSED] - Text '0449234206' is set on object 'Object Repository/APAC_University/MBS_University/Degree Program/Field_Phonenumber'

25-10-2024T15:47:59 - [TEST_STEP][PASSED] - Postcode = keyPathPackage.customKeywords.selectRandomPostCode(): keyPathPackage.customKeywords.selectRandomPostCode is PASSED

25-10-2024T15:47:59 - [MESSAGE][PASSED] - keyPathPackage.customKeywords.selectRandomPostCode is PASSED

25-10-2024T15:47:59 - [TEST_STEP][PASSED] - setText(findTestObject("Object Repository/APAC_University/MBS_University/Degree Program/Field_Postcode"), Postcode): Text '6106' is set on object 'Object Repository/APAC_University/MBS_University/Degree Program/Field_Postcode'

25-10-2024T15:48:00 - [MESSAGE][PASSED] - Text '6106' is set on object 'Object Repository/APAC_University/MBS_University/Degree Program/Field_Postcode'

25-10-2024T15:48:00 - [TEST_STEP][PASSED] - setText(findTestObject("Object Repository/APAC_University/MBS_University/Degree Program/Field_Postcode"), Postcode): Text '6106' is set on object 'Object Repository/APAC_University/MBS_University/Degree Program/Field_Postcode'

25-10-2024T15:48:01 - [MESSAGE][PASSED] - Text '6106' is set on object 'Object Repository/APAC_University/MBS_University/Degree Program/Field_Postcode'

25-10-2024T15:48:01 - [TEST_STEP][PASSED] - click(findTestObject("Object Repository/APAC_University/MBS_University/Degree Program/Button_Downloadbrochure")): Object: 'Object Repository/APAC_University/MBS_University/Degree Program/Button_Downloadbrochure' is clicked on

25-10-2024T15:48:01 - [MESSAGE][PASSED] - Object: 'Object Repository/APAC_University/MBS_University/Degree Program/Button_Downloadbrochure' is clicked on]]></system-out>
         <system-err><![CDATA[]]></system-err>
      </testcase>
      <testcase name="Test Cases/APAC_Universities/SEO_PAGES/MBS_University/Short_Courses" time="16.055" classname="Test Cases/APAC_Universities/SEO_PAGES/MBS_University/Short_Courses" status="ERROR">
         <error type="ERROR" message="Test Cases/APAC_Universities/SEO_PAGES/MBS_University/Short_Courses FAILED.&#xa;Reason:&#xa;org.openqa.selenium.ElementNotInteractableException: element not interactable&#xa;  (Session info: chrome=130.0.6723.70)&#xa;Build info: version: '3.141.59', revision: 'unknown', time: 'unknown'&#xa;System info: host: 'Madhans-MacBook-Pro.local', ip: '2401:d002:ab04:5000:a403:b65e:885e:e485%en0', os.name: 'Mac OS X', os.arch: 'aarch64', os.version: '14.3.1', java.version: '17.0.7'&#xa;Driver info: com.kms.katalon.selenium.driver.CChromeDriver&#xa;Capabilities {acceptInsecureCerts: false, browserName: chrome, browserVersion: 130.0.6723.70, chrome: {chromedriverVersion: 130.0.6723.69 (3ec172b971b9..., userDataDir: /var/folders/81/jk91fm7j2_5...}, fedcm:accounts: true, goog:chromeOptions: {debuggerAddress: localhost:62078}, javascriptEnabled: true, networkConnectionEnabled: false, pageLoadStrategy: normal, platform: MAC, platformName: MAC, proxy: Proxy(), setWindowRect: true, strictFileInteractability: false, timeouts: {implicit: 0, pageLoad: 300000, script: 30000}, unhandledPromptBehavior: dismiss and notify, webauthn:extension:credBlob: true, webauthn:extension:largeBlob: true, webauthn:extension:minPinLength: true, webauthn:extension:prf: true, webauthn:virtualAuthenticators: true}&#xa;Session ID: 5d6a4c8570a379d698cf302a633911d9&#xa;	at java.base/jdk.internal.reflect.NativeConstructorAccessorImpl.newInstance0(Native Method)&#xa;	at java.base/jdk.internal.reflect.NativeConstructorAccessorImpl.newInstance(NativeConstructorAccessorImpl.java:77)&#xa;	at java.base/jdk.internal.reflect.DelegatingConstructorAccessorImpl.newInstance(DelegatingConstructorAccessorImpl.java:45)&#xa;	at org.openqa.selenium.remote.http.W3CHttpResponseCodec.createException(W3CHttpResponseCodec.java:187)&#xa;	at org.openqa.selenium.remote.http.W3CHttpResponseCodec.decode(W3CHttpResponseCodec.java:122)&#xa;	at org.openqa.selenium.remote.http.W3CHttpResponseCodec.decode(W3CHttpResponseCodec.java:49)&#xa;	at org.openqa.selenium.remote.HttpCommandExecutor.execute(HttpCommandExecutor.java:158)&#xa;	at org.openqa.selenium.remote.service.DriverCommandExecutor.execute(DriverCommandExecutor.java:83)&#xa;	at org.openqa.selenium.remote.RemoteWebDriver.execute(RemoteWebDriver.java:552)&#xa;	at com.kms.katalon.selenium.driver.CChromeDriver.execute(CChromeDriver.java:19)&#xa;	at org.openqa.selenium.remote.RemoteWebElement.execute(RemoteWebElement.java:285)&#xa;	at org.openqa.selenium.remote.RemoteWebElement.click(RemoteWebElement.java:84)&#xa;	at jdk.internal.reflect.GeneratedMethodAccessor16.invoke(Unknown Source)&#xa;	at java.base/jdk.internal.reflect.DelegatingMethodAccessorImpl.invoke(DelegatingMethodAccessorImpl.java:43)&#xa;	at org.openqa.selenium.support.events.EventFiringWebDriver$EventFiringWebElement.lambda$new$0(EventFiringWebDriver.java:404)&#xa;	at jdk.proxy2/jdk.proxy2.$Proxy24.click(Unknown Source)&#xa;	at org.openqa.selenium.support.events.EventFiringWebDriver$EventFiringWebElement.click(EventFiringWebDriver.java:417)&#xa;	at Short_Courses.run(Short_Courses:55)&#xa;	at com.kms.katalon.core.main.ScriptEngine.run(ScriptEngine.java:194)&#xa;	at com.kms.katalon.core.main.ScriptEngine.runScriptAsRawText(ScriptEngine.java:119)&#xa;	at com.kms.katalon.core.main.TestCaseExecutor.runScript(TestCaseExecutor.java:448)&#xa;	at com.kms.katalon.core.main.TestCaseExecutor.doExecute(TestCaseExecutor.java:439)&#xa;	at com.kms.katalon.core.main.TestCaseExecutor.processExecutionPhase(TestCaseExecutor.java:418)&#xa;	at com.kms.katalon.core.main.TestCaseExecutor.accessMainPhase(TestCaseExecutor.java:410)&#xa;	at com.kms.katalon.core.main.TestCaseExecutor.execute(TestCaseExecutor.java:285)&#xa;	at com.kms.katalon.core.common.CommonExecutor.accessTestCaseMainPhase(CommonExecutor.java:65)&#xa;	at com.kms.katalon.core.main.TestSuiteExecutor.accessTestSuiteMainPhase(TestSuiteExecutor.java:150)&#xa;	at com.kms.katalon.core.main.TestSuiteExecutor.execute(TestSuiteExecutor.java:106)&#xa;	at com.kms.katalon.core.main.TestCaseMain.startTestSuite(TestCaseMain.java:180)&#xa;	at TempTestSuite1729831388364.run(TempTestSuite1729831388364.groovy:35)&#xa;	at java.base/jdk.internal.reflect.NativeMethodAccessorImpl.invoke0(Native Method)&#xa;	at java.base/jdk.internal.reflect.NativeMethodAccessorImpl.invoke(NativeMethodAccessorImpl.java:77)&#xa;	at java.base/jdk.internal.reflect.DelegatingMethodAccessorImpl.invoke(DelegatingMethodAccessorImpl.java:43)&#xa;"/>
         <system-out><![CDATA[25-10-2024T15:48:01 - [TEST_CASE][ERROR] - Test Cases/APAC_Universities/SEO_PAGES/MBS_University/Short_Courses: Test Cases/APAC_Universities/SEO_PAGES/MBS_University/Short_Courses FAILED.
Reason:
org.openqa.selenium.ElementNotInteractableException: element not interactable
  (Session info: chrome=130.0.6723.70)
Build info: version: '3.141.59', revision: 'unknown', time: 'unknown'
System info: host: 'Madhans-MacBook-Pro.local', ip: '2401:d002:ab04:5000:a403:b65e:885e:e485%en0', os.name: 'Mac OS X', os.arch: 'aarch64', os.version: '14.3.1', java.version: '17.0.7'
Driver info: com.kms.katalon.selenium.driver.CChromeDriver
Capabilities {acceptInsecureCerts: false, browserName: chrome, browserVersion: 130.0.6723.70, chrome: {chromedriverVersion: 130.0.6723.69 (3ec172b971b9..., userDataDir: /var/folders/81/jk91fm7j2_5...}, fedcm:accounts: true, goog:chromeOptions: {debuggerAddress: localhost:62078}, javascriptEnabled: true, networkConnectionEnabled: false, pageLoadStrategy: normal, platform: MAC, platformName: MAC, proxy: Proxy(), setWindowRect: true, strictFileInteractability: false, timeouts: {implicit: 0, pageLoad: 300000, script: 30000}, unhandledPromptBehavior: dismiss and notify, webauthn:extension:credBlob: true, webauthn:extension:largeBlob: true, webauthn:extension:minPinLength: true, webauthn:extension:prf: true, webauthn:virtualAuthenticators: true}
Session ID: 5d6a4c8570a379d698cf302a633911d9
	at java.base/jdk.internal.reflect.NativeConstructorAccessorImpl.newInstance0(Native Method)
	at java.base/jdk.internal.reflect.NativeConstructorAccessorImpl.newInstance(NativeConstructorAccessorImpl.java:77)
	at java.base/jdk.internal.reflect.DelegatingConstructorAccessorImpl.newInstance(DelegatingConstructorAccessorImpl.java:45)
	at org.openqa.selenium.remote.http.W3CHttpResponseCodec.createException(W3CHttpResponseCodec.java:187)
	at org.openqa.selenium.remote.http.W3CHttpResponseCodec.decode(W3CHttpResponseCodec.java:122)
	at org.openqa.selenium.remote.http.W3CHttpResponseCodec.decode(W3CHttpResponseCodec.java:49)
	at org.openqa.selenium.remote.HttpCommandExecutor.execute(HttpCommandExecutor.java:158)
	at org.openqa.selenium.remote.service.DriverCommandExecutor.execute(DriverCommandExecutor.java:83)
	at org.openqa.selenium.remote.RemoteWebDriver.execute(RemoteWebDriver.java:552)
	at com.kms.katalon.selenium.driver.CChromeDriver.execute(CChromeDriver.java:19)
	at org.openqa.selenium.remote.RemoteWebElement.execute(RemoteWebElement.java:285)
	at org.openqa.selenium.remote.RemoteWebElement.click(RemoteWebElement.java:84)
	at jdk.internal.reflect.GeneratedMethodAccessor16.invoke(Unknown Source)
	at java.base/jdk.internal.reflect.DelegatingMethodAccessorImpl.invoke(DelegatingMethodAccessorImpl.java:43)
	at org.openqa.selenium.support.events.EventFiringWebDriver$EventFiringWebElement.lambda$new$0(EventFiringWebDriver.java:404)
	at jdk.proxy2/jdk.proxy2.$Proxy24.click(Unknown Source)
	at org.openqa.selenium.support.events.EventFiringWebDriver$EventFiringWebElement.click(EventFiringWebDriver.java:417)
	at Short_Courses.run(Short_Courses:55)
	at com.kms.katalon.core.main.ScriptEngine.run(ScriptEngine.java:194)
	at com.kms.katalon.core.main.ScriptEngine.runScriptAsRawText(ScriptEngine.java:119)
	at com.kms.katalon.core.main.TestCaseExecutor.runScript(TestCaseExecutor.java:448)
	at com.kms.katalon.core.main.TestCaseExecutor.doExecute(TestCaseExecutor.java:439)
	at com.kms.katalon.core.main.TestCaseExecutor.processExecutionPhase(TestCaseExecutor.java:418)
	at com.kms.katalon.core.main.TestCaseExecutor.accessMainPhase(TestCaseExecutor.java:410)
	at com.kms.katalon.core.main.TestCaseExecutor.execute(TestCaseExecutor.java:285)
	at com.kms.katalon.core.common.CommonExecutor.accessTestCaseMainPhase(CommonExecutor.java:65)
	at com.kms.katalon.core.main.TestSuiteExecutor.accessTestSuiteMainPhase(TestSuiteExecutor.java:150)
	at com.kms.katalon.core.main.TestSuiteExecutor.execute(TestSuiteExecutor.java:106)
	at com.kms.katalon.core.main.TestCaseMain.startTestSuite(TestCaseMain.java:180)
	at TempTestSuite1729831388364.run(TempTestSuite1729831388364.groovy:35)
	at java.base/jdk.internal.reflect.NativeMethodAccessorImpl.invoke0(Native Method)
	at java.base/jdk.internal.reflect.NativeMethodAccessorImpl.invoke(NativeMethodAccessorImpl.java:77)
	at java.base/jdk.internal.reflect.DelegatingMethodAccessorImpl.invoke(DelegatingMethodAccessorImpl.java:43)


25-10-2024T15:48:01 - [TEST_STEP][PASSED] - buttonObject = findTestObject("Object Repository/APAC_University/MBS_University/Short_Courses/List_ShortCourses"): null

25-10-2024T15:48:01 - [TEST_STEP][PASSED] - mouseOver(buttonObject): Object: 'Object Repository/APAC_University/MBS_University/Short_Courses/List_ShortCourses' is hovered

25-10-2024T15:48:06 - [MESSAGE][PASSED] - Object: 'Object Repository/APAC_University/MBS_University/Short_Courses/List_ShortCourses' is hovered

25-10-2024T15:48:06 - [TEST_STEP][PASSED] - list1 = findTestObject("Object Repository/APAC_University/MBS_University/Short_Courses/Shortcourse_Listone"): null

25-10-2024T15:48:06 - [TEST_STEP][PASSED] - list2 = findTestObject("Object Repository/APAC_University/MBS_University/Short_Courses/Shortcourse_Listtwo"): null

25-10-2024T15:48:06 - [TEST_STEP][PASSED] - list3 = findTestObject("Object Repository/APAC_University/MBS_University/Short_Courses/Shortcourse_Listthree"): null

25-10-2024T15:48:06 - [TEST_STEP][PASSED] - lists = [list1, list2, list3]: null

25-10-2024T15:48:06 - [TEST_STEP][PASSED] - rand = new java.util.Random(): null

25-10-2024T15:48:06 - [TEST_STEP][PASSED] - randomListIndex = rand.nextInt(lists.size()): null

25-10-2024T15:48:06 - [TEST_STEP][PASSED] - selectedList = lists.get(randomListIndex): null

25-10-2024T15:48:06 - [TEST_STEP][PASSED] - waitForElementVisible(selectedList, 10): Object 'Object Repository/APAC_University/MBS_University/Short_Courses/Shortcourse_Listthree' is not visible after 10 second(s)

25-10-2024T15:48:17 - [MESSAGE][WARNING] - Object 'Object Repository/APAC_University/MBS_University/Short_Courses/Shortcourse_Listthree' is not visible after 10 second(s)

25-10-2024T15:48:17 - [TEST_STEP][PASSED] - listItems = findWebElements(selectedList, 30): Found web elements by test object Object Repository/APAC_University/MBS_University/Short_Courses/Shortcourse_Listthree

25-10-2024T15:48:17 - [MESSAGE][PASSED] - Found web elements by test object Object Repository/APAC_University/MBS_University/Short_Courses/Shortcourse_Listthree

25-10-2024T15:48:17 - [TEST_STEP][ERROR] - if (listItems.size() > 0): Test Cases/APAC_Universities/SEO_PAGES/MBS_University/Short_Courses FAILED.
Reason:
org.openqa.selenium.ElementNotInteractableException: element not interactable
  (Session info: chrome=130.0.6723.70)
Build info: version: '3.141.59', revision: 'unknown', time: 'unknown'
System info: host: 'Madhans-MacBook-Pro.local', ip: '2401:d002:ab04:5000:a403:b65e:885e:e485%en0', os.name: 'Mac OS X', os.arch: 'aarch64', os.version: '14.3.1', java.version: '17.0.7'
Driver info: com.kms.katalon.selenium.driver.CChromeDriver
Capabilities {acceptInsecureCerts: false, browserName: chrome, browserVersion: 130.0.6723.70, chrome: {chromedriverVersion: 130.0.6723.69 (3ec172b971b9..., userDataDir: /var/folders/81/jk91fm7j2_5...}, fedcm:accounts: true, goog:chromeOptions: {debuggerAddress: localhost:62078}, javascriptEnabled: true, networkConnectionEnabled: false, pageLoadStrategy: normal, platform: MAC, platformName: MAC, proxy: Proxy(), setWindowRect: true, strictFileInteractability: false, timeouts: {implicit: 0, pageLoad: 300000, script: 30000}, unhandledPromptBehavior: dismiss and notify, webauthn:extension:credBlob: true, webauthn:extension:largeBlob: true, webauthn:extension:minPinLength: true, webauthn:extension:prf: true, webauthn:virtualAuthenticators: true}
Session ID: 5d6a4c8570a379d698cf302a633911d9
	at java.base/jdk.internal.reflect.NativeConstructorAccessorImpl.newInstance0(Native Method)
	at java.base/jdk.internal.reflect.NativeConstructorAccessorImpl.newInstance(NativeConstructorAccessorImpl.java:77)
	at java.base/jdk.internal.reflect.DelegatingConstructorAccessorImpl.newInstance(DelegatingConstructorAccessorImpl.java:45)
	at org.openqa.selenium.remote.http.W3CHttpResponseCodec.createException(W3CHttpResponseCodec.java:187)
	at org.openqa.selenium.remote.http.W3CHttpResponseCodec.decode(W3CHttpResponseCodec.java:122)
	at org.openqa.selenium.remote.http.W3CHttpResponseCodec.decode(W3CHttpResponseCodec.java:49)
	at org.openqa.selenium.remote.HttpCommandExecutor.execute(HttpCommandExecutor.java:158)
	at org.openqa.selenium.remote.service.DriverCommandExecutor.execute(DriverCommandExecutor.java:83)
	at org.openqa.selenium.remote.RemoteWebDriver.execute(RemoteWebDriver.java:552)
	at com.kms.katalon.selenium.driver.CChromeDriver.execute(CChromeDriver.java:19)
	at org.openqa.selenium.remote.RemoteWebElement.execute(RemoteWebElement.java:285)
	at org.openqa.selenium.remote.RemoteWebElement.click(RemoteWebElement.java:84)
	at jdk.internal.reflect.GeneratedMethodAccessor16.invoke(Unknown Source)
	at java.base/jdk.internal.reflect.DelegatingMethodAccessorImpl.invoke(DelegatingMethodAccessorImpl.java:43)
	at org.openqa.selenium.support.events.EventFiringWebDriver$EventFiringWebElement.lambda$new$0(EventFiringWebDriver.java:404)
	at jdk.proxy2/jdk.proxy2.$Proxy24.click(Unknown Source)
	at org.openqa.selenium.support.events.EventFiringWebDriver$EventFiringWebElement.click(EventFiringWebDriver.java:417)
	at Short_Courses.run(Short_Courses:55)
	at com.kms.katalon.core.main.ScriptEngine.run(ScriptEngine.java:194)
	at com.kms.katalon.core.main.ScriptEngine.runScriptAsRawText(ScriptEngine.java:119)
	at com.kms.katalon.core.main.TestCaseExecutor.runScript(TestCaseExecutor.java:448)
	at com.kms.katalon.core.main.TestCaseExecutor.doExecute(TestCaseExecutor.java:439)
	at com.kms.katalon.core.main.TestCaseExecutor.processExecutionPhase(TestCaseExecutor.java:418)
	at com.kms.katalon.core.main.TestCaseExecutor.accessMainPhase(TestCaseExecutor.java:410)
	at com.kms.katalon.core.main.TestCaseExecutor.execute(TestCaseExecutor.java:285)
	at com.kms.katalon.core.common.CommonExecutor.accessTestCaseMainPhase(CommonExecutor.java:65)
	at com.kms.katalon.core.main.TestSuiteExecutor.accessTestSuiteMainPhase(TestSuiteExecutor.java:150)
	at com.kms.katalon.core.main.TestSuiteExecutor.execute(TestSuiteExecutor.java:106)
	at com.kms.katalon.core.main.TestCaseMain.startTestSuite(TestCaseMain.java:180)
	at TempTestSuite1729831388364.run(TempTestSuite1729831388364.groovy:35)
	at java.base/jdk.internal.reflect.NativeMethodAccessorImpl.invoke0(Native Method)
	at java.base/jdk.internal.reflect.NativeMethodAccessorImpl.invoke(NativeMethodAccessorImpl.java:77)
	at java.base/jdk.internal.reflect.DelegatingMethodAccessorImpl.invoke(DelegatingMethodAccessorImpl.java:43)


25-10-2024T15:48:17 - [TEST_STEP][PASSED] - randomItemIndex = rand.nextInt(listItems.size()): null

25-10-2024T15:48:17 - [TEST_STEP][PASSED] - randomItem = listItems.get(randomItemIndex): null

25-10-2024T15:48:17 - [TEST_STEP][ERROR] - randomItem.click(): Test Cases/APAC_Universities/SEO_PAGES/MBS_University/Short_Courses FAILED.
Reason:
org.openqa.selenium.ElementNotInteractableException: element not interactable
  (Session info: chrome=130.0.6723.70)
Build info: version: '3.141.59', revision: 'unknown', time: 'unknown'
System info: host: 'Madhans-MacBook-Pro.local', ip: '2401:d002:ab04:5000:a403:b65e:885e:e485%en0', os.name: 'Mac OS X', os.arch: 'aarch64', os.version: '14.3.1', java.version: '17.0.7'
Driver info: com.kms.katalon.selenium.driver.CChromeDriver
Capabilities {acceptInsecureCerts: false, browserName: chrome, browserVersion: 130.0.6723.70, chrome: {chromedriverVersion: 130.0.6723.69 (3ec172b971b9..., userDataDir: /var/folders/81/jk91fm7j2_5...}, fedcm:accounts: true, goog:chromeOptions: {debuggerAddress: localhost:62078}, javascriptEnabled: true, networkConnectionEnabled: false, pageLoadStrategy: normal, platform: MAC, platformName: MAC, proxy: Proxy(), setWindowRect: true, strictFileInteractability: false, timeouts: {implicit: 0, pageLoad: 300000, script: 30000}, unhandledPromptBehavior: dismiss and notify, webauthn:extension:credBlob: true, webauthn:extension:largeBlob: true, webauthn:extension:minPinLength: true, webauthn:extension:prf: true, webauthn:virtualAuthenticators: true}
Session ID: 5d6a4c8570a379d698cf302a633911d9
	at java.base/jdk.internal.reflect.NativeConstructorAccessorImpl.newInstance0(Native Method)
	at java.base/jdk.internal.reflect.NativeConstructorAccessorImpl.newInstance(NativeConstructorAccessorImpl.java:77)
	at java.base/jdk.internal.reflect.DelegatingConstructorAccessorImpl.newInstance(DelegatingConstructorAccessorImpl.java:45)
	at org.openqa.selenium.remote.http.W3CHttpResponseCodec.createException(W3CHttpResponseCodec.java:187)
	at org.openqa.selenium.remote.http.W3CHttpResponseCodec.decode(W3CHttpResponseCodec.java:122)
	at org.openqa.selenium.remote.http.W3CHttpResponseCodec.decode(W3CHttpResponseCodec.java:49)
	at org.openqa.selenium.remote.HttpCommandExecutor.execute(HttpCommandExecutor.java:158)
	at org.openqa.selenium.remote.service.DriverCommandExecutor.execute(DriverCommandExecutor.java:83)
	at org.openqa.selenium.remote.RemoteWebDriver.execute(RemoteWebDriver.java:552)
	at com.kms.katalon.selenium.driver.CChromeDriver.execute(CChromeDriver.java:19)
	at org.openqa.selenium.remote.RemoteWebElement.execute(RemoteWebElement.java:285)
	at org.openqa.selenium.remote.RemoteWebElement.click(RemoteWebElement.java:84)
	at jdk.internal.reflect.GeneratedMethodAccessor16.invoke(Unknown Source)
	at java.base/jdk.internal.reflect.DelegatingMethodAccessorImpl.invoke(DelegatingMethodAccessorImpl.java:43)
	at org.openqa.selenium.support.events.EventFiringWebDriver$EventFiringWebElement.lambda$new$0(EventFiringWebDriver.java:404)
	at jdk.proxy2/jdk.proxy2.$Proxy24.click(Unknown Source)
	at org.openqa.selenium.support.events.EventFiringWebDriver$EventFiringWebElement.click(EventFiringWebDriver.java:417)
	at Short_Courses.run(Short_Courses:55)
	at com.kms.katalon.core.main.ScriptEngine.run(ScriptEngine.java:194)
	at com.kms.katalon.core.main.ScriptEngine.runScriptAsRawText(ScriptEngine.java:119)
	at com.kms.katalon.core.main.TestCaseExecutor.runScript(TestCaseExecutor.java:448)
	at com.kms.katalon.core.main.TestCaseExecutor.doExecute(TestCaseExecutor.java:439)
	at com.kms.katalon.core.main.TestCaseExecutor.processExecutionPhase(TestCaseExecutor.java:418)
	at com.kms.katalon.core.main.TestCaseExecutor.accessMainPhase(TestCaseExecutor.java:410)
	at com.kms.katalon.core.main.TestCaseExecutor.execute(TestCaseExecutor.java:285)
	at com.kms.katalon.core.common.CommonExecutor.accessTestCaseMainPhase(CommonExecutor.java:65)
	at com.kms.katalon.core.main.TestSuiteExecutor.accessTestSuiteMainPhase(TestSuiteExecutor.java:150)
	at com.kms.katalon.core.main.TestSuiteExecutor.execute(TestSuiteExecutor.java:106)
	at com.kms.katalon.core.main.TestCaseMain.startTestSuite(TestCaseMain.java:180)
	at TempTestSuite1729831388364.run(TempTestSuite1729831388364.groovy:35)
	at java.base/jdk.internal.reflect.NativeMethodAccessorImpl.invoke0(Native Method)
	at java.base/jdk.internal.reflect.NativeMethodAccessorImpl.invoke(NativeMethodAccessorImpl.java:77)
	at java.base/jdk.internal.reflect.DelegatingMethodAccessorImpl.invoke(DelegatingMethodAccessorImpl.java:43)


25-10-2024T15:48:17 - [MESSAGE][ERROR] - Test Cases/APAC_Universities/SEO_PAGES/MBS_University/Short_Courses FAILED.
Reason:
org.openqa.selenium.ElementNotInteractableException: element not interactable
  (Session info: chrome=130.0.6723.70)
Build info: version: '3.141.59', revision: 'unknown', time: 'unknown'
System info: host: 'Madhans-MacBook-Pro.local', ip: '2401:d002:ab04:5000:a403:b65e:885e:e485%en0', os.name: 'Mac OS X', os.arch: 'aarch64', os.version: '14.3.1', java.version: '17.0.7'
Driver info: com.kms.katalon.selenium.driver.CChromeDriver
Capabilities {acceptInsecureCerts: false, browserName: chrome, browserVersion: 130.0.6723.70, chrome: {chromedriverVersion: 130.0.6723.69 (3ec172b971b9..., userDataDir: /var/folders/81/jk91fm7j2_5...}, fedcm:accounts: true, goog:chromeOptions: {debuggerAddress: localhost:62078}, javascriptEnabled: true, networkConnectionEnabled: false, pageLoadStrategy: normal, platform: MAC, platformName: MAC, proxy: Proxy(), setWindowRect: true, strictFileInteractability: false, timeouts: {implicit: 0, pageLoad: 300000, script: 30000}, unhandledPromptBehavior: dismiss and notify, webauthn:extension:credBlob: true, webauthn:extension:largeBlob: true, webauthn:extension:minPinLength: true, webauthn:extension:prf: true, webauthn:virtualAuthenticators: true}
Session ID: 5d6a4c8570a379d698cf302a633911d9
	at java.base/jdk.internal.reflect.NativeConstructorAccessorImpl.newInstance0(Native Method)
	at java.base/jdk.internal.reflect.NativeConstructorAccessorImpl.newInstance(NativeConstructorAccessorImpl.java:77)
	at java.base/jdk.internal.reflect.DelegatingConstructorAccessorImpl.newInstance(DelegatingConstructorAccessorImpl.java:45)
	at org.openqa.selenium.remote.http.W3CHttpResponseCodec.createException(W3CHttpResponseCodec.java:187)
	at org.openqa.selenium.remote.http.W3CHttpResponseCodec.decode(W3CHttpResponseCodec.java:122)
	at org.openqa.selenium.remote.http.W3CHttpResponseCodec.decode(W3CHttpResponseCodec.java:49)
	at org.openqa.selenium.remote.HttpCommandExecutor.execute(HttpCommandExecutor.java:158)
	at org.openqa.selenium.remote.service.DriverCommandExecutor.execute(DriverCommandExecutor.java:83)
	at org.openqa.selenium.remote.RemoteWebDriver.execute(RemoteWebDriver.java:552)
	at com.kms.katalon.selenium.driver.CChromeDriver.execute(CChromeDriver.java:19)
	at org.openqa.selenium.remote.RemoteWebElement.execute(RemoteWebElement.java:285)
	at org.openqa.selenium.remote.RemoteWebElement.click(RemoteWebElement.java:84)
	at jdk.internal.reflect.GeneratedMethodAccessor16.invoke(Unknown Source)
	at java.base/jdk.internal.reflect.DelegatingMethodAccessorImpl.invoke(DelegatingMethodAccessorImpl.java:43)
	at org.openqa.selenium.support.events.EventFiringWebDriver$EventFiringWebElement.lambda$new$0(EventFiringWebDriver.java:404)
	at jdk.proxy2/jdk.proxy2.$Proxy24.click(Unknown Source)
	at org.openqa.selenium.support.events.EventFiringWebDriver$EventFiringWebElement.click(EventFiringWebDriver.java:417)
	at Short_Courses.run(Short_Courses:55)
	at com.kms.katalon.core.main.ScriptEngine.run(ScriptEngine.java:194)
	at com.kms.katalon.core.main.ScriptEngine.runScriptAsRawText(ScriptEngine.java:119)
	at com.kms.katalon.core.main.TestCaseExecutor.runScript(TestCaseExecutor.java:448)
	at com.kms.katalon.core.main.TestCaseExecutor.doExecute(TestCaseExecutor.java:439)
	at com.kms.katalon.core.main.TestCaseExecutor.processExecutionPhase(TestCaseExecutor.java:418)
	at com.kms.katalon.core.main.TestCaseExecutor.accessMainPhase(TestCaseExecutor.java:410)
	at com.kms.katalon.core.main.TestCaseExecutor.execute(TestCaseExecutor.java:285)
	at com.kms.katalon.core.common.CommonExecutor.accessTestCaseMainPhase(CommonExecutor.java:65)
	at com.kms.katalon.core.main.TestSuiteExecutor.accessTestSuiteMainPhase(TestSuiteExecutor.java:150)
	at com.kms.katalon.core.main.TestSuiteExecutor.execute(TestSuiteExecutor.java:106)
	at com.kms.katalon.core.main.TestCaseMain.startTestSuite(TestCaseMain.java:180)
	at TempTestSuite1729831388364.run(TempTestSuite1729831388364.groovy:35)
	at java.base/jdk.internal.reflect.NativeMethodAccessorImpl.invoke0(Native Method)
	at java.base/jdk.internal.reflect.NativeMethodAccessorImpl.invoke(NativeMethodAccessorImpl.java:77)
	at java.base/jdk.internal.reflect.DelegatingMethodAccessorImpl.invoke(DelegatingMethodAccessorImpl.java:43)]]></system-out>
         <system-err><![CDATA[25-10-2024T15:48:01 - [TEST_CASE][ERROR] - Test Cases/APAC_Universities/SEO_PAGES/MBS_University/Short_Courses: Test Cases/APAC_Universities/SEO_PAGES/MBS_University/Short_Courses FAILED.
Reason:
org.openqa.selenium.ElementNotInteractableException: element not interactable
  (Session info: chrome=130.0.6723.70)
Build info: version: '3.141.59', revision: 'unknown', time: 'unknown'
System info: host: 'Madhans-MacBook-Pro.local', ip: '2401:d002:ab04:5000:a403:b65e:885e:e485%en0', os.name: 'Mac OS X', os.arch: 'aarch64', os.version: '14.3.1', java.version: '17.0.7'
Driver info: com.kms.katalon.selenium.driver.CChromeDriver
Capabilities {acceptInsecureCerts: false, browserName: chrome, browserVersion: 130.0.6723.70, chrome: {chromedriverVersion: 130.0.6723.69 (3ec172b971b9..., userDataDir: /var/folders/81/jk91fm7j2_5...}, fedcm:accounts: true, goog:chromeOptions: {debuggerAddress: localhost:62078}, javascriptEnabled: true, networkConnectionEnabled: false, pageLoadStrategy: normal, platform: MAC, platformName: MAC, proxy: Proxy(), setWindowRect: true, strictFileInteractability: false, timeouts: {implicit: 0, pageLoad: 300000, script: 30000}, unhandledPromptBehavior: dismiss and notify, webauthn:extension:credBlob: true, webauthn:extension:largeBlob: true, webauthn:extension:minPinLength: true, webauthn:extension:prf: true, webauthn:virtualAuthenticators: true}
Session ID: 5d6a4c8570a379d698cf302a633911d9
	at java.base/jdk.internal.reflect.NativeConstructorAccessorImpl.newInstance0(Native Method)
	at java.base/jdk.internal.reflect.NativeConstructorAccessorImpl.newInstance(NativeConstructorAccessorImpl.java:77)
	at java.base/jdk.internal.reflect.DelegatingConstructorAccessorImpl.newInstance(DelegatingConstructorAccessorImpl.java:45)
	at org.openqa.selenium.remote.http.W3CHttpResponseCodec.createException(W3CHttpResponseCodec.java:187)
	at org.openqa.selenium.remote.http.W3CHttpResponseCodec.decode(W3CHttpResponseCodec.java:122)
	at org.openqa.selenium.remote.http.W3CHttpResponseCodec.decode(W3CHttpResponseCodec.java:49)
	at org.openqa.selenium.remote.HttpCommandExecutor.execute(HttpCommandExecutor.java:158)
	at org.openqa.selenium.remote.service.DriverCommandExecutor.execute(DriverCommandExecutor.java:83)
	at org.openqa.selenium.remote.RemoteWebDriver.execute(RemoteWebDriver.java:552)
	at com.kms.katalon.selenium.driver.CChromeDriver.execute(CChromeDriver.java:19)
	at org.openqa.selenium.remote.RemoteWebElement.execute(RemoteWebElement.java:285)
	at org.openqa.selenium.remote.RemoteWebElement.click(RemoteWebElement.java:84)
	at jdk.internal.reflect.GeneratedMethodAccessor16.invoke(Unknown Source)
	at java.base/jdk.internal.reflect.DelegatingMethodAccessorImpl.invoke(DelegatingMethodAccessorImpl.java:43)
	at org.openqa.selenium.support.events.EventFiringWebDriver$EventFiringWebElement.lambda$new$0(EventFiringWebDriver.java:404)
	at jdk.proxy2/jdk.proxy2.$Proxy24.click(Unknown Source)
	at org.openqa.selenium.support.events.EventFiringWebDriver$EventFiringWebElement.click(EventFiringWebDriver.java:417)
	at Short_Courses.run(Short_Courses:55)
	at com.kms.katalon.core.main.ScriptEngine.run(ScriptEngine.java:194)
	at com.kms.katalon.core.main.ScriptEngine.runScriptAsRawText(ScriptEngine.java:119)
	at com.kms.katalon.core.main.TestCaseExecutor.runScript(TestCaseExecutor.java:448)
	at com.kms.katalon.core.main.TestCaseExecutor.doExecute(TestCaseExecutor.java:439)
	at com.kms.katalon.core.main.TestCaseExecutor.processExecutionPhase(TestCaseExecutor.java:418)
	at com.kms.katalon.core.main.TestCaseExecutor.accessMainPhase(TestCaseExecutor.java:410)
	at com.kms.katalon.core.main.TestCaseExecutor.execute(TestCaseExecutor.java:285)
	at com.kms.katalon.core.common.CommonExecutor.accessTestCaseMainPhase(CommonExecutor.java:65)
	at com.kms.katalon.core.main.TestSuiteExecutor.accessTestSuiteMainPhase(TestSuiteExecutor.java:150)
	at com.kms.katalon.core.main.TestSuiteExecutor.execute(TestSuiteExecutor.java:106)
	at com.kms.katalon.core.main.TestCaseMain.startTestSuite(TestCaseMain.java:180)
	at TempTestSuite1729831388364.run(TempTestSuite1729831388364.groovy:35)
	at java.base/jdk.internal.reflect.NativeMethodAccessorImpl.invoke0(Native Method)
	at java.base/jdk.internal.reflect.NativeMethodAccessorImpl.invoke(NativeMethodAccessorImpl.java:77)
	at java.base/jdk.internal.reflect.DelegatingMethodAccessorImpl.invoke(DelegatingMethodAccessorImpl.java:43)]]></system-err>
      </testcase>
      <testcase name="Test Cases/APAC_Universities/SEO_PAGES/MBS_University/Enrol_Now" time="11.077" classname="Test Cases/APAC_Universities/SEO_PAGES/MBS_University/Enrol_Now" status="ERROR">
         <error type="ERROR" message="Test Cases/APAC_Universities/SEO_PAGES/MBS_University/Enrol_Now FAILED.&#xa;Reason:&#xa;org.openqa.selenium.ElementNotInteractableException: element not interactable&#xa;  (Session info: chrome=130.0.6723.70)&#xa;Build info: version: '3.141.59', revision: 'unknown', time: 'unknown'&#xa;System info: host: 'Madhans-MacBook-Pro.local', ip: '2401:d002:ab04:5000:a403:b65e:885e:e485%en0', os.name: 'Mac OS X', os.arch: 'aarch64', os.version: '14.3.1', java.version: '17.0.7'&#xa;Driver info: com.kms.katalon.selenium.driver.CChromeDriver&#xa;Capabilities {acceptInsecureCerts: false, browserName: chrome, browserVersion: 130.0.6723.70, chrome: {chromedriverVersion: 130.0.6723.69 (3ec172b971b9..., userDataDir: /var/folders/81/jk91fm7j2_5...}, fedcm:accounts: true, goog:chromeOptions: {debuggerAddress: localhost:62078}, javascriptEnabled: true, networkConnectionEnabled: false, pageLoadStrategy: normal, platform: MAC, platformName: MAC, proxy: Proxy(), setWindowRect: true, strictFileInteractability: false, timeouts: {implicit: 0, pageLoad: 300000, script: 30000}, unhandledPromptBehavior: dismiss and notify, webauthn:extension:credBlob: true, webauthn:extension:largeBlob: true, webauthn:extension:minPinLength: true, webauthn:extension:prf: true, webauthn:virtualAuthenticators: true}&#xa;Session ID: 5d6a4c8570a379d698cf302a633911d9&#xa;	at java.base/jdk.internal.reflect.NativeConstructorAccessorImpl.newInstance0(Native Method)&#xa;	at java.base/jdk.internal.reflect.NativeConstructorAccessorImpl.newInstance(NativeConstructorAccessorImpl.java:77)&#xa;	at java.base/jdk.internal.reflect.DelegatingConstructorAccessorImpl.newInstance(DelegatingConstructorAccessorImpl.java:45)&#xa;	at org.openqa.selenium.remote.http.W3CHttpResponseCodec.createException(W3CHttpResponseCodec.java:187)&#xa;	at org.openqa.selenium.remote.http.W3CHttpResponseCodec.decode(W3CHttpResponseCodec.java:122)&#xa;	at org.openqa.selenium.remote.http.W3CHttpResponseCodec.decode(W3CHttpResponseCodec.java:49)&#xa;	at org.openqa.selenium.remote.HttpCommandExecutor.execute(HttpCommandExecutor.java:158)&#xa;	at org.openqa.selenium.remote.service.DriverCommandExecutor.execute(DriverCommandExecutor.java:83)&#xa;	at org.openqa.selenium.remote.RemoteWebDriver.execute(RemoteWebDriver.java:552)&#xa;	at com.kms.katalon.selenium.driver.CChromeDriver.execute(CChromeDriver.java:19)&#xa;	at org.openqa.selenium.remote.RemoteWebElement.execute(RemoteWebElement.java:285)&#xa;	at org.openqa.selenium.remote.RemoteWebElement.click(RemoteWebElement.java:84)&#xa;	at jdk.internal.reflect.GeneratedMethodAccessor16.invoke(Unknown Source)&#xa;	at java.base/jdk.internal.reflect.DelegatingMethodAccessorImpl.invoke(DelegatingMethodAccessorImpl.java:43)&#xa;	at org.openqa.selenium.support.events.EventFiringWebDriver$EventFiringWebElement.lambda$new$0(EventFiringWebDriver.java:404)&#xa;	at jdk.proxy2/jdk.proxy2.$Proxy24.click(Unknown Source)&#xa;	at org.openqa.selenium.support.events.EventFiringWebDriver$EventFiringWebElement.click(EventFiringWebDriver.java:417)&#xa;	at Enrol_Now.run(Enrol_Now:56)&#xa;	at com.kms.katalon.core.main.ScriptEngine.run(ScriptEngine.java:194)&#xa;	at com.kms.katalon.core.main.ScriptEngine.runScriptAsRawText(ScriptEngine.java:119)&#xa;	at com.kms.katalon.core.main.TestCaseExecutor.runScript(TestCaseExecutor.java:448)&#xa;	at com.kms.katalon.core.main.TestCaseExecutor.doExecute(TestCaseExecutor.java:439)&#xa;	at com.kms.katalon.core.main.TestCaseExecutor.processExecutionPhase(TestCaseExecutor.java:418)&#xa;	at com.kms.katalon.core.main.TestCaseExecutor.accessMainPhase(TestCaseExecutor.java:410)&#xa;	at com.kms.katalon.core.main.TestCaseExecutor.execute(TestCaseExecutor.java:285)&#xa;	at com.kms.katalon.core.common.CommonExecutor.accessTestCaseMainPhase(CommonExecutor.java:65)&#xa;	at com.kms.katalon.core.main.TestSuiteExecutor.accessTestSuiteMainPhase(TestSuiteExecutor.java:150)&#xa;	at com.kms.katalon.core.main.TestSuiteExecutor.execute(TestSuiteExecutor.java:106)&#xa;	at com.kms.katalon.core.main.TestCaseMain.startTestSuite(TestCaseMain.java:180)&#xa;	at TempTestSuite1729831388364.run(TempTestSuite1729831388364.groovy:35)&#xa;	at java.base/jdk.internal.reflect.NativeMethodAccessorImpl.invoke0(Native Method)&#xa;	at java.base/jdk.internal.reflect.NativeMethodAccessorImpl.invoke(NativeMethodAccessorImpl.java:77)&#xa;	at java.base/jdk.internal.reflect.DelegatingMethodAccessorImpl.invoke(DelegatingMethodAccessorImpl.java:43)&#xa;"/>
         <system-out><![CDATA[25-10-2024T15:48:17 - [TEST_CASE][ERROR] - Test Cases/APAC_Universities/SEO_PAGES/MBS_University/Enrol_Now: Test Cases/APAC_Universities/SEO_PAGES/MBS_University/Enrol_Now FAILED.
Reason:
org.openqa.selenium.ElementNotInteractableException: element not interactable
  (Session info: chrome=130.0.6723.70)
Build info: version: '3.141.59', revision: 'unknown', time: 'unknown'
System info: host: 'Madhans-MacBook-Pro.local', ip: '2401:d002:ab04:5000:a403:b65e:885e:e485%en0', os.name: 'Mac OS X', os.arch: 'aarch64', os.version: '14.3.1', java.version: '17.0.7'
Driver info: com.kms.katalon.selenium.driver.CChromeDriver
Capabilities {acceptInsecureCerts: false, browserName: chrome, browserVersion: 130.0.6723.70, chrome: {chromedriverVersion: 130.0.6723.69 (3ec172b971b9..., userDataDir: /var/folders/81/jk91fm7j2_5...}, fedcm:accounts: true, goog:chromeOptions: {debuggerAddress: localhost:62078}, javascriptEnabled: true, networkConnectionEnabled: false, pageLoadStrategy: normal, platform: MAC, platformName: MAC, proxy: Proxy(), setWindowRect: true, strictFileInteractability: false, timeouts: {implicit: 0, pageLoad: 300000, script: 30000}, unhandledPromptBehavior: dismiss and notify, webauthn:extension:credBlob: true, webauthn:extension:largeBlob: true, webauthn:extension:minPinLength: true, webauthn:extension:prf: true, webauthn:virtualAuthenticators: true}
Session ID: 5d6a4c8570a379d698cf302a633911d9
	at java.base/jdk.internal.reflect.NativeConstructorAccessorImpl.newInstance0(Native Method)
	at java.base/jdk.internal.reflect.NativeConstructorAccessorImpl.newInstance(NativeConstructorAccessorImpl.java:77)
	at java.base/jdk.internal.reflect.DelegatingConstructorAccessorImpl.newInstance(DelegatingConstructorAccessorImpl.java:45)
	at org.openqa.selenium.remote.http.W3CHttpResponseCodec.createException(W3CHttpResponseCodec.java:187)
	at org.openqa.selenium.remote.http.W3CHttpResponseCodec.decode(W3CHttpResponseCodec.java:122)
	at org.openqa.selenium.remote.http.W3CHttpResponseCodec.decode(W3CHttpResponseCodec.java:49)
	at org.openqa.selenium.remote.HttpCommandExecutor.execute(HttpCommandExecutor.java:158)
	at org.openqa.selenium.remote.service.DriverCommandExecutor.execute(DriverCommandExecutor.java:83)
	at org.openqa.selenium.remote.RemoteWebDriver.execute(RemoteWebDriver.java:552)
	at com.kms.katalon.selenium.driver.CChromeDriver.execute(CChromeDriver.java:19)
	at org.openqa.selenium.remote.RemoteWebElement.execute(RemoteWebElement.java:285)
	at org.openqa.selenium.remote.RemoteWebElement.click(RemoteWebElement.java:84)
	at jdk.internal.reflect.GeneratedMethodAccessor16.invoke(Unknown Source)
	at java.base/jdk.internal.reflect.DelegatingMethodAccessorImpl.invoke(DelegatingMethodAccessorImpl.java:43)
	at org.openqa.selenium.support.events.EventFiringWebDriver$EventFiringWebElement.lambda$new$0(EventFiringWebDriver.java:404)
	at jdk.proxy2/jdk.proxy2.$Proxy24.click(Unknown Source)
	at org.openqa.selenium.support.events.EventFiringWebDriver$EventFiringWebElement.click(EventFiringWebDriver.java:417)
	at Enrol_Now.run(Enrol_Now:56)
	at com.kms.katalon.core.main.ScriptEngine.run(ScriptEngine.java:194)
	at com.kms.katalon.core.main.ScriptEngine.runScriptAsRawText(ScriptEngine.java:119)
	at com.kms.katalon.core.main.TestCaseExecutor.runScript(TestCaseExecutor.java:448)
	at com.kms.katalon.core.main.TestCaseExecutor.doExecute(TestCaseExecutor.java:439)
	at com.kms.katalon.core.main.TestCaseExecutor.processExecutionPhase(TestCaseExecutor.java:418)
	at com.kms.katalon.core.main.TestCaseExecutor.accessMainPhase(TestCaseExecutor.java:410)
	at com.kms.katalon.core.main.TestCaseExecutor.execute(TestCaseExecutor.java:285)
	at com.kms.katalon.core.common.CommonExecutor.accessTestCaseMainPhase(CommonExecutor.java:65)
	at com.kms.katalon.core.main.TestSuiteExecutor.accessTestSuiteMainPhase(TestSuiteExecutor.java:150)
	at com.kms.katalon.core.main.TestSuiteExecutor.execute(TestSuiteExecutor.java:106)
	at com.kms.katalon.core.main.TestCaseMain.startTestSuite(TestCaseMain.java:180)
	at TempTestSuite1729831388364.run(TempTestSuite1729831388364.groovy:35)
	at java.base/jdk.internal.reflect.NativeMethodAccessorImpl.invoke0(Native Method)
	at java.base/jdk.internal.reflect.NativeMethodAccessorImpl.invoke(NativeMethodAccessorImpl.java:77)
	at java.base/jdk.internal.reflect.DelegatingMethodAccessorImpl.invoke(DelegatingMethodAccessorImpl.java:43)


25-10-2024T15:48:17 - [TEST_STEP][PASSED] - buttonObject = findTestObject("Object Repository/APAC_University/MBS_University/Short_Courses/List_ShortCourses"): null

25-10-2024T15:48:17 - [TEST_STEP][PASSED] - mouseOver(buttonObject): Object: 'Object Repository/APAC_University/MBS_University/Short_Courses/List_ShortCourses' is hovered

25-10-2024T15:48:17 - [MESSAGE][PASSED] - Object: 'Object Repository/APAC_University/MBS_University/Short_Courses/List_ShortCourses' is hovered

25-10-2024T15:48:17 - [TEST_STEP][PASSED] - list1 = findTestObject("Object Repository/APAC_University/MBS_University/Short_Courses/Shortcourse_Listone"): null

25-10-2024T15:48:17 - [TEST_STEP][PASSED] - list2 = findTestObject("Object Repository/APAC_University/MBS_University/Short_Courses/Shortcourse_Listtwo"): null

25-10-2024T15:48:17 - [TEST_STEP][PASSED] - list3 = findTestObject("Object Repository/APAC_University/MBS_University/Short_Courses/Shortcourse_Listthree"): null

25-10-2024T15:48:17 - [TEST_STEP][PASSED] - lists = [list1, list2, list3]: null

25-10-2024T15:48:17 - [TEST_STEP][PASSED] - rand = new java.util.Random(): null

25-10-2024T15:48:17 - [TEST_STEP][PASSED] - randomListIndex = rand.nextInt(lists.size()): null

25-10-2024T15:48:17 - [TEST_STEP][PASSED] - selectedList = lists.get(randomListIndex): null

25-10-2024T15:48:17 - [TEST_STEP][PASSED] - waitForElementVisible(selectedList, 10): Object 'Object Repository/APAC_University/MBS_University/Short_Courses/Shortcourse_Listone' is not visible after 10 second(s)

25-10-2024T15:48:28 - [MESSAGE][WARNING] - Object 'Object Repository/APAC_University/MBS_University/Short_Courses/Shortcourse_Listone' is not visible after 10 second(s)

25-10-2024T15:48:28 - [TEST_STEP][PASSED] - listItems = findWebElements(selectedList, 30): Found web elements by test object Object Repository/APAC_University/MBS_University/Short_Courses/Shortcourse_Listone

25-10-2024T15:48:28 - [MESSAGE][PASSED] - Found web elements by test object Object Repository/APAC_University/MBS_University/Short_Courses/Shortcourse_Listone

25-10-2024T15:48:28 - [TEST_STEP][ERROR] - if (listItems.size() > 0): Test Cases/APAC_Universities/SEO_PAGES/MBS_University/Enrol_Now FAILED.
Reason:
org.openqa.selenium.ElementNotInteractableException: element not interactable
  (Session info: chrome=130.0.6723.70)
Build info: version: '3.141.59', revision: 'unknown', time: 'unknown'
System info: host: 'Madhans-MacBook-Pro.local', ip: '2401:d002:ab04:5000:a403:b65e:885e:e485%en0', os.name: 'Mac OS X', os.arch: 'aarch64', os.version: '14.3.1', java.version: '17.0.7'
Driver info: com.kms.katalon.selenium.driver.CChromeDriver
Capabilities {acceptInsecureCerts: false, browserName: chrome, browserVersion: 130.0.6723.70, chrome: {chromedriverVersion: 130.0.6723.69 (3ec172b971b9..., userDataDir: /var/folders/81/jk91fm7j2_5...}, fedcm:accounts: true, goog:chromeOptions: {debuggerAddress: localhost:62078}, javascriptEnabled: true, networkConnectionEnabled: false, pageLoadStrategy: normal, platform: MAC, platformName: MAC, proxy: Proxy(), setWindowRect: true, strictFileInteractability: false, timeouts: {implicit: 0, pageLoad: 300000, script: 30000}, unhandledPromptBehavior: dismiss and notify, webauthn:extension:credBlob: true, webauthn:extension:largeBlob: true, webauthn:extension:minPinLength: true, webauthn:extension:prf: true, webauthn:virtualAuthenticators: true}
Session ID: 5d6a4c8570a379d698cf302a633911d9
	at java.base/jdk.internal.reflect.NativeConstructorAccessorImpl.newInstance0(Native Method)
	at java.base/jdk.internal.reflect.NativeConstructorAccessorImpl.newInstance(NativeConstructorAccessorImpl.java:77)
	at java.base/jdk.internal.reflect.DelegatingConstructorAccessorImpl.newInstance(DelegatingConstructorAccessorImpl.java:45)
	at org.openqa.selenium.remote.http.W3CHttpResponseCodec.createException(W3CHttpResponseCodec.java:187)
	at org.openqa.selenium.remote.http.W3CHttpResponseCodec.decode(W3CHttpResponseCodec.java:122)
	at org.openqa.selenium.remote.http.W3CHttpResponseCodec.decode(W3CHttpResponseCodec.java:49)
	at org.openqa.selenium.remote.HttpCommandExecutor.execute(HttpCommandExecutor.java:158)
	at org.openqa.selenium.remote.service.DriverCommandExecutor.execute(DriverCommandExecutor.java:83)
	at org.openqa.selenium.remote.RemoteWebDriver.execute(RemoteWebDriver.java:552)
	at com.kms.katalon.selenium.driver.CChromeDriver.execute(CChromeDriver.java:19)
	at org.openqa.selenium.remote.RemoteWebElement.execute(RemoteWebElement.java:285)
	at org.openqa.selenium.remote.RemoteWebElement.click(RemoteWebElement.java:84)
	at jdk.internal.reflect.GeneratedMethodAccessor16.invoke(Unknown Source)
	at java.base/jdk.internal.reflect.DelegatingMethodAccessorImpl.invoke(DelegatingMethodAccessorImpl.java:43)
	at org.openqa.selenium.support.events.EventFiringWebDriver$EventFiringWebElement.lambda$new$0(EventFiringWebDriver.java:404)
	at jdk.proxy2/jdk.proxy2.$Proxy24.click(Unknown Source)
	at org.openqa.selenium.support.events.EventFiringWebDriver$EventFiringWebElement.click(EventFiringWebDriver.java:417)
	at Enrol_Now.run(Enrol_Now:56)
	at com.kms.katalon.core.main.ScriptEngine.run(ScriptEngine.java:194)
	at com.kms.katalon.core.main.ScriptEngine.runScriptAsRawText(ScriptEngine.java:119)
	at com.kms.katalon.core.main.TestCaseExecutor.runScript(TestCaseExecutor.java:448)
	at com.kms.katalon.core.main.TestCaseExecutor.doExecute(TestCaseExecutor.java:439)
	at com.kms.katalon.core.main.TestCaseExecutor.processExecutionPhase(TestCaseExecutor.java:418)
	at com.kms.katalon.core.main.TestCaseExecutor.accessMainPhase(TestCaseExecutor.java:410)
	at com.kms.katalon.core.main.TestCaseExecutor.execute(TestCaseExecutor.java:285)
	at com.kms.katalon.core.common.CommonExecutor.accessTestCaseMainPhase(CommonExecutor.java:65)
	at com.kms.katalon.core.main.TestSuiteExecutor.accessTestSuiteMainPhase(TestSuiteExecutor.java:150)
	at com.kms.katalon.core.main.TestSuiteExecutor.execute(TestSuiteExecutor.java:106)
	at com.kms.katalon.core.main.TestCaseMain.startTestSuite(TestCaseMain.java:180)
	at TempTestSuite1729831388364.run(TempTestSuite1729831388364.groovy:35)
	at java.base/jdk.internal.reflect.NativeMethodAccessorImpl.invoke0(Native Method)
	at java.base/jdk.internal.reflect.NativeMethodAccessorImpl.invoke(NativeMethodAccessorImpl.java:77)
	at java.base/jdk.internal.reflect.DelegatingMethodAccessorImpl.invoke(DelegatingMethodAccessorImpl.java:43)


25-10-2024T15:48:28 - [TEST_STEP][PASSED] - randomItemIndex = rand.nextInt(listItems.size()): null

25-10-2024T15:48:28 - [TEST_STEP][PASSED] - randomItem = listItems.get(randomItemIndex): null

25-10-2024T15:48:28 - [TEST_STEP][ERROR] - randomItem.click(): Test Cases/APAC_Universities/SEO_PAGES/MBS_University/Enrol_Now FAILED.
Reason:
org.openqa.selenium.ElementNotInteractableException: element not interactable
  (Session info: chrome=130.0.6723.70)
Build info: version: '3.141.59', revision: 'unknown', time: 'unknown'
System info: host: 'Madhans-MacBook-Pro.local', ip: '2401:d002:ab04:5000:a403:b65e:885e:e485%en0', os.name: 'Mac OS X', os.arch: 'aarch64', os.version: '14.3.1', java.version: '17.0.7'
Driver info: com.kms.katalon.selenium.driver.CChromeDriver
Capabilities {acceptInsecureCerts: false, browserName: chrome, browserVersion: 130.0.6723.70, chrome: {chromedriverVersion: 130.0.6723.69 (3ec172b971b9..., userDataDir: /var/folders/81/jk91fm7j2_5...}, fedcm:accounts: true, goog:chromeOptions: {debuggerAddress: localhost:62078}, javascriptEnabled: true, networkConnectionEnabled: false, pageLoadStrategy: normal, platform: MAC, platformName: MAC, proxy: Proxy(), setWindowRect: true, strictFileInteractability: false, timeouts: {implicit: 0, pageLoad: 300000, script: 30000}, unhandledPromptBehavior: dismiss and notify, webauthn:extension:credBlob: true, webauthn:extension:largeBlob: true, webauthn:extension:minPinLength: true, webauthn:extension:prf: true, webauthn:virtualAuthenticators: true}
Session ID: 5d6a4c8570a379d698cf302a633911d9
	at java.base/jdk.internal.reflect.NativeConstructorAccessorImpl.newInstance0(Native Method)
	at java.base/jdk.internal.reflect.NativeConstructorAccessorImpl.newInstance(NativeConstructorAccessorImpl.java:77)
	at java.base/jdk.internal.reflect.DelegatingConstructorAccessorImpl.newInstance(DelegatingConstructorAccessorImpl.java:45)
	at org.openqa.selenium.remote.http.W3CHttpResponseCodec.createException(W3CHttpResponseCodec.java:187)
	at org.openqa.selenium.remote.http.W3CHttpResponseCodec.decode(W3CHttpResponseCodec.java:122)
	at org.openqa.selenium.remote.http.W3CHttpResponseCodec.decode(W3CHttpResponseCodec.java:49)
	at org.openqa.selenium.remote.HttpCommandExecutor.execute(HttpCommandExecutor.java:158)
	at org.openqa.selenium.remote.service.DriverCommandExecutor.execute(DriverCommandExecutor.java:83)
	at org.openqa.selenium.remote.RemoteWebDriver.execute(RemoteWebDriver.java:552)
	at com.kms.katalon.selenium.driver.CChromeDriver.execute(CChromeDriver.java:19)
	at org.openqa.selenium.remote.RemoteWebElement.execute(RemoteWebElement.java:285)
	at org.openqa.selenium.remote.RemoteWebElement.click(RemoteWebElement.java:84)
	at jdk.internal.reflect.GeneratedMethodAccessor16.invoke(Unknown Source)
	at java.base/jdk.internal.reflect.DelegatingMethodAccessorImpl.invoke(DelegatingMethodAccessorImpl.java:43)
	at org.openqa.selenium.support.events.EventFiringWebDriver$EventFiringWebElement.lambda$new$0(EventFiringWebDriver.java:404)
	at jdk.proxy2/jdk.proxy2.$Proxy24.click(Unknown Source)
	at org.openqa.selenium.support.events.EventFiringWebDriver$EventFiringWebElement.click(EventFiringWebDriver.java:417)
	at Enrol_Now.run(Enrol_Now:56)
	at com.kms.katalon.core.main.ScriptEngine.run(ScriptEngine.java:194)
	at com.kms.katalon.core.main.ScriptEngine.runScriptAsRawText(ScriptEngine.java:119)
	at com.kms.katalon.core.main.TestCaseExecutor.runScript(TestCaseExecutor.java:448)
	at com.kms.katalon.core.main.TestCaseExecutor.doExecute(TestCaseExecutor.java:439)
	at com.kms.katalon.core.main.TestCaseExecutor.processExecutionPhase(TestCaseExecutor.java:418)
	at com.kms.katalon.core.main.TestCaseExecutor.accessMainPhase(TestCaseExecutor.java:410)
	at com.kms.katalon.core.main.TestCaseExecutor.execute(TestCaseExecutor.java:285)
	at com.kms.katalon.core.common.CommonExecutor.accessTestCaseMainPhase(CommonExecutor.java:65)
	at com.kms.katalon.core.main.TestSuiteExecutor.accessTestSuiteMainPhase(TestSuiteExecutor.java:150)
	at com.kms.katalon.core.main.TestSuiteExecutor.execute(TestSuiteExecutor.java:106)
	at com.kms.katalon.core.main.TestCaseMain.startTestSuite(TestCaseMain.java:180)
	at TempTestSuite1729831388364.run(TempTestSuite1729831388364.groovy:35)
	at java.base/jdk.internal.reflect.NativeMethodAccessorImpl.invoke0(Native Method)
	at java.base/jdk.internal.reflect.NativeMethodAccessorImpl.invoke(NativeMethodAccessorImpl.java:77)
	at java.base/jdk.internal.reflect.DelegatingMethodAccessorImpl.invoke(DelegatingMethodAccessorImpl.java:43)


25-10-2024T15:48:28 - [MESSAGE][ERROR] - Test Cases/APAC_Universities/SEO_PAGES/MBS_University/Enrol_Now FAILED.
Reason:
org.openqa.selenium.ElementNotInteractableException: element not interactable
  (Session info: chrome=130.0.6723.70)
Build info: version: '3.141.59', revision: 'unknown', time: 'unknown'
System info: host: 'Madhans-MacBook-Pro.local', ip: '2401:d002:ab04:5000:a403:b65e:885e:e485%en0', os.name: 'Mac OS X', os.arch: 'aarch64', os.version: '14.3.1', java.version: '17.0.7'
Driver info: com.kms.katalon.selenium.driver.CChromeDriver
Capabilities {acceptInsecureCerts: false, browserName: chrome, browserVersion: 130.0.6723.70, chrome: {chromedriverVersion: 130.0.6723.69 (3ec172b971b9..., userDataDir: /var/folders/81/jk91fm7j2_5...}, fedcm:accounts: true, goog:chromeOptions: {debuggerAddress: localhost:62078}, javascriptEnabled: true, networkConnectionEnabled: false, pageLoadStrategy: normal, platform: MAC, platformName: MAC, proxy: Proxy(), setWindowRect: true, strictFileInteractability: false, timeouts: {implicit: 0, pageLoad: 300000, script: 30000}, unhandledPromptBehavior: dismiss and notify, webauthn:extension:credBlob: true, webauthn:extension:largeBlob: true, webauthn:extension:minPinLength: true, webauthn:extension:prf: true, webauthn:virtualAuthenticators: true}
Session ID: 5d6a4c8570a379d698cf302a633911d9
	at java.base/jdk.internal.reflect.NativeConstructorAccessorImpl.newInstance0(Native Method)
	at java.base/jdk.internal.reflect.NativeConstructorAccessorImpl.newInstance(NativeConstructorAccessorImpl.java:77)
	at java.base/jdk.internal.reflect.DelegatingConstructorAccessorImpl.newInstance(DelegatingConstructorAccessorImpl.java:45)
	at org.openqa.selenium.remote.http.W3CHttpResponseCodec.createException(W3CHttpResponseCodec.java:187)
	at org.openqa.selenium.remote.http.W3CHttpResponseCodec.decode(W3CHttpResponseCodec.java:122)
	at org.openqa.selenium.remote.http.W3CHttpResponseCodec.decode(W3CHttpResponseCodec.java:49)
	at org.openqa.selenium.remote.HttpCommandExecutor.execute(HttpCommandExecutor.java:158)
	at org.openqa.selenium.remote.service.DriverCommandExecutor.execute(DriverCommandExecutor.java:83)
	at org.openqa.selenium.remote.RemoteWebDriver.execute(RemoteWebDriver.java:552)
	at com.kms.katalon.selenium.driver.CChromeDriver.execute(CChromeDriver.java:19)
	at org.openqa.selenium.remote.RemoteWebElement.execute(RemoteWebElement.java:285)
	at org.openqa.selenium.remote.RemoteWebElement.click(RemoteWebElement.java:84)
	at jdk.internal.reflect.GeneratedMethodAccessor16.invoke(Unknown Source)
	at java.base/jdk.internal.reflect.DelegatingMethodAccessorImpl.invoke(DelegatingMethodAccessorImpl.java:43)
	at org.openqa.selenium.support.events.EventFiringWebDriver$EventFiringWebElement.lambda$new$0(EventFiringWebDriver.java:404)
	at jdk.proxy2/jdk.proxy2.$Proxy24.click(Unknown Source)
	at org.openqa.selenium.support.events.EventFiringWebDriver$EventFiringWebElement.click(EventFiringWebDriver.java:417)
	at Enrol_Now.run(Enrol_Now:56)
	at com.kms.katalon.core.main.ScriptEngine.run(ScriptEngine.java:194)
	at com.kms.katalon.core.main.ScriptEngine.runScriptAsRawText(ScriptEngine.java:119)
	at com.kms.katalon.core.main.TestCaseExecutor.runScript(TestCaseExecutor.java:448)
	at com.kms.katalon.core.main.TestCaseExecutor.doExecute(TestCaseExecutor.java:439)
	at com.kms.katalon.core.main.TestCaseExecutor.processExecutionPhase(TestCaseExecutor.java:418)
	at com.kms.katalon.core.main.TestCaseExecutor.accessMainPhase(TestCaseExecutor.java:410)
	at com.kms.katalon.core.main.TestCaseExecutor.execute(TestCaseExecutor.java:285)
	at com.kms.katalon.core.common.CommonExecutor.accessTestCaseMainPhase(CommonExecutor.java:65)
	at com.kms.katalon.core.main.TestSuiteExecutor.accessTestSuiteMainPhase(TestSuiteExecutor.java:150)
	at com.kms.katalon.core.main.TestSuiteExecutor.execute(TestSuiteExecutor.java:106)
	at com.kms.katalon.core.main.TestCaseMain.startTestSuite(TestCaseMain.java:180)
	at TempTestSuite1729831388364.run(TempTestSuite1729831388364.groovy:35)
	at java.base/jdk.internal.reflect.NativeMethodAccessorImpl.invoke0(Native Method)
	at java.base/jdk.internal.reflect.NativeMethodAccessorImpl.invoke(NativeMethodAccessorImpl.java:77)
	at java.base/jdk.internal.reflect.DelegatingMethodAccessorImpl.invoke(DelegatingMethodAccessorImpl.java:43)]]></system-out>
         <system-err><![CDATA[25-10-2024T15:48:17 - [TEST_CASE][ERROR] - Test Cases/APAC_Universities/SEO_PAGES/MBS_University/Enrol_Now: Test Cases/APAC_Universities/SEO_PAGES/MBS_University/Enrol_Now FAILED.
Reason:
org.openqa.selenium.ElementNotInteractableException: element not interactable
  (Session info: chrome=130.0.6723.70)
Build info: version: '3.141.59', revision: 'unknown', time: 'unknown'
System info: host: 'Madhans-MacBook-Pro.local', ip: '2401:d002:ab04:5000:a403:b65e:885e:e485%en0', os.name: 'Mac OS X', os.arch: 'aarch64', os.version: '14.3.1', java.version: '17.0.7'
Driver info: com.kms.katalon.selenium.driver.CChromeDriver
Capabilities {acceptInsecureCerts: false, browserName: chrome, browserVersion: 130.0.6723.70, chrome: {chromedriverVersion: 130.0.6723.69 (3ec172b971b9..., userDataDir: /var/folders/81/jk91fm7j2_5...}, fedcm:accounts: true, goog:chromeOptions: {debuggerAddress: localhost:62078}, javascriptEnabled: true, networkConnectionEnabled: false, pageLoadStrategy: normal, platform: MAC, platformName: MAC, proxy: Proxy(), setWindowRect: true, strictFileInteractability: false, timeouts: {implicit: 0, pageLoad: 300000, script: 30000}, unhandledPromptBehavior: dismiss and notify, webauthn:extension:credBlob: true, webauthn:extension:largeBlob: true, webauthn:extension:minPinLength: true, webauthn:extension:prf: true, webauthn:virtualAuthenticators: true}
Session ID: 5d6a4c8570a379d698cf302a633911d9
	at java.base/jdk.internal.reflect.NativeConstructorAccessorImpl.newInstance0(Native Method)
	at java.base/jdk.internal.reflect.NativeConstructorAccessorImpl.newInstance(NativeConstructorAccessorImpl.java:77)
	at java.base/jdk.internal.reflect.DelegatingConstructorAccessorImpl.newInstance(DelegatingConstructorAccessorImpl.java:45)
	at org.openqa.selenium.remote.http.W3CHttpResponseCodec.createException(W3CHttpResponseCodec.java:187)
	at org.openqa.selenium.remote.http.W3CHttpResponseCodec.decode(W3CHttpResponseCodec.java:122)
	at org.openqa.selenium.remote.http.W3CHttpResponseCodec.decode(W3CHttpResponseCodec.java:49)
	at org.openqa.selenium.remote.HttpCommandExecutor.execute(HttpCommandExecutor.java:158)
	at org.openqa.selenium.remote.service.DriverCommandExecutor.execute(DriverCommandExecutor.java:83)
	at org.openqa.selenium.remote.RemoteWebDriver.execute(RemoteWebDriver.java:552)
	at com.kms.katalon.selenium.driver.CChromeDriver.execute(CChromeDriver.java:19)
	at org.openqa.selenium.remote.RemoteWebElement.execute(RemoteWebElement.java:285)
	at org.openqa.selenium.remote.RemoteWebElement.click(RemoteWebElement.java:84)
	at jdk.internal.reflect.GeneratedMethodAccessor16.invoke(Unknown Source)
	at java.base/jdk.internal.reflect.DelegatingMethodAccessorImpl.invoke(DelegatingMethodAccessorImpl.java:43)
	at org.openqa.selenium.support.events.EventFiringWebDriver$EventFiringWebElement.lambda$new$0(EventFiringWebDriver.java:404)
	at jdk.proxy2/jdk.proxy2.$Proxy24.click(Unknown Source)
	at org.openqa.selenium.support.events.EventFiringWebDriver$EventFiringWebElement.click(EventFiringWebDriver.java:417)
	at Enrol_Now.run(Enrol_Now:56)
	at com.kms.katalon.core.main.ScriptEngine.run(ScriptEngine.java:194)
	at com.kms.katalon.core.main.ScriptEngine.runScriptAsRawText(ScriptEngine.java:119)
	at com.kms.katalon.core.main.TestCaseExecutor.runScript(TestCaseExecutor.java:448)
	at com.kms.katalon.core.main.TestCaseExecutor.doExecute(TestCaseExecutor.java:439)
	at com.kms.katalon.core.main.TestCaseExecutor.processExecutionPhase(TestCaseExecutor.java:418)
	at com.kms.katalon.core.main.TestCaseExecutor.accessMainPhase(TestCaseExecutor.java:410)
	at com.kms.katalon.core.main.TestCaseExecutor.execute(TestCaseExecutor.java:285)
	at com.kms.katalon.core.common.CommonExecutor.accessTestCaseMainPhase(CommonExecutor.java:65)
	at com.kms.katalon.core.main.TestSuiteExecutor.accessTestSuiteMainPhase(TestSuiteExecutor.java:150)
	at com.kms.katalon.core.main.TestSuiteExecutor.execute(TestSuiteExecutor.java:106)
	at com.kms.katalon.core.main.TestCaseMain.startTestSuite(TestCaseMain.java:180)
	at TempTestSuite1729831388364.run(TempTestSuite1729831388364.groovy:35)
	at java.base/jdk.internal.reflect.NativeMethodAccessorImpl.invoke0(Native Method)
	at java.base/jdk.internal.reflect.NativeMethodAccessorImpl.invoke(NativeMethodAccessorImpl.java:77)
	at java.base/jdk.internal.reflect.DelegatingMethodAccessorImpl.invoke(DelegatingMethodAccessorImpl.java:43)]]></system-err>
      </testcase>
      <testcase name="Test Cases/APAC_Universities/SEO_PAGES/James_Cook_University/Enquiry_Now" time="38.192" classname="Test Cases/APAC_Universities/SEO_PAGES/James_Cook_University/Enquiry_Now" status="PASSED">
         <system-out><![CDATA[25-10-2024T15:48:28 - [TEST_CASE][PASSED] - Test Cases/APAC_Universities/SEO_PAGES/James_Cook_University/Enquiry_Now: Test Cases/APAC_Universities/SEO_PAGES/James_Cook_University/Enquiry_Now

25-10-2024T15:48:28 - [TEST_STEP][PASSED] - callTestCase(findTestCase("Test Cases/APAC_Universities/SEO_PAGES/James_Cook_University/Reusable_Testcases/Navigate_URL"), [:], STOP_ON_FAILURE): Call Test Case 'Test Cases/APAC_Universities/SEO_PAGES/James_Cook_University/Reusable_Testcases/Navigate_URL' successfully

25-10-2024T15:48:28 - [TEST_CASE][PASSED] - Test Cases/APAC_Universities/SEO_PAGES/James_Cook_University/Reusable_Testcases/Navigate_URL: Test Cases/APAC_Universities/SEO_PAGES/James_Cook_University/Reusable_Testcases/Navigate_URL

25-10-2024T15:48:28 - [TEST_STEP][PASSED] - openBrowser(""): Browser is opened with url: ''

25-10-2024T15:48:28 - [MESSAGE][WARNING] - A browser is already opened. Closing browser and opening a new one

25-10-2024T15:48:28 - [MESSAGE][INFO] - Starting 'Chrome' driver

25-10-2024T15:48:28 - [MESSAGE][INFO] - Action delay is set to 0 milliseconds

25-10-2024T15:48:29 - [MESSAGE][PASSED] - Browser is opened with url: ''

25-10-2024T15:48:29 - [TEST_STEP][PASSED] - navigateToUrl(University_JCU): Navigate to 'https://key:path@dev-jcu-opm.pantheonsite.io/' successfully

25-10-2024T15:48:45 - [MESSAGE][PASSED] - Navigate to 'https://key:path@dev-jcu-opm.pantheonsite.io/' successfully

25-10-2024T15:48:45 - [TEST_STEP][PASSED] - maximizeWindow(): Current window maximized

25-10-2024T15:48:46 - [MESSAGE][PASSED] - Current window maximized

25-10-2024T15:48:46 - [MESSAGE][PASSED] - Call Test Case 'Test Cases/APAC_Universities/SEO_PAGES/James_Cook_University/Reusable_Testcases/Navigate_URL' successfully

25-10-2024T15:48:46 - [TEST_STEP][PASSED] - waitForElementClickable(findTestObject("Object Repository/APAC_University/James_Cook_University/Button_Enquiry_Now"), 10): Object 'Object Repository/APAC_University/James_Cook_University/Button_Enquiry_Now' is clickable

25-10-2024T15:48:46 - [MESSAGE][PASSED] - Object 'Object Repository/APAC_University/James_Cook_University/Button_Enquiry_Now' is clickable

25-10-2024T15:48:46 - [TEST_STEP][PASSED] - click(findTestObject("Object Repository/APAC_University/James_Cook_University/Button_Enquiry_Now")): Object: 'Object Repository/APAC_University/James_Cook_University/Button_Enquiry_Now' is clicked on

25-10-2024T15:48:47 - [MESSAGE][PASSED] - Object: 'Object Repository/APAC_University/James_Cook_University/Button_Enquiry_Now' is clicked on

25-10-2024T15:48:47 - [TEST_STEP][PASSED] - callTestCase(findTestCase("Test Cases/APAC_Universities/SEO_PAGES/James_Cook_University/Reusable_Testcases/Lead_Form"), [:], STOP_ON_FAILURE): Call Test Case 'Test Cases/APAC_Universities/SEO_PAGES/James_Cook_University/Reusable_Testcases/Lead_Form' successfully

25-10-2024T15:48:47 - [TEST_CASE][PASSED] - Test Cases/APAC_Universities/SEO_PAGES/James_Cook_University/Reusable_Testcases/Lead_Form: Test Cases/APAC_Universities/SEO_PAGES/James_Cook_University/Reusable_Testcases/Lead_Form

25-10-2024T15:48:47 - [TEST_STEP][PASSED] - program = findTestObject("Object Repository/APAC_University/James_Cook_University/Dropdown_Program"): null

25-10-2024T15:48:47 - [TEST_STEP][PASSED] - selectOptionByIndex(program, keyPathPackage.customKeywords.selectRandomOptionFromDropdown()): All options with index in [1] are selected on object 'Object Repository/APAC_University/James_Cook_University/Dropdown_Program'

25-10-2024T15:48:47 - [MESSAGE][PASSED] - keyPathPackage.customKeywords.selectRandomOptionFromDropdown is PASSED

25-10-2024T15:48:49 - [MESSAGE][PASSED] - All options with index in [1] are selected on object 'Object Repository/APAC_University/James_Cook_University/Dropdown_Program'

25-10-2024T15:48:49 - [TEST_STEP][PASSED] - FirstName = keyPathPackage.customKeywords.generateRandomFirstName(): keyPathPackage.customKeywords.generateRandomFirstName is PASSED

25-10-2024T15:48:49 - [MESSAGE][PASSED] - keyPathPackage.customKeywords.generateRandomFirstName is PASSED

25-10-2024T15:48:49 - [TEST_STEP][PASSED] - setText(findTestObject("Object Repository/APAC_University/James_Cook_University/Field_Firstname"), FirstName): Text 'Moira' is set on object 'Object Repository/APAC_University/James_Cook_University/Field_Firstname'

25-10-2024T15:48:49 - [MESSAGE][PASSED] - Text 'Moira' is set on object 'Object Repository/APAC_University/James_Cook_University/Field_Firstname'

25-10-2024T15:48:49 - [TEST_STEP][PASSED] - LastName = keyPathPackage.customKeywords.generateRandomLastName(): keyPathPackage.customKeywords.generateRandomLastName is PASSED

25-10-2024T15:48:49 - [MESSAGE][PASSED] - keyPathPackage.customKeywords.generateRandomLastName is PASSED

25-10-2024T15:48:49 - [TEST_STEP][PASSED] - setText(findTestObject("Object Repository/APAC_University/James_Cook_University/Field_Lastname"), LastName): Text 'Testing Stehr' is set on object 'Object Repository/APAC_University/James_Cook_University/Field_Lastname'

25-10-2024T15:48:50 - [MESSAGE][PASSED] - Text 'Testing Stehr' is set on object 'Object Repository/APAC_University/James_Cook_University/Field_Lastname'

25-10-2024T15:48:50 - [TEST_STEP][PASSED] - waitForElementClickable(findTestObject("Object Repository/APAC_University/James_Cook_University/Button_Nextstep2"), 10): Object 'Object Repository/APAC_University/James_Cook_University/Button_Nextstep2' is clickable

25-10-2024T15:48:50 - [MESSAGE][PASSED] - Object 'Object Repository/APAC_University/James_Cook_University/Button_Nextstep2' is clickable

25-10-2024T15:48:50 - [TEST_STEP][PASSED] - click(findTestObject("Object Repository/APAC_University/James_Cook_University/Button_Nextstep2")): Object: 'Object Repository/APAC_University/James_Cook_University/Button_Nextstep2' is clicked on

25-10-2024T15:48:50 - [MESSAGE][PASSED] - Object: 'Object Repository/APAC_University/James_Cook_University/Button_Nextstep2' is clicked on

25-10-2024T15:48:50 - [TEST_STEP][PASSED] - startdate = findTestObject("Object Repository/APAC_University/James_Cook_University/Dropdown_Startdate"): null

25-10-2024T15:48:50 - [TEST_STEP][PASSED] - selectOptionByIndex(startdate, keyPathPackage.customKeywords.selectRandomOptionFromDropdown()): All options with index in [2] are selected on object 'Object Repository/APAC_University/James_Cook_University/Dropdown_Startdate'

25-10-2024T15:48:50 - [MESSAGE][PASSED] - keyPathPackage.customKeywords.selectRandomOptionFromDropdown is PASSED

25-10-2024T15:48:51 - [MESSAGE][PASSED] - All options with index in [2] are selected on object 'Object Repository/APAC_University/James_Cook_University/Dropdown_Startdate'

25-10-2024T15:48:51 - [TEST_STEP][PASSED] - selectOptionByValue(findTestObject("Object Repository/APAC_University/James_Cook_University/Dropdown_Highereducation"), Education_Level, false): All options with value 'Postgraduate diploma' are selected in object 'Object Repository/APAC_University/James_Cook_University/Dropdown_Highereducation' 

25-10-2024T15:48:52 - [MESSAGE][PASSED] - All options with value 'Postgraduate diploma' are selected in object 'Object Repository/APAC_University/James_Cook_University/Dropdown_Highereducation' 

25-10-2024T15:48:52 - [TEST_STEP][PASSED] - Workexperience = findTestObject("Object Repository/APAC_University/James_Cook_University/Dropdown_Workexperience"): null

25-10-2024T15:48:52 - [TEST_STEP][PASSED] - selectOptionByIndex(Workexperience, keyPathPackage.customKeywords.selectRandomOptionFromDropdown()): All options with index in [2] are selected on object 'Object Repository/APAC_University/James_Cook_University/Dropdown_Workexperience'

25-10-2024T15:48:52 - [MESSAGE][PASSED] - keyPathPackage.customKeywords.selectRandomOptionFromDropdown is PASSED

25-10-2024T15:48:53 - [MESSAGE][PASSED] - All options with index in [2] are selected on object 'Object Repository/APAC_University/James_Cook_University/Dropdown_Workexperience'

25-10-2024T15:48:53 - [TEST_STEP][PASSED] - Enquiryreason = findTestObject("Object Repository/APAC_University/James_Cook_University/Dropdown_Enquiry"): null

25-10-2024T15:48:53 - [TEST_STEP][PASSED] - selectOptionByIndex(Enquiryreason, keyPathPackage.customKeywords.selectRandomOptionFromDropdown()): All options with index in [2] are selected on object 'Object Repository/APAC_University/James_Cook_University/Dropdown_Enquiry'

25-10-2024T15:48:53 - [MESSAGE][PASSED] - keyPathPackage.customKeywords.selectRandomOptionFromDropdown is PASSED

25-10-2024T15:48:53 - [MESSAGE][PASSED] - All options with index in [2] are selected on object 'Object Repository/APAC_University/James_Cook_University/Dropdown_Enquiry'

25-10-2024T15:48:53 - [TEST_STEP][PASSED] - waitForElementClickable(findTestObject("Object Repository/APAC_University/James_Cook_University/Button_Nextstep3"), 10): Object 'Object Repository/APAC_University/James_Cook_University/Button_Nextstep3' is clickable

25-10-2024T15:48:53 - [MESSAGE][PASSED] - Object 'Object Repository/APAC_University/James_Cook_University/Button_Nextstep3' is clickable

25-10-2024T15:48:53 - [TEST_STEP][PASSED] - click(findTestObject("Object Repository/APAC_University/James_Cook_University/Button_Nextstep3")): Object: 'Object Repository/APAC_University/James_Cook_University/Button_Nextstep3' is clicked on

25-10-2024T15:48:54 - [MESSAGE][PASSED] - Object: 'Object Repository/APAC_University/James_Cook_University/Button_Nextstep3' is clicked on

25-10-2024T15:48:54 - [TEST_STEP][PASSED] - Email = keyPathPackage.customKeywords.generateRandomEmail(): keyPathPackage.customKeywords.generateRandomEmail is PASSED

25-10-2024T15:48:54 - [MESSAGE][PASSED] - keyPathPackage.customKeywords.generateRandomEmail is PASSED

25-10-2024T15:48:54 - [TEST_STEP][PASSED] - setText(findTestObject("Object Repository/APAC_University/James_Cook_University/Field_Email"), Email): Text 'randall.kunze@yahoo.com' is set on object 'Object Repository/APAC_University/James_Cook_University/Field_Email'

25-10-2024T15:48:54 - [MESSAGE][PASSED] - Text 'randall.kunze@yahoo.com' is set on object 'Object Repository/APAC_University/James_Cook_University/Field_Email'

25-10-2024T15:48:54 - [TEST_STEP][PASSED] - Phonenumber = keyPathPackage.customKeywords.generateRandomAustralianPhoneNumber(): keyPathPackage.customKeywords.generateRandomAustralianPhoneNumber is PASSED

25-10-2024T15:48:54 - [MESSAGE][PASSED] - keyPathPackage.customKeywords.generateRandomAustralianPhoneNumber is PASSED

25-10-2024T15:48:54 - [TEST_STEP][PASSED] - setText(findTestObject("Object Repository/APAC_University/James_Cook_University/Field_Phonenumber"), Phonenumber): Text '0428124358' is set on object 'Object Repository/APAC_University/James_Cook_University/Field_Phonenumber'

25-10-2024T15:48:55 - [MESSAGE][PASSED] - Text '0428124358' is set on object 'Object Repository/APAC_University/James_Cook_University/Field_Phonenumber'

25-10-2024T15:48:55 - [TEST_STEP][PASSED] - selectOptionByValue(findTestObject("Object Repository/APAC_University/James_Cook_University/Dropdown_Country"), "AU", true): All options with value 'AU' are selected in object 'Object Repository/APAC_University/James_Cook_University/Dropdown_Country'  using regular expression

25-10-2024T15:48:57 - [MESSAGE][PASSED] - All options with value 'AU' are selected in object 'Object Repository/APAC_University/James_Cook_University/Dropdown_Country'  using regular expression

25-10-2024T15:48:57 - [TEST_STEP][PASSED] - delay(3): Delayed 3 second(s)

25-10-2024T15:49:00 - [MESSAGE][PASSED] - Delayed 3 second(s)

25-10-2024T15:49:00 - [TEST_STEP][PASSED] - Postcode = keyPathPackage.customKeywords.selectRandomPostCode(): keyPathPackage.customKeywords.selectRandomPostCode is PASSED

25-10-2024T15:49:00 - [MESSAGE][PASSED] - keyPathPackage.customKeywords.selectRandomPostCode is PASSED

25-10-2024T15:49:00 - [TEST_STEP][PASSED] - setText(findTestObject("Object Repository/APAC_University/James_Cook_University/Field_Postcode"), Postcode): Text '7032' is set on object 'Object Repository/APAC_University/James_Cook_University/Field_Postcode'

25-10-2024T15:49:00 - [MESSAGE][PASSED] - Text '7032' is set on object 'Object Repository/APAC_University/James_Cook_University/Field_Postcode'

25-10-2024T15:49:00 - [TEST_STEP][PASSED] - setText(findTestObject("Object Repository/APAC_University/James_Cook_University/Field_Postcode"), Postcode): Text '7032' is set on object 'Object Repository/APAC_University/James_Cook_University/Field_Postcode'

25-10-2024T15:49:01 - [MESSAGE][PASSED] - Text '7032' is set on object 'Object Repository/APAC_University/James_Cook_University/Field_Postcode'

25-10-2024T15:49:01 - [TEST_STEP][PASSED] - waitForElementClickable(findTestObject("Object Repository/APAC_University/James_Cook_University/Button_Submit"), 10): Object 'Object Repository/APAC_University/James_Cook_University/Button_Submit' is clickable

25-10-2024T15:49:01 - [MESSAGE][PASSED] - Object 'Object Repository/APAC_University/James_Cook_University/Button_Submit' is clickable

25-10-2024T15:49:01 - [TEST_STEP][PASSED] - click(findTestObject("Object Repository/APAC_University/James_Cook_University/Button_Submit")): Object: 'Object Repository/APAC_University/James_Cook_University/Button_Submit' is clicked on

25-10-2024T15:49:01 - [MESSAGE][PASSED] - Object: 'Object Repository/APAC_University/James_Cook_University/Button_Submit' is clicked on

25-10-2024T15:49:01 - [TEST_STEP][PASSED] - delay(5): Delayed 5 second(s)

25-10-2024T15:49:06 - [MESSAGE][PASSED] - Delayed 5 second(s)

25-10-2024T15:49:06 - [TEST_STEP][PASSED] - verifyElementText(findTestObject("Object Repository/APAC_University/James_Cook_University/Verify_Message"), "Thank you"): Actual text and expected text of test object 'Object Repository/APAC_University/James_Cook_University/Verify_Message' are matched.

25-10-2024T15:49:06 - [MESSAGE][PASSED] - Actual text and expected text of test object 'Object Repository/APAC_University/James_Cook_University/Verify_Message' are matched.

25-10-2024T15:49:06 - [MESSAGE][PASSED] - Call Test Case 'Test Cases/APAC_Universities/SEO_PAGES/James_Cook_University/Reusable_Testcases/Lead_Form' successfully]]></system-out>
         <system-err><![CDATA[]]></system-err>
      </testcase>
      <testcase name="Test Cases/APAC_Universities/SEO_PAGES/James_Cook_University/Main_Page" time="21.806" classname="Test Cases/APAC_Universities/SEO_PAGES/James_Cook_University/Main_Page" status="PASSED">
         <system-out><![CDATA[25-10-2024T15:49:06 - [TEST_CASE][PASSED] - Test Cases/APAC_Universities/SEO_PAGES/James_Cook_University/Main_Page: Test Cases/APAC_Universities/SEO_PAGES/James_Cook_University/Main_Page

25-10-2024T15:49:06 - [TEST_STEP][PASSED] - callTestCase(findTestCase("Test Cases/APAC_Universities/SEO_PAGES/James_Cook_University/Reusable_Testcases/Navigate_Homepage"), [:], STOP_ON_FAILURE): Call Test Case 'Test Cases/APAC_Universities/SEO_PAGES/James_Cook_University/Reusable_Testcases/Navigate_Homepage' successfully

25-10-2024T15:49:06 - [TEST_CASE][PASSED] - Test Cases/APAC_Universities/SEO_PAGES/James_Cook_University/Reusable_Testcases/Navigate_Homepage: Test Cases/APAC_Universities/SEO_PAGES/James_Cook_University/Reusable_Testcases/Navigate_Homepage

25-10-2024T15:49:06 - [TEST_STEP][PASSED] - waitForElementClickable(findTestObject("Object Repository/APAC_University/James_Cook_University/Button_Homepage"), 10): Object 'Object Repository/APAC_University/James_Cook_University/Button_Homepage' is clickable

25-10-2024T15:49:07 - [MESSAGE][PASSED] - Object 'Object Repository/APAC_University/James_Cook_University/Button_Homepage' is clickable

25-10-2024T15:49:07 - [TEST_STEP][PASSED] - click(findTestObject("Object Repository/APAC_University/James_Cook_University/Button_Homepage")): Object: 'Object Repository/APAC_University/James_Cook_University/Button_Homepage' is clicked on

25-10-2024T15:49:07 - [MESSAGE][PASSED] - Object: 'Object Repository/APAC_University/James_Cook_University/Button_Homepage' is clicked on

25-10-2024T15:49:07 - [MESSAGE][PASSED] - Call Test Case 'Test Cases/APAC_Universities/SEO_PAGES/James_Cook_University/Reusable_Testcases/Navigate_Homepage' successfully

25-10-2024T15:49:07 - [TEST_STEP][PASSED] - callTestCase(findTestCase("Test Cases/APAC_Universities/SEO_PAGES/James_Cook_University/Reusable_Testcases/Lead_Form"), [:], STOP_ON_FAILURE): Call Test Case 'Test Cases/APAC_Universities/SEO_PAGES/James_Cook_University/Reusable_Testcases/Lead_Form' successfully

25-10-2024T15:49:07 - [TEST_CASE][PASSED] - Test Cases/APAC_Universities/SEO_PAGES/James_Cook_University/Reusable_Testcases/Lead_Form: Test Cases/APAC_Universities/SEO_PAGES/James_Cook_University/Reusable_Testcases/Lead_Form

25-10-2024T15:49:07 - [TEST_STEP][PASSED] - program = findTestObject("Object Repository/APAC_University/James_Cook_University/Dropdown_Program"): null

25-10-2024T15:49:07 - [TEST_STEP][PASSED] - selectOptionByIndex(program, keyPathPackage.customKeywords.selectRandomOptionFromDropdown()): All options with index in [2] are selected on object 'Object Repository/APAC_University/James_Cook_University/Dropdown_Program'

25-10-2024T15:49:07 - [MESSAGE][PASSED] - keyPathPackage.customKeywords.selectRandomOptionFromDropdown is PASSED

25-10-2024T15:49:10 - [MESSAGE][PASSED] - All options with index in [2] are selected on object 'Object Repository/APAC_University/James_Cook_University/Dropdown_Program'

25-10-2024T15:49:10 - [TEST_STEP][PASSED] - FirstName = keyPathPackage.customKeywords.generateRandomFirstName(): keyPathPackage.customKeywords.generateRandomFirstName is PASSED

25-10-2024T15:49:10 - [MESSAGE][PASSED] - keyPathPackage.customKeywords.generateRandomFirstName is PASSED

25-10-2024T15:49:10 - [TEST_STEP][PASSED] - setText(findTestObject("Object Repository/APAC_University/James_Cook_University/Field_Firstname"), FirstName): Text 'Ed' is set on object 'Object Repository/APAC_University/James_Cook_University/Field_Firstname'

25-10-2024T15:49:11 - [MESSAGE][PASSED] - Text 'Ed' is set on object 'Object Repository/APAC_University/James_Cook_University/Field_Firstname'

25-10-2024T15:49:11 - [TEST_STEP][PASSED] - LastName = keyPathPackage.customKeywords.generateRandomLastName(): keyPathPackage.customKeywords.generateRandomLastName is PASSED

25-10-2024T15:49:11 - [MESSAGE][PASSED] - keyPathPackage.customKeywords.generateRandomLastName is PASSED

25-10-2024T15:49:11 - [TEST_STEP][PASSED] - setText(findTestObject("Object Repository/APAC_University/James_Cook_University/Field_Lastname"), LastName): Text 'Testing Watsica' is set on object 'Object Repository/APAC_University/James_Cook_University/Field_Lastname'

25-10-2024T15:49:12 - [MESSAGE][PASSED] - Text 'Testing Watsica' is set on object 'Object Repository/APAC_University/James_Cook_University/Field_Lastname'

25-10-2024T15:49:12 - [TEST_STEP][PASSED] - waitForElementClickable(findTestObject("Object Repository/APAC_University/James_Cook_University/Button_Nextstep2"), 10): Object 'Object Repository/APAC_University/James_Cook_University/Button_Nextstep2' is clickable

25-10-2024T15:49:12 - [MESSAGE][PASSED] - Object 'Object Repository/APAC_University/James_Cook_University/Button_Nextstep2' is clickable

25-10-2024T15:49:12 - [TEST_STEP][PASSED] - click(findTestObject("Object Repository/APAC_University/James_Cook_University/Button_Nextstep2")): Object: 'Object Repository/APAC_University/James_Cook_University/Button_Nextstep2' is clicked on

25-10-2024T15:49:12 - [MESSAGE][PASSED] - Object: 'Object Repository/APAC_University/James_Cook_University/Button_Nextstep2' is clicked on

25-10-2024T15:49:12 - [TEST_STEP][PASSED] - startdate = findTestObject("Object Repository/APAC_University/James_Cook_University/Dropdown_Startdate"): null

25-10-2024T15:49:12 - [TEST_STEP][PASSED] - selectOptionByIndex(startdate, keyPathPackage.customKeywords.selectRandomOptionFromDropdown()): All options with index in [1] are selected on object 'Object Repository/APAC_University/James_Cook_University/Dropdown_Startdate'

25-10-2024T15:49:12 - [MESSAGE][PASSED] - keyPathPackage.customKeywords.selectRandomOptionFromDropdown is PASSED

25-10-2024T15:49:13 - [MESSAGE][PASSED] - All options with index in [1] are selected on object 'Object Repository/APAC_University/James_Cook_University/Dropdown_Startdate'

25-10-2024T15:49:13 - [TEST_STEP][PASSED] - selectOptionByValue(findTestObject("Object Repository/APAC_University/James_Cook_University/Dropdown_Highereducation"), Education_Level, false): All options with value 'Postgraduate diploma' are selected in object 'Object Repository/APAC_University/James_Cook_University/Dropdown_Highereducation' 

25-10-2024T15:49:14 - [MESSAGE][PASSED] - All options with value 'Postgraduate diploma' are selected in object 'Object Repository/APAC_University/James_Cook_University/Dropdown_Highereducation' 

25-10-2024T15:49:14 - [TEST_STEP][PASSED] - Workexperience = findTestObject("Object Repository/APAC_University/James_Cook_University/Dropdown_Workexperience"): null

25-10-2024T15:49:14 - [TEST_STEP][PASSED] - selectOptionByIndex(Workexperience, keyPathPackage.customKeywords.selectRandomOptionFromDropdown()): All options with index in [1] are selected on object 'Object Repository/APAC_University/James_Cook_University/Dropdown_Workexperience'

25-10-2024T15:49:14 - [MESSAGE][PASSED] - keyPathPackage.customKeywords.selectRandomOptionFromDropdown is PASSED

25-10-2024T15:49:14 - [MESSAGE][PASSED] - All options with index in [1] are selected on object 'Object Repository/APAC_University/James_Cook_University/Dropdown_Workexperience'

25-10-2024T15:49:14 - [TEST_STEP][PASSED] - Enquiryreason = findTestObject("Object Repository/APAC_University/James_Cook_University/Dropdown_Enquiry"): null

25-10-2024T15:49:14 - [TEST_STEP][PASSED] - selectOptionByIndex(Enquiryreason, keyPathPackage.customKeywords.selectRandomOptionFromDropdown()): All options with index in [2] are selected on object 'Object Repository/APAC_University/James_Cook_University/Dropdown_Enquiry'

25-10-2024T15:49:14 - [MESSAGE][PASSED] - keyPathPackage.customKeywords.selectRandomOptionFromDropdown is PASSED

25-10-2024T15:49:15 - [MESSAGE][PASSED] - All options with index in [2] are selected on object 'Object Repository/APAC_University/James_Cook_University/Dropdown_Enquiry'

25-10-2024T15:49:15 - [TEST_STEP][PASSED] - waitForElementClickable(findTestObject("Object Repository/APAC_University/James_Cook_University/Button_Nextstep3"), 10): Object 'Object Repository/APAC_University/James_Cook_University/Button_Nextstep3' is clickable

25-10-2024T15:49:15 - [MESSAGE][PASSED] - Object 'Object Repository/APAC_University/James_Cook_University/Button_Nextstep3' is clickable

25-10-2024T15:49:15 - [TEST_STEP][PASSED] - click(findTestObject("Object Repository/APAC_University/James_Cook_University/Button_Nextstep3")): Object: 'Object Repository/APAC_University/James_Cook_University/Button_Nextstep3' is clicked on

25-10-2024T15:49:16 - [MESSAGE][PASSED] - Object: 'Object Repository/APAC_University/James_Cook_University/Button_Nextstep3' is clicked on

25-10-2024T15:49:16 - [TEST_STEP][PASSED] - Email = keyPathPackage.customKeywords.generateRandomEmail(): keyPathPackage.customKeywords.generateRandomEmail is PASSED

25-10-2024T15:49:16 - [MESSAGE][PASSED] - keyPathPackage.customKeywords.generateRandomEmail is PASSED

25-10-2024T15:49:16 - [TEST_STEP][PASSED] - setText(findTestObject("Object Repository/APAC_University/James_Cook_University/Field_Email"), Email): Text 'marshall.rosenbaum@gmail.com' is set on object 'Object Repository/APAC_University/James_Cook_University/Field_Email'

25-10-2024T15:49:16 - [MESSAGE][PASSED] - Text 'marshall.rosenbaum@gmail.com' is set on object 'Object Repository/APAC_University/James_Cook_University/Field_Email'

25-10-2024T15:49:16 - [TEST_STEP][PASSED] - Phonenumber = keyPathPackage.customKeywords.generateRandomAustralianPhoneNumber(): keyPathPackage.customKeywords.generateRandomAustralianPhoneNumber is PASSED

25-10-2024T15:49:16 - [MESSAGE][PASSED] - keyPathPackage.customKeywords.generateRandomAustralianPhoneNumber is PASSED

25-10-2024T15:49:16 - [TEST_STEP][PASSED] - setText(findTestObject("Object Repository/APAC_University/James_Cook_University/Field_Phonenumber"), Phonenumber): Text '0401911770' is set on object 'Object Repository/APAC_University/James_Cook_University/Field_Phonenumber'

25-10-2024T15:49:17 - [MESSAGE][PASSED] - Text '0401911770' is set on object 'Object Repository/APAC_University/James_Cook_University/Field_Phonenumber'

25-10-2024T15:49:17 - [TEST_STEP][PASSED] - selectOptionByValue(findTestObject("Object Repository/APAC_University/James_Cook_University/Dropdown_Country"), "AU", true): All options with value 'AU' are selected in object 'Object Repository/APAC_University/James_Cook_University/Dropdown_Country'  using regular expression

25-10-2024T15:49:18 - [MESSAGE][PASSED] - All options with value 'AU' are selected in object 'Object Repository/APAC_University/James_Cook_University/Dropdown_Country'  using regular expression

25-10-2024T15:49:18 - [TEST_STEP][PASSED] - delay(3): Delayed 3 second(s)

25-10-2024T15:49:21 - [MESSAGE][PASSED] - Delayed 3 second(s)

25-10-2024T15:49:21 - [TEST_STEP][PASSED] - Postcode = keyPathPackage.customKeywords.selectRandomPostCode(): keyPathPackage.customKeywords.selectRandomPostCode is PASSED

25-10-2024T15:49:21 - [MESSAGE][PASSED] - keyPathPackage.customKeywords.selectRandomPostCode is PASSED

25-10-2024T15:49:21 - [TEST_STEP][PASSED] - setText(findTestObject("Object Repository/APAC_University/James_Cook_University/Field_Postcode"), Postcode): Text '8017' is set on object 'Object Repository/APAC_University/James_Cook_University/Field_Postcode'

25-10-2024T15:49:22 - [MESSAGE][PASSED] - Text '8017' is set on object 'Object Repository/APAC_University/James_Cook_University/Field_Postcode'

25-10-2024T15:49:22 - [TEST_STEP][PASSED] - setText(findTestObject("Object Repository/APAC_University/James_Cook_University/Field_Postcode"), Postcode): Text '8017' is set on object 'Object Repository/APAC_University/James_Cook_University/Field_Postcode'

25-10-2024T15:49:22 - [MESSAGE][PASSED] - Text '8017' is set on object 'Object Repository/APAC_University/James_Cook_University/Field_Postcode'

25-10-2024T15:49:22 - [TEST_STEP][PASSED] - waitForElementClickable(findTestObject("Object Repository/APAC_University/James_Cook_University/Button_Submit"), 10): Object 'Object Repository/APAC_University/James_Cook_University/Button_Submit' is clickable

25-10-2024T15:49:23 - [MESSAGE][PASSED] - Object 'Object Repository/APAC_University/James_Cook_University/Button_Submit' is clickable

25-10-2024T15:49:23 - [TEST_STEP][PASSED] - click(findTestObject("Object Repository/APAC_University/James_Cook_University/Button_Submit")): Object: 'Object Repository/APAC_University/James_Cook_University/Button_Submit' is clicked on

25-10-2024T15:49:23 - [MESSAGE][PASSED] - Object: 'Object Repository/APAC_University/James_Cook_University/Button_Submit' is clicked on

25-10-2024T15:49:23 - [TEST_STEP][PASSED] - delay(5): Delayed 5 second(s)

25-10-2024T15:49:28 - [MESSAGE][PASSED] - Delayed 5 second(s)

25-10-2024T15:49:28 - [TEST_STEP][PASSED] - verifyElementText(findTestObject("Object Repository/APAC_University/James_Cook_University/Verify_Message"), "Thank you"): Actual text and expected text of test object 'Object Repository/APAC_University/James_Cook_University/Verify_Message' are matched.

25-10-2024T15:49:28 - [MESSAGE][PASSED] - Actual text and expected text of test object 'Object Repository/APAC_University/James_Cook_University/Verify_Message' are matched.

25-10-2024T15:49:28 - [MESSAGE][PASSED] - Call Test Case 'Test Cases/APAC_Universities/SEO_PAGES/James_Cook_University/Reusable_Testcases/Lead_Form' successfully]]></system-out>
         <system-err><![CDATA[]]></system-err>
      </testcase>
      <testcase name="Test Cases/APAC_Universities/SEO_PAGES/James_Cook_University/Contact_Us" time="26.276" classname="Test Cases/APAC_Universities/SEO_PAGES/James_Cook_University/Contact_Us" status="PASSED">
         <system-out><![CDATA[25-10-2024T15:49:28 - [TEST_CASE][PASSED] - Test Cases/APAC_Universities/SEO_PAGES/James_Cook_University/Contact_Us: Test Cases/APAC_Universities/SEO_PAGES/James_Cook_University/Contact_Us

25-10-2024T15:49:28 - [TEST_STEP][PASSED] - callTestCase(findTestCase("Test Cases/APAC_Universities/SEO_PAGES/James_Cook_University/Reusable_Testcases/Navigate_Homepage"), [:], STOP_ON_FAILURE): Call Test Case 'Test Cases/APAC_Universities/SEO_PAGES/James_Cook_University/Reusable_Testcases/Navigate_Homepage' successfully

25-10-2024T15:49:28 - [TEST_CASE][PASSED] - Test Cases/APAC_Universities/SEO_PAGES/James_Cook_University/Reusable_Testcases/Navigate_Homepage: Test Cases/APAC_Universities/SEO_PAGES/James_Cook_University/Reusable_Testcases/Navigate_Homepage

25-10-2024T15:49:28 - [TEST_STEP][PASSED] - waitForElementClickable(findTestObject("Object Repository/APAC_University/James_Cook_University/Button_Homepage"), 10): Object 'Object Repository/APAC_University/James_Cook_University/Button_Homepage' is clickable

25-10-2024T15:49:28 - [MESSAGE][PASSED] - Object 'Object Repository/APAC_University/James_Cook_University/Button_Homepage' is clickable

25-10-2024T15:49:28 - [TEST_STEP][PASSED] - click(findTestObject("Object Repository/APAC_University/James_Cook_University/Button_Homepage")): Object: 'Object Repository/APAC_University/James_Cook_University/Button_Homepage' is clicked on

25-10-2024T15:49:29 - [MESSAGE][PASSED] - Object: 'Object Repository/APAC_University/James_Cook_University/Button_Homepage' is clicked on

25-10-2024T15:49:29 - [MESSAGE][PASSED] - Call Test Case 'Test Cases/APAC_Universities/SEO_PAGES/James_Cook_University/Reusable_Testcases/Navigate_Homepage' successfully

25-10-2024T15:49:29 - [TEST_STEP][PASSED] - scrollToElement(findTestObject("Object Repository/APAC_University/James_Cook_University/Button_ContactUs"), 3): Scroll to object 'Object Repository/APAC_University/James_Cook_University/Button_ContactUs' successfully

25-10-2024T15:49:30 - [MESSAGE][PASSED] - Scroll to object 'Object Repository/APAC_University/James_Cook_University/Button_ContactUs' successfully

25-10-2024T15:49:30 - [TEST_STEP][PASSED] - waitForElementClickable(findTestObject("Object Repository/APAC_University/James_Cook_University/Button_ContactUs"), 10): Object 'Object Repository/APAC_University/James_Cook_University/Button_ContactUs' is clickable

25-10-2024T15:49:31 - [MESSAGE][PASSED] - Object 'Object Repository/APAC_University/James_Cook_University/Button_ContactUs' is clickable

25-10-2024T15:49:31 - [TEST_STEP][PASSED] - click(findTestObject("Object Repository/APAC_University/James_Cook_University/Button_ContactUs")): Object: 'Object Repository/APAC_University/James_Cook_University/Button_ContactUs' is clicked on

25-10-2024T15:49:32 - [MESSAGE][PASSED] - Object: 'Object Repository/APAC_University/James_Cook_University/Button_ContactUs' is clicked on

25-10-2024T15:49:32 - [TEST_STEP][PASSED] - callTestCase(findTestCase("Test Cases/APAC_Universities/SEO_PAGES/James_Cook_University/Reusable_Testcases/Lead_Form"), [:], STOP_ON_FAILURE): Call Test Case 'Test Cases/APAC_Universities/SEO_PAGES/James_Cook_University/Reusable_Testcases/Lead_Form' successfully

25-10-2024T15:49:32 - [TEST_CASE][PASSED] - Test Cases/APAC_Universities/SEO_PAGES/James_Cook_University/Reusable_Testcases/Lead_Form: Test Cases/APAC_Universities/SEO_PAGES/James_Cook_University/Reusable_Testcases/Lead_Form

25-10-2024T15:49:32 - [TEST_STEP][PASSED] - program = findTestObject("Object Repository/APAC_University/James_Cook_University/Dropdown_Program"): null

25-10-2024T15:49:32 - [TEST_STEP][PASSED] - selectOptionByIndex(program, keyPathPackage.customKeywords.selectRandomOptionFromDropdown()): All options with index in [1] are selected on object 'Object Repository/APAC_University/James_Cook_University/Dropdown_Program'

25-10-2024T15:49:32 - [MESSAGE][PASSED] - keyPathPackage.customKeywords.selectRandomOptionFromDropdown is PASSED

25-10-2024T15:49:36 - [MESSAGE][PASSED] - All options with index in [1] are selected on object 'Object Repository/APAC_University/James_Cook_University/Dropdown_Program'

25-10-2024T15:49:36 - [TEST_STEP][PASSED] - FirstName = keyPathPackage.customKeywords.generateRandomFirstName(): keyPathPackage.customKeywords.generateRandomFirstName is PASSED

25-10-2024T15:49:36 - [MESSAGE][PASSED] - keyPathPackage.customKeywords.generateRandomFirstName is PASSED

25-10-2024T15:49:36 - [TEST_STEP][PASSED] - setText(findTestObject("Object Repository/APAC_University/James_Cook_University/Field_Firstname"), FirstName): Text 'Theodore' is set on object 'Object Repository/APAC_University/James_Cook_University/Field_Firstname'

25-10-2024T15:49:36 - [MESSAGE][PASSED] - Text 'Theodore' is set on object 'Object Repository/APAC_University/James_Cook_University/Field_Firstname'

25-10-2024T15:49:36 - [TEST_STEP][PASSED] - LastName = keyPathPackage.customKeywords.generateRandomLastName(): keyPathPackage.customKeywords.generateRandomLastName is PASSED

25-10-2024T15:49:36 - [MESSAGE][PASSED] - keyPathPackage.customKeywords.generateRandomLastName is PASSED

25-10-2024T15:49:36 - [TEST_STEP][PASSED] - setText(findTestObject("Object Repository/APAC_University/James_Cook_University/Field_Lastname"), LastName): Text 'Testing Bruen' is set on object 'Object Repository/APAC_University/James_Cook_University/Field_Lastname'

25-10-2024T15:49:37 - [MESSAGE][PASSED] - Text 'Testing Bruen' is set on object 'Object Repository/APAC_University/James_Cook_University/Field_Lastname'

25-10-2024T15:49:37 - [TEST_STEP][PASSED] - waitForElementClickable(findTestObject("Object Repository/APAC_University/James_Cook_University/Button_Nextstep2"), 10): Object 'Object Repository/APAC_University/James_Cook_University/Button_Nextstep2' is clickable

25-10-2024T15:49:37 - [MESSAGE][PASSED] - Object 'Object Repository/APAC_University/James_Cook_University/Button_Nextstep2' is clickable

25-10-2024T15:49:37 - [TEST_STEP][PASSED] - click(findTestObject("Object Repository/APAC_University/James_Cook_University/Button_Nextstep2")): Object: 'Object Repository/APAC_University/James_Cook_University/Button_Nextstep2' is clicked on

25-10-2024T15:49:37 - [MESSAGE][PASSED] - Object: 'Object Repository/APAC_University/James_Cook_University/Button_Nextstep2' is clicked on

25-10-2024T15:49:37 - [TEST_STEP][PASSED] - startdate = findTestObject("Object Repository/APAC_University/James_Cook_University/Dropdown_Startdate"): null

25-10-2024T15:49:37 - [TEST_STEP][PASSED] - selectOptionByIndex(startdate, keyPathPackage.customKeywords.selectRandomOptionFromDropdown()): All options with index in [2] are selected on object 'Object Repository/APAC_University/James_Cook_University/Dropdown_Startdate'

25-10-2024T15:49:37 - [MESSAGE][PASSED] - keyPathPackage.customKeywords.selectRandomOptionFromDropdown is PASSED

25-10-2024T15:49:38 - [MESSAGE][PASSED] - All options with index in [2] are selected on object 'Object Repository/APAC_University/James_Cook_University/Dropdown_Startdate'

25-10-2024T15:49:38 - [TEST_STEP][PASSED] - selectOptionByValue(findTestObject("Object Repository/APAC_University/James_Cook_University/Dropdown_Highereducation"), Education_Level, false): All options with value 'Postgraduate diploma' are selected in object 'Object Repository/APAC_University/James_Cook_University/Dropdown_Highereducation' 

25-10-2024T15:49:39 - [MESSAGE][PASSED] - All options with value 'Postgraduate diploma' are selected in object 'Object Repository/APAC_University/James_Cook_University/Dropdown_Highereducation' 

25-10-2024T15:49:39 - [TEST_STEP][PASSED] - Workexperience = findTestObject("Object Repository/APAC_University/James_Cook_University/Dropdown_Workexperience"): null

25-10-2024T15:49:39 - [TEST_STEP][PASSED] - selectOptionByIndex(Workexperience, keyPathPackage.customKeywords.selectRandomOptionFromDropdown()): All options with index in [2] are selected on object 'Object Repository/APAC_University/James_Cook_University/Dropdown_Workexperience'

25-10-2024T15:49:39 - [MESSAGE][PASSED] - keyPathPackage.customKeywords.selectRandomOptionFromDropdown is PASSED

25-10-2024T15:49:40 - [MESSAGE][PASSED] - All options with index in [2] are selected on object 'Object Repository/APAC_University/James_Cook_University/Dropdown_Workexperience'

25-10-2024T15:49:40 - [TEST_STEP][PASSED] - Enquiryreason = findTestObject("Object Repository/APAC_University/James_Cook_University/Dropdown_Enquiry"): null

25-10-2024T15:49:40 - [TEST_STEP][PASSED] - selectOptionByIndex(Enquiryreason, keyPathPackage.customKeywords.selectRandomOptionFromDropdown()): All options with index in [2] are selected on object 'Object Repository/APAC_University/James_Cook_University/Dropdown_Enquiry'

25-10-2024T15:49:40 - [MESSAGE][PASSED] - keyPathPackage.customKeywords.selectRandomOptionFromDropdown is PASSED

25-10-2024T15:49:40 - [MESSAGE][PASSED] - All options with index in [2] are selected on object 'Object Repository/APAC_University/James_Cook_University/Dropdown_Enquiry'

25-10-2024T15:49:40 - [TEST_STEP][PASSED] - waitForElementClickable(findTestObject("Object Repository/APAC_University/James_Cook_University/Button_Nextstep3"), 10): Object 'Object Repository/APAC_University/James_Cook_University/Button_Nextstep3' is clickable

25-10-2024T15:49:41 - [MESSAGE][PASSED] - Object 'Object Repository/APAC_University/James_Cook_University/Button_Nextstep3' is clickable

25-10-2024T15:49:41 - [TEST_STEP][PASSED] - click(findTestObject("Object Repository/APAC_University/James_Cook_University/Button_Nextstep3")): Object: 'Object Repository/APAC_University/James_Cook_University/Button_Nextstep3' is clicked on

25-10-2024T15:49:41 - [MESSAGE][PASSED] - Object: 'Object Repository/APAC_University/James_Cook_University/Button_Nextstep3' is clicked on

25-10-2024T15:49:41 - [TEST_STEP][PASSED] - Email = keyPathPackage.customKeywords.generateRandomEmail(): keyPathPackage.customKeywords.generateRandomEmail is PASSED

25-10-2024T15:49:41 - [MESSAGE][PASSED] - keyPathPackage.customKeywords.generateRandomEmail is PASSED

25-10-2024T15:49:41 - [TEST_STEP][PASSED] - setText(findTestObject("Object Repository/APAC_University/James_Cook_University/Field_Email"), Email): Text 'librada.kris@hotmail.com' is set on object 'Object Repository/APAC_University/James_Cook_University/Field_Email'

25-10-2024T15:49:42 - [MESSAGE][PASSED] - Text 'librada.kris@hotmail.com' is set on object 'Object Repository/APAC_University/James_Cook_University/Field_Email'

25-10-2024T15:49:42 - [TEST_STEP][PASSED] - Phonenumber = keyPathPackage.customKeywords.generateRandomAustralianPhoneNumber(): keyPathPackage.customKeywords.generateRandomAustralianPhoneNumber is PASSED

25-10-2024T15:49:42 - [MESSAGE][PASSED] - keyPathPackage.customKeywords.generateRandomAustralianPhoneNumber is PASSED

25-10-2024T15:49:42 - [TEST_STEP][PASSED] - setText(findTestObject("Object Repository/APAC_University/James_Cook_University/Field_Phonenumber"), Phonenumber): Text '0414060625' is set on object 'Object Repository/APAC_University/James_Cook_University/Field_Phonenumber'

25-10-2024T15:49:42 - [MESSAGE][PASSED] - Text '0414060625' is set on object 'Object Repository/APAC_University/James_Cook_University/Field_Phonenumber'

25-10-2024T15:49:42 - [TEST_STEP][PASSED] - selectOptionByValue(findTestObject("Object Repository/APAC_University/James_Cook_University/Dropdown_Country"), "AU", true): All options with value 'AU' are selected in object 'Object Repository/APAC_University/James_Cook_University/Dropdown_Country'  using regular expression

25-10-2024T15:49:44 - [MESSAGE][PASSED] - All options with value 'AU' are selected in object 'Object Repository/APAC_University/James_Cook_University/Dropdown_Country'  using regular expression

25-10-2024T15:49:44 - [TEST_STEP][PASSED] - delay(3): Delayed 3 second(s)

25-10-2024T15:49:47 - [MESSAGE][PASSED] - Delayed 3 second(s)

25-10-2024T15:49:47 - [TEST_STEP][PASSED] - Postcode = keyPathPackage.customKeywords.selectRandomPostCode(): keyPathPackage.customKeywords.selectRandomPostCode is PASSED

25-10-2024T15:49:47 - [MESSAGE][PASSED] - keyPathPackage.customKeywords.selectRandomPostCode is PASSED

25-10-2024T15:49:47 - [TEST_STEP][PASSED] - setText(findTestObject("Object Repository/APAC_University/James_Cook_University/Field_Postcode"), Postcode): Text '8900' is set on object 'Object Repository/APAC_University/James_Cook_University/Field_Postcode'

25-10-2024T15:49:47 - [MESSAGE][PASSED] - Text '8900' is set on object 'Object Repository/APAC_University/James_Cook_University/Field_Postcode'

25-10-2024T15:49:47 - [TEST_STEP][PASSED] - setText(findTestObject("Object Repository/APAC_University/James_Cook_University/Field_Postcode"), Postcode): Text '8900' is set on object 'Object Repository/APAC_University/James_Cook_University/Field_Postcode'

25-10-2024T15:49:48 - [MESSAGE][PASSED] - Text '8900' is set on object 'Object Repository/APAC_University/James_Cook_University/Field_Postcode'

25-10-2024T15:49:48 - [TEST_STEP][PASSED] - waitForElementClickable(findTestObject("Object Repository/APAC_University/James_Cook_University/Button_Submit"), 10): Object 'Object Repository/APAC_University/James_Cook_University/Button_Submit' is clickable

25-10-2024T15:49:48 - [MESSAGE][PASSED] - Object 'Object Repository/APAC_University/James_Cook_University/Button_Submit' is clickable

25-10-2024T15:49:48 - [TEST_STEP][PASSED] - click(findTestObject("Object Repository/APAC_University/James_Cook_University/Button_Submit")): Object: 'Object Repository/APAC_University/James_Cook_University/Button_Submit' is clicked on

25-10-2024T15:49:48 - [MESSAGE][PASSED] - Object: 'Object Repository/APAC_University/James_Cook_University/Button_Submit' is clicked on

25-10-2024T15:49:48 - [TEST_STEP][PASSED] - delay(5): Delayed 5 second(s)

25-10-2024T15:49:53 - [MESSAGE][PASSED] - Delayed 5 second(s)

25-10-2024T15:49:53 - [TEST_STEP][PASSED] - verifyElementText(findTestObject("Object Repository/APAC_University/James_Cook_University/Verify_Message"), "Thank you"): Actual text and expected text of test object 'Object Repository/APAC_University/James_Cook_University/Verify_Message' are matched.

25-10-2024T15:49:54 - [MESSAGE][PASSED] - Actual text and expected text of test object 'Object Repository/APAC_University/James_Cook_University/Verify_Message' are matched.

25-10-2024T15:49:54 - [MESSAGE][PASSED] - Call Test Case 'Test Cases/APAC_Universities/SEO_PAGES/James_Cook_University/Reusable_Testcases/Lead_Form' successfully

25-10-2024T15:49:54 - [TEST_STEP][PASSED] - closeBrowser(): Browser is closed

25-10-2024T15:49:54 - [MESSAGE][PASSED] - Browser is closed]]></system-out>
         <system-err><![CDATA[]]></system-err>
      </testcase>
      <testcase name="Test Cases/APAC_Universities/SEO_PAGES/UNSW_University/Main_Page" time="23.526" classname="Test Cases/APAC_Universities/SEO_PAGES/UNSW_University/Main_Page" status="PASSED">
         <system-out><![CDATA[25-10-2024T15:49:54 - [TEST_CASE][PASSED] - Test Cases/APAC_Universities/SEO_PAGES/UNSW_University/Main_Page: Test Cases/APAC_Universities/SEO_PAGES/UNSW_University/Main_Page

25-10-2024T15:49:54 - [TEST_STEP][PASSED] - callTestCase(findTestCase("Test Cases/APAC_Universities/SEO_PAGES/UNSW_University/Reusable_Testcases/Navigate_URL"), [:], STOP_ON_FAILURE): Call Test Case 'Test Cases/APAC_Universities/SEO_PAGES/UNSW_University/Reusable_Testcases/Navigate_URL' successfully

25-10-2024T15:49:55 - [TEST_CASE][PASSED] - Test Cases/APAC_Universities/SEO_PAGES/UNSW_University/Reusable_Testcases/Navigate_URL: Test Cases/APAC_Universities/SEO_PAGES/UNSW_University/Reusable_Testcases/Navigate_URL

25-10-2024T15:49:55 - [TEST_STEP][PASSED] - openBrowser(""): Browser is opened with url: ''

25-10-2024T15:49:55 - [MESSAGE][INFO] - Starting 'Chrome' driver

25-10-2024T15:49:55 - [MESSAGE][INFO] - Action delay is set to 0 milliseconds

25-10-2024T15:49:55 - [MESSAGE][PASSED] - Browser is opened with url: ''

25-10-2024T15:49:55 - [TEST_STEP][PASSED] - navigateToUrl(University_UNSW): Navigate to 'https://key:path@dev-unsw-opm.pantheonsite.io/' successfully

25-10-2024T15:49:59 - [MESSAGE][PASSED] - Navigate to 'https://key:path@dev-unsw-opm.pantheonsite.io/' successfully

25-10-2024T15:49:59 - [TEST_STEP][PASSED] - maximizeWindow(): Current window maximized

25-10-2024T15:49:59 - [MESSAGE][PASSED] - Current window maximized

25-10-2024T15:49:59 - [MESSAGE][PASSED] - Call Test Case 'Test Cases/APAC_Universities/SEO_PAGES/UNSW_University/Reusable_Testcases/Navigate_URL' successfully

25-10-2024T15:49:59 - [TEST_STEP][PASSED] - callTestCase(findTestCase("Test Cases/APAC_Universities/SEO_PAGES/UNSW_University/Reusable_Testcases/Lead_Form"), [:], STOP_ON_FAILURE): Call Test Case 'Test Cases/APAC_Universities/SEO_PAGES/UNSW_University/Reusable_Testcases/Lead_Form' successfully

25-10-2024T15:49:59 - [TEST_CASE][PASSED] - Test Cases/APAC_Universities/SEO_PAGES/UNSW_University/Reusable_Testcases/Lead_Form: Test Cases/APAC_Universities/SEO_PAGES/UNSW_University/Reusable_Testcases/Lead_Form

25-10-2024T15:49:59 - [TEST_STEP][PASSED] - program = findTestObject("Object Repository/APAC_University/UNSW_University/Dropdown_Program"): null

25-10-2024T15:49:59 - [TEST_STEP][PASSED] - selectOptionByIndex(program, keyPathPackage.customKeywords.selectRandomOptionFromDropdown()): All options with index in [1] are selected on object 'Object Repository/APAC_University/UNSW_University/Dropdown_Program'

25-10-2024T15:49:59 - [MESSAGE][PASSED] - keyPathPackage.customKeywords.selectRandomOptionFromDropdown is PASSED

25-10-2024T15:50:02 - [MESSAGE][PASSED] - All options with index in [1] are selected on object 'Object Repository/APAC_University/UNSW_University/Dropdown_Program'

25-10-2024T15:50:02 - [TEST_STEP][PASSED] - FirstName = keyPathPackage.customKeywords.generateRandomFirstName(): keyPathPackage.customKeywords.generateRandomFirstName is PASSED

25-10-2024T15:50:02 - [MESSAGE][PASSED] - keyPathPackage.customKeywords.generateRandomFirstName is PASSED

25-10-2024T15:50:02 - [TEST_STEP][PASSED] - setText(findTestObject("Object Repository/APAC_University/UNSW_University/Field_Firstname"), FirstName): Text 'Jacques' is set on object 'Object Repository/APAC_University/UNSW_University/Field_Firstname'

25-10-2024T15:50:03 - [MESSAGE][PASSED] - Text 'Jacques' is set on object 'Object Repository/APAC_University/UNSW_University/Field_Firstname'

25-10-2024T15:50:03 - [TEST_STEP][PASSED] - LastName = keyPathPackage.customKeywords.generateRandomLastName(): keyPathPackage.customKeywords.generateRandomLastName is PASSED

25-10-2024T15:50:03 - [MESSAGE][PASSED] - keyPathPackage.customKeywords.generateRandomLastName is PASSED

25-10-2024T15:50:03 - [TEST_STEP][PASSED] - setText(findTestObject("Object Repository/APAC_University/UNSW_University/Field_Lastname"), LastName): Text 'Testing Rau' is set on object 'Object Repository/APAC_University/UNSW_University/Field_Lastname'

25-10-2024T15:50:03 - [MESSAGE][PASSED] - Text 'Testing Rau' is set on object 'Object Repository/APAC_University/UNSW_University/Field_Lastname'

25-10-2024T15:50:03 - [TEST_STEP][PASSED] - waitForElementClickable(findTestObject("Object Repository/APAC_University/UNSW_University/Button_NextStep2"), 10): Object 'Object Repository/APAC_University/UNSW_University/Button_NextStep2' is clickable

25-10-2024T15:50:03 - [MESSAGE][PASSED] - Object 'Object Repository/APAC_University/UNSW_University/Button_NextStep2' is clickable

25-10-2024T15:50:03 - [TEST_STEP][PASSED] - click(findTestObject("Object Repository/APAC_University/UNSW_University/Button_NextStep2")): Object: 'Object Repository/APAC_University/UNSW_University/Button_NextStep2' is clicked on

25-10-2024T15:50:04 - [MESSAGE][PASSED] - Object: 'Object Repository/APAC_University/UNSW_University/Button_NextStep2' is clicked on

25-10-2024T15:50:04 - [TEST_STEP][PASSED] - startdate = findTestObject("Object Repository/APAC_University/UNSW_University/Dropdown_Startdate"): null

25-10-2024T15:50:04 - [TEST_STEP][PASSED] - selectOptionByIndex(startdate, keyPathPackage.customKeywords.selectRandomOptionFromDropdown()): All options with index in [2] are selected on object 'Object Repository/APAC_University/UNSW_University/Dropdown_Startdate'

25-10-2024T15:50:04 - [MESSAGE][PASSED] - keyPathPackage.customKeywords.selectRandomOptionFromDropdown is PASSED

25-10-2024T15:50:04 - [MESSAGE][PASSED] - All options with index in [2] are selected on object 'Object Repository/APAC_University/UNSW_University/Dropdown_Startdate'

25-10-2024T15:50:04 - [TEST_STEP][PASSED] - selectOptionByValue(findTestObject("Object Repository/APAC_University/UNSW_University/Dropdown_Highereducation"), Education_Level, false): All options with value 'Postgraduate diploma' are selected in object 'Object Repository/APAC_University/UNSW_University/Dropdown_Highereducation' 

25-10-2024T15:50:05 - [MESSAGE][PASSED] - All options with value 'Postgraduate diploma' are selected in object 'Object Repository/APAC_University/UNSW_University/Dropdown_Highereducation' 

25-10-2024T15:50:05 - [TEST_STEP][PASSED] - Workexperience = findTestObject("Object Repository/APAC_University/UNSW_University/Dropdown_Workexperience"): null

25-10-2024T15:50:05 - [TEST_STEP][PASSED] - selectOptionByIndex(Workexperience, keyPathPackage.customKeywords.selectRandomOptionFromDropdown()): All options with index in [1] are selected on object 'Object Repository/APAC_University/UNSW_University/Dropdown_Workexperience'

25-10-2024T15:50:05 - [MESSAGE][PASSED] - keyPathPackage.customKeywords.selectRandomOptionFromDropdown is PASSED

25-10-2024T15:50:06 - [MESSAGE][PASSED] - All options with index in [1] are selected on object 'Object Repository/APAC_University/UNSW_University/Dropdown_Workexperience'

25-10-2024T15:50:06 - [TEST_STEP][PASSED] - Enquiryreason = findTestObject("Object Repository/APAC_University/UNSW_University/Dropdown_Enquiry"): null

25-10-2024T15:50:06 - [TEST_STEP][PASSED] - selectOptionByIndex(Enquiryreason, keyPathPackage.customKeywords.selectRandomOptionFromDropdown()): All options with index in [2] are selected on object 'Object Repository/APAC_University/UNSW_University/Dropdown_Enquiry'

25-10-2024T15:50:06 - [MESSAGE][PASSED] - keyPathPackage.customKeywords.selectRandomOptionFromDropdown is PASSED

25-10-2024T15:50:06 - [MESSAGE][PASSED] - All options with index in [2] are selected on object 'Object Repository/APAC_University/UNSW_University/Dropdown_Enquiry'

25-10-2024T15:50:06 - [TEST_STEP][PASSED] - waitForElementClickable(findTestObject("Object Repository/APAC_University/UNSW_University/Button_NextStep3"), 10): Object 'Object Repository/APAC_University/UNSW_University/Button_NextStep3' is clickable

25-10-2024T15:50:07 - [MESSAGE][PASSED] - Object 'Object Repository/APAC_University/UNSW_University/Button_NextStep3' is clickable

25-10-2024T15:50:07 - [TEST_STEP][PASSED] - click(findTestObject("Object Repository/APAC_University/UNSW_University/Button_NextStep3")): Object: 'Object Repository/APAC_University/UNSW_University/Button_NextStep3' is clicked on

25-10-2024T15:50:07 - [MESSAGE][PASSED] - Object: 'Object Repository/APAC_University/UNSW_University/Button_NextStep3' is clicked on

25-10-2024T15:50:07 - [TEST_STEP][PASSED] - Phonenumber = keyPathPackage.customKeywords.generateRandomAustralianPhoneNumber(): keyPathPackage.customKeywords.generateRandomAustralianPhoneNumber is PASSED

25-10-2024T15:50:07 - [MESSAGE][PASSED] - keyPathPackage.customKeywords.generateRandomAustralianPhoneNumber is PASSED

25-10-2024T15:50:07 - [TEST_STEP][PASSED] - setText(findTestObject("Object Repository/APAC_University/UNSW_University/Field_Phonenumber"), Phonenumber): Text '0443822353' is set on object 'Object Repository/APAC_University/UNSW_University/Field_Phonenumber'

25-10-2024T15:50:07 - [MESSAGE][PASSED] - Text '0443822353' is set on object 'Object Repository/APAC_University/UNSW_University/Field_Phonenumber'

25-10-2024T15:50:07 - [TEST_STEP][PASSED] - Email = keyPathPackage.customKeywords.generateRandomEmail(): keyPathPackage.customKeywords.generateRandomEmail is PASSED

25-10-2024T15:50:07 - [MESSAGE][PASSED] - keyPathPackage.customKeywords.generateRandomEmail is PASSED

25-10-2024T15:50:07 - [TEST_STEP][PASSED] - setText(findTestObject("Object Repository/APAC_University/UNSW_University/Field_Email"), Email): Text 'thaddeus.kub@hotmail.com' is set on object 'Object Repository/APAC_University/UNSW_University/Field_Email'

25-10-2024T15:50:08 - [MESSAGE][PASSED] - Text 'thaddeus.kub@hotmail.com' is set on object 'Object Repository/APAC_University/UNSW_University/Field_Email'

25-10-2024T15:50:08 - [TEST_STEP][PASSED] - selectOptionByLabel(findTestObject("Object Repository/APAC_University/UNSW_University/Dropdown_Country"), "Australia", false): All options with label 'Australia' are selected in object 'Object Repository/APAC_University/UNSW_University/Dropdown_Country' 

25-10-2024T15:50:09 - [MESSAGE][PASSED] - All options with label 'Australia' are selected in object 'Object Repository/APAC_University/UNSW_University/Dropdown_Country' 

25-10-2024T15:50:09 - [TEST_STEP][PASSED] - delay(3): Delayed 3 second(s)

25-10-2024T15:50:12 - [MESSAGE][PASSED] - Delayed 3 second(s)

25-10-2024T15:50:12 - [TEST_STEP][PASSED] - Postcode = keyPathPackage.customKeywords.selectRandomPostCode(): keyPathPackage.customKeywords.selectRandomPostCode is PASSED

25-10-2024T15:50:12 - [MESSAGE][PASSED] - keyPathPackage.customKeywords.selectRandomPostCode is PASSED

25-10-2024T15:50:12 - [TEST_STEP][PASSED] - setText(findTestObject("Object Repository/APAC_University/UNSW_University/Field_Postcode"), Postcode): Text '0640' is set on object 'Object Repository/APAC_University/UNSW_University/Field_Postcode'

25-10-2024T15:50:12 - [MESSAGE][PASSED] - Text '0640' is set on object 'Object Repository/APAC_University/UNSW_University/Field_Postcode'

25-10-2024T15:50:12 - [TEST_STEP][PASSED] - waitForElementClickable(findTestObject("Object Repository/APAC_University/UNSW_University/Button_Submit"), 10): Object 'Object Repository/APAC_University/UNSW_University/Button_Submit' is clickable

25-10-2024T15:50:12 - [MESSAGE][PASSED] - Object 'Object Repository/APAC_University/UNSW_University/Button_Submit' is clickable

25-10-2024T15:50:12 - [TEST_STEP][PASSED] - click(findTestObject("Object Repository/APAC_University/UNSW_University/Button_Submit")): Object: 'Object Repository/APAC_University/UNSW_University/Button_Submit' is clicked on

25-10-2024T15:50:13 - [MESSAGE][PASSED] - Object: 'Object Repository/APAC_University/UNSW_University/Button_Submit' is clicked on

25-10-2024T15:50:13 - [TEST_STEP][PASSED] - delay(5): Delayed 5 second(s)

25-10-2024T15:50:18 - [MESSAGE][PASSED] - Delayed 5 second(s)

25-10-2024T15:50:18 - [TEST_STEP][PASSED] - verifyElementText(findTestObject("Object Repository/APAC_University/UNSW_University/Verfy_Content"), "Thank you for your enquiry"): Actual text and expected text of test object 'Object Repository/APAC_University/UNSW_University/Verfy_Content' are matched.

25-10-2024T15:50:18 - [MESSAGE][PASSED] - Actual text and expected text of test object 'Object Repository/APAC_University/UNSW_University/Verfy_Content' are matched.

25-10-2024T15:50:18 - [MESSAGE][PASSED] - Call Test Case 'Test Cases/APAC_Universities/SEO_PAGES/UNSW_University/Reusable_Testcases/Lead_Form' successfully]]></system-out>
         <system-err><![CDATA[]]></system-err>
      </testcase>
      <testcase name="Test Cases/APAC_Universities/SEO_PAGES/UNSW_University/Enquiry_Now" time="21.697" classname="Test Cases/APAC_Universities/SEO_PAGES/UNSW_University/Enquiry_Now" status="PASSED">
         <system-out><![CDATA[25-10-2024T15:50:18 - [TEST_CASE][PASSED] - Test Cases/APAC_Universities/SEO_PAGES/UNSW_University/Enquiry_Now: Test Cases/APAC_Universities/SEO_PAGES/UNSW_University/Enquiry_Now

25-10-2024T15:50:18 - [TEST_STEP][PASSED] - callTestCase(findTestCase("Test Cases/APAC_Universities/SEO_PAGES/UNSW_University/Reusable_Testcases/Navigate_HomePage"), [:], STOP_ON_FAILURE): Call Test Case 'Test Cases/APAC_Universities/SEO_PAGES/UNSW_University/Reusable_Testcases/Navigate_HomePage' successfully

25-10-2024T15:50:18 - [TEST_CASE][PASSED] - Test Cases/APAC_Universities/SEO_PAGES/UNSW_University/Reusable_Testcases/Navigate_HomePage: Test Cases/APAC_Universities/SEO_PAGES/UNSW_University/Reusable_Testcases/Navigate_HomePage

25-10-2024T15:50:18 - [TEST_STEP][PASSED] - waitForElementClickable(findTestObject("Object Repository/APAC_University/UNSW_University/Button_home"), 10): Object 'Object Repository/APAC_University/UNSW_University/Button_home' is clickable

25-10-2024T15:50:18 - [MESSAGE][PASSED] - Object 'Object Repository/APAC_University/UNSW_University/Button_home' is clickable

25-10-2024T15:50:18 - [TEST_STEP][PASSED] - click(findTestObject("Object Repository/APAC_University/UNSW_University/Button_home")): Object: 'Object Repository/APAC_University/UNSW_University/Button_home' is clicked on

25-10-2024T15:50:21 - [MESSAGE][PASSED] - Object: 'Object Repository/APAC_University/UNSW_University/Button_home' is clicked on

25-10-2024T15:50:21 - [MESSAGE][PASSED] - Call Test Case 'Test Cases/APAC_Universities/SEO_PAGES/UNSW_University/Reusable_Testcases/Navigate_HomePage' successfully

25-10-2024T15:50:21 - [TEST_STEP][PASSED] - waitForElementClickable(findTestObject("Object Repository/APAC_University/UNSW_University/Button_EnquiryNow"), 10): Object 'Object Repository/APAC_University/UNSW_University/Button_EnquiryNow' is clickable

25-10-2024T15:50:22 - [MESSAGE][PASSED] - Object 'Object Repository/APAC_University/UNSW_University/Button_EnquiryNow' is clickable

25-10-2024T15:50:22 - [TEST_STEP][PASSED] - click(findTestObject("Object Repository/APAC_University/UNSW_University/Button_EnquiryNow")): Object: 'Object Repository/APAC_University/UNSW_University/Button_EnquiryNow' is clicked on

25-10-2024T15:50:22 - [MESSAGE][PASSED] - Object: 'Object Repository/APAC_University/UNSW_University/Button_EnquiryNow' is clicked on

25-10-2024T15:50:22 - [TEST_STEP][PASSED] - callTestCase(findTestCase("Test Cases/APAC_Universities/SEO_PAGES/UNSW_University/Reusable_Testcases/Lead_Form"), [:], STOP_ON_FAILURE): Call Test Case 'Test Cases/APAC_Universities/SEO_PAGES/UNSW_University/Reusable_Testcases/Lead_Form' successfully

25-10-2024T15:50:22 - [TEST_CASE][PASSED] - Test Cases/APAC_Universities/SEO_PAGES/UNSW_University/Reusable_Testcases/Lead_Form: Test Cases/APAC_Universities/SEO_PAGES/UNSW_University/Reusable_Testcases/Lead_Form

25-10-2024T15:50:22 - [TEST_STEP][PASSED] - program = findTestObject("Object Repository/APAC_University/UNSW_University/Dropdown_Program"): null

25-10-2024T15:50:22 - [TEST_STEP][PASSED] - selectOptionByIndex(program, keyPathPackage.customKeywords.selectRandomOptionFromDropdown()): All options with index in [1] are selected on object 'Object Repository/APAC_University/UNSW_University/Dropdown_Program'

25-10-2024T15:50:22 - [MESSAGE][PASSED] - keyPathPackage.customKeywords.selectRandomOptionFromDropdown is PASSED

25-10-2024T15:50:23 - [MESSAGE][PASSED] - All options with index in [1] are selected on object 'Object Repository/APAC_University/UNSW_University/Dropdown_Program'

25-10-2024T15:50:23 - [TEST_STEP][PASSED] - FirstName = keyPathPackage.customKeywords.generateRandomFirstName(): keyPathPackage.customKeywords.generateRandomFirstName is PASSED

25-10-2024T15:50:23 - [MESSAGE][PASSED] - keyPathPackage.customKeywords.generateRandomFirstName is PASSED

25-10-2024T15:50:23 - [TEST_STEP][PASSED] - setText(findTestObject("Object Repository/APAC_University/UNSW_University/Field_Firstname"), FirstName): Text 'Inger' is set on object 'Object Repository/APAC_University/UNSW_University/Field_Firstname'

25-10-2024T15:50:24 - [MESSAGE][PASSED] - Text 'Inger' is set on object 'Object Repository/APAC_University/UNSW_University/Field_Firstname'

25-10-2024T15:50:24 - [TEST_STEP][PASSED] - LastName = keyPathPackage.customKeywords.generateRandomLastName(): keyPathPackage.customKeywords.generateRandomLastName is PASSED

25-10-2024T15:50:24 - [MESSAGE][PASSED] - keyPathPackage.customKeywords.generateRandomLastName is PASSED

25-10-2024T15:50:24 - [TEST_STEP][PASSED] - setText(findTestObject("Object Repository/APAC_University/UNSW_University/Field_Lastname"), LastName): Text 'Testing Donnelly' is set on object 'Object Repository/APAC_University/UNSW_University/Field_Lastname'

25-10-2024T15:50:25 - [MESSAGE][PASSED] - Text 'Testing Donnelly' is set on object 'Object Repository/APAC_University/UNSW_University/Field_Lastname'

25-10-2024T15:50:25 - [TEST_STEP][PASSED] - waitForElementClickable(findTestObject("Object Repository/APAC_University/UNSW_University/Button_NextStep2"), 10): Object 'Object Repository/APAC_University/UNSW_University/Button_NextStep2' is clickable

25-10-2024T15:50:25 - [MESSAGE][PASSED] - Object 'Object Repository/APAC_University/UNSW_University/Button_NextStep2' is clickable

25-10-2024T15:50:25 - [TEST_STEP][PASSED] - click(findTestObject("Object Repository/APAC_University/UNSW_University/Button_NextStep2")): Object: 'Object Repository/APAC_University/UNSW_University/Button_NextStep2' is clicked on

25-10-2024T15:50:25 - [MESSAGE][PASSED] - Object: 'Object Repository/APAC_University/UNSW_University/Button_NextStep2' is clicked on

25-10-2024T15:50:25 - [TEST_STEP][PASSED] - startdate = findTestObject("Object Repository/APAC_University/UNSW_University/Dropdown_Startdate"): null

25-10-2024T15:50:25 - [TEST_STEP][PASSED] - selectOptionByIndex(startdate, keyPathPackage.customKeywords.selectRandomOptionFromDropdown()): All options with index in [1] are selected on object 'Object Repository/APAC_University/UNSW_University/Dropdown_Startdate'

25-10-2024T15:50:25 - [MESSAGE][PASSED] - keyPathPackage.customKeywords.selectRandomOptionFromDropdown is PASSED

25-10-2024T15:50:26 - [MESSAGE][PASSED] - All options with index in [1] are selected on object 'Object Repository/APAC_University/UNSW_University/Dropdown_Startdate'

25-10-2024T15:50:26 - [TEST_STEP][PASSED] - selectOptionByValue(findTestObject("Object Repository/APAC_University/UNSW_University/Dropdown_Highereducation"), Education_Level, false): All options with value 'Postgraduate diploma' are selected in object 'Object Repository/APAC_University/UNSW_University/Dropdown_Highereducation' 

25-10-2024T15:50:26 - [MESSAGE][PASSED] - All options with value 'Postgraduate diploma' are selected in object 'Object Repository/APAC_University/UNSW_University/Dropdown_Highereducation' 

25-10-2024T15:50:26 - [TEST_STEP][PASSED] - Workexperience = findTestObject("Object Repository/APAC_University/UNSW_University/Dropdown_Workexperience"): null

25-10-2024T15:50:26 - [TEST_STEP][PASSED] - selectOptionByIndex(Workexperience, keyPathPackage.customKeywords.selectRandomOptionFromDropdown()): All options with index in [2] are selected on object 'Object Repository/APAC_University/UNSW_University/Dropdown_Workexperience'

25-10-2024T15:50:26 - [MESSAGE][PASSED] - keyPathPackage.customKeywords.selectRandomOptionFromDropdown is PASSED

25-10-2024T15:50:27 - [MESSAGE][PASSED] - All options with index in [2] are selected on object 'Object Repository/APAC_University/UNSW_University/Dropdown_Workexperience'

25-10-2024T15:50:27 - [TEST_STEP][PASSED] - Enquiryreason = findTestObject("Object Repository/APAC_University/UNSW_University/Dropdown_Enquiry"): null

25-10-2024T15:50:27 - [TEST_STEP][PASSED] - selectOptionByIndex(Enquiryreason, keyPathPackage.customKeywords.selectRandomOptionFromDropdown()): All options with index in [1] are selected on object 'Object Repository/APAC_University/UNSW_University/Dropdown_Enquiry'

25-10-2024T15:50:27 - [MESSAGE][PASSED] - keyPathPackage.customKeywords.selectRandomOptionFromDropdown is PASSED

25-10-2024T15:50:28 - [MESSAGE][PASSED] - All options with index in [1] are selected on object 'Object Repository/APAC_University/UNSW_University/Dropdown_Enquiry'

25-10-2024T15:50:28 - [TEST_STEP][PASSED] - waitForElementClickable(findTestObject("Object Repository/APAC_University/UNSW_University/Button_NextStep3"), 10): Object 'Object Repository/APAC_University/UNSW_University/Button_NextStep3' is clickable

25-10-2024T15:50:28 - [MESSAGE][PASSED] - Object 'Object Repository/APAC_University/UNSW_University/Button_NextStep3' is clickable

25-10-2024T15:50:28 - [TEST_STEP][PASSED] - click(findTestObject("Object Repository/APAC_University/UNSW_University/Button_NextStep3")): Object: 'Object Repository/APAC_University/UNSW_University/Button_NextStep3' is clicked on

25-10-2024T15:50:28 - [MESSAGE][PASSED] - Object: 'Object Repository/APAC_University/UNSW_University/Button_NextStep3' is clicked on

25-10-2024T15:50:28 - [TEST_STEP][PASSED] - Phonenumber = keyPathPackage.customKeywords.generateRandomAustralianPhoneNumber(): keyPathPackage.customKeywords.generateRandomAustralianPhoneNumber is PASSED

25-10-2024T15:50:28 - [MESSAGE][PASSED] - keyPathPackage.customKeywords.generateRandomAustralianPhoneNumber is PASSED

25-10-2024T15:50:28 - [TEST_STEP][PASSED] - setText(findTestObject("Object Repository/APAC_University/UNSW_University/Field_Phonenumber"), Phonenumber): Text '0405708260' is set on object 'Object Repository/APAC_University/UNSW_University/Field_Phonenumber'

25-10-2024T15:50:29 - [MESSAGE][PASSED] - Text '0405708260' is set on object 'Object Repository/APAC_University/UNSW_University/Field_Phonenumber'

25-10-2024T15:50:29 - [TEST_STEP][PASSED] - Email = keyPathPackage.customKeywords.generateRandomEmail(): keyPathPackage.customKeywords.generateRandomEmail is PASSED

25-10-2024T15:50:29 - [MESSAGE][PASSED] - keyPathPackage.customKeywords.generateRandomEmail is PASSED

25-10-2024T15:50:29 - [TEST_STEP][PASSED] - setText(findTestObject("Object Repository/APAC_University/UNSW_University/Field_Email"), Email): Text 'andre.mclaughlin@hotmail.com' is set on object 'Object Repository/APAC_University/UNSW_University/Field_Email'

25-10-2024T15:50:30 - [MESSAGE][PASSED] - Text 'andre.mclaughlin@hotmail.com' is set on object 'Object Repository/APAC_University/UNSW_University/Field_Email'

25-10-2024T15:50:30 - [TEST_STEP][PASSED] - selectOptionByLabel(findTestObject("Object Repository/APAC_University/UNSW_University/Dropdown_Country"), "Australia", false): All options with label 'Australia' are selected in object 'Object Repository/APAC_University/UNSW_University/Dropdown_Country' 

25-10-2024T15:50:30 - [MESSAGE][PASSED] - All options with label 'Australia' are selected in object 'Object Repository/APAC_University/UNSW_University/Dropdown_Country' 

25-10-2024T15:50:30 - [TEST_STEP][PASSED] - delay(3): Delayed 3 second(s)

25-10-2024T15:50:33 - [MESSAGE][PASSED] - Delayed 3 second(s)

25-10-2024T15:50:33 - [TEST_STEP][PASSED] - Postcode = keyPathPackage.customKeywords.selectRandomPostCode(): keyPathPackage.customKeywords.selectRandomPostCode is PASSED

25-10-2024T15:50:33 - [MESSAGE][PASSED] - keyPathPackage.customKeywords.selectRandomPostCode is PASSED

25-10-2024T15:50:33 - [TEST_STEP][PASSED] - setText(findTestObject("Object Repository/APAC_University/UNSW_University/Field_Postcode"), Postcode): Text '2742' is set on object 'Object Repository/APAC_University/UNSW_University/Field_Postcode'

25-10-2024T15:50:34 - [MESSAGE][PASSED] - Text '2742' is set on object 'Object Repository/APAC_University/UNSW_University/Field_Postcode'

25-10-2024T15:50:34 - [TEST_STEP][PASSED] - waitForElementClickable(findTestObject("Object Repository/APAC_University/UNSW_University/Button_Submit"), 10): Object 'Object Repository/APAC_University/UNSW_University/Button_Submit' is clickable

25-10-2024T15:50:34 - [MESSAGE][PASSED] - Object 'Object Repository/APAC_University/UNSW_University/Button_Submit' is clickable

25-10-2024T15:50:34 - [TEST_STEP][PASSED] - click(findTestObject("Object Repository/APAC_University/UNSW_University/Button_Submit")): Object: 'Object Repository/APAC_University/UNSW_University/Button_Submit' is clicked on

25-10-2024T15:50:34 - [MESSAGE][PASSED] - Object: 'Object Repository/APAC_University/UNSW_University/Button_Submit' is clicked on

25-10-2024T15:50:34 - [TEST_STEP][PASSED] - delay(5): Delayed 5 second(s)

25-10-2024T15:50:39 - [MESSAGE][PASSED] - Delayed 5 second(s)

25-10-2024T15:50:39 - [TEST_STEP][PASSED] - verifyElementText(findTestObject("Object Repository/APAC_University/UNSW_University/Verfy_Content"), "Thank you for your enquiry"): Actual text and expected text of test object 'Object Repository/APAC_University/UNSW_University/Verfy_Content' are matched.

25-10-2024T15:50:40 - [MESSAGE][PASSED] - Actual text and expected text of test object 'Object Repository/APAC_University/UNSW_University/Verfy_Content' are matched.

25-10-2024T15:50:40 - [MESSAGE][PASSED] - Call Test Case 'Test Cases/APAC_Universities/SEO_PAGES/UNSW_University/Reusable_Testcases/Lead_Form' successfully

25-10-2024T15:50:40 - [TEST_STEP][PASSED] - closeBrowser(): Browser is closed

25-10-2024T15:50:40 - [MESSAGE][PASSED] - Browser is closed]]></system-out>
         <system-err><![CDATA[]]></system-err>
      </testcase>
      <testcase name="Test Cases/APAC_Universities/SEO_PAGES/SCU_University/Enquiry_Now" time="24.85" classname="Test Cases/APAC_Universities/SEO_PAGES/SCU_University/Enquiry_Now" status="FAILED">
         <failure type="FAILED" message="Test Cases/APAC_Universities/SEO_PAGES/SCU_University/Enquiry_Now FAILED.&#xa;Reason:&#xa;com.kms.katalon.core.exception.StepFailedException: Unable to select option by index '1' of object 'Object Repository/APAC_University/SCU_University/Enquiry_Now/Dropdown_Startdate'&#xa;	at com.kms.katalon.core.webui.keyword.internal.WebUIKeywordMain.stepFailed(WebUIKeywordMain.groovy:64)&#xa;	at com.kms.katalon.core.webui.keyword.internal.WebUIKeywordMain.runKeyword(WebUIKeywordMain.groovy:26)&#xa;	at com.kms.katalon.core.webui.keyword.builtin.SelectOptionByIndexKeyword.selectOptionByIndex(SelectOptionByIndexKeyword.groovy:93)&#xa;	at com.kms.katalon.core.webui.keyword.builtin.SelectOptionByIndexKeyword.execute(SelectOptionByIndexKeyword.groovy:68)&#xa;	at com.kms.katalon.core.keyword.internal.KeywordExecutor.executeKeywordForPlatform(KeywordExecutor.groovy:74)&#xa;	at com.kms.katalon.core.webui.keyword.WebUiBuiltInKeywords.selectOptionByIndex(WebUiBuiltInKeywords.groovy:1172)&#xa;	at Enquiry_Now.run(Enquiry_Now:71)&#xa;	at com.kms.katalon.core.main.ScriptEngine.run(ScriptEngine.java:194)&#xa;	at com.kms.katalon.core.main.ScriptEngine.runScriptAsRawText(ScriptEngine.java:119)&#xa;	at com.kms.katalon.core.main.TestCaseExecutor.runScript(TestCaseExecutor.java:448)&#xa;	at com.kms.katalon.core.main.TestCaseExecutor.doExecute(TestCaseExecutor.java:439)&#xa;	at com.kms.katalon.core.main.TestCaseExecutor.processExecutionPhase(TestCaseExecutor.java:418)&#xa;	at com.kms.katalon.core.main.TestCaseExecutor.accessMainPhase(TestCaseExecutor.java:410)&#xa;	at com.kms.katalon.core.main.TestCaseExecutor.execute(TestCaseExecutor.java:285)&#xa;	at com.kms.katalon.core.common.CommonExecutor.accessTestCaseMainPhase(CommonExecutor.java:65)&#xa;	at com.kms.katalon.core.main.TestSuiteExecutor.accessTestSuiteMainPhase(TestSuiteExecutor.java:150)&#xa;	at com.kms.katalon.core.main.TestSuiteExecutor.execute(TestSuiteExecutor.java:106)&#xa;	at com.kms.katalon.core.main.TestCaseMain.startTestSuite(TestCaseMain.java:180)&#xa;	at TempTestSuite1729831388364.run(TempTestSuite1729831388364.groovy:35)&#xa;	at java.base/jdk.internal.reflect.NativeMethodAccessorImpl.invoke0(Native Method)&#xa;	at java.base/jdk.internal.reflect.NativeMethodAccessorImpl.invoke(NativeMethodAccessorImpl.java:77)&#xa;	at java.base/jdk.internal.reflect.DelegatingMethodAccessorImpl.invoke(DelegatingMethodAccessorImpl.java:43)&#xa;Caused by: org.openqa.selenium.JavascriptException: javascript error: {&quot;status&quot;:11,&quot;value&quot;:&quot;Element is not currently visible and may not be manipulated&quot;}&#xa;  (Session info: chrome=130.0.6723.70)&#xa;Build info: version: '3.141.59', revision: 'unknown', time: 'unknown'&#xa;System info: host: 'Madhans-MacBook-Pro.local', ip: '2401:d002:ab04:5000:a403:b65e:885e:e485%en0', os.name: 'Mac OS X', os.arch: 'aarch64', os.version: '14.3.1', java.version: '17.0.7'&#xa;Driver info: com.kms.katalon.selenium.driver.CChromeDriver&#xa;Capabilities {acceptInsecureCerts: false, browserName: chrome, browserVersion: 130.0.6723.70, chrome: {chromedriverVersion: 130.0.6723.69 (3ec172b971b9..., userDataDir: /var/folders/81/jk91fm7j2_5...}, fedcm:accounts: true, goog:chromeOptions: {debuggerAddress: localhost:62387}, javascriptEnabled: true, networkConnectionEnabled: false, pageLoadStrategy: normal, platform: MAC, platformName: MAC, proxy: Proxy(), setWindowRect: true, strictFileInteractability: false, timeouts: {implicit: 0, pageLoad: 300000, script: 30000}, unhandledPromptBehavior: dismiss and notify, webauthn:extension:credBlob: true, webauthn:extension:largeBlob: true, webauthn:extension:minPinLength: true, webauthn:extension:prf: true, webauthn:virtualAuthenticators: true}&#xa;Session ID: 0db625b080ec3c0dd1111fac4c4e8157&#xa;	at java.base/jdk.internal.reflect.NativeConstructorAccessorImpl.newInstance0(Native Method)&#xa;	at java.base/jdk.internal.reflect.NativeConstructorAccessorImpl.newInstance(NativeConstructorAccessorImpl.java:77)&#xa;	at java.base/jdk.internal.reflect.DelegatingConstructorAccessorImpl.newInstance(DelegatingConstructorAccessorImpl.java:45)&#xa;	at org.openqa.selenium.remote.http.W3CHttpResponseCodec.createException(W3CHttpResponseCodec.java:187)&#xa;	at org.openqa.selenium.remote.http.W3CHttpResponseCodec.decode(W3CHttpResponseCodec.java:122)&#xa;	at org.openqa.selenium.remote.http.W3CHttpResponseCodec.decode(W3CHttpResponseCodec.java:49)&#xa;	at org.openqa.selenium.remote.HttpCommandExecutor.execute(HttpCommandExecutor.java:158)&#xa;	at org.openqa.selenium.remote.service.DriverCommandExecutor.execute(DriverCommandExecutor.java:83)&#xa;	at org.openqa.selenium.remote.RemoteWebDriver.execute(RemoteWebDriver.java:552)&#xa;	at com.kms.katalon.selenium.driver.CChromeDriver.execute(CChromeDriver.java:19)&#xa;	at org.openqa.selenium.remote.RemoteWebElement.execute(RemoteWebElement.java:285)&#xa;	at org.openqa.selenium.remote.RemoteWebElement.click(RemoteWebElement.java:84)&#xa;	at jdk.internal.reflect.GeneratedMethodAccessor16.invoke(Unknown Source)&#xa;	at java.base/jdk.internal.reflect.DelegatingMethodAccessorImpl.invoke(DelegatingMethodAccessorImpl.java:43)&#xa;	at org.openqa.selenium.support.events.EventFiringWebDriver$EventFiringWebElement.lambda$new$0(EventFiringWebDriver.java:404)&#xa;	at jdk.proxy2/jdk.proxy2.$Proxy24.click(Unknown Source)&#xa;	at org.openqa.selenium.support.events.EventFiringWebDriver$EventFiringWebElement.click(EventFiringWebDriver.java:417)&#xa;	at org.openqa.selenium.support.ui.Select.setSelected(Select.java:311)&#xa;	at org.openqa.selenium.support.ui.Select.setSelectedByIndex(Select.java:293)&#xa;	at org.openqa.selenium.support.ui.Select.selectByIndex(Select.java:172)&#xa;	at com.kms.katalon.core.webui.common.WebUiCommonHelper.selectOrDeselectOptionsByIndex(WebUiCommonHelper.java:245)&#xa;	at com.kms.katalon.core.webui.keyword.builtin.SelectOptionByIndexKeyword$_selectOptionByIndex_closure1.doCall(SelectOptionByIndexKeyword.groovy:85)&#xa;	at com.kms.katalon.core.webui.keyword.builtin.SelectOptionByIndexKeyword$_selectOptionByIndex_closure1.call(SelectOptionByIndexKeyword.groovy)&#xa;	at com.kms.katalon.core.webui.keyword.internal.WebUIKeywordMain.runKeyword(WebUIKeywordMain.groovy:20)&#xa;	... 20 more&#xa;"/>
         <system-out><![CDATA[25-10-2024T15:50:40 - [TEST_CASE][FAILED] - Test Cases/APAC_Universities/SEO_PAGES/SCU_University/Enquiry_Now: Test Cases/APAC_Universities/SEO_PAGES/SCU_University/Enquiry_Now FAILED.
Reason:
com.kms.katalon.core.exception.StepFailedException: Unable to select option by index '1' of object 'Object Repository/APAC_University/SCU_University/Enquiry_Now/Dropdown_Startdate'
	at com.kms.katalon.core.webui.keyword.internal.WebUIKeywordMain.stepFailed(WebUIKeywordMain.groovy:64)
	at com.kms.katalon.core.webui.keyword.internal.WebUIKeywordMain.runKeyword(WebUIKeywordMain.groovy:26)
	at com.kms.katalon.core.webui.keyword.builtin.SelectOptionByIndexKeyword.selectOptionByIndex(SelectOptionByIndexKeyword.groovy:93)
	at com.kms.katalon.core.webui.keyword.builtin.SelectOptionByIndexKeyword.execute(SelectOptionByIndexKeyword.groovy:68)
	at com.kms.katalon.core.keyword.internal.KeywordExecutor.executeKeywordForPlatform(KeywordExecutor.groovy:74)
	at com.kms.katalon.core.webui.keyword.WebUiBuiltInKeywords.selectOptionByIndex(WebUiBuiltInKeywords.groovy:1172)
	at Enquiry_Now.run(Enquiry_Now:71)
	at com.kms.katalon.core.main.ScriptEngine.run(ScriptEngine.java:194)
	at com.kms.katalon.core.main.ScriptEngine.runScriptAsRawText(ScriptEngine.java:119)
	at com.kms.katalon.core.main.TestCaseExecutor.runScript(TestCaseExecutor.java:448)
	at com.kms.katalon.core.main.TestCaseExecutor.doExecute(TestCaseExecutor.java:439)
	at com.kms.katalon.core.main.TestCaseExecutor.processExecutionPhase(TestCaseExecutor.java:418)
	at com.kms.katalon.core.main.TestCaseExecutor.accessMainPhase(TestCaseExecutor.java:410)
	at com.kms.katalon.core.main.TestCaseExecutor.execute(TestCaseExecutor.java:285)
	at com.kms.katalon.core.common.CommonExecutor.accessTestCaseMainPhase(CommonExecutor.java:65)
	at com.kms.katalon.core.main.TestSuiteExecutor.accessTestSuiteMainPhase(TestSuiteExecutor.java:150)
	at com.kms.katalon.core.main.TestSuiteExecutor.execute(TestSuiteExecutor.java:106)
	at com.kms.katalon.core.main.TestCaseMain.startTestSuite(TestCaseMain.java:180)
	at TempTestSuite1729831388364.run(TempTestSuite1729831388364.groovy:35)
	at java.base/jdk.internal.reflect.NativeMethodAccessorImpl.invoke0(Native Method)
	at java.base/jdk.internal.reflect.NativeMethodAccessorImpl.invoke(NativeMethodAccessorImpl.java:77)
	at java.base/jdk.internal.reflect.DelegatingMethodAccessorImpl.invoke(DelegatingMethodAccessorImpl.java:43)
Caused by: org.openqa.selenium.JavascriptException: javascript error: {"status":11,"value":"Element is not currently visible and may not be manipulated"}
  (Session info: chrome=130.0.6723.70)
Build info: version: '3.141.59', revision: 'unknown', time: 'unknown'
System info: host: 'Madhans-MacBook-Pro.local', ip: '2401:d002:ab04:5000:a403:b65e:885e:e485%en0', os.name: 'Mac OS X', os.arch: 'aarch64', os.version: '14.3.1', java.version: '17.0.7'
Driver info: com.kms.katalon.selenium.driver.CChromeDriver
Capabilities {acceptInsecureCerts: false, browserName: chrome, browserVersion: 130.0.6723.70, chrome: {chromedriverVersion: 130.0.6723.69 (3ec172b971b9..., userDataDir: /var/folders/81/jk91fm7j2_5...}, fedcm:accounts: true, goog:chromeOptions: {debuggerAddress: localhost:62387}, javascriptEnabled: true, networkConnectionEnabled: false, pageLoadStrategy: normal, platform: MAC, platformName: MAC, proxy: Proxy(), setWindowRect: true, strictFileInteractability: false, timeouts: {implicit: 0, pageLoad: 300000, script: 30000}, unhandledPromptBehavior: dismiss and notify, webauthn:extension:credBlob: true, webauthn:extension:largeBlob: true, webauthn:extension:minPinLength: true, webauthn:extension:prf: true, webauthn:virtualAuthenticators: true}
Session ID: 0db625b080ec3c0dd1111fac4c4e8157
	at java.base/jdk.internal.reflect.NativeConstructorAccessorImpl.newInstance0(Native Method)
	at java.base/jdk.internal.reflect.NativeConstructorAccessorImpl.newInstance(NativeConstructorAccessorImpl.java:77)
	at java.base/jdk.internal.reflect.DelegatingConstructorAccessorImpl.newInstance(DelegatingConstructorAccessorImpl.java:45)
	at org.openqa.selenium.remote.http.W3CHttpResponseCodec.createException(W3CHttpResponseCodec.java:187)
	at org.openqa.selenium.remote.http.W3CHttpResponseCodec.decode(W3CHttpResponseCodec.java:122)
	at org.openqa.selenium.remote.http.W3CHttpResponseCodec.decode(W3CHttpResponseCodec.java:49)
	at org.openqa.selenium.remote.HttpCommandExecutor.execute(HttpCommandExecutor.java:158)
	at org.openqa.selenium.remote.service.DriverCommandExecutor.execute(DriverCommandExecutor.java:83)
	at org.openqa.selenium.remote.RemoteWebDriver.execute(RemoteWebDriver.java:552)
	at com.kms.katalon.selenium.driver.CChromeDriver.execute(CChromeDriver.java:19)
	at org.openqa.selenium.remote.RemoteWebElement.execute(RemoteWebElement.java:285)
	at org.openqa.selenium.remote.RemoteWebElement.click(RemoteWebElement.java:84)
	at jdk.internal.reflect.GeneratedMethodAccessor16.invoke(Unknown Source)
	at java.base/jdk.internal.reflect.DelegatingMethodAccessorImpl.invoke(DelegatingMethodAccessorImpl.java:43)
	at org.openqa.selenium.support.events.EventFiringWebDriver$EventFiringWebElement.lambda$new$0(EventFiringWebDriver.java:404)
	at jdk.proxy2/jdk.proxy2.$Proxy24.click(Unknown Source)
	at org.openqa.selenium.support.events.EventFiringWebDriver$EventFiringWebElement.click(EventFiringWebDriver.java:417)
	at org.openqa.selenium.support.ui.Select.setSelected(Select.java:311)
	at org.openqa.selenium.support.ui.Select.setSelectedByIndex(Select.java:293)
	at org.openqa.selenium.support.ui.Select.selectByIndex(Select.java:172)
	at com.kms.katalon.core.webui.common.WebUiCommonHelper.selectOrDeselectOptionsByIndex(WebUiCommonHelper.java:245)
	at com.kms.katalon.core.webui.keyword.builtin.SelectOptionByIndexKeyword$_selectOptionByIndex_closure1.doCall(SelectOptionByIndexKeyword.groovy:85)
	at com.kms.katalon.core.webui.keyword.builtin.SelectOptionByIndexKeyword$_selectOptionByIndex_closure1.call(SelectOptionByIndexKeyword.groovy)
	at com.kms.katalon.core.webui.keyword.internal.WebUIKeywordMain.runKeyword(WebUIKeywordMain.groovy:20)
	... 20 more


25-10-2024T15:50:40 - [TEST_STEP][PASSED] - callTestCase(findTestCase("Test Cases/APAC_Universities/SEO_PAGES/SCU_University/Reusable_Testcases/Navigate_URL"), [:], STOP_ON_FAILURE): Call Test Case 'Test Cases/APAC_Universities/SEO_PAGES/SCU_University/Reusable_Testcases/Navigate_URL' successfully

25-10-2024T15:50:40 - [TEST_CASE][PASSED] - Test Cases/APAC_Universities/SEO_PAGES/SCU_University/Reusable_Testcases/Navigate_URL: Test Cases/APAC_Universities/SEO_PAGES/SCU_University/Reusable_Testcases/Navigate_URL

25-10-2024T15:50:40 - [TEST_STEP][PASSED] - openBrowser(""): Browser is opened with url: ''

25-10-2024T15:50:40 - [MESSAGE][INFO] - Starting 'Chrome' driver

25-10-2024T15:50:40 - [MESSAGE][INFO] - Action delay is set to 0 milliseconds

25-10-2024T15:50:40 - [MESSAGE][PASSED] - Browser is opened with url: ''

25-10-2024T15:50:40 - [TEST_STEP][PASSED] - navigateToUrl(University_SCU): Navigate to 'https://key:path@dev-scu-opm.pantheonsite.io/' successfully

25-10-2024T15:50:57 - [MESSAGE][PASSED] - Navigate to 'https://key:path@dev-scu-opm.pantheonsite.io/' successfully

25-10-2024T15:50:57 - [TEST_STEP][PASSED] - maximizeWindow(): Current window maximized

25-10-2024T15:50:57 - [MESSAGE][PASSED] - Current window maximized

25-10-2024T15:50:57 - [MESSAGE][PASSED] - Call Test Case 'Test Cases/APAC_Universities/SEO_PAGES/SCU_University/Reusable_Testcases/Navigate_URL' successfully

25-10-2024T15:50:57 - [TEST_STEP][PASSED] - waitForElementClickable(findTestObject("Object Repository/APAC_University/SCU_University/Main_Page/Button_Enquiry_Now"), 10): Object 'Object Repository/APAC_University/SCU_University/Main_Page/Button_Enquiry_Now' is clickable

25-10-2024T15:50:57 - [MESSAGE][PASSED] - Object 'Object Repository/APAC_University/SCU_University/Main_Page/Button_Enquiry_Now' is clickable

25-10-2024T15:50:57 - [TEST_STEP][PASSED] - click(findTestObject("Object Repository/APAC_University/SCU_University/Main_Page/Button_Enquiry_Now")): Object: 'Object Repository/APAC_University/SCU_University/Main_Page/Button_Enquiry_Now' is clicked on

25-10-2024T15:50:58 - [MESSAGE][PASSED] - Object: 'Object Repository/APAC_University/SCU_University/Main_Page/Button_Enquiry_Now' is clicked on

25-10-2024T15:50:58 - [TEST_STEP][PASSED] - waitForElementVisible(findTestObject("Object Repository/APAC_University/SCU_University/Main_Page/Modal_Dialog"), 10): Object 'Object Repository/APAC_University/SCU_University/Main_Page/Modal_Dialog' is visible

25-10-2024T15:51:00 - [MESSAGE][PASSED] - Object 'Object Repository/APAC_University/SCU_University/Main_Page/Modal_Dialog' is visible

25-10-2024T15:51:00 - [TEST_STEP][PASSED] - selectTestObject = findTestObject("Object Repository/APAC_University/SCU_University/Enquiry_Now/Dropdown_Course"): null

25-10-2024T15:51:00 - [TEST_STEP][PASSED] - selectElement = findWebElement(selectTestObject, 0): Found web element by test object Object Repository/APAC_University/SCU_University/Enquiry_Now/Dropdown_Course

25-10-2024T15:51:00 - [MESSAGE][WARNING] - Timeout '0' is invalid. Using default page load timeout: '30'

25-10-2024T15:51:01 - [MESSAGE][PASSED] - Found web element by test object Object Repository/APAC_University/SCU_University/Enquiry_Now/Dropdown_Course

25-10-2024T15:51:01 - [TEST_STEP][PASSED] - select = new org.openqa.selenium.support.ui.Select(selectElement): null

25-10-2024T15:51:01 - [TEST_STEP][PASSED] - options = select.getOptions(): null

25-10-2024T15:51:01 - [TEST_STEP][PASSED] - validOptions = options.findAll({ -> ... }): null

25-10-2024T15:51:01 - [TEST_STEP][PASSED] - random = new java.util.Random(): null

25-10-2024T15:51:01 - [TEST_STEP][PASSED] - randomOption = validOptions[random.nextInt(validOptions.size())]: null

25-10-2024T15:51:01 - [TEST_STEP][PASSED] - select.selectByValue(randomOption.getAttribute("value")): null

25-10-2024T15:51:01 - [TEST_STEP][PASSED] - FirstName = keyPathPackage.customKeywords.generateRandomFirstName(): keyPathPackage.customKeywords.generateRandomFirstName is PASSED

25-10-2024T15:51:01 - [MESSAGE][PASSED] - keyPathPackage.customKeywords.generateRandomFirstName is PASSED

25-10-2024T15:51:01 - [TEST_STEP][PASSED] - setText(findTestObject("Object Repository/APAC_University/SCU_University/Enquiry_Now/Field_FirstName"), FirstName): Text 'Adam' is set on object 'Object Repository/APAC_University/SCU_University/Enquiry_Now/Field_FirstName'

25-10-2024T15:51:02 - [MESSAGE][PASSED] - Text 'Adam' is set on object 'Object Repository/APAC_University/SCU_University/Enquiry_Now/Field_FirstName'

25-10-2024T15:51:02 - [TEST_STEP][PASSED] - LastName = keyPathPackage.customKeywords.generateRandomLastName(): keyPathPackage.customKeywords.generateRandomLastName is PASSED

25-10-2024T15:51:02 - [MESSAGE][PASSED] - keyPathPackage.customKeywords.generateRandomLastName is PASSED

25-10-2024T15:51:02 - [TEST_STEP][PASSED] - setText(findTestObject("Object Repository/APAC_University/SCU_University/Enquiry_Now/Field_LastName"), LastName): Text 'Testing Bednar' is set on object 'Object Repository/APAC_University/SCU_University/Enquiry_Now/Field_LastName'

25-10-2024T15:51:03 - [MESSAGE][PASSED] - Text 'Testing Bednar' is set on object 'Object Repository/APAC_University/SCU_University/Enquiry_Now/Field_LastName'

25-10-2024T15:51:03 - [TEST_STEP][PASSED] - waitForElementClickable(findTestObject("Object Repository/APAC_University/SCU_University/Enquiry_Now/Button_Nextstep1"), 10): Object 'Object Repository/APAC_University/SCU_University/Enquiry_Now/Button_Nextstep1' is clickable

25-10-2024T15:51:03 - [MESSAGE][PASSED] - Object 'Object Repository/APAC_University/SCU_University/Enquiry_Now/Button_Nextstep1' is clickable

25-10-2024T15:51:03 - [TEST_STEP][PASSED] - click(findTestObject("Object Repository/APAC_University/SCU_University/Enquiry_Now/Button_Nextstep1")): Object: 'Object Repository/APAC_University/SCU_University/Enquiry_Now/Button_Nextstep1' is clicked on

25-10-2024T15:51:03 - [MESSAGE][PASSED] - Object: 'Object Repository/APAC_University/SCU_University/Enquiry_Now/Button_Nextstep1' is clicked on

25-10-2024T15:51:03 - [TEST_STEP][PASSED] - startdate = findTestObject("Object Repository/APAC_University/SCU_University/Enquiry_Now/Dropdown_Startdate"): null

25-10-2024T15:51:03 - [TEST_STEP][FAILED] - selectOptionByIndex(startdate, keyPathPackage.customKeywords.selectRandomOptionFromDropdown()): Unable to select option by index '1' of object 'Object Repository/APAC_University/SCU_University/Enquiry_Now/Dropdown_Startdate' (Root cause: com.kms.katalon.core.exception.StepFailedException: Unable to select option by index '1' of object 'Object Repository/APAC_University/SCU_University/Enquiry_Now/Dropdown_Startdate'
	at com.kms.katalon.core.webui.keyword.internal.WebUIKeywordMain.stepFailed(WebUIKeywordMain.groovy:64)
	at com.kms.katalon.core.webui.keyword.internal.WebUIKeywordMain.runKeyword(WebUIKeywordMain.groovy:26)
	at com.kms.katalon.core.webui.keyword.builtin.SelectOptionByIndexKeyword.selectOptionByIndex(SelectOptionByIndexKeyword.groovy:93)
	at com.kms.katalon.core.webui.keyword.builtin.SelectOptionByIndexKeyword.execute(SelectOptionByIndexKeyword.groovy:68)
	at com.kms.katalon.core.keyword.internal.KeywordExecutor.executeKeywordForPlatform(KeywordExecutor.groovy:74)
	at com.kms.katalon.core.webui.keyword.WebUiBuiltInKeywords.selectOptionByIndex(WebUiBuiltInKeywords.groovy:1172)
	at Enquiry_Now.run(Enquiry_Now:71)
	at com.kms.katalon.core.main.ScriptEngine.run(ScriptEngine.java:194)
	at com.kms.katalon.core.main.ScriptEngine.runScriptAsRawText(ScriptEngine.java:119)
	at com.kms.katalon.core.main.TestCaseExecutor.runScript(TestCaseExecutor.java:448)
	at com.kms.katalon.core.main.TestCaseExecutor.doExecute(TestCaseExecutor.java:439)
	at com.kms.katalon.core.main.TestCaseExecutor.processExecutionPhase(TestCaseExecutor.java:418)
	at com.kms.katalon.core.main.TestCaseExecutor.accessMainPhase(TestCaseExecutor.java:410)
	at com.kms.katalon.core.main.TestCaseExecutor.execute(TestCaseExecutor.java:285)
	at com.kms.katalon.core.common.CommonExecutor.accessTestCaseMainPhase(CommonExecutor.java:65)
	at com.kms.katalon.core.main.TestSuiteExecutor.accessTestSuiteMainPhase(TestSuiteExecutor.java:150)
	at com.kms.katalon.core.main.TestSuiteExecutor.execute(TestSuiteExecutor.java:106)
	at com.kms.katalon.core.main.TestCaseMain.startTestSuite(TestCaseMain.java:180)
	at TempTestSuite1729831388364.run(TempTestSuite1729831388364.groovy:35)
	at java.base/jdk.internal.reflect.NativeMethodAccessorImpl.invoke0(Native Method)
	at java.base/jdk.internal.reflect.NativeMethodAccessorImpl.invoke(NativeMethodAccessorImpl.java:77)
	at java.base/jdk.internal.reflect.DelegatingMethodAccessorImpl.invoke(DelegatingMethodAccessorImpl.java:43)
Caused by: org.openqa.selenium.JavascriptException: javascript error: {"status":11,"value":"Element is not currently visible and may not be manipulated"}
  (Session info: chrome=130.0.6723.70)
Build info: version: '3.141.59', revision: 'unknown', time: 'unknown'
System info: host: 'Madhans-MacBook-Pro.local', ip: '2401:d002:ab04:5000:a403:b65e:885e:e485%en0', os.name: 'Mac OS X', os.arch: 'aarch64', os.version: '14.3.1', java.version: '17.0.7'
Driver info: com.kms.katalon.selenium.driver.CChromeDriver
Capabilities {acceptInsecureCerts: false, browserName: chrome, browserVersion: 130.0.6723.70, chrome: {chromedriverVersion: 130.0.6723.69 (3ec172b971b9..., userDataDir: /var/folders/81/jk91fm7j2_5...}, fedcm:accounts: true, goog:chromeOptions: {debuggerAddress: localhost:62387}, javascriptEnabled: true, networkConnectionEnabled: false, pageLoadStrategy: normal, platform: MAC, platformName: MAC, proxy: Proxy(), setWindowRect: true, strictFileInteractability: false, timeouts: {implicit: 0, pageLoad: 300000, script: 30000}, unhandledPromptBehavior: dismiss and notify, webauthn:extension:credBlob: true, webauthn:extension:largeBlob: true, webauthn:extension:minPinLength: true, webauthn:extension:prf: true, webauthn:virtualAuthenticators: true}
Session ID: 0db625b080ec3c0dd1111fac4c4e8157
	at java.base/jdk.internal.reflect.NativeConstructorAccessorImpl.newInstance0(Native Method)
	at java.base/jdk.internal.reflect.NativeConstructorAccessorImpl.newInstance(NativeConstructorAccessorImpl.java:77)
	at java.base/jdk.internal.reflect.DelegatingConstructorAccessorImpl.newInstance(DelegatingConstructorAccessorImpl.java:45)
	at org.openqa.selenium.remote.http.W3CHttpResponseCodec.createException(W3CHttpResponseCodec.java:187)
	at org.openqa.selenium.remote.http.W3CHttpResponseCodec.decode(W3CHttpResponseCodec.java:122)
	at org.openqa.selenium.remote.http.W3CHttpResponseCodec.decode(W3CHttpResponseCodec.java:49)
	at org.openqa.selenium.remote.HttpCommandExecutor.execute(HttpCommandExecutor.java:158)
	at org.openqa.selenium.remote.service.DriverCommandExecutor.execute(DriverCommandExecutor.java:83)
	at org.openqa.selenium.remote.RemoteWebDriver.execute(RemoteWebDriver.java:552)
	at com.kms.katalon.selenium.driver.CChromeDriver.execute(CChromeDriver.java:19)
	at org.openqa.selenium.remote.RemoteWebElement.execute(RemoteWebElement.java:285)
	at org.openqa.selenium.remote.RemoteWebElement.click(RemoteWebElement.java:84)
	at jdk.internal.reflect.GeneratedMethodAccessor16.invoke(Unknown Source)
	at java.base/jdk.internal.reflect.DelegatingMethodAccessorImpl.invoke(DelegatingMethodAccessorImpl.java:43)
	at org.openqa.selenium.support.events.EventFiringWebDriver$EventFiringWebElement.lambda$new$0(EventFiringWebDriver.java:404)
	at jdk.proxy2/jdk.proxy2.$Proxy24.click(Unknown Source)
	at org.openqa.selenium.support.events.EventFiringWebDriver$EventFiringWebElement.click(EventFiringWebDriver.java:417)
	at org.openqa.selenium.support.ui.Select.setSelected(Select.java:311)
	at org.openqa.selenium.support.ui.Select.setSelectedByIndex(Select.java:293)
	at org.openqa.selenium.support.ui.Select.selectByIndex(Select.java:172)
	at com.kms.katalon.core.webui.common.WebUiCommonHelper.selectOrDeselectOptionsByIndex(WebUiCommonHelper.java:245)
	at com.kms.katalon.core.webui.keyword.builtin.SelectOptionByIndexKeyword$_selectOptionByIndex_closure1.doCall(SelectOptionByIndexKeyword.groovy:85)
	at com.kms.katalon.core.webui.keyword.builtin.SelectOptionByIndexKeyword$_selectOptionByIndex_closure1.call(SelectOptionByIndexKeyword.groovy)
	at com.kms.katalon.core.webui.keyword.internal.WebUIKeywordMain.runKeyword(WebUIKeywordMain.groovy:20)
	at com.kms.katalon.core.webui.keyword.builtin.SelectOptionByIndexKeyword.selectOptionByIndex(SelectOptionByIndexKeyword.groovy:93)
	at com.kms.katalon.core.webui.keyword.builtin.SelectOptionByIndexKeyword.execute(SelectOptionByIndexKeyword.groovy:68)
	at com.kms.katalon.core.keyword.internal.KeywordExecutor.executeKeywordForPlatform(KeywordExecutor.groovy:74)
	at com.kms.katalon.core.webui.keyword.WebUiBuiltInKeywords.selectOptionByIndex(WebUiBuiltInKeywords.groovy:1172)
	at Script1720582261422.run(Script1720582261422.groovy:71)
	... 15 more
)

25-10-2024T15:51:03 - [MESSAGE][PASSED] - keyPathPackage.customKeywords.selectRandomOptionFromDropdown is PASSED

25-10-2024T15:51:05 - [MESSAGE][FAILED] - Unable to select option by index '1' of object 'Object Repository/APAC_University/SCU_University/Enquiry_Now/Dropdown_Startdate' (Root cause: com.kms.katalon.core.exception.StepFailedException: Unable to select option by index '1' of object 'Object Repository/APAC_University/SCU_University/Enquiry_Now/Dropdown_Startdate'
	at com.kms.katalon.core.webui.keyword.internal.WebUIKeywordMain.stepFailed(WebUIKeywordMain.groovy:64)
	at com.kms.katalon.core.webui.keyword.internal.WebUIKeywordMain.runKeyword(WebUIKeywordMain.groovy:26)
	at com.kms.katalon.core.webui.keyword.builtin.SelectOptionByIndexKeyword.selectOptionByIndex(SelectOptionByIndexKeyword.groovy:93)
	at com.kms.katalon.core.webui.keyword.builtin.SelectOptionByIndexKeyword.execute(SelectOptionByIndexKeyword.groovy:68)
	at com.kms.katalon.core.keyword.internal.KeywordExecutor.executeKeywordForPlatform(KeywordExecutor.groovy:74)
	at com.kms.katalon.core.webui.keyword.WebUiBuiltInKeywords.selectOptionByIndex(WebUiBuiltInKeywords.groovy:1172)
	at Enquiry_Now.run(Enquiry_Now:71)
	at com.kms.katalon.core.main.ScriptEngine.run(ScriptEngine.java:194)
	at com.kms.katalon.core.main.ScriptEngine.runScriptAsRawText(ScriptEngine.java:119)
	at com.kms.katalon.core.main.TestCaseExecutor.runScript(TestCaseExecutor.java:448)
	at com.kms.katalon.core.main.TestCaseExecutor.doExecute(TestCaseExecutor.java:439)
	at com.kms.katalon.core.main.TestCaseExecutor.processExecutionPhase(TestCaseExecutor.java:418)
	at com.kms.katalon.core.main.TestCaseExecutor.accessMainPhase(TestCaseExecutor.java:410)
	at com.kms.katalon.core.main.TestCaseExecutor.execute(TestCaseExecutor.java:285)
	at com.kms.katalon.core.common.CommonExecutor.accessTestCaseMainPhase(CommonExecutor.java:65)
	at com.kms.katalon.core.main.TestSuiteExecutor.accessTestSuiteMainPhase(TestSuiteExecutor.java:150)
	at com.kms.katalon.core.main.TestSuiteExecutor.execute(TestSuiteExecutor.java:106)
	at com.kms.katalon.core.main.TestCaseMain.startTestSuite(TestCaseMain.java:180)
	at TempTestSuite1729831388364.run(TempTestSuite1729831388364.groovy:35)
	at java.base/jdk.internal.reflect.NativeMethodAccessorImpl.invoke0(Native Method)
	at java.base/jdk.internal.reflect.NativeMethodAccessorImpl.invoke(NativeMethodAccessorImpl.java:77)
	at java.base/jdk.internal.reflect.DelegatingMethodAccessorImpl.invoke(DelegatingMethodAccessorImpl.java:43)
Caused by: org.openqa.selenium.JavascriptException: javascript error: {"status":11,"value":"Element is not currently visible and may not be manipulated"}
  (Session info: chrome=130.0.6723.70)
Build info: version: '3.141.59', revision: 'unknown', time: 'unknown'
System info: host: 'Madhans-MacBook-Pro.local', ip: '2401:d002:ab04:5000:a403:b65e:885e:e485%en0', os.name: 'Mac OS X', os.arch: 'aarch64', os.version: '14.3.1', java.version: '17.0.7'
Driver info: com.kms.katalon.selenium.driver.CChromeDriver
Capabilities {acceptInsecureCerts: false, browserName: chrome, browserVersion: 130.0.6723.70, chrome: {chromedriverVersion: 130.0.6723.69 (3ec172b971b9..., userDataDir: /var/folders/81/jk91fm7j2_5...}, fedcm:accounts: true, goog:chromeOptions: {debuggerAddress: localhost:62387}, javascriptEnabled: true, networkConnectionEnabled: false, pageLoadStrategy: normal, platform: MAC, platformName: MAC, proxy: Proxy(), setWindowRect: true, strictFileInteractability: false, timeouts: {implicit: 0, pageLoad: 300000, script: 30000}, unhandledPromptBehavior: dismiss and notify, webauthn:extension:credBlob: true, webauthn:extension:largeBlob: true, webauthn:extension:minPinLength: true, webauthn:extension:prf: true, webauthn:virtualAuthenticators: true}
Session ID: 0db625b080ec3c0dd1111fac4c4e8157
	at java.base/jdk.internal.reflect.NativeConstructorAccessorImpl.newInstance0(Native Method)
	at java.base/jdk.internal.reflect.NativeConstructorAccessorImpl.newInstance(NativeConstructorAccessorImpl.java:77)
	at java.base/jdk.internal.reflect.DelegatingConstructorAccessorImpl.newInstance(DelegatingConstructorAccessorImpl.java:45)
	at org.openqa.selenium.remote.http.W3CHttpResponseCodec.createException(W3CHttpResponseCodec.java:187)
	at org.openqa.selenium.remote.http.W3CHttpResponseCodec.decode(W3CHttpResponseCodec.java:122)
	at org.openqa.selenium.remote.http.W3CHttpResponseCodec.decode(W3CHttpResponseCodec.java:49)
	at org.openqa.selenium.remote.HttpCommandExecutor.execute(HttpCommandExecutor.java:158)
	at org.openqa.selenium.remote.service.DriverCommandExecutor.execute(DriverCommandExecutor.java:83)
	at org.openqa.selenium.remote.RemoteWebDriver.execute(RemoteWebDriver.java:552)
	at com.kms.katalon.selenium.driver.CChromeDriver.execute(CChromeDriver.java:19)
	at org.openqa.selenium.remote.RemoteWebElement.execute(RemoteWebElement.java:285)
	at org.openqa.selenium.remote.RemoteWebElement.click(RemoteWebElement.java:84)
	at jdk.internal.reflect.GeneratedMethodAccessor16.invoke(Unknown Source)
	at java.base/jdk.internal.reflect.DelegatingMethodAccessorImpl.invoke(DelegatingMethodAccessorImpl.java:43)
	at org.openqa.selenium.support.events.EventFiringWebDriver$EventFiringWebElement.lambda$new$0(EventFiringWebDriver.java:404)
	at jdk.proxy2/jdk.proxy2.$Proxy24.click(Unknown Source)
	at org.openqa.selenium.support.events.EventFiringWebDriver$EventFiringWebElement.click(EventFiringWebDriver.java:417)
	at org.openqa.selenium.support.ui.Select.setSelected(Select.java:311)
	at org.openqa.selenium.support.ui.Select.setSelectedByIndex(Select.java:293)
	at org.openqa.selenium.support.ui.Select.selectByIndex(Select.java:172)
	at com.kms.katalon.core.webui.common.WebUiCommonHelper.selectOrDeselectOptionsByIndex(WebUiCommonHelper.java:245)
	at com.kms.katalon.core.webui.keyword.builtin.SelectOptionByIndexKeyword$_selectOptionByIndex_closure1.doCall(SelectOptionByIndexKeyword.groovy:85)
	at com.kms.katalon.core.webui.keyword.builtin.SelectOptionByIndexKeyword$_selectOptionByIndex_closure1.call(SelectOptionByIndexKeyword.groovy)
	at com.kms.katalon.core.webui.keyword.internal.WebUIKeywordMain.runKeyword(WebUIKeywordMain.groovy:20)
	at com.kms.katalon.core.webui.keyword.builtin.SelectOptionByIndexKeyword.selectOptionByIndex(SelectOptionByIndexKeyword.groovy:93)
	at com.kms.katalon.core.webui.keyword.builtin.SelectOptionByIndexKeyword.execute(SelectOptionByIndexKeyword.groovy:68)
	at com.kms.katalon.core.keyword.internal.KeywordExecutor.executeKeywordForPlatform(KeywordExecutor.groovy:74)
	at com.kms.katalon.core.webui.keyword.WebUiBuiltInKeywords.selectOptionByIndex(WebUiBuiltInKeywords.groovy:1172)
	at Script1720582261422.run(Script1720582261422.groovy:71)
	... 15 more
)
[[ATTACHMENT|/Users/madhansivaraj/git/Keypath_Automation_Testing_Mster/Reports/20241025_154308/Keypath_Testsuite_APAC_SEO/20241025_154308/1729831864621.png]]]]></system-out>
         <system-err><![CDATA[25-10-2024T15:50:40 - [TEST_CASE][FAILED] - Test Cases/APAC_Universities/SEO_PAGES/SCU_University/Enquiry_Now: Test Cases/APAC_Universities/SEO_PAGES/SCU_University/Enquiry_Now FAILED.
Reason:
com.kms.katalon.core.exception.StepFailedException: Unable to select option by index '1' of object 'Object Repository/APAC_University/SCU_University/Enquiry_Now/Dropdown_Startdate'
	at com.kms.katalon.core.webui.keyword.internal.WebUIKeywordMain.stepFailed(WebUIKeywordMain.groovy:64)
	at com.kms.katalon.core.webui.keyword.internal.WebUIKeywordMain.runKeyword(WebUIKeywordMain.groovy:26)
	at com.kms.katalon.core.webui.keyword.builtin.SelectOptionByIndexKeyword.selectOptionByIndex(SelectOptionByIndexKeyword.groovy:93)
	at com.kms.katalon.core.webui.keyword.builtin.SelectOptionByIndexKeyword.execute(SelectOptionByIndexKeyword.groovy:68)
	at com.kms.katalon.core.keyword.internal.KeywordExecutor.executeKeywordForPlatform(KeywordExecutor.groovy:74)
	at com.kms.katalon.core.webui.keyword.WebUiBuiltInKeywords.selectOptionByIndex(WebUiBuiltInKeywords.groovy:1172)
	at Enquiry_Now.run(Enquiry_Now:71)
	at com.kms.katalon.core.main.ScriptEngine.run(ScriptEngine.java:194)
	at com.kms.katalon.core.main.ScriptEngine.runScriptAsRawText(ScriptEngine.java:119)
	at com.kms.katalon.core.main.TestCaseExecutor.runScript(TestCaseExecutor.java:448)
	at com.kms.katalon.core.main.TestCaseExecutor.doExecute(TestCaseExecutor.java:439)
	at com.kms.katalon.core.main.TestCaseExecutor.processExecutionPhase(TestCaseExecutor.java:418)
	at com.kms.katalon.core.main.TestCaseExecutor.accessMainPhase(TestCaseExecutor.java:410)
	at com.kms.katalon.core.main.TestCaseExecutor.execute(TestCaseExecutor.java:285)
	at com.kms.katalon.core.common.CommonExecutor.accessTestCaseMainPhase(CommonExecutor.java:65)
	at com.kms.katalon.core.main.TestSuiteExecutor.accessTestSuiteMainPhase(TestSuiteExecutor.java:150)
	at com.kms.katalon.core.main.TestSuiteExecutor.execute(TestSuiteExecutor.java:106)
	at com.kms.katalon.core.main.TestCaseMain.startTestSuite(TestCaseMain.java:180)
	at TempTestSuite1729831388364.run(TempTestSuite1729831388364.groovy:35)
	at java.base/jdk.internal.reflect.NativeMethodAccessorImpl.invoke0(Native Method)
	at java.base/jdk.internal.reflect.NativeMethodAccessorImpl.invoke(NativeMethodAccessorImpl.java:77)
	at java.base/jdk.internal.reflect.DelegatingMethodAccessorImpl.invoke(DelegatingMethodAccessorImpl.java:43)
Caused by: org.openqa.selenium.JavascriptException: javascript error: {"status":11,"value":"Element is not currently visible and may not be manipulated"}
  (Session info: chrome=130.0.6723.70)
Build info: version: '3.141.59', revision: 'unknown', time: 'unknown'
System info: host: 'Madhans-MacBook-Pro.local', ip: '2401:d002:ab04:5000:a403:b65e:885e:e485%en0', os.name: 'Mac OS X', os.arch: 'aarch64', os.version: '14.3.1', java.version: '17.0.7'
Driver info: com.kms.katalon.selenium.driver.CChromeDriver
Capabilities {acceptInsecureCerts: false, browserName: chrome, browserVersion: 130.0.6723.70, chrome: {chromedriverVersion: 130.0.6723.69 (3ec172b971b9..., userDataDir: /var/folders/81/jk91fm7j2_5...}, fedcm:accounts: true, goog:chromeOptions: {debuggerAddress: localhost:62387}, javascriptEnabled: true, networkConnectionEnabled: false, pageLoadStrategy: normal, platform: MAC, platformName: MAC, proxy: Proxy(), setWindowRect: true, strictFileInteractability: false, timeouts: {implicit: 0, pageLoad: 300000, script: 30000}, unhandledPromptBehavior: dismiss and notify, webauthn:extension:credBlob: true, webauthn:extension:largeBlob: true, webauthn:extension:minPinLength: true, webauthn:extension:prf: true, webauthn:virtualAuthenticators: true}
Session ID: 0db625b080ec3c0dd1111fac4c4e8157
	at java.base/jdk.internal.reflect.NativeConstructorAccessorImpl.newInstance0(Native Method)
	at java.base/jdk.internal.reflect.NativeConstructorAccessorImpl.newInstance(NativeConstructorAccessorImpl.java:77)
	at java.base/jdk.internal.reflect.DelegatingConstructorAccessorImpl.newInstance(DelegatingConstructorAccessorImpl.java:45)
	at org.openqa.selenium.remote.http.W3CHttpResponseCodec.createException(W3CHttpResponseCodec.java:187)
	at org.openqa.selenium.remote.http.W3CHttpResponseCodec.decode(W3CHttpResponseCodec.java:122)
	at org.openqa.selenium.remote.http.W3CHttpResponseCodec.decode(W3CHttpResponseCodec.java:49)
	at org.openqa.selenium.remote.HttpCommandExecutor.execute(HttpCommandExecutor.java:158)
	at org.openqa.selenium.remote.service.DriverCommandExecutor.execute(DriverCommandExecutor.java:83)
	at org.openqa.selenium.remote.RemoteWebDriver.execute(RemoteWebDriver.java:552)
	at com.kms.katalon.selenium.driver.CChromeDriver.execute(CChromeDriver.java:19)
	at org.openqa.selenium.remote.RemoteWebElement.execute(RemoteWebElement.java:285)
	at org.openqa.selenium.remote.RemoteWebElement.click(RemoteWebElement.java:84)
	at jdk.internal.reflect.GeneratedMethodAccessor16.invoke(Unknown Source)
	at java.base/jdk.internal.reflect.DelegatingMethodAccessorImpl.invoke(DelegatingMethodAccessorImpl.java:43)
	at org.openqa.selenium.support.events.EventFiringWebDriver$EventFiringWebElement.lambda$new$0(EventFiringWebDriver.java:404)
	at jdk.proxy2/jdk.proxy2.$Proxy24.click(Unknown Source)
	at org.openqa.selenium.support.events.EventFiringWebDriver$EventFiringWebElement.click(EventFiringWebDriver.java:417)
	at org.openqa.selenium.support.ui.Select.setSelected(Select.java:311)
	at org.openqa.selenium.support.ui.Select.setSelectedByIndex(Select.java:293)
	at org.openqa.selenium.support.ui.Select.selectByIndex(Select.java:172)
	at com.kms.katalon.core.webui.common.WebUiCommonHelper.selectOrDeselectOptionsByIndex(WebUiCommonHelper.java:245)
	at com.kms.katalon.core.webui.keyword.builtin.SelectOptionByIndexKeyword$_selectOptionByIndex_closure1.doCall(SelectOptionByIndexKeyword.groovy:85)
	at com.kms.katalon.core.webui.keyword.builtin.SelectOptionByIndexKeyword$_selectOptionByIndex_closure1.call(SelectOptionByIndexKeyword.groovy)
	at com.kms.katalon.core.webui.keyword.internal.WebUIKeywordMain.runKeyword(WebUIKeywordMain.groovy:20)
	... 20 more]]></system-err>
      </testcase>
      <testcase name="Test Cases/APAC_Universities/SEO_PAGES/SCU_University/Main_Page" time="9.112" classname="Test Cases/APAC_Universities/SEO_PAGES/SCU_University/Main_Page" status="FAILED">
         <failure type="FAILED" message="Test Cases/APAC_Universities/SEO_PAGES/SCU_University/Main_Page FAILED.&#xa;Reason:&#xa;com.kms.katalon.core.exception.StepFailedException: Unable to select option by index '2' of object 'Object Repository/APAC_University/SCU_University/Main_Page/Dropdown_StartDate'&#xa;	at com.kms.katalon.core.webui.keyword.internal.WebUIKeywordMain.stepFailed(WebUIKeywordMain.groovy:64)&#xa;	at com.kms.katalon.core.webui.keyword.internal.WebUIKeywordMain.runKeyword(WebUIKeywordMain.groovy:26)&#xa;	at com.kms.katalon.core.webui.keyword.builtin.SelectOptionByIndexKeyword.selectOptionByIndex(SelectOptionByIndexKeyword.groovy:93)&#xa;	at com.kms.katalon.core.webui.keyword.builtin.SelectOptionByIndexKeyword.execute(SelectOptionByIndexKeyword.groovy:68)&#xa;	at com.kms.katalon.core.keyword.internal.KeywordExecutor.executeKeywordForPlatform(KeywordExecutor.groovy:74)&#xa;	at com.kms.katalon.core.webui.keyword.WebUiBuiltInKeywords.selectOptionByIndex(WebUiBuiltInKeywords.groovy:1172)&#xa;	at Main_Page.run(Main_Page:65)&#xa;	at com.kms.katalon.core.main.ScriptEngine.run(ScriptEngine.java:194)&#xa;	at com.kms.katalon.core.main.ScriptEngine.runScriptAsRawText(ScriptEngine.java:119)&#xa;	at com.kms.katalon.core.main.TestCaseExecutor.runScript(TestCaseExecutor.java:448)&#xa;	at com.kms.katalon.core.main.TestCaseExecutor.doExecute(TestCaseExecutor.java:439)&#xa;	at com.kms.katalon.core.main.TestCaseExecutor.processExecutionPhase(TestCaseExecutor.java:418)&#xa;	at com.kms.katalon.core.main.TestCaseExecutor.accessMainPhase(TestCaseExecutor.java:410)&#xa;	at com.kms.katalon.core.main.TestCaseExecutor.execute(TestCaseExecutor.java:285)&#xa;	at com.kms.katalon.core.common.CommonExecutor.accessTestCaseMainPhase(CommonExecutor.java:65)&#xa;	at com.kms.katalon.core.main.TestSuiteExecutor.accessTestSuiteMainPhase(TestSuiteExecutor.java:150)&#xa;	at com.kms.katalon.core.main.TestSuiteExecutor.execute(TestSuiteExecutor.java:106)&#xa;	at com.kms.katalon.core.main.TestCaseMain.startTestSuite(TestCaseMain.java:180)&#xa;	at TempTestSuite1729831388364.run(TempTestSuite1729831388364.groovy:35)&#xa;	at java.base/jdk.internal.reflect.NativeMethodAccessorImpl.invoke0(Native Method)&#xa;	at java.base/jdk.internal.reflect.NativeMethodAccessorImpl.invoke(NativeMethodAccessorImpl.java:77)&#xa;	at java.base/jdk.internal.reflect.DelegatingMethodAccessorImpl.invoke(DelegatingMethodAccessorImpl.java:43)&#xa;Caused by: org.openqa.selenium.JavascriptException: javascript error: {&quot;status&quot;:11,&quot;value&quot;:&quot;Element is not currently visible and may not be manipulated&quot;}&#xa;  (Session info: chrome=130.0.6723.70)&#xa;Build info: version: '3.141.59', revision: 'unknown', time: 'unknown'&#xa;System info: host: 'Madhans-MacBook-Pro.local', ip: '2401:d002:ab04:5000:a403:b65e:885e:e485%en0', os.name: 'Mac OS X', os.arch: 'aarch64', os.version: '14.3.1', java.version: '17.0.7'&#xa;Driver info: com.kms.katalon.selenium.driver.CChromeDriver&#xa;Capabilities {acceptInsecureCerts: false, browserName: chrome, browserVersion: 130.0.6723.70, chrome: {chromedriverVersion: 130.0.6723.69 (3ec172b971b9..., userDataDir: /var/folders/81/jk91fm7j2_5...}, fedcm:accounts: true, goog:chromeOptions: {debuggerAddress: localhost:62454}, javascriptEnabled: true, networkConnectionEnabled: false, pageLoadStrategy: normal, platform: MAC, platformName: MAC, proxy: Proxy(), setWindowRect: true, strictFileInteractability: false, timeouts: {implicit: 0, pageLoad: 300000, script: 30000}, unhandledPromptBehavior: dismiss and notify, webauthn:extension:credBlob: true, webauthn:extension:largeBlob: true, webauthn:extension:minPinLength: true, webauthn:extension:prf: true, webauthn:virtualAuthenticators: true}&#xa;Session ID: 7b28c29a967153f09a6a0cc66341d2e2&#xa;	at java.base/jdk.internal.reflect.NativeConstructorAccessorImpl.newInstance0(Native Method)&#xa;	at java.base/jdk.internal.reflect.NativeConstructorAccessorImpl.newInstance(NativeConstructorAccessorImpl.java:77)&#xa;	at java.base/jdk.internal.reflect.DelegatingConstructorAccessorImpl.newInstance(DelegatingConstructorAccessorImpl.java:45)&#xa;	at org.openqa.selenium.remote.http.W3CHttpResponseCodec.createException(W3CHttpResponseCodec.java:187)&#xa;	at org.openqa.selenium.remote.http.W3CHttpResponseCodec.decode(W3CHttpResponseCodec.java:122)&#xa;	at org.openqa.selenium.remote.http.W3CHttpResponseCodec.decode(W3CHttpResponseCodec.java:49)&#xa;	at org.openqa.selenium.remote.HttpCommandExecutor.execute(HttpCommandExecutor.java:158)&#xa;	at org.openqa.selenium.remote.service.DriverCommandExecutor.execute(DriverCommandExecutor.java:83)&#xa;	at org.openqa.selenium.remote.RemoteWebDriver.execute(RemoteWebDriver.java:552)&#xa;	at com.kms.katalon.selenium.driver.CChromeDriver.execute(CChromeDriver.java:19)&#xa;	at org.openqa.selenium.remote.RemoteWebElement.execute(RemoteWebElement.java:285)&#xa;	at org.openqa.selenium.remote.RemoteWebElement.click(RemoteWebElement.java:84)&#xa;	at jdk.internal.reflect.GeneratedMethodAccessor16.invoke(Unknown Source)&#xa;	at java.base/jdk.internal.reflect.DelegatingMethodAccessorImpl.invoke(DelegatingMethodAccessorImpl.java:43)&#xa;	at org.openqa.selenium.support.events.EventFiringWebDriver$EventFiringWebElement.lambda$new$0(EventFiringWebDriver.java:404)&#xa;	at jdk.proxy2/jdk.proxy2.$Proxy24.click(Unknown Source)&#xa;	at org.openqa.selenium.support.events.EventFiringWebDriver$EventFiringWebElement.click(EventFiringWebDriver.java:417)&#xa;	at org.openqa.selenium.support.ui.Select.setSelected(Select.java:311)&#xa;	at org.openqa.selenium.support.ui.Select.setSelectedByIndex(Select.java:293)&#xa;	at org.openqa.selenium.support.ui.Select.selectByIndex(Select.java:172)&#xa;	at com.kms.katalon.core.webui.common.WebUiCommonHelper.selectOrDeselectOptionsByIndex(WebUiCommonHelper.java:245)&#xa;	at com.kms.katalon.core.webui.keyword.builtin.SelectOptionByIndexKeyword$_selectOptionByIndex_closure1.doCall(SelectOptionByIndexKeyword.groovy:85)&#xa;	at com.kms.katalon.core.webui.keyword.builtin.SelectOptionByIndexKeyword$_selectOptionByIndex_closure1.call(SelectOptionByIndexKeyword.groovy)&#xa;	at com.kms.katalon.core.webui.keyword.internal.WebUIKeywordMain.runKeyword(WebUIKeywordMain.groovy:20)&#xa;	... 20 more&#xa;"/>
         <system-out><![CDATA[25-10-2024T15:51:05 - [TEST_CASE][FAILED] - Test Cases/APAC_Universities/SEO_PAGES/SCU_University/Main_Page: Test Cases/APAC_Universities/SEO_PAGES/SCU_University/Main_Page FAILED.
Reason:
com.kms.katalon.core.exception.StepFailedException: Unable to select option by index '2' of object 'Object Repository/APAC_University/SCU_University/Main_Page/Dropdown_StartDate'
	at com.kms.katalon.core.webui.keyword.internal.WebUIKeywordMain.stepFailed(WebUIKeywordMain.groovy:64)
	at com.kms.katalon.core.webui.keyword.internal.WebUIKeywordMain.runKeyword(WebUIKeywordMain.groovy:26)
	at com.kms.katalon.core.webui.keyword.builtin.SelectOptionByIndexKeyword.selectOptionByIndex(SelectOptionByIndexKeyword.groovy:93)
	at com.kms.katalon.core.webui.keyword.builtin.SelectOptionByIndexKeyword.execute(SelectOptionByIndexKeyword.groovy:68)
	at com.kms.katalon.core.keyword.internal.KeywordExecutor.executeKeywordForPlatform(KeywordExecutor.groovy:74)
	at com.kms.katalon.core.webui.keyword.WebUiBuiltInKeywords.selectOptionByIndex(WebUiBuiltInKeywords.groovy:1172)
	at Main_Page.run(Main_Page:65)
	at com.kms.katalon.core.main.ScriptEngine.run(ScriptEngine.java:194)
	at com.kms.katalon.core.main.ScriptEngine.runScriptAsRawText(ScriptEngine.java:119)
	at com.kms.katalon.core.main.TestCaseExecutor.runScript(TestCaseExecutor.java:448)
	at com.kms.katalon.core.main.TestCaseExecutor.doExecute(TestCaseExecutor.java:439)
	at com.kms.katalon.core.main.TestCaseExecutor.processExecutionPhase(TestCaseExecutor.java:418)
	at com.kms.katalon.core.main.TestCaseExecutor.accessMainPhase(TestCaseExecutor.java:410)
	at com.kms.katalon.core.main.TestCaseExecutor.execute(TestCaseExecutor.java:285)
	at com.kms.katalon.core.common.CommonExecutor.accessTestCaseMainPhase(CommonExecutor.java:65)
	at com.kms.katalon.core.main.TestSuiteExecutor.accessTestSuiteMainPhase(TestSuiteExecutor.java:150)
	at com.kms.katalon.core.main.TestSuiteExecutor.execute(TestSuiteExecutor.java:106)
	at com.kms.katalon.core.main.TestCaseMain.startTestSuite(TestCaseMain.java:180)
	at TempTestSuite1729831388364.run(TempTestSuite1729831388364.groovy:35)
	at java.base/jdk.internal.reflect.NativeMethodAccessorImpl.invoke0(Native Method)
	at java.base/jdk.internal.reflect.NativeMethodAccessorImpl.invoke(NativeMethodAccessorImpl.java:77)
	at java.base/jdk.internal.reflect.DelegatingMethodAccessorImpl.invoke(DelegatingMethodAccessorImpl.java:43)
Caused by: org.openqa.selenium.JavascriptException: javascript error: {"status":11,"value":"Element is not currently visible and may not be manipulated"}
  (Session info: chrome=130.0.6723.70)
Build info: version: '3.141.59', revision: 'unknown', time: 'unknown'
System info: host: 'Madhans-MacBook-Pro.local', ip: '2401:d002:ab04:5000:a403:b65e:885e:e485%en0', os.name: 'Mac OS X', os.arch: 'aarch64', os.version: '14.3.1', java.version: '17.0.7'
Driver info: com.kms.katalon.selenium.driver.CChromeDriver
Capabilities {acceptInsecureCerts: false, browserName: chrome, browserVersion: 130.0.6723.70, chrome: {chromedriverVersion: 130.0.6723.69 (3ec172b971b9..., userDataDir: /var/folders/81/jk91fm7j2_5...}, fedcm:accounts: true, goog:chromeOptions: {debuggerAddress: localhost:62454}, javascriptEnabled: true, networkConnectionEnabled: false, pageLoadStrategy: normal, platform: MAC, platformName: MAC, proxy: Proxy(), setWindowRect: true, strictFileInteractability: false, timeouts: {implicit: 0, pageLoad: 300000, script: 30000}, unhandledPromptBehavior: dismiss and notify, webauthn:extension:credBlob: true, webauthn:extension:largeBlob: true, webauthn:extension:minPinLength: true, webauthn:extension:prf: true, webauthn:virtualAuthenticators: true}
Session ID: 7b28c29a967153f09a6a0cc66341d2e2
	at java.base/jdk.internal.reflect.NativeConstructorAccessorImpl.newInstance0(Native Method)
	at java.base/jdk.internal.reflect.NativeConstructorAccessorImpl.newInstance(NativeConstructorAccessorImpl.java:77)
	at java.base/jdk.internal.reflect.DelegatingConstructorAccessorImpl.newInstance(DelegatingConstructorAccessorImpl.java:45)
	at org.openqa.selenium.remote.http.W3CHttpResponseCodec.createException(W3CHttpResponseCodec.java:187)
	at org.openqa.selenium.remote.http.W3CHttpResponseCodec.decode(W3CHttpResponseCodec.java:122)
	at org.openqa.selenium.remote.http.W3CHttpResponseCodec.decode(W3CHttpResponseCodec.java:49)
	at org.openqa.selenium.remote.HttpCommandExecutor.execute(HttpCommandExecutor.java:158)
	at org.openqa.selenium.remote.service.DriverCommandExecutor.execute(DriverCommandExecutor.java:83)
	at org.openqa.selenium.remote.RemoteWebDriver.execute(RemoteWebDriver.java:552)
	at com.kms.katalon.selenium.driver.CChromeDriver.execute(CChromeDriver.java:19)
	at org.openqa.selenium.remote.RemoteWebElement.execute(RemoteWebElement.java:285)
	at org.openqa.selenium.remote.RemoteWebElement.click(RemoteWebElement.java:84)
	at jdk.internal.reflect.GeneratedMethodAccessor16.invoke(Unknown Source)
	at java.base/jdk.internal.reflect.DelegatingMethodAccessorImpl.invoke(DelegatingMethodAccessorImpl.java:43)
	at org.openqa.selenium.support.events.EventFiringWebDriver$EventFiringWebElement.lambda$new$0(EventFiringWebDriver.java:404)
	at jdk.proxy2/jdk.proxy2.$Proxy24.click(Unknown Source)
	at org.openqa.selenium.support.events.EventFiringWebDriver$EventFiringWebElement.click(EventFiringWebDriver.java:417)
	at org.openqa.selenium.support.ui.Select.setSelected(Select.java:311)
	at org.openqa.selenium.support.ui.Select.setSelectedByIndex(Select.java:293)
	at org.openqa.selenium.support.ui.Select.selectByIndex(Select.java:172)
	at com.kms.katalon.core.webui.common.WebUiCommonHelper.selectOrDeselectOptionsByIndex(WebUiCommonHelper.java:245)
	at com.kms.katalon.core.webui.keyword.builtin.SelectOptionByIndexKeyword$_selectOptionByIndex_closure1.doCall(SelectOptionByIndexKeyword.groovy:85)
	at com.kms.katalon.core.webui.keyword.builtin.SelectOptionByIndexKeyword$_selectOptionByIndex_closure1.call(SelectOptionByIndexKeyword.groovy)
	at com.kms.katalon.core.webui.keyword.internal.WebUIKeywordMain.runKeyword(WebUIKeywordMain.groovy:20)
	... 20 more


25-10-2024T15:51:05 - [TEST_STEP][PASSED] - callTestCase(findTestCase("Test Cases/APAC_Universities/SEO_PAGES/SCU_University/Reusable_Testcases/Navigate_URL"), [:], STOP_ON_FAILURE): Call Test Case 'Test Cases/APAC_Universities/SEO_PAGES/SCU_University/Reusable_Testcases/Navigate_URL' successfully

25-10-2024T15:51:05 - [TEST_CASE][PASSED] - Test Cases/APAC_Universities/SEO_PAGES/SCU_University/Reusable_Testcases/Navigate_URL: Test Cases/APAC_Universities/SEO_PAGES/SCU_University/Reusable_Testcases/Navigate_URL

25-10-2024T15:51:05 - [TEST_STEP][PASSED] - openBrowser(""): Browser is opened with url: ''

25-10-2024T15:51:05 - [MESSAGE][WARNING] - A browser is already opened. Closing browser and opening a new one

25-10-2024T15:51:05 - [MESSAGE][INFO] - Starting 'Chrome' driver

25-10-2024T15:51:05 - [MESSAGE][INFO] - Action delay is set to 0 milliseconds

25-10-2024T15:51:05 - [MESSAGE][PASSED] - Browser is opened with url: ''

25-10-2024T15:51:05 - [TEST_STEP][PASSED] - navigateToUrl(University_SCU): Navigate to 'https://key:path@dev-scu-opm.pantheonsite.io/' successfully

25-10-2024T15:51:07 - [MESSAGE][PASSED] - Navigate to 'https://key:path@dev-scu-opm.pantheonsite.io/' successfully

25-10-2024T15:51:07 - [TEST_STEP][PASSED] - maximizeWindow(): Current window maximized

25-10-2024T15:51:07 - [MESSAGE][PASSED] - Current window maximized

25-10-2024T15:51:07 - [MESSAGE][PASSED] - Call Test Case 'Test Cases/APAC_Universities/SEO_PAGES/SCU_University/Reusable_Testcases/Navigate_URL' successfully

25-10-2024T15:51:07 - [TEST_STEP][PASSED] - selectTestObject = findTestObject("Object Repository/APAC_University/SCU_University/Main_Page/Dropdown_Course"): null

25-10-2024T15:51:07 - [TEST_STEP][PASSED] - selectElement = findWebElement(selectTestObject, 0): Found web element by test object Object Repository/APAC_University/SCU_University/Main_Page/Dropdown_Course

25-10-2024T15:51:07 - [MESSAGE][WARNING] - Timeout '0' is invalid. Using default page load timeout: '30'

25-10-2024T15:51:07 - [MESSAGE][PASSED] - Found web element by test object Object Repository/APAC_University/SCU_University/Main_Page/Dropdown_Course

25-10-2024T15:51:07 - [TEST_STEP][PASSED] - select = new org.openqa.selenium.support.ui.Select(selectElement): null

25-10-2024T15:51:07 - [TEST_STEP][PASSED] - options = select.getOptions(): null

25-10-2024T15:51:08 - [TEST_STEP][PASSED] - validOptions = options.findAll({ -> ... }): null

25-10-2024T15:51:08 - [TEST_STEP][PASSED] - random = new java.util.Random(): null

25-10-2024T15:51:08 - [TEST_STEP][PASSED] - randomOption = validOptions[random.nextInt(validOptions.size())]: null

25-10-2024T15:51:08 - [TEST_STEP][PASSED] - select.selectByValue(randomOption.getAttribute("value")): null

25-10-2024T15:51:10 - [TEST_STEP][PASSED] - FirstName = keyPathPackage.customKeywords.generateRandomFirstName(): keyPathPackage.customKeywords.generateRandomFirstName is PASSED

25-10-2024T15:51:10 - [MESSAGE][PASSED] - keyPathPackage.customKeywords.generateRandomFirstName is PASSED

25-10-2024T15:51:10 - [TEST_STEP][PASSED] - setText(findTestObject("Object Repository/APAC_University/SCU_University/Main_Page/Field_Firstname"), FirstName): Text 'Anthony' is set on object 'Object Repository/APAC_University/SCU_University/Main_Page/Field_Firstname'

25-10-2024T15:51:11 - [MESSAGE][PASSED] - Text 'Anthony' is set on object 'Object Repository/APAC_University/SCU_University/Main_Page/Field_Firstname'

25-10-2024T15:51:11 - [TEST_STEP][PASSED] - LastName = keyPathPackage.customKeywords.generateRandomLastName(): keyPathPackage.customKeywords.generateRandomLastName is PASSED

25-10-2024T15:51:11 - [MESSAGE][PASSED] - keyPathPackage.customKeywords.generateRandomLastName is PASSED

25-10-2024T15:51:11 - [TEST_STEP][PASSED] - setText(findTestObject("Object Repository/APAC_University/SCU_University/Main_Page/Field_Lastname"), LastName): Text 'Testing Pacocha' is set on object 'Object Repository/APAC_University/SCU_University/Main_Page/Field_Lastname'

25-10-2024T15:51:12 - [MESSAGE][PASSED] - Text 'Testing Pacocha' is set on object 'Object Repository/APAC_University/SCU_University/Main_Page/Field_Lastname'

25-10-2024T15:51:12 - [TEST_STEP][PASSED] - waitForElementClickable(findTestObject("Object Repository/APAC_University/SCU_University/Main_Page/Button_Nextstep1"), 10): Object 'Object Repository/APAC_University/SCU_University/Main_Page/Button_Nextstep1' is clickable

25-10-2024T15:51:12 - [MESSAGE][PASSED] - Object 'Object Repository/APAC_University/SCU_University/Main_Page/Button_Nextstep1' is clickable

25-10-2024T15:51:12 - [TEST_STEP][PASSED] - click(findTestObject("Object Repository/APAC_University/SCU_University/Main_Page/Button_Nextstep1")): Object: 'Object Repository/APAC_University/SCU_University/Main_Page/Button_Nextstep1' is clicked on

25-10-2024T15:51:12 - [MESSAGE][PASSED] - Object: 'Object Repository/APAC_University/SCU_University/Main_Page/Button_Nextstep1' is clicked on

25-10-2024T15:51:12 - [TEST_STEP][PASSED] - startdate = findTestObject("Object Repository/APAC_University/SCU_University/Main_Page/Dropdown_StartDate"): null

25-10-2024T15:51:12 - [TEST_STEP][FAILED] - selectOptionByIndex(startdate, keyPathPackage.customKeywords.selectRandomOptionFromDropdown()): Unable to select option by index '2' of object 'Object Repository/APAC_University/SCU_University/Main_Page/Dropdown_StartDate' (Root cause: com.kms.katalon.core.exception.StepFailedException: Unable to select option by index '2' of object 'Object Repository/APAC_University/SCU_University/Main_Page/Dropdown_StartDate'
	at com.kms.katalon.core.webui.keyword.internal.WebUIKeywordMain.stepFailed(WebUIKeywordMain.groovy:64)
	at com.kms.katalon.core.webui.keyword.internal.WebUIKeywordMain.runKeyword(WebUIKeywordMain.groovy:26)
	at com.kms.katalon.core.webui.keyword.builtin.SelectOptionByIndexKeyword.selectOptionByIndex(SelectOptionByIndexKeyword.groovy:93)
	at com.kms.katalon.core.webui.keyword.builtin.SelectOptionByIndexKeyword.execute(SelectOptionByIndexKeyword.groovy:68)
	at com.kms.katalon.core.keyword.internal.KeywordExecutor.executeKeywordForPlatform(KeywordExecutor.groovy:74)
	at com.kms.katalon.core.webui.keyword.WebUiBuiltInKeywords.selectOptionByIndex(WebUiBuiltInKeywords.groovy:1172)
	at Main_Page.run(Main_Page:65)
	at com.kms.katalon.core.main.ScriptEngine.run(ScriptEngine.java:194)
	at com.kms.katalon.core.main.ScriptEngine.runScriptAsRawText(ScriptEngine.java:119)
	at com.kms.katalon.core.main.TestCaseExecutor.runScript(TestCaseExecutor.java:448)
	at com.kms.katalon.core.main.TestCaseExecutor.doExecute(TestCaseExecutor.java:439)
	at com.kms.katalon.core.main.TestCaseExecutor.processExecutionPhase(TestCaseExecutor.java:418)
	at com.kms.katalon.core.main.TestCaseExecutor.accessMainPhase(TestCaseExecutor.java:410)
	at com.kms.katalon.core.main.TestCaseExecutor.execute(TestCaseExecutor.java:285)
	at com.kms.katalon.core.common.CommonExecutor.accessTestCaseMainPhase(CommonExecutor.java:65)
	at com.kms.katalon.core.main.TestSuiteExecutor.accessTestSuiteMainPhase(TestSuiteExecutor.java:150)
	at com.kms.katalon.core.main.TestSuiteExecutor.execute(TestSuiteExecutor.java:106)
	at com.kms.katalon.core.main.TestCaseMain.startTestSuite(TestCaseMain.java:180)
	at TempTestSuite1729831388364.run(TempTestSuite1729831388364.groovy:35)
	at java.base/jdk.internal.reflect.NativeMethodAccessorImpl.invoke0(Native Method)
	at java.base/jdk.internal.reflect.NativeMethodAccessorImpl.invoke(NativeMethodAccessorImpl.java:77)
	at java.base/jdk.internal.reflect.DelegatingMethodAccessorImpl.invoke(DelegatingMethodAccessorImpl.java:43)
Caused by: org.openqa.selenium.JavascriptException: javascript error: {"status":11,"value":"Element is not currently visible and may not be manipulated"}
  (Session info: chrome=130.0.6723.70)
Build info: version: '3.141.59', revision: 'unknown', time: 'unknown'
System info: host: 'Madhans-MacBook-Pro.local', ip: '2401:d002:ab04:5000:a403:b65e:885e:e485%en0', os.name: 'Mac OS X', os.arch: 'aarch64', os.version: '14.3.1', java.version: '17.0.7'
Driver info: com.kms.katalon.selenium.driver.CChromeDriver
Capabilities {acceptInsecureCerts: false, browserName: chrome, browserVersion: 130.0.6723.70, chrome: {chromedriverVersion: 130.0.6723.69 (3ec172b971b9..., userDataDir: /var/folders/81/jk91fm7j2_5...}, fedcm:accounts: true, goog:chromeOptions: {debuggerAddress: localhost:62454}, javascriptEnabled: true, networkConnectionEnabled: false, pageLoadStrategy: normal, platform: MAC, platformName: MAC, proxy: Proxy(), setWindowRect: true, strictFileInteractability: false, timeouts: {implicit: 0, pageLoad: 300000, script: 30000}, unhandledPromptBehavior: dismiss and notify, webauthn:extension:credBlob: true, webauthn:extension:largeBlob: true, webauthn:extension:minPinLength: true, webauthn:extension:prf: true, webauthn:virtualAuthenticators: true}
Session ID: 7b28c29a967153f09a6a0cc66341d2e2
	at java.base/jdk.internal.reflect.NativeConstructorAccessorImpl.newInstance0(Native Method)
	at java.base/jdk.internal.reflect.NativeConstructorAccessorImpl.newInstance(NativeConstructorAccessorImpl.java:77)
	at java.base/jdk.internal.reflect.DelegatingConstructorAccessorImpl.newInstance(DelegatingConstructorAccessorImpl.java:45)
	at org.openqa.selenium.remote.http.W3CHttpResponseCodec.createException(W3CHttpResponseCodec.java:187)
	at org.openqa.selenium.remote.http.W3CHttpResponseCodec.decode(W3CHttpResponseCodec.java:122)
	at org.openqa.selenium.remote.http.W3CHttpResponseCodec.decode(W3CHttpResponseCodec.java:49)
	at org.openqa.selenium.remote.HttpCommandExecutor.execute(HttpCommandExecutor.java:158)
	at org.openqa.selenium.remote.service.DriverCommandExecutor.execute(DriverCommandExecutor.java:83)
	at org.openqa.selenium.remote.RemoteWebDriver.execute(RemoteWebDriver.java:552)
	at com.kms.katalon.selenium.driver.CChromeDriver.execute(CChromeDriver.java:19)
	at org.openqa.selenium.remote.RemoteWebElement.execute(RemoteWebElement.java:285)
	at org.openqa.selenium.remote.RemoteWebElement.click(RemoteWebElement.java:84)
	at jdk.internal.reflect.GeneratedMethodAccessor16.invoke(Unknown Source)
	at java.base/jdk.internal.reflect.DelegatingMethodAccessorImpl.invoke(DelegatingMethodAccessorImpl.java:43)
	at org.openqa.selenium.support.events.EventFiringWebDriver$EventFiringWebElement.lambda$new$0(EventFiringWebDriver.java:404)
	at jdk.proxy2/jdk.proxy2.$Proxy24.click(Unknown Source)
	at org.openqa.selenium.support.events.EventFiringWebDriver$EventFiringWebElement.click(EventFiringWebDriver.java:417)
	at org.openqa.selenium.support.ui.Select.setSelected(Select.java:311)
	at org.openqa.selenium.support.ui.Select.setSelectedByIndex(Select.java:293)
	at org.openqa.selenium.support.ui.Select.selectByIndex(Select.java:172)
	at com.kms.katalon.core.webui.common.WebUiCommonHelper.selectOrDeselectOptionsByIndex(WebUiCommonHelper.java:245)
	at com.kms.katalon.core.webui.keyword.builtin.SelectOptionByIndexKeyword$_selectOptionByIndex_closure1.doCall(SelectOptionByIndexKeyword.groovy:85)
	at com.kms.katalon.core.webui.keyword.builtin.SelectOptionByIndexKeyword$_selectOptionByIndex_closure1.call(SelectOptionByIndexKeyword.groovy)
	at com.kms.katalon.core.webui.keyword.internal.WebUIKeywordMain.runKeyword(WebUIKeywordMain.groovy:20)
	at com.kms.katalon.core.webui.keyword.builtin.SelectOptionByIndexKeyword.selectOptionByIndex(SelectOptionByIndexKeyword.groovy:93)
	at com.kms.katalon.core.webui.keyword.builtin.SelectOptionByIndexKeyword.execute(SelectOptionByIndexKeyword.groovy:68)
	at com.kms.katalon.core.keyword.internal.KeywordExecutor.executeKeywordForPlatform(KeywordExecutor.groovy:74)
	at com.kms.katalon.core.webui.keyword.WebUiBuiltInKeywords.selectOptionByIndex(WebUiBuiltInKeywords.groovy:1172)
	at Script1720582273375.run(Script1720582273375.groovy:65)
	... 15 more
)

25-10-2024T15:51:12 - [MESSAGE][PASSED] - keyPathPackage.customKeywords.selectRandomOptionFromDropdown is PASSED

25-10-2024T15:51:14 - [MESSAGE][FAILED] - Unable to select option by index '2' of object 'Object Repository/APAC_University/SCU_University/Main_Page/Dropdown_StartDate' (Root cause: com.kms.katalon.core.exception.StepFailedException: Unable to select option by index '2' of object 'Object Repository/APAC_University/SCU_University/Main_Page/Dropdown_StartDate'
	at com.kms.katalon.core.webui.keyword.internal.WebUIKeywordMain.stepFailed(WebUIKeywordMain.groovy:64)
	at com.kms.katalon.core.webui.keyword.internal.WebUIKeywordMain.runKeyword(WebUIKeywordMain.groovy:26)
	at com.kms.katalon.core.webui.keyword.builtin.SelectOptionByIndexKeyword.selectOptionByIndex(SelectOptionByIndexKeyword.groovy:93)
	at com.kms.katalon.core.webui.keyword.builtin.SelectOptionByIndexKeyword.execute(SelectOptionByIndexKeyword.groovy:68)
	at com.kms.katalon.core.keyword.internal.KeywordExecutor.executeKeywordForPlatform(KeywordExecutor.groovy:74)
	at com.kms.katalon.core.webui.keyword.WebUiBuiltInKeywords.selectOptionByIndex(WebUiBuiltInKeywords.groovy:1172)
	at Main_Page.run(Main_Page:65)
	at com.kms.katalon.core.main.ScriptEngine.run(ScriptEngine.java:194)
	at com.kms.katalon.core.main.ScriptEngine.runScriptAsRawText(ScriptEngine.java:119)
	at com.kms.katalon.core.main.TestCaseExecutor.runScript(TestCaseExecutor.java:448)
	at com.kms.katalon.core.main.TestCaseExecutor.doExecute(TestCaseExecutor.java:439)
	at com.kms.katalon.core.main.TestCaseExecutor.processExecutionPhase(TestCaseExecutor.java:418)
	at com.kms.katalon.core.main.TestCaseExecutor.accessMainPhase(TestCaseExecutor.java:410)
	at com.kms.katalon.core.main.TestCaseExecutor.execute(TestCaseExecutor.java:285)
	at com.kms.katalon.core.common.CommonExecutor.accessTestCaseMainPhase(CommonExecutor.java:65)
	at com.kms.katalon.core.main.TestSuiteExecutor.accessTestSuiteMainPhase(TestSuiteExecutor.java:150)
	at com.kms.katalon.core.main.TestSuiteExecutor.execute(TestSuiteExecutor.java:106)
	at com.kms.katalon.core.main.TestCaseMain.startTestSuite(TestCaseMain.java:180)
	at TempTestSuite1729831388364.run(TempTestSuite1729831388364.groovy:35)
	at java.base/jdk.internal.reflect.NativeMethodAccessorImpl.invoke0(Native Method)
	at java.base/jdk.internal.reflect.NativeMethodAccessorImpl.invoke(NativeMethodAccessorImpl.java:77)
	at java.base/jdk.internal.reflect.DelegatingMethodAccessorImpl.invoke(DelegatingMethodAccessorImpl.java:43)
Caused by: org.openqa.selenium.JavascriptException: javascript error: {"status":11,"value":"Element is not currently visible and may not be manipulated"}
  (Session info: chrome=130.0.6723.70)
Build info: version: '3.141.59', revision: 'unknown', time: 'unknown'
System info: host: 'Madhans-MacBook-Pro.local', ip: '2401:d002:ab04:5000:a403:b65e:885e:e485%en0', os.name: 'Mac OS X', os.arch: 'aarch64', os.version: '14.3.1', java.version: '17.0.7'
Driver info: com.kms.katalon.selenium.driver.CChromeDriver
Capabilities {acceptInsecureCerts: false, browserName: chrome, browserVersion: 130.0.6723.70, chrome: {chromedriverVersion: 130.0.6723.69 (3ec172b971b9..., userDataDir: /var/folders/81/jk91fm7j2_5...}, fedcm:accounts: true, goog:chromeOptions: {debuggerAddress: localhost:62454}, javascriptEnabled: true, networkConnectionEnabled: false, pageLoadStrategy: normal, platform: MAC, platformName: MAC, proxy: Proxy(), setWindowRect: true, strictFileInteractability: false, timeouts: {implicit: 0, pageLoad: 300000, script: 30000}, unhandledPromptBehavior: dismiss and notify, webauthn:extension:credBlob: true, webauthn:extension:largeBlob: true, webauthn:extension:minPinLength: true, webauthn:extension:prf: true, webauthn:virtualAuthenticators: true}
Session ID: 7b28c29a967153f09a6a0cc66341d2e2
	at java.base/jdk.internal.reflect.NativeConstructorAccessorImpl.newInstance0(Native Method)
	at java.base/jdk.internal.reflect.NativeConstructorAccessorImpl.newInstance(NativeConstructorAccessorImpl.java:77)
	at java.base/jdk.internal.reflect.DelegatingConstructorAccessorImpl.newInstance(DelegatingConstructorAccessorImpl.java:45)
	at org.openqa.selenium.remote.http.W3CHttpResponseCodec.createException(W3CHttpResponseCodec.java:187)
	at org.openqa.selenium.remote.http.W3CHttpResponseCodec.decode(W3CHttpResponseCodec.java:122)
	at org.openqa.selenium.remote.http.W3CHttpResponseCodec.decode(W3CHttpResponseCodec.java:49)
	at org.openqa.selenium.remote.HttpCommandExecutor.execute(HttpCommandExecutor.java:158)
	at org.openqa.selenium.remote.service.DriverCommandExecutor.execute(DriverCommandExecutor.java:83)
	at org.openqa.selenium.remote.RemoteWebDriver.execute(RemoteWebDriver.java:552)
	at com.kms.katalon.selenium.driver.CChromeDriver.execute(CChromeDriver.java:19)
	at org.openqa.selenium.remote.RemoteWebElement.execute(RemoteWebElement.java:285)
	at org.openqa.selenium.remote.RemoteWebElement.click(RemoteWebElement.java:84)
	at jdk.internal.reflect.GeneratedMethodAccessor16.invoke(Unknown Source)
	at java.base/jdk.internal.reflect.DelegatingMethodAccessorImpl.invoke(DelegatingMethodAccessorImpl.java:43)
	at org.openqa.selenium.support.events.EventFiringWebDriver$EventFiringWebElement.lambda$new$0(EventFiringWebDriver.java:404)
	at jdk.proxy2/jdk.proxy2.$Proxy24.click(Unknown Source)
	at org.openqa.selenium.support.events.EventFiringWebDriver$EventFiringWebElement.click(EventFiringWebDriver.java:417)
	at org.openqa.selenium.support.ui.Select.setSelected(Select.java:311)
	at org.openqa.selenium.support.ui.Select.setSelectedByIndex(Select.java:293)
	at org.openqa.selenium.support.ui.Select.selectByIndex(Select.java:172)
	at com.kms.katalon.core.webui.common.WebUiCommonHelper.selectOrDeselectOptionsByIndex(WebUiCommonHelper.java:245)
	at com.kms.katalon.core.webui.keyword.builtin.SelectOptionByIndexKeyword$_selectOptionByIndex_closure1.doCall(SelectOptionByIndexKeyword.groovy:85)
	at com.kms.katalon.core.webui.keyword.builtin.SelectOptionByIndexKeyword$_selectOptionByIndex_closure1.call(SelectOptionByIndexKeyword.groovy)
	at com.kms.katalon.core.webui.keyword.internal.WebUIKeywordMain.runKeyword(WebUIKeywordMain.groovy:20)
	at com.kms.katalon.core.webui.keyword.builtin.SelectOptionByIndexKeyword.selectOptionByIndex(SelectOptionByIndexKeyword.groovy:93)
	at com.kms.katalon.core.webui.keyword.builtin.SelectOptionByIndexKeyword.execute(SelectOptionByIndexKeyword.groovy:68)
	at com.kms.katalon.core.keyword.internal.KeywordExecutor.executeKeywordForPlatform(KeywordExecutor.groovy:74)
	at com.kms.katalon.core.webui.keyword.WebUiBuiltInKeywords.selectOptionByIndex(WebUiBuiltInKeywords.groovy:1172)
	at Script1720582273375.run(Script1720582273375.groovy:65)
	... 15 more
)
[[ATTACHMENT|/Users/madhansivaraj/git/Keypath_Automation_Testing_Mster/Reports/20241025_154308/Keypath_Testsuite_APAC_SEO/20241025_154308/1729831873539.png]]]]></system-out>
         <system-err><![CDATA[25-10-2024T15:51:05 - [TEST_CASE][FAILED] - Test Cases/APAC_Universities/SEO_PAGES/SCU_University/Main_Page: Test Cases/APAC_Universities/SEO_PAGES/SCU_University/Main_Page FAILED.
Reason:
com.kms.katalon.core.exception.StepFailedException: Unable to select option by index '2' of object 'Object Repository/APAC_University/SCU_University/Main_Page/Dropdown_StartDate'
	at com.kms.katalon.core.webui.keyword.internal.WebUIKeywordMain.stepFailed(WebUIKeywordMain.groovy:64)
	at com.kms.katalon.core.webui.keyword.internal.WebUIKeywordMain.runKeyword(WebUIKeywordMain.groovy:26)
	at com.kms.katalon.core.webui.keyword.builtin.SelectOptionByIndexKeyword.selectOptionByIndex(SelectOptionByIndexKeyword.groovy:93)
	at com.kms.katalon.core.webui.keyword.builtin.SelectOptionByIndexKeyword.execute(SelectOptionByIndexKeyword.groovy:68)
	at com.kms.katalon.core.keyword.internal.KeywordExecutor.executeKeywordForPlatform(KeywordExecutor.groovy:74)
	at com.kms.katalon.core.webui.keyword.WebUiBuiltInKeywords.selectOptionByIndex(WebUiBuiltInKeywords.groovy:1172)
	at Main_Page.run(Main_Page:65)
	at com.kms.katalon.core.main.ScriptEngine.run(ScriptEngine.java:194)
	at com.kms.katalon.core.main.ScriptEngine.runScriptAsRawText(ScriptEngine.java:119)
	at com.kms.katalon.core.main.TestCaseExecutor.runScript(TestCaseExecutor.java:448)
	at com.kms.katalon.core.main.TestCaseExecutor.doExecute(TestCaseExecutor.java:439)
	at com.kms.katalon.core.main.TestCaseExecutor.processExecutionPhase(TestCaseExecutor.java:418)
	at com.kms.katalon.core.main.TestCaseExecutor.accessMainPhase(TestCaseExecutor.java:410)
	at com.kms.katalon.core.main.TestCaseExecutor.execute(TestCaseExecutor.java:285)
	at com.kms.katalon.core.common.CommonExecutor.accessTestCaseMainPhase(CommonExecutor.java:65)
	at com.kms.katalon.core.main.TestSuiteExecutor.accessTestSuiteMainPhase(TestSuiteExecutor.java:150)
	at com.kms.katalon.core.main.TestSuiteExecutor.execute(TestSuiteExecutor.java:106)
	at com.kms.katalon.core.main.TestCaseMain.startTestSuite(TestCaseMain.java:180)
	at TempTestSuite1729831388364.run(TempTestSuite1729831388364.groovy:35)
	at java.base/jdk.internal.reflect.NativeMethodAccessorImpl.invoke0(Native Method)
	at java.base/jdk.internal.reflect.NativeMethodAccessorImpl.invoke(NativeMethodAccessorImpl.java:77)
	at java.base/jdk.internal.reflect.DelegatingMethodAccessorImpl.invoke(DelegatingMethodAccessorImpl.java:43)
Caused by: org.openqa.selenium.JavascriptException: javascript error: {"status":11,"value":"Element is not currently visible and may not be manipulated"}
  (Session info: chrome=130.0.6723.70)
Build info: version: '3.141.59', revision: 'unknown', time: 'unknown'
System info: host: 'Madhans-MacBook-Pro.local', ip: '2401:d002:ab04:5000:a403:b65e:885e:e485%en0', os.name: 'Mac OS X', os.arch: 'aarch64', os.version: '14.3.1', java.version: '17.0.7'
Driver info: com.kms.katalon.selenium.driver.CChromeDriver
Capabilities {acceptInsecureCerts: false, browserName: chrome, browserVersion: 130.0.6723.70, chrome: {chromedriverVersion: 130.0.6723.69 (3ec172b971b9..., userDataDir: /var/folders/81/jk91fm7j2_5...}, fedcm:accounts: true, goog:chromeOptions: {debuggerAddress: localhost:62454}, javascriptEnabled: true, networkConnectionEnabled: false, pageLoadStrategy: normal, platform: MAC, platformName: MAC, proxy: Proxy(), setWindowRect: true, strictFileInteractability: false, timeouts: {implicit: 0, pageLoad: 300000, script: 30000}, unhandledPromptBehavior: dismiss and notify, webauthn:extension:credBlob: true, webauthn:extension:largeBlob: true, webauthn:extension:minPinLength: true, webauthn:extension:prf: true, webauthn:virtualAuthenticators: true}
Session ID: 7b28c29a967153f09a6a0cc66341d2e2
	at java.base/jdk.internal.reflect.NativeConstructorAccessorImpl.newInstance0(Native Method)
	at java.base/jdk.internal.reflect.NativeConstructorAccessorImpl.newInstance(NativeConstructorAccessorImpl.java:77)
	at java.base/jdk.internal.reflect.DelegatingConstructorAccessorImpl.newInstance(DelegatingConstructorAccessorImpl.java:45)
	at org.openqa.selenium.remote.http.W3CHttpResponseCodec.createException(W3CHttpResponseCodec.java:187)
	at org.openqa.selenium.remote.http.W3CHttpResponseCodec.decode(W3CHttpResponseCodec.java:122)
	at org.openqa.selenium.remote.http.W3CHttpResponseCodec.decode(W3CHttpResponseCodec.java:49)
	at org.openqa.selenium.remote.HttpCommandExecutor.execute(HttpCommandExecutor.java:158)
	at org.openqa.selenium.remote.service.DriverCommandExecutor.execute(DriverCommandExecutor.java:83)
	at org.openqa.selenium.remote.RemoteWebDriver.execute(RemoteWebDriver.java:552)
	at com.kms.katalon.selenium.driver.CChromeDriver.execute(CChromeDriver.java:19)
	at org.openqa.selenium.remote.RemoteWebElement.execute(RemoteWebElement.java:285)
	at org.openqa.selenium.remote.RemoteWebElement.click(RemoteWebElement.java:84)
	at jdk.internal.reflect.GeneratedMethodAccessor16.invoke(Unknown Source)
	at java.base/jdk.internal.reflect.DelegatingMethodAccessorImpl.invoke(DelegatingMethodAccessorImpl.java:43)
	at org.openqa.selenium.support.events.EventFiringWebDriver$EventFiringWebElement.lambda$new$0(EventFiringWebDriver.java:404)
	at jdk.proxy2/jdk.proxy2.$Proxy24.click(Unknown Source)
	at org.openqa.selenium.support.events.EventFiringWebDriver$EventFiringWebElement.click(EventFiringWebDriver.java:417)
	at org.openqa.selenium.support.ui.Select.setSelected(Select.java:311)
	at org.openqa.selenium.support.ui.Select.setSelectedByIndex(Select.java:293)
	at org.openqa.selenium.support.ui.Select.selectByIndex(Select.java:172)
	at com.kms.katalon.core.webui.common.WebUiCommonHelper.selectOrDeselectOptionsByIndex(WebUiCommonHelper.java:245)
	at com.kms.katalon.core.webui.keyword.builtin.SelectOptionByIndexKeyword$_selectOptionByIndex_closure1.doCall(SelectOptionByIndexKeyword.groovy:85)
	at com.kms.katalon.core.webui.keyword.builtin.SelectOptionByIndexKeyword$_selectOptionByIndex_closure1.call(SelectOptionByIndexKeyword.groovy)
	at com.kms.katalon.core.webui.keyword.internal.WebUIKeywordMain.runKeyword(WebUIKeywordMain.groovy:20)
	... 20 more]]></system-err>
      </testcase>
      <testcase name="Test Cases/APAC_Universities/SEO_PAGES/Help_University/Main_Page" time="33.546" classname="Test Cases/APAC_Universities/SEO_PAGES/Help_University/Main_Page" status="PASSED">
         <system-out><![CDATA[25-10-2024T15:51:14 - [TEST_CASE][PASSED] - Test Cases/APAC_Universities/SEO_PAGES/Help_University/Main_Page: Test Cases/APAC_Universities/SEO_PAGES/Help_University/Main_Page

25-10-2024T15:51:14 - [TEST_STEP][PASSED] - callTestCase(findTestCase("Test Cases/APAC_Universities/SEO_PAGES/Help_University/Resuable_Testcases/Navigate_URL"), [:], STOP_ON_FAILURE): Call Test Case 'Test Cases/APAC_Universities/SEO_PAGES/Help_University/Resuable_Testcases/Navigate_URL' successfully

25-10-2024T15:51:14 - [TEST_CASE][PASSED] - Test Cases/APAC_Universities/SEO_PAGES/Help_University/Resuable_Testcases/Navigate_URL: Test Cases/APAC_Universities/SEO_PAGES/Help_University/Resuable_Testcases/Navigate_URL

25-10-2024T15:51:14 - [TEST_STEP][PASSED] - openBrowser(""): Browser is opened with url: ''

25-10-2024T15:51:14 - [MESSAGE][WARNING] - A browser is already opened. Closing browser and opening a new one

25-10-2024T15:51:14 - [MESSAGE][INFO] - Starting 'Chrome' driver

25-10-2024T15:51:14 - [MESSAGE][INFO] - Action delay is set to 0 milliseconds

25-10-2024T15:51:14 - [MESSAGE][PASSED] - Browser is opened with url: ''

25-10-2024T15:51:14 - [TEST_STEP][PASSED] - navigateToUrl(University_HELP): Navigate to 'https://key:path@dev-rdistro-help-opm.pantheonsite.io/' successfully

25-10-2024T15:51:32 - [MESSAGE][PASSED] - Navigate to 'https://key:path@dev-rdistro-help-opm.pantheonsite.io/' successfully

25-10-2024T15:51:32 - [TEST_STEP][PASSED] - maximizeWindow(): Current window maximized

25-10-2024T15:51:32 - [MESSAGE][PASSED] - Current window maximized

25-10-2024T15:51:32 - [MESSAGE][PASSED] - Call Test Case 'Test Cases/APAC_Universities/SEO_PAGES/Help_University/Resuable_Testcases/Navigate_URL' successfully

25-10-2024T15:51:32 - [TEST_STEP][PASSED] - logger = new com.kms.katalon.core.logging.KeywordLogger(): null

25-10-2024T15:51:32 - [TEST_STEP][PASSED] - testObject = findTestObject("Object Repository/APAC_University/Help_University/Program_Info"): null

25-10-2024T15:51:32 - [TEST_STEP][PASSED] - isElementPresent = verifyElementPresent(testObject, 10, CONTINUE_ON_FAILURE): Object 'Object Repository/APAC_University/Help_University/Program_Info' is present

25-10-2024T15:51:33 - [MESSAGE][PASSED] - Object 'Object Repository/APAC_University/Help_University/Program_Info' is present

25-10-2024T15:51:33 - [TEST_STEP][PASSED] - if (isElementPresent): Scroll to object 'Object Repository/APAC_University/Help_University/Program_Info' successfully

25-10-2024T15:51:33 - [TEST_STEP][PASSED] - logger.logPassed("Element is present. Scrolling to the element."): Element is present. Scrolling to the element.

25-10-2024T15:51:33 - [MESSAGE][PASSED] - Element is present. Scrolling to the element.

25-10-2024T15:51:33 - [TEST_STEP][PASSED] - scrollToElement(testObject, 10): Scroll to object 'Object Repository/APAC_University/Help_University/Program_Info' successfully

25-10-2024T15:51:33 - [MESSAGE][PASSED] - Scroll to object 'Object Repository/APAC_University/Help_University/Program_Info' successfully

25-10-2024T15:51:33 - [TEST_STEP][PASSED] - callTestCase(findTestCase("Test Cases/APAC_Universities/SEO_PAGES/Help_University/Resuable_Testcases/Lead_Form"), [:], STOP_ON_FAILURE): Call Test Case 'Test Cases/APAC_Universities/SEO_PAGES/Help_University/Resuable_Testcases/Lead_Form' successfully

25-10-2024T15:51:33 - [TEST_CASE][PASSED] - Test Cases/APAC_Universities/SEO_PAGES/Help_University/Resuable_Testcases/Lead_Form: Test Cases/APAC_Universities/SEO_PAGES/Help_University/Resuable_Testcases/Lead_Form

25-10-2024T15:51:33 - [TEST_STEP][PASSED] - Email = keyPathPackage.customKeywords.generateRandomEmail(): keyPathPackage.customKeywords.generateRandomEmail is PASSED

25-10-2024T15:51:33 - [MESSAGE][PASSED] - keyPathPackage.customKeywords.generateRandomEmail is PASSED

25-10-2024T15:51:33 - [TEST_STEP][PASSED] - setText(findTestObject("Object Repository/APAC_University/Help_University/Field_Email"), Email): Text 'latoyia.ernser@yahoo.com' is set on object 'Object Repository/APAC_University/Help_University/Field_Email'

25-10-2024T15:51:34 - [MESSAGE][PASSED] - Text 'latoyia.ernser@yahoo.com' is set on object 'Object Repository/APAC_University/Help_University/Field_Email'

25-10-2024T15:51:34 - [TEST_STEP][PASSED] - Postcode = keyPathPackage.customKeywords.selectRandomPostCodes(): keyPathPackage.customKeywords.selectRandomPostCodes is PASSED

25-10-2024T15:51:34 - [MESSAGE][PASSED] - keyPathPackage.customKeywords.selectRandomPostCodes is PASSED

25-10-2024T15:51:34 - [TEST_STEP][PASSED] - setText(findTestObject("Object Repository/APAC_University/Help_University/Field_Postcode"), Postcode): Text '56112' is set on object 'Object Repository/APAC_University/Help_University/Field_Postcode'

25-10-2024T15:51:34 - [MESSAGE][PASSED] - Text '56112' is set on object 'Object Repository/APAC_University/Help_University/Field_Postcode'

25-10-2024T15:51:34 - [TEST_STEP][PASSED] - buttonObject = findTestObject("Object Repository/APAC_University/Help_University/Button_Nextstep1"): null

25-10-2024T15:51:35 - [TEST_STEP][PASSED] - mouseOver(buttonObject): Object: 'Object Repository/APAC_University/Help_University/Button_Nextstep1' is hovered

25-10-2024T15:51:35 - [MESSAGE][PASSED] - Object: 'Object Repository/APAC_University/Help_University/Button_Nextstep1' is hovered

25-10-2024T15:51:35 - [TEST_STEP][PASSED] - waitForElementClickable(findTestObject("Object Repository/APAC_University/Help_University/Button_Nextstep1"), 10): Object 'Object Repository/APAC_University/Help_University/Button_Nextstep1' is clickable

25-10-2024T15:51:35 - [MESSAGE][PASSED] - Object 'Object Repository/APAC_University/Help_University/Button_Nextstep1' is clickable

25-10-2024T15:51:35 - [TEST_STEP][PASSED] - click(findTestObject("Object Repository/APAC_University/Help_University/Button_Nextstep1")): Object: 'Object Repository/APAC_University/Help_University/Button_Nextstep1' is clicked on

25-10-2024T15:51:35 - [MESSAGE][PASSED] - Object: 'Object Repository/APAC_University/Help_University/Button_Nextstep1' is clicked on

25-10-2024T15:51:35 - [TEST_STEP][PASSED] - dropdown = findTestObject("Object Repository/APAC_University/Help_University/Dropdown_Highereducation"): null

25-10-2024T15:51:35 - [TEST_STEP][PASSED] - options = ["High school", "Diploma", "Bachelors degree", "Masters Degree"]: null

25-10-2024T15:51:35 - [TEST_STEP][PASSED] - randomOption = options[Random().nextInt(length)]: null

25-10-2024T15:51:35 - [TEST_STEP][PASSED] - selectOptionByValue(dropdown, randomOption, true): All options with value 'Diploma' are selected in object 'Object Repository/APAC_University/Help_University/Dropdown_Highereducation'  using regular expression

25-10-2024T15:51:37 - [MESSAGE][PASSED] - All options with value 'Diploma' are selected in object 'Object Repository/APAC_University/Help_University/Dropdown_Highereducation'  using regular expression

25-10-2024T15:51:37 - [TEST_STEP][PASSED] - if (randomOption.equals("Diploma")): All options with value 'Unsure' are selected in object 'Object Repository/APAC_University/Help_University/Dropdown_Apel'  using regular expression

25-10-2024T15:51:37 - [TEST_STEP][PASSED] - delay(3): Delayed 3 second(s)

25-10-2024T15:51:40 - [MESSAGE][PASSED] - Delayed 3 second(s)

25-10-2024T15:51:40 - [TEST_STEP][PASSED] - APELdropdown = findTestObject("Object Repository/APAC_University/Help_University/Dropdown_Apel"): null

25-10-2024T15:51:40 - [TEST_STEP][PASSED] - APELoptions = ["Yes", "No", "Unsure"]: null

25-10-2024T15:51:40 - [TEST_STEP][PASSED] - APELrandomOption = APELoptions[Random().nextInt(length)]: null

25-10-2024T15:51:40 - [TEST_STEP][PASSED] - selectOptionByValue(APELdropdown, APELrandomOption, true): All options with value 'Unsure' are selected in object 'Object Repository/APAC_University/Help_University/Dropdown_Apel'  using regular expression

25-10-2024T15:51:41 - [MESSAGE][PASSED] - All options with value 'Unsure' are selected in object 'Object Repository/APAC_University/Help_University/Dropdown_Apel'  using regular expression

25-10-2024T15:51:41 - [TEST_STEP][PASSED] - startdate = findTestObject("Object Repository/APAC_University/Help_University/Dropdown_Startdate"): null

25-10-2024T15:51:41 - [TEST_STEP][PASSED] - selectOptionByIndex(startdate, keyPathPackage.customKeywords.selectRandomOptionFromDropdown()): All options with index in [2] are selected on object 'Object Repository/APAC_University/Help_University/Dropdown_Startdate'

25-10-2024T15:51:41 - [MESSAGE][PASSED] - keyPathPackage.customKeywords.selectRandomOptionFromDropdown is PASSED

25-10-2024T15:51:42 - [MESSAGE][PASSED] - All options with index in [2] are selected on object 'Object Repository/APAC_University/Help_University/Dropdown_Startdate'

25-10-2024T15:51:42 - [TEST_STEP][PASSED] - Englishlevel = findTestObject("Object Repository/APAC_University/Help_University/Dropdown_Englishlevel"): null

25-10-2024T15:51:42 - [TEST_STEP][PASSED] - selectOptionByIndex(Englishlevel, keyPathPackage.customKeywords.selectRandomOptionFromDropdown()): All options with index in [1] are selected on object 'Object Repository/APAC_University/Help_University/Dropdown_Englishlevel'

25-10-2024T15:51:42 - [MESSAGE][PASSED] - keyPathPackage.customKeywords.selectRandomOptionFromDropdown is PASSED

25-10-2024T15:51:42 - [MESSAGE][PASSED] - All options with index in [1] are selected on object 'Object Repository/APAC_University/Help_University/Dropdown_Englishlevel'

25-10-2024T15:51:42 - [TEST_STEP][PASSED] - Workexperience = findTestObject("Object Repository/APAC_University/Help_University/Dropdown_Workexperience"): null

25-10-2024T15:51:42 - [TEST_STEP][PASSED] - selectOptionByIndex(Workexperience, keyPathPackage.customKeywords.selectRandomOptionFromDropdown()): All options with index in [2] are selected on object 'Object Repository/APAC_University/Help_University/Dropdown_Workexperience'

25-10-2024T15:51:42 - [MESSAGE][PASSED] - keyPathPackage.customKeywords.selectRandomOptionFromDropdown is PASSED

25-10-2024T15:51:43 - [MESSAGE][PASSED] - All options with index in [2] are selected on object 'Object Repository/APAC_University/Help_University/Dropdown_Workexperience'

25-10-2024T15:51:43 - [TEST_STEP][PASSED] - Enquiry = findTestObject("Object Repository/APAC_University/Help_University/Dropdown_Enquiry"): null

25-10-2024T15:51:43 - [TEST_STEP][PASSED] - selectOptionByIndex(Enquiry, keyPathPackage.customKeywords.selectRandomOptionFromDropdown()): All options with index in [2] are selected on object 'Object Repository/APAC_University/Help_University/Dropdown_Enquiry'

25-10-2024T15:51:43 - [MESSAGE][PASSED] - keyPathPackage.customKeywords.selectRandomOptionFromDropdown is PASSED

25-10-2024T15:51:44 - [MESSAGE][PASSED] - All options with index in [2] are selected on object 'Object Repository/APAC_University/Help_University/Dropdown_Enquiry'

25-10-2024T15:51:44 - [TEST_STEP][PASSED] - waitForElementClickable(findTestObject("Object Repository/APAC_University/Help_University/Button_Nextstep2"), 10): Object 'Object Repository/APAC_University/Help_University/Button_Nextstep2' is clickable

25-10-2024T15:51:44 - [MESSAGE][PASSED] - Object 'Object Repository/APAC_University/Help_University/Button_Nextstep2' is clickable

25-10-2024T15:51:44 - [TEST_STEP][PASSED] - click(findTestObject("Object Repository/APAC_University/Help_University/Button_Nextstep2")): Object: 'Object Repository/APAC_University/Help_University/Button_Nextstep2' is clicked on

25-10-2024T15:51:44 - [MESSAGE][PASSED] - Object: 'Object Repository/APAC_University/Help_University/Button_Nextstep2' is clicked on

25-10-2024T15:51:44 - [TEST_STEP][PASSED] - FirstName = keyPathPackage.customKeywords.generateRandomFirstName(): keyPathPackage.customKeywords.generateRandomFirstName is PASSED

25-10-2024T15:51:44 - [MESSAGE][PASSED] - keyPathPackage.customKeywords.generateRandomFirstName is PASSED

25-10-2024T15:51:44 - [TEST_STEP][PASSED] - setText(findTestObject("Object Repository/APAC_University/Help_University/Field_Firstname"), FirstName): Text 'Gayle' is set on object 'Object Repository/APAC_University/Help_University/Field_Firstname'

25-10-2024T15:51:46 - [MESSAGE][PASSED] - Text 'Gayle' is set on object 'Object Repository/APAC_University/Help_University/Field_Firstname'

25-10-2024T15:51:46 - [TEST_STEP][PASSED] - LastName = keyPathPackage.customKeywords.generateRandomLastName(): keyPathPackage.customKeywords.generateRandomLastName is PASSED

25-10-2024T15:51:46 - [MESSAGE][PASSED] - keyPathPackage.customKeywords.generateRandomLastName is PASSED

25-10-2024T15:51:46 - [TEST_STEP][PASSED] - setText(findTestObject("Object Repository/APAC_University/Help_University/Field_lastname"), LastName): Text 'Testing Baumbach' is set on object 'Object Repository/APAC_University/Help_University/Field_lastname'

25-10-2024T15:51:46 - [MESSAGE][PASSED] - Text 'Testing Baumbach' is set on object 'Object Repository/APAC_University/Help_University/Field_lastname'

25-10-2024T15:51:46 - [TEST_STEP][PASSED] - Phonenumber = keyPathPackage.customKeywords.generateRandomMalaysianPhoneNumber(): keyPathPackage.customKeywords.generateRandomMalaysianPhoneNumber is PASSED

25-10-2024T15:51:46 - [MESSAGE][PASSED] - keyPathPackage.customKeywords.generateRandomMalaysianPhoneNumber is PASSED

25-10-2024T15:51:46 - [TEST_STEP][PASSED] - setText(findTestObject("Object Repository/APAC_University/MBS_University/Degree Program/Field_Phonenumber"), Phonenumber): Text '121543226' is set on object 'Object Repository/APAC_University/MBS_University/Degree Program/Field_Phonenumber'

25-10-2024T15:51:46 - [MESSAGE][PASSED] - Text '121543226' is set on object 'Object Repository/APAC_University/MBS_University/Degree Program/Field_Phonenumber'

25-10-2024T15:51:46 - [TEST_STEP][PASSED] - waitForElementClickable(findTestObject("Object Repository/APAC_University/Help_University/Button_Submit"), 10): Object 'Object Repository/APAC_University/Help_University/Button_Submit' is clickable

25-10-2024T15:51:47 - [MESSAGE][PASSED] - Object 'Object Repository/APAC_University/Help_University/Button_Submit' is clickable

25-10-2024T15:51:47 - [TEST_STEP][PASSED] - click(findTestObject("Object Repository/APAC_University/Help_University/Button_Submit")): Object: 'Object Repository/APAC_University/Help_University/Button_Submit' is clicked on

25-10-2024T15:51:47 - [MESSAGE][PASSED] - Object: 'Object Repository/APAC_University/Help_University/Button_Submit' is clicked on

25-10-2024T15:51:47 - [MESSAGE][PASSED] - Call Test Case 'Test Cases/APAC_Universities/SEO_PAGES/Help_University/Resuable_Testcases/Lead_Form' successfully]]></system-out>
         <system-err><![CDATA[]]></system-err>
      </testcase>
      <testcase name="Test Cases/APAC_Universities/SEO_PAGES/Help_University/Enquiry_Now" time="15.8" classname="Test Cases/APAC_Universities/SEO_PAGES/Help_University/Enquiry_Now" status="PASSED">
         <system-out><![CDATA[25-10-2024T15:51:47 - [TEST_CASE][PASSED] - Test Cases/APAC_Universities/SEO_PAGES/Help_University/Enquiry_Now: Test Cases/APAC_Universities/SEO_PAGES/Help_University/Enquiry_Now

25-10-2024T15:51:47 - [TEST_STEP][PASSED] - waitForElementClickable(findTestObject("Object Repository/APAC_University/Help_University/Button_Enquirenow"), 10): Object 'Object Repository/APAC_University/Help_University/Button_Enquirenow' is clickable

25-10-2024T15:51:50 - [MESSAGE][PASSED] - Object 'Object Repository/APAC_University/Help_University/Button_Enquirenow' is clickable

25-10-2024T15:51:50 - [TEST_STEP][PASSED] - click(findTestObject("Object Repository/APAC_University/Help_University/Button_Enquirenow")): Object: 'Object Repository/APAC_University/Help_University/Button_Enquirenow' is clicked on

25-10-2024T15:51:53 - [MESSAGE][PASSED] - Object: 'Object Repository/APAC_University/Help_University/Button_Enquirenow' is clicked on

25-10-2024T15:51:53 - [TEST_STEP][PASSED] - callTestCase(findTestCase("Test Cases/APAC_Universities/SEO_PAGES/Help_University/Resuable_Testcases/Lead_Form"), [:], STOP_ON_FAILURE): Call Test Case 'Test Cases/APAC_Universities/SEO_PAGES/Help_University/Resuable_Testcases/Lead_Form' successfully

25-10-2024T15:51:53 - [TEST_CASE][PASSED] - Test Cases/APAC_Universities/SEO_PAGES/Help_University/Resuable_Testcases/Lead_Form: Test Cases/APAC_Universities/SEO_PAGES/Help_University/Resuable_Testcases/Lead_Form

25-10-2024T15:51:53 - [TEST_STEP][PASSED] - Email = keyPathPackage.customKeywords.generateRandomEmail(): keyPathPackage.customKeywords.generateRandomEmail is PASSED

25-10-2024T15:51:53 - [MESSAGE][PASSED] - keyPathPackage.customKeywords.generateRandomEmail is PASSED

25-10-2024T15:51:53 - [TEST_STEP][PASSED] - setText(findTestObject("Object Repository/APAC_University/Help_University/Field_Email"), Email): Text 'daina.yost@yahoo.com' is set on object 'Object Repository/APAC_University/Help_University/Field_Email'

25-10-2024T15:51:53 - [MESSAGE][PASSED] - Text 'daina.yost@yahoo.com' is set on object 'Object Repository/APAC_University/Help_University/Field_Email'

25-10-2024T15:51:53 - [TEST_STEP][PASSED] - Postcode = keyPathPackage.customKeywords.selectRandomPostCodes(): keyPathPackage.customKeywords.selectRandomPostCodes is PASSED

25-10-2024T15:51:53 - [MESSAGE][PASSED] - keyPathPackage.customKeywords.selectRandomPostCodes is PASSED

25-10-2024T15:51:53 - [TEST_STEP][PASSED] - setText(findTestObject("Object Repository/APAC_University/Help_University/Field_Postcode"), Postcode): Text '48819' is set on object 'Object Repository/APAC_University/Help_University/Field_Postcode'

25-10-2024T15:51:54 - [MESSAGE][PASSED] - Text '48819' is set on object 'Object Repository/APAC_University/Help_University/Field_Postcode'

25-10-2024T15:51:54 - [TEST_STEP][PASSED] - buttonObject = findTestObject("Object Repository/APAC_University/Help_University/Button_Nextstep1"): null

25-10-2024T15:51:54 - [TEST_STEP][PASSED] - mouseOver(buttonObject): Object: 'Object Repository/APAC_University/Help_University/Button_Nextstep1' is hovered

25-10-2024T15:51:55 - [MESSAGE][PASSED] - Object: 'Object Repository/APAC_University/Help_University/Button_Nextstep1' is hovered

25-10-2024T15:51:55 - [TEST_STEP][PASSED] - waitForElementClickable(findTestObject("Object Repository/APAC_University/Help_University/Button_Nextstep1"), 10): Object 'Object Repository/APAC_University/Help_University/Button_Nextstep1' is clickable

25-10-2024T15:51:55 - [MESSAGE][PASSED] - Object 'Object Repository/APAC_University/Help_University/Button_Nextstep1' is clickable

25-10-2024T15:51:55 - [TEST_STEP][PASSED] - click(findTestObject("Object Repository/APAC_University/Help_University/Button_Nextstep1")): Object: 'Object Repository/APAC_University/Help_University/Button_Nextstep1' is clicked on

25-10-2024T15:51:55 - [MESSAGE][PASSED] - Object: 'Object Repository/APAC_University/Help_University/Button_Nextstep1' is clicked on

25-10-2024T15:51:55 - [TEST_STEP][PASSED] - dropdown = findTestObject("Object Repository/APAC_University/Help_University/Dropdown_Highereducation"): null

25-10-2024T15:51:55 - [TEST_STEP][PASSED] - options = ["High school", "Diploma", "Bachelors degree", "Masters Degree"]: null

25-10-2024T15:51:55 - [TEST_STEP][PASSED] - randomOption = options[Random().nextInt(length)]: null

25-10-2024T15:51:55 - [TEST_STEP][PASSED] - selectOptionByValue(dropdown, randomOption, true): All options with value 'High school' are selected in object 'Object Repository/APAC_University/Help_University/Dropdown_Highereducation'  using regular expression

25-10-2024T15:51:57 - [MESSAGE][PASSED] - All options with value 'High school' are selected in object 'Object Repository/APAC_University/Help_University/Dropdown_Highereducation'  using regular expression

25-10-2024T15:51:57 - [TEST_STEP][PASSED] - if (randomOption.equals("Diploma")): null

25-10-2024T15:51:57 - [TEST_STEP][PASSED] - startdate = findTestObject("Object Repository/APAC_University/Help_University/Dropdown_Startdate"): null

25-10-2024T15:51:57 - [TEST_STEP][PASSED] - selectOptionByIndex(startdate, keyPathPackage.customKeywords.selectRandomOptionFromDropdown()): All options with index in [2] are selected on object 'Object Repository/APAC_University/Help_University/Dropdown_Startdate'

25-10-2024T15:51:57 - [MESSAGE][PASSED] - keyPathPackage.customKeywords.selectRandomOptionFromDropdown is PASSED

25-10-2024T15:51:57 - [MESSAGE][PASSED] - All options with index in [2] are selected on object 'Object Repository/APAC_University/Help_University/Dropdown_Startdate'

25-10-2024T15:51:57 - [TEST_STEP][PASSED] - Englishlevel = findTestObject("Object Repository/APAC_University/Help_University/Dropdown_Englishlevel"): null

25-10-2024T15:51:57 - [TEST_STEP][PASSED] - selectOptionByIndex(Englishlevel, keyPathPackage.customKeywords.selectRandomOptionFromDropdown()): All options with index in [2] are selected on object 'Object Repository/APAC_University/Help_University/Dropdown_Englishlevel'

25-10-2024T15:51:57 - [MESSAGE][PASSED] - keyPathPackage.customKeywords.selectRandomOptionFromDropdown is PASSED

25-10-2024T15:51:58 - [MESSAGE][PASSED] - All options with index in [2] are selected on object 'Object Repository/APAC_University/Help_University/Dropdown_Englishlevel'

25-10-2024T15:51:58 - [TEST_STEP][PASSED] - Workexperience = findTestObject("Object Repository/APAC_University/Help_University/Dropdown_Workexperience"): null

25-10-2024T15:51:58 - [TEST_STEP][PASSED] - selectOptionByIndex(Workexperience, keyPathPackage.customKeywords.selectRandomOptionFromDropdown()): All options with index in [1] are selected on object 'Object Repository/APAC_University/Help_University/Dropdown_Workexperience'

25-10-2024T15:51:58 - [MESSAGE][PASSED] - keyPathPackage.customKeywords.selectRandomOptionFromDropdown is PASSED

25-10-2024T15:51:59 - [MESSAGE][PASSED] - All options with index in [1] are selected on object 'Object Repository/APAC_University/Help_University/Dropdown_Workexperience'

25-10-2024T15:51:59 - [TEST_STEP][PASSED] - Enquiry = findTestObject("Object Repository/APAC_University/Help_University/Dropdown_Enquiry"): null

25-10-2024T15:51:59 - [TEST_STEP][PASSED] - selectOptionByIndex(Enquiry, keyPathPackage.customKeywords.selectRandomOptionFromDropdown()): All options with index in [1] are selected on object 'Object Repository/APAC_University/Help_University/Dropdown_Enquiry'

25-10-2024T15:51:59 - [MESSAGE][PASSED] - keyPathPackage.customKeywords.selectRandomOptionFromDropdown is PASSED

25-10-2024T15:51:59 - [MESSAGE][PASSED] - All options with index in [1] are selected on object 'Object Repository/APAC_University/Help_University/Dropdown_Enquiry'

25-10-2024T15:51:59 - [TEST_STEP][PASSED] - waitForElementClickable(findTestObject("Object Repository/APAC_University/Help_University/Button_Nextstep2"), 10): Object 'Object Repository/APAC_University/Help_University/Button_Nextstep2' is clickable

25-10-2024T15:52:00 - [MESSAGE][PASSED] - Object 'Object Repository/APAC_University/Help_University/Button_Nextstep2' is clickable

25-10-2024T15:52:00 - [TEST_STEP][PASSED] - click(findTestObject("Object Repository/APAC_University/Help_University/Button_Nextstep2")): Object: 'Object Repository/APAC_University/Help_University/Button_Nextstep2' is clicked on

25-10-2024T15:52:00 - [MESSAGE][PASSED] - Object: 'Object Repository/APAC_University/Help_University/Button_Nextstep2' is clicked on

25-10-2024T15:52:00 - [TEST_STEP][PASSED] - FirstName = keyPathPackage.customKeywords.generateRandomFirstName(): keyPathPackage.customKeywords.generateRandomFirstName is PASSED

25-10-2024T15:52:00 - [MESSAGE][PASSED] - keyPathPackage.customKeywords.generateRandomFirstName is PASSED

25-10-2024T15:52:00 - [TEST_STEP][PASSED] - setText(findTestObject("Object Repository/APAC_University/Help_University/Field_Firstname"), FirstName): Text 'Josefina' is set on object 'Object Repository/APAC_University/Help_University/Field_Firstname'

25-10-2024T15:52:01 - [MESSAGE][PASSED] - Text 'Josefina' is set on object 'Object Repository/APAC_University/Help_University/Field_Firstname'

25-10-2024T15:52:01 - [TEST_STEP][PASSED] - LastName = keyPathPackage.customKeywords.generateRandomLastName(): keyPathPackage.customKeywords.generateRandomLastName is PASSED

25-10-2024T15:52:01 - [MESSAGE][PASSED] - keyPathPackage.customKeywords.generateRandomLastName is PASSED

25-10-2024T15:52:01 - [TEST_STEP][PASSED] - setText(findTestObject("Object Repository/APAC_University/Help_University/Field_lastname"), LastName): Text 'Testing Halvorson' is set on object 'Object Repository/APAC_University/Help_University/Field_lastname'

25-10-2024T15:52:02 - [MESSAGE][PASSED] - Text 'Testing Halvorson' is set on object 'Object Repository/APAC_University/Help_University/Field_lastname'

25-10-2024T15:52:02 - [TEST_STEP][PASSED] - Phonenumber = keyPathPackage.customKeywords.generateRandomMalaysianPhoneNumber(): keyPathPackage.customKeywords.generateRandomMalaysianPhoneNumber is PASSED

25-10-2024T15:52:02 - [MESSAGE][PASSED] - keyPathPackage.customKeywords.generateRandomMalaysianPhoneNumber is PASSED

25-10-2024T15:52:02 - [TEST_STEP][PASSED] - setText(findTestObject("Object Repository/APAC_University/MBS_University/Degree Program/Field_Phonenumber"), Phonenumber): Text '121610594' is set on object 'Object Repository/APAC_University/MBS_University/Degree Program/Field_Phonenumber'

25-10-2024T15:52:02 - [MESSAGE][PASSED] - Text '121610594' is set on object 'Object Repository/APAC_University/MBS_University/Degree Program/Field_Phonenumber'

25-10-2024T15:52:02 - [TEST_STEP][PASSED] - waitForElementClickable(findTestObject("Object Repository/APAC_University/Help_University/Button_Submit"), 10): Object 'Object Repository/APAC_University/Help_University/Button_Submit' is clickable

25-10-2024T15:52:03 - [MESSAGE][PASSED] - Object 'Object Repository/APAC_University/Help_University/Button_Submit' is clickable

25-10-2024T15:52:03 - [TEST_STEP][PASSED] - click(findTestObject("Object Repository/APAC_University/Help_University/Button_Submit")): Object: 'Object Repository/APAC_University/Help_University/Button_Submit' is clicked on

25-10-2024T15:52:03 - [MESSAGE][PASSED] - Object: 'Object Repository/APAC_University/Help_University/Button_Submit' is clicked on

25-10-2024T15:52:03 - [MESSAGE][PASSED] - Call Test Case 'Test Cases/APAC_Universities/SEO_PAGES/Help_University/Resuable_Testcases/Lead_Form' successfully

25-10-2024T15:52:03 - [TEST_STEP][PASSED] - closeBrowser(): Browser is closed

25-10-2024T15:52:03 - [MESSAGE][PASSED] - Browser is closed]]></system-out>
         <system-err><![CDATA[]]></system-err>
      </testcase>
      <testcase name="Test Cases/APAC_Universities/SEO_PAGES/Sunway_University/Main_Page" time="40.292" classname="Test Cases/APAC_Universities/SEO_PAGES/Sunway_University/Main_Page" status="PASSED">
         <system-out><![CDATA[25-10-2024T15:52:03 - [TEST_CASE][PASSED] - Test Cases/APAC_Universities/SEO_PAGES/Sunway_University/Main_Page: Test Cases/APAC_Universities/SEO_PAGES/Sunway_University/Main_Page

25-10-2024T15:52:03 - [TEST_STEP][PASSED] - callTestCase(findTestCase("Test Cases/APAC_Universities/SEO_PAGES/Sunway_University/Resuable_Testcases/Navigate_To_URL"), [:], STOP_ON_FAILURE): Call Test Case 'Test Cases/APAC_Universities/SEO_PAGES/Sunway_University/Resuable_Testcases/Navigate_To_URL' successfully

25-10-2024T15:52:03 - [TEST_CASE][PASSED] - Test Cases/APAC_Universities/SEO_PAGES/Sunway_University/Resuable_Testcases/Navigate_To_URL: Test Cases/APAC_Universities/SEO_PAGES/Sunway_University/Resuable_Testcases/Navigate_To_URL

25-10-2024T15:52:03 - [TEST_STEP][PASSED] - openBrowser(""): Browser is opened with url: ''

25-10-2024T15:52:03 - [MESSAGE][INFO] - Starting 'Chrome' driver

25-10-2024T15:52:03 - [MESSAGE][INFO] - Action delay is set to 0 milliseconds

25-10-2024T15:52:04 - [MESSAGE][PASSED] - Browser is opened with url: ''

25-10-2024T15:52:04 - [TEST_STEP][PASSED] - navigateToUrl(University_SUN): Navigate to 'https://key:path@dev-sun-opm.pantheonsite.io/' successfully

25-10-2024T15:52:19 - [MESSAGE][PASSED] - Navigate to 'https://key:path@dev-sun-opm.pantheonsite.io/' successfully

25-10-2024T15:52:19 - [TEST_STEP][PASSED] - maximizeWindow(): Current window maximized

25-10-2024T15:52:19 - [MESSAGE][PASSED] - Current window maximized

25-10-2024T15:52:19 - [MESSAGE][PASSED] - Call Test Case 'Test Cases/APAC_Universities/SEO_PAGES/Sunway_University/Resuable_Testcases/Navigate_To_URL' successfully

25-10-2024T15:52:19 - [TEST_STEP][PASSED] - callTestCase(findTestCase("Test Cases/APAC_Universities/SEO_PAGES/Sunway_University/Resuable_Testcases/Lead_Form"), [:], STOP_ON_FAILURE): Call Test Case 'Test Cases/APAC_Universities/SEO_PAGES/Sunway_University/Resuable_Testcases/Lead_Form' successfully

25-10-2024T15:52:19 - [TEST_CASE][PASSED] - Test Cases/APAC_Universities/SEO_PAGES/Sunway_University/Resuable_Testcases/Lead_Form: Test Cases/APAC_Universities/SEO_PAGES/Sunway_University/Resuable_Testcases/Lead_Form

25-10-2024T15:52:19 - [TEST_STEP][PASSED] - selectTestObject = findTestObject("Object Repository/APAC_University/SUN_University/Dropdown_Program"): null

25-10-2024T15:52:19 - [TEST_STEP][PASSED] - selectElement = findWebElement(selectTestObject, 0): Found web element by test object Object Repository/APAC_University/SUN_University/Dropdown_Program

25-10-2024T15:52:19 - [MESSAGE][WARNING] - Timeout '0' is invalid. Using default page load timeout: '30'

25-10-2024T15:52:20 - [MESSAGE][PASSED] - Found web element by test object Object Repository/APAC_University/SUN_University/Dropdown_Program

25-10-2024T15:52:20 - [TEST_STEP][PASSED] - select = new org.openqa.selenium.support.ui.Select(selectElement): null

25-10-2024T15:52:20 - [TEST_STEP][PASSED] - optionsrandom = select.getOptions(): null

25-10-2024T15:52:21 - [TEST_STEP][PASSED] - validOptions = optionsrandom.findAll({ -> ... }): null

25-10-2024T15:52:21 - [TEST_STEP][PASSED] - randomdropdown = new java.util.Random(): null

25-10-2024T15:52:21 - [TEST_STEP][PASSED] - randomOptiondropdown = validOptions[randomdropdown.nextInt(validOptions.size())]: null

25-10-2024T15:52:21 - [TEST_STEP][PASSED] - select.selectByValue(randomOptiondropdown.getAttribute("value")): null

25-10-2024T15:52:23 - [TEST_STEP][PASSED] - Email = keyPathPackage.customKeywords.generateRandomEmail(): keyPathPackage.customKeywords.generateRandomEmail is PASSED

25-10-2024T15:52:23 - [MESSAGE][PASSED] - keyPathPackage.customKeywords.generateRandomEmail is PASSED

25-10-2024T15:52:23 - [TEST_STEP][PASSED] - setText(findTestObject("Object Repository/APAC_University/SUN_University/Field_Email"), Email): Text 'pasquale.schinner@gmail.com' is set on object 'Object Repository/APAC_University/SUN_University/Field_Email'

25-10-2024T15:52:23 - [MESSAGE][PASSED] - Text 'pasquale.schinner@gmail.com' is set on object 'Object Repository/APAC_University/SUN_University/Field_Email'

25-10-2024T15:52:23 - [TEST_STEP][PASSED] - Postcode = keyPathPackage.customKeywords.selectRandomPostCodes(): keyPathPackage.customKeywords.selectRandomPostCodes is PASSED

25-10-2024T15:52:23 - [MESSAGE][PASSED] - keyPathPackage.customKeywords.selectRandomPostCodes is PASSED

25-10-2024T15:52:23 - [TEST_STEP][PASSED] - setText(findTestObject("Object Repository/APAC_University/SUN_University/Field_Postcode"), Postcode): Text '60015' is set on object 'Object Repository/APAC_University/SUN_University/Field_Postcode'

25-10-2024T15:52:24 - [MESSAGE][PASSED] - Text '60015' is set on object 'Object Repository/APAC_University/SUN_University/Field_Postcode'

25-10-2024T15:52:24 - [TEST_STEP][PASSED] - waitForElementClickable(findTestObject("Object Repository/APAC_University/SUN_University/Button_Nextstep1"), 10): Object 'Object Repository/APAC_University/SUN_University/Button_Nextstep1' is clickable

25-10-2024T15:52:24 - [MESSAGE][PASSED] - Object 'Object Repository/APAC_University/SUN_University/Button_Nextstep1' is clickable

25-10-2024T15:52:24 - [TEST_STEP][PASSED] - click(findTestObject("Object Repository/APAC_University/SUN_University/Button_Nextstep1")): Object: 'Object Repository/APAC_University/SUN_University/Button_Nextstep1' is clicked on

25-10-2024T15:52:25 - [MESSAGE][PASSED] - Object: 'Object Repository/APAC_University/SUN_University/Button_Nextstep1' is clicked on

25-10-2024T15:52:25 - [TEST_STEP][PASSED] - dropdown = findTestObject("Object Repository/APAC_University/SUN_University/Dropdown_highereducation"): null

25-10-2024T15:52:25 - [TEST_STEP][PASSED] - options = ["High school", "Diploma", "Bachelors degree", "Masters Degree"]: null

25-10-2024T15:52:25 - [TEST_STEP][PASSED] - randomOption = options[Random().nextInt(length)]: null

25-10-2024T15:52:25 - [TEST_STEP][PASSED] - selectOptionByValue(dropdown, randomOption, true): All options with value 'Diploma' are selected in object 'Object Repository/APAC_University/SUN_University/Dropdown_highereducation'  using regular expression

25-10-2024T15:52:26 - [MESSAGE][PASSED] - All options with value 'Diploma' are selected in object 'Object Repository/APAC_University/SUN_University/Dropdown_highereducation'  using regular expression

25-10-2024T15:52:26 - [TEST_STEP][PASSED] - if (randomOption.equals("Diploma")): All options with value 'Yes' are selected in object 'Object Repository/APAC_University/SUN_University/Dropdown_APEL'  using regular expression

25-10-2024T15:52:26 - [TEST_STEP][PASSED] - delay(3): Delayed 3 second(s)

25-10-2024T15:52:29 - [MESSAGE][PASSED] - Delayed 3 second(s)

25-10-2024T15:52:29 - [TEST_STEP][PASSED] - APELdropdown = findTestObject("Object Repository/APAC_University/SUN_University/Dropdown_APEL"): null

25-10-2024T15:52:29 - [TEST_STEP][PASSED] - APELoptions = ["Yes", "No", "Unsure"]: null

25-10-2024T15:52:29 - [TEST_STEP][PASSED] - APELrandomOption = APELoptions[Random().nextInt(length)]: null

25-10-2024T15:52:29 - [TEST_STEP][PASSED] - selectOptionByValue(APELdropdown, APELrandomOption, true): All options with value 'Yes' are selected in object 'Object Repository/APAC_University/SUN_University/Dropdown_APEL'  using regular expression

25-10-2024T15:52:29 - [MESSAGE][PASSED] - All options with value 'Yes' are selected in object 'Object Repository/APAC_University/SUN_University/Dropdown_APEL'  using regular expression

25-10-2024T15:52:29 - [TEST_STEP][PASSED] - startdate = findTestObject("Object Repository/APAC_University/SUN_University/Dropdown_Startdate"): null

25-10-2024T15:52:29 - [TEST_STEP][PASSED] - selectOptionByIndex(startdate, keyPathPackage.customKeywords.selectRandomOptionFromDropdown()): All options with index in [1] are selected on object 'Object Repository/APAC_University/SUN_University/Dropdown_Startdate'

25-10-2024T15:52:29 - [MESSAGE][PASSED] - keyPathPackage.customKeywords.selectRandomOptionFromDropdown is PASSED

25-10-2024T15:52:30 - [MESSAGE][PASSED] - All options with index in [1] are selected on object 'Object Repository/APAC_University/SUN_University/Dropdown_Startdate'

25-10-2024T15:52:30 - [TEST_STEP][PASSED] - Englishlevel = findTestObject("Object Repository/APAC_University/SUN_University/Dropdown_Englishlevel"): null

25-10-2024T15:52:30 - [TEST_STEP][PASSED] - selectOptionByIndex(Englishlevel, keyPathPackage.customKeywords.selectRandomOptionFromDropdown()): All options with index in [1] are selected on object 'Object Repository/APAC_University/SUN_University/Dropdown_Englishlevel'

25-10-2024T15:52:30 - [MESSAGE][PASSED] - keyPathPackage.customKeywords.selectRandomOptionFromDropdown is PASSED

25-10-2024T15:52:31 - [MESSAGE][PASSED] - All options with index in [1] are selected on object 'Object Repository/APAC_University/SUN_University/Dropdown_Englishlevel'

25-10-2024T15:52:31 - [TEST_STEP][PASSED] - Workexperience = findTestObject("Object Repository/APAC_University/SUN_University/Dropdown_Workexperience"): null

25-10-2024T15:52:31 - [TEST_STEP][PASSED] - selectOptionByIndex(Workexperience, keyPathPackage.customKeywords.selectRandomOptionFromDropdown()): All options with index in [1] are selected on object 'Object Repository/APAC_University/SUN_University/Dropdown_Workexperience'

25-10-2024T15:52:31 - [MESSAGE][PASSED] - keyPathPackage.customKeywords.selectRandomOptionFromDropdown is PASSED

25-10-2024T15:52:32 - [MESSAGE][PASSED] - All options with index in [1] are selected on object 'Object Repository/APAC_University/SUN_University/Dropdown_Workexperience'

25-10-2024T15:52:32 - [TEST_STEP][PASSED] - Enquiry = findTestObject("Object Repository/APAC_University/SUN_University/Dropdown_Enquiry"): null

25-10-2024T15:52:32 - [TEST_STEP][PASSED] - selectOptionByIndex(Enquiry, keyPathPackage.customKeywords.selectRandomOptionFromDropdown()): All options with index in [2] are selected on object 'Object Repository/APAC_University/SUN_University/Dropdown_Enquiry'

25-10-2024T15:52:32 - [MESSAGE][PASSED] - keyPathPackage.customKeywords.selectRandomOptionFromDropdown is PASSED

25-10-2024T15:52:32 - [MESSAGE][PASSED] - All options with index in [2] are selected on object 'Object Repository/APAC_University/SUN_University/Dropdown_Enquiry'

25-10-2024T15:52:32 - [TEST_STEP][PASSED] - waitForElementClickable(findTestObject("Object Repository/APAC_University/SUN_University/Button_Nextstep2"), 10): Object 'Object Repository/APAC_University/SUN_University/Button_Nextstep2' is clickable

25-10-2024T15:52:32 - [MESSAGE][PASSED] - Object 'Object Repository/APAC_University/SUN_University/Button_Nextstep2' is clickable

25-10-2024T15:52:32 - [TEST_STEP][PASSED] - click(findTestObject("Object Repository/APAC_University/SUN_University/Button_Nextstep2")): Object: 'Object Repository/APAC_University/SUN_University/Button_Nextstep2' is clicked on

25-10-2024T15:52:33 - [MESSAGE][PASSED] - Object: 'Object Repository/APAC_University/SUN_University/Button_Nextstep2' is clicked on

25-10-2024T15:52:33 - [TEST_STEP][PASSED] - delay(5): Delayed 5 second(s)

25-10-2024T15:52:38 - [MESSAGE][PASSED] - Delayed 5 second(s)

25-10-2024T15:52:38 - [TEST_STEP][PASSED] - waitForElementPresent(findTestObject("Object Repository/APAC_University/SUN_University/Field_Firstname"), 10): Object 'Object Repository/APAC_University/SUN_University/Field_Firstname' is present

25-10-2024T15:52:38 - [MESSAGE][PASSED] - Object 'Object Repository/APAC_University/SUN_University/Field_Firstname' is present

25-10-2024T15:52:38 - [TEST_STEP][PASSED] - FirstName = keyPathPackage.customKeywords.generateRandomFirstName(): keyPathPackage.customKeywords.generateRandomFirstName is PASSED

25-10-2024T15:52:38 - [MESSAGE][PASSED] - keyPathPackage.customKeywords.generateRandomFirstName is PASSED

25-10-2024T15:52:38 - [TEST_STEP][PASSED] - setText(findTestObject("Object Repository/APAC_University/SUN_University/Field_Firstname"), FirstName): Text 'Lynn' is set on object 'Object Repository/APAC_University/SUN_University/Field_Firstname'

25-10-2024T15:52:39 - [MESSAGE][PASSED] - Text 'Lynn' is set on object 'Object Repository/APAC_University/SUN_University/Field_Firstname'

25-10-2024T15:52:39 - [TEST_STEP][PASSED] - LastName = keyPathPackage.customKeywords.generateRandomLastName(): keyPathPackage.customKeywords.generateRandomLastName is PASSED

25-10-2024T15:52:39 - [MESSAGE][PASSED] - keyPathPackage.customKeywords.generateRandomLastName is PASSED

25-10-2024T15:52:39 - [TEST_STEP][PASSED] - setText(findTestObject("Object Repository/APAC_University/SUN_University/Field_lastname"), LastName): Text 'Testing Bruen' is set on object 'Object Repository/APAC_University/SUN_University/Field_lastname'

25-10-2024T15:52:39 - [MESSAGE][PASSED] - Text 'Testing Bruen' is set on object 'Object Repository/APAC_University/SUN_University/Field_lastname'

25-10-2024T15:52:39 - [TEST_STEP][PASSED] - Phonenumber = keyPathPackage.customKeywords.generateRandomMalaysianPhoneNumber(): keyPathPackage.customKeywords.generateRandomMalaysianPhoneNumber is PASSED

25-10-2024T15:52:39 - [MESSAGE][PASSED] - keyPathPackage.customKeywords.generateRandomMalaysianPhoneNumber is PASSED

25-10-2024T15:52:39 - [TEST_STEP][PASSED] - setText(findTestObject("Object Repository/APAC_University/SUN_University/Field_Phonenumber"), Phonenumber): Text '129638112' is set on object 'Object Repository/APAC_University/SUN_University/Field_Phonenumber'

25-10-2024T15:52:40 - [MESSAGE][PASSED] - Text '129638112' is set on object 'Object Repository/APAC_University/SUN_University/Field_Phonenumber'

25-10-2024T15:52:40 - [TEST_STEP][PASSED] - waitForElementClickable(findTestObject("Object Repository/APAC_University/SUN_University/Button_Submit"), 10): Object 'Object Repository/APAC_University/SUN_University/Button_Submit' is clickable

25-10-2024T15:52:40 - [MESSAGE][PASSED] - Object 'Object Repository/APAC_University/SUN_University/Button_Submit' is clickable

25-10-2024T15:52:40 - [TEST_STEP][PASSED] - click(findTestObject("Object Repository/APAC_University/SUN_University/Button_Submit")): Object: 'Object Repository/APAC_University/SUN_University/Button_Submit' is clicked on

25-10-2024T15:52:40 - [MESSAGE][PASSED] - Object: 'Object Repository/APAC_University/SUN_University/Button_Submit' is clicked on

25-10-2024T15:52:40 - [TEST_STEP][PASSED] - delay(3): Delayed 3 second(s)

25-10-2024T15:52:43 - [MESSAGE][PASSED] - Delayed 3 second(s)

25-10-2024T15:52:43 - [MESSAGE][PASSED] - Call Test Case 'Test Cases/APAC_Universities/SEO_PAGES/Sunway_University/Resuable_Testcases/Lead_Form' successfully]]></system-out>
         <system-err><![CDATA[]]></system-err>
      </testcase>
      <testcase name="Test Cases/APAC_Universities/SEO_PAGES/Sunway_University/Enquiry_Now" time="21.198" classname="Test Cases/APAC_Universities/SEO_PAGES/Sunway_University/Enquiry_Now" status="PASSED">
         <system-out><![CDATA[25-10-2024T15:52:43 - [TEST_CASE][PASSED] - Test Cases/APAC_Universities/SEO_PAGES/Sunway_University/Enquiry_Now: Test Cases/APAC_Universities/SEO_PAGES/Sunway_University/Enquiry_Now

25-10-2024T15:52:43 - [TEST_STEP][PASSED] - callTestCase(findTestCase("Test Cases/APAC_Universities/SEO_PAGES/Sunway_University/Resuable_Testcases/Navigate_to_Homepage"), [:], STOP_ON_FAILURE): Call Test Case 'Test Cases/APAC_Universities/SEO_PAGES/Sunway_University/Resuable_Testcases/Navigate_to_Homepage' successfully

25-10-2024T15:52:43 - [TEST_CASE][PASSED] - Test Cases/APAC_Universities/SEO_PAGES/Sunway_University/Resuable_Testcases/Navigate_to_Homepage: Test Cases/APAC_Universities/SEO_PAGES/Sunway_University/Resuable_Testcases/Navigate_to_Homepage

25-10-2024T15:52:43 - [TEST_STEP][PASSED] - waitForElementClickable(findTestObject("Object Repository/APAC_University/SUN_University/Button_Homepage"), 10): Object 'Object Repository/APAC_University/SUN_University/Button_Homepage' is clickable

25-10-2024T15:52:44 - [MESSAGE][PASSED] - Object 'Object Repository/APAC_University/SUN_University/Button_Homepage' is clickable

25-10-2024T15:52:44 - [TEST_STEP][PASSED] - click(findTestObject("Object Repository/APAC_University/SUN_University/Button_Homepage")): Object: 'Object Repository/APAC_University/SUN_University/Button_Homepage' is clicked on

25-10-2024T15:52:45 - [MESSAGE][PASSED] - Object: 'Object Repository/APAC_University/SUN_University/Button_Homepage' is clicked on

25-10-2024T15:52:45 - [MESSAGE][PASSED] - Call Test Case 'Test Cases/APAC_Universities/SEO_PAGES/Sunway_University/Resuable_Testcases/Navigate_to_Homepage' successfully

25-10-2024T15:52:45 - [TEST_STEP][PASSED] - waitForElementClickable(findTestObject("Object Repository/APAC_University/SUN_University/Button_EnquireNow"), 10): Object 'Object Repository/APAC_University/SUN_University/Button_EnquireNow' is clickable

25-10-2024T15:52:45 - [MESSAGE][PASSED] - Object 'Object Repository/APAC_University/SUN_University/Button_EnquireNow' is clickable

25-10-2024T15:52:45 - [TEST_STEP][PASSED] - click(findTestObject("Object Repository/APAC_University/SUN_University/Button_EnquireNow")): Object: 'Object Repository/APAC_University/SUN_University/Button_EnquireNow' is clicked on

25-10-2024T15:52:46 - [MESSAGE][PASSED] - Object: 'Object Repository/APAC_University/SUN_University/Button_EnquireNow' is clicked on

25-10-2024T15:52:46 - [TEST_STEP][PASSED] - callTestCase(findTestCase("Test Cases/APAC_Universities/SEO_PAGES/Sunway_University/Resuable_Testcases/Lead_Form"), [:], STOP_ON_FAILURE): Call Test Case 'Test Cases/APAC_Universities/SEO_PAGES/Sunway_University/Resuable_Testcases/Lead_Form' successfully

25-10-2024T15:52:46 - [TEST_CASE][PASSED] - Test Cases/APAC_Universities/SEO_PAGES/Sunway_University/Resuable_Testcases/Lead_Form: Test Cases/APAC_Universities/SEO_PAGES/Sunway_University/Resuable_Testcases/Lead_Form

25-10-2024T15:52:46 - [TEST_STEP][PASSED] - selectTestObject = findTestObject("Object Repository/APAC_University/SUN_University/Dropdown_Program"): null

25-10-2024T15:52:46 - [TEST_STEP][PASSED] - selectElement = findWebElement(selectTestObject, 0): Found web element by test object Object Repository/APAC_University/SUN_University/Dropdown_Program

25-10-2024T15:52:46 - [MESSAGE][WARNING] - Timeout '0' is invalid. Using default page load timeout: '30'

25-10-2024T15:52:47 - [MESSAGE][PASSED] - Found web element by test object Object Repository/APAC_University/SUN_University/Dropdown_Program

25-10-2024T15:52:47 - [TEST_STEP][PASSED] - select = new org.openqa.selenium.support.ui.Select(selectElement): null

25-10-2024T15:52:47 - [TEST_STEP][PASSED] - optionsrandom = select.getOptions(): null

25-10-2024T15:52:48 - [TEST_STEP][PASSED] - validOptions = optionsrandom.findAll({ -> ... }): null

25-10-2024T15:52:48 - [TEST_STEP][PASSED] - randomdropdown = new java.util.Random(): null

25-10-2024T15:52:48 - [TEST_STEP][PASSED] - randomOptiondropdown = validOptions[randomdropdown.nextInt(validOptions.size())]: null

25-10-2024T15:52:48 - [TEST_STEP][PASSED] - select.selectByValue(randomOptiondropdown.getAttribute("value")): null

25-10-2024T15:52:48 - [TEST_STEP][PASSED] - Email = keyPathPackage.customKeywords.generateRandomEmail(): keyPathPackage.customKeywords.generateRandomEmail is PASSED

25-10-2024T15:52:48 - [MESSAGE][PASSED] - keyPathPackage.customKeywords.generateRandomEmail is PASSED

25-10-2024T15:52:48 - [TEST_STEP][PASSED] - setText(findTestObject("Object Repository/APAC_University/SUN_University/Field_Email"), Email): Text 'shaun.keebler@yahoo.com' is set on object 'Object Repository/APAC_University/SUN_University/Field_Email'

25-10-2024T15:52:48 - [MESSAGE][PASSED] - Text 'shaun.keebler@yahoo.com' is set on object 'Object Repository/APAC_University/SUN_University/Field_Email'

25-10-2024T15:52:48 - [TEST_STEP][PASSED] - Postcode = keyPathPackage.customKeywords.selectRandomPostCodes(): keyPathPackage.customKeywords.selectRandomPostCodes is PASSED

25-10-2024T15:52:48 - [MESSAGE][PASSED] - keyPathPackage.customKeywords.selectRandomPostCodes is PASSED

25-10-2024T15:52:48 - [TEST_STEP][PASSED] - setText(findTestObject("Object Repository/APAC_University/SUN_University/Field_Postcode"), Postcode): Text '40469' is set on object 'Object Repository/APAC_University/SUN_University/Field_Postcode'

25-10-2024T15:52:49 - [MESSAGE][PASSED] - Text '40469' is set on object 'Object Repository/APAC_University/SUN_University/Field_Postcode'

25-10-2024T15:52:49 - [TEST_STEP][PASSED] - waitForElementClickable(findTestObject("Object Repository/APAC_University/SUN_University/Button_Nextstep1"), 10): Object 'Object Repository/APAC_University/SUN_University/Button_Nextstep1' is clickable

25-10-2024T15:52:49 - [MESSAGE][PASSED] - Object 'Object Repository/APAC_University/SUN_University/Button_Nextstep1' is clickable

25-10-2024T15:52:49 - [TEST_STEP][PASSED] - click(findTestObject("Object Repository/APAC_University/SUN_University/Button_Nextstep1")): Object: 'Object Repository/APAC_University/SUN_University/Button_Nextstep1' is clicked on

25-10-2024T15:52:49 - [MESSAGE][PASSED] - Object: 'Object Repository/APAC_University/SUN_University/Button_Nextstep1' is clicked on

25-10-2024T15:52:49 - [TEST_STEP][PASSED] - dropdown = findTestObject("Object Repository/APAC_University/SUN_University/Dropdown_highereducation"): null

25-10-2024T15:52:49 - [TEST_STEP][PASSED] - options = ["High school", "Diploma", "Bachelors degree", "Masters Degree"]: null

25-10-2024T15:52:49 - [TEST_STEP][PASSED] - randomOption = options[Random().nextInt(length)]: null

25-10-2024T15:52:49 - [TEST_STEP][PASSED] - selectOptionByValue(dropdown, randomOption, true): All options with value 'Masters Degree' are selected in object 'Object Repository/APAC_University/SUN_University/Dropdown_highereducation'  using regular expression

25-10-2024T15:52:50 - [MESSAGE][PASSED] - All options with value 'Masters Degree' are selected in object 'Object Repository/APAC_University/SUN_University/Dropdown_highereducation'  using regular expression

25-10-2024T15:52:50 - [TEST_STEP][PASSED] - if (randomOption.equals("Diploma")): null

25-10-2024T15:52:50 - [TEST_STEP][PASSED] - startdate = findTestObject("Object Repository/APAC_University/SUN_University/Dropdown_Startdate"): null

25-10-2024T15:52:50 - [TEST_STEP][PASSED] - selectOptionByIndex(startdate, keyPathPackage.customKeywords.selectRandomOptionFromDropdown()): All options with index in [2] are selected on object 'Object Repository/APAC_University/SUN_University/Dropdown_Startdate'

25-10-2024T15:52:50 - [MESSAGE][PASSED] - keyPathPackage.customKeywords.selectRandomOptionFromDropdown is PASSED

25-10-2024T15:52:51 - [MESSAGE][PASSED] - All options with index in [2] are selected on object 'Object Repository/APAC_University/SUN_University/Dropdown_Startdate'

25-10-2024T15:52:51 - [TEST_STEP][PASSED] - Englishlevel = findTestObject("Object Repository/APAC_University/SUN_University/Dropdown_Englishlevel"): null

25-10-2024T15:52:51 - [TEST_STEP][PASSED] - selectOptionByIndex(Englishlevel, keyPathPackage.customKeywords.selectRandomOptionFromDropdown()): All options with index in [2] are selected on object 'Object Repository/APAC_University/SUN_University/Dropdown_Englishlevel'

25-10-2024T15:52:51 - [MESSAGE][PASSED] - keyPathPackage.customKeywords.selectRandomOptionFromDropdown is PASSED

25-10-2024T15:52:52 - [MESSAGE][PASSED] - All options with index in [2] are selected on object 'Object Repository/APAC_University/SUN_University/Dropdown_Englishlevel'

25-10-2024T15:52:52 - [TEST_STEP][PASSED] - Workexperience = findTestObject("Object Repository/APAC_University/SUN_University/Dropdown_Workexperience"): null

25-10-2024T15:52:52 - [TEST_STEP][PASSED] - selectOptionByIndex(Workexperience, keyPathPackage.customKeywords.selectRandomOptionFromDropdown()): All options with index in [2] are selected on object 'Object Repository/APAC_University/SUN_University/Dropdown_Workexperience'

25-10-2024T15:52:52 - [MESSAGE][PASSED] - keyPathPackage.customKeywords.selectRandomOptionFromDropdown is PASSED

25-10-2024T15:52:53 - [MESSAGE][PASSED] - All options with index in [2] are selected on object 'Object Repository/APAC_University/SUN_University/Dropdown_Workexperience'

25-10-2024T15:52:53 - [TEST_STEP][PASSED] - Enquiry = findTestObject("Object Repository/APAC_University/SUN_University/Dropdown_Enquiry"): null

25-10-2024T15:52:53 - [TEST_STEP][PASSED] - selectOptionByIndex(Enquiry, keyPathPackage.customKeywords.selectRandomOptionFromDropdown()): All options with index in [1] are selected on object 'Object Repository/APAC_University/SUN_University/Dropdown_Enquiry'

25-10-2024T15:52:53 - [MESSAGE][PASSED] - keyPathPackage.customKeywords.selectRandomOptionFromDropdown is PASSED

25-10-2024T15:52:53 - [MESSAGE][PASSED] - All options with index in [1] are selected on object 'Object Repository/APAC_University/SUN_University/Dropdown_Enquiry'

25-10-2024T15:52:53 - [TEST_STEP][PASSED] - waitForElementClickable(findTestObject("Object Repository/APAC_University/SUN_University/Button_Nextstep2"), 10): Object 'Object Repository/APAC_University/SUN_University/Button_Nextstep2' is clickable

25-10-2024T15:52:54 - [MESSAGE][PASSED] - Object 'Object Repository/APAC_University/SUN_University/Button_Nextstep2' is clickable

25-10-2024T15:52:54 - [TEST_STEP][PASSED] - click(findTestObject("Object Repository/APAC_University/SUN_University/Button_Nextstep2")): Object: 'Object Repository/APAC_University/SUN_University/Button_Nextstep2' is clicked on

25-10-2024T15:52:54 - [MESSAGE][PASSED] - Object: 'Object Repository/APAC_University/SUN_University/Button_Nextstep2' is clicked on

25-10-2024T15:52:54 - [TEST_STEP][PASSED] - delay(5): Delayed 5 second(s)

25-10-2024T15:52:59 - [MESSAGE][PASSED] - Delayed 5 second(s)

25-10-2024T15:52:59 - [TEST_STEP][PASSED] - waitForElementPresent(findTestObject("Object Repository/APAC_University/SUN_University/Field_Firstname"), 10): Object 'Object Repository/APAC_University/SUN_University/Field_Firstname' is present

25-10-2024T15:52:59 - [MESSAGE][PASSED] - Object 'Object Repository/APAC_University/SUN_University/Field_Firstname' is present

25-10-2024T15:52:59 - [TEST_STEP][PASSED] - FirstName = keyPathPackage.customKeywords.generateRandomFirstName(): keyPathPackage.customKeywords.generateRandomFirstName is PASSED

25-10-2024T15:52:59 - [MESSAGE][PASSED] - keyPathPackage.customKeywords.generateRandomFirstName is PASSED

25-10-2024T15:52:59 - [TEST_STEP][PASSED] - setText(findTestObject("Object Repository/APAC_University/SUN_University/Field_Firstname"), FirstName): Text 'Lola' is set on object 'Object Repository/APAC_University/SUN_University/Field_Firstname'

25-10-2024T15:53:00 - [MESSAGE][PASSED] - Text 'Lola' is set on object 'Object Repository/APAC_University/SUN_University/Field_Firstname'

25-10-2024T15:53:00 - [TEST_STEP][PASSED] - LastName = keyPathPackage.customKeywords.generateRandomLastName(): keyPathPackage.customKeywords.generateRandomLastName is PASSED

25-10-2024T15:53:00 - [MESSAGE][PASSED] - keyPathPackage.customKeywords.generateRandomLastName is PASSED

25-10-2024T15:53:00 - [TEST_STEP][PASSED] - setText(findTestObject("Object Repository/APAC_University/SUN_University/Field_lastname"), LastName): Text 'Testing Connelly' is set on object 'Object Repository/APAC_University/SUN_University/Field_lastname'

25-10-2024T15:53:00 - [MESSAGE][PASSED] - Text 'Testing Connelly' is set on object 'Object Repository/APAC_University/SUN_University/Field_lastname'

25-10-2024T15:53:00 - [TEST_STEP][PASSED] - Phonenumber = keyPathPackage.customKeywords.generateRandomMalaysianPhoneNumber(): keyPathPackage.customKeywords.generateRandomMalaysianPhoneNumber is PASSED

25-10-2024T15:53:00 - [MESSAGE][PASSED] - keyPathPackage.customKeywords.generateRandomMalaysianPhoneNumber is PASSED

25-10-2024T15:53:00 - [TEST_STEP][PASSED] - setText(findTestObject("Object Repository/APAC_University/SUN_University/Field_Phonenumber"), Phonenumber): Text '123508445' is set on object 'Object Repository/APAC_University/SUN_University/Field_Phonenumber'

25-10-2024T15:53:01 - [MESSAGE][PASSED] - Text '123508445' is set on object 'Object Repository/APAC_University/SUN_University/Field_Phonenumber'

25-10-2024T15:53:01 - [TEST_STEP][PASSED] - waitForElementClickable(findTestObject("Object Repository/APAC_University/SUN_University/Button_Submit"), 10): Object 'Object Repository/APAC_University/SUN_University/Button_Submit' is clickable

25-10-2024T15:53:01 - [MESSAGE][PASSED] - Object 'Object Repository/APAC_University/SUN_University/Button_Submit' is clickable

25-10-2024T15:53:01 - [TEST_STEP][PASSED] - click(findTestObject("Object Repository/APAC_University/SUN_University/Button_Submit")): Object: 'Object Repository/APAC_University/SUN_University/Button_Submit' is clicked on

25-10-2024T15:53:01 - [MESSAGE][PASSED] - Object: 'Object Repository/APAC_University/SUN_University/Button_Submit' is clicked on

25-10-2024T15:53:01 - [TEST_STEP][PASSED] - delay(3): Delayed 3 second(s)

25-10-2024T15:53:04 - [MESSAGE][PASSED] - Delayed 3 second(s)

25-10-2024T15:53:04 - [MESSAGE][PASSED] - Call Test Case 'Test Cases/APAC_Universities/SEO_PAGES/Sunway_University/Resuable_Testcases/Lead_Form' successfully

25-10-2024T15:53:04 - [TEST_STEP][PASSED] - closeBrowser(): Browser is closed

25-10-2024T15:53:04 - [MESSAGE][PASSED] - Browser is closed]]></system-out>
         <system-err><![CDATA[]]></system-err>
      </testcase>
      <testcase name="Test Cases/APAC_Universities/SEO_PAGES/SIM_University/Main_Page" time="37.95" classname="Test Cases/APAC_Universities/SEO_PAGES/SIM_University/Main_Page" status="PASSED">
         <system-out><![CDATA[25-10-2024T15:53:04 - [TEST_CASE][PASSED] - Test Cases/APAC_Universities/SEO_PAGES/SIM_University/Main_Page: Test Cases/APAC_Universities/SEO_PAGES/SIM_University/Main_Page

25-10-2024T15:53:04 - [TEST_STEP][PASSED] - callTestCase(findTestCase("Test Cases/APAC_Universities/SEO_PAGES/SIM_University/Resuable_Testcases/Navigate_URL"), [:], STOP_ON_FAILURE): Call Test Case 'Test Cases/APAC_Universities/SEO_PAGES/SIM_University/Resuable_Testcases/Navigate_URL' successfully

25-10-2024T15:53:05 - [TEST_CASE][PASSED] - Test Cases/APAC_Universities/SEO_PAGES/SIM_University/Resuable_Testcases/Navigate_URL: Test Cases/APAC_Universities/SEO_PAGES/SIM_University/Resuable_Testcases/Navigate_URL

25-10-2024T15:53:05 - [TEST_STEP][PASSED] - openBrowser(""): Browser is opened with url: ''

25-10-2024T15:53:05 - [MESSAGE][INFO] - Starting 'Chrome' driver

25-10-2024T15:53:05 - [MESSAGE][INFO] - Action delay is set to 0 milliseconds

25-10-2024T15:53:05 - [MESSAGE][PASSED] - Browser is opened with url: ''

25-10-2024T15:53:05 - [TEST_STEP][PASSED] - navigateToUrl("https://dev-sim-opm.pantheonsite.io/"): Navigate to 'https://dev-sim-opm.pantheonsite.io/' successfully

25-10-2024T15:53:26 - [MESSAGE][PASSED] - Navigate to 'https://dev-sim-opm.pantheonsite.io/' successfully

25-10-2024T15:53:26 - [TEST_STEP][PASSED] - maximizeWindow(): Current window maximized

25-10-2024T15:53:27 - [MESSAGE][PASSED] - Current window maximized

25-10-2024T15:53:27 - [MESSAGE][PASSED] - Call Test Case 'Test Cases/APAC_Universities/SEO_PAGES/SIM_University/Resuable_Testcases/Navigate_URL' successfully

25-10-2024T15:53:27 - [TEST_STEP][PASSED] - callTestCase(findTestCase("Test Cases/APAC_Universities/SEO_PAGES/SIM_University/Resuable_Testcases/Lead_Form"), [:], STOP_ON_FAILURE): Call Test Case 'Test Cases/APAC_Universities/SEO_PAGES/SIM_University/Resuable_Testcases/Lead_Form' successfully

25-10-2024T15:53:27 - [TEST_CASE][PASSED] - Test Cases/APAC_Universities/SEO_PAGES/SIM_University/Resuable_Testcases/Lead_Form: Test Cases/APAC_Universities/SEO_PAGES/SIM_University/Resuable_Testcases/Lead_Form

25-10-2024T15:53:27 - [TEST_STEP][PASSED] - selectTestObject = findTestObject("Object Repository/APAC_University/SIM_University/Dropdown_Program"): null

25-10-2024T15:53:27 - [TEST_STEP][PASSED] - selectElement = findWebElement(selectTestObject, 0): Found web element by test object Object Repository/APAC_University/SIM_University/Dropdown_Program

25-10-2024T15:53:27 - [MESSAGE][WARNING] - Timeout '0' is invalid. Using default page load timeout: '30'

25-10-2024T15:53:30 - [MESSAGE][PASSED] - Found web element by test object Object Repository/APAC_University/SIM_University/Dropdown_Program

25-10-2024T15:53:30 - [TEST_STEP][PASSED] - select = new org.openqa.selenium.support.ui.Select(selectElement): null

25-10-2024T15:53:30 - [TEST_STEP][PASSED] - optionsrandom = select.getOptions(): null

25-10-2024T15:53:30 - [TEST_STEP][PASSED] - validOptions = optionsrandom.findAll({ -> ... }): null

25-10-2024T15:53:30 - [TEST_STEP][PASSED] - randomdropdown = new java.util.Random(): null

25-10-2024T15:53:30 - [TEST_STEP][PASSED] - randomOptiondropdown = validOptions[randomdropdown.nextInt(validOptions.size())]: null

25-10-2024T15:53:30 - [TEST_STEP][PASSED] - select.selectByValue(randomOptiondropdown.getAttribute("value")): null

25-10-2024T15:53:30 - [TEST_STEP][PASSED] - delay(3): Delayed 3 second(s)

25-10-2024T15:53:33 - [MESSAGE][PASSED] - Delayed 3 second(s)

25-10-2024T15:53:33 - [TEST_STEP][PASSED] - FirstName = keyPathPackage.customKeywords.generateRandomFirstName(): keyPathPackage.customKeywords.generateRandomFirstName is PASSED

25-10-2024T15:53:33 - [MESSAGE][PASSED] - keyPathPackage.customKeywords.generateRandomFirstName is PASSED

25-10-2024T15:53:33 - [TEST_STEP][PASSED] - setText(findTestObject("Object Repository/APAC_University/SIM_University/Field_Firstname"), FirstName): Text 'Coleen' is set on object 'Object Repository/APAC_University/SIM_University/Field_Firstname'

25-10-2024T15:53:34 - [MESSAGE][PASSED] - Text 'Coleen' is set on object 'Object Repository/APAC_University/SIM_University/Field_Firstname'

25-10-2024T15:53:34 - [TEST_STEP][PASSED] - LastName = keyPathPackage.customKeywords.generateRandomLastName(): keyPathPackage.customKeywords.generateRandomLastName is PASSED

25-10-2024T15:53:34 - [MESSAGE][PASSED] - keyPathPackage.customKeywords.generateRandomLastName is PASSED

25-10-2024T15:53:34 - [TEST_STEP][PASSED] - setText(findTestObject("Object Repository/APAC_University/SIM_University/Field_Lastname"), LastName): Text 'Testing Lowe' is set on object 'Object Repository/APAC_University/SIM_University/Field_Lastname'

25-10-2024T15:53:35 - [MESSAGE][PASSED] - Text 'Testing Lowe' is set on object 'Object Repository/APAC_University/SIM_University/Field_Lastname'

25-10-2024T15:53:35 - [TEST_STEP][PASSED] - waitForElementClickable(findTestObject("Object Repository/APAC_University/SIM_University/Button_Nextstep1"), 10): Object 'Object Repository/APAC_University/SIM_University/Button_Nextstep1' is clickable

25-10-2024T15:53:35 - [MESSAGE][PASSED] - Object 'Object Repository/APAC_University/SIM_University/Button_Nextstep1' is clickable

25-10-2024T15:53:35 - [TEST_STEP][PASSED] - click(findTestObject("Object Repository/APAC_University/SIM_University/Button_Nextstep1")): Object: 'Object Repository/APAC_University/SIM_University/Button_Nextstep1' is clicked on

25-10-2024T15:53:35 - [MESSAGE][PASSED] - Object: 'Object Repository/APAC_University/SIM_University/Button_Nextstep1' is clicked on

25-10-2024T15:53:35 - [TEST_STEP][PASSED] - startdate = findTestObject("Object Repository/APAC_University/SIM_University/Dropdown_Startdate"): null

25-10-2024T15:53:35 - [TEST_STEP][PASSED] - selectOptionByIndex(startdate, keyPathPackage.customKeywords.selectRandomOptionFromDropdown()): All options with index in [1] are selected on object 'Object Repository/APAC_University/SIM_University/Dropdown_Startdate'

25-10-2024T15:53:35 - [MESSAGE][PASSED] - keyPathPackage.customKeywords.selectRandomOptionFromDropdown is PASSED

25-10-2024T15:53:36 - [MESSAGE][PASSED] - All options with index in [1] are selected on object 'Object Repository/APAC_University/SIM_University/Dropdown_Startdate'

25-10-2024T15:53:36 - [TEST_STEP][PASSED] - Enquiry = findTestObject("Object Repository/APAC_University/SIM_University/Dropdown_Enquiry"): null

25-10-2024T15:53:36 - [TEST_STEP][PASSED] - selectOptionByIndex(Enquiry, keyPathPackage.customKeywords.selectRandomOptionFromDropdown()): All options with index in [1] are selected on object 'Object Repository/APAC_University/SIM_University/Dropdown_Enquiry'

25-10-2024T15:53:36 - [MESSAGE][PASSED] - keyPathPackage.customKeywords.selectRandomOptionFromDropdown is PASSED

25-10-2024T15:53:37 - [MESSAGE][PASSED] - All options with index in [1] are selected on object 'Object Repository/APAC_University/SIM_University/Dropdown_Enquiry'

25-10-2024T15:53:37 - [TEST_STEP][PASSED] - dropdown = findTestObject("Object Repository/APAC_University/SIM_University/Dropdown_Education"): null

25-10-2024T15:53:37 - [TEST_STEP][PASSED] - options = ["High school", "Diploma", "Bachelors degree", "Postgraduate diploma", "Masters Degree"]: null

25-10-2024T15:53:37 - [TEST_STEP][PASSED] - randomOption = options[Random().nextInt(length)]: null

25-10-2024T15:53:37 - [TEST_STEP][PASSED] - selectOptionByValue(dropdown, randomOption, true): All options with value 'Postgraduate diploma' are selected in object 'Object Repository/APAC_University/SIM_University/Dropdown_Education'  using regular expression

25-10-2024T15:53:38 - [MESSAGE][PASSED] - All options with value 'Postgraduate diploma' are selected in object 'Object Repository/APAC_University/SIM_University/Dropdown_Education'  using regular expression

25-10-2024T15:53:38 - [TEST_STEP][PASSED] - Workexperience = findTestObject("Object Repository/APAC_University/SIM_University/Dropdown_Experience"): null

25-10-2024T15:53:38 - [TEST_STEP][PASSED] - selectOptionByIndex(Workexperience, keyPathPackage.customKeywords.selectRandomOptionFromDropdown()): All options with index in [2] are selected on object 'Object Repository/APAC_University/SIM_University/Dropdown_Experience'

25-10-2024T15:53:38 - [MESSAGE][PASSED] - keyPathPackage.customKeywords.selectRandomOptionFromDropdown is PASSED

25-10-2024T15:53:38 - [MESSAGE][PASSED] - All options with index in [2] are selected on object 'Object Repository/APAC_University/SIM_University/Dropdown_Experience'

25-10-2024T15:53:38 - [TEST_STEP][PASSED] - Englishlevel = findTestObject("Object Repository/APAC_University/SIM_University/Dropdown_English"): null

25-10-2024T15:53:38 - [TEST_STEP][PASSED] - selectOptionByIndex(Englishlevel, keyPathPackage.customKeywords.selectRandomOptionFromDropdown()): All options with index in [2] are selected on object 'Object Repository/APAC_University/SIM_University/Dropdown_English'

25-10-2024T15:53:38 - [MESSAGE][PASSED] - keyPathPackage.customKeywords.selectRandomOptionFromDropdown is PASSED

25-10-2024T15:53:39 - [MESSAGE][PASSED] - All options with index in [2] are selected on object 'Object Repository/APAC_University/SIM_University/Dropdown_English'

25-10-2024T15:53:39 - [TEST_STEP][PASSED] - radioButtonGroup = findTestObject("Object Repository/APAC_University/SIM_University/Radiobutton_Years"): null

25-10-2024T15:53:39 - [TEST_STEP][PASSED] - radioButtons = findWebElements(radioButtonGroup, 30): Found web elements by test object Object Repository/APAC_University/SIM_University/Radiobutton_Years

25-10-2024T15:53:39 - [MESSAGE][PASSED] - Found web elements by test object Object Repository/APAC_University/SIM_University/Radiobutton_Years

25-10-2024T15:53:39 - [TEST_STEP][PASSED] - if (radioButtons.size() == 2): null

25-10-2024T15:53:39 - [TEST_STEP][PASSED] - random = new java.util.Random(): null

25-10-2024T15:53:39 - [TEST_STEP][PASSED] - randomIndex = random.nextInt(2): null

25-10-2024T15:53:39 - [TEST_STEP][PASSED] - randomRadioButton = radioButtons.get(randomIndex): null

25-10-2024T15:53:39 - [TEST_STEP][PASSED] - randomRadioButton.click(): null

25-10-2024T15:53:39 - [TEST_STEP][PASSED] - waitForElementClickable(findTestObject("Object Repository/APAC_University/SIM_University/Button_Nextstep2"), 10): Object 'Object Repository/APAC_University/SIM_University/Button_Nextstep2' is clickable

25-10-2024T15:53:40 - [MESSAGE][PASSED] - Object 'Object Repository/APAC_University/SIM_University/Button_Nextstep2' is clickable

25-10-2024T15:53:40 - [TEST_STEP][PASSED] - click(findTestObject("Object Repository/APAC_University/SIM_University/Button_Nextstep2")): Object: 'Object Repository/APAC_University/SIM_University/Button_Nextstep2' is clicked on

25-10-2024T15:53:40 - [MESSAGE][PASSED] - Object: 'Object Repository/APAC_University/SIM_University/Button_Nextstep2' is clicked on

25-10-2024T15:53:40 - [TEST_STEP][PASSED] - Phonenumber = keyPathPackage.customKeywords.generateRandomMalaysianPhoneNumber(): keyPathPackage.customKeywords.generateRandomMalaysianPhoneNumber is PASSED

25-10-2024T15:53:40 - [MESSAGE][PASSED] - keyPathPackage.customKeywords.generateRandomMalaysianPhoneNumber is PASSED

25-10-2024T15:53:40 - [TEST_STEP][PASSED] - setText(findTestObject("Object Repository/APAC_University/SIM_University/Field_Phonenumber"), Phonenumber): Text '123283448' is set on object 'Object Repository/APAC_University/SIM_University/Field_Phonenumber'

25-10-2024T15:53:41 - [MESSAGE][PASSED] - Text '123283448' is set on object 'Object Repository/APAC_University/SIM_University/Field_Phonenumber'

25-10-2024T15:53:41 - [TEST_STEP][PASSED] - Email = keyPathPackage.customKeywords.generateRandomEmail(): keyPathPackage.customKeywords.generateRandomEmail is PASSED

25-10-2024T15:53:41 - [MESSAGE][PASSED] - keyPathPackage.customKeywords.generateRandomEmail is PASSED

25-10-2024T15:53:41 - [TEST_STEP][PASSED] - setText(findTestObject("Object Repository/APAC_University/SIM_University/Field_Email"), Email): Text 'arnold.konopelski@hotmail.com' is set on object 'Object Repository/APAC_University/SIM_University/Field_Email'

25-10-2024T15:53:41 - [MESSAGE][PASSED] - Text 'arnold.konopelski@hotmail.com' is set on object 'Object Repository/APAC_University/SIM_University/Field_Email'

25-10-2024T15:53:41 - [TEST_STEP][PASSED] - Postcode = keyPathPackage.customKeywords.selectRandomSingaporePostCode(): keyPathPackage.customKeywords.selectRandomSingaporePostCode is PASSED

25-10-2024T15:53:41 - [MESSAGE][PASSED] - keyPathPackage.customKeywords.selectRandomSingaporePostCode is PASSED

25-10-2024T15:53:41 - [TEST_STEP][PASSED] - setText(findTestObject("Object Repository/APAC_University/SIM_University/Field_Postcode"), Postcode): Text '739376' is set on object 'Object Repository/APAC_University/SIM_University/Field_Postcode'

25-10-2024T15:53:42 - [MESSAGE][PASSED] - Text '739376' is set on object 'Object Repository/APAC_University/SIM_University/Field_Postcode'

25-10-2024T15:53:42 - [TEST_STEP][PASSED] - waitForElementClickable(findTestObject("Object Repository/APAC_University/SIM_University/Button_Submit"), 10): Object 'Object Repository/APAC_University/SIM_University/Button_Submit' is clickable

25-10-2024T15:53:42 - [MESSAGE][PASSED] - Object 'Object Repository/APAC_University/SIM_University/Button_Submit' is clickable

25-10-2024T15:53:42 - [TEST_STEP][PASSED] - click(findTestObject("Object Repository/APAC_University/SIM_University/Button_Submit")): Object: 'Object Repository/APAC_University/SIM_University/Button_Submit' is clicked on

25-10-2024T15:53:42 - [MESSAGE][PASSED] - Object: 'Object Repository/APAC_University/SIM_University/Button_Submit' is clicked on

25-10-2024T15:53:42 - [MESSAGE][PASSED] - Call Test Case 'Test Cases/APAC_Universities/SEO_PAGES/SIM_University/Resuable_Testcases/Lead_Form' successfully]]></system-out>
         <system-err><![CDATA[]]></system-err>
      </testcase>
      <testcase name="Test Cases/APAC_Universities/SEO_PAGES/SIM_University/Enquiry_Now" time="19.606" classname="Test Cases/APAC_Universities/SEO_PAGES/SIM_University/Enquiry_Now" status="PASSED">
         <system-out><![CDATA[25-10-2024T15:53:42 - [TEST_CASE][PASSED] - Test Cases/APAC_Universities/SEO_PAGES/SIM_University/Enquiry_Now: Test Cases/APAC_Universities/SEO_PAGES/SIM_University/Enquiry_Now

25-10-2024T15:53:42 - [TEST_STEP][PASSED] - callTestCase(findTestCase("Test Cases/APAC_Universities/SEO_PAGES/SIM_University/Resuable_Testcases/Navigate_Homepage"), [:], STOP_ON_FAILURE): Call Test Case 'Test Cases/APAC_Universities/SEO_PAGES/SIM_University/Resuable_Testcases/Navigate_Homepage' successfully

25-10-2024T15:53:43 - [TEST_CASE][PASSED] - Test Cases/APAC_Universities/SEO_PAGES/SIM_University/Resuable_Testcases/Navigate_Homepage: Test Cases/APAC_Universities/SEO_PAGES/SIM_University/Resuable_Testcases/Navigate_Homepage

25-10-2024T15:53:43 - [TEST_STEP][PASSED] - waitForElementClickable(findTestObject("Object Repository/APAC_University/SIM_University/Button_Homepage"), 10): Object 'Object Repository/APAC_University/SIM_University/Button_Homepage' is clickable

25-10-2024T15:53:46 - [MESSAGE][PASSED] - Object 'Object Repository/APAC_University/SIM_University/Button_Homepage' is clickable

25-10-2024T15:53:46 - [TEST_STEP][PASSED] - click(findTestObject("Object Repository/APAC_University/SIM_University/Button_Homepage")): Object: 'Object Repository/APAC_University/SIM_University/Button_Homepage' is clicked on

25-10-2024T15:53:47 - [MESSAGE][PASSED] - Object: 'Object Repository/APAC_University/SIM_University/Button_Homepage' is clicked on

25-10-2024T15:53:47 - [MESSAGE][PASSED] - Call Test Case 'Test Cases/APAC_Universities/SEO_PAGES/SIM_University/Resuable_Testcases/Navigate_Homepage' successfully

25-10-2024T15:53:47 - [TEST_STEP][PASSED] - waitForElementClickable(findTestObject("Object Repository/APAC_University/SIM_University/Button_Enquiry"), 10): Object 'Object Repository/APAC_University/SIM_University/Button_Enquiry' is clickable

25-10-2024T15:53:48 - [MESSAGE][PASSED] - Object 'Object Repository/APAC_University/SIM_University/Button_Enquiry' is clickable

25-10-2024T15:53:48 - [TEST_STEP][PASSED] - click(findTestObject("Object Repository/APAC_University/SIM_University/Button_Enquiry")): Object: 'Object Repository/APAC_University/SIM_University/Button_Enquiry' is clicked on

25-10-2024T15:53:49 - [MESSAGE][PASSED] - Object: 'Object Repository/APAC_University/SIM_University/Button_Enquiry' is clicked on

25-10-2024T15:53:49 - [TEST_STEP][PASSED] - callTestCase(findTestCase("Test Cases/APAC_Universities/SEO_PAGES/SIM_University/Resuable_Testcases/Lead_Form"), [:], STOP_ON_FAILURE): Call Test Case 'Test Cases/APAC_Universities/SEO_PAGES/SIM_University/Resuable_Testcases/Lead_Form' successfully

25-10-2024T15:53:49 - [TEST_CASE][PASSED] - Test Cases/APAC_Universities/SEO_PAGES/SIM_University/Resuable_Testcases/Lead_Form: Test Cases/APAC_Universities/SEO_PAGES/SIM_University/Resuable_Testcases/Lead_Form

25-10-2024T15:53:49 - [TEST_STEP][PASSED] - selectTestObject = findTestObject("Object Repository/APAC_University/SIM_University/Dropdown_Program"): null

25-10-2024T15:53:49 - [TEST_STEP][PASSED] - selectElement = findWebElement(selectTestObject, 0): Found web element by test object Object Repository/APAC_University/SIM_University/Dropdown_Program

25-10-2024T15:53:49 - [MESSAGE][WARNING] - Timeout '0' is invalid. Using default page load timeout: '30'

25-10-2024T15:53:49 - [MESSAGE][PASSED] - Found web element by test object Object Repository/APAC_University/SIM_University/Dropdown_Program

25-10-2024T15:53:49 - [TEST_STEP][PASSED] - select = new org.openqa.selenium.support.ui.Select(selectElement): null

25-10-2024T15:53:49 - [TEST_STEP][PASSED] - optionsrandom = select.getOptions(): null

25-10-2024T15:53:50 - [TEST_STEP][PASSED] - validOptions = optionsrandom.findAll({ -> ... }): null

25-10-2024T15:53:50 - [TEST_STEP][PASSED] - randomdropdown = new java.util.Random(): null

25-10-2024T15:53:50 - [TEST_STEP][PASSED] - randomOptiondropdown = validOptions[randomdropdown.nextInt(validOptions.size())]: null

25-10-2024T15:53:50 - [TEST_STEP][PASSED] - select.selectByValue(randomOptiondropdown.getAttribute("value")): null

25-10-2024T15:53:50 - [TEST_STEP][PASSED] - delay(3): Delayed 3 second(s)

25-10-2024T15:53:53 - [MESSAGE][PASSED] - Delayed 3 second(s)

25-10-2024T15:53:53 - [TEST_STEP][PASSED] - FirstName = keyPathPackage.customKeywords.generateRandomFirstName(): keyPathPackage.customKeywords.generateRandomFirstName is PASSED

25-10-2024T15:53:53 - [MESSAGE][PASSED] - keyPathPackage.customKeywords.generateRandomFirstName is PASSED

25-10-2024T15:53:53 - [TEST_STEP][PASSED] - setText(findTestObject("Object Repository/APAC_University/SIM_University/Field_Firstname"), FirstName): Text 'Milly' is set on object 'Object Repository/APAC_University/SIM_University/Field_Firstname'

25-10-2024T15:53:54 - [MESSAGE][PASSED] - Text 'Milly' is set on object 'Object Repository/APAC_University/SIM_University/Field_Firstname'

25-10-2024T15:53:54 - [TEST_STEP][PASSED] - LastName = keyPathPackage.customKeywords.generateRandomLastName(): keyPathPackage.customKeywords.generateRandomLastName is PASSED

25-10-2024T15:53:54 - [MESSAGE][PASSED] - keyPathPackage.customKeywords.generateRandomLastName is PASSED

25-10-2024T15:53:54 - [TEST_STEP][PASSED] - setText(findTestObject("Object Repository/APAC_University/SIM_University/Field_Lastname"), LastName): Text 'Testing Schimmel' is set on object 'Object Repository/APAC_University/SIM_University/Field_Lastname'

25-10-2024T15:53:54 - [MESSAGE][PASSED] - Text 'Testing Schimmel' is set on object 'Object Repository/APAC_University/SIM_University/Field_Lastname'

25-10-2024T15:53:54 - [TEST_STEP][PASSED] - waitForElementClickable(findTestObject("Object Repository/APAC_University/SIM_University/Button_Nextstep1"), 10): Object 'Object Repository/APAC_University/SIM_University/Button_Nextstep1' is clickable

25-10-2024T15:53:55 - [MESSAGE][PASSED] - Object 'Object Repository/APAC_University/SIM_University/Button_Nextstep1' is clickable

25-10-2024T15:53:55 - [TEST_STEP][PASSED] - click(findTestObject("Object Repository/APAC_University/SIM_University/Button_Nextstep1")): Object: 'Object Repository/APAC_University/SIM_University/Button_Nextstep1' is clicked on

25-10-2024T15:53:55 - [MESSAGE][PASSED] - Object: 'Object Repository/APAC_University/SIM_University/Button_Nextstep1' is clicked on

25-10-2024T15:53:55 - [TEST_STEP][PASSED] - startdate = findTestObject("Object Repository/APAC_University/SIM_University/Dropdown_Startdate"): null

25-10-2024T15:53:55 - [TEST_STEP][PASSED] - selectOptionByIndex(startdate, keyPathPackage.customKeywords.selectRandomOptionFromDropdown()): All options with index in [2] are selected on object 'Object Repository/APAC_University/SIM_University/Dropdown_Startdate'

25-10-2024T15:53:55 - [MESSAGE][PASSED] - keyPathPackage.customKeywords.selectRandomOptionFromDropdown is PASSED

25-10-2024T15:53:56 - [MESSAGE][PASSED] - All options with index in [2] are selected on object 'Object Repository/APAC_University/SIM_University/Dropdown_Startdate'

25-10-2024T15:53:56 - [TEST_STEP][PASSED] - Enquiry = findTestObject("Object Repository/APAC_University/SIM_University/Dropdown_Enquiry"): null

25-10-2024T15:53:56 - [TEST_STEP][PASSED] - selectOptionByIndex(Enquiry, keyPathPackage.customKeywords.selectRandomOptionFromDropdown()): All options with index in [1] are selected on object 'Object Repository/APAC_University/SIM_University/Dropdown_Enquiry'

25-10-2024T15:53:56 - [MESSAGE][PASSED] - keyPathPackage.customKeywords.selectRandomOptionFromDropdown is PASSED

25-10-2024T15:53:56 - [MESSAGE][PASSED] - All options with index in [1] are selected on object 'Object Repository/APAC_University/SIM_University/Dropdown_Enquiry'

25-10-2024T15:53:56 - [TEST_STEP][PASSED] - dropdown = findTestObject("Object Repository/APAC_University/SIM_University/Dropdown_Education"): null

25-10-2024T15:53:56 - [TEST_STEP][PASSED] - options = ["High school", "Diploma", "Bachelors degree", "Postgraduate diploma", "Masters Degree"]: null

25-10-2024T15:53:56 - [TEST_STEP][PASSED] - randomOption = options[Random().nextInt(length)]: null

25-10-2024T15:53:56 - [TEST_STEP][PASSED] - selectOptionByValue(dropdown, randomOption, true): All options with value 'Diploma' are selected in object 'Object Repository/APAC_University/SIM_University/Dropdown_Education'  using regular expression

25-10-2024T15:53:57 - [MESSAGE][PASSED] - All options with value 'Diploma' are selected in object 'Object Repository/APAC_University/SIM_University/Dropdown_Education'  using regular expression

25-10-2024T15:53:57 - [TEST_STEP][PASSED] - Workexperience = findTestObject("Object Repository/APAC_University/SIM_University/Dropdown_Experience"): null

25-10-2024T15:53:57 - [TEST_STEP][PASSED] - selectOptionByIndex(Workexperience, keyPathPackage.customKeywords.selectRandomOptionFromDropdown()): All options with index in [1] are selected on object 'Object Repository/APAC_University/SIM_University/Dropdown_Experience'

25-10-2024T15:53:57 - [MESSAGE][PASSED] - keyPathPackage.customKeywords.selectRandomOptionFromDropdown is PASSED

25-10-2024T15:53:58 - [MESSAGE][PASSED] - All options with index in [1] are selected on object 'Object Repository/APAC_University/SIM_University/Dropdown_Experience'

25-10-2024T15:53:58 - [TEST_STEP][PASSED] - Englishlevel = findTestObject("Object Repository/APAC_University/SIM_University/Dropdown_English"): null

25-10-2024T15:53:58 - [TEST_STEP][PASSED] - selectOptionByIndex(Englishlevel, keyPathPackage.customKeywords.selectRandomOptionFromDropdown()): All options with index in [2] are selected on object 'Object Repository/APAC_University/SIM_University/Dropdown_English'

25-10-2024T15:53:58 - [MESSAGE][PASSED] - keyPathPackage.customKeywords.selectRandomOptionFromDropdown is PASSED

25-10-2024T15:53:59 - [MESSAGE][PASSED] - All options with index in [2] are selected on object 'Object Repository/APAC_University/SIM_University/Dropdown_English'

25-10-2024T15:53:59 - [TEST_STEP][PASSED] - radioButtonGroup = findTestObject("Object Repository/APAC_University/SIM_University/Radiobutton_Years"): null

25-10-2024T15:53:59 - [TEST_STEP][PASSED] - radioButtons = findWebElements(radioButtonGroup, 30): Found web elements by test object Object Repository/APAC_University/SIM_University/Radiobutton_Years

25-10-2024T15:53:59 - [MESSAGE][PASSED] - Found web elements by test object Object Repository/APAC_University/SIM_University/Radiobutton_Years

25-10-2024T15:53:59 - [TEST_STEP][PASSED] - if (radioButtons.size() == 2): null

25-10-2024T15:53:59 - [TEST_STEP][PASSED] - random = new java.util.Random(): null

25-10-2024T15:53:59 - [TEST_STEP][PASSED] - randomIndex = random.nextInt(2): null

25-10-2024T15:53:59 - [TEST_STEP][PASSED] - randomRadioButton = radioButtons.get(randomIndex): null

25-10-2024T15:53:59 - [TEST_STEP][PASSED] - randomRadioButton.click(): null

25-10-2024T15:53:59 - [TEST_STEP][PASSED] - waitForElementClickable(findTestObject("Object Repository/APAC_University/SIM_University/Button_Nextstep2"), 10): Object 'Object Repository/APAC_University/SIM_University/Button_Nextstep2' is clickable

25-10-2024T15:53:59 - [MESSAGE][PASSED] - Object 'Object Repository/APAC_University/SIM_University/Button_Nextstep2' is clickable

25-10-2024T15:53:59 - [TEST_STEP][PASSED] - click(findTestObject("Object Repository/APAC_University/SIM_University/Button_Nextstep2")): Object: 'Object Repository/APAC_University/SIM_University/Button_Nextstep2' is clicked on

25-10-2024T15:53:59 - [MESSAGE][PASSED] - Object: 'Object Repository/APAC_University/SIM_University/Button_Nextstep2' is clicked on

25-10-2024T15:53:59 - [TEST_STEP][PASSED] - Phonenumber = keyPathPackage.customKeywords.generateRandomMalaysianPhoneNumber(): keyPathPackage.customKeywords.generateRandomMalaysianPhoneNumber is PASSED

25-10-2024T15:53:59 - [MESSAGE][PASSED] - keyPathPackage.customKeywords.generateRandomMalaysianPhoneNumber is PASSED

25-10-2024T15:53:59 - [TEST_STEP][PASSED] - setText(findTestObject("Object Repository/APAC_University/SIM_University/Field_Phonenumber"), Phonenumber): Text '121514462' is set on object 'Object Repository/APAC_University/SIM_University/Field_Phonenumber'

25-10-2024T15:54:00 - [MESSAGE][PASSED] - Text '121514462' is set on object 'Object Repository/APAC_University/SIM_University/Field_Phonenumber'

25-10-2024T15:54:00 - [TEST_STEP][PASSED] - Email = keyPathPackage.customKeywords.generateRandomEmail(): keyPathPackage.customKeywords.generateRandomEmail is PASSED

25-10-2024T15:54:00 - [MESSAGE][PASSED] - keyPathPackage.customKeywords.generateRandomEmail is PASSED

25-10-2024T15:54:00 - [TEST_STEP][PASSED] - setText(findTestObject("Object Repository/APAC_University/SIM_University/Field_Email"), Email): Text 'benjamin.marquardt@yahoo.com' is set on object 'Object Repository/APAC_University/SIM_University/Field_Email'

25-10-2024T15:54:01 - [MESSAGE][PASSED] - Text 'benjamin.marquardt@yahoo.com' is set on object 'Object Repository/APAC_University/SIM_University/Field_Email'

25-10-2024T15:54:01 - [TEST_STEP][PASSED] - Postcode = keyPathPackage.customKeywords.selectRandomSingaporePostCode(): keyPathPackage.customKeywords.selectRandomSingaporePostCode is PASSED

25-10-2024T15:54:01 - [MESSAGE][PASSED] - keyPathPackage.customKeywords.selectRandomSingaporePostCode is PASSED

25-10-2024T15:54:01 - [TEST_STEP][PASSED] - setText(findTestObject("Object Repository/APAC_University/SIM_University/Field_Postcode"), Postcode): Text '703637' is set on object 'Object Repository/APAC_University/SIM_University/Field_Postcode'

25-10-2024T15:54:01 - [MESSAGE][PASSED] - Text '703637' is set on object 'Object Repository/APAC_University/SIM_University/Field_Postcode'

25-10-2024T15:54:01 - [TEST_STEP][PASSED] - waitForElementClickable(findTestObject("Object Repository/APAC_University/SIM_University/Button_Submit"), 10): Object 'Object Repository/APAC_University/SIM_University/Button_Submit' is clickable

25-10-2024T15:54:02 - [MESSAGE][PASSED] - Object 'Object Repository/APAC_University/SIM_University/Button_Submit' is clickable

25-10-2024T15:54:02 - [TEST_STEP][PASSED] - click(findTestObject("Object Repository/APAC_University/SIM_University/Button_Submit")): Object: 'Object Repository/APAC_University/SIM_University/Button_Submit' is clicked on

25-10-2024T15:54:02 - [MESSAGE][PASSED] - Object: 'Object Repository/APAC_University/SIM_University/Button_Submit' is clicked on

25-10-2024T15:54:02 - [MESSAGE][PASSED] - Call Test Case 'Test Cases/APAC_Universities/SEO_PAGES/SIM_University/Resuable_Testcases/Lead_Form' successfully

25-10-2024T15:54:02 - [TEST_STEP][PASSED] - closeBrowser(): Browser is closed

25-10-2024T15:54:02 - [MESSAGE][PASSED] - Browser is closed]]></system-out>
         <system-err><![CDATA[]]></system-err>
      </testcase>
      <system-out><![CDATA[25-10-2024T15:43:13 - [TEST_SUITE][ERROR] - Keypath_Testsuite_APAC_SEO: Test Cases/APAC_Universities/SEO_PAGES/MBS_University/Short_Courses FAILED.
Reason:
org.openqa.selenium.ElementNotInteractableException: element not interactable
  (Session info: chrome=130.0.6723.70)
Build info: version: '3.141.59', revision: 'unknown', time: 'unknown'
System info: host: 'Madhans-MacBook-Pro.local', ip: '2401:d002:ab04:5000:a403:b65e:885e:e485%en0', os.name: 'Mac OS X', os.arch: 'aarch64', os.version: '14.3.1', java.version: '17.0.7'
Driver info: com.kms.katalon.selenium.driver.CChromeDriver
Capabilities {acceptInsecureCerts: false, browserName: chrome, browserVersion: 130.0.6723.70, chrome: {chromedriverVersion: 130.0.6723.69 (3ec172b971b9..., userDataDir: /var/folders/81/jk91fm7j2_5...}, fedcm:accounts: true, goog:chromeOptions: {debuggerAddress: localhost:62078}, javascriptEnabled: true, networkConnectionEnabled: false, pageLoadStrategy: normal, platform: MAC, platformName: MAC, proxy: Proxy(), setWindowRect: true, strictFileInteractability: false, timeouts: {implicit: 0, pageLoad: 300000, script: 30000}, unhandledPromptBehavior: dismiss and notify, webauthn:extension:credBlob: true, webauthn:extension:largeBlob: true, webauthn:extension:minPinLength: true, webauthn:extension:prf: true, webauthn:virtualAuthenticators: true}
Session ID: 5d6a4c8570a379d698cf302a633911d9
	at java.base/jdk.internal.reflect.NativeConstructorAccessorImpl.newInstance0(Native Method)
	at java.base/jdk.internal.reflect.NativeConstructorAccessorImpl.newInstance(NativeConstructorAccessorImpl.java:77)
	at java.base/jdk.internal.reflect.DelegatingConstructorAccessorImpl.newInstance(DelegatingConstructorAccessorImpl.java:45)
	at org.openqa.selenium.remote.http.W3CHttpResponseCodec.createException(W3CHttpResponseCodec.java:187)
	at org.openqa.selenium.remote.http.W3CHttpResponseCodec.decode(W3CHttpResponseCodec.java:122)
	at org.openqa.selenium.remote.http.W3CHttpResponseCodec.decode(W3CHttpResponseCodec.java:49)
	at org.openqa.selenium.remote.HttpCommandExecutor.execute(HttpCommandExecutor.java:158)
	at org.openqa.selenium.remote.service.DriverCommandExecutor.execute(DriverCommandExecutor.java:83)
	at org.openqa.selenium.remote.RemoteWebDriver.execute(RemoteWebDriver.java:552)
	at com.kms.katalon.selenium.driver.CChromeDriver.execute(CChromeDriver.java:19)
	at org.openqa.selenium.remote.RemoteWebElement.execute(RemoteWebElement.java:285)
	at org.openqa.selenium.remote.RemoteWebElement.click(RemoteWebElement.java:84)
	at jdk.internal.reflect.GeneratedMethodAccessor16.invoke(Unknown Source)
	at java.base/jdk.internal.reflect.DelegatingMethodAccessorImpl.invoke(DelegatingMethodAccessorImpl.java:43)
	at org.openqa.selenium.support.events.EventFiringWebDriver$EventFiringWebElement.lambda$new$0(EventFiringWebDriver.java:404)
	at jdk.proxy2/jdk.proxy2.$Proxy24.click(Unknown Source)
	at org.openqa.selenium.support.events.EventFiringWebDriver$EventFiringWebElement.click(EventFiringWebDriver.java:417)
	at Short_Courses.run(Short_Courses:55)
	at com.kms.katalon.core.main.ScriptEngine.run(ScriptEngine.java:194)
	at com.kms.katalon.core.main.ScriptEngine.runScriptAsRawText(ScriptEngine.java:119)
	at com.kms.katalon.core.main.TestCaseExecutor.runScript(TestCaseExecutor.java:448)
	at com.kms.katalon.core.main.TestCaseExecutor.doExecute(TestCaseExecutor.java:439)
	at com.kms.katalon.core.main.TestCaseExecutor.processExecutionPhase(TestCaseExecutor.java:418)
	at com.kms.katalon.core.main.TestCaseExecutor.accessMainPhase(TestCaseExecutor.java:410)
	at com.kms.katalon.core.main.TestCaseExecutor.execute(TestCaseExecutor.java:285)
	at com.kms.katalon.core.common.CommonExecutor.accessTestCaseMainPhase(CommonExecutor.java:65)
	at com.kms.katalon.core.main.TestSuiteExecutor.accessTestSuiteMainPhase(TestSuiteExecutor.java:150)
	at com.kms.katalon.core.main.TestSuiteExecutor.execute(TestSuiteExecutor.java:106)
	at com.kms.katalon.core.main.TestCaseMain.startTestSuite(TestCaseMain.java:180)
	at TempTestSuite1729831388364.run(TempTestSuite1729831388364.groovy:35)
	at java.base/jdk.internal.reflect.NativeMethodAccessorImpl.invoke0(Native Method)
	at java.base/jdk.internal.reflect.NativeMethodAccessorImpl.invoke(NativeMethodAccessorImpl.java:77)
	at java.base/jdk.internal.reflect.DelegatingMethodAccessorImpl.invoke(DelegatingMethodAccessorImpl.java:43)]]></system-out>
      <system-err><![CDATA[25-10-2024T15:43:13 - [TEST_SUITE][ERROR] - Keypath_Testsuite_APAC_SEO: Test Cases/APAC_Universities/SEO_PAGES/MBS_University/Short_Courses FAILED.
Reason:
org.openqa.selenium.ElementNotInteractableException: element not interactable
  (Session info: chrome=130.0.6723.70)
Build info: version: '3.141.59', revision: 'unknown', time: 'unknown'
System info: host: 'Madhans-MacBook-Pro.local', ip: '2401:d002:ab04:5000:a403:b65e:885e:e485%en0', os.name: 'Mac OS X', os.arch: 'aarch64', os.version: '14.3.1', java.version: '17.0.7'
Driver info: com.kms.katalon.selenium.driver.CChromeDriver
Capabilities {acceptInsecureCerts: false, browserName: chrome, browserVersion: 130.0.6723.70, chrome: {chromedriverVersion: 130.0.6723.69 (3ec172b971b9..., userDataDir: /var/folders/81/jk91fm7j2_5...}, fedcm:accounts: true, goog:chromeOptions: {debuggerAddress: localhost:62078}, javascriptEnabled: true, networkConnectionEnabled: false, pageLoadStrategy: normal, platform: MAC, platformName: MAC, proxy: Proxy(), setWindowRect: true, strictFileInteractability: false, timeouts: {implicit: 0, pageLoad: 300000, script: 30000}, unhandledPromptBehavior: dismiss and notify, webauthn:extension:credBlob: true, webauthn:extension:largeBlob: true, webauthn:extension:minPinLength: true, webauthn:extension:prf: true, webauthn:virtualAuthenticators: true}
Session ID: 5d6a4c8570a379d698cf302a633911d9
	at java.base/jdk.internal.reflect.NativeConstructorAccessorImpl.newInstance0(Native Method)
	at java.base/jdk.internal.reflect.NativeConstructorAccessorImpl.newInstance(NativeConstructorAccessorImpl.java:77)
	at java.base/jdk.internal.reflect.DelegatingConstructorAccessorImpl.newInstance(DelegatingConstructorAccessorImpl.java:45)
	at org.openqa.selenium.remote.http.W3CHttpResponseCodec.createException(W3CHttpResponseCodec.java:187)
	at org.openqa.selenium.remote.http.W3CHttpResponseCodec.decode(W3CHttpResponseCodec.java:122)
	at org.openqa.selenium.remote.http.W3CHttpResponseCodec.decode(W3CHttpResponseCodec.java:49)
	at org.openqa.selenium.remote.HttpCommandExecutor.execute(HttpCommandExecutor.java:158)
	at org.openqa.selenium.remote.service.DriverCommandExecutor.execute(DriverCommandExecutor.java:83)
	at org.openqa.selenium.remote.RemoteWebDriver.execute(RemoteWebDriver.java:552)
	at com.kms.katalon.selenium.driver.CChromeDriver.execute(CChromeDriver.java:19)
	at org.openqa.selenium.remote.RemoteWebElement.execute(RemoteWebElement.java:285)
	at org.openqa.selenium.remote.RemoteWebElement.click(RemoteWebElement.java:84)
	at jdk.internal.reflect.GeneratedMethodAccessor16.invoke(Unknown Source)
	at java.base/jdk.internal.reflect.DelegatingMethodAccessorImpl.invoke(DelegatingMethodAccessorImpl.java:43)
	at org.openqa.selenium.support.events.EventFiringWebDriver$EventFiringWebElement.lambda$new$0(EventFiringWebDriver.java:404)
	at jdk.proxy2/jdk.proxy2.$Proxy24.click(Unknown Source)
	at org.openqa.selenium.support.events.EventFiringWebDriver$EventFiringWebElement.click(EventFiringWebDriver.java:417)
	at Short_Courses.run(Short_Courses:55)
	at com.kms.katalon.core.main.ScriptEngine.run(ScriptEngine.java:194)
	at com.kms.katalon.core.main.ScriptEngine.runScriptAsRawText(ScriptEngine.java:119)
	at com.kms.katalon.core.main.TestCaseExecutor.runScript(TestCaseExecutor.java:448)
	at com.kms.katalon.core.main.TestCaseExecutor.doExecute(TestCaseExecutor.java:439)
	at com.kms.katalon.core.main.TestCaseExecutor.processExecutionPhase(TestCaseExecutor.java:418)
	at com.kms.katalon.core.main.TestCaseExecutor.accessMainPhase(TestCaseExecutor.java:410)
	at com.kms.katalon.core.main.TestCaseExecutor.execute(TestCaseExecutor.java:285)
	at com.kms.katalon.core.common.CommonExecutor.accessTestCaseMainPhase(CommonExecutor.java:65)
	at com.kms.katalon.core.main.TestSuiteExecutor.accessTestSuiteMainPhase(TestSuiteExecutor.java:150)
	at com.kms.katalon.core.main.TestSuiteExecutor.execute(TestSuiteExecutor.java:106)
	at com.kms.katalon.core.main.TestCaseMain.startTestSuite(TestCaseMain.java:180)
	at TempTestSuite1729831388364.run(TempTestSuite1729831388364.groovy:35)
	at java.base/jdk.internal.reflect.NativeMethodAccessorImpl.invoke0(Native Method)
	at java.base/jdk.internal.reflect.NativeMethodAccessorImpl.invoke(NativeMethodAccessorImpl.java:77)
	at java.base/jdk.internal.reflect.DelegatingMethodAccessorImpl.invoke(DelegatingMethodAccessorImpl.java:43)]]></system-err>
   </testsuite>
</testsuites>
