<?xml version="1.0" encoding="UTF-8"?>
<testsuites name="Keypath_Testsuite_APAC_SEO" time="96.673" tests="3" failures="0" errors="0">
   <testsuite name="Keypath_Testsuite_APAC_SEO" tests="3" failures="0" errors="0" time="96.673" skipped="0" timestamp="19-09-2024T09:44:25" hostname="madhansivaraj - 192.168.8.116" id="Test Suites/Keypath_Testsuite_APAC_SEO">
      <properties>
         <property name="deviceName" value=""/>
         <property name="devicePlatform"/>
         <property name="logFolder" value="/Users/madhansivaraj/git/Keypath_Automation_Testing_Mster/Reports/20240919_094419/Keypath_Testsuite_APAC_SEO/20240919_094420"/>
         <property name="logFiles" value="/Users/madhansivaraj/git/Keypath_Automation_Testing_Mster/Reports/20240919_094419/Keypath_Testsuite_APAC_SEO/20240919_094420/execution0.log"/>
         <property name="attachments" value=""/>
         <property name="hostName" value="madhansivaraj - 192.168.8.116"/>
         <property name="os" value="Mac OS X 64bit"/>
         <property name="katalonVersion" value="9.6.0.217"/>
         <property name="browser" value="Chrome 128.0.0.0"/>
         <property name="hostAddress" value="192.168.8.116"/>
         <property name="sessionId" value="607f5cbd7720646fd630fc4bf9f42735"/>
         <property name="seleniumVersion" value="3.141.59"/>
         <property name="proxyInformation" value="ProxyInformation { proxyOption=NO_PROXY, proxyServerType=HTTP, username=, password=********, proxyServerAddress=, proxyServerPort=0, executionList=&quot;&quot;, isApplyToDesiredCapabilities=true }"/>
         <property name="platform" value="Mac OS X"/>
      </properties>
      <testcase name="Test Cases/APAC_Universities/SEO_PAGES/MBS_University/Degree_Programs" time="32.452" classname="Test Cases/APAC_Universities/SEO_PAGES/MBS_University/Degree_Programs" status="PASSED">
         <system-out><![CDATA[19-09-2024T09:44:25 - [TEST_CASE][PASSED] - Test Cases/APAC_Universities/SEO_PAGES/MBS_University/Degree_Programs: Test Cases/APAC_Universities/SEO_PAGES/MBS_University/Degree_Programs

19-09-2024T09:44:25 - [TEST_STEP][PASSED] - callTestCase(findTestCase("Test Cases/APAC_Universities/SEO_PAGES/MBS_University/Resuable_Testcases/Navigate_URL"), [:], STOP_ON_FAILURE): Call Test Case 'Test Cases/APAC_Universities/SEO_PAGES/MBS_University/Resuable_Testcases/Navigate_URL' successfully

19-09-2024T09:44:25 - [TEST_CASE][PASSED] - Test Cases/APAC_Universities/SEO_PAGES/MBS_University/Resuable_Testcases/Navigate_URL: Test Cases/APAC_Universities/SEO_PAGES/MBS_University/Resuable_Testcases/Navigate_URL

19-09-2024T09:44:25 - [TEST_STEP][PASSED] - openBrowser(""): Browser is opened with url: ''

19-09-2024T09:44:25 - [MESSAGE][INFO] - Starting 'Chrome' driver

19-09-2024T09:44:25 - [MESSAGE][INFO] - Action delay is set to 0 milliseconds

19-09-2024T09:44:27 - [MESSAGE][PASSED] - Browser is opened with url: ''

19-09-2024T09:44:27 - [TEST_STEP][PASSED] - navigateToUrl(University_MBS): Navigate to 'https://key:path@dev-mbs-mkt.pantheonsite.io/' successfully

19-09-2024T09:44:30 - [MESSAGE][PASSED] - Navigate to 'https://key:path@dev-mbs-mkt.pantheonsite.io/' successfully

19-09-2024T09:44:30 - [TEST_STEP][PASSED] - maximizeWindow(): Current window maximized

19-09-2024T09:44:30 - [MESSAGE][PASSED] - Current window maximized

19-09-2024T09:44:30 - [MESSAGE][PASSED] - Call Test Case 'Test Cases/APAC_Universities/SEO_PAGES/MBS_University/Resuable_Testcases/Navigate_URL' successfully

19-09-2024T09:44:30 - [TEST_STEP][PASSED] - buttonObject = findTestObject("Object Repository/APAC_University/MBS_University/Degree Program/List_DegreePrograms"): null

19-09-2024T09:44:30 - [TEST_STEP][PASSED] - mouseOver(buttonObject): Object: 'Object Repository/APAC_University/MBS_University/Degree Program/List_DegreePrograms' is hovered

19-09-2024T09:44:31 - [MESSAGE][PASSED] - Object: 'Object Repository/APAC_University/MBS_University/Degree Program/List_DegreePrograms' is hovered

19-09-2024T09:44:31 - [TEST_STEP][PASSED] - list1 = findTestObject("Object Repository/APAC_University/MBS_University/Degree Program/DegreePrograms_ListOne"): null

19-09-2024T09:44:31 - [TEST_STEP][PASSED] - list2 = findTestObject("Object Repository/APAC_University/MBS_University/Degree Program/DegreePrograms_Listtwo"): null

19-09-2024T09:44:31 - [TEST_STEP][PASSED] - list3 = findTestObject("Object Repository/APAC_University/MBS_University/Degree Program/DegreePrograms_Listthree"): null

19-09-2024T09:44:31 - [TEST_STEP][PASSED] - list4 = findTestObject("Object Repository/APAC_University/MBS_University/Degree Program/DegreePrograms_Listfour"): null

19-09-2024T09:44:31 - [TEST_STEP][PASSED] - lists = [list1, list2, list3, list4]: null

19-09-2024T09:44:31 - [TEST_STEP][PASSED] - rand = new java.util.Random(): null

19-09-2024T09:44:31 - [TEST_STEP][PASSED] - randomListIndex = rand.nextInt(lists.size()): null

19-09-2024T09:44:31 - [TEST_STEP][PASSED] - selectedList = lists.get(randomListIndex): null

19-09-2024T09:44:31 - [TEST_STEP][PASSED] - waitForElementVisible(selectedList, 10): Object 'Object Repository/APAC_University/MBS_University/Degree Program/DegreePrograms_Listthree' is visible

19-09-2024T09:44:31 - [MESSAGE][PASSED] - Object 'Object Repository/APAC_University/MBS_University/Degree Program/DegreePrograms_Listthree' is visible

19-09-2024T09:44:31 - [TEST_STEP][PASSED] - listItems = findWebElements(selectedList, 30): Found web elements by test object Object Repository/APAC_University/MBS_University/Degree Program/DegreePrograms_Listthree

19-09-2024T09:44:33 - [MESSAGE][PASSED] - Found web elements by test object Object Repository/APAC_University/MBS_University/Degree Program/DegreePrograms_Listthree

19-09-2024T09:44:33 - [TEST_STEP][PASSED] - if (listItems.size() > 0): null

19-09-2024T09:44:33 - [TEST_STEP][PASSED] - randomItemIndex = rand.nextInt(listItems.size()): null

19-09-2024T09:44:33 - [TEST_STEP][PASSED] - randomItem = listItems.get(randomItemIndex): null

19-09-2024T09:44:33 - [TEST_STEP][PASSED] - randomItem.click(): null

19-09-2024T09:44:35 - [TEST_STEP][PASSED] - FirstName = keyPathPackage.customKeywords.generateRandomFirstName(): keyPathPackage.customKeywords.generateRandomFirstName is PASSED

19-09-2024T09:44:35 - [MESSAGE][PASSED] - keyPathPackage.customKeywords.generateRandomFirstName is PASSED

19-09-2024T09:44:35 - [TEST_STEP][PASSED] - setText(findTestObject("Object Repository/APAC_University/MBS_University/Degree Program/Field_Firstname"), FirstName): Text 'Adrianne' is set on object 'Object Repository/APAC_University/MBS_University/Degree Program/Field_Firstname'

19-09-2024T09:44:38 - [MESSAGE][PASSED] - Text 'Adrianne' is set on object 'Object Repository/APAC_University/MBS_University/Degree Program/Field_Firstname'

19-09-2024T09:44:38 - [TEST_STEP][PASSED] - LastName = keyPathPackage.customKeywords.generateRandomLastName(): keyPathPackage.customKeywords.generateRandomLastName is PASSED

19-09-2024T09:44:38 - [MESSAGE][PASSED] - keyPathPackage.customKeywords.generateRandomLastName is PASSED

19-09-2024T09:44:38 - [TEST_STEP][PASSED] - setText(findTestObject("Object Repository/APAC_University/MBS_University/Degree Program/Field_Lastname"), LastName): Text 'Testing Lind' is set on object 'Object Repository/APAC_University/MBS_University/Degree Program/Field_Lastname'

19-09-2024T09:44:39 - [MESSAGE][PASSED] - Text 'Testing Lind' is set on object 'Object Repository/APAC_University/MBS_University/Degree Program/Field_Lastname'

19-09-2024T09:44:39 - [TEST_STEP][PASSED] - click(findTestObject("Object Repository/APAC_University/MBS_University/Degree Program/Button_NextStep2")): Object: 'Object Repository/APAC_University/MBS_University/Degree Program/Button_NextStep2' is clicked on

19-09-2024T09:44:39 - [MESSAGE][PASSED] - Object: 'Object Repository/APAC_University/MBS_University/Degree Program/Button_NextStep2' is clicked on

19-09-2024T09:44:39 - [TEST_STEP][PASSED] - dropdown = findTestObject("Object Repository/APAC_University/MBS_University/Degree Program/Dropdown_Bachelor_Experience"): null

19-09-2024T09:44:39 - [TEST_STEP][PASSED] - options = ["yes", "no"]: null

19-09-2024T09:44:39 - [TEST_STEP][PASSED] - randomOption = options[Random().nextInt(length)]: null

19-09-2024T09:44:39 - [TEST_STEP][PASSED] - selectOptionByValue(dropdown, randomOption, true): All options with value 'no' are selected in object 'Object Repository/APAC_University/MBS_University/Degree Program/Dropdown_Bachelor_Experience'  using regular expression

19-09-2024T09:44:42 - [MESSAGE][PASSED] - All options with value 'no' are selected in object 'Object Repository/APAC_University/MBS_University/Degree Program/Dropdown_Bachelor_Experience'  using regular expression

19-09-2024T09:44:42 - [TEST_STEP][PASSED] - if (randomOption.equals("no")): All options with index in [1] are selected on object 'Object Repository/APAC_University/MBS_University/Degree Program/Dropdown_Workexperience'

19-09-2024T09:44:42 - [TEST_STEP][PASSED] - delay(3): Delayed 3 second(s)

19-09-2024T09:44:45 - [MESSAGE][PASSED] - Delayed 3 second(s)

19-09-2024T09:44:45 - [TEST_STEP][PASSED] - WorkExperience = findTestObject("Object Repository/APAC_University/MBS_University/Degree Program/Dropdown_Workexperience"): null

19-09-2024T09:44:45 - [TEST_STEP][PASSED] - selectOptionByIndex(WorkExperience, 1): All options with index in [1] are selected on object 'Object Repository/APAC_University/MBS_University/Degree Program/Dropdown_Workexperience'

19-09-2024T09:44:46 - [MESSAGE][PASSED] - All options with index in [1] are selected on object 'Object Repository/APAC_University/MBS_University/Degree Program/Dropdown_Workexperience'

19-09-2024T09:44:46 - [TEST_STEP][PASSED] - startdate = findTestObject("Object Repository/APAC_University/MBS_University/Degree Program/Dropdown_Startdate"): null

19-09-2024T09:44:46 - [TEST_STEP][PASSED] - selectOptionByIndex(startdate, keyPathPackage.customKeywords.selectRandomOptionFromDropdown()): All options with index in [1] are selected on object 'Object Repository/APAC_University/MBS_University/Degree Program/Dropdown_Startdate'

19-09-2024T09:44:46 - [MESSAGE][PASSED] - keyPathPackage.customKeywords.selectRandomOptionFromDropdown is PASSED

19-09-2024T09:44:47 - [MESSAGE][PASSED] - All options with index in [1] are selected on object 'Object Repository/APAC_University/MBS_University/Degree Program/Dropdown_Startdate'

19-09-2024T09:44:47 - [TEST_STEP][PASSED] - Enquiryreason = findTestObject("Object Repository/APAC_University/MBS_University/Degree Program/Dropdown_Enquiry"): null

19-09-2024T09:44:47 - [TEST_STEP][PASSED] - selectOptionByIndex(Enquiryreason, keyPathPackage.customKeywords.selectRandomOptionFromDropdown()): All options with index in [1] are selected on object 'Object Repository/APAC_University/MBS_University/Degree Program/Dropdown_Enquiry'

19-09-2024T09:44:47 - [MESSAGE][PASSED] - keyPathPackage.customKeywords.selectRandomOptionFromDropdown is PASSED

19-09-2024T09:44:48 - [MESSAGE][PASSED] - All options with index in [1] are selected on object 'Object Repository/APAC_University/MBS_University/Degree Program/Dropdown_Enquiry'

19-09-2024T09:44:48 - [TEST_STEP][PASSED] - delay(2): Delayed 2 second(s)

19-09-2024T09:44:50 - [MESSAGE][PASSED] - Delayed 2 second(s)

19-09-2024T09:44:50 - [TEST_STEP][PASSED] - scrollToElement(findTestObject("Object Repository/APAC_University/MBS_University/Degree Program/Button_NextStep3"), 3): Scroll to object 'Object Repository/APAC_University/MBS_University/Degree Program/Button_NextStep3' successfully

19-09-2024T09:44:51 - [MESSAGE][PASSED] - Scroll to object 'Object Repository/APAC_University/MBS_University/Degree Program/Button_NextStep3' successfully

19-09-2024T09:44:51 - [TEST_STEP][PASSED] - click(findTestObject("Object Repository/APAC_University/MBS_University/Degree Program/Button_NextStep3")): Object: 'Object Repository/APAC_University/MBS_University/Degree Program/Button_NextStep3' is clicked on

19-09-2024T09:44:51 - [MESSAGE][PASSED] - Object: 'Object Repository/APAC_University/MBS_University/Degree Program/Button_NextStep3' is clicked on

19-09-2024T09:44:51 - [TEST_STEP][PASSED] - Email = keyPathPackage.customKeywords.generateRandomEmail(): keyPathPackage.customKeywords.generateRandomEmail is PASSED

19-09-2024T09:44:51 - [MESSAGE][PASSED] - keyPathPackage.customKeywords.generateRandomEmail is PASSED

19-09-2024T09:44:51 - [TEST_STEP][PASSED] - setText(findTestObject("Object Repository/APAC_University/MBS_University/Degree Program/Field_Email"), Email): Text 'weston.kessler@yahoo.com' is set on object 'Object Repository/APAC_University/MBS_University/Degree Program/Field_Email'

19-09-2024T09:44:54 - [MESSAGE][PASSED] - Text 'weston.kessler@yahoo.com' is set on object 'Object Repository/APAC_University/MBS_University/Degree Program/Field_Email'

19-09-2024T09:44:54 - [TEST_STEP][PASSED] - Phonenumber = keyPathPackage.customKeywords.generateRandomAustralianPhoneNumber(): keyPathPackage.customKeywords.generateRandomAustralianPhoneNumber is PASSED

19-09-2024T09:44:54 - [MESSAGE][PASSED] - keyPathPackage.customKeywords.generateRandomAustralianPhoneNumber is PASSED

19-09-2024T09:44:54 - [TEST_STEP][PASSED] - setText(findTestObject("Object Repository/APAC_University/MBS_University/Degree Program/Field_Phonenumber"), Phonenumber): Text '0481863714' is set on object 'Object Repository/APAC_University/MBS_University/Degree Program/Field_Phonenumber'

19-09-2024T09:44:55 - [MESSAGE][PASSED] - Text '0481863714' is set on object 'Object Repository/APAC_University/MBS_University/Degree Program/Field_Phonenumber'

19-09-2024T09:44:55 - [TEST_STEP][PASSED] - Postcode = keyPathPackage.customKeywords.selectRandomPostCode(): keyPathPackage.customKeywords.selectRandomPostCode is PASSED

19-09-2024T09:44:55 - [MESSAGE][PASSED] - keyPathPackage.customKeywords.selectRandomPostCode is PASSED

19-09-2024T09:44:55 - [TEST_STEP][PASSED] - setText(findTestObject("Object Repository/APAC_University/MBS_University/Degree Program/Field_Postcode"), Postcode): Text '8048' is set on object 'Object Repository/APAC_University/MBS_University/Degree Program/Field_Postcode'

19-09-2024T09:44:55 - [MESSAGE][PASSED] - Text '8048' is set on object 'Object Repository/APAC_University/MBS_University/Degree Program/Field_Postcode'

19-09-2024T09:44:55 - [TEST_STEP][PASSED] - setText(findTestObject("Object Repository/APAC_University/MBS_University/Degree Program/Field_Postcode"), Postcode): Text '8048' is set on object 'Object Repository/APAC_University/MBS_University/Degree Program/Field_Postcode'

19-09-2024T09:44:56 - [MESSAGE][PASSED] - Text '8048' is set on object 'Object Repository/APAC_University/MBS_University/Degree Program/Field_Postcode'

19-09-2024T09:44:56 - [TEST_STEP][PASSED] - click(findTestObject("Object Repository/APAC_University/MBS_University/Degree Program/Button_Downloadbrochure")): Object: 'Object Repository/APAC_University/MBS_University/Degree Program/Button_Downloadbrochure' is clicked on

19-09-2024T09:44:57 - [MESSAGE][PASSED] - Object: 'Object Repository/APAC_University/MBS_University/Degree Program/Button_Downloadbrochure' is clicked on]]></system-out>
         <system-err><![CDATA[]]></system-err>
      </testcase>
      <testcase name="Test Cases/APAC_Universities/SEO_PAGES/MBS_University/Short_Courses" time="27.108" classname="Test Cases/APAC_Universities/SEO_PAGES/MBS_University/Short_Courses" status="PASSED">
         <system-out><![CDATA[19-09-2024T09:44:57 - [TEST_CASE][PASSED] - Test Cases/APAC_Universities/SEO_PAGES/MBS_University/Short_Courses: Test Cases/APAC_Universities/SEO_PAGES/MBS_University/Short_Courses

19-09-2024T09:44:57 - [TEST_STEP][PASSED] - buttonObject = findTestObject("Object Repository/APAC_University/MBS_University/Short_Courses/List_ShortCourses"): null

19-09-2024T09:44:57 - [TEST_STEP][PASSED] - mouseOver(buttonObject): Object: 'Object Repository/APAC_University/MBS_University/Short_Courses/List_ShortCourses' is hovered

19-09-2024T09:45:07 - [MESSAGE][PASSED] - Object: 'Object Repository/APAC_University/MBS_University/Short_Courses/List_ShortCourses' is hovered

19-09-2024T09:45:07 - [TEST_STEP][PASSED] - list1 = findTestObject("Object Repository/APAC_University/MBS_University/Short_Courses/Shortcourse_Listone"): null

19-09-2024T09:45:07 - [TEST_STEP][PASSED] - list2 = findTestObject("Object Repository/APAC_University/MBS_University/Short_Courses/Shortcourse_Listtwo"): null

19-09-2024T09:45:07 - [TEST_STEP][PASSED] - list3 = findTestObject("Object Repository/APAC_University/MBS_University/Short_Courses/Shortcourse_Listthree"): null

19-09-2024T09:45:07 - [TEST_STEP][PASSED] - lists = [list1, list2, list3]: null

19-09-2024T09:45:07 - [TEST_STEP][PASSED] - rand = new java.util.Random(): null

19-09-2024T09:45:07 - [TEST_STEP][PASSED] - randomListIndex = rand.nextInt(lists.size()): null

19-09-2024T09:45:07 - [TEST_STEP][PASSED] - selectedList = lists.get(randomListIndex): null

19-09-2024T09:45:07 - [TEST_STEP][PASSED] - waitForElementVisible(selectedList, 10): Object 'Object Repository/APAC_University/MBS_University/Short_Courses/Shortcourse_Listone' is visible

19-09-2024T09:45:07 - [MESSAGE][PASSED] - Object 'Object Repository/APAC_University/MBS_University/Short_Courses/Shortcourse_Listone' is visible

19-09-2024T09:45:07 - [TEST_STEP][PASSED] - listItems = findWebElements(selectedList, 30): Found web elements by test object Object Repository/APAC_University/MBS_University/Short_Courses/Shortcourse_Listone

19-09-2024T09:45:08 - [MESSAGE][PASSED] - Found web elements by test object Object Repository/APAC_University/MBS_University/Short_Courses/Shortcourse_Listone

19-09-2024T09:45:08 - [TEST_STEP][PASSED] - if (listItems.size() > 0): null

19-09-2024T09:45:08 - [TEST_STEP][PASSED] - randomItemIndex = rand.nextInt(listItems.size()): null

19-09-2024T09:45:08 - [TEST_STEP][PASSED] - randomItem = listItems.get(randomItemIndex): null

19-09-2024T09:45:08 - [TEST_STEP][PASSED] - randomItem.click(): null

19-09-2024T09:45:10 - [TEST_STEP][PASSED] - FirstName = keyPathPackage.customKeywords.generateRandomFirstName(): keyPathPackage.customKeywords.generateRandomFirstName is PASSED

19-09-2024T09:45:10 - [MESSAGE][PASSED] - keyPathPackage.customKeywords.generateRandomFirstName is PASSED

19-09-2024T09:45:10 - [TEST_STEP][PASSED] - setText(findTestObject("Object Repository/APAC_University/MBS_University/Short_Courses/Field_Firstname"), FirstName): Text 'Daniella' is set on object 'Object Repository/APAC_University/MBS_University/Short_Courses/Field_Firstname'

19-09-2024T09:45:12 - [MESSAGE][PASSED] - Text 'Daniella' is set on object 'Object Repository/APAC_University/MBS_University/Short_Courses/Field_Firstname'

19-09-2024T09:45:12 - [TEST_STEP][PASSED] - LastName = keyPathPackage.customKeywords.generateRandomLastName(): keyPathPackage.customKeywords.generateRandomLastName is PASSED

19-09-2024T09:45:12 - [MESSAGE][PASSED] - keyPathPackage.customKeywords.generateRandomLastName is PASSED

19-09-2024T09:45:12 - [TEST_STEP][PASSED] - setText(findTestObject("Object Repository/APAC_University/MBS_University/Short_Courses/Field_Lastname"), LastName): Text 'Testing McCullough' is set on object 'Object Repository/APAC_University/MBS_University/Short_Courses/Field_Lastname'

19-09-2024T09:45:13 - [MESSAGE][PASSED] - Text 'Testing McCullough' is set on object 'Object Repository/APAC_University/MBS_University/Short_Courses/Field_Lastname'

19-09-2024T09:45:13 - [TEST_STEP][PASSED] - Email = keyPathPackage.customKeywords.generateRandomEmail(): keyPathPackage.customKeywords.generateRandomEmail is PASSED

19-09-2024T09:45:13 - [MESSAGE][PASSED] - keyPathPackage.customKeywords.generateRandomEmail is PASSED

19-09-2024T09:45:13 - [TEST_STEP][PASSED] - setText(findTestObject("Object Repository/APAC_University/MBS_University/Short_Courses/Field_Email"), Email): Text 'ulysses.wolf@yahoo.com' is set on object 'Object Repository/APAC_University/MBS_University/Short_Courses/Field_Email'

19-09-2024T09:45:13 - [MESSAGE][PASSED] - Text 'ulysses.wolf@yahoo.com' is set on object 'Object Repository/APAC_University/MBS_University/Short_Courses/Field_Email'

19-09-2024T09:45:13 - [TEST_STEP][PASSED] - Phonenumber = keyPathPackage.customKeywords.generateRandomAustralianPhoneNumber(): keyPathPackage.customKeywords.generateRandomAustralianPhoneNumber is PASSED

19-09-2024T09:45:13 - [MESSAGE][PASSED] - keyPathPackage.customKeywords.generateRandomAustralianPhoneNumber is PASSED

19-09-2024T09:45:13 - [TEST_STEP][PASSED] - setText(findTestObject("Object Repository/APAC_University/MBS_University/Short_Courses/Field_Phonenumber"), Phonenumber): Text '0407331990' is set on object 'Object Repository/APAC_University/MBS_University/Short_Courses/Field_Phonenumber'

19-09-2024T09:45:14 - [MESSAGE][PASSED] - Text '0407331990' is set on object 'Object Repository/APAC_University/MBS_University/Short_Courses/Field_Phonenumber'

19-09-2024T09:45:14 - [TEST_STEP][PASSED] - Company = keyPathPackage.customKeywords.selectRandomCompany(): keyPathPackage.customKeywords.selectRandomCompany is PASSED

19-09-2024T09:45:14 - [MESSAGE][PASSED] - keyPathPackage.customKeywords.selectRandomCompany is PASSED

19-09-2024T09:45:14 - [TEST_STEP][PASSED] - setText(findTestObject("Object Repository/APAC_University/MBS_University/Short_Courses/Field_Company"), Company): Text 'Abernathy, Conroy and Funk' is set on object 'Object Repository/APAC_University/MBS_University/Short_Courses/Field_Company'

19-09-2024T09:45:14 - [MESSAGE][PASSED] - Text 'Abernathy, Conroy and Funk' is set on object 'Object Repository/APAC_University/MBS_University/Short_Courses/Field_Company'

19-09-2024T09:45:14 - [TEST_STEP][PASSED] - Role = keyPathPackage.customKeywords.selectRandomRole(): keyPathPackage.customKeywords.selectRandomRole is PASSED

19-09-2024T09:45:14 - [MESSAGE][PASSED] - keyPathPackage.customKeywords.selectRandomRole is PASSED

19-09-2024T09:45:14 - [TEST_STEP][PASSED] - setText(findTestObject("Object Repository/APAC_University/MBS_University/Short_Courses/Field_Role"), Role): Text 'judge' is set on object 'Object Repository/APAC_University/MBS_University/Short_Courses/Field_Role'

19-09-2024T09:45:15 - [MESSAGE][PASSED] - Text 'judge' is set on object 'Object Repository/APAC_University/MBS_University/Short_Courses/Field_Role'

19-09-2024T09:45:15 - [TEST_STEP][PASSED] - click(findTestObject("Object Repository/APAC_University/MBS_University/Short_Courses/Button_Download")): Object: 'Object Repository/APAC_University/MBS_University/Short_Courses/Button_Download' is clicked on

19-09-2024T09:45:19 - [MESSAGE][PASSED] - Object: 'Object Repository/APAC_University/MBS_University/Short_Courses/Button_Download' is clicked on

19-09-2024T09:45:19 - [TEST_STEP][PASSED] - delay(5): Delayed 5 second(s)

19-09-2024T09:45:24 - [MESSAGE][PASSED] - Delayed 5 second(s)

19-09-2024T09:45:24 - [TEST_STEP][PASSED] - verifyElementText(findTestObject("Object Repository/APAC_University/MBS_University/Verify_Message"), "Thanks for your request"): Actual text and expected text of test object 'Object Repository/APAC_University/MBS_University/Verify_Message' are matched.

19-09-2024T09:45:24 - [MESSAGE][PASSED] - Actual text and expected text of test object 'Object Repository/APAC_University/MBS_University/Verify_Message' are matched.]]></system-out>
         <system-err><![CDATA[]]></system-err>
      </testcase>
      <testcase name="Test Cases/APAC_Universities/SEO_PAGES/MBS_University/Enrol_Now" time="37.05" classname="Test Cases/APAC_Universities/SEO_PAGES/MBS_University/Enrol_Now" status="PASSED">
         <system-out><![CDATA[19-09-2024T09:45:24 - [TEST_CASE][PASSED] - Test Cases/APAC_Universities/SEO_PAGES/MBS_University/Enrol_Now: Test Cases/APAC_Universities/SEO_PAGES/MBS_University/Enrol_Now

19-09-2024T09:45:24 - [TEST_STEP][PASSED] - buttonObject = findTestObject("Object Repository/APAC_University/MBS_University/Short_Courses/List_ShortCourses"): null

19-09-2024T09:45:24 - [TEST_STEP][PASSED] - mouseOver(buttonObject): Object: 'Object Repository/APAC_University/MBS_University/Short_Courses/List_ShortCourses' is hovered

19-09-2024T09:45:25 - [MESSAGE][PASSED] - Object: 'Object Repository/APAC_University/MBS_University/Short_Courses/List_ShortCourses' is hovered

19-09-2024T09:45:25 - [TEST_STEP][PASSED] - list1 = findTestObject("Object Repository/APAC_University/MBS_University/Short_Courses/Shortcourse_Listone"): null

19-09-2024T09:45:25 - [TEST_STEP][PASSED] - list2 = findTestObject("Object Repository/APAC_University/MBS_University/Short_Courses/Shortcourse_Listtwo"): null

19-09-2024T09:45:25 - [TEST_STEP][PASSED] - list3 = findTestObject("Object Repository/APAC_University/MBS_University/Short_Courses/Shortcourse_Listthree"): null

19-09-2024T09:45:25 - [TEST_STEP][PASSED] - lists = [list1, list2, list3]: null

19-09-2024T09:45:25 - [TEST_STEP][PASSED] - rand = new java.util.Random(): null

19-09-2024T09:45:25 - [TEST_STEP][PASSED] - randomListIndex = rand.nextInt(lists.size()): null

19-09-2024T09:45:25 - [TEST_STEP][PASSED] - selectedList = lists.get(randomListIndex): null

19-09-2024T09:45:25 - [TEST_STEP][PASSED] - waitForElementVisible(selectedList, 10): Object 'Object Repository/APAC_University/MBS_University/Short_Courses/Shortcourse_Listtwo' is visible

19-09-2024T09:45:25 - [MESSAGE][PASSED] - Object 'Object Repository/APAC_University/MBS_University/Short_Courses/Shortcourse_Listtwo' is visible

19-09-2024T09:45:25 - [TEST_STEP][PASSED] - listItems = findWebElements(selectedList, 30): Found web elements by test object Object Repository/APAC_University/MBS_University/Short_Courses/Shortcourse_Listtwo

19-09-2024T09:45:25 - [MESSAGE][PASSED] - Found web elements by test object Object Repository/APAC_University/MBS_University/Short_Courses/Shortcourse_Listtwo

19-09-2024T09:45:25 - [TEST_STEP][PASSED] - if (listItems.size() > 0): null

19-09-2024T09:45:25 - [TEST_STEP][PASSED] - randomItemIndex = rand.nextInt(listItems.size()): null

19-09-2024T09:45:25 - [TEST_STEP][PASSED] - randomItem = listItems.get(randomItemIndex): null

19-09-2024T09:45:25 - [TEST_STEP][PASSED] - randomItem.click(): null

19-09-2024T09:45:26 - [TEST_STEP][PASSED] - scrollToElement(findTestObject("Object Repository/APAC_University/MBS_University/Enrol_Now/Button_Enrol_Now"), 3): Scroll to object 'Object Repository/APAC_University/MBS_University/Enrol_Now/Button_Enrol_Now' successfully

19-09-2024T09:45:29 - [MESSAGE][PASSED] - Scroll to object 'Object Repository/APAC_University/MBS_University/Enrol_Now/Button_Enrol_Now' successfully

19-09-2024T09:45:29 - [TEST_STEP][PASSED] - waitForElementClickable(findTestObject("Object Repository/APAC_University/MBS_University/Enrol_Now/Button_Enrol_Now"), 20): Object 'Object Repository/APAC_University/MBS_University/Enrol_Now/Button_Enrol_Now' is clickable

19-09-2024T09:45:29 - [MESSAGE][PASSED] - Object 'Object Repository/APAC_University/MBS_University/Enrol_Now/Button_Enrol_Now' is clickable

19-09-2024T09:45:29 - [TEST_STEP][PASSED] - click(findTestObject("Object Repository/APAC_University/MBS_University/Enrol_Now/Button_Enrol_Now")): Object: 'Object Repository/APAC_University/MBS_University/Enrol_Now/Button_Enrol_Now' is clicked on

19-09-2024T09:45:33 - [MESSAGE][PASSED] - Object: 'Object Repository/APAC_University/MBS_University/Enrol_Now/Button_Enrol_Now' is clicked on

19-09-2024T09:45:33 - [TEST_STEP][PASSED] - setText(findTestObject("Object Repository/APAC_University/MBS_University/Enrol_Now/Field_Firstname"), "Testkeypath"): Text 'Testkeypath' is set on object 'Object Repository/APAC_University/MBS_University/Enrol_Now/Field_Firstname'

19-09-2024T09:45:36 - [MESSAGE][PASSED] - Text 'Testkeypath' is set on object 'Object Repository/APAC_University/MBS_University/Enrol_Now/Field_Firstname'

19-09-2024T09:45:36 - [TEST_STEP][PASSED] - setText(findTestObject("Object Repository/APAC_University/MBS_University/Enrol_Now/Field_Secondname"), "Dummy"): Text 'Dummy' is set on object 'Object Repository/APAC_University/MBS_University/Enrol_Now/Field_Secondname'

19-09-2024T09:45:36 - [MESSAGE][PASSED] - Text 'Dummy' is set on object 'Object Repository/APAC_University/MBS_University/Enrol_Now/Field_Secondname'

19-09-2024T09:45:36 - [TEST_STEP][PASSED] - Email = keyPathPackage.customKeywords.generateRandomEmail(): keyPathPackage.customKeywords.generateRandomEmail is PASSED

19-09-2024T09:45:36 - [MESSAGE][PASSED] - keyPathPackage.customKeywords.generateRandomEmail is PASSED

19-09-2024T09:45:36 - [TEST_STEP][PASSED] - setText(findTestObject("Object Repository/APAC_University/MBS_University/Enrol_Now/Field_Email"), Email): Text 'denver.murazik@gmail.com' is set on object 'Object Repository/APAC_University/MBS_University/Enrol_Now/Field_Email'

19-09-2024T09:45:37 - [MESSAGE][PASSED] - Text 'denver.murazik@gmail.com' is set on object 'Object Repository/APAC_University/MBS_University/Enrol_Now/Field_Email'

19-09-2024T09:45:37 - [TEST_STEP][PASSED] - setText(findTestObject("Object Repository/APAC_University/MBS_University/Enrol_Now/Field_ConfirmEmail"), Email): Text 'denver.murazik@gmail.com' is set on object 'Object Repository/APAC_University/MBS_University/Enrol_Now/Field_ConfirmEmail'

19-09-2024T09:45:37 - [MESSAGE][PASSED] - Text 'denver.murazik@gmail.com' is set on object 'Object Repository/APAC_University/MBS_University/Enrol_Now/Field_ConfirmEmail'

19-09-2024T09:45:37 - [TEST_STEP][PASSED] - Phonenumber = keyPathPackage.customKeywords.generateRandomAustralianPhoneNumber(): keyPathPackage.customKeywords.generateRandomAustralianPhoneNumber is PASSED

19-09-2024T09:45:37 - [MESSAGE][PASSED] - keyPathPackage.customKeywords.generateRandomAustralianPhoneNumber is PASSED

19-09-2024T09:45:37 - [TEST_STEP][PASSED] - setText(findTestObject("Object Repository/APAC_University/MBS_University/Enrol_Now/Field_Phonenumber"), Phonenumber): Text '0495204247' is set on object 'Object Repository/APAC_University/MBS_University/Enrol_Now/Field_Phonenumber'

19-09-2024T09:45:38 - [MESSAGE][PASSED] - Text '0495204247' is set on object 'Object Repository/APAC_University/MBS_University/Enrol_Now/Field_Phonenumber'

19-09-2024T09:45:38 - [TEST_STEP][PASSED] - check(findTestObject("Object Repository/APAC_University/MBS_University/Enrol_Now/Check_Box")): Object 'Object Repository/APAC_University/MBS_University/Enrol_Now/Check_Box' is checked

19-09-2024T09:45:38 - [MESSAGE][PASSED] - Object 'Object Repository/APAC_University/MBS_University/Enrol_Now/Check_Box' is checked

19-09-2024T09:45:38 - [TEST_STEP][PASSED] - verifyElementChecked(findTestObject("Object Repository/APAC_University/MBS_University/Enrol_Now/Check_Box"), 30): Object 'Object Repository/APAC_University/MBS_University/Enrol_Now/Check_Box' is checked

19-09-2024T09:45:39 - [MESSAGE][PASSED] - Object 'Object Repository/APAC_University/MBS_University/Enrol_Now/Check_Box' is checked

19-09-2024T09:45:39 - [TEST_STEP][PASSED] - scrollToElement(findTestObject("Object Repository/APAC_University/MBS_University/Enrol_Now/Button_Payment"), 3): Scroll to object 'Object Repository/APAC_University/MBS_University/Enrol_Now/Button_Payment' successfully

19-09-2024T09:45:39 - [MESSAGE][PASSED] - Scroll to object 'Object Repository/APAC_University/MBS_University/Enrol_Now/Button_Payment' successfully

19-09-2024T09:45:39 - [TEST_STEP][PASSED] - waitForElementClickable(findTestObject("Object Repository/APAC_University/MBS_University/Enrol_Now/Button_Payment"), 20): Object 'Object Repository/APAC_University/MBS_University/Enrol_Now/Button_Payment' is clickable

19-09-2024T09:45:39 - [MESSAGE][PASSED] - Object 'Object Repository/APAC_University/MBS_University/Enrol_Now/Button_Payment' is clickable

19-09-2024T09:45:39 - [TEST_STEP][PASSED] - click(findTestObject("Object Repository/APAC_University/MBS_University/Enrol_Now/Button_Payment")): Object: 'Object Repository/APAC_University/MBS_University/Enrol_Now/Button_Payment' is clicked on

19-09-2024T09:45:42 - [MESSAGE][PASSED] - Object: 'Object Repository/APAC_University/MBS_University/Enrol_Now/Button_Payment' is clicked on

19-09-2024T09:45:42 - [TEST_STEP][PASSED] - waitForElementPresent(findTestObject("Object Repository/APAC_University/MBS_University/Enrol_Now/Iframe_Cardnumber"), 10): Object 'Object Repository/APAC_University/MBS_University/Enrol_Now/Iframe_Cardnumber' is present

19-09-2024T09:45:43 - [MESSAGE][PASSED] - Object 'Object Repository/APAC_University/MBS_University/Enrol_Now/Iframe_Cardnumber' is present

19-09-2024T09:45:43 - [TEST_STEP][PASSED] - switchToFrame(findTestObject("Object Repository/APAC_University/MBS_University/Enrol_Now/Iframe_Cardnumber"), 10): null

19-09-2024T09:45:43 - [TEST_STEP][PASSED] - setText(findTestObject("Object Repository/APAC_University/MBS_University/Enrol_Now/Field_Cardnumber"), "4111 1111 1111 1111"): Text '4111 1111 1111 1111' is set on object 'Object Repository/APAC_University/MBS_University/Enrol_Now/Field_Cardnumber'

19-09-2024T09:45:43 - [MESSAGE][PASSED] - Text '4111 1111 1111 1111' is set on object 'Object Repository/APAC_University/MBS_University/Enrol_Now/Field_Cardnumber'

19-09-2024T09:45:43 - [TEST_STEP][PASSED] - switchToDefaultContent(): null

19-09-2024T09:45:43 - [TEST_STEP][PASSED] - waitForElementPresent(findTestObject("Object Repository/APAC_University/MBS_University/Enrol_Now/Iframe_Expirydate"), 10): Object 'Object Repository/APAC_University/MBS_University/Enrol_Now/Iframe_Expirydate' is present

19-09-2024T09:45:44 - [MESSAGE][PASSED] - Object 'Object Repository/APAC_University/MBS_University/Enrol_Now/Iframe_Expirydate' is present

19-09-2024T09:45:44 - [TEST_STEP][PASSED] - switchToFrame(findTestObject("Object Repository/APAC_University/MBS_University/Enrol_Now/Iframe_Expirydate"), 10): null

19-09-2024T09:45:45 - [TEST_STEP][PASSED] - Expirydate = keyPathPackage.customKeywords.generateExpiryDate(): keyPathPackage.customKeywords.generateExpiryDate is PASSED

19-09-2024T09:45:45 - [MESSAGE][PASSED] - keyPathPackage.customKeywords.generateExpiryDate is PASSED

19-09-2024T09:45:45 - [TEST_STEP][PASSED] - setText(findTestObject("Object Repository/APAC_University/MBS_University/Enrol_Now/Field_ExpiryDate"), Expirydate): Text '02/25' is set on object 'Object Repository/APAC_University/MBS_University/Enrol_Now/Field_ExpiryDate'

19-09-2024T09:45:45 - [MESSAGE][PASSED] - Text '02/25' is set on object 'Object Repository/APAC_University/MBS_University/Enrol_Now/Field_ExpiryDate'

19-09-2024T09:45:45 - [TEST_STEP][PASSED] - switchToDefaultContent(): null

19-09-2024T09:45:45 - [TEST_STEP][PASSED] - waitForElementPresent(findTestObject("Object Repository/APAC_University/MBS_University/Enrol_Now/Iframe_CVC"), 10): Object 'Object Repository/APAC_University/MBS_University/Enrol_Now/Iframe_CVC' is present

19-09-2024T09:45:45 - [MESSAGE][PASSED] - Object 'Object Repository/APAC_University/MBS_University/Enrol_Now/Iframe_CVC' is present

19-09-2024T09:45:45 - [TEST_STEP][PASSED] - switchToFrame(findTestObject("Object Repository/APAC_University/MBS_University/Enrol_Now/Iframe_CVC"), 10): null

19-09-2024T09:45:45 - [TEST_STEP][PASSED] - CVC = keyPathPackage.customKeywords.generateExpiryDate(): keyPathPackage.customKeywords.generateExpiryDate is PASSED

19-09-2024T09:45:45 - [MESSAGE][PASSED] - keyPathPackage.customKeywords.generateExpiryDate is PASSED

19-09-2024T09:45:45 - [TEST_STEP][PASSED] - setText(findTestObject("Object Repository/APAC_University/MBS_University/Enrol_Now/Field_CVC"), CVC): Text '02/28' is set on object 'Object Repository/APAC_University/MBS_University/Enrol_Now/Field_CVC'

19-09-2024T09:45:45 - [MESSAGE][PASSED] - Text '02/28' is set on object 'Object Repository/APAC_University/MBS_University/Enrol_Now/Field_CVC'

19-09-2024T09:45:45 - [TEST_STEP][PASSED] - switchToDefaultContent(): null

19-09-2024T09:45:45 - [TEST_STEP][PASSED] - check(findTestObject("Object Repository/APAC_University/MBS_University/Enrol_Now/Button_Radio")): Object 'Object Repository/APAC_University/MBS_University/Enrol_Now/Button_Radio' is checked

19-09-2024T09:45:45 - [MESSAGE][PASSED] - Object 'Object Repository/APAC_University/MBS_University/Enrol_Now/Button_Radio' is checked

19-09-2024T09:45:45 - [TEST_STEP][PASSED] - verifyElementChecked(findTestObject("Object Repository/APAC_University/MBS_University/Enrol_Now/Button_Radio"), 30): Object 'Object Repository/APAC_University/MBS_University/Enrol_Now/Button_Radio' is checked

19-09-2024T09:45:46 - [MESSAGE][PASSED] - Object 'Object Repository/APAC_University/MBS_University/Enrol_Now/Button_Radio' is checked

19-09-2024T09:45:46 - [TEST_STEP][PASSED] - Company = keyPathPackage.customKeywords.selectRandomCompany(): keyPathPackage.customKeywords.selectRandomCompany is PASSED

19-09-2024T09:45:46 - [MESSAGE][PASSED] - keyPathPackage.customKeywords.selectRandomCompany is PASSED

19-09-2024T09:45:46 - [TEST_STEP][PASSED] - setText(findTestObject("Object Repository/APAC_University/MBS_University/Enrol_Now/Field_Company"), Company): Text 'Smith LLC' is set on object 'Object Repository/APAC_University/MBS_University/Enrol_Now/Field_Company'

19-09-2024T09:45:46 - [MESSAGE][PASSED] - Text 'Smith LLC' is set on object 'Object Repository/APAC_University/MBS_University/Enrol_Now/Field_Company'

19-09-2024T09:45:46 - [TEST_STEP][PASSED] - setText(findTestObject("Object Repository/APAC_University/MBS_University/Enrol_Now/Field_GIvenFIrstName"), "Onlyfortest"): Text 'Onlyfortest' is set on object 'Object Repository/APAC_University/MBS_University/Enrol_Now/Field_GIvenFIrstName'

19-09-2024T09:45:47 - [MESSAGE][PASSED] - Text 'Onlyfortest' is set on object 'Object Repository/APAC_University/MBS_University/Enrol_Now/Field_GIvenFIrstName'

19-09-2024T09:45:47 - [TEST_STEP][PASSED] - setText(findTestObject("Object Repository/APAC_University/MBS_University/Enrol_Now/Field_GivenLastName"), "onlyfortest"): Text 'onlyfortest' is set on object 'Object Repository/APAC_University/MBS_University/Enrol_Now/Field_GivenLastName'

19-09-2024T09:45:48 - [MESSAGE][PASSED] - Text 'onlyfortest' is set on object 'Object Repository/APAC_University/MBS_University/Enrol_Now/Field_GivenLastName'

19-09-2024T09:45:48 - [TEST_STEP][PASSED] - StreetAddress = keyPathPackage.customKeywords.generateRandomAddressLine1(): keyPathPackage.customKeywords.generateRandomAddressLine1 is PASSED

19-09-2024T09:45:48 - [MESSAGE][PASSED] - keyPathPackage.customKeywords.generateRandomAddressLine1 is PASSED

19-09-2024T09:45:48 - [TEST_STEP][PASSED] - setText(findTestObject("Object Repository/APAC_University/MBS_University/Enrol_Now/Field_Address"), StreetAddress): Text '9936 Blanda Isle' is set on object 'Object Repository/APAC_University/MBS_University/Enrol_Now/Field_Address'

19-09-2024T09:45:48 - [MESSAGE][PASSED] - Text '9936 Blanda Isle' is set on object 'Object Repository/APAC_University/MBS_University/Enrol_Now/Field_Address'

19-09-2024T09:45:48 - [TEST_STEP][PASSED] - Suburb = keyPathPackage.customKeywords.generateRandomSuburb(): keyPathPackage.customKeywords.generateRandomSuburb is PASSED

19-09-2024T09:45:48 - [MESSAGE][PASSED] - keyPathPackage.customKeywords.generateRandomSuburb is PASSED

19-09-2024T09:45:48 - [TEST_STEP][PASSED] - setText(findTestObject("Object Repository/APAC_University/MBS_University/Enrol_Now/Field_Suburb"), Suburb): Text 'Townsville' is set on object 'Object Repository/APAC_University/MBS_University/Enrol_Now/Field_Suburb'

19-09-2024T09:45:49 - [MESSAGE][PASSED] - Text 'Townsville' is set on object 'Object Repository/APAC_University/MBS_University/Enrol_Now/Field_Suburb'

19-09-2024T09:45:49 - [TEST_STEP][PASSED] - State = findTestObject("Object Repository/APAC_University/MBS_University/Enrol_Now/Dropdown_State"): null

19-09-2024T09:45:49 - [TEST_STEP][PASSED] - selectOptionByIndex(State, keyPathPackage.customKeywords.selectRandomOptionFromDropdown()): All options with index in [2] are selected on object 'Object Repository/APAC_University/MBS_University/Enrol_Now/Dropdown_State'

19-09-2024T09:45:49 - [MESSAGE][PASSED] - keyPathPackage.customKeywords.selectRandomOptionFromDropdown is PASSED

19-09-2024T09:45:49 - [MESSAGE][PASSED] - All options with index in [2] are selected on object 'Object Repository/APAC_University/MBS_University/Enrol_Now/Dropdown_State'

19-09-2024T09:45:49 - [TEST_STEP][PASSED] - Postcode = keyPathPackage.customKeywords.selectRandomPostCode(): keyPathPackage.customKeywords.selectRandomPostCode is PASSED

19-09-2024T09:45:49 - [MESSAGE][PASSED] - keyPathPackage.customKeywords.selectRandomPostCode is PASSED

19-09-2024T09:45:49 - [TEST_STEP][PASSED] - setText(findTestObject("Object Repository/APAC_University/MBS_University/Enrol_Now/Field_Postcode"), Postcode): Text '5326' is set on object 'Object Repository/APAC_University/MBS_University/Enrol_Now/Field_Postcode'

19-09-2024T09:45:50 - [MESSAGE][PASSED] - Text '5326' is set on object 'Object Repository/APAC_University/MBS_University/Enrol_Now/Field_Postcode'

19-09-2024T09:45:50 - [TEST_STEP][PASSED] - waitForElementClickable(findTestObject("Object Repository/APAC_University/MBS_University/Enrol_Now/Button_Review_Purchase"), 10): Object 'Object Repository/APAC_University/MBS_University/Enrol_Now/Button_Review_Purchase' is clickable

19-09-2024T09:45:50 - [MESSAGE][PASSED] - Object 'Object Repository/APAC_University/MBS_University/Enrol_Now/Button_Review_Purchase' is clickable

19-09-2024T09:45:50 - [TEST_STEP][PASSED] - click(findTestObject("Object Repository/APAC_University/MBS_University/Enrol_Now/Button_Review_Purchase")): Object: 'Object Repository/APAC_University/MBS_University/Enrol_Now/Button_Review_Purchase' is clicked on

19-09-2024T09:45:50 - [MESSAGE][PASSED] - Object: 'Object Repository/APAC_University/MBS_University/Enrol_Now/Button_Review_Purchase' is clicked on

19-09-2024T09:45:50 - [TEST_STEP][PASSED] - scrollToElement(findTestObject("Object Repository/APAC_University/MBS_University/Enrol_Now/Button_Complete_Purchase"), 3): Scroll to object 'Object Repository/APAC_University/MBS_University/Enrol_Now/Button_Complete_Purchase' successfully

19-09-2024T09:45:53 - [MESSAGE][PASSED] - Scroll to object 'Object Repository/APAC_University/MBS_University/Enrol_Now/Button_Complete_Purchase' successfully

19-09-2024T09:45:53 - [TEST_STEP][PASSED] - waitForElementClickable(findTestObject("Object Repository/APAC_University/MBS_University/Enrol_Now/Button_Complete_Purchase"), 10): Object 'Object Repository/APAC_University/MBS_University/Enrol_Now/Button_Complete_Purchase' is clickable

19-09-2024T09:45:54 - [MESSAGE][PASSED] - Object 'Object Repository/APAC_University/MBS_University/Enrol_Now/Button_Complete_Purchase' is clickable

19-09-2024T09:45:54 - [TEST_STEP][PASSED] - click(findTestObject("Object Repository/APAC_University/MBS_University/Enrol_Now/Button_Complete_Purchase")): Object: 'Object Repository/APAC_University/MBS_University/Enrol_Now/Button_Complete_Purchase' is clicked on

19-09-2024T09:45:55 - [MESSAGE][PASSED] - Object: 'Object Repository/APAC_University/MBS_University/Enrol_Now/Button_Complete_Purchase' is clicked on

19-09-2024T09:45:55 - [TEST_STEP][PASSED] - delay(3): Delayed 3 second(s)

19-09-2024T09:45:58 - [MESSAGE][PASSED] - Delayed 3 second(s)

19-09-2024T09:45:58 - [TEST_STEP][PASSED] - verifyElementText(findTestObject("Object Repository/APAC_University/MBS_University/Enrol_Now/Verify_Order"), "Thank you for your order"): Actual text and expected text of test object 'Object Repository/APAC_University/MBS_University/Enrol_Now/Verify_Order' are matched.

19-09-2024T09:46:01 - [MESSAGE][PASSED] - Actual text and expected text of test object 'Object Repository/APAC_University/MBS_University/Enrol_Now/Verify_Order' are matched.

19-09-2024T09:46:01 - [TEST_STEP][PASSED] - closeBrowser(): Browser is closed

19-09-2024T09:46:01 - [MESSAGE][PASSED] - Browser is closed]]></system-out>
         <system-err><![CDATA[]]></system-err>
      </testcase>
      <system-out><![CDATA[19-09-2024T09:44:25 - [TEST_SUITE][PASSED] - Keypath_Testsuite_APAC_SEO: Test Cases/APAC_Universities/SEO_PAGES/MBS_University/Enrol_Now]]></system-out>
      <system-err><![CDATA[]]></system-err>
   </testsuite>
</testsuites>
