<?xml version="1.0" encoding="UTF-8"?>
<testsuites name="Keypath_Testsuite_APAC_SEO" time="965.361" tests="26" failures="1" errors="0">
   <testsuite name="Keypath_Testsuite_APAC_SEO" tests="26" failures="1" errors="0" time="965.361" skipped="0" timestamp="30-08-2024T12:18:35" hostname="madhansivaraj - 192.168.8.116" id="Test Suites/Keypath_Testsuite_APAC_SEO">
      <properties>
         <property name="deviceName" value=""/>
         <property name="devicePlatform"/>
         <property name="logFolder" value="/Users/madhansivaraj/git/Keypath_Automation_Testing_Mster/Reports/20240830_121830/Keypath_Testsuite_APAC_SEO/20240830_121831"/>
         <property name="logFiles" value="/Users/madhansivaraj/git/Keypath_Automation_Testing_Mster/Reports/20240830_121830/Keypath_Testsuite_APAC_SEO/20240830_121831/execution0.log"/>
         <property name="attachments" value="/Users/madhansivaraj/git/Keypath_Automation_Testing_Mster/Reports/20240830_121830/Keypath_Testsuite_APAC_SEO/20240830_121831/1724985170056.png"/>
         <property name="hostName" value="madhansivaraj - 192.168.8.116"/>
         <property name="os" value="Mac OS X 64bit"/>
         <property name="katalonVersion" value="9.6.0.217"/>
         <property name="browser" value="Chrome 128.0.0.0"/>
         <property name="hostAddress" value="192.168.8.116"/>
         <property name="sessionId" value="8dcccfb1f46b817ea881c0272f5587cd"/>
         <property name="seleniumVersion" value="3.141.59"/>
         <property name="proxyInformation" value="ProxyInformation { proxyOption=NO_PROXY, proxyServerType=HTTP, username=, password=********, proxyServerAddress=, proxyServerPort=0, executionList=&quot;&quot;, isApplyToDesiredCapabilities=true }"/>
         <property name="platform" value="Mac OS X"/>
      </properties>
      <testcase name="Test Cases/APAC_Universities/SEO_PAGES/RMIT_University/Enquiry_Form" time="58.547" classname="Test Cases/APAC_Universities/SEO_PAGES/RMIT_University/Enquiry_Form" status="PASSED">
         <system-out><![CDATA[30-08-2024T12:18:35 - [TEST_CASE][PASSED] - Test Cases/APAC_Universities/SEO_PAGES/RMIT_University/Enquiry_Form: Test Cases/APAC_Universities/SEO_PAGES/RMIT_University/Enquiry_Form

30-08-2024T12:18:35 - [TEST_STEP][PASSED] - callTestCase(findTestCase("Test Cases/APAC_Universities/SEO_PAGES/RMIT_University/Reusuable_Testcases/Naviigate_Url"), [:], STOP_ON_FAILURE): Call Test Case 'Test Cases/APAC_Universities/SEO_PAGES/RMIT_University/Reusuable_Testcases/Naviigate_Url' successfully

30-08-2024T12:18:35 - [TEST_CASE][PASSED] - Test Cases/APAC_Universities/SEO_PAGES/RMIT_University/Reusuable_Testcases/Naviigate_Url: Test Cases/APAC_Universities/SEO_PAGES/RMIT_University/Reusuable_Testcases/Naviigate_Url

30-08-2024T12:18:35 - [TEST_STEP][PASSED] - openBrowser(""): Browser is opened with url: ''

30-08-2024T12:18:35 - [MESSAGE][INFO] - Starting 'Chrome' driver

30-08-2024T12:18:35 - [MESSAGE][INFO] - Action delay is set to 0 milliseconds

30-08-2024T12:18:36 - [MESSAGE][PASSED] - Browser is opened with url: ''

30-08-2024T12:18:36 - [TEST_STEP][PASSED] - navigateToUrl(University_RMIT): Navigate to 'https://key:path@dev-rmit-opm.pantheonsite.io' successfully

30-08-2024T12:19:17 - [MESSAGE][PASSED] - Navigate to 'https://key:path@dev-rmit-opm.pantheonsite.io' successfully

30-08-2024T12:19:17 - [TEST_STEP][PASSED] - maximizeWindow(): Current window maximized

30-08-2024T12:19:18 - [MESSAGE][PASSED] - Current window maximized

30-08-2024T12:19:18 - [MESSAGE][PASSED] - Call Test Case 'Test Cases/APAC_Universities/SEO_PAGES/RMIT_University/Reusuable_Testcases/Naviigate_Url' successfully

30-08-2024T12:19:18 - [TEST_STEP][PASSED] - waitForElementClickable(findTestObject("Object Repository/APAC_University/Rmit_University/Enquiry_Now/Button_Enquiry_Now"), 10): Object 'Object Repository/APAC_University/Rmit_University/Enquiry_Now/Button_Enquiry_Now' is clickable

30-08-2024T12:19:18 - [MESSAGE][PASSED] - Object 'Object Repository/APAC_University/Rmit_University/Enquiry_Now/Button_Enquiry_Now' is clickable

30-08-2024T12:19:18 - [TEST_STEP][PASSED] - click(findTestObject("Object Repository/APAC_University/Rmit_University/Enquiry_Now/Button_Enquiry_Now")): Object: 'Object Repository/APAC_University/Rmit_University/Enquiry_Now/Button_Enquiry_Now' is clicked on

30-08-2024T12:19:18 - [MESSAGE][PASSED] - Object: 'Object Repository/APAC_University/Rmit_University/Enquiry_Now/Button_Enquiry_Now' is clicked on

30-08-2024T12:19:18 - [TEST_STEP][PASSED] - program = findTestObject("Object Repository/APAC_University/Rmit_University/Enquiry_Now/Dropdown_Enquiry_Program"): null

30-08-2024T12:19:18 - [TEST_STEP][PASSED] - selectOptionByIndex(program, keyPathPackage.customKeywords.selectRandomOptionFromDropdown()): All options with index in [1] are selected on object 'Object Repository/APAC_University/Rmit_University/Enquiry_Now/Dropdown_Enquiry_Program'

30-08-2024T12:19:18 - [MESSAGE][PASSED] - keyPathPackage.customKeywords.selectRandomOptionFromDropdown is PASSED

30-08-2024T12:19:19 - [MESSAGE][PASSED] - All options with index in [1] are selected on object 'Object Repository/APAC_University/Rmit_University/Enquiry_Now/Dropdown_Enquiry_Program'

30-08-2024T12:19:19 - [TEST_STEP][PASSED] - FirstName = keyPathPackage.customKeywords.generateRandomFirstName(): keyPathPackage.customKeywords.generateRandomFirstName is PASSED

30-08-2024T12:19:19 - [MESSAGE][PASSED] - keyPathPackage.customKeywords.generateRandomFirstName is PASSED

30-08-2024T12:19:19 - [TEST_STEP][PASSED] - setText(findTestObject("Object Repository/APAC_University/Rmit_University/Enquiry_Now/Field_FirstName"), FirstName): Text 'Shay' is set on object 'Object Repository/APAC_University/Rmit_University/Enquiry_Now/Field_FirstName'

30-08-2024T12:19:20 - [MESSAGE][PASSED] - Text 'Shay' is set on object 'Object Repository/APAC_University/Rmit_University/Enquiry_Now/Field_FirstName'

30-08-2024T12:19:20 - [TEST_STEP][PASSED] - LastName = keyPathPackage.customKeywords.generateRandomLastName(): keyPathPackage.customKeywords.generateRandomLastName is PASSED

30-08-2024T12:19:20 - [MESSAGE][PASSED] - keyPathPackage.customKeywords.generateRandomLastName is PASSED

30-08-2024T12:19:20 - [TEST_STEP][PASSED] - setText(findTestObject("Object Repository/APAC_University/Rmit_University/Enquiry_Now/Field_SecondName"), LastName): Text 'Testing Hills' is set on object 'Object Repository/APAC_University/Rmit_University/Enquiry_Now/Field_SecondName'

30-08-2024T12:19:20 - [MESSAGE][PASSED] - Text 'Testing Hills' is set on object 'Object Repository/APAC_University/Rmit_University/Enquiry_Now/Field_SecondName'

30-08-2024T12:19:20 - [TEST_STEP][PASSED] - waitForElementClickable(findTestObject("Object Repository/APAC_University/Rmit_University/Enquiry_Now/Button_Nextstep2"), 10): Object 'Object Repository/APAC_University/Rmit_University/Enquiry_Now/Button_Nextstep2' is clickable

30-08-2024T12:19:21 - [MESSAGE][PASSED] - Object 'Object Repository/APAC_University/Rmit_University/Enquiry_Now/Button_Nextstep2' is clickable

30-08-2024T12:19:21 - [TEST_STEP][PASSED] - click(findTestObject("Object Repository/APAC_University/Rmit_University/Enquiry_Now/Button_Nextstep2")): Object: 'Object Repository/APAC_University/Rmit_University/Enquiry_Now/Button_Nextstep2' is clicked on

30-08-2024T12:19:21 - [MESSAGE][PASSED] - Object: 'Object Repository/APAC_University/Rmit_University/Enquiry_Now/Button_Nextstep2' is clicked on

30-08-2024T12:19:21 - [TEST_STEP][PASSED] - Phonenumber = keyPathPackage.customKeywords.generateRandomAustralianPhoneNumber(): keyPathPackage.customKeywords.generateRandomAustralianPhoneNumber is PASSED

30-08-2024T12:19:21 - [MESSAGE][PASSED] - keyPathPackage.customKeywords.generateRandomAustralianPhoneNumber is PASSED

30-08-2024T12:19:21 - [TEST_STEP][PASSED] - setText(findTestObject("Object Repository/APAC_University/Rmit_University/Enquiry_Now/Field_Phonenumber"), Phonenumber): Text '0405511289' is set on object 'Object Repository/APAC_University/Rmit_University/Enquiry_Now/Field_Phonenumber'

30-08-2024T12:19:22 - [MESSAGE][PASSED] - Text '0405511289' is set on object 'Object Repository/APAC_University/Rmit_University/Enquiry_Now/Field_Phonenumber'

30-08-2024T12:19:22 - [TEST_STEP][PASSED] - Email = keyPathPackage.customKeywords.generateRandomEmail(): keyPathPackage.customKeywords.generateRandomEmail is PASSED

30-08-2024T12:19:22 - [MESSAGE][PASSED] - keyPathPackage.customKeywords.generateRandomEmail is PASSED

30-08-2024T12:19:22 - [TEST_STEP][PASSED] - setText(findTestObject("Object Repository/APAC_University/Rmit_University/Enquiry_Now/Field_Email"), Email): Text 'kendall.kutch@gmail.com' is set on object 'Object Repository/APAC_University/Rmit_University/Enquiry_Now/Field_Email'

30-08-2024T12:19:22 - [MESSAGE][PASSED] - Text 'kendall.kutch@gmail.com' is set on object 'Object Repository/APAC_University/Rmit_University/Enquiry_Now/Field_Email'

30-08-2024T12:19:22 - [TEST_STEP][PASSED] - waitForElementClickable(findTestObject("Object Repository/APAC_University/Rmit_University/Enquiry_Now/Button_Nextstep3"), 10): Object 'Object Repository/APAC_University/Rmit_University/Enquiry_Now/Button_Nextstep3' is clickable

30-08-2024T12:19:23 - [MESSAGE][PASSED] - Object 'Object Repository/APAC_University/Rmit_University/Enquiry_Now/Button_Nextstep3' is clickable

30-08-2024T12:19:23 - [TEST_STEP][PASSED] - click(findTestObject("Object Repository/APAC_University/Rmit_University/Enquiry_Now/Button_Nextstep3")): Object: 'Object Repository/APAC_University/Rmit_University/Enquiry_Now/Button_Nextstep3' is clicked on

30-08-2024T12:19:23 - [MESSAGE][PASSED] - Object: 'Object Repository/APAC_University/Rmit_University/Enquiry_Now/Button_Nextstep3' is clicked on

30-08-2024T12:19:23 - [TEST_STEP][PASSED] - selectOptionByLabel(findTestObject("Object Repository/APAC_University/Rmit_University/Enquiry_Now/Dropdown_Country"), "Australia", false): All options with label 'Australia' are selected in object 'Object Repository/APAC_University/Rmit_University/Enquiry_Now/Dropdown_Country' 

30-08-2024T12:19:24 - [MESSAGE][PASSED] - All options with label 'Australia' are selected in object 'Object Repository/APAC_University/Rmit_University/Enquiry_Now/Dropdown_Country' 

30-08-2024T12:19:24 - [TEST_STEP][PASSED] - delay(3): Delayed 3 second(s)

30-08-2024T12:19:27 - [MESSAGE][PASSED] - Delayed 3 second(s)

30-08-2024T12:19:27 - [TEST_STEP][PASSED] - Postcode = keyPathPackage.customKeywords.selectRandomPostCode(): keyPathPackage.customKeywords.selectRandomPostCode is PASSED

30-08-2024T12:19:27 - [MESSAGE][PASSED] - keyPathPackage.customKeywords.selectRandomPostCode is PASSED

30-08-2024T12:19:27 - [TEST_STEP][PASSED] - setText(findTestObject("Object Repository/APAC_University/Rmit_University/Enquiry_Now/Field_Pincode"), Postcode): Text '9552' is set on object 'Object Repository/APAC_University/Rmit_University/Enquiry_Now/Field_Pincode'

30-08-2024T12:19:27 - [MESSAGE][PASSED] - Text '9552' is set on object 'Object Repository/APAC_University/Rmit_University/Enquiry_Now/Field_Pincode'

30-08-2024T12:19:27 - [TEST_STEP][PASSED] - setText(findTestObject("Object Repository/APAC_University/Rmit_University/Enquiry_Now/Field_Pincode"), Postcode): Text '9552' is set on object 'Object Repository/APAC_University/Rmit_University/Enquiry_Now/Field_Pincode'

30-08-2024T12:19:28 - [MESSAGE][PASSED] - Text '9552' is set on object 'Object Repository/APAC_University/Rmit_University/Enquiry_Now/Field_Pincode'

30-08-2024T12:19:28 - [TEST_STEP][PASSED] - waitForElementClickable(findTestObject("Object Repository/APAC_University/Rmit_University/Enquiry_Now/Button_GetStarted"), 10): Object 'Object Repository/APAC_University/Rmit_University/Enquiry_Now/Button_GetStarted' is clickable

30-08-2024T12:19:28 - [MESSAGE][PASSED] - Object 'Object Repository/APAC_University/Rmit_University/Enquiry_Now/Button_GetStarted' is clickable

30-08-2024T12:19:28 - [TEST_STEP][PASSED] - click(findTestObject("Object Repository/APAC_University/Rmit_University/Enquiry_Now/Button_GetStarted")): Object: 'Object Repository/APAC_University/Rmit_University/Enquiry_Now/Button_GetStarted' is clicked on

30-08-2024T12:19:28 - [MESSAGE][PASSED] - Object: 'Object Repository/APAC_University/Rmit_University/Enquiry_Now/Button_GetStarted' is clicked on

30-08-2024T12:19:28 - [TEST_STEP][PASSED] - delay(5): Delayed 5 second(s)

30-08-2024T12:19:33 - [MESSAGE][PASSED] - Delayed 5 second(s)

30-08-2024T12:19:33 - [TEST_STEP][PASSED] - verifyElementText(findTestObject("Object Repository/APAC_University/Rmit_University/Main_Page/Verify_Message"), "Thank you for enquiring"): Actual text and expected text of test object 'Object Repository/APAC_University/Rmit_University/Main_Page/Verify_Message' are matched.

30-08-2024T12:19:33 - [MESSAGE][PASSED] - Actual text and expected text of test object 'Object Repository/APAC_University/Rmit_University/Main_Page/Verify_Message' are matched.]]></system-out>
         <system-err><![CDATA[]]></system-err>
      </testcase>
      <testcase name="Test Cases/APAC_Universities/SEO_PAGES/RMIT_University/Main_Page" time="18.748" classname="Test Cases/APAC_Universities/SEO_PAGES/RMIT_University/Main_Page" status="PASSED">
         <system-out><![CDATA[30-08-2024T12:19:33 - [TEST_CASE][PASSED] - Test Cases/APAC_Universities/SEO_PAGES/RMIT_University/Main_Page: Test Cases/APAC_Universities/SEO_PAGES/RMIT_University/Main_Page

30-08-2024T12:19:33 - [TEST_STEP][PASSED] - callTestCase(findTestCase("Test Cases/APAC_Universities/SEO_PAGES/RMIT_University/Reusuable_Testcases/Navigate to home page"), [:], STOP_ON_FAILURE): Call Test Case 'Test Cases/APAC_Universities/SEO_PAGES/RMIT_University/Reusuable_Testcases/Navigate to home page' successfully

30-08-2024T12:19:33 - [TEST_CASE][PASSED] - Test Cases/APAC_Universities/SEO_PAGES/RMIT_University/Reusuable_Testcases/Navigate to home page: Test Cases/APAC_Universities/SEO_PAGES/RMIT_University/Reusuable_Testcases/Navigate to home page

30-08-2024T12:19:33 - [TEST_STEP][PASSED] - waitForElementClickable(findTestObject("Object Repository/APAC_University/Rmit_University/Main_Page/Image_Homepage"), 10): Object 'Object Repository/APAC_University/Rmit_University/Main_Page/Image_Homepage' is clickable

30-08-2024T12:19:34 - [MESSAGE][PASSED] - Object 'Object Repository/APAC_University/Rmit_University/Main_Page/Image_Homepage' is clickable

30-08-2024T12:19:34 - [TEST_STEP][PASSED] - click(findTestObject("Object Repository/APAC_University/Rmit_University/Main_Page/Image_Homepage")): Object: 'Object Repository/APAC_University/Rmit_University/Main_Page/Image_Homepage' is clicked on

30-08-2024T12:19:35 - [MESSAGE][PASSED] - Object: 'Object Repository/APAC_University/Rmit_University/Main_Page/Image_Homepage' is clicked on

30-08-2024T12:19:35 - [MESSAGE][PASSED] - Call Test Case 'Test Cases/APAC_Universities/SEO_PAGES/RMIT_University/Reusuable_Testcases/Navigate to home page' successfully

30-08-2024T12:19:35 - [TEST_STEP][PASSED] - callTestCase(findTestCase("Test Cases/APAC_Universities/SEO_PAGES/RMIT_University/Reusuable_Testcases/Lead_Form"), [:], STOP_ON_FAILURE): Call Test Case 'Test Cases/APAC_Universities/SEO_PAGES/RMIT_University/Reusuable_Testcases/Lead_Form' successfully

30-08-2024T12:19:36 - [TEST_CASE][PASSED] - Test Cases/APAC_Universities/SEO_PAGES/RMIT_University/Reusuable_Testcases/Lead_Form: Test Cases/APAC_Universities/SEO_PAGES/RMIT_University/Reusuable_Testcases/Lead_Form

30-08-2024T12:19:36 - [TEST_STEP][PASSED] - program = findTestObject("Object Repository/APAC_University/Rmit_University/Main_Page/Dropdown_Program"): null

30-08-2024T12:19:36 - [TEST_STEP][PASSED] - selectOptionByIndex(program, keyPathPackage.customKeywords.selectRandomOptionFromDropdown()): All options with index in [2] are selected on object 'Object Repository/APAC_University/Rmit_University/Main_Page/Dropdown_Program'

30-08-2024T12:19:36 - [MESSAGE][PASSED] - keyPathPackage.customKeywords.selectRandomOptionFromDropdown is PASSED

30-08-2024T12:19:37 - [MESSAGE][PASSED] - All options with index in [2] are selected on object 'Object Repository/APAC_University/Rmit_University/Main_Page/Dropdown_Program'

30-08-2024T12:19:37 - [TEST_STEP][PASSED] - FirstName = keyPathPackage.customKeywords.generateRandomFirstName(): keyPathPackage.customKeywords.generateRandomFirstName is PASSED

30-08-2024T12:19:37 - [MESSAGE][PASSED] - keyPathPackage.customKeywords.generateRandomFirstName is PASSED

30-08-2024T12:19:37 - [TEST_STEP][PASSED] - setText(findTestObject("Object Repository/APAC_University/Rmit_University/Main_Page/Field_FirstName"), FirstName): Text 'Neal' is set on object 'Object Repository/APAC_University/Rmit_University/Main_Page/Field_FirstName'

30-08-2024T12:19:38 - [MESSAGE][PASSED] - Text 'Neal' is set on object 'Object Repository/APAC_University/Rmit_University/Main_Page/Field_FirstName'

30-08-2024T12:19:38 - [TEST_STEP][PASSED] - LastName = keyPathPackage.customKeywords.generateRandomLastName(): keyPathPackage.customKeywords.generateRandomLastName is PASSED

30-08-2024T12:19:38 - [MESSAGE][PASSED] - keyPathPackage.customKeywords.generateRandomLastName is PASSED

30-08-2024T12:19:38 - [TEST_STEP][PASSED] - setText(findTestObject("Object Repository/APAC_University/Rmit_University/Main_Page/Field_LastName"), LastName): Text 'Testing Schaden' is set on object 'Object Repository/APAC_University/Rmit_University/Main_Page/Field_LastName'

30-08-2024T12:19:38 - [MESSAGE][PASSED] - Text 'Testing Schaden' is set on object 'Object Repository/APAC_University/Rmit_University/Main_Page/Field_LastName'

30-08-2024T12:19:38 - [TEST_STEP][PASSED] - waitForElementClickable(findTestObject("Object Repository/APAC_University/Rmit_University/Main_Page/Button_Nextstep2"), 10): Object 'Object Repository/APAC_University/Rmit_University/Main_Page/Button_Nextstep2' is clickable

30-08-2024T12:19:39 - [MESSAGE][PASSED] - Object 'Object Repository/APAC_University/Rmit_University/Main_Page/Button_Nextstep2' is clickable

30-08-2024T12:19:39 - [TEST_STEP][PASSED] - click(findTestObject("Object Repository/APAC_University/Rmit_University/Main_Page/Button_Nextstep2")): Object: 'Object Repository/APAC_University/Rmit_University/Main_Page/Button_Nextstep2' is clicked on

30-08-2024T12:19:39 - [MESSAGE][PASSED] - Object: 'Object Repository/APAC_University/Rmit_University/Main_Page/Button_Nextstep2' is clicked on

30-08-2024T12:19:39 - [TEST_STEP][PASSED] - startdate = findTestObject("Object Repository/APAC_University/Rmit_University/Main_Page/Dropdown_Enquiry_StartDate"): null

30-08-2024T12:19:39 - [TEST_STEP][PASSED] - selectOptionByIndex(startdate, keyPathPackage.customKeywords.selectRandomOptionFromDropdown()): All options with index in [1] are selected on object 'Object Repository/APAC_University/Rmit_University/Main_Page/Dropdown_Enquiry_StartDate'

30-08-2024T12:19:39 - [MESSAGE][PASSED] - keyPathPackage.customKeywords.selectRandomOptionFromDropdown is PASSED

30-08-2024T12:19:40 - [MESSAGE][PASSED] - All options with index in [1] are selected on object 'Object Repository/APAC_University/Rmit_University/Main_Page/Dropdown_Enquiry_StartDate'

30-08-2024T12:19:40 - [TEST_STEP][PASSED] - Enquiryreason = findTestObject("Object Repository/APAC_University/Rmit_University/Main_Page/Dropdown_EnquiryReason"): null

30-08-2024T12:19:40 - [TEST_STEP][PASSED] - selectOptionByIndex(Enquiryreason, keyPathPackage.customKeywords.selectRandomOptionFromDropdown()): All options with index in [2] are selected on object 'Object Repository/APAC_University/Rmit_University/Main_Page/Dropdown_EnquiryReason'

30-08-2024T12:19:40 - [MESSAGE][PASSED] - keyPathPackage.customKeywords.selectRandomOptionFromDropdown is PASSED

30-08-2024T12:19:41 - [MESSAGE][PASSED] - All options with index in [2] are selected on object 'Object Repository/APAC_University/Rmit_University/Main_Page/Dropdown_EnquiryReason'

30-08-2024T12:19:41 - [TEST_STEP][PASSED] - selectOptionByValue(findTestObject("Object Repository/APAC_University/Rmit_University/Main_Page/Dropdown_Enquiry_Leveleducation"), Education_Level, false): All options with value 'Postgraduate diploma' are selected in object 'Object Repository/APAC_University/Rmit_University/Main_Page/Dropdown_Enquiry_Leveleducation' 

30-08-2024T12:19:41 - [MESSAGE][PASSED] - All options with value 'Postgraduate diploma' are selected in object 'Object Repository/APAC_University/Rmit_University/Main_Page/Dropdown_Enquiry_Leveleducation' 

30-08-2024T12:19:41 - [TEST_STEP][PASSED] - Workexperience = findTestObject("Object Repository/APAC_University/Rmit_University/Main_Page/Field_Enquiry_Workexperience"): null

30-08-2024T12:19:41 - [TEST_STEP][PASSED] - selectOptionByIndex(Workexperience, keyPathPackage.customKeywords.selectRandomOptionFromDropdown()): All options with index in [1] are selected on object 'Object Repository/APAC_University/Rmit_University/Main_Page/Field_Enquiry_Workexperience'

30-08-2024T12:19:41 - [MESSAGE][PASSED] - keyPathPackage.customKeywords.selectRandomOptionFromDropdown is PASSED

30-08-2024T12:19:42 - [MESSAGE][PASSED] - All options with index in [1] are selected on object 'Object Repository/APAC_University/Rmit_University/Main_Page/Field_Enquiry_Workexperience'

30-08-2024T12:19:42 - [TEST_STEP][PASSED] - waitForElementClickable(findTestObject("Object Repository/APAC_University/Rmit_University/Main_Page/Button_Nextstep3"), 10): Object 'Object Repository/APAC_University/Rmit_University/Main_Page/Button_Nextstep3' is clickable

30-08-2024T12:19:42 - [MESSAGE][PASSED] - Object 'Object Repository/APAC_University/Rmit_University/Main_Page/Button_Nextstep3' is clickable

30-08-2024T12:19:42 - [TEST_STEP][PASSED] - click(findTestObject("Object Repository/APAC_University/Rmit_University/Main_Page/Button_Nextstep3")): Object: 'Object Repository/APAC_University/Rmit_University/Main_Page/Button_Nextstep3' is clicked on

30-08-2024T12:19:42 - [MESSAGE][PASSED] - Object: 'Object Repository/APAC_University/Rmit_University/Main_Page/Button_Nextstep3' is clicked on

30-08-2024T12:19:42 - [TEST_STEP][PASSED] - Phonenumber = keyPathPackage.customKeywords.generateRandomAustralianPhoneNumber(): keyPathPackage.customKeywords.generateRandomAustralianPhoneNumber is PASSED

30-08-2024T12:19:42 - [MESSAGE][PASSED] - keyPathPackage.customKeywords.generateRandomAustralianPhoneNumber is PASSED

30-08-2024T12:19:42 - [TEST_STEP][PASSED] - setText(findTestObject("Object Repository/APAC_University/Rmit_University/Main_Page/Field_Phonenumber"), Phonenumber): Text '0455745227' is set on object 'Object Repository/APAC_University/Rmit_University/Main_Page/Field_Phonenumber'

30-08-2024T12:19:43 - [MESSAGE][PASSED] - Text '0455745227' is set on object 'Object Repository/APAC_University/Rmit_University/Main_Page/Field_Phonenumber'

30-08-2024T12:19:43 - [TEST_STEP][PASSED] - Email = keyPathPackage.customKeywords.generateRandomEmail(): keyPathPackage.customKeywords.generateRandomEmail is PASSED

30-08-2024T12:19:43 - [MESSAGE][PASSED] - keyPathPackage.customKeywords.generateRandomEmail is PASSED

30-08-2024T12:19:43 - [TEST_STEP][PASSED] - setText(findTestObject("Object Repository/APAC_University/Rmit_University/Main_Page/Field_Email"), Email): Text 'floyd.sporer@yahoo.com' is set on object 'Object Repository/APAC_University/Rmit_University/Main_Page/Field_Email'

30-08-2024T12:19:44 - [MESSAGE][PASSED] - Text 'floyd.sporer@yahoo.com' is set on object 'Object Repository/APAC_University/Rmit_University/Main_Page/Field_Email'

30-08-2024T12:19:44 - [TEST_STEP][PASSED] - selectOptionByLabel(findTestObject("Object Repository/APAC_University/Rmit_University/Main_Page/Dropdown_Country"), "Australia", false): All options with label 'Australia' are selected in object 'Object Repository/APAC_University/Rmit_University/Main_Page/Dropdown_Country' 

30-08-2024T12:19:44 - [MESSAGE][PASSED] - All options with label 'Australia' are selected in object 'Object Repository/APAC_University/Rmit_University/Main_Page/Dropdown_Country' 

30-08-2024T12:19:44 - [TEST_STEP][PASSED] - Postcode = keyPathPackage.customKeywords.selectRandomPostCode(): keyPathPackage.customKeywords.selectRandomPostCode is PASSED

30-08-2024T12:19:44 - [MESSAGE][PASSED] - keyPathPackage.customKeywords.selectRandomPostCode is PASSED

30-08-2024T12:19:44 - [TEST_STEP][PASSED] - setText(findTestObject("Object Repository/APAC_University/Rmit_University/Main_Page/Dropdown_Zipcode"), Postcode): Text '7912' is set on object 'Object Repository/APAC_University/Rmit_University/Main_Page/Dropdown_Zipcode'

30-08-2024T12:19:45 - [MESSAGE][PASSED] - Text '7912' is set on object 'Object Repository/APAC_University/Rmit_University/Main_Page/Dropdown_Zipcode'

30-08-2024T12:19:45 - [TEST_STEP][PASSED] - setText(findTestObject("Object Repository/APAC_University/Rmit_University/Main_Page/Dropdown_Zipcode"), Postcode): Text '7912' is set on object 'Object Repository/APAC_University/Rmit_University/Main_Page/Dropdown_Zipcode'

30-08-2024T12:19:45 - [MESSAGE][PASSED] - Text '7912' is set on object 'Object Repository/APAC_University/Rmit_University/Main_Page/Dropdown_Zipcode'

30-08-2024T12:19:45 - [TEST_STEP][PASSED] - waitForElementClickable(findTestObject("Object Repository/APAC_University/Rmit_University/Main_Page/Button_Download"), 10): Object 'Object Repository/APAC_University/Rmit_University/Main_Page/Button_Download' is clickable

30-08-2024T12:19:46 - [MESSAGE][PASSED] - Object 'Object Repository/APAC_University/Rmit_University/Main_Page/Button_Download' is clickable

30-08-2024T12:19:46 - [TEST_STEP][PASSED] - click(findTestObject("Object Repository/APAC_University/Rmit_University/Main_Page/Button_Download")): Object: 'Object Repository/APAC_University/Rmit_University/Main_Page/Button_Download' is clicked on

30-08-2024T12:19:46 - [MESSAGE][PASSED] - Object: 'Object Repository/APAC_University/Rmit_University/Main_Page/Button_Download' is clicked on

30-08-2024T12:19:46 - [TEST_STEP][PASSED] - delay(5): Delayed 5 second(s)

30-08-2024T12:19:51 - [MESSAGE][PASSED] - Delayed 5 second(s)

30-08-2024T12:19:51 - [TEST_STEP][PASSED] - verifyElementText(findTestObject("Object Repository/APAC_University/Rmit_University/Main_Page/Verify_Message"), "Thank you for enquiring"): Actual text and expected text of test object 'Object Repository/APAC_University/Rmit_University/Main_Page/Verify_Message' are matched.

30-08-2024T12:19:52 - [MESSAGE][PASSED] - Actual text and expected text of test object 'Object Repository/APAC_University/Rmit_University/Main_Page/Verify_Message' are matched.

30-08-2024T12:19:52 - [MESSAGE][PASSED] - Call Test Case 'Test Cases/APAC_Universities/SEO_PAGES/RMIT_University/Reusuable_Testcases/Lead_Form' successfully

30-08-2024T12:19:52 - [TEST_STEP][PASSED] - closeBrowser(): Browser is closed

30-08-2024T12:19:52 - [MESSAGE][PASSED] - Browser is closed]]></system-out>
         <system-err><![CDATA[]]></system-err>
      </testcase>
      <testcase name="Test Cases/APAC_Universities/SEO_PAGES/Deakin_University/Enquiry_Now" time="16.337" classname="Test Cases/APAC_Universities/SEO_PAGES/Deakin_University/Enquiry_Now" status="PASSED">
         <system-out><![CDATA[30-08-2024T12:19:52 - [TEST_CASE][PASSED] - Test Cases/APAC_Universities/SEO_PAGES/Deakin_University/Enquiry_Now: Test Cases/APAC_Universities/SEO_PAGES/Deakin_University/Enquiry_Now

30-08-2024T12:19:52 - [TEST_STEP][PASSED] - callTestCase(findTestCase("Test Cases/APAC_Universities/SEO_PAGES/Deakin_University/Resuable_Testcases/Navigate_URL"), [:], STOP_ON_FAILURE): Call Test Case 'Test Cases/APAC_Universities/SEO_PAGES/Deakin_University/Resuable_Testcases/Navigate_URL' successfully

30-08-2024T12:19:52 - [TEST_CASE][PASSED] - Test Cases/APAC_Universities/SEO_PAGES/Deakin_University/Resuable_Testcases/Navigate_URL: Test Cases/APAC_Universities/SEO_PAGES/Deakin_University/Resuable_Testcases/Navigate_URL

30-08-2024T12:19:52 - [TEST_STEP][PASSED] - openBrowser(""): Browser is opened with url: ''

30-08-2024T12:19:52 - [MESSAGE][INFO] - Starting 'Chrome' driver

30-08-2024T12:19:52 - [MESSAGE][INFO] - Action delay is set to 0 milliseconds

30-08-2024T12:19:53 - [MESSAGE][PASSED] - Browser is opened with url: ''

30-08-2024T12:19:53 - [TEST_STEP][PASSED] - navigateToUrl(University_Deakin_URL): Navigate to 'https://key:path@dev-du-opm.pantheonsite.io/' successfully

30-08-2024T12:19:54 - [MESSAGE][PASSED] - Navigate to 'https://key:path@dev-du-opm.pantheonsite.io/' successfully

30-08-2024T12:19:54 - [TEST_STEP][PASSED] - maximizeWindow(): Current window maximized

30-08-2024T12:19:57 - [MESSAGE][PASSED] - Current window maximized

30-08-2024T12:19:57 - [MESSAGE][PASSED] - Call Test Case 'Test Cases/APAC_Universities/SEO_PAGES/Deakin_University/Resuable_Testcases/Navigate_URL' successfully

30-08-2024T12:19:57 - [TEST_STEP][PASSED] - waitForElementClickable(findTestObject("Object Repository/APAC_University/Deakin_University/Button_Enquiry_Now"), 10): Object 'Object Repository/APAC_University/Deakin_University/Button_Enquiry_Now' is clickable

30-08-2024T12:19:57 - [MESSAGE][PASSED] - Object 'Object Repository/APAC_University/Deakin_University/Button_Enquiry_Now' is clickable

30-08-2024T12:19:57 - [TEST_STEP][PASSED] - click(findTestObject("Object Repository/APAC_University/Deakin_University/Button_Enquiry_Now")): Object: 'Object Repository/APAC_University/Deakin_University/Button_Enquiry_Now' is clicked on

30-08-2024T12:19:59 - [MESSAGE][PASSED] - Object: 'Object Repository/APAC_University/Deakin_University/Button_Enquiry_Now' is clicked on

30-08-2024T12:19:59 - [TEST_STEP][PASSED] - program = findTestObject("Object Repository/APAC_University/Deakin_University/Dropdown_Program"): null

30-08-2024T12:19:59 - [TEST_STEP][PASSED] - selectOptionByIndex(program, keyPathPackage.customKeywords.selectRandomOptionFromDropdown()): All options with index in [2] are selected on object 'Object Repository/APAC_University/Deakin_University/Dropdown_Program'

30-08-2024T12:19:59 - [MESSAGE][PASSED] - keyPathPackage.customKeywords.selectRandomOptionFromDropdown is PASSED

30-08-2024T12:20:01 - [MESSAGE][PASSED] - All options with index in [2] are selected on object 'Object Repository/APAC_University/Deakin_University/Dropdown_Program'

30-08-2024T12:20:01 - [TEST_STEP][PASSED] - FirstName = keyPathPackage.customKeywords.generateRandomFirstName(): keyPathPackage.customKeywords.generateRandomFirstName is PASSED

30-08-2024T12:20:01 - [MESSAGE][PASSED] - keyPathPackage.customKeywords.generateRandomFirstName is PASSED

30-08-2024T12:20:01 - [TEST_STEP][PASSED] - setText(findTestObject("Object Repository/APAC_University/Deakin_University/Field_Firstname"), FirstName): Text 'Shizuko' is set on object 'Object Repository/APAC_University/Deakin_University/Field_Firstname'

30-08-2024T12:20:02 - [MESSAGE][PASSED] - Text 'Shizuko' is set on object 'Object Repository/APAC_University/Deakin_University/Field_Firstname'

30-08-2024T12:20:02 - [TEST_STEP][PASSED] - LastName = keyPathPackage.customKeywords.generateRandomLastName(): keyPathPackage.customKeywords.generateRandomLastName is PASSED

30-08-2024T12:20:02 - [MESSAGE][PASSED] - keyPathPackage.customKeywords.generateRandomLastName is PASSED

30-08-2024T12:20:02 - [TEST_STEP][PASSED] - setText(findTestObject("Object Repository/APAC_University/Deakin_University/Field_Lastname"), LastName): Text 'Testing DuBuque' is set on object 'Object Repository/APAC_University/Deakin_University/Field_Lastname'

30-08-2024T12:20:02 - [MESSAGE][PASSED] - Text 'Testing DuBuque' is set on object 'Object Repository/APAC_University/Deakin_University/Field_Lastname'

30-08-2024T12:20:02 - [TEST_STEP][PASSED] - Email = keyPathPackage.customKeywords.generateRandomEmail(): keyPathPackage.customKeywords.generateRandomEmail is PASSED

30-08-2024T12:20:02 - [MESSAGE][PASSED] - keyPathPackage.customKeywords.generateRandomEmail is PASSED

30-08-2024T12:20:02 - [TEST_STEP][PASSED] - setText(findTestObject("Object Repository/APAC_University/Deakin_University/Field_Email"), Email): Text 'morris.harber@hotmail.com' is set on object 'Object Repository/APAC_University/Deakin_University/Field_Email'

30-08-2024T12:20:03 - [MESSAGE][PASSED] - Text 'morris.harber@hotmail.com' is set on object 'Object Repository/APAC_University/Deakin_University/Field_Email'

30-08-2024T12:20:03 - [TEST_STEP][PASSED] - Phonenumber = keyPathPackage.customKeywords.generateRandomAustralianPhoneNumber(): keyPathPackage.customKeywords.generateRandomAustralianPhoneNumber is PASSED

30-08-2024T12:20:03 - [MESSAGE][PASSED] - keyPathPackage.customKeywords.generateRandomAustralianPhoneNumber is PASSED

30-08-2024T12:20:03 - [TEST_STEP][PASSED] - setText(findTestObject("Object Repository/APAC_University/Deakin_University/Field_Phonenumber"), Phonenumber): Text '0458151865' is set on object 'Object Repository/APAC_University/Deakin_University/Field_Phonenumber'

30-08-2024T12:20:03 - [MESSAGE][PASSED] - Text '0458151865' is set on object 'Object Repository/APAC_University/Deakin_University/Field_Phonenumber'

30-08-2024T12:20:03 - [TEST_STEP][PASSED] - startdate = findTestObject("Object Repository/APAC_University/Deakin_University/Dropdown_Startdate"): null

30-08-2024T12:20:03 - [TEST_STEP][PASSED] - selectOptionByIndex(startdate, keyPathPackage.customKeywords.selectRandomOptionFromDropdown()): All options with index in [2] are selected on object 'Object Repository/APAC_University/Deakin_University/Dropdown_Startdate'

30-08-2024T12:20:03 - [MESSAGE][PASSED] - keyPathPackage.customKeywords.selectRandomOptionFromDropdown is PASSED

30-08-2024T12:20:04 - [MESSAGE][PASSED] - All options with index in [2] are selected on object 'Object Repository/APAC_University/Deakin_University/Dropdown_Startdate'

30-08-2024T12:20:04 - [TEST_STEP][PASSED] - selectOptionByValue(findTestObject("Object Repository/APAC_University/Deakin_University/Dropdown_Highereducation"), Education_Level, false): All options with value 'Postgraduate diploma' are selected in object 'Object Repository/APAC_University/Deakin_University/Dropdown_Highereducation' 

30-08-2024T12:20:05 - [MESSAGE][PASSED] - All options with value 'Postgraduate diploma' are selected in object 'Object Repository/APAC_University/Deakin_University/Dropdown_Highereducation' 

30-08-2024T12:20:05 - [TEST_STEP][PASSED] - Workexperience = findTestObject("Object Repository/APAC_University/Deakin_University/Dropdown_Workexperience"): null

30-08-2024T12:20:05 - [TEST_STEP][PASSED] - selectOptionByIndex(Workexperience, keyPathPackage.customKeywords.selectRandomOptionFromDropdown()): All options with index in [1] are selected on object 'Object Repository/APAC_University/Deakin_University/Dropdown_Workexperience'

30-08-2024T12:20:05 - [MESSAGE][PASSED] - keyPathPackage.customKeywords.selectRandomOptionFromDropdown is PASSED

30-08-2024T12:20:06 - [MESSAGE][PASSED] - All options with index in [1] are selected on object 'Object Repository/APAC_University/Deakin_University/Dropdown_Workexperience'

30-08-2024T12:20:06 - [TEST_STEP][PASSED] - Enquiryreason = findTestObject("Object Repository/APAC_University/Deakin_University/Dropdown_Enquiry"): null

30-08-2024T12:20:06 - [TEST_STEP][PASSED] - selectOptionByIndex(Enquiryreason, keyPathPackage.customKeywords.selectRandomOptionFromDropdown()): All options with index in [2] are selected on object 'Object Repository/APAC_University/Deakin_University/Dropdown_Enquiry'

30-08-2024T12:20:06 - [MESSAGE][PASSED] - keyPathPackage.customKeywords.selectRandomOptionFromDropdown is PASSED

30-08-2024T12:20:06 - [MESSAGE][PASSED] - All options with index in [2] are selected on object 'Object Repository/APAC_University/Deakin_University/Dropdown_Enquiry'

30-08-2024T12:20:06 - [TEST_STEP][PASSED] - selectOptionByLabel(findTestObject("Object Repository/APAC_University/Deakin_University/Dropdown_Country"), "Australia", false): All options with label 'Australia' are selected in object 'Object Repository/APAC_University/Deakin_University/Dropdown_Country' 

30-08-2024T12:20:07 - [MESSAGE][PASSED] - All options with label 'Australia' are selected in object 'Object Repository/APAC_University/Deakin_University/Dropdown_Country' 

30-08-2024T12:20:07 - [TEST_STEP][PASSED] - Postcode = keyPathPackage.customKeywords.selectRandomPostCode(): keyPathPackage.customKeywords.selectRandomPostCode is PASSED

30-08-2024T12:20:07 - [MESSAGE][PASSED] - keyPathPackage.customKeywords.selectRandomPostCode is PASSED

30-08-2024T12:20:07 - [TEST_STEP][PASSED] - setText(findTestObject("Object Repository/APAC_University/Deakin_University/Field_Postcode"), Postcode): Text '9451' is set on object 'Object Repository/APAC_University/Deakin_University/Field_Postcode'

30-08-2024T12:20:07 - [MESSAGE][PASSED] - Text '9451' is set on object 'Object Repository/APAC_University/Deakin_University/Field_Postcode'

30-08-2024T12:20:07 - [TEST_STEP][PASSED] - setText(findTestObject("Object Repository/APAC_University/Deakin_University/Field_Postcode"), Postcode): Text '9451' is set on object 'Object Repository/APAC_University/Deakin_University/Field_Postcode'

30-08-2024T12:20:08 - [MESSAGE][PASSED] - Text '9451' is set on object 'Object Repository/APAC_University/Deakin_University/Field_Postcode'

30-08-2024T12:20:08 - [TEST_STEP][PASSED] - waitForElementClickable(findTestObject("Object Repository/APAC_University/Deakin_University/Button_Submit"), 10): Object 'Object Repository/APAC_University/Deakin_University/Button_Submit' is clickable

30-08-2024T12:20:08 - [MESSAGE][PASSED] - Object 'Object Repository/APAC_University/Deakin_University/Button_Submit' is clickable

30-08-2024T12:20:08 - [TEST_STEP][PASSED] - click(findTestObject("Object Repository/APAC_University/Deakin_University/Button_Submit")): Object: 'Object Repository/APAC_University/Deakin_University/Button_Submit' is clicked on

30-08-2024T12:20:08 - [MESSAGE][PASSED] - Object: 'Object Repository/APAC_University/Deakin_University/Button_Submit' is clicked on]]></system-out>
         <system-err><![CDATA[]]></system-err>
      </testcase>
      <testcase name="Test Cases/APAC_Universities/SEO_PAGES/Deakin_University/Main_page" time="38.896" classname="Test Cases/APAC_Universities/SEO_PAGES/Deakin_University/Main_page" status="PASSED">
         <system-out><![CDATA[30-08-2024T12:20:08 - [TEST_CASE][PASSED] - Test Cases/APAC_Universities/SEO_PAGES/Deakin_University/Main_page: Test Cases/APAC_Universities/SEO_PAGES/Deakin_University/Main_page

30-08-2024T12:20:08 - [TEST_STEP][PASSED] - callTestCase(findTestCase("Test Cases/APAC_Universities/SEO_PAGES/Deakin_University/Resuable_Testcases/Navigate_HomePage"), [:], STOP_ON_FAILURE): Call Test Case 'Test Cases/APAC_Universities/SEO_PAGES/Deakin_University/Resuable_Testcases/Navigate_HomePage' successfully

30-08-2024T12:20:09 - [TEST_CASE][PASSED] - Test Cases/APAC_Universities/SEO_PAGES/Deakin_University/Resuable_Testcases/Navigate_HomePage: Test Cases/APAC_Universities/SEO_PAGES/Deakin_University/Resuable_Testcases/Navigate_HomePage

30-08-2024T12:20:09 - [TEST_STEP][PASSED] - waitForElementClickable(findTestObject("Object Repository/APAC_University/Deakin_University/Image_Homepage"), 10): Object 'Object Repository/APAC_University/Deakin_University/Image_Homepage' is clickable

30-08-2024T12:20:30 - [MESSAGE][PASSED] - Object 'Object Repository/APAC_University/Deakin_University/Image_Homepage' is clickable

30-08-2024T12:20:30 - [TEST_STEP][PASSED] - click(findTestObject("Object Repository/APAC_University/Deakin_University/Image_Homepage")): Object: 'Object Repository/APAC_University/Deakin_University/Image_Homepage' is clicked on

30-08-2024T12:20:32 - [MESSAGE][PASSED] - Object: 'Object Repository/APAC_University/Deakin_University/Image_Homepage' is clicked on

30-08-2024T12:20:32 - [MESSAGE][PASSED] - Call Test Case 'Test Cases/APAC_Universities/SEO_PAGES/Deakin_University/Resuable_Testcases/Navigate_HomePage' successfully

30-08-2024T12:20:32 - [TEST_STEP][PASSED] - program = findTestObject("Object Repository/APAC_University/Deakin_University/Dropdown_Program"): null

30-08-2024T12:20:32 - [TEST_STEP][PASSED] - selectOptionByIndex(program, keyPathPackage.customKeywords.selectRandomOptionFromDropdown()): All options with index in [2] are selected on object 'Object Repository/APAC_University/Deakin_University/Dropdown_Program'

30-08-2024T12:20:32 - [MESSAGE][PASSED] - keyPathPackage.customKeywords.selectRandomOptionFromDropdown is PASSED

30-08-2024T12:20:34 - [MESSAGE][PASSED] - All options with index in [2] are selected on object 'Object Repository/APAC_University/Deakin_University/Dropdown_Program'

30-08-2024T12:20:34 - [TEST_STEP][PASSED] - FirstName = keyPathPackage.customKeywords.generateRandomFirstName(): keyPathPackage.customKeywords.generateRandomFirstName is PASSED

30-08-2024T12:20:34 - [MESSAGE][PASSED] - keyPathPackage.customKeywords.generateRandomFirstName is PASSED

30-08-2024T12:20:34 - [TEST_STEP][PASSED] - setText(findTestObject("Object Repository/APAC_University/Deakin_University/Field_Firstname"), FirstName): Text 'Fe' is set on object 'Object Repository/APAC_University/Deakin_University/Field_Firstname'

30-08-2024T12:20:34 - [MESSAGE][PASSED] - Text 'Fe' is set on object 'Object Repository/APAC_University/Deakin_University/Field_Firstname'

30-08-2024T12:20:34 - [TEST_STEP][PASSED] - LastName = keyPathPackage.customKeywords.generateRandomLastName(): keyPathPackage.customKeywords.generateRandomLastName is PASSED

30-08-2024T12:20:34 - [MESSAGE][PASSED] - keyPathPackage.customKeywords.generateRandomLastName is PASSED

30-08-2024T12:20:34 - [TEST_STEP][PASSED] - setText(findTestObject("Object Repository/APAC_University/Deakin_University/Field_Lastname"), LastName): Text 'Testing Gerhold' is set on object 'Object Repository/APAC_University/Deakin_University/Field_Lastname'

30-08-2024T12:20:35 - [MESSAGE][PASSED] - Text 'Testing Gerhold' is set on object 'Object Repository/APAC_University/Deakin_University/Field_Lastname'

30-08-2024T12:20:35 - [TEST_STEP][PASSED] - waitForElementClickable(findTestObject("Object Repository/APAC_University/Deakin_University/Button_NextStep2"), 10): Object 'Object Repository/APAC_University/Deakin_University/Button_NextStep2' is clickable

30-08-2024T12:20:35 - [MESSAGE][PASSED] - Object 'Object Repository/APAC_University/Deakin_University/Button_NextStep2' is clickable

30-08-2024T12:20:35 - [TEST_STEP][PASSED] - click(findTestObject("Object Repository/APAC_University/Deakin_University/Button_NextStep2")): Object: 'Object Repository/APAC_University/Deakin_University/Button_NextStep2' is clicked on

30-08-2024T12:20:35 - [MESSAGE][PASSED] - Object: 'Object Repository/APAC_University/Deakin_University/Button_NextStep2' is clicked on

30-08-2024T12:20:35 - [TEST_STEP][PASSED] - startdate = findTestObject("Object Repository/APAC_University/Deakin_University/Dropdown_Startdate"): null

30-08-2024T12:20:35 - [TEST_STEP][PASSED] - selectOptionByIndex(startdate, keyPathPackage.customKeywords.selectRandomOptionFromDropdown()): All options with index in [2] are selected on object 'Object Repository/APAC_University/Deakin_University/Dropdown_Startdate'

30-08-2024T12:20:35 - [MESSAGE][PASSED] - keyPathPackage.customKeywords.selectRandomOptionFromDropdown is PASSED

30-08-2024T12:20:36 - [MESSAGE][PASSED] - All options with index in [2] are selected on object 'Object Repository/APAC_University/Deakin_University/Dropdown_Startdate'

30-08-2024T12:20:36 - [TEST_STEP][PASSED] - Enquiryreason = findTestObject("Object Repository/APAC_University/Deakin_University/Dropdown_Enquiry"): null

30-08-2024T12:20:36 - [TEST_STEP][PASSED] - selectOptionByIndex(Enquiryreason, keyPathPackage.customKeywords.selectRandomOptionFromDropdown()): All options with index in [1] are selected on object 'Object Repository/APAC_University/Deakin_University/Dropdown_Enquiry'

30-08-2024T12:20:36 - [MESSAGE][PASSED] - keyPathPackage.customKeywords.selectRandomOptionFromDropdown is PASSED

30-08-2024T12:20:37 - [MESSAGE][PASSED] - All options with index in [1] are selected on object 'Object Repository/APAC_University/Deakin_University/Dropdown_Enquiry'

30-08-2024T12:20:37 - [TEST_STEP][PASSED] - selectOptionByValue(findTestObject("Object Repository/APAC_University/Deakin_University/Dropdown_Highereducation"), Education_Level, false): All options with value 'Postgraduate diploma' are selected in object 'Object Repository/APAC_University/Deakin_University/Dropdown_Highereducation' 

30-08-2024T12:20:37 - [MESSAGE][PASSED] - All options with value 'Postgraduate diploma' are selected in object 'Object Repository/APAC_University/Deakin_University/Dropdown_Highereducation' 

30-08-2024T12:20:37 - [TEST_STEP][PASSED] - Workexperience = findTestObject("Object Repository/APAC_University/Deakin_University/Dropdown_Workexperience"): null

30-08-2024T12:20:37 - [TEST_STEP][PASSED] - selectOptionByIndex(Workexperience, keyPathPackage.customKeywords.selectRandomOptionFromDropdown()): All options with index in [2] are selected on object 'Object Repository/APAC_University/Deakin_University/Dropdown_Workexperience'

30-08-2024T12:20:37 - [MESSAGE][PASSED] - keyPathPackage.customKeywords.selectRandomOptionFromDropdown is PASSED

30-08-2024T12:20:38 - [MESSAGE][PASSED] - All options with index in [2] are selected on object 'Object Repository/APAC_University/Deakin_University/Dropdown_Workexperience'

30-08-2024T12:20:38 - [TEST_STEP][PASSED] - waitForElementClickable(findTestObject("Object Repository/APAC_University/Deakin_University/Button_Nextstep3"), 10): Object 'Object Repository/APAC_University/Deakin_University/Button_Nextstep3' is clickable

30-08-2024T12:20:38 - [MESSAGE][PASSED] - Object 'Object Repository/APAC_University/Deakin_University/Button_Nextstep3' is clickable

30-08-2024T12:20:38 - [TEST_STEP][PASSED] - click(findTestObject("Object Repository/APAC_University/Deakin_University/Button_Nextstep3")): Object: 'Object Repository/APAC_University/Deakin_University/Button_Nextstep3' is clicked on

30-08-2024T12:20:39 - [MESSAGE][PASSED] - Object: 'Object Repository/APAC_University/Deakin_University/Button_Nextstep3' is clicked on

30-08-2024T12:20:39 - [TEST_STEP][PASSED] - Email = keyPathPackage.customKeywords.generateRandomEmail(): keyPathPackage.customKeywords.generateRandomEmail is PASSED

30-08-2024T12:20:39 - [MESSAGE][PASSED] - keyPathPackage.customKeywords.generateRandomEmail is PASSED

30-08-2024T12:20:39 - [TEST_STEP][PASSED] - setText(findTestObject("Object Repository/APAC_University/Deakin_University/Field_Email"), Email): Text 'gonzalo.bode@gmail.com' is set on object 'Object Repository/APAC_University/Deakin_University/Field_Email'

30-08-2024T12:20:39 - [MESSAGE][PASSED] - Text 'gonzalo.bode@gmail.com' is set on object 'Object Repository/APAC_University/Deakin_University/Field_Email'

30-08-2024T12:20:39 - [TEST_STEP][PASSED] - Phonenumber = keyPathPackage.customKeywords.generateRandomAustralianPhoneNumber(): keyPathPackage.customKeywords.generateRandomAustralianPhoneNumber is PASSED

30-08-2024T12:20:39 - [MESSAGE][PASSED] - keyPathPackage.customKeywords.generateRandomAustralianPhoneNumber is PASSED

30-08-2024T12:20:39 - [TEST_STEP][PASSED] - setText(findTestObject("Object Repository/APAC_University/Deakin_University/Field_Phonenumber"), Phonenumber): Text '0414200631' is set on object 'Object Repository/APAC_University/Deakin_University/Field_Phonenumber'

30-08-2024T12:20:40 - [MESSAGE][PASSED] - Text '0414200631' is set on object 'Object Repository/APAC_University/Deakin_University/Field_Phonenumber'

30-08-2024T12:20:40 - [TEST_STEP][PASSED] - selectOptionByLabel(findTestObject("Object Repository/APAC_University/Deakin_University/Dropdown_Country"), "Australia", false): All options with label 'Australia' are selected in object 'Object Repository/APAC_University/Deakin_University/Dropdown_Country' 

30-08-2024T12:20:40 - [MESSAGE][PASSED] - All options with label 'Australia' are selected in object 'Object Repository/APAC_University/Deakin_University/Dropdown_Country' 

30-08-2024T12:20:40 - [TEST_STEP][PASSED] - Postcode = keyPathPackage.customKeywords.selectRandomPostCode(): keyPathPackage.customKeywords.selectRandomPostCode is PASSED

30-08-2024T12:20:40 - [MESSAGE][PASSED] - keyPathPackage.customKeywords.selectRandomPostCode is PASSED

30-08-2024T12:20:40 - [TEST_STEP][PASSED] - setText(findTestObject("Object Repository/APAC_University/Deakin_University/Field_Postcode"), Postcode): Text '8500' is set on object 'Object Repository/APAC_University/Deakin_University/Field_Postcode'

30-08-2024T12:20:41 - [MESSAGE][PASSED] - Text '8500' is set on object 'Object Repository/APAC_University/Deakin_University/Field_Postcode'

30-08-2024T12:20:41 - [TEST_STEP][PASSED] - setText(findTestObject("Object Repository/APAC_University/Deakin_University/Field_Postcode"), Postcode): Text '8500' is set on object 'Object Repository/APAC_University/Deakin_University/Field_Postcode'

30-08-2024T12:20:41 - [MESSAGE][PASSED] - Text '8500' is set on object 'Object Repository/APAC_University/Deakin_University/Field_Postcode'

30-08-2024T12:20:41 - [TEST_STEP][PASSED] - waitForElementClickable(findTestObject("Object Repository/APAC_University/Deakin_University/Button_Enquiry_Submit"), 10): Object 'Object Repository/APAC_University/Deakin_University/Button_Enquiry_Submit' is clickable

30-08-2024T12:20:42 - [MESSAGE][PASSED] - Object 'Object Repository/APAC_University/Deakin_University/Button_Enquiry_Submit' is clickable

30-08-2024T12:20:42 - [TEST_STEP][PASSED] - click(findTestObject("Object Repository/APAC_University/Deakin_University/Button_Enquiry_Submit")): Object: 'Object Repository/APAC_University/Deakin_University/Button_Enquiry_Submit' is clicked on

30-08-2024T12:20:42 - [MESSAGE][PASSED] - Object: 'Object Repository/APAC_University/Deakin_University/Button_Enquiry_Submit' is clicked on

30-08-2024T12:20:42 - [TEST_STEP][PASSED] - delay(5): Delayed 5 second(s)

30-08-2024T12:20:47 - [MESSAGE][PASSED] - Delayed 5 second(s)

30-08-2024T12:20:47 - [TEST_STEP][PASSED] - verifyElementText(findTestObject("Object Repository/APAC_University/Deakin_University/Verify_Content"), "Thanks - we’ll be in touch soon!"): Actual text and expected text of test object 'Object Repository/APAC_University/Deakin_University/Verify_Content' are matched.

30-08-2024T12:20:47 - [MESSAGE][PASSED] - Actual text and expected text of test object 'Object Repository/APAC_University/Deakin_University/Verify_Content' are matched.

30-08-2024T12:20:47 - [TEST_STEP][PASSED] - closeBrowser(): Browser is closed

30-08-2024T12:20:47 - [MESSAGE][PASSED] - Browser is closed]]></system-out>
         <system-err><![CDATA[]]></system-err>
      </testcase>
      <testcase name="Test Cases/APAC_Universities/SEO_PAGES/University_of_Canberra/Enquiry_Form" time="71.717" classname="Test Cases/APAC_Universities/SEO_PAGES/University_of_Canberra/Enquiry_Form" status="PASSED">
         <system-out><![CDATA[30-08-2024T12:20:47 - [TEST_CASE][PASSED] - Test Cases/APAC_Universities/SEO_PAGES/University_of_Canberra/Enquiry_Form: Test Cases/APAC_Universities/SEO_PAGES/University_of_Canberra/Enquiry_Form

30-08-2024T12:20:47 - [TEST_STEP][PASSED] - callTestCase(findTestCase("Test Cases/APAC_Universities/SEO_PAGES/University_of_Canberra/Resuable_Testcases/Navigate_Url"), [:], STOP_ON_FAILURE): Call Test Case 'Test Cases/APAC_Universities/SEO_PAGES/University_of_Canberra/Resuable_Testcases/Navigate_Url' successfully

30-08-2024T12:20:47 - [TEST_CASE][PASSED] - Test Cases/APAC_Universities/SEO_PAGES/University_of_Canberra/Resuable_Testcases/Navigate_Url: Test Cases/APAC_Universities/SEO_PAGES/University_of_Canberra/Resuable_Testcases/Navigate_Url

30-08-2024T12:20:47 - [TEST_STEP][PASSED] - openBrowser(""): Browser is opened with url: ''

30-08-2024T12:20:47 - [MESSAGE][INFO] - Starting 'Chrome' driver

30-08-2024T12:20:47 - [MESSAGE][INFO] - Action delay is set to 0 milliseconds

30-08-2024T12:20:48 - [MESSAGE][PASSED] - Browser is opened with url: ''

30-08-2024T12:20:48 - [TEST_STEP][PASSED] - navigateToUrl(University_Canberra_URL): Navigate to 'https://key:path@dev-uc-opm.pantheonsite.io/' successfully

30-08-2024T12:21:02 - [MESSAGE][PASSED] - Navigate to 'https://key:path@dev-uc-opm.pantheonsite.io/' successfully

30-08-2024T12:21:02 - [TEST_STEP][PASSED] - maximizeWindow(): Current window maximized

30-08-2024T12:21:03 - [MESSAGE][PASSED] - Current window maximized

30-08-2024T12:21:03 - [MESSAGE][PASSED] - Call Test Case 'Test Cases/APAC_Universities/SEO_PAGES/University_of_Canberra/Resuable_Testcases/Navigate_Url' successfully

30-08-2024T12:21:03 - [TEST_STEP][PASSED] - waitForElementClickable(findTestObject("Object Repository/APAC_University/University_of_Canberra/Button_Enquiry_Now"), 10): Object 'Object Repository/APAC_University/University_of_Canberra/Button_Enquiry_Now' is clickable

30-08-2024T12:21:43 - [MESSAGE][PASSED] - Object 'Object Repository/APAC_University/University_of_Canberra/Button_Enquiry_Now' is clickable

30-08-2024T12:21:43 - [TEST_STEP][PASSED] - click(findTestObject("Object Repository/APAC_University/University_of_Canberra/Button_Enquiry_Now")): Object: 'Object Repository/APAC_University/University_of_Canberra/Button_Enquiry_Now' is clicked on

30-08-2024T12:21:44 - [MESSAGE][PASSED] - Object: 'Object Repository/APAC_University/University_of_Canberra/Button_Enquiry_Now' is clicked on

30-08-2024T12:21:44 - [TEST_STEP][PASSED] - callTestCase(findTestCase("Test Cases/APAC_Universities/SEO_PAGES/University_of_Canberra/Resuable_Testcases/Lead_Form"), [:], STOP_ON_FAILURE): Call Test Case 'Test Cases/APAC_Universities/SEO_PAGES/University_of_Canberra/Resuable_Testcases/Lead_Form' successfully

30-08-2024T12:21:44 - [TEST_CASE][PASSED] - Test Cases/APAC_Universities/SEO_PAGES/University_of_Canberra/Resuable_Testcases/Lead_Form: Test Cases/APAC_Universities/SEO_PAGES/University_of_Canberra/Resuable_Testcases/Lead_Form

30-08-2024T12:21:44 - [TEST_STEP][PASSED] - program = findTestObject("Object Repository/APAC_University/University_of_Canberra/Dropdown_Enquiry_Program"): null

30-08-2024T12:21:44 - [TEST_STEP][PASSED] - selectOptionByIndex(program, keyPathPackage.customKeywords.selectRandomOptionFromDropdown()): All options with index in [2] are selected on object 'Object Repository/APAC_University/University_of_Canberra/Dropdown_Enquiry_Program'

30-08-2024T12:21:44 - [MESSAGE][PASSED] - keyPathPackage.customKeywords.selectRandomOptionFromDropdown is PASSED

30-08-2024T12:21:45 - [MESSAGE][PASSED] - All options with index in [2] are selected on object 'Object Repository/APAC_University/University_of_Canberra/Dropdown_Enquiry_Program'

30-08-2024T12:21:45 - [TEST_STEP][PASSED] - FirstName = keyPathPackage.customKeywords.generateRandomFirstName(): keyPathPackage.customKeywords.generateRandomFirstName is PASSED

30-08-2024T12:21:45 - [MESSAGE][PASSED] - keyPathPackage.customKeywords.generateRandomFirstName is PASSED

30-08-2024T12:21:45 - [TEST_STEP][PASSED] - setText(findTestObject("Object Repository/APAC_University/University_of_Canberra/Field_FirstName"), FirstName): Text 'Ellena' is set on object 'Object Repository/APAC_University/University_of_Canberra/Field_FirstName'

30-08-2024T12:21:46 - [MESSAGE][PASSED] - Text 'Ellena' is set on object 'Object Repository/APAC_University/University_of_Canberra/Field_FirstName'

30-08-2024T12:21:46 - [TEST_STEP][PASSED] - LastName = keyPathPackage.customKeywords.generateRandomLastName(): keyPathPackage.customKeywords.generateRandomLastName is PASSED

30-08-2024T12:21:46 - [MESSAGE][PASSED] - keyPathPackage.customKeywords.generateRandomLastName is PASSED

30-08-2024T12:21:46 - [TEST_STEP][PASSED] - setText(findTestObject("Object Repository/APAC_University/University_of_Canberra/Field_SecondName"), LastName): Text 'Testing Leffler' is set on object 'Object Repository/APAC_University/University_of_Canberra/Field_SecondName'

30-08-2024T12:21:46 - [MESSAGE][PASSED] - Text 'Testing Leffler' is set on object 'Object Repository/APAC_University/University_of_Canberra/Field_SecondName'

30-08-2024T12:21:46 - [TEST_STEP][PASSED] - waitForElementClickable(findTestObject("Object Repository/APAC_University/University_of_Canberra/Button_Nextstep2"), 10): Object 'Object Repository/APAC_University/University_of_Canberra/Button_Nextstep2' is clickable

30-08-2024T12:21:46 - [MESSAGE][PASSED] - Object 'Object Repository/APAC_University/University_of_Canberra/Button_Nextstep2' is clickable

30-08-2024T12:21:46 - [TEST_STEP][PASSED] - click(findTestObject("Object Repository/APAC_University/University_of_Canberra/Button_Nextstep2")): Object: 'Object Repository/APAC_University/University_of_Canberra/Button_Nextstep2' is clicked on

30-08-2024T12:21:47 - [MESSAGE][PASSED] - Object: 'Object Repository/APAC_University/University_of_Canberra/Button_Nextstep2' is clicked on

30-08-2024T12:21:47 - [TEST_STEP][PASSED] - startdate = findTestObject("Object Repository/APAC_University/University_of_Canberra/Dropdown_Enquiry_StartDate"): null

30-08-2024T12:21:47 - [TEST_STEP][PASSED] - selectOptionByIndex(startdate, keyPathPackage.customKeywords.selectRandomOptionFromDropdown()): All options with index in [2] are selected on object 'Object Repository/APAC_University/University_of_Canberra/Dropdown_Enquiry_StartDate'

30-08-2024T12:21:47 - [MESSAGE][PASSED] - keyPathPackage.customKeywords.selectRandomOptionFromDropdown is PASSED

30-08-2024T12:21:48 - [MESSAGE][PASSED] - All options with index in [2] are selected on object 'Object Repository/APAC_University/University_of_Canberra/Dropdown_Enquiry_StartDate'

30-08-2024T12:21:48 - [TEST_STEP][PASSED] - Enquiryreason = findTestObject("Object Repository/APAC_University/University_of_Canberra/Dropdown_EnquiryReason"): null

30-08-2024T12:21:48 - [TEST_STEP][PASSED] - selectOptionByIndex(Enquiryreason, keyPathPackage.customKeywords.selectRandomOptionFromDropdown()): All options with index in [2] are selected on object 'Object Repository/APAC_University/University_of_Canberra/Dropdown_EnquiryReason'

30-08-2024T12:21:48 - [MESSAGE][PASSED] - keyPathPackage.customKeywords.selectRandomOptionFromDropdown is PASSED

30-08-2024T12:21:48 - [MESSAGE][PASSED] - All options with index in [2] are selected on object 'Object Repository/APAC_University/University_of_Canberra/Dropdown_EnquiryReason'

30-08-2024T12:21:48 - [TEST_STEP][PASSED] - selectOptionByValue(findTestObject("Object Repository/APAC_University/University_of_Canberra/Dropdown_Enquiry_Leveleducation"), Education_Level, false): All options with value 'Postgraduate diploma' are selected in object 'Object Repository/APAC_University/University_of_Canberra/Dropdown_Enquiry_Leveleducation' 

30-08-2024T12:21:49 - [MESSAGE][PASSED] - All options with value 'Postgraduate diploma' are selected in object 'Object Repository/APAC_University/University_of_Canberra/Dropdown_Enquiry_Leveleducation' 

30-08-2024T12:21:49 - [TEST_STEP][PASSED] - Workexperience = findTestObject("Object Repository/APAC_University/University_of_Canberra/Field_Enquiry_Workexperience"): null

30-08-2024T12:21:49 - [TEST_STEP][PASSED] - selectOptionByIndex(Workexperience, keyPathPackage.customKeywords.selectRandomOptionFromDropdown()): All options with index in [1] are selected on object 'Object Repository/APAC_University/University_of_Canberra/Field_Enquiry_Workexperience'

30-08-2024T12:21:49 - [MESSAGE][PASSED] - keyPathPackage.customKeywords.selectRandomOptionFromDropdown is PASSED

30-08-2024T12:21:50 - [MESSAGE][PASSED] - All options with index in [1] are selected on object 'Object Repository/APAC_University/University_of_Canberra/Field_Enquiry_Workexperience'

30-08-2024T12:21:50 - [TEST_STEP][PASSED] - waitForElementClickable(findTestObject("Object Repository/APAC_University/University_of_Canberra/Button_Nextstep3"), 10): Object 'Object Repository/APAC_University/University_of_Canberra/Button_Nextstep3' is clickable

30-08-2024T12:21:50 - [MESSAGE][PASSED] - Object 'Object Repository/APAC_University/University_of_Canberra/Button_Nextstep3' is clickable

30-08-2024T12:21:50 - [TEST_STEP][PASSED] - click(findTestObject("Object Repository/APAC_University/University_of_Canberra/Button_Nextstep3")): Object: 'Object Repository/APAC_University/University_of_Canberra/Button_Nextstep3' is clicked on

30-08-2024T12:21:50 - [MESSAGE][PASSED] - Object: 'Object Repository/APAC_University/University_of_Canberra/Button_Nextstep3' is clicked on

30-08-2024T12:21:50 - [TEST_STEP][PASSED] - Phonenumber = keyPathPackage.customKeywords.generateRandomAustralianPhoneNumber(): keyPathPackage.customKeywords.generateRandomAustralianPhoneNumber is PASSED

30-08-2024T12:21:50 - [MESSAGE][PASSED] - keyPathPackage.customKeywords.generateRandomAustralianPhoneNumber is PASSED

30-08-2024T12:21:50 - [TEST_STEP][PASSED] - setText(findTestObject("Object Repository/APAC_University/University_of_Canberra/Field_Phonenumber"), Phonenumber): Text '0409596154' is set on object 'Object Repository/APAC_University/University_of_Canberra/Field_Phonenumber'

30-08-2024T12:21:51 - [MESSAGE][PASSED] - Text '0409596154' is set on object 'Object Repository/APAC_University/University_of_Canberra/Field_Phonenumber'

30-08-2024T12:21:51 - [TEST_STEP][PASSED] - Email = keyPathPackage.customKeywords.generateRandomEmail(): keyPathPackage.customKeywords.generateRandomEmail is PASSED

30-08-2024T12:21:51 - [MESSAGE][PASSED] - keyPathPackage.customKeywords.generateRandomEmail is PASSED

30-08-2024T12:21:51 - [TEST_STEP][PASSED] - setText(findTestObject("Object Repository/APAC_University/University_of_Canberra/Field_Email"), Email): Text 'marla.vandervort@yahoo.com' is set on object 'Object Repository/APAC_University/University_of_Canberra/Field_Email'

30-08-2024T12:21:52 - [MESSAGE][PASSED] - Text 'marla.vandervort@yahoo.com' is set on object 'Object Repository/APAC_University/University_of_Canberra/Field_Email'

30-08-2024T12:21:52 - [TEST_STEP][PASSED] - Postcode = keyPathPackage.customKeywords.selectRandomPostCode(): keyPathPackage.customKeywords.selectRandomPostCode is PASSED

30-08-2024T12:21:52 - [MESSAGE][PASSED] - keyPathPackage.customKeywords.selectRandomPostCode is PASSED

30-08-2024T12:21:52 - [TEST_STEP][PASSED] - setText(findTestObject("Object Repository/APAC_University/University_of_Canberra/Field_Postcode"), Postcode): Text '7677' is set on object 'Object Repository/APAC_University/University_of_Canberra/Field_Postcode'

30-08-2024T12:21:52 - [MESSAGE][PASSED] - Text '7677' is set on object 'Object Repository/APAC_University/University_of_Canberra/Field_Postcode'

30-08-2024T12:21:52 - [TEST_STEP][PASSED] - waitForElementClickable(findTestObject("Object Repository/APAC_University/University_of_Canberra/Button_Submit"), 10): Object 'Object Repository/APAC_University/University_of_Canberra/Button_Submit' is clickable

30-08-2024T12:21:52 - [MESSAGE][PASSED] - Object 'Object Repository/APAC_University/University_of_Canberra/Button_Submit' is clickable

30-08-2024T12:21:52 - [TEST_STEP][PASSED] - click(findTestObject("Object Repository/APAC_University/University_of_Canberra/Button_Submit")): Object: 'Object Repository/APAC_University/University_of_Canberra/Button_Submit' is clicked on

30-08-2024T12:21:53 - [MESSAGE][PASSED] - Object: 'Object Repository/APAC_University/University_of_Canberra/Button_Submit' is clicked on

30-08-2024T12:21:53 - [TEST_STEP][PASSED] - delay(5): Delayed 5 second(s)

30-08-2024T12:21:58 - [MESSAGE][PASSED] - Delayed 5 second(s)

30-08-2024T12:21:58 - [TEST_STEP][PASSED] - verifyElementText(findTestObject("Object Repository/APAC_University/University_of_Canberra/Verify_Content"), "Thank you for your enquiry!"): Actual text and expected text of test object 'Object Repository/APAC_University/University_of_Canberra/Verify_Content' are matched.

30-08-2024T12:21:59 - [MESSAGE][PASSED] - Actual text and expected text of test object 'Object Repository/APAC_University/University_of_Canberra/Verify_Content' are matched.

30-08-2024T12:21:59 - [MESSAGE][PASSED] - Call Test Case 'Test Cases/APAC_Universities/SEO_PAGES/University_of_Canberra/Resuable_Testcases/Lead_Form' successfully]]></system-out>
         <system-err><![CDATA[]]></system-err>
      </testcase>
      <testcase name="Test Cases/APAC_Universities/SEO_PAGES/University_of_Canberra/Main_Page" time="18.067" classname="Test Cases/APAC_Universities/SEO_PAGES/University_of_Canberra/Main_Page" status="PASSED">
         <system-out><![CDATA[30-08-2024T12:21:59 - [TEST_CASE][PASSED] - Test Cases/APAC_Universities/SEO_PAGES/University_of_Canberra/Main_Page: Test Cases/APAC_Universities/SEO_PAGES/University_of_Canberra/Main_Page

30-08-2024T12:21:59 - [TEST_STEP][PASSED] - callTestCase(findTestCase("Test Cases/APAC_Universities/SEO_PAGES/University_of_Canberra/Resuable_Testcases/Navigate_Homepage"), [:], STOP_ON_FAILURE): Call Test Case 'Test Cases/APAC_Universities/SEO_PAGES/University_of_Canberra/Resuable_Testcases/Navigate_Homepage' successfully

30-08-2024T12:21:59 - [TEST_CASE][PASSED] - Test Cases/APAC_Universities/SEO_PAGES/University_of_Canberra/Resuable_Testcases/Navigate_Homepage: Test Cases/APAC_Universities/SEO_PAGES/University_of_Canberra/Resuable_Testcases/Navigate_Homepage

30-08-2024T12:21:59 - [TEST_STEP][PASSED] - waitForElementClickable(findTestObject("Object Repository/APAC_University/University_of_Canberra/Image_Homepage"), 10): Object 'Object Repository/APAC_University/University_of_Canberra/Image_Homepage' is clickable

30-08-2024T12:21:59 - [MESSAGE][PASSED] - Object 'Object Repository/APAC_University/University_of_Canberra/Image_Homepage' is clickable

30-08-2024T12:21:59 - [TEST_STEP][PASSED] - click(findTestObject("Object Repository/APAC_University/University_of_Canberra/Image_Homepage")): Object: 'Object Repository/APAC_University/University_of_Canberra/Image_Homepage' is clicked on

30-08-2024T12:22:01 - [MESSAGE][PASSED] - Object: 'Object Repository/APAC_University/University_of_Canberra/Image_Homepage' is clicked on

30-08-2024T12:22:01 - [MESSAGE][PASSED] - Call Test Case 'Test Cases/APAC_Universities/SEO_PAGES/University_of_Canberra/Resuable_Testcases/Navigate_Homepage' successfully

30-08-2024T12:22:01 - [TEST_STEP][PASSED] - callTestCase(findTestCase("Test Cases/APAC_Universities/SEO_PAGES/University_of_Canberra/Resuable_Testcases/Lead_Form"), [:], STOP_ON_FAILURE): Call Test Case 'Test Cases/APAC_Universities/SEO_PAGES/University_of_Canberra/Resuable_Testcases/Lead_Form' successfully

30-08-2024T12:22:01 - [TEST_CASE][PASSED] - Test Cases/APAC_Universities/SEO_PAGES/University_of_Canberra/Resuable_Testcases/Lead_Form: Test Cases/APAC_Universities/SEO_PAGES/University_of_Canberra/Resuable_Testcases/Lead_Form

30-08-2024T12:22:01 - [TEST_STEP][PASSED] - program = findTestObject("Object Repository/APAC_University/University_of_Canberra/Dropdown_Enquiry_Program"): null

30-08-2024T12:22:01 - [TEST_STEP][PASSED] - selectOptionByIndex(program, keyPathPackage.customKeywords.selectRandomOptionFromDropdown()): All options with index in [2] are selected on object 'Object Repository/APAC_University/University_of_Canberra/Dropdown_Enquiry_Program'

30-08-2024T12:22:01 - [MESSAGE][PASSED] - keyPathPackage.customKeywords.selectRandomOptionFromDropdown is PASSED

30-08-2024T12:22:03 - [MESSAGE][PASSED] - All options with index in [2] are selected on object 'Object Repository/APAC_University/University_of_Canberra/Dropdown_Enquiry_Program'

30-08-2024T12:22:03 - [TEST_STEP][PASSED] - FirstName = keyPathPackage.customKeywords.generateRandomFirstName(): keyPathPackage.customKeywords.generateRandomFirstName is PASSED

30-08-2024T12:22:03 - [MESSAGE][PASSED] - keyPathPackage.customKeywords.generateRandomFirstName is PASSED

30-08-2024T12:22:03 - [TEST_STEP][PASSED] - setText(findTestObject("Object Repository/APAC_University/University_of_Canberra/Field_FirstName"), FirstName): Text 'Beryl' is set on object 'Object Repository/APAC_University/University_of_Canberra/Field_FirstName'

30-08-2024T12:22:04 - [MESSAGE][PASSED] - Text 'Beryl' is set on object 'Object Repository/APAC_University/University_of_Canberra/Field_FirstName'

30-08-2024T12:22:04 - [TEST_STEP][PASSED] - LastName = keyPathPackage.customKeywords.generateRandomLastName(): keyPathPackage.customKeywords.generateRandomLastName is PASSED

30-08-2024T12:22:04 - [MESSAGE][PASSED] - keyPathPackage.customKeywords.generateRandomLastName is PASSED

30-08-2024T12:22:04 - [TEST_STEP][PASSED] - setText(findTestObject("Object Repository/APAC_University/University_of_Canberra/Field_SecondName"), LastName): Text 'Testing Cormier' is set on object 'Object Repository/APAC_University/University_of_Canberra/Field_SecondName'

30-08-2024T12:22:05 - [MESSAGE][PASSED] - Text 'Testing Cormier' is set on object 'Object Repository/APAC_University/University_of_Canberra/Field_SecondName'

30-08-2024T12:22:05 - [TEST_STEP][PASSED] - waitForElementClickable(findTestObject("Object Repository/APAC_University/University_of_Canberra/Button_Nextstep2"), 10): Object 'Object Repository/APAC_University/University_of_Canberra/Button_Nextstep2' is clickable

30-08-2024T12:22:05 - [MESSAGE][PASSED] - Object 'Object Repository/APAC_University/University_of_Canberra/Button_Nextstep2' is clickable

30-08-2024T12:22:05 - [TEST_STEP][PASSED] - click(findTestObject("Object Repository/APAC_University/University_of_Canberra/Button_Nextstep2")): Object: 'Object Repository/APAC_University/University_of_Canberra/Button_Nextstep2' is clicked on

30-08-2024T12:22:05 - [MESSAGE][PASSED] - Object: 'Object Repository/APAC_University/University_of_Canberra/Button_Nextstep2' is clicked on

30-08-2024T12:22:05 - [TEST_STEP][PASSED] - startdate = findTestObject("Object Repository/APAC_University/University_of_Canberra/Dropdown_Enquiry_StartDate"): null

30-08-2024T12:22:05 - [TEST_STEP][PASSED] - selectOptionByIndex(startdate, keyPathPackage.customKeywords.selectRandomOptionFromDropdown()): All options with index in [1] are selected on object 'Object Repository/APAC_University/University_of_Canberra/Dropdown_Enquiry_StartDate'

30-08-2024T12:22:05 - [MESSAGE][PASSED] - keyPathPackage.customKeywords.selectRandomOptionFromDropdown is PASSED

30-08-2024T12:22:07 - [MESSAGE][PASSED] - All options with index in [1] are selected on object 'Object Repository/APAC_University/University_of_Canberra/Dropdown_Enquiry_StartDate'

30-08-2024T12:22:07 - [TEST_STEP][PASSED] - Enquiryreason = findTestObject("Object Repository/APAC_University/University_of_Canberra/Dropdown_EnquiryReason"): null

30-08-2024T12:22:07 - [TEST_STEP][PASSED] - selectOptionByIndex(Enquiryreason, keyPathPackage.customKeywords.selectRandomOptionFromDropdown()): All options with index in [1] are selected on object 'Object Repository/APAC_University/University_of_Canberra/Dropdown_EnquiryReason'

30-08-2024T12:22:07 - [MESSAGE][PASSED] - keyPathPackage.customKeywords.selectRandomOptionFromDropdown is PASSED

30-08-2024T12:22:07 - [MESSAGE][PASSED] - All options with index in [1] are selected on object 'Object Repository/APAC_University/University_of_Canberra/Dropdown_EnquiryReason'

30-08-2024T12:22:07 - [TEST_STEP][PASSED] - selectOptionByValue(findTestObject("Object Repository/APAC_University/University_of_Canberra/Dropdown_Enquiry_Leveleducation"), Education_Level, false): All options with value 'Postgraduate diploma' are selected in object 'Object Repository/APAC_University/University_of_Canberra/Dropdown_Enquiry_Leveleducation' 

30-08-2024T12:22:08 - [MESSAGE][PASSED] - All options with value 'Postgraduate diploma' are selected in object 'Object Repository/APAC_University/University_of_Canberra/Dropdown_Enquiry_Leveleducation' 

30-08-2024T12:22:08 - [TEST_STEP][PASSED] - Workexperience = findTestObject("Object Repository/APAC_University/University_of_Canberra/Field_Enquiry_Workexperience"): null

30-08-2024T12:22:08 - [TEST_STEP][PASSED] - selectOptionByIndex(Workexperience, keyPathPackage.customKeywords.selectRandomOptionFromDropdown()): All options with index in [2] are selected on object 'Object Repository/APAC_University/University_of_Canberra/Field_Enquiry_Workexperience'

30-08-2024T12:22:08 - [MESSAGE][PASSED] - keyPathPackage.customKeywords.selectRandomOptionFromDropdown is PASSED

30-08-2024T12:22:09 - [MESSAGE][PASSED] - All options with index in [2] are selected on object 'Object Repository/APAC_University/University_of_Canberra/Field_Enquiry_Workexperience'

30-08-2024T12:22:09 - [TEST_STEP][PASSED] - waitForElementClickable(findTestObject("Object Repository/APAC_University/University_of_Canberra/Button_Nextstep3"), 10): Object 'Object Repository/APAC_University/University_of_Canberra/Button_Nextstep3' is clickable

30-08-2024T12:22:09 - [MESSAGE][PASSED] - Object 'Object Repository/APAC_University/University_of_Canberra/Button_Nextstep3' is clickable

30-08-2024T12:22:09 - [TEST_STEP][PASSED] - click(findTestObject("Object Repository/APAC_University/University_of_Canberra/Button_Nextstep3")): Object: 'Object Repository/APAC_University/University_of_Canberra/Button_Nextstep3' is clicked on

30-08-2024T12:22:09 - [MESSAGE][PASSED] - Object: 'Object Repository/APAC_University/University_of_Canberra/Button_Nextstep3' is clicked on

30-08-2024T12:22:09 - [TEST_STEP][PASSED] - Phonenumber = keyPathPackage.customKeywords.generateRandomAustralianPhoneNumber(): keyPathPackage.customKeywords.generateRandomAustralianPhoneNumber is PASSED

30-08-2024T12:22:09 - [MESSAGE][PASSED] - keyPathPackage.customKeywords.generateRandomAustralianPhoneNumber is PASSED

30-08-2024T12:22:09 - [TEST_STEP][PASSED] - setText(findTestObject("Object Repository/APAC_University/University_of_Canberra/Field_Phonenumber"), Phonenumber): Text '0427174954' is set on object 'Object Repository/APAC_University/University_of_Canberra/Field_Phonenumber'

30-08-2024T12:22:10 - [MESSAGE][PASSED] - Text '0427174954' is set on object 'Object Repository/APAC_University/University_of_Canberra/Field_Phonenumber'

30-08-2024T12:22:10 - [TEST_STEP][PASSED] - Email = keyPathPackage.customKeywords.generateRandomEmail(): keyPathPackage.customKeywords.generateRandomEmail is PASSED

30-08-2024T12:22:10 - [MESSAGE][PASSED] - keyPathPackage.customKeywords.generateRandomEmail is PASSED

30-08-2024T12:22:10 - [TEST_STEP][PASSED] - setText(findTestObject("Object Repository/APAC_University/University_of_Canberra/Field_Email"), Email): Text 'carlee.hettinger@hotmail.com' is set on object 'Object Repository/APAC_University/University_of_Canberra/Field_Email'

30-08-2024T12:22:11 - [MESSAGE][PASSED] - Text 'carlee.hettinger@hotmail.com' is set on object 'Object Repository/APAC_University/University_of_Canberra/Field_Email'

30-08-2024T12:22:11 - [TEST_STEP][PASSED] - Postcode = keyPathPackage.customKeywords.selectRandomPostCode(): keyPathPackage.customKeywords.selectRandomPostCode is PASSED

30-08-2024T12:22:11 - [MESSAGE][PASSED] - keyPathPackage.customKeywords.selectRandomPostCode is PASSED

30-08-2024T12:22:11 - [TEST_STEP][PASSED] - setText(findTestObject("Object Repository/APAC_University/University_of_Canberra/Field_Postcode"), Postcode): Text '9120' is set on object 'Object Repository/APAC_University/University_of_Canberra/Field_Postcode'

30-08-2024T12:22:11 - [MESSAGE][PASSED] - Text '9120' is set on object 'Object Repository/APAC_University/University_of_Canberra/Field_Postcode'

30-08-2024T12:22:11 - [TEST_STEP][PASSED] - waitForElementClickable(findTestObject("Object Repository/APAC_University/University_of_Canberra/Button_Submit"), 10): Object 'Object Repository/APAC_University/University_of_Canberra/Button_Submit' is clickable

30-08-2024T12:22:11 - [MESSAGE][PASSED] - Object 'Object Repository/APAC_University/University_of_Canberra/Button_Submit' is clickable

30-08-2024T12:22:11 - [TEST_STEP][PASSED] - click(findTestObject("Object Repository/APAC_University/University_of_Canberra/Button_Submit")): Object: 'Object Repository/APAC_University/University_of_Canberra/Button_Submit' is clicked on

30-08-2024T12:22:12 - [MESSAGE][PASSED] - Object: 'Object Repository/APAC_University/University_of_Canberra/Button_Submit' is clicked on

30-08-2024T12:22:12 - [TEST_STEP][PASSED] - delay(5): Delayed 5 second(s)

30-08-2024T12:22:17 - [MESSAGE][PASSED] - Delayed 5 second(s)

30-08-2024T12:22:17 - [TEST_STEP][PASSED] - verifyElementText(findTestObject("Object Repository/APAC_University/University_of_Canberra/Verify_Content"), "Thank you for your enquiry!"): Actual text and expected text of test object 'Object Repository/APAC_University/University_of_Canberra/Verify_Content' are matched.

30-08-2024T12:22:17 - [MESSAGE][PASSED] - Actual text and expected text of test object 'Object Repository/APAC_University/University_of_Canberra/Verify_Content' are matched.

30-08-2024T12:22:17 - [MESSAGE][PASSED] - Call Test Case 'Test Cases/APAC_Universities/SEO_PAGES/University_of_Canberra/Resuable_Testcases/Lead_Form' successfully

30-08-2024T12:22:17 - [TEST_STEP][PASSED] - closeBrowser(): Browser is closed

30-08-2024T12:22:17 - [MESSAGE][PASSED] - Browser is closed]]></system-out>
         <system-err><![CDATA[]]></system-err>
      </testcase>
      <testcase name="Test Cases/APAC_Universities/SEO_PAGES/Victorian_University/Main_Page" time="40.243" classname="Test Cases/APAC_Universities/SEO_PAGES/Victorian_University/Main_Page" status="PASSED">
         <system-out><![CDATA[30-08-2024T12:22:17 - [TEST_CASE][PASSED] - Test Cases/APAC_Universities/SEO_PAGES/Victorian_University/Main_Page: Test Cases/APAC_Universities/SEO_PAGES/Victorian_University/Main_Page

30-08-2024T12:22:17 - [TEST_STEP][PASSED] - callTestCase(findTestCase("Test Cases/APAC_Universities/SEO_PAGES/Victorian_University/Reusuable_Testcases/Navigate_URL"), [:], STOP_ON_FAILURE): Call Test Case 'Test Cases/APAC_Universities/SEO_PAGES/Victorian_University/Reusuable_Testcases/Navigate_URL' successfully

30-08-2024T12:22:17 - [TEST_CASE][PASSED] - Test Cases/APAC_Universities/SEO_PAGES/Victorian_University/Reusuable_Testcases/Navigate_URL: Test Cases/APAC_Universities/SEO_PAGES/Victorian_University/Reusuable_Testcases/Navigate_URL

30-08-2024T12:22:17 - [TEST_STEP][PASSED] - openBrowser(""): Browser is opened with url: ''

30-08-2024T12:22:17 - [MESSAGE][INFO] - Starting 'Chrome' driver

30-08-2024T12:22:17 - [MESSAGE][INFO] - Action delay is set to 0 milliseconds

30-08-2024T12:22:18 - [MESSAGE][PASSED] - Browser is opened with url: ''

30-08-2024T12:22:18 - [TEST_STEP][PASSED] - navigateToUrl(University_VC): Navigate to 'https://key:path@test-vu-opm.pantheonsite.io' successfully

30-08-2024T12:22:41 - [MESSAGE][PASSED] - Navigate to 'https://key:path@test-vu-opm.pantheonsite.io' successfully

30-08-2024T12:22:41 - [TEST_STEP][PASSED] - maximizeWindow(): Current window maximized

30-08-2024T12:22:41 - [MESSAGE][PASSED] - Current window maximized

30-08-2024T12:22:41 - [MESSAGE][PASSED] - Call Test Case 'Test Cases/APAC_Universities/SEO_PAGES/Victorian_University/Reusuable_Testcases/Navigate_URL' successfully

30-08-2024T12:22:41 - [TEST_STEP][PASSED] - callTestCase(findTestCase("Test Cases/APAC_Universities/SEO_PAGES/Victorian_University/Reusuable_Testcases/Lead_Form"), [:], STOP_ON_FAILURE): Call Test Case 'Test Cases/APAC_Universities/SEO_PAGES/Victorian_University/Reusuable_Testcases/Lead_Form' successfully

30-08-2024T12:22:41 - [TEST_CASE][PASSED] - Test Cases/APAC_Universities/SEO_PAGES/Victorian_University/Reusuable_Testcases/Lead_Form: Test Cases/APAC_Universities/SEO_PAGES/Victorian_University/Reusuable_Testcases/Lead_Form

30-08-2024T12:22:42 - [TEST_STEP][PASSED] - program = findTestObject("Object Repository/APAC_University/Victoria_University/Dropdown_Program"): null

30-08-2024T12:22:42 - [TEST_STEP][PASSED] - selectOptionByIndex(program, keyPathPackage.customKeywords.selectRandomOptionFromDropdown()): All options with index in [2] are selected on object 'Object Repository/APAC_University/Victoria_University/Dropdown_Program'

30-08-2024T12:22:42 - [MESSAGE][PASSED] - keyPathPackage.customKeywords.selectRandomOptionFromDropdown is PASSED

30-08-2024T12:22:43 - [MESSAGE][PASSED] - All options with index in [2] are selected on object 'Object Repository/APAC_University/Victoria_University/Dropdown_Program'

30-08-2024T12:22:43 - [TEST_STEP][PASSED] - FirstName = keyPathPackage.customKeywords.generateRandomFirstName(): keyPathPackage.customKeywords.generateRandomFirstName is PASSED

30-08-2024T12:22:43 - [MESSAGE][PASSED] - keyPathPackage.customKeywords.generateRandomFirstName is PASSED

30-08-2024T12:22:43 - [TEST_STEP][PASSED] - setText(findTestObject("Object Repository/APAC_University/Victoria_University/Field_Firstname"), FirstName): Text 'Clay' is set on object 'Object Repository/APAC_University/Victoria_University/Field_Firstname'

30-08-2024T12:22:44 - [MESSAGE][PASSED] - Text 'Clay' is set on object 'Object Repository/APAC_University/Victoria_University/Field_Firstname'

30-08-2024T12:22:44 - [TEST_STEP][PASSED] - LastName = keyPathPackage.customKeywords.generateRandomLastName(): keyPathPackage.customKeywords.generateRandomLastName is PASSED

30-08-2024T12:22:44 - [MESSAGE][PASSED] - keyPathPackage.customKeywords.generateRandomLastName is PASSED

30-08-2024T12:22:44 - [TEST_STEP][PASSED] - setText(findTestObject("Object Repository/APAC_University/Victoria_University/Field_Lastname"), LastName): Text 'Testing Crist' is set on object 'Object Repository/APAC_University/Victoria_University/Field_Lastname'

30-08-2024T12:22:44 - [MESSAGE][PASSED] - Text 'Testing Crist' is set on object 'Object Repository/APAC_University/Victoria_University/Field_Lastname'

30-08-2024T12:22:44 - [TEST_STEP][PASSED] - dropdown = findTestObject("Object Repository/APAC_University/Victoria_University/Dropdown_Citizen_Qualify"): null

30-08-2024T12:22:44 - [TEST_STEP][PASSED] - options = ["yes", "no"]: null

30-08-2024T12:22:44 - [TEST_STEP][PASSED] - randomOption = options[Random().nextInt(length)]: null

30-08-2024T12:22:44 - [TEST_STEP][PASSED] - selectOptionByValue(dropdown, randomOption, true): All options with value 'yes' are selected in object 'Object Repository/APAC_University/Victoria_University/Dropdown_Citizen_Qualify'  using regular expression

30-08-2024T12:22:45 - [MESSAGE][PASSED] - All options with value 'yes' are selected in object 'Object Repository/APAC_University/Victoria_University/Dropdown_Citizen_Qualify'  using regular expression

30-08-2024T12:22:45 - [TEST_STEP][PASSED] - if (randomOption.equals("no")): null

30-08-2024T12:22:45 - [TEST_STEP][PASSED] - else: Actual text and expected text of test object 'Object Repository/APAC_University/Victoria_University/Verify_Content' are matched.

30-08-2024T12:22:45 - [TEST_STEP][PASSED] - waitForElementClickable(findTestObject("Object Repository/APAC_University/Victoria_University/Button_NextStep2"), 10): Object 'Object Repository/APAC_University/Victoria_University/Button_NextStep2' is clickable

30-08-2024T12:22:45 - [MESSAGE][PASSED] - Object 'Object Repository/APAC_University/Victoria_University/Button_NextStep2' is clickable

30-08-2024T12:22:45 - [TEST_STEP][PASSED] - click(findTestObject("Object Repository/APAC_University/Victoria_University/Button_NextStep2")): Object: 'Object Repository/APAC_University/Victoria_University/Button_NextStep2' is clicked on

30-08-2024T12:22:45 - [MESSAGE][PASSED] - Object: 'Object Repository/APAC_University/Victoria_University/Button_NextStep2' is clicked on

30-08-2024T12:22:45 - [TEST_STEP][PASSED] - startdate = findTestObject("Object Repository/APAC_University/Victoria_University/Dropdown_Startdate"): null

30-08-2024T12:22:45 - [TEST_STEP][PASSED] - selectOptionByIndex(startdate, keyPathPackage.customKeywords.selectRandomOptionFromDropdown()): All options with index in [1] are selected on object 'Object Repository/APAC_University/Victoria_University/Dropdown_Startdate'

30-08-2024T12:22:45 - [MESSAGE][PASSED] - keyPathPackage.customKeywords.selectRandomOptionFromDropdown is PASSED

30-08-2024T12:22:47 - [MESSAGE][PASSED] - All options with index in [1] are selected on object 'Object Repository/APAC_University/Victoria_University/Dropdown_Startdate'

30-08-2024T12:22:47 - [TEST_STEP][PASSED] - Enquiryreason = findTestObject("Object Repository/APAC_University/Victoria_University/Dropdown_Enquiry"): null

30-08-2024T12:22:47 - [TEST_STEP][PASSED] - selectOptionByIndex(Enquiryreason, keyPathPackage.customKeywords.selectRandomOptionFromDropdown()): All options with index in [2] are selected on object 'Object Repository/APAC_University/Victoria_University/Dropdown_Enquiry'

30-08-2024T12:22:47 - [MESSAGE][PASSED] - keyPathPackage.customKeywords.selectRandomOptionFromDropdown is PASSED

30-08-2024T12:22:47 - [MESSAGE][PASSED] - All options with index in [2] are selected on object 'Object Repository/APAC_University/Victoria_University/Dropdown_Enquiry'

30-08-2024T12:22:47 - [TEST_STEP][PASSED] - selectOptionByValue(findTestObject("Object Repository/APAC_University/Victoria_University/Dropdown_Highereducation"), Education_Level, false): All options with value 'Postgraduate diploma' are selected in object 'Object Repository/APAC_University/Victoria_University/Dropdown_Highereducation' 

30-08-2024T12:22:48 - [MESSAGE][PASSED] - All options with value 'Postgraduate diploma' are selected in object 'Object Repository/APAC_University/Victoria_University/Dropdown_Highereducation' 

30-08-2024T12:22:48 - [TEST_STEP][PASSED] - Workexperience = findTestObject("Object Repository/APAC_University/Victoria_University/Dropdown_Workexperience"): null

30-08-2024T12:22:48 - [TEST_STEP][PASSED] - selectOptionByIndex(Workexperience, keyPathPackage.customKeywords.selectRandomOptionFromDropdown()): All options with index in [1] are selected on object 'Object Repository/APAC_University/Victoria_University/Dropdown_Workexperience'

30-08-2024T12:22:48 - [MESSAGE][PASSED] - keyPathPackage.customKeywords.selectRandomOptionFromDropdown is PASSED

30-08-2024T12:22:49 - [MESSAGE][PASSED] - All options with index in [1] are selected on object 'Object Repository/APAC_University/Victoria_University/Dropdown_Workexperience'

30-08-2024T12:22:49 - [TEST_STEP][PASSED] - waitForElementClickable(findTestObject("Object Repository/APAC_University/Victoria_University/Button_Nextstep3"), 10): Object 'Object Repository/APAC_University/Victoria_University/Button_Nextstep3' is clickable

30-08-2024T12:22:49 - [MESSAGE][PASSED] - Object 'Object Repository/APAC_University/Victoria_University/Button_Nextstep3' is clickable

30-08-2024T12:22:49 - [TEST_STEP][PASSED] - click(findTestObject("Object Repository/APAC_University/Victoria_University/Button_Nextstep3")): Object: 'Object Repository/APAC_University/Victoria_University/Button_Nextstep3' is clicked on

30-08-2024T12:22:49 - [MESSAGE][PASSED] - Object: 'Object Repository/APAC_University/Victoria_University/Button_Nextstep3' is clicked on

30-08-2024T12:22:49 - [TEST_STEP][PASSED] - Email = keyPathPackage.customKeywords.generateRandomEmail(): keyPathPackage.customKeywords.generateRandomEmail is PASSED

30-08-2024T12:22:49 - [MESSAGE][PASSED] - keyPathPackage.customKeywords.generateRandomEmail is PASSED

30-08-2024T12:22:49 - [TEST_STEP][PASSED] - setText(findTestObject("Object Repository/APAC_University/Victoria_University/Field_Email"), Email): Text 'shaunda.fadel@gmail.com' is set on object 'Object Repository/APAC_University/Victoria_University/Field_Email'

30-08-2024T12:22:50 - [MESSAGE][PASSED] - Text 'shaunda.fadel@gmail.com' is set on object 'Object Repository/APAC_University/Victoria_University/Field_Email'

30-08-2024T12:22:50 - [TEST_STEP][PASSED] - selectOptionByLabel(findTestObject("Object Repository/APAC_University/Victoria_University/Dropdown_Country"), "Australia", false): All options with label 'Australia' are selected in object 'Object Repository/APAC_University/Victoria_University/Dropdown_Country' 

30-08-2024T12:22:50 - [MESSAGE][PASSED] - All options with label 'Australia' are selected in object 'Object Repository/APAC_University/Victoria_University/Dropdown_Country' 

30-08-2024T12:22:50 - [TEST_STEP][PASSED] - Postcode = keyPathPackage.customKeywords.selectRandomPostCode(): keyPathPackage.customKeywords.selectRandomPostCode is PASSED

30-08-2024T12:22:50 - [MESSAGE][PASSED] - keyPathPackage.customKeywords.selectRandomPostCode is PASSED

30-08-2024T12:22:50 - [TEST_STEP][PASSED] - setText(findTestObject("Object Repository/APAC_University/Victoria_University/Field_Postcode"), Postcode): Text '6773' is set on object 'Object Repository/APAC_University/Victoria_University/Field_Postcode'

30-08-2024T12:22:51 - [MESSAGE][PASSED] - Text '6773' is set on object 'Object Repository/APAC_University/Victoria_University/Field_Postcode'

30-08-2024T12:22:51 - [TEST_STEP][PASSED] - Phonenumber = keyPathPackage.customKeywords.generateRandomAustralianPhoneNumber(): keyPathPackage.customKeywords.generateRandomAustralianPhoneNumber is PASSED

30-08-2024T12:22:51 - [MESSAGE][PASSED] - keyPathPackage.customKeywords.generateRandomAustralianPhoneNumber is PASSED

30-08-2024T12:22:51 - [TEST_STEP][PASSED] - setText(findTestObject("Object Repository/APAC_University/Victoria_University/Field_Phonenumber"), Phonenumber): Text '0411021947' is set on object 'Object Repository/APAC_University/Victoria_University/Field_Phonenumber'

30-08-2024T12:22:51 - [MESSAGE][PASSED] - Text '0411021947' is set on object 'Object Repository/APAC_University/Victoria_University/Field_Phonenumber'

30-08-2024T12:22:51 - [TEST_STEP][PASSED] - waitForElementClickable(findTestObject("Object Repository/APAC_University/Victoria_University/Button_Submit"), 10): Object 'Object Repository/APAC_University/Victoria_University/Button_Submit' is clickable

30-08-2024T12:22:52 - [MESSAGE][PASSED] - Object 'Object Repository/APAC_University/Victoria_University/Button_Submit' is clickable

30-08-2024T12:22:52 - [TEST_STEP][PASSED] - click(findTestObject("Object Repository/APAC_University/Victoria_University/Button_Submit")): Object: 'Object Repository/APAC_University/Victoria_University/Button_Submit' is clicked on

30-08-2024T12:22:52 - [MESSAGE][PASSED] - Object: 'Object Repository/APAC_University/Victoria_University/Button_Submit' is clicked on

30-08-2024T12:22:52 - [TEST_STEP][PASSED] - delay(5): Delayed 5 second(s)

30-08-2024T12:22:57 - [MESSAGE][PASSED] - Delayed 5 second(s)

30-08-2024T12:22:57 - [TEST_STEP][PASSED] - verifyElementText(findTestObject("Object Repository/APAC_University/Victoria_University/Verify_Content"), "THANKS FOR YOUR ENQUIRY"): Actual text and expected text of test object 'Object Repository/APAC_University/Victoria_University/Verify_Content' are matched.

30-08-2024T12:22:57 - [MESSAGE][PASSED] - Actual text and expected text of test object 'Object Repository/APAC_University/Victoria_University/Verify_Content' are matched.

30-08-2024T12:22:57 - [MESSAGE][PASSED] - Call Test Case 'Test Cases/APAC_Universities/SEO_PAGES/Victorian_University/Reusuable_Testcases/Lead_Form' successfully]]></system-out>
         <system-err><![CDATA[]]></system-err>
      </testcase>
      <testcase name="Test Cases/APAC_Universities/SEO_PAGES/Victorian_University/Enquiry_Form" time="16.271" classname="Test Cases/APAC_Universities/SEO_PAGES/Victorian_University/Enquiry_Form" status="PASSED">
         <system-out><![CDATA[30-08-2024T12:22:57 - [TEST_CASE][PASSED] - Test Cases/APAC_Universities/SEO_PAGES/Victorian_University/Enquiry_Form: Test Cases/APAC_Universities/SEO_PAGES/Victorian_University/Enquiry_Form

30-08-2024T12:22:57 - [TEST_STEP][PASSED] - callTestCase(findTestCase("Test Cases/APAC_Universities/SEO_PAGES/Victorian_University/Reusuable_Testcases/Navigate_URL"), [:], STOP_ON_FAILURE): Call Test Case 'Test Cases/APAC_Universities/SEO_PAGES/Victorian_University/Reusuable_Testcases/Navigate_URL' successfully

30-08-2024T12:22:57 - [TEST_CASE][PASSED] - Test Cases/APAC_Universities/SEO_PAGES/Victorian_University/Reusuable_Testcases/Navigate_URL: Test Cases/APAC_Universities/SEO_PAGES/Victorian_University/Reusuable_Testcases/Navigate_URL

30-08-2024T12:22:57 - [TEST_STEP][PASSED] - openBrowser(""): Browser is opened with url: ''

30-08-2024T12:22:57 - [MESSAGE][WARNING] - A browser is already opened. Closing browser and opening a new one

30-08-2024T12:22:58 - [MESSAGE][INFO] - Starting 'Chrome' driver

30-08-2024T12:22:58 - [MESSAGE][INFO] - Action delay is set to 0 milliseconds

30-08-2024T12:22:58 - [MESSAGE][PASSED] - Browser is opened with url: ''

30-08-2024T12:22:58 - [TEST_STEP][PASSED] - navigateToUrl(University_VC): Navigate to 'https://key:path@test-vu-opm.pantheonsite.io' successfully

30-08-2024T12:22:59 - [MESSAGE][PASSED] - Navigate to 'https://key:path@test-vu-opm.pantheonsite.io' successfully

30-08-2024T12:22:59 - [TEST_STEP][PASSED] - maximizeWindow(): Current window maximized

30-08-2024T12:23:02 - [MESSAGE][PASSED] - Current window maximized

30-08-2024T12:23:02 - [MESSAGE][PASSED] - Call Test Case 'Test Cases/APAC_Universities/SEO_PAGES/Victorian_University/Reusuable_Testcases/Navigate_URL' successfully

30-08-2024T12:23:02 - [TEST_STEP][PASSED] - callTestCase(findTestCase("Test Cases/APAC_Universities/SEO_PAGES/Victorian_University/Reusuable_Testcases/Navigate_HomePage"), [:], STOP_ON_FAILURE): Call Test Case 'Test Cases/APAC_Universities/SEO_PAGES/Victorian_University/Reusuable_Testcases/Navigate_HomePage' successfully

30-08-2024T12:23:02 - [TEST_CASE][PASSED] - Test Cases/APAC_Universities/SEO_PAGES/Victorian_University/Reusuable_Testcases/Navigate_HomePage: Test Cases/APAC_Universities/SEO_PAGES/Victorian_University/Reusuable_Testcases/Navigate_HomePage

30-08-2024T12:23:02 - [TEST_STEP][PASSED] - waitForElementClickable(findTestObject("Object Repository/APAC_University/Victoria_University/Image_Homepage"), 10): Object 'Object Repository/APAC_University/Victoria_University/Image_Homepage' is clickable

30-08-2024T12:23:02 - [MESSAGE][PASSED] - Object 'Object Repository/APAC_University/Victoria_University/Image_Homepage' is clickable

30-08-2024T12:23:02 - [TEST_STEP][PASSED] - click(findTestObject("Object Repository/APAC_University/Victoria_University/Image_Homepage")): Object: 'Object Repository/APAC_University/Victoria_University/Image_Homepage' is clicked on

30-08-2024T12:23:03 - [MESSAGE][PASSED] - Object: 'Object Repository/APAC_University/Victoria_University/Image_Homepage' is clicked on

30-08-2024T12:23:03 - [MESSAGE][PASSED] - Call Test Case 'Test Cases/APAC_Universities/SEO_PAGES/Victorian_University/Reusuable_Testcases/Navigate_HomePage' successfully

30-08-2024T12:23:03 - [TEST_STEP][PASSED] - waitForElementClickable(findTestObject("Object Repository/APAC_University/Victoria_University/Button_Enquiry_Now"), 10): Object 'Object Repository/APAC_University/Victoria_University/Button_Enquiry_Now' is clickable

30-08-2024T12:23:06 - [MESSAGE][PASSED] - Object 'Object Repository/APAC_University/Victoria_University/Button_Enquiry_Now' is clickable

30-08-2024T12:23:06 - [TEST_STEP][PASSED] - click(findTestObject("Object Repository/APAC_University/Victoria_University/Button_Enquiry_Now")): Object: 'Object Repository/APAC_University/Victoria_University/Button_Enquiry_Now' is clicked on

30-08-2024T12:23:06 - [MESSAGE][PASSED] - Object: 'Object Repository/APAC_University/Victoria_University/Button_Enquiry_Now' is clicked on

30-08-2024T12:23:06 - [TEST_STEP][PASSED] - program = findTestObject("Object Repository/APAC_University/Victoria_University/Dropdown_Program"): null

30-08-2024T12:23:06 - [TEST_STEP][PASSED] - selectOptionByIndex(program, keyPathPackage.customKeywords.selectRandomOptionFromDropdown()): All options with index in [2] are selected on object 'Object Repository/APAC_University/Victoria_University/Dropdown_Program'

30-08-2024T12:23:06 - [MESSAGE][PASSED] - keyPathPackage.customKeywords.selectRandomOptionFromDropdown is PASSED

30-08-2024T12:23:09 - [MESSAGE][PASSED] - All options with index in [2] are selected on object 'Object Repository/APAC_University/Victoria_University/Dropdown_Program'

30-08-2024T12:23:09 - [TEST_STEP][PASSED] - dropdown = findTestObject("Object Repository/APAC_University/Victoria_University/Dropdown_Citizen_Qualify"): null

30-08-2024T12:23:09 - [TEST_STEP][PASSED] - options = ["yes", "no"]: null

30-08-2024T12:23:09 - [TEST_STEP][PASSED] - randomOption = options[Random().nextInt(length)]: null

30-08-2024T12:23:09 - [TEST_STEP][PASSED] - selectOptionByValue(dropdown, randomOption, true): All options with value 'no' are selected in object 'Object Repository/APAC_University/Victoria_University/Dropdown_Citizen_Qualify'  using regular expression

30-08-2024T12:23:10 - [MESSAGE][PASSED] - All options with value 'no' are selected in object 'Object Repository/APAC_University/Victoria_University/Dropdown_Citizen_Qualify'  using regular expression

30-08-2024T12:23:10 - [TEST_STEP][PASSED] - if (randomOption.equals("no")): Browser is closed

30-08-2024T12:23:10 - [TEST_STEP][PASSED] - delay(3): Delayed 3 second(s)

30-08-2024T12:23:13 - [MESSAGE][PASSED] - Delayed 3 second(s)

30-08-2024T12:23:13 - [TEST_STEP][PASSED] - verifyElementText(findTestObject("Object Repository/APAC_University/Victoria_University/Verify_Popup_Message"), "This course is available to Australian citizens and permanent residents only."): Actual text and expected text of test object 'Object Repository/APAC_University/Victoria_University/Verify_Popup_Message' are matched.

30-08-2024T12:23:14 - [MESSAGE][PASSED] - Actual text and expected text of test object 'Object Repository/APAC_University/Victoria_University/Verify_Popup_Message' are matched.

30-08-2024T12:23:14 - [TEST_STEP][PASSED] - closeBrowser(): Browser is closed

30-08-2024T12:23:14 - [MESSAGE][PASSED] - Browser is closed]]></system-out>
         <system-err><![CDATA[]]></system-err>
      </testcase>
      <testcase name="Test Cases/APAC_Universities/SEO_PAGES/UTS_University/Enquiry_Now" time="34.496" classname="Test Cases/APAC_Universities/SEO_PAGES/UTS_University/Enquiry_Now" status="PASSED">
         <system-out><![CDATA[30-08-2024T12:23:14 - [TEST_CASE][PASSED] - Test Cases/APAC_Universities/SEO_PAGES/UTS_University/Enquiry_Now: Test Cases/APAC_Universities/SEO_PAGES/UTS_University/Enquiry_Now

30-08-2024T12:23:14 - [TEST_STEP][PASSED] - callTestCase(findTestCase("Test Cases/APAC_Universities/SEO_PAGES/UTS_University/Resuable_Testcases/Navigate_URL"), [:], STOP_ON_FAILURE): Call Test Case 'Test Cases/APAC_Universities/SEO_PAGES/UTS_University/Resuable_Testcases/Navigate_URL' successfully

30-08-2024T12:23:14 - [TEST_CASE][PASSED] - Test Cases/APAC_Universities/SEO_PAGES/UTS_University/Resuable_Testcases/Navigate_URL: Test Cases/APAC_Universities/SEO_PAGES/UTS_University/Resuable_Testcases/Navigate_URL

30-08-2024T12:23:14 - [TEST_STEP][PASSED] - openBrowser(""): Browser is opened with url: ''

30-08-2024T12:23:14 - [MESSAGE][INFO] - Starting 'Chrome' driver

30-08-2024T12:23:14 - [MESSAGE][INFO] - Action delay is set to 0 milliseconds

30-08-2024T12:23:14 - [MESSAGE][PASSED] - Browser is opened with url: ''

30-08-2024T12:23:14 - [TEST_STEP][PASSED] - navigateToUrl(University_UTS): Navigate to 'https://key:path@dev-uts-opm.pantheonsite.io/' successfully

30-08-2024T12:23:17 - [MESSAGE][PASSED] - Navigate to 'https://key:path@dev-uts-opm.pantheonsite.io/' successfully

30-08-2024T12:23:17 - [TEST_STEP][PASSED] - maximizeWindow(): Current window maximized

30-08-2024T12:23:18 - [MESSAGE][PASSED] - Current window maximized

30-08-2024T12:23:18 - [MESSAGE][PASSED] - Call Test Case 'Test Cases/APAC_Universities/SEO_PAGES/UTS_University/Resuable_Testcases/Navigate_URL' successfully

30-08-2024T12:23:18 - [TEST_STEP][PASSED] - waitForElementClickable(findTestObject("Object Repository/APAC_University/UTS_University/Button_Enquiry_Now"), 10): Object 'Object Repository/APAC_University/UTS_University/Button_Enquiry_Now' is clickable

30-08-2024T12:23:18 - [MESSAGE][PASSED] - Object 'Object Repository/APAC_University/UTS_University/Button_Enquiry_Now' is clickable

30-08-2024T12:23:18 - [TEST_STEP][PASSED] - click(findTestObject("Object Repository/APAC_University/UTS_University/Button_Enquiry_Now")): Object: 'Object Repository/APAC_University/UTS_University/Button_Enquiry_Now' is clicked on

30-08-2024T12:23:20 - [MESSAGE][PASSED] - Object: 'Object Repository/APAC_University/UTS_University/Button_Enquiry_Now' is clicked on

30-08-2024T12:23:20 - [TEST_STEP][PASSED] - callTestCase(findTestCase("Test Cases/APAC_Universities/SEO_PAGES/UTS_University/Resuable_Testcases/Lead_Form"), [:], STOP_ON_FAILURE): Call Test Case 'Test Cases/APAC_Universities/SEO_PAGES/UTS_University/Resuable_Testcases/Lead_Form' successfully

30-08-2024T12:23:20 - [TEST_CASE][PASSED] - Test Cases/APAC_Universities/SEO_PAGES/UTS_University/Resuable_Testcases/Lead_Form: Test Cases/APAC_Universities/SEO_PAGES/UTS_University/Resuable_Testcases/Lead_Form

30-08-2024T12:23:20 - [TEST_STEP][PASSED] - program = findTestObject("Object Repository/APAC_University/UTS_University/Dropdown_Program"): null

30-08-2024T12:23:20 - [TEST_STEP][PASSED] - selectOptionByIndex(program, keyPathPackage.customKeywords.selectRandomOptionFromDropdown()): All options with index in [1] are selected on object 'Object Repository/APAC_University/UTS_University/Dropdown_Program'

30-08-2024T12:23:20 - [MESSAGE][PASSED] - keyPathPackage.customKeywords.selectRandomOptionFromDropdown is PASSED

30-08-2024T12:23:23 - [MESSAGE][PASSED] - All options with index in [1] are selected on object 'Object Repository/APAC_University/UTS_University/Dropdown_Program'

30-08-2024T12:23:23 - [TEST_STEP][PASSED] - FirstName = keyPathPackage.customKeywords.generateRandomFirstName(): keyPathPackage.customKeywords.generateRandomFirstName is PASSED

30-08-2024T12:23:23 - [MESSAGE][PASSED] - keyPathPackage.customKeywords.generateRandomFirstName is PASSED

30-08-2024T12:23:23 - [TEST_STEP][PASSED] - setText(findTestObject("Object Repository/APAC_University/UTS_University/Field_Firstname"), FirstName): Text 'Zofia' is set on object 'Object Repository/APAC_University/UTS_University/Field_Firstname'

30-08-2024T12:23:24 - [MESSAGE][PASSED] - Text 'Zofia' is set on object 'Object Repository/APAC_University/UTS_University/Field_Firstname'

30-08-2024T12:23:24 - [TEST_STEP][PASSED] - LastName = keyPathPackage.customKeywords.generateRandomLastName(): keyPathPackage.customKeywords.generateRandomLastName is PASSED

30-08-2024T12:23:24 - [MESSAGE][PASSED] - keyPathPackage.customKeywords.generateRandomLastName is PASSED

30-08-2024T12:23:24 - [TEST_STEP][PASSED] - setText(findTestObject("Object Repository/APAC_University/UTS_University/Field_Lastname"), LastName): Text 'Testing Ziemann' is set on object 'Object Repository/APAC_University/UTS_University/Field_Lastname'

30-08-2024T12:23:24 - [MESSAGE][PASSED] - Text 'Testing Ziemann' is set on object 'Object Repository/APAC_University/UTS_University/Field_Lastname'

30-08-2024T12:23:24 - [TEST_STEP][PASSED] - selectOptionByLabel(findTestObject("Object Repository/APAC_University/UTS_University/Dropdown_Registered_Nurse"), "Yes", false): All options with label 'Yes' are selected in object 'Object Repository/APAC_University/UTS_University/Dropdown_Registered_Nurse' 

30-08-2024T12:23:25 - [MESSAGE][PASSED] - All options with label 'Yes' are selected in object 'Object Repository/APAC_University/UTS_University/Dropdown_Registered_Nurse' 

30-08-2024T12:23:25 - [TEST_STEP][PASSED] - waitForElementClickable(findTestObject("Object Repository/APAC_University/UTS_University/Button_Nextstep1"), 10): Object 'Object Repository/APAC_University/UTS_University/Button_Nextstep1' is clickable

30-08-2024T12:23:25 - [MESSAGE][PASSED] - Object 'Object Repository/APAC_University/UTS_University/Button_Nextstep1' is clickable

30-08-2024T12:23:25 - [TEST_STEP][PASSED] - click(findTestObject("Object Repository/APAC_University/UTS_University/Button_Nextstep1")): Object: 'Object Repository/APAC_University/UTS_University/Button_Nextstep1' is clicked on

30-08-2024T12:23:25 - [MESSAGE][PASSED] - Object: 'Object Repository/APAC_University/UTS_University/Button_Nextstep1' is clicked on

30-08-2024T12:23:25 - [TEST_STEP][PASSED] - startdate = findTestObject("Object Repository/APAC_University/UTS_University/Dropdown_Startdate"): null

30-08-2024T12:23:25 - [TEST_STEP][PASSED] - selectOptionByIndex(startdate, keyPathPackage.customKeywords.selectRandomOptionFromDropdown()): All options with index in [1] are selected on object 'Object Repository/APAC_University/UTS_University/Dropdown_Startdate'

30-08-2024T12:23:25 - [MESSAGE][PASSED] - keyPathPackage.customKeywords.selectRandomOptionFromDropdown is PASSED

30-08-2024T12:23:26 - [MESSAGE][PASSED] - All options with index in [1] are selected on object 'Object Repository/APAC_University/UTS_University/Dropdown_Startdate'

30-08-2024T12:23:26 - [TEST_STEP][PASSED] - selectOptionByValue(findTestObject("Object Repository/APAC_University/UTS_University/Dropdown_Highereducation"), Education_Level, false): All options with value 'Postgraduate diploma' are selected in object 'Object Repository/APAC_University/UTS_University/Dropdown_Highereducation' 

30-08-2024T12:23:27 - [MESSAGE][PASSED] - All options with value 'Postgraduate diploma' are selected in object 'Object Repository/APAC_University/UTS_University/Dropdown_Highereducation' 

30-08-2024T12:23:27 - [TEST_STEP][PASSED] - Workexperience = findTestObject("Object Repository/APAC_University/UTS_University/Dropdown_Workexperience"): null

30-08-2024T12:23:27 - [TEST_STEP][PASSED] - selectOptionByIndex(Workexperience, keyPathPackage.customKeywords.selectRandomOptionFromDropdown()): All options with index in [2] are selected on object 'Object Repository/APAC_University/UTS_University/Dropdown_Workexperience'

30-08-2024T12:23:27 - [MESSAGE][PASSED] - keyPathPackage.customKeywords.selectRandomOptionFromDropdown is PASSED

30-08-2024T12:23:27 - [MESSAGE][PASSED] - All options with index in [2] are selected on object 'Object Repository/APAC_University/UTS_University/Dropdown_Workexperience'

30-08-2024T12:23:27 - [TEST_STEP][PASSED] - Enquiryreason = findTestObject("Object Repository/APAC_University/UTS_University/Dropdown_Enquiry"): null

30-08-2024T12:23:27 - [TEST_STEP][PASSED] - selectOptionByIndex(Enquiryreason, keyPathPackage.customKeywords.selectRandomOptionFromDropdown()): All options with index in [2] are selected on object 'Object Repository/APAC_University/UTS_University/Dropdown_Enquiry'

30-08-2024T12:23:27 - [MESSAGE][PASSED] - keyPathPackage.customKeywords.selectRandomOptionFromDropdown is PASSED

30-08-2024T12:23:28 - [MESSAGE][PASSED] - All options with index in [2] are selected on object 'Object Repository/APAC_University/UTS_University/Dropdown_Enquiry'

30-08-2024T12:23:28 - [TEST_STEP][PASSED] - selectOptionByLabel(findTestObject("Object Repository/APAC_University/UTS_University/Dropdown_Country"), "Australia", false): All options with label 'Australia' are selected in object 'Object Repository/APAC_University/UTS_University/Dropdown_Country' 

30-08-2024T12:23:28 - [MESSAGE][PASSED] - All options with label 'Australia' are selected in object 'Object Repository/APAC_University/UTS_University/Dropdown_Country' 

30-08-2024T12:23:28 - [TEST_STEP][PASSED] - waitForElementClickable(findTestObject("Object Repository/APAC_University/UTS_University/Button_NextStep2"), 10): Object 'Object Repository/APAC_University/UTS_University/Button_NextStep2' is clickable

30-08-2024T12:23:29 - [MESSAGE][PASSED] - Object 'Object Repository/APAC_University/UTS_University/Button_NextStep2' is clickable

30-08-2024T12:23:29 - [TEST_STEP][PASSED] - click(findTestObject("Object Repository/APAC_University/UTS_University/Button_NextStep2")): Object: 'Object Repository/APAC_University/UTS_University/Button_NextStep2' is clicked on

30-08-2024T12:23:29 - [MESSAGE][PASSED] - Object: 'Object Repository/APAC_University/UTS_University/Button_NextStep2' is clicked on

30-08-2024T12:23:29 - [TEST_STEP][PASSED] - Phonenumber = keyPathPackage.customKeywords.generateRandomAustralianPhoneNumber(): keyPathPackage.customKeywords.generateRandomAustralianPhoneNumber is PASSED

30-08-2024T12:23:29 - [MESSAGE][PASSED] - keyPathPackage.customKeywords.generateRandomAustralianPhoneNumber is PASSED

30-08-2024T12:23:29 - [TEST_STEP][PASSED] - setText(findTestObject("Object Repository/APAC_University/UTS_University/Field_Phonenumber"), Phonenumber): Text '0470013989' is set on object 'Object Repository/APAC_University/UTS_University/Field_Phonenumber'

30-08-2024T12:23:31 - [MESSAGE][PASSED] - Text '0470013989' is set on object 'Object Repository/APAC_University/UTS_University/Field_Phonenumber'

30-08-2024T12:23:31 - [TEST_STEP][PASSED] - Email = keyPathPackage.customKeywords.generateRandomEmail(): keyPathPackage.customKeywords.generateRandomEmail is PASSED

30-08-2024T12:23:31 - [MESSAGE][PASSED] - keyPathPackage.customKeywords.generateRandomEmail is PASSED

30-08-2024T12:23:31 - [TEST_STEP][PASSED] - setText(findTestObject("Object Repository/APAC_University/UTS_University/Field_Email"), Email): Text 'lupe.morissette@yahoo.com' is set on object 'Object Repository/APAC_University/UTS_University/Field_Email'

30-08-2024T12:23:32 - [MESSAGE][PASSED] - Text 'lupe.morissette@yahoo.com' is set on object 'Object Repository/APAC_University/UTS_University/Field_Email'

30-08-2024T12:23:32 - [TEST_STEP][PASSED] - Postcode = keyPathPackage.customKeywords.selectRandomPostCode(): keyPathPackage.customKeywords.selectRandomPostCode is PASSED

30-08-2024T12:23:32 - [MESSAGE][PASSED] - keyPathPackage.customKeywords.selectRandomPostCode is PASSED

30-08-2024T12:23:32 - [TEST_STEP][PASSED] - setText(findTestObject("Object Repository/APAC_University/UTS_University/Field_Postcode"), Postcode): Text '2108' is set on object 'Object Repository/APAC_University/UTS_University/Field_Postcode'

30-08-2024T12:23:32 - [MESSAGE][PASSED] - Text '2108' is set on object 'Object Repository/APAC_University/UTS_University/Field_Postcode'

30-08-2024T12:23:32 - [TEST_STEP][PASSED] - waitForElementClickable(findTestObject("Object Repository/APAC_University/UTS_University/Button_Request_a_Call"), 10): Object 'Object Repository/APAC_University/UTS_University/Button_Request_a_Call' is clickable

30-08-2024T12:23:32 - [MESSAGE][PASSED] - Object 'Object Repository/APAC_University/UTS_University/Button_Request_a_Call' is clickable

30-08-2024T12:23:32 - [TEST_STEP][PASSED] - click(findTestObject("Object Repository/APAC_University/UTS_University/Button_Request_a_Call")): Object: 'Object Repository/APAC_University/UTS_University/Button_Request_a_Call' is clicked on

30-08-2024T12:23:33 - [MESSAGE][PASSED] - Object: 'Object Repository/APAC_University/UTS_University/Button_Request_a_Call' is clicked on

30-08-2024T12:23:33 - [TEST_STEP][PASSED] - delay(5): Delayed 5 second(s)

30-08-2024T12:23:38 - [MESSAGE][PASSED] - Delayed 5 second(s)

30-08-2024T12:23:38 - [TEST_STEP][PASSED] - verifyElementText(findTestObject("Object Repository/APAC_University/UTS_University/Verify_Welcome_Message"), "Thank you for your enquiry"): Actual text and expected text of test object 'Object Repository/APAC_University/UTS_University/Verify_Welcome_Message' are matched.

30-08-2024T12:23:48 - [MESSAGE][PASSED] - Actual text and expected text of test object 'Object Repository/APAC_University/UTS_University/Verify_Welcome_Message' are matched.

30-08-2024T12:23:48 - [MESSAGE][PASSED] - Call Test Case 'Test Cases/APAC_Universities/SEO_PAGES/UTS_University/Resuable_Testcases/Lead_Form' successfully]]></system-out>
         <system-err><![CDATA[]]></system-err>
      </testcase>
      <testcase name="Test Cases/APAC_Universities/SEO_PAGES/UTS_University/Main_Page" time="19.302" classname="Test Cases/APAC_Universities/SEO_PAGES/UTS_University/Main_Page" status="PASSED">
         <system-out><![CDATA[30-08-2024T12:23:48 - [TEST_CASE][PASSED] - Test Cases/APAC_Universities/SEO_PAGES/UTS_University/Main_Page: Test Cases/APAC_Universities/SEO_PAGES/UTS_University/Main_Page

30-08-2024T12:23:48 - [TEST_STEP][PASSED] - callTestCase(findTestCase("Test Cases/APAC_Universities/SEO_PAGES/UTS_University/Resuable_Testcases/Navigate_Homepage"), [:], STOP_ON_FAILURE): Call Test Case 'Test Cases/APAC_Universities/SEO_PAGES/UTS_University/Resuable_Testcases/Navigate_Homepage' successfully

30-08-2024T12:23:48 - [TEST_CASE][PASSED] - Test Cases/APAC_Universities/SEO_PAGES/UTS_University/Resuable_Testcases/Navigate_Homepage: Test Cases/APAC_Universities/SEO_PAGES/UTS_University/Resuable_Testcases/Navigate_Homepage

30-08-2024T12:23:48 - [TEST_STEP][PASSED] - waitForElementClickable(findTestObject("Object Repository/APAC_University/UTS_University/Button_Homepage"), 10): Object 'Object Repository/APAC_University/UTS_University/Button_Homepage' is clickable

30-08-2024T12:23:48 - [MESSAGE][PASSED] - Object 'Object Repository/APAC_University/UTS_University/Button_Homepage' is clickable

30-08-2024T12:23:48 - [TEST_STEP][PASSED] - click(findTestObject("Object Repository/APAC_University/UTS_University/Button_Homepage")): Object: 'Object Repository/APAC_University/UTS_University/Button_Homepage' is clicked on

30-08-2024T12:23:50 - [MESSAGE][PASSED] - Object: 'Object Repository/APAC_University/UTS_University/Button_Homepage' is clicked on

30-08-2024T12:23:50 - [MESSAGE][PASSED] - Call Test Case 'Test Cases/APAC_Universities/SEO_PAGES/UTS_University/Resuable_Testcases/Navigate_Homepage' successfully

30-08-2024T12:23:50 - [TEST_STEP][PASSED] - callTestCase(findTestCase("Test Cases/APAC_Universities/SEO_PAGES/UTS_University/Resuable_Testcases/Lead_Form"), [:], STOP_ON_FAILURE): Call Test Case 'Test Cases/APAC_Universities/SEO_PAGES/UTS_University/Resuable_Testcases/Lead_Form' successfully

30-08-2024T12:23:50 - [TEST_CASE][PASSED] - Test Cases/APAC_Universities/SEO_PAGES/UTS_University/Resuable_Testcases/Lead_Form: Test Cases/APAC_Universities/SEO_PAGES/UTS_University/Resuable_Testcases/Lead_Form

30-08-2024T12:23:50 - [TEST_STEP][PASSED] - program = findTestObject("Object Repository/APAC_University/UTS_University/Dropdown_Program"): null

30-08-2024T12:23:50 - [TEST_STEP][PASSED] - selectOptionByIndex(program, keyPathPackage.customKeywords.selectRandomOptionFromDropdown()): All options with index in [2] are selected on object 'Object Repository/APAC_University/UTS_University/Dropdown_Program'

30-08-2024T12:23:50 - [MESSAGE][PASSED] - keyPathPackage.customKeywords.selectRandomOptionFromDropdown is PASSED

30-08-2024T12:23:52 - [MESSAGE][PASSED] - All options with index in [2] are selected on object 'Object Repository/APAC_University/UTS_University/Dropdown_Program'

30-08-2024T12:23:52 - [TEST_STEP][PASSED] - FirstName = keyPathPackage.customKeywords.generateRandomFirstName(): keyPathPackage.customKeywords.generateRandomFirstName is PASSED

30-08-2024T12:23:52 - [MESSAGE][PASSED] - keyPathPackage.customKeywords.generateRandomFirstName is PASSED

30-08-2024T12:23:52 - [TEST_STEP][PASSED] - setText(findTestObject("Object Repository/APAC_University/UTS_University/Field_Firstname"), FirstName): Text 'Eliseo' is set on object 'Object Repository/APAC_University/UTS_University/Field_Firstname'

30-08-2024T12:23:53 - [MESSAGE][PASSED] - Text 'Eliseo' is set on object 'Object Repository/APAC_University/UTS_University/Field_Firstname'

30-08-2024T12:23:53 - [TEST_STEP][PASSED] - LastName = keyPathPackage.customKeywords.generateRandomLastName(): keyPathPackage.customKeywords.generateRandomLastName is PASSED

30-08-2024T12:23:53 - [MESSAGE][PASSED] - keyPathPackage.customKeywords.generateRandomLastName is PASSED

30-08-2024T12:23:53 - [TEST_STEP][PASSED] - setText(findTestObject("Object Repository/APAC_University/UTS_University/Field_Lastname"), LastName): Text 'Testing Howe' is set on object 'Object Repository/APAC_University/UTS_University/Field_Lastname'

30-08-2024T12:23:53 - [MESSAGE][PASSED] - Text 'Testing Howe' is set on object 'Object Repository/APAC_University/UTS_University/Field_Lastname'

30-08-2024T12:23:53 - [TEST_STEP][PASSED] - selectOptionByLabel(findTestObject("Object Repository/APAC_University/UTS_University/Dropdown_Registered_Nurse"), "Yes", false): All options with label 'Yes' are selected in object 'Object Repository/APAC_University/UTS_University/Dropdown_Registered_Nurse' 

30-08-2024T12:23:54 - [MESSAGE][PASSED] - All options with label 'Yes' are selected in object 'Object Repository/APAC_University/UTS_University/Dropdown_Registered_Nurse' 

30-08-2024T12:23:54 - [TEST_STEP][PASSED] - waitForElementClickable(findTestObject("Object Repository/APAC_University/UTS_University/Button_Nextstep1"), 10): Object 'Object Repository/APAC_University/UTS_University/Button_Nextstep1' is clickable

30-08-2024T12:23:54 - [MESSAGE][PASSED] - Object 'Object Repository/APAC_University/UTS_University/Button_Nextstep1' is clickable

30-08-2024T12:23:54 - [TEST_STEP][PASSED] - click(findTestObject("Object Repository/APAC_University/UTS_University/Button_Nextstep1")): Object: 'Object Repository/APAC_University/UTS_University/Button_Nextstep1' is clicked on

30-08-2024T12:23:55 - [MESSAGE][PASSED] - Object: 'Object Repository/APAC_University/UTS_University/Button_Nextstep1' is clicked on

30-08-2024T12:23:55 - [TEST_STEP][PASSED] - startdate = findTestObject("Object Repository/APAC_University/UTS_University/Dropdown_Startdate"): null

30-08-2024T12:23:55 - [TEST_STEP][PASSED] - selectOptionByIndex(startdate, keyPathPackage.customKeywords.selectRandomOptionFromDropdown()): All options with index in [1] are selected on object 'Object Repository/APAC_University/UTS_University/Dropdown_Startdate'

30-08-2024T12:23:55 - [MESSAGE][PASSED] - keyPathPackage.customKeywords.selectRandomOptionFromDropdown is PASSED

30-08-2024T12:23:56 - [MESSAGE][PASSED] - All options with index in [1] are selected on object 'Object Repository/APAC_University/UTS_University/Dropdown_Startdate'

30-08-2024T12:23:56 - [TEST_STEP][PASSED] - selectOptionByValue(findTestObject("Object Repository/APAC_University/UTS_University/Dropdown_Highereducation"), Education_Level, false): All options with value 'Postgraduate diploma' are selected in object 'Object Repository/APAC_University/UTS_University/Dropdown_Highereducation' 

30-08-2024T12:23:56 - [MESSAGE][PASSED] - All options with value 'Postgraduate diploma' are selected in object 'Object Repository/APAC_University/UTS_University/Dropdown_Highereducation' 

30-08-2024T12:23:56 - [TEST_STEP][PASSED] - Workexperience = findTestObject("Object Repository/APAC_University/UTS_University/Dropdown_Workexperience"): null

30-08-2024T12:23:56 - [TEST_STEP][PASSED] - selectOptionByIndex(Workexperience, keyPathPackage.customKeywords.selectRandomOptionFromDropdown()): All options with index in [1] are selected on object 'Object Repository/APAC_University/UTS_University/Dropdown_Workexperience'

30-08-2024T12:23:56 - [MESSAGE][PASSED] - keyPathPackage.customKeywords.selectRandomOptionFromDropdown is PASSED

30-08-2024T12:23:57 - [MESSAGE][PASSED] - All options with index in [1] are selected on object 'Object Repository/APAC_University/UTS_University/Dropdown_Workexperience'

30-08-2024T12:23:57 - [TEST_STEP][PASSED] - Enquiryreason = findTestObject("Object Repository/APAC_University/UTS_University/Dropdown_Enquiry"): null

30-08-2024T12:23:57 - [TEST_STEP][PASSED] - selectOptionByIndex(Enquiryreason, keyPathPackage.customKeywords.selectRandomOptionFromDropdown()): All options with index in [2] are selected on object 'Object Repository/APAC_University/UTS_University/Dropdown_Enquiry'

30-08-2024T12:23:57 - [MESSAGE][PASSED] - keyPathPackage.customKeywords.selectRandomOptionFromDropdown is PASSED

30-08-2024T12:23:58 - [MESSAGE][PASSED] - All options with index in [2] are selected on object 'Object Repository/APAC_University/UTS_University/Dropdown_Enquiry'

30-08-2024T12:23:58 - [TEST_STEP][PASSED] - selectOptionByLabel(findTestObject("Object Repository/APAC_University/UTS_University/Dropdown_Country"), "Australia", false): All options with label 'Australia' are selected in object 'Object Repository/APAC_University/UTS_University/Dropdown_Country' 

30-08-2024T12:23:58 - [MESSAGE][PASSED] - All options with label 'Australia' are selected in object 'Object Repository/APAC_University/UTS_University/Dropdown_Country' 

30-08-2024T12:23:58 - [TEST_STEP][PASSED] - waitForElementClickable(findTestObject("Object Repository/APAC_University/UTS_University/Button_NextStep2"), 10): Object 'Object Repository/APAC_University/UTS_University/Button_NextStep2' is clickable

30-08-2024T12:23:58 - [MESSAGE][PASSED] - Object 'Object Repository/APAC_University/UTS_University/Button_NextStep2' is clickable

30-08-2024T12:23:58 - [TEST_STEP][PASSED] - click(findTestObject("Object Repository/APAC_University/UTS_University/Button_NextStep2")): Object: 'Object Repository/APAC_University/UTS_University/Button_NextStep2' is clicked on

30-08-2024T12:23:59 - [MESSAGE][PASSED] - Object: 'Object Repository/APAC_University/UTS_University/Button_NextStep2' is clicked on

30-08-2024T12:23:59 - [TEST_STEP][PASSED] - Phonenumber = keyPathPackage.customKeywords.generateRandomAustralianPhoneNumber(): keyPathPackage.customKeywords.generateRandomAustralianPhoneNumber is PASSED

30-08-2024T12:23:59 - [MESSAGE][PASSED] - keyPathPackage.customKeywords.generateRandomAustralianPhoneNumber is PASSED

30-08-2024T12:23:59 - [TEST_STEP][PASSED] - setText(findTestObject("Object Repository/APAC_University/UTS_University/Field_Phonenumber"), Phonenumber): Text '0480018612' is set on object 'Object Repository/APAC_University/UTS_University/Field_Phonenumber'

30-08-2024T12:23:59 - [MESSAGE][PASSED] - Text '0480018612' is set on object 'Object Repository/APAC_University/UTS_University/Field_Phonenumber'

30-08-2024T12:23:59 - [TEST_STEP][PASSED] - Email = keyPathPackage.customKeywords.generateRandomEmail(): keyPathPackage.customKeywords.generateRandomEmail is PASSED

30-08-2024T12:23:59 - [MESSAGE][PASSED] - keyPathPackage.customKeywords.generateRandomEmail is PASSED

30-08-2024T12:23:59 - [TEST_STEP][PASSED] - setText(findTestObject("Object Repository/APAC_University/UTS_University/Field_Email"), Email): Text 'carol.marks@hotmail.com' is set on object 'Object Repository/APAC_University/UTS_University/Field_Email'

30-08-2024T12:24:00 - [MESSAGE][PASSED] - Text 'carol.marks@hotmail.com' is set on object 'Object Repository/APAC_University/UTS_University/Field_Email'

30-08-2024T12:24:00 - [TEST_STEP][PASSED] - Postcode = keyPathPackage.customKeywords.selectRandomPostCode(): keyPathPackage.customKeywords.selectRandomPostCode is PASSED

30-08-2024T12:24:00 - [MESSAGE][PASSED] - keyPathPackage.customKeywords.selectRandomPostCode is PASSED

30-08-2024T12:24:00 - [TEST_STEP][PASSED] - setText(findTestObject("Object Repository/APAC_University/UTS_University/Field_Postcode"), Postcode): Text '0564' is set on object 'Object Repository/APAC_University/UTS_University/Field_Postcode'

30-08-2024T12:24:00 - [MESSAGE][PASSED] - Text '0564' is set on object 'Object Repository/APAC_University/UTS_University/Field_Postcode'

30-08-2024T12:24:00 - [TEST_STEP][PASSED] - waitForElementClickable(findTestObject("Object Repository/APAC_University/UTS_University/Button_Request_a_Call"), 10): Object 'Object Repository/APAC_University/UTS_University/Button_Request_a_Call' is clickable

30-08-2024T12:24:01 - [MESSAGE][PASSED] - Object 'Object Repository/APAC_University/UTS_University/Button_Request_a_Call' is clickable

30-08-2024T12:24:01 - [TEST_STEP][PASSED] - click(findTestObject("Object Repository/APAC_University/UTS_University/Button_Request_a_Call")): Object: 'Object Repository/APAC_University/UTS_University/Button_Request_a_Call' is clicked on

30-08-2024T12:24:01 - [MESSAGE][PASSED] - Object: 'Object Repository/APAC_University/UTS_University/Button_Request_a_Call' is clicked on

30-08-2024T12:24:01 - [TEST_STEP][PASSED] - delay(5): Delayed 5 second(s)

30-08-2024T12:24:06 - [MESSAGE][PASSED] - Delayed 5 second(s)

30-08-2024T12:24:06 - [TEST_STEP][PASSED] - verifyElementText(findTestObject("Object Repository/APAC_University/UTS_University/Verify_Welcome_Message"), "Thank you for your enquiry"): Actual text and expected text of test object 'Object Repository/APAC_University/UTS_University/Verify_Welcome_Message' are matched.

30-08-2024T12:24:07 - [MESSAGE][PASSED] - Actual text and expected text of test object 'Object Repository/APAC_University/UTS_University/Verify_Welcome_Message' are matched.

30-08-2024T12:24:07 - [MESSAGE][PASSED] - Call Test Case 'Test Cases/APAC_Universities/SEO_PAGES/UTS_University/Resuable_Testcases/Lead_Form' successfully

30-08-2024T12:24:07 - [TEST_STEP][PASSED] - closeBrowser(): Browser is closed

30-08-2024T12:24:07 - [MESSAGE][PASSED] - Browser is closed]]></system-out>
         <system-err><![CDATA[]]></system-err>
      </testcase>
      <testcase name="Test Cases/APAC_Universities/SEO_PAGES/Edith_Cowan_University/Enquiry_Now" time="31.401" classname="Test Cases/APAC_Universities/SEO_PAGES/Edith_Cowan_University/Enquiry_Now" status="PASSED">
         <system-out><![CDATA[30-08-2024T12:24:07 - [TEST_CASE][PASSED] - Test Cases/APAC_Universities/SEO_PAGES/Edith_Cowan_University/Enquiry_Now: Test Cases/APAC_Universities/SEO_PAGES/Edith_Cowan_University/Enquiry_Now

30-08-2024T12:24:07 - [TEST_STEP][PASSED] - callTestCase(findTestCase("Test Cases/APAC_Universities/SEO_PAGES/Edith_Cowan_University/Reusable_Testcases/Navigate_URL"), [:], STOP_ON_FAILURE): Call Test Case 'Test Cases/APAC_Universities/SEO_PAGES/Edith_Cowan_University/Reusable_Testcases/Navigate_URL' successfully

30-08-2024T12:24:08 - [TEST_CASE][PASSED] - Test Cases/APAC_Universities/SEO_PAGES/Edith_Cowan_University/Reusable_Testcases/Navigate_URL: Test Cases/APAC_Universities/SEO_PAGES/Edith_Cowan_University/Reusable_Testcases/Navigate_URL

30-08-2024T12:24:08 - [TEST_STEP][PASSED] - openBrowser(""): Browser is opened with url: ''

30-08-2024T12:24:08 - [MESSAGE][INFO] - Starting 'Chrome' driver

30-08-2024T12:24:08 - [MESSAGE][INFO] - Action delay is set to 0 milliseconds

30-08-2024T12:24:08 - [MESSAGE][PASSED] - Browser is opened with url: ''

30-08-2024T12:24:08 - [TEST_STEP][PASSED] - navigateToUrl(University_ECU): Navigate to 'https://key:path@dev-ecu-opm.pantheonsite.io/' successfully

30-08-2024T12:24:09 - [MESSAGE][PASSED] - Navigate to 'https://key:path@dev-ecu-opm.pantheonsite.io/' successfully

30-08-2024T12:24:09 - [TEST_STEP][PASSED] - maximizeWindow(): Current window maximized

30-08-2024T12:24:11 - [MESSAGE][PASSED] - Current window maximized

30-08-2024T12:24:11 - [MESSAGE][PASSED] - Call Test Case 'Test Cases/APAC_Universities/SEO_PAGES/Edith_Cowan_University/Reusable_Testcases/Navigate_URL' successfully

30-08-2024T12:24:11 - [TEST_STEP][PASSED] - waitForElementClickable(findTestObject("Object Repository/APAC_University/Edith_Cowan_University/Button_Enquiry_Now"), 10): Object 'Object Repository/APAC_University/Edith_Cowan_University/Button_Enquiry_Now' is clickable

30-08-2024T12:24:15 - [MESSAGE][PASSED] - Object 'Object Repository/APAC_University/Edith_Cowan_University/Button_Enquiry_Now' is clickable

30-08-2024T12:24:15 - [TEST_STEP][PASSED] - click(findTestObject("Object Repository/APAC_University/Edith_Cowan_University/Button_Enquiry_Now")): Object: 'Object Repository/APAC_University/Edith_Cowan_University/Button_Enquiry_Now' is clicked on

30-08-2024T12:24:16 - [MESSAGE][PASSED] - Object: 'Object Repository/APAC_University/Edith_Cowan_University/Button_Enquiry_Now' is clicked on

30-08-2024T12:24:16 - [TEST_STEP][PASSED] - callTestCase(findTestCase("Test Cases/APAC_Universities/SEO_PAGES/Edith_Cowan_University/Reusable_Testcases/Lead_Form"), [:], STOP_ON_FAILURE): Call Test Case 'Test Cases/APAC_Universities/SEO_PAGES/Edith_Cowan_University/Reusable_Testcases/Lead_Form' successfully

30-08-2024T12:24:16 - [TEST_CASE][PASSED] - Test Cases/APAC_Universities/SEO_PAGES/Edith_Cowan_University/Reusable_Testcases/Lead_Form: Test Cases/APAC_Universities/SEO_PAGES/Edith_Cowan_University/Reusable_Testcases/Lead_Form

30-08-2024T12:24:16 - [TEST_STEP][PASSED] - program = findTestObject("Object Repository/APAC_University/Edith_Cowan_University/Dropdown_Program"): null

30-08-2024T12:24:16 - [TEST_STEP][PASSED] - selectOptionByIndex(program, keyPathPackage.customKeywords.selectRandomOptionFromDropdown()): All options with index in [1] are selected on object 'Object Repository/APAC_University/Edith_Cowan_University/Dropdown_Program'

30-08-2024T12:24:16 - [MESSAGE][PASSED] - keyPathPackage.customKeywords.selectRandomOptionFromDropdown is PASSED

30-08-2024T12:24:17 - [MESSAGE][PASSED] - All options with index in [1] are selected on object 'Object Repository/APAC_University/Edith_Cowan_University/Dropdown_Program'

30-08-2024T12:24:17 - [TEST_STEP][PASSED] - FirstName = keyPathPackage.customKeywords.generateRandomFirstName(): keyPathPackage.customKeywords.generateRandomFirstName is PASSED

30-08-2024T12:24:17 - [MESSAGE][PASSED] - keyPathPackage.customKeywords.generateRandomFirstName is PASSED

30-08-2024T12:24:17 - [TEST_STEP][PASSED] - setText(findTestObject("Object Repository/APAC_University/Edith_Cowan_University/Field_Firstname"), FirstName): Text 'Adelina' is set on object 'Object Repository/APAC_University/Edith_Cowan_University/Field_Firstname'

30-08-2024T12:24:17 - [MESSAGE][PASSED] - Text 'Adelina' is set on object 'Object Repository/APAC_University/Edith_Cowan_University/Field_Firstname'

30-08-2024T12:24:17 - [TEST_STEP][PASSED] - LastName = keyPathPackage.customKeywords.generateRandomLastName(): keyPathPackage.customKeywords.generateRandomLastName is PASSED

30-08-2024T12:24:17 - [MESSAGE][PASSED] - keyPathPackage.customKeywords.generateRandomLastName is PASSED

30-08-2024T12:24:17 - [TEST_STEP][PASSED] - setText(findTestObject("Object Repository/APAC_University/Edith_Cowan_University/Field_Lastname"), LastName): Text 'Testing McDermott' is set on object 'Object Repository/APAC_University/Edith_Cowan_University/Field_Lastname'

30-08-2024T12:24:18 - [MESSAGE][PASSED] - Text 'Testing McDermott' is set on object 'Object Repository/APAC_University/Edith_Cowan_University/Field_Lastname'

30-08-2024T12:24:18 - [TEST_STEP][PASSED] - waitForElementClickable(findTestObject("Object Repository/APAC_University/Edith_Cowan_University/Button_NextStep2"), 10): Object 'Object Repository/APAC_University/Edith_Cowan_University/Button_NextStep2' is clickable

30-08-2024T12:24:18 - [MESSAGE][PASSED] - Object 'Object Repository/APAC_University/Edith_Cowan_University/Button_NextStep2' is clickable

30-08-2024T12:24:18 - [TEST_STEP][PASSED] - click(findTestObject("Object Repository/APAC_University/Edith_Cowan_University/Button_NextStep2")): Object: 'Object Repository/APAC_University/Edith_Cowan_University/Button_NextStep2' is clicked on

30-08-2024T12:24:18 - [MESSAGE][PASSED] - Object: 'Object Repository/APAC_University/Edith_Cowan_University/Button_NextStep2' is clicked on

30-08-2024T12:24:18 - [TEST_STEP][PASSED] - startdate = findTestObject("Object Repository/APAC_University/Edith_Cowan_University/Dropdown_Startdate"): null

30-08-2024T12:24:18 - [TEST_STEP][PASSED] - selectOptionByIndex(startdate, keyPathPackage.customKeywords.selectRandomOptionFromDropdown()): All options with index in [2] are selected on object 'Object Repository/APAC_University/Edith_Cowan_University/Dropdown_Startdate'

30-08-2024T12:24:18 - [MESSAGE][PASSED] - keyPathPackage.customKeywords.selectRandomOptionFromDropdown is PASSED

30-08-2024T12:24:19 - [MESSAGE][PASSED] - All options with index in [2] are selected on object 'Object Repository/APAC_University/Edith_Cowan_University/Dropdown_Startdate'

30-08-2024T12:24:19 - [TEST_STEP][PASSED] - Enquiryreason = findTestObject("Object Repository/APAC_University/Edith_Cowan_University/Dropdown_Enquiry"): null

30-08-2024T12:24:19 - [TEST_STEP][PASSED] - selectOptionByIndex(Enquiryreason, keyPathPackage.customKeywords.selectRandomOptionFromDropdown()): All options with index in [2] are selected on object 'Object Repository/APAC_University/Edith_Cowan_University/Dropdown_Enquiry'

30-08-2024T12:24:19 - [MESSAGE][PASSED] - keyPathPackage.customKeywords.selectRandomOptionFromDropdown is PASSED

30-08-2024T12:24:20 - [MESSAGE][PASSED] - All options with index in [2] are selected on object 'Object Repository/APAC_University/Edith_Cowan_University/Dropdown_Enquiry'

30-08-2024T12:24:20 - [TEST_STEP][PASSED] - selectOptionByValue(findTestObject("Object Repository/APAC_University/Edith_Cowan_University/Dropdown_Highereducation"), Education_Level, false): All options with value 'Postgraduate diploma' are selected in object 'Object Repository/APAC_University/Edith_Cowan_University/Dropdown_Highereducation' 

30-08-2024T12:24:21 - [MESSAGE][PASSED] - All options with value 'Postgraduate diploma' are selected in object 'Object Repository/APAC_University/Edith_Cowan_University/Dropdown_Highereducation' 

30-08-2024T12:24:21 - [TEST_STEP][PASSED] - Workexperience = findTestObject("Object Repository/APAC_University/Edith_Cowan_University/Dropdown_Workexperience"): null

30-08-2024T12:24:21 - [TEST_STEP][PASSED] - selectOptionByIndex(Workexperience, keyPathPackage.customKeywords.selectRandomOptionFromDropdown()): All options with index in [1] are selected on object 'Object Repository/APAC_University/Edith_Cowan_University/Dropdown_Workexperience'

30-08-2024T12:24:21 - [MESSAGE][PASSED] - keyPathPackage.customKeywords.selectRandomOptionFromDropdown is PASSED

30-08-2024T12:24:21 - [MESSAGE][PASSED] - All options with index in [1] are selected on object 'Object Repository/APAC_University/Edith_Cowan_University/Dropdown_Workexperience'

30-08-2024T12:24:21 - [TEST_STEP][PASSED] - waitForElementClickable(findTestObject("Object Repository/APAC_University/Edith_Cowan_University/Button_NextStep3"), 10): Object 'Object Repository/APAC_University/Edith_Cowan_University/Button_NextStep3' is clickable

30-08-2024T12:24:22 - [MESSAGE][PASSED] - Object 'Object Repository/APAC_University/Edith_Cowan_University/Button_NextStep3' is clickable

30-08-2024T12:24:22 - [TEST_STEP][PASSED] - click(findTestObject("Object Repository/APAC_University/Edith_Cowan_University/Button_NextStep3")): Object: 'Object Repository/APAC_University/Edith_Cowan_University/Button_NextStep3' is clicked on

30-08-2024T12:24:22 - [MESSAGE][PASSED] - Object: 'Object Repository/APAC_University/Edith_Cowan_University/Button_NextStep3' is clicked on

30-08-2024T12:24:22 - [TEST_STEP][PASSED] - Phonenumber = keyPathPackage.customKeywords.generateRandomAustralianPhoneNumber(): keyPathPackage.customKeywords.generateRandomAustralianPhoneNumber is PASSED

30-08-2024T12:24:22 - [MESSAGE][PASSED] - keyPathPackage.customKeywords.generateRandomAustralianPhoneNumber is PASSED

30-08-2024T12:24:22 - [TEST_STEP][PASSED] - setText(findTestObject("Object Repository/APAC_University/Edith_Cowan_University/Field_Phonenumber"), Phonenumber): Text '0470222792' is set on object 'Object Repository/APAC_University/Edith_Cowan_University/Field_Phonenumber'

30-08-2024T12:24:22 - [MESSAGE][PASSED] - Text '0470222792' is set on object 'Object Repository/APAC_University/Edith_Cowan_University/Field_Phonenumber'

30-08-2024T12:24:22 - [TEST_STEP][PASSED] - Email = keyPathPackage.customKeywords.generateRandomEmail(): keyPathPackage.customKeywords.generateRandomEmail is PASSED

30-08-2024T12:24:22 - [MESSAGE][PASSED] - keyPathPackage.customKeywords.generateRandomEmail is PASSED

30-08-2024T12:24:22 - [TEST_STEP][PASSED] - setText(findTestObject("Object Repository/APAC_University/Edith_Cowan_University/Field_Email"), Email): Text 'sina.schroeder@hotmail.com' is set on object 'Object Repository/APAC_University/Edith_Cowan_University/Field_Email'

30-08-2024T12:24:23 - [MESSAGE][PASSED] - Text 'sina.schroeder@hotmail.com' is set on object 'Object Repository/APAC_University/Edith_Cowan_University/Field_Email'

30-08-2024T12:24:23 - [TEST_STEP][PASSED] - Postcode = keyPathPackage.customKeywords.selectRandomPostCode(): keyPathPackage.customKeywords.selectRandomPostCode is PASSED

30-08-2024T12:24:23 - [MESSAGE][PASSED] - keyPathPackage.customKeywords.selectRandomPostCode is PASSED

30-08-2024T12:24:23 - [TEST_STEP][PASSED] - setText(findTestObject("Object Repository/APAC_University/Edith_Cowan_University/Field_Postcode"), Postcode): Text '2091' is set on object 'Object Repository/APAC_University/Edith_Cowan_University/Field_Postcode'

30-08-2024T12:24:24 - [MESSAGE][PASSED] - Text '2091' is set on object 'Object Repository/APAC_University/Edith_Cowan_University/Field_Postcode'

30-08-2024T12:24:24 - [TEST_STEP][PASSED] - waitForElementClickable(findTestObject("Object Repository/APAC_University/Edith_Cowan_University/Button_Submit"), 10): Object 'Object Repository/APAC_University/Edith_Cowan_University/Button_Submit' is clickable

30-08-2024T12:24:24 - [MESSAGE][PASSED] - Object 'Object Repository/APAC_University/Edith_Cowan_University/Button_Submit' is clickable

30-08-2024T12:24:24 - [TEST_STEP][PASSED] - click(findTestObject("Object Repository/APAC_University/Edith_Cowan_University/Button_Submit")): Object: 'Object Repository/APAC_University/Edith_Cowan_University/Button_Submit' is clicked on

30-08-2024T12:24:24 - [MESSAGE][PASSED] - Object: 'Object Repository/APAC_University/Edith_Cowan_University/Button_Submit' is clicked on

30-08-2024T12:24:24 - [TEST_STEP][PASSED] - delay(5): Delayed 5 second(s)

30-08-2024T12:24:29 - [MESSAGE][PASSED] - Delayed 5 second(s)

30-08-2024T12:24:29 - [TEST_STEP][PASSED] - verifyElementText(findTestObject("Object Repository/APAC_University/Edith_Cowan_University/Verify_Content"), "Thanks for your enquiry"): Actual text and expected text of test object 'Object Repository/APAC_University/Edith_Cowan_University/Verify_Content' are matched.

30-08-2024T12:24:39 - [MESSAGE][PASSED] - Actual text and expected text of test object 'Object Repository/APAC_University/Edith_Cowan_University/Verify_Content' are matched.

30-08-2024T12:24:39 - [MESSAGE][PASSED] - Call Test Case 'Test Cases/APAC_Universities/SEO_PAGES/Edith_Cowan_University/Reusable_Testcases/Lead_Form' successfully]]></system-out>
         <system-err><![CDATA[]]></system-err>
      </testcase>
      <testcase name="Test Cases/APAC_Universities/SEO_PAGES/Edith_Cowan_University/Main_Page" time="27.614" classname="Test Cases/APAC_Universities/SEO_PAGES/Edith_Cowan_University/Main_Page" status="PASSED">
         <system-out><![CDATA[30-08-2024T12:24:39 - [TEST_CASE][PASSED] - Test Cases/APAC_Universities/SEO_PAGES/Edith_Cowan_University/Main_Page: Test Cases/APAC_Universities/SEO_PAGES/Edith_Cowan_University/Main_Page

30-08-2024T12:24:39 - [TEST_STEP][PASSED] - callTestCase(findTestCase("Test Cases/APAC_Universities/SEO_PAGES/Edith_Cowan_University/Reusable_Testcases/Navigate_HomePage"), [:], STOP_ON_FAILURE): Call Test Case 'Test Cases/APAC_Universities/SEO_PAGES/Edith_Cowan_University/Reusable_Testcases/Navigate_HomePage' successfully

30-08-2024T12:24:39 - [TEST_CASE][PASSED] - Test Cases/APAC_Universities/SEO_PAGES/Edith_Cowan_University/Reusable_Testcases/Navigate_HomePage: Test Cases/APAC_Universities/SEO_PAGES/Edith_Cowan_University/Reusable_Testcases/Navigate_HomePage

30-08-2024T12:24:39 - [TEST_STEP][PASSED] - waitForElementClickable(findTestObject("Object Repository/APAC_University/Edith_Cowan_University/Image_Homepage"), 10): Object 'Object Repository/APAC_University/Edith_Cowan_University/Image_Homepage' is clickable

30-08-2024T12:24:39 - [MESSAGE][PASSED] - Object 'Object Repository/APAC_University/Edith_Cowan_University/Image_Homepage' is clickable

30-08-2024T12:24:39 - [TEST_STEP][PASSED] - click(findTestObject("Object Repository/APAC_University/Edith_Cowan_University/Image_Homepage")): Object: 'Object Repository/APAC_University/Edith_Cowan_University/Image_Homepage' is clicked on

30-08-2024T12:24:47 - [MESSAGE][PASSED] - Object: 'Object Repository/APAC_University/Edith_Cowan_University/Image_Homepage' is clicked on

30-08-2024T12:24:47 - [MESSAGE][PASSED] - Call Test Case 'Test Cases/APAC_Universities/SEO_PAGES/Edith_Cowan_University/Reusable_Testcases/Navigate_HomePage' successfully

30-08-2024T12:24:47 - [TEST_STEP][PASSED] - callTestCase(findTestCase("Test Cases/APAC_Universities/SEO_PAGES/Edith_Cowan_University/Reusable_Testcases/Lead_Form"), [:], STOP_ON_FAILURE): Call Test Case 'Test Cases/APAC_Universities/SEO_PAGES/Edith_Cowan_University/Reusable_Testcases/Lead_Form' successfully

30-08-2024T12:24:47 - [TEST_CASE][PASSED] - Test Cases/APAC_Universities/SEO_PAGES/Edith_Cowan_University/Reusable_Testcases/Lead_Form: Test Cases/APAC_Universities/SEO_PAGES/Edith_Cowan_University/Reusable_Testcases/Lead_Form

30-08-2024T12:24:47 - [TEST_STEP][PASSED] - program = findTestObject("Object Repository/APAC_University/Edith_Cowan_University/Dropdown_Program"): null

30-08-2024T12:24:47 - [TEST_STEP][PASSED] - selectOptionByIndex(program, keyPathPackage.customKeywords.selectRandomOptionFromDropdown()): All options with index in [1] are selected on object 'Object Repository/APAC_University/Edith_Cowan_University/Dropdown_Program'

30-08-2024T12:24:47 - [MESSAGE][PASSED] - keyPathPackage.customKeywords.selectRandomOptionFromDropdown is PASSED

30-08-2024T12:24:51 - [MESSAGE][PASSED] - All options with index in [1] are selected on object 'Object Repository/APAC_University/Edith_Cowan_University/Dropdown_Program'

30-08-2024T12:24:51 - [TEST_STEP][PASSED] - FirstName = keyPathPackage.customKeywords.generateRandomFirstName(): keyPathPackage.customKeywords.generateRandomFirstName is PASSED

30-08-2024T12:24:51 - [MESSAGE][PASSED] - keyPathPackage.customKeywords.generateRandomFirstName is PASSED

30-08-2024T12:24:51 - [TEST_STEP][PASSED] - setText(findTestObject("Object Repository/APAC_University/Edith_Cowan_University/Field_Firstname"), FirstName): Text 'Donald' is set on object 'Object Repository/APAC_University/Edith_Cowan_University/Field_Firstname'

30-08-2024T12:24:51 - [MESSAGE][PASSED] - Text 'Donald' is set on object 'Object Repository/APAC_University/Edith_Cowan_University/Field_Firstname'

30-08-2024T12:24:51 - [TEST_STEP][PASSED] - LastName = keyPathPackage.customKeywords.generateRandomLastName(): keyPathPackage.customKeywords.generateRandomLastName is PASSED

30-08-2024T12:24:51 - [MESSAGE][PASSED] - keyPathPackage.customKeywords.generateRandomLastName is PASSED

30-08-2024T12:24:51 - [TEST_STEP][PASSED] - setText(findTestObject("Object Repository/APAC_University/Edith_Cowan_University/Field_Lastname"), LastName): Text 'Testing Botsford' is set on object 'Object Repository/APAC_University/Edith_Cowan_University/Field_Lastname'

30-08-2024T12:24:52 - [MESSAGE][PASSED] - Text 'Testing Botsford' is set on object 'Object Repository/APAC_University/Edith_Cowan_University/Field_Lastname'

30-08-2024T12:24:52 - [TEST_STEP][PASSED] - waitForElementClickable(findTestObject("Object Repository/APAC_University/Edith_Cowan_University/Button_NextStep2"), 10): Object 'Object Repository/APAC_University/Edith_Cowan_University/Button_NextStep2' is clickable

30-08-2024T12:24:52 - [MESSAGE][PASSED] - Object 'Object Repository/APAC_University/Edith_Cowan_University/Button_NextStep2' is clickable

30-08-2024T12:24:52 - [TEST_STEP][PASSED] - click(findTestObject("Object Repository/APAC_University/Edith_Cowan_University/Button_NextStep2")): Object: 'Object Repository/APAC_University/Edith_Cowan_University/Button_NextStep2' is clicked on

30-08-2024T12:24:52 - [MESSAGE][PASSED] - Object: 'Object Repository/APAC_University/Edith_Cowan_University/Button_NextStep2' is clicked on

30-08-2024T12:24:52 - [TEST_STEP][PASSED] - startdate = findTestObject("Object Repository/APAC_University/Edith_Cowan_University/Dropdown_Startdate"): null

30-08-2024T12:24:52 - [TEST_STEP][PASSED] - selectOptionByIndex(startdate, keyPathPackage.customKeywords.selectRandomOptionFromDropdown()): All options with index in [1] are selected on object 'Object Repository/APAC_University/Edith_Cowan_University/Dropdown_Startdate'

30-08-2024T12:24:52 - [MESSAGE][PASSED] - keyPathPackage.customKeywords.selectRandomOptionFromDropdown is PASSED

30-08-2024T12:24:53 - [MESSAGE][PASSED] - All options with index in [1] are selected on object 'Object Repository/APAC_University/Edith_Cowan_University/Dropdown_Startdate'

30-08-2024T12:24:53 - [TEST_STEP][PASSED] - Enquiryreason = findTestObject("Object Repository/APAC_University/Edith_Cowan_University/Dropdown_Enquiry"): null

30-08-2024T12:24:53 - [TEST_STEP][PASSED] - selectOptionByIndex(Enquiryreason, keyPathPackage.customKeywords.selectRandomOptionFromDropdown()): All options with index in [1] are selected on object 'Object Repository/APAC_University/Edith_Cowan_University/Dropdown_Enquiry'

30-08-2024T12:24:53 - [MESSAGE][PASSED] - keyPathPackage.customKeywords.selectRandomOptionFromDropdown is PASSED

30-08-2024T12:24:54 - [MESSAGE][PASSED] - All options with index in [1] are selected on object 'Object Repository/APAC_University/Edith_Cowan_University/Dropdown_Enquiry'

30-08-2024T12:24:54 - [TEST_STEP][PASSED] - selectOptionByValue(findTestObject("Object Repository/APAC_University/Edith_Cowan_University/Dropdown_Highereducation"), Education_Level, false): All options with value 'Postgraduate diploma' are selected in object 'Object Repository/APAC_University/Edith_Cowan_University/Dropdown_Highereducation' 

30-08-2024T12:24:54 - [MESSAGE][PASSED] - All options with value 'Postgraduate diploma' are selected in object 'Object Repository/APAC_University/Edith_Cowan_University/Dropdown_Highereducation' 

30-08-2024T12:24:54 - [TEST_STEP][PASSED] - Workexperience = findTestObject("Object Repository/APAC_University/Edith_Cowan_University/Dropdown_Workexperience"): null

30-08-2024T12:24:54 - [TEST_STEP][PASSED] - selectOptionByIndex(Workexperience, keyPathPackage.customKeywords.selectRandomOptionFromDropdown()): All options with index in [2] are selected on object 'Object Repository/APAC_University/Edith_Cowan_University/Dropdown_Workexperience'

30-08-2024T12:24:54 - [MESSAGE][PASSED] - keyPathPackage.customKeywords.selectRandomOptionFromDropdown is PASSED

30-08-2024T12:24:55 - [MESSAGE][PASSED] - All options with index in [2] are selected on object 'Object Repository/APAC_University/Edith_Cowan_University/Dropdown_Workexperience'

30-08-2024T12:24:55 - [TEST_STEP][PASSED] - waitForElementClickable(findTestObject("Object Repository/APAC_University/Edith_Cowan_University/Button_NextStep3"), 10): Object 'Object Repository/APAC_University/Edith_Cowan_University/Button_NextStep3' is clickable

30-08-2024T12:24:55 - [MESSAGE][PASSED] - Object 'Object Repository/APAC_University/Edith_Cowan_University/Button_NextStep3' is clickable

30-08-2024T12:24:55 - [TEST_STEP][PASSED] - click(findTestObject("Object Repository/APAC_University/Edith_Cowan_University/Button_NextStep3")): Object: 'Object Repository/APAC_University/Edith_Cowan_University/Button_NextStep3' is clicked on

30-08-2024T12:24:56 - [MESSAGE][PASSED] - Object: 'Object Repository/APAC_University/Edith_Cowan_University/Button_NextStep3' is clicked on

30-08-2024T12:24:56 - [TEST_STEP][PASSED] - Phonenumber = keyPathPackage.customKeywords.generateRandomAustralianPhoneNumber(): keyPathPackage.customKeywords.generateRandomAustralianPhoneNumber is PASSED

30-08-2024T12:24:56 - [MESSAGE][PASSED] - keyPathPackage.customKeywords.generateRandomAustralianPhoneNumber is PASSED

30-08-2024T12:24:56 - [TEST_STEP][PASSED] - setText(findTestObject("Object Repository/APAC_University/Edith_Cowan_University/Field_Phonenumber"), Phonenumber): Text '0439155351' is set on object 'Object Repository/APAC_University/Edith_Cowan_University/Field_Phonenumber'

30-08-2024T12:24:56 - [MESSAGE][PASSED] - Text '0439155351' is set on object 'Object Repository/APAC_University/Edith_Cowan_University/Field_Phonenumber'

30-08-2024T12:24:56 - [TEST_STEP][PASSED] - Email = keyPathPackage.customKeywords.generateRandomEmail(): keyPathPackage.customKeywords.generateRandomEmail is PASSED

30-08-2024T12:24:56 - [MESSAGE][PASSED] - keyPathPackage.customKeywords.generateRandomEmail is PASSED

30-08-2024T12:24:56 - [TEST_STEP][PASSED] - setText(findTestObject("Object Repository/APAC_University/Edith_Cowan_University/Field_Email"), Email): Text 'felisa.heller@gmail.com' is set on object 'Object Repository/APAC_University/Edith_Cowan_University/Field_Email'

30-08-2024T12:24:57 - [MESSAGE][PASSED] - Text 'felisa.heller@gmail.com' is set on object 'Object Repository/APAC_University/Edith_Cowan_University/Field_Email'

30-08-2024T12:24:57 - [TEST_STEP][PASSED] - Postcode = keyPathPackage.customKeywords.selectRandomPostCode(): keyPathPackage.customKeywords.selectRandomPostCode is PASSED

30-08-2024T12:24:57 - [MESSAGE][PASSED] - keyPathPackage.customKeywords.selectRandomPostCode is PASSED

30-08-2024T12:24:57 - [TEST_STEP][PASSED] - setText(findTestObject("Object Repository/APAC_University/Edith_Cowan_University/Field_Postcode"), Postcode): Text '9713' is set on object 'Object Repository/APAC_University/Edith_Cowan_University/Field_Postcode'

30-08-2024T12:24:58 - [MESSAGE][PASSED] - Text '9713' is set on object 'Object Repository/APAC_University/Edith_Cowan_University/Field_Postcode'

30-08-2024T12:24:58 - [TEST_STEP][PASSED] - waitForElementClickable(findTestObject("Object Repository/APAC_University/Edith_Cowan_University/Button_Submit"), 10): Object 'Object Repository/APAC_University/Edith_Cowan_University/Button_Submit' is clickable

30-08-2024T12:24:58 - [MESSAGE][PASSED] - Object 'Object Repository/APAC_University/Edith_Cowan_University/Button_Submit' is clickable

30-08-2024T12:24:58 - [TEST_STEP][PASSED] - click(findTestObject("Object Repository/APAC_University/Edith_Cowan_University/Button_Submit")): Object: 'Object Repository/APAC_University/Edith_Cowan_University/Button_Submit' is clicked on

30-08-2024T12:24:58 - [MESSAGE][PASSED] - Object: 'Object Repository/APAC_University/Edith_Cowan_University/Button_Submit' is clicked on

30-08-2024T12:24:58 - [TEST_STEP][PASSED] - delay(5): Delayed 5 second(s)

30-08-2024T12:25:03 - [MESSAGE][PASSED] - Delayed 5 second(s)

30-08-2024T12:25:03 - [TEST_STEP][PASSED] - verifyElementText(findTestObject("Object Repository/APAC_University/Edith_Cowan_University/Verify_Content"), "Thanks for your enquiry"): Actual text and expected text of test object 'Object Repository/APAC_University/Edith_Cowan_University/Verify_Content' are matched.

30-08-2024T12:25:06 - [MESSAGE][PASSED] - Actual text and expected text of test object 'Object Repository/APAC_University/Edith_Cowan_University/Verify_Content' are matched.

30-08-2024T12:25:06 - [MESSAGE][PASSED] - Call Test Case 'Test Cases/APAC_Universities/SEO_PAGES/Edith_Cowan_University/Reusable_Testcases/Lead_Form' successfully

30-08-2024T12:25:06 - [TEST_STEP][PASSED] - closeBrowser(): Browser is closed

30-08-2024T12:25:06 - [MESSAGE][PASSED] - Browser is closed]]></system-out>
         <system-err><![CDATA[]]></system-err>
      </testcase>
      <testcase name="Test Cases/APAC_Universities/SEO_PAGES/MBS_University/Degree_Programs" time="85.766" classname="Test Cases/APAC_Universities/SEO_PAGES/MBS_University/Degree_Programs" status="PASSED">
         <system-out><![CDATA[30-08-2024T12:25:06 - [TEST_CASE][PASSED] - Test Cases/APAC_Universities/SEO_PAGES/MBS_University/Degree_Programs: Test Cases/APAC_Universities/SEO_PAGES/MBS_University/Degree_Programs

30-08-2024T12:25:07 - [TEST_STEP][PASSED] - callTestCase(findTestCase("Test Cases/APAC_Universities/SEO_PAGES/MBS_University/Resuable_Testcases/Navigate_URL"), [:], STOP_ON_FAILURE): Call Test Case 'Test Cases/APAC_Universities/SEO_PAGES/MBS_University/Resuable_Testcases/Navigate_URL' successfully

30-08-2024T12:25:07 - [TEST_CASE][PASSED] - Test Cases/APAC_Universities/SEO_PAGES/MBS_University/Resuable_Testcases/Navigate_URL: Test Cases/APAC_Universities/SEO_PAGES/MBS_University/Resuable_Testcases/Navigate_URL

30-08-2024T12:25:07 - [TEST_STEP][PASSED] - openBrowser(""): Browser is opened with url: ''

30-08-2024T12:25:07 - [MESSAGE][INFO] - Starting 'Chrome' driver

30-08-2024T12:25:07 - [MESSAGE][INFO] - Action delay is set to 0 milliseconds

30-08-2024T12:25:07 - [MESSAGE][PASSED] - Browser is opened with url: ''

30-08-2024T12:25:07 - [TEST_STEP][PASSED] - navigateToUrl(University_MBS): Navigate to 'https://key:path@dev-mbs-mkt.pantheonsite.io/' successfully

30-08-2024T12:25:57 - [MESSAGE][PASSED] - Navigate to 'https://key:path@dev-mbs-mkt.pantheonsite.io/' successfully

30-08-2024T12:25:57 - [TEST_STEP][PASSED] - maximizeWindow(): Current window maximized

30-08-2024T12:25:57 - [MESSAGE][PASSED] - Current window maximized

30-08-2024T12:25:57 - [MESSAGE][PASSED] - Call Test Case 'Test Cases/APAC_Universities/SEO_PAGES/MBS_University/Resuable_Testcases/Navigate_URL' successfully

30-08-2024T12:25:57 - [TEST_STEP][PASSED] - buttonObject = findTestObject("Object Repository/APAC_University/MBS_University/Degree Program/List_DegreePrograms"): null

30-08-2024T12:25:57 - [TEST_STEP][PASSED] - mouseOver(buttonObject): Object: 'Object Repository/APAC_University/MBS_University/Degree Program/List_DegreePrograms' is hovered

30-08-2024T12:25:58 - [MESSAGE][PASSED] - Object: 'Object Repository/APAC_University/MBS_University/Degree Program/List_DegreePrograms' is hovered

30-08-2024T12:25:58 - [TEST_STEP][PASSED] - list1 = findTestObject("Object Repository/APAC_University/MBS_University/Degree Program/DegreePrograms_ListOne"): null

30-08-2024T12:25:58 - [TEST_STEP][PASSED] - list2 = findTestObject("Object Repository/APAC_University/MBS_University/Degree Program/DegreePrograms_Listtwo"): null

30-08-2024T12:25:58 - [TEST_STEP][PASSED] - list3 = findTestObject("Object Repository/APAC_University/MBS_University/Degree Program/DegreePrograms_Listthree"): null

30-08-2024T12:25:58 - [TEST_STEP][PASSED] - list4 = findTestObject("Object Repository/APAC_University/MBS_University/Degree Program/DegreePrograms_Listfour"): null

30-08-2024T12:25:58 - [TEST_STEP][PASSED] - lists = [list1, list2, list3, list4]: null

30-08-2024T12:25:58 - [TEST_STEP][PASSED] - rand = new java.util.Random(): null

30-08-2024T12:25:58 - [TEST_STEP][PASSED] - randomListIndex = rand.nextInt(lists.size()): null

30-08-2024T12:25:58 - [TEST_STEP][PASSED] - selectedList = lists.get(randomListIndex): null

30-08-2024T12:25:58 - [TEST_STEP][PASSED] - waitForElementVisible(selectedList, 10): Object 'Object Repository/APAC_University/MBS_University/Degree Program/DegreePrograms_Listfour' is visible

30-08-2024T12:25:58 - [MESSAGE][PASSED] - Object 'Object Repository/APAC_University/MBS_University/Degree Program/DegreePrograms_Listfour' is visible

30-08-2024T12:25:58 - [TEST_STEP][PASSED] - listItems = findWebElements(selectedList, 30): Found web elements by test object Object Repository/APAC_University/MBS_University/Degree Program/DegreePrograms_Listfour

30-08-2024T12:25:59 - [MESSAGE][PASSED] - Found web elements by test object Object Repository/APAC_University/MBS_University/Degree Program/DegreePrograms_Listfour

30-08-2024T12:25:59 - [TEST_STEP][PASSED] - if (listItems.size() > 0): null

30-08-2024T12:25:59 - [TEST_STEP][PASSED] - randomItemIndex = rand.nextInt(listItems.size()): null

30-08-2024T12:25:59 - [TEST_STEP][PASSED] - randomItem = listItems.get(randomItemIndex): null

30-08-2024T12:25:59 - [TEST_STEP][PASSED] - randomItem.click(): null

30-08-2024T12:26:10 - [TEST_STEP][PASSED] - FirstName = keyPathPackage.customKeywords.generateRandomFirstName(): keyPathPackage.customKeywords.generateRandomFirstName is PASSED

30-08-2024T12:26:10 - [MESSAGE][PASSED] - keyPathPackage.customKeywords.generateRandomFirstName is PASSED

30-08-2024T12:26:10 - [TEST_STEP][PASSED] - setText(findTestObject("Object Repository/APAC_University/MBS_University/Degree Program/Field_Firstname"), FirstName): Text 'Jason' is set on object 'Object Repository/APAC_University/MBS_University/Degree Program/Field_Firstname'

30-08-2024T12:26:14 - [MESSAGE][PASSED] - Text 'Jason' is set on object 'Object Repository/APAC_University/MBS_University/Degree Program/Field_Firstname'

30-08-2024T12:26:14 - [TEST_STEP][PASSED] - LastName = keyPathPackage.customKeywords.generateRandomLastName(): keyPathPackage.customKeywords.generateRandomLastName is PASSED

30-08-2024T12:26:14 - [MESSAGE][PASSED] - keyPathPackage.customKeywords.generateRandomLastName is PASSED

30-08-2024T12:26:14 - [TEST_STEP][PASSED] - setText(findTestObject("Object Repository/APAC_University/MBS_University/Degree Program/Field_Lastname"), LastName): Text 'Testing Wiza' is set on object 'Object Repository/APAC_University/MBS_University/Degree Program/Field_Lastname'

30-08-2024T12:26:15 - [MESSAGE][PASSED] - Text 'Testing Wiza' is set on object 'Object Repository/APAC_University/MBS_University/Degree Program/Field_Lastname'

30-08-2024T12:26:15 - [TEST_STEP][PASSED] - click(findTestObject("Object Repository/APAC_University/MBS_University/Degree Program/Button_NextStep2")): Object: 'Object Repository/APAC_University/MBS_University/Degree Program/Button_NextStep2' is clicked on

30-08-2024T12:26:15 - [MESSAGE][PASSED] - Object: 'Object Repository/APAC_University/MBS_University/Degree Program/Button_NextStep2' is clicked on

30-08-2024T12:26:15 - [TEST_STEP][PASSED] - dropdown = findTestObject("Object Repository/APAC_University/MBS_University/Degree Program/Dropdown_Bachelor_Experience"): null

30-08-2024T12:26:15 - [TEST_STEP][PASSED] - options = ["yes", "no"]: null

30-08-2024T12:26:15 - [TEST_STEP][PASSED] - randomOption = options[Random().nextInt(length)]: null

30-08-2024T12:26:15 - [TEST_STEP][PASSED] - selectOptionByValue(dropdown, randomOption, true): All options with value 'no' are selected in object 'Object Repository/APAC_University/MBS_University/Degree Program/Dropdown_Bachelor_Experience'  using regular expression

30-08-2024T12:26:18 - [MESSAGE][PASSED] - All options with value 'no' are selected in object 'Object Repository/APAC_University/MBS_University/Degree Program/Dropdown_Bachelor_Experience'  using regular expression

30-08-2024T12:26:18 - [TEST_STEP][PASSED] - if (randomOption.equals("no")): All options with index in [1] are selected on object 'Object Repository/APAC_University/MBS_University/Degree Program/Dropdown_Workexperience'

30-08-2024T12:26:18 - [TEST_STEP][PASSED] - delay(3): Delayed 3 second(s)

30-08-2024T12:26:21 - [MESSAGE][PASSED] - Delayed 3 second(s)

30-08-2024T12:26:21 - [TEST_STEP][PASSED] - WorkExperience = findTestObject("Object Repository/APAC_University/MBS_University/Degree Program/Dropdown_Workexperience"): null

30-08-2024T12:26:21 - [TEST_STEP][PASSED] - selectOptionByIndex(WorkExperience, 1): All options with index in [1] are selected on object 'Object Repository/APAC_University/MBS_University/Degree Program/Dropdown_Workexperience'

30-08-2024T12:26:22 - [MESSAGE][PASSED] - All options with index in [1] are selected on object 'Object Repository/APAC_University/MBS_University/Degree Program/Dropdown_Workexperience'

30-08-2024T12:26:22 - [TEST_STEP][PASSED] - startdate = findTestObject("Object Repository/APAC_University/MBS_University/Degree Program/Dropdown_Startdate"): null

30-08-2024T12:26:22 - [TEST_STEP][PASSED] - selectOptionByIndex(startdate, keyPathPackage.customKeywords.selectRandomOptionFromDropdown()): All options with index in [2] are selected on object 'Object Repository/APAC_University/MBS_University/Degree Program/Dropdown_Startdate'

30-08-2024T12:26:22 - [MESSAGE][PASSED] - keyPathPackage.customKeywords.selectRandomOptionFromDropdown is PASSED

30-08-2024T12:26:22 - [MESSAGE][PASSED] - All options with index in [2] are selected on object 'Object Repository/APAC_University/MBS_University/Degree Program/Dropdown_Startdate'

30-08-2024T12:26:22 - [TEST_STEP][PASSED] - Enquiryreason = findTestObject("Object Repository/APAC_University/MBS_University/Degree Program/Dropdown_Enquiry"): null

30-08-2024T12:26:22 - [TEST_STEP][PASSED] - selectOptionByIndex(Enquiryreason, keyPathPackage.customKeywords.selectRandomOptionFromDropdown()): All options with index in [1] are selected on object 'Object Repository/APAC_University/MBS_University/Degree Program/Dropdown_Enquiry'

30-08-2024T12:26:22 - [MESSAGE][PASSED] - keyPathPackage.customKeywords.selectRandomOptionFromDropdown is PASSED

30-08-2024T12:26:23 - [MESSAGE][PASSED] - All options with index in [1] are selected on object 'Object Repository/APAC_University/MBS_University/Degree Program/Dropdown_Enquiry'

30-08-2024T12:26:23 - [TEST_STEP][PASSED] - delay(2): Delayed 2 second(s)

30-08-2024T12:26:25 - [MESSAGE][PASSED] - Delayed 2 second(s)

30-08-2024T12:26:25 - [TEST_STEP][PASSED] - scrollToElement(findTestObject("Object Repository/APAC_University/MBS_University/Degree Program/Button_NextStep3"), 3): Scroll to object 'Object Repository/APAC_University/MBS_University/Degree Program/Button_NextStep3' successfully

30-08-2024T12:26:25 - [MESSAGE][PASSED] - Scroll to object 'Object Repository/APAC_University/MBS_University/Degree Program/Button_NextStep3' successfully

30-08-2024T12:26:25 - [TEST_STEP][PASSED] - click(findTestObject("Object Repository/APAC_University/MBS_University/Degree Program/Button_NextStep3")): Object: 'Object Repository/APAC_University/MBS_University/Degree Program/Button_NextStep3' is clicked on

30-08-2024T12:26:26 - [MESSAGE][PASSED] - Object: 'Object Repository/APAC_University/MBS_University/Degree Program/Button_NextStep3' is clicked on

30-08-2024T12:26:26 - [TEST_STEP][PASSED] - Email = keyPathPackage.customKeywords.generateRandomEmail(): keyPathPackage.customKeywords.generateRandomEmail is PASSED

30-08-2024T12:26:26 - [MESSAGE][PASSED] - keyPathPackage.customKeywords.generateRandomEmail is PASSED

30-08-2024T12:26:26 - [TEST_STEP][PASSED] - setText(findTestObject("Object Repository/APAC_University/MBS_University/Degree Program/Field_Email"), Email): Text 'jennefer.kling@gmail.com' is set on object 'Object Repository/APAC_University/MBS_University/Degree Program/Field_Email'

30-08-2024T12:26:30 - [MESSAGE][PASSED] - Text 'jennefer.kling@gmail.com' is set on object 'Object Repository/APAC_University/MBS_University/Degree Program/Field_Email'

30-08-2024T12:26:30 - [TEST_STEP][PASSED] - Phonenumber = keyPathPackage.customKeywords.generateRandomAustralianPhoneNumber(): keyPathPackage.customKeywords.generateRandomAustralianPhoneNumber is PASSED

30-08-2024T12:26:30 - [MESSAGE][PASSED] - keyPathPackage.customKeywords.generateRandomAustralianPhoneNumber is PASSED

30-08-2024T12:26:30 - [TEST_STEP][PASSED] - setText(findTestObject("Object Repository/APAC_University/MBS_University/Degree Program/Field_Phonenumber"), Phonenumber): Text '0425232782' is set on object 'Object Repository/APAC_University/MBS_University/Degree Program/Field_Phonenumber'

30-08-2024T12:26:30 - [MESSAGE][PASSED] - Text '0425232782' is set on object 'Object Repository/APAC_University/MBS_University/Degree Program/Field_Phonenumber'

30-08-2024T12:26:30 - [TEST_STEP][PASSED] - Postcode = keyPathPackage.customKeywords.selectRandomPostCode(): keyPathPackage.customKeywords.selectRandomPostCode is PASSED

30-08-2024T12:26:30 - [MESSAGE][PASSED] - keyPathPackage.customKeywords.selectRandomPostCode is PASSED

30-08-2024T12:26:30 - [TEST_STEP][PASSED] - setText(findTestObject("Object Repository/APAC_University/MBS_University/Degree Program/Field_Postcode"), Postcode): Text '1650' is set on object 'Object Repository/APAC_University/MBS_University/Degree Program/Field_Postcode'

30-08-2024T12:26:31 - [MESSAGE][PASSED] - Text '1650' is set on object 'Object Repository/APAC_University/MBS_University/Degree Program/Field_Postcode'

30-08-2024T12:26:31 - [TEST_STEP][PASSED] - setText(findTestObject("Object Repository/APAC_University/MBS_University/Degree Program/Field_Postcode"), Postcode): Text '1650' is set on object 'Object Repository/APAC_University/MBS_University/Degree Program/Field_Postcode'

30-08-2024T12:26:32 - [MESSAGE][PASSED] - Text '1650' is set on object 'Object Repository/APAC_University/MBS_University/Degree Program/Field_Postcode'

30-08-2024T12:26:32 - [TEST_STEP][PASSED] - click(findTestObject("Object Repository/APAC_University/MBS_University/Degree Program/Button_Downloadbrochure")): Object: 'Object Repository/APAC_University/MBS_University/Degree Program/Button_Downloadbrochure' is clicked on

30-08-2024T12:26:32 - [MESSAGE][PASSED] - Object: 'Object Repository/APAC_University/MBS_University/Degree Program/Button_Downloadbrochure' is clicked on]]></system-out>
         <system-err><![CDATA[]]></system-err>
      </testcase>
      <testcase name="Test Cases/APAC_Universities/SEO_PAGES/MBS_University/Short_Courses" time="26.833" classname="Test Cases/APAC_Universities/SEO_PAGES/MBS_University/Short_Courses" status="PASSED">
         <system-out><![CDATA[30-08-2024T12:26:32 - [TEST_CASE][PASSED] - Test Cases/APAC_Universities/SEO_PAGES/MBS_University/Short_Courses: Test Cases/APAC_Universities/SEO_PAGES/MBS_University/Short_Courses

30-08-2024T12:26:32 - [TEST_STEP][PASSED] - buttonObject = findTestObject("Object Repository/APAC_University/MBS_University/Short_Courses/List_ShortCourses"): null

30-08-2024T12:26:32 - [TEST_STEP][PASSED] - mouseOver(buttonObject): Object: 'Object Repository/APAC_University/MBS_University/Short_Courses/List_ShortCourses' is hovered

30-08-2024T12:26:37 - [MESSAGE][PASSED] - Object: 'Object Repository/APAC_University/MBS_University/Short_Courses/List_ShortCourses' is hovered

30-08-2024T12:26:37 - [TEST_STEP][PASSED] - list1 = findTestObject("Object Repository/APAC_University/MBS_University/Short_Courses/Shortcourse_Listone"): null

30-08-2024T12:26:37 - [TEST_STEP][PASSED] - list2 = findTestObject("Object Repository/APAC_University/MBS_University/Short_Courses/Shortcourse_Listtwo"): null

30-08-2024T12:26:37 - [TEST_STEP][PASSED] - list3 = findTestObject("Object Repository/APAC_University/MBS_University/Short_Courses/Shortcourse_Listthree"): null

30-08-2024T12:26:37 - [TEST_STEP][PASSED] - lists = [list1, list2, list3]: null

30-08-2024T12:26:37 - [TEST_STEP][PASSED] - rand = new java.util.Random(): null

30-08-2024T12:26:37 - [TEST_STEP][PASSED] - randomListIndex = rand.nextInt(lists.size()): null

30-08-2024T12:26:37 - [TEST_STEP][PASSED] - selectedList = lists.get(randomListIndex): null

30-08-2024T12:26:37 - [TEST_STEP][PASSED] - waitForElementVisible(selectedList, 10): Object 'Object Repository/APAC_University/MBS_University/Short_Courses/Shortcourse_Listthree' is visible

30-08-2024T12:26:38 - [MESSAGE][PASSED] - Object 'Object Repository/APAC_University/MBS_University/Short_Courses/Shortcourse_Listthree' is visible

30-08-2024T12:26:38 - [TEST_STEP][PASSED] - listItems = findWebElements(selectedList, 30): Found web elements by test object Object Repository/APAC_University/MBS_University/Short_Courses/Shortcourse_Listthree

30-08-2024T12:26:40 - [MESSAGE][PASSED] - Found web elements by test object Object Repository/APAC_University/MBS_University/Short_Courses/Shortcourse_Listthree

30-08-2024T12:26:40 - [TEST_STEP][PASSED] - if (listItems.size() > 0): null

30-08-2024T12:26:40 - [TEST_STEP][PASSED] - randomItemIndex = rand.nextInt(listItems.size()): null

30-08-2024T12:26:40 - [TEST_STEP][PASSED] - randomItem = listItems.get(randomItemIndex): null

30-08-2024T12:26:40 - [TEST_STEP][PASSED] - randomItem.click(): null

30-08-2024T12:26:43 - [TEST_STEP][PASSED] - FirstName = keyPathPackage.customKeywords.generateRandomFirstName(): keyPathPackage.customKeywords.generateRandomFirstName is PASSED

30-08-2024T12:26:43 - [MESSAGE][PASSED] - keyPathPackage.customKeywords.generateRandomFirstName is PASSED

30-08-2024T12:26:43 - [TEST_STEP][PASSED] - setText(findTestObject("Object Repository/APAC_University/MBS_University/Short_Courses/Field_Firstname"), FirstName): Text 'Rafael' is set on object 'Object Repository/APAC_University/MBS_University/Short_Courses/Field_Firstname'

30-08-2024T12:26:46 - [MESSAGE][PASSED] - Text 'Rafael' is set on object 'Object Repository/APAC_University/MBS_University/Short_Courses/Field_Firstname'

30-08-2024T12:26:46 - [TEST_STEP][PASSED] - LastName = keyPathPackage.customKeywords.generateRandomLastName(): keyPathPackage.customKeywords.generateRandomLastName is PASSED

30-08-2024T12:26:46 - [MESSAGE][PASSED] - keyPathPackage.customKeywords.generateRandomLastName is PASSED

30-08-2024T12:26:46 - [TEST_STEP][PASSED] - setText(findTestObject("Object Repository/APAC_University/MBS_University/Short_Courses/Field_Lastname"), LastName): Text 'Testing Bogan' is set on object 'Object Repository/APAC_University/MBS_University/Short_Courses/Field_Lastname'

30-08-2024T12:26:46 - [MESSAGE][PASSED] - Text 'Testing Bogan' is set on object 'Object Repository/APAC_University/MBS_University/Short_Courses/Field_Lastname'

30-08-2024T12:26:46 - [TEST_STEP][PASSED] - Email = keyPathPackage.customKeywords.generateRandomEmail(): keyPathPackage.customKeywords.generateRandomEmail is PASSED

30-08-2024T12:26:46 - [MESSAGE][PASSED] - keyPathPackage.customKeywords.generateRandomEmail is PASSED

30-08-2024T12:26:46 - [TEST_STEP][PASSED] - setText(findTestObject("Object Repository/APAC_University/MBS_University/Short_Courses/Field_Email"), Email): Text 'eloise.lebsack@yahoo.com' is set on object 'Object Repository/APAC_University/MBS_University/Short_Courses/Field_Email'

30-08-2024T12:26:47 - [MESSAGE][PASSED] - Text 'eloise.lebsack@yahoo.com' is set on object 'Object Repository/APAC_University/MBS_University/Short_Courses/Field_Email'

30-08-2024T12:26:47 - [TEST_STEP][PASSED] - Phonenumber = keyPathPackage.customKeywords.generateRandomAustralianPhoneNumber(): keyPathPackage.customKeywords.generateRandomAustralianPhoneNumber is PASSED

30-08-2024T12:26:47 - [MESSAGE][PASSED] - keyPathPackage.customKeywords.generateRandomAustralianPhoneNumber is PASSED

30-08-2024T12:26:47 - [TEST_STEP][PASSED] - setText(findTestObject("Object Repository/APAC_University/MBS_University/Short_Courses/Field_Phonenumber"), Phonenumber): Text '0403827049' is set on object 'Object Repository/APAC_University/MBS_University/Short_Courses/Field_Phonenumber'

30-08-2024T12:26:47 - [MESSAGE][PASSED] - Text '0403827049' is set on object 'Object Repository/APAC_University/MBS_University/Short_Courses/Field_Phonenumber'

30-08-2024T12:26:47 - [TEST_STEP][PASSED] - Company = keyPathPackage.customKeywords.selectRandomCompany(): keyPathPackage.customKeywords.selectRandomCompany is PASSED

30-08-2024T12:26:47 - [MESSAGE][PASSED] - keyPathPackage.customKeywords.selectRandomCompany is PASSED

30-08-2024T12:26:47 - [TEST_STEP][PASSED] - setText(findTestObject("Object Repository/APAC_University/MBS_University/Short_Courses/Field_Company"), Company): Text 'Cassin, Anderson and Marquardt' is set on object 'Object Repository/APAC_University/MBS_University/Short_Courses/Field_Company'

30-08-2024T12:26:48 - [MESSAGE][PASSED] - Text 'Cassin, Anderson and Marquardt' is set on object 'Object Repository/APAC_University/MBS_University/Short_Courses/Field_Company'

30-08-2024T12:26:48 - [TEST_STEP][PASSED] - Role = keyPathPackage.customKeywords.selectRandomRole(): keyPathPackage.customKeywords.selectRandomRole is PASSED

30-08-2024T12:26:48 - [MESSAGE][PASSED] - keyPathPackage.customKeywords.selectRandomRole is PASSED

30-08-2024T12:26:48 - [TEST_STEP][PASSED] - setText(findTestObject("Object Repository/APAC_University/MBS_University/Short_Courses/Field_Role"), Role): Text 'engineer' is set on object 'Object Repository/APAC_University/MBS_University/Short_Courses/Field_Role'

30-08-2024T12:26:48 - [MESSAGE][PASSED] - Text 'engineer' is set on object 'Object Repository/APAC_University/MBS_University/Short_Courses/Field_Role'

30-08-2024T12:26:48 - [TEST_STEP][PASSED] - click(findTestObject("Object Repository/APAC_University/MBS_University/Short_Courses/Button_Download")): Object: 'Object Repository/APAC_University/MBS_University/Short_Courses/Button_Download' is clicked on

30-08-2024T12:26:54 - [MESSAGE][PASSED] - Object: 'Object Repository/APAC_University/MBS_University/Short_Courses/Button_Download' is clicked on

30-08-2024T12:26:54 - [TEST_STEP][PASSED] - delay(5): Delayed 5 second(s)

30-08-2024T12:26:59 - [MESSAGE][PASSED] - Delayed 5 second(s)

30-08-2024T12:26:59 - [TEST_STEP][PASSED] - verifyElementText(findTestObject("Object Repository/APAC_University/MBS_University/Verify_Message"), "Thanks for your request"): Actual text and expected text of test object 'Object Repository/APAC_University/MBS_University/Verify_Message' are matched.

30-08-2024T12:26:59 - [MESSAGE][PASSED] - Actual text and expected text of test object 'Object Repository/APAC_University/MBS_University/Verify_Message' are matched.]]></system-out>
         <system-err><![CDATA[]]></system-err>
      </testcase>
      <testcase name="Test Cases/APAC_Universities/SEO_PAGES/MBS_University/Enrol_Now" time="72.617" classname="Test Cases/APAC_Universities/SEO_PAGES/MBS_University/Enrol_Now" status="PASSED">
         <system-out><![CDATA[30-08-2024T12:26:59 - [TEST_CASE][PASSED] - Test Cases/APAC_Universities/SEO_PAGES/MBS_University/Enrol_Now: Test Cases/APAC_Universities/SEO_PAGES/MBS_University/Enrol_Now

30-08-2024T12:26:59 - [TEST_STEP][PASSED] - buttonObject = findTestObject("Object Repository/APAC_University/MBS_University/Short_Courses/List_ShortCourses"): null

30-08-2024T12:26:59 - [TEST_STEP][PASSED] - mouseOver(buttonObject): Object: 'Object Repository/APAC_University/MBS_University/Short_Courses/List_ShortCourses' is hovered

30-08-2024T12:26:59 - [MESSAGE][PASSED] - Object: 'Object Repository/APAC_University/MBS_University/Short_Courses/List_ShortCourses' is hovered

30-08-2024T12:26:59 - [TEST_STEP][PASSED] - list1 = findTestObject("Object Repository/APAC_University/MBS_University/Short_Courses/Shortcourse_Listone"): null

30-08-2024T12:26:59 - [TEST_STEP][PASSED] - list2 = findTestObject("Object Repository/APAC_University/MBS_University/Short_Courses/Shortcourse_Listtwo"): null

30-08-2024T12:26:59 - [TEST_STEP][PASSED] - list3 = findTestObject("Object Repository/APAC_University/MBS_University/Short_Courses/Shortcourse_Listthree"): null

30-08-2024T12:26:59 - [TEST_STEP][PASSED] - lists = [list1, list2, list3]: null

30-08-2024T12:26:59 - [TEST_STEP][PASSED] - rand = new java.util.Random(): null

30-08-2024T12:26:59 - [TEST_STEP][PASSED] - randomListIndex = rand.nextInt(lists.size()): null

30-08-2024T12:26:59 - [TEST_STEP][PASSED] - selectedList = lists.get(randomListIndex): null

30-08-2024T12:26:59 - [TEST_STEP][PASSED] - waitForElementVisible(selectedList, 10): Object 'Object Repository/APAC_University/MBS_University/Short_Courses/Shortcourse_Listtwo' is visible

30-08-2024T12:27:00 - [MESSAGE][PASSED] - Object 'Object Repository/APAC_University/MBS_University/Short_Courses/Shortcourse_Listtwo' is visible

30-08-2024T12:27:00 - [TEST_STEP][PASSED] - listItems = findWebElements(selectedList, 30): Found web elements by test object Object Repository/APAC_University/MBS_University/Short_Courses/Shortcourse_Listtwo

30-08-2024T12:27:00 - [MESSAGE][PASSED] - Found web elements by test object Object Repository/APAC_University/MBS_University/Short_Courses/Shortcourse_Listtwo

30-08-2024T12:27:00 - [TEST_STEP][PASSED] - if (listItems.size() > 0): null

30-08-2024T12:27:00 - [TEST_STEP][PASSED] - randomItemIndex = rand.nextInt(listItems.size()): null

30-08-2024T12:27:00 - [TEST_STEP][PASSED] - randomItem = listItems.get(randomItemIndex): null

30-08-2024T12:27:00 - [TEST_STEP][PASSED] - randomItem.click(): null

30-08-2024T12:27:02 - [TEST_STEP][PASSED] - waitForElementClickable(findTestObject("Object Repository/APAC_University/MBS_University/Enrol_Now/Button_Enrol_Now"), 20): Object 'Object Repository/APAC_University/MBS_University/Enrol_Now/Button_Enrol_Now' is clickable

30-08-2024T12:27:04 - [MESSAGE][PASSED] - Object 'Object Repository/APAC_University/MBS_University/Enrol_Now/Button_Enrol_Now' is clickable

30-08-2024T12:27:04 - [TEST_STEP][PASSED] - click(findTestObject("Object Repository/APAC_University/MBS_University/Enrol_Now/Button_Enrol_Now")): Object: 'Object Repository/APAC_University/MBS_University/Enrol_Now/Button_Enrol_Now' is clicked on

30-08-2024T12:27:25 - [MESSAGE][PASSED] - Object: 'Object Repository/APAC_University/MBS_University/Enrol_Now/Button_Enrol_Now' is clicked on

30-08-2024T12:27:25 - [TEST_STEP][PASSED] - setText(findTestObject("Object Repository/APAC_University/MBS_University/Enrol_Now/Field_Firstname"), "Testkeypath"): Text 'Testkeypath' is set on object 'Object Repository/APAC_University/MBS_University/Enrol_Now/Field_Firstname'

30-08-2024T12:27:27 - [MESSAGE][PASSED] - Text 'Testkeypath' is set on object 'Object Repository/APAC_University/MBS_University/Enrol_Now/Field_Firstname'

30-08-2024T12:27:27 - [TEST_STEP][PASSED] - setText(findTestObject("Object Repository/APAC_University/MBS_University/Enrol_Now/Field_Secondname"), "Dummy"): Text 'Dummy' is set on object 'Object Repository/APAC_University/MBS_University/Enrol_Now/Field_Secondname'

30-08-2024T12:27:28 - [MESSAGE][PASSED] - Text 'Dummy' is set on object 'Object Repository/APAC_University/MBS_University/Enrol_Now/Field_Secondname'

30-08-2024T12:27:28 - [TEST_STEP][PASSED] - Email = keyPathPackage.customKeywords.generateRandomEmail(): keyPathPackage.customKeywords.generateRandomEmail is PASSED

30-08-2024T12:27:28 - [MESSAGE][PASSED] - keyPathPackage.customKeywords.generateRandomEmail is PASSED

30-08-2024T12:27:28 - [TEST_STEP][PASSED] - setText(findTestObject("Object Repository/APAC_University/MBS_University/Enrol_Now/Field_Email"), Email): Text 'mckinley.macejkovic@gmail.com' is set on object 'Object Repository/APAC_University/MBS_University/Enrol_Now/Field_Email'

30-08-2024T12:27:28 - [MESSAGE][PASSED] - Text 'mckinley.macejkovic@gmail.com' is set on object 'Object Repository/APAC_University/MBS_University/Enrol_Now/Field_Email'

30-08-2024T12:27:28 - [TEST_STEP][PASSED] - setText(findTestObject("Object Repository/APAC_University/MBS_University/Enrol_Now/Field_ConfirmEmail"), Email): Text 'mckinley.macejkovic@gmail.com' is set on object 'Object Repository/APAC_University/MBS_University/Enrol_Now/Field_ConfirmEmail'

30-08-2024T12:27:29 - [MESSAGE][PASSED] - Text 'mckinley.macejkovic@gmail.com' is set on object 'Object Repository/APAC_University/MBS_University/Enrol_Now/Field_ConfirmEmail'

30-08-2024T12:27:29 - [TEST_STEP][PASSED] - Phonenumber = keyPathPackage.customKeywords.generateRandomAustralianPhoneNumber(): keyPathPackage.customKeywords.generateRandomAustralianPhoneNumber is PASSED

30-08-2024T12:27:29 - [MESSAGE][PASSED] - keyPathPackage.customKeywords.generateRandomAustralianPhoneNumber is PASSED

30-08-2024T12:27:29 - [TEST_STEP][PASSED] - setText(findTestObject("Object Repository/APAC_University/MBS_University/Enrol_Now/Field_Phonenumber"), Phonenumber): Text '0419989705' is set on object 'Object Repository/APAC_University/MBS_University/Enrol_Now/Field_Phonenumber'

30-08-2024T12:27:29 - [MESSAGE][PASSED] - Text '0419989705' is set on object 'Object Repository/APAC_University/MBS_University/Enrol_Now/Field_Phonenumber'

30-08-2024T12:27:29 - [TEST_STEP][PASSED] - check(findTestObject("Object Repository/APAC_University/MBS_University/Enrol_Now/Check_Box")): Object 'Object Repository/APAC_University/MBS_University/Enrol_Now/Check_Box' is checked

30-08-2024T12:27:30 - [MESSAGE][PASSED] - Object 'Object Repository/APAC_University/MBS_University/Enrol_Now/Check_Box' is checked

30-08-2024T12:27:30 - [TEST_STEP][PASSED] - verifyElementChecked(findTestObject("Object Repository/APAC_University/MBS_University/Enrol_Now/Check_Box"), 30): Object 'Object Repository/APAC_University/MBS_University/Enrol_Now/Check_Box' is checked

30-08-2024T12:27:30 - [MESSAGE][PASSED] - Object 'Object Repository/APAC_University/MBS_University/Enrol_Now/Check_Box' is checked

30-08-2024T12:27:30 - [TEST_STEP][PASSED] - waitForElementClickable(findTestObject("Object Repository/APAC_University/MBS_University/Enrol_Now/Button_Payment"), 20): Object 'Object Repository/APAC_University/MBS_University/Enrol_Now/Button_Payment' is clickable

30-08-2024T12:27:30 - [MESSAGE][PASSED] - Object 'Object Repository/APAC_University/MBS_University/Enrol_Now/Button_Payment' is clickable

30-08-2024T12:27:30 - [TEST_STEP][PASSED] - click(findTestObject("Object Repository/APAC_University/MBS_University/Enrol_Now/Button_Payment")): Object: 'Object Repository/APAC_University/MBS_University/Enrol_Now/Button_Payment' is clicked on

30-08-2024T12:27:46 - [MESSAGE][PASSED] - Object: 'Object Repository/APAC_University/MBS_University/Enrol_Now/Button_Payment' is clicked on

30-08-2024T12:27:46 - [TEST_STEP][PASSED] - waitForElementPresent(findTestObject("Object Repository/APAC_University/MBS_University/Enrol_Now/Iframe_Cardnumber"), 10): Object 'Object Repository/APAC_University/MBS_University/Enrol_Now/Iframe_Cardnumber' is present

30-08-2024T12:27:47 - [MESSAGE][PASSED] - Object 'Object Repository/APAC_University/MBS_University/Enrol_Now/Iframe_Cardnumber' is present

30-08-2024T12:27:47 - [TEST_STEP][PASSED] - switchToFrame(findTestObject("Object Repository/APAC_University/MBS_University/Enrol_Now/Iframe_Cardnumber"), 10): null

30-08-2024T12:27:47 - [TEST_STEP][PASSED] - setText(findTestObject("Object Repository/APAC_University/MBS_University/Enrol_Now/Field_Cardnumber"), "4111 1111 1111 1111"): Text '4111 1111 1111 1111' is set on object 'Object Repository/APAC_University/MBS_University/Enrol_Now/Field_Cardnumber'

30-08-2024T12:27:47 - [MESSAGE][PASSED] - Text '4111 1111 1111 1111' is set on object 'Object Repository/APAC_University/MBS_University/Enrol_Now/Field_Cardnumber'

30-08-2024T12:27:47 - [TEST_STEP][PASSED] - switchToDefaultContent(): null

30-08-2024T12:27:47 - [TEST_STEP][PASSED] - waitForElementPresent(findTestObject("Object Repository/APAC_University/MBS_University/Enrol_Now/Iframe_Expirydate"), 10): Object 'Object Repository/APAC_University/MBS_University/Enrol_Now/Iframe_Expirydate' is present

30-08-2024T12:27:48 - [MESSAGE][PASSED] - Object 'Object Repository/APAC_University/MBS_University/Enrol_Now/Iframe_Expirydate' is present

30-08-2024T12:27:48 - [TEST_STEP][PASSED] - switchToFrame(findTestObject("Object Repository/APAC_University/MBS_University/Enrol_Now/Iframe_Expirydate"), 10): null

30-08-2024T12:27:48 - [TEST_STEP][PASSED] - Expirydate = keyPathPackage.customKeywords.generateExpiryDate(): keyPathPackage.customKeywords.generateExpiryDate is PASSED

30-08-2024T12:27:48 - [MESSAGE][PASSED] - keyPathPackage.customKeywords.generateExpiryDate is PASSED

30-08-2024T12:27:48 - [TEST_STEP][PASSED] - setText(findTestObject("Object Repository/APAC_University/MBS_University/Enrol_Now/Field_ExpiryDate"), Expirydate): Text '11/26' is set on object 'Object Repository/APAC_University/MBS_University/Enrol_Now/Field_ExpiryDate'

30-08-2024T12:27:48 - [MESSAGE][PASSED] - Text '11/26' is set on object 'Object Repository/APAC_University/MBS_University/Enrol_Now/Field_ExpiryDate'

30-08-2024T12:27:48 - [TEST_STEP][PASSED] - switchToDefaultContent(): null

30-08-2024T12:27:48 - [TEST_STEP][PASSED] - waitForElementPresent(findTestObject("Object Repository/APAC_University/MBS_University/Enrol_Now/Iframe_CVC"), 10): Object 'Object Repository/APAC_University/MBS_University/Enrol_Now/Iframe_CVC' is present

30-08-2024T12:27:48 - [MESSAGE][PASSED] - Object 'Object Repository/APAC_University/MBS_University/Enrol_Now/Iframe_CVC' is present

30-08-2024T12:27:48 - [TEST_STEP][PASSED] - switchToFrame(findTestObject("Object Repository/APAC_University/MBS_University/Enrol_Now/Iframe_CVC"), 10): null

30-08-2024T12:27:49 - [TEST_STEP][PASSED] - CVC = keyPathPackage.customKeywords.generateExpiryDate(): keyPathPackage.customKeywords.generateExpiryDate is PASSED

30-08-2024T12:27:49 - [MESSAGE][PASSED] - keyPathPackage.customKeywords.generateExpiryDate is PASSED

30-08-2024T12:27:49 - [TEST_STEP][PASSED] - setText(findTestObject("Object Repository/APAC_University/MBS_University/Enrol_Now/Field_CVC"), CVC): Text '02/25' is set on object 'Object Repository/APAC_University/MBS_University/Enrol_Now/Field_CVC'

30-08-2024T12:27:49 - [MESSAGE][PASSED] - Text '02/25' is set on object 'Object Repository/APAC_University/MBS_University/Enrol_Now/Field_CVC'

30-08-2024T12:27:49 - [TEST_STEP][PASSED] - switchToDefaultContent(): null

30-08-2024T12:27:49 - [TEST_STEP][PASSED] - check(findTestObject("Object Repository/APAC_University/MBS_University/Enrol_Now/Button_Radio")): Object 'Object Repository/APAC_University/MBS_University/Enrol_Now/Button_Radio' is checked

30-08-2024T12:27:49 - [MESSAGE][PASSED] - Object 'Object Repository/APAC_University/MBS_University/Enrol_Now/Button_Radio' is checked

30-08-2024T12:27:49 - [TEST_STEP][PASSED] - verifyElementChecked(findTestObject("Object Repository/APAC_University/MBS_University/Enrol_Now/Button_Radio"), 30): Object 'Object Repository/APAC_University/MBS_University/Enrol_Now/Button_Radio' is checked

30-08-2024T12:27:49 - [MESSAGE][PASSED] - Object 'Object Repository/APAC_University/MBS_University/Enrol_Now/Button_Radio' is checked

30-08-2024T12:27:49 - [TEST_STEP][PASSED] - Company = keyPathPackage.customKeywords.selectRandomCompany(): keyPathPackage.customKeywords.selectRandomCompany is PASSED

30-08-2024T12:27:49 - [MESSAGE][PASSED] - keyPathPackage.customKeywords.selectRandomCompany is PASSED

30-08-2024T12:27:49 - [TEST_STEP][PASSED] - setText(findTestObject("Object Repository/APAC_University/MBS_University/Enrol_Now/Field_Company"), Company): Text 'Marks and Sons' is set on object 'Object Repository/APAC_University/MBS_University/Enrol_Now/Field_Company'

30-08-2024T12:27:50 - [MESSAGE][PASSED] - Text 'Marks and Sons' is set on object 'Object Repository/APAC_University/MBS_University/Enrol_Now/Field_Company'

30-08-2024T12:27:50 - [TEST_STEP][PASSED] - setText(findTestObject("Object Repository/APAC_University/MBS_University/Enrol_Now/Field_GIvenFIrstName"), "Onlyfortest"): Text 'Onlyfortest' is set on object 'Object Repository/APAC_University/MBS_University/Enrol_Now/Field_GIvenFIrstName'

30-08-2024T12:27:50 - [MESSAGE][PASSED] - Text 'Onlyfortest' is set on object 'Object Repository/APAC_University/MBS_University/Enrol_Now/Field_GIvenFIrstName'

30-08-2024T12:27:50 - [TEST_STEP][PASSED] - setText(findTestObject("Object Repository/APAC_University/MBS_University/Enrol_Now/Field_GivenLastName"), "onlyfortest"): Text 'onlyfortest' is set on object 'Object Repository/APAC_University/MBS_University/Enrol_Now/Field_GivenLastName'

30-08-2024T12:27:51 - [MESSAGE][PASSED] - Text 'onlyfortest' is set on object 'Object Repository/APAC_University/MBS_University/Enrol_Now/Field_GivenLastName'

30-08-2024T12:27:51 - [TEST_STEP][PASSED] - StreetAddress = keyPathPackage.customKeywords.generateRandomAddressLine1(): keyPathPackage.customKeywords.generateRandomAddressLine1 is PASSED

30-08-2024T12:27:51 - [MESSAGE][PASSED] - keyPathPackage.customKeywords.generateRandomAddressLine1 is PASSED

30-08-2024T12:27:51 - [TEST_STEP][PASSED] - setText(findTestObject("Object Repository/APAC_University/MBS_University/Enrol_Now/Field_Address"), StreetAddress): Text '105 Kihn Loop' is set on object 'Object Repository/APAC_University/MBS_University/Enrol_Now/Field_Address'

30-08-2024T12:27:52 - [MESSAGE][PASSED] - Text '105 Kihn Loop' is set on object 'Object Repository/APAC_University/MBS_University/Enrol_Now/Field_Address'

30-08-2024T12:27:52 - [TEST_STEP][PASSED] - Suburb = keyPathPackage.customKeywords.generateRandomSuburb(): keyPathPackage.customKeywords.generateRandomSuburb is PASSED

30-08-2024T12:27:52 - [MESSAGE][PASSED] - keyPathPackage.customKeywords.generateRandomSuburb is PASSED

30-08-2024T12:27:52 - [TEST_STEP][PASSED] - setText(findTestObject("Object Repository/APAC_University/MBS_University/Enrol_Now/Field_Suburb"), Suburb): Text 'Bendigo' is set on object 'Object Repository/APAC_University/MBS_University/Enrol_Now/Field_Suburb'

30-08-2024T12:27:52 - [MESSAGE][PASSED] - Text 'Bendigo' is set on object 'Object Repository/APAC_University/MBS_University/Enrol_Now/Field_Suburb'

30-08-2024T12:27:52 - [TEST_STEP][PASSED] - State = findTestObject("Object Repository/APAC_University/MBS_University/Enrol_Now/Dropdown_State"): null

30-08-2024T12:27:52 - [TEST_STEP][PASSED] - selectOptionByIndex(State, keyPathPackage.customKeywords.selectRandomOptionFromDropdown()): All options with index in [1] are selected on object 'Object Repository/APAC_University/MBS_University/Enrol_Now/Dropdown_State'

30-08-2024T12:27:52 - [MESSAGE][PASSED] - keyPathPackage.customKeywords.selectRandomOptionFromDropdown is PASSED

30-08-2024T12:27:53 - [MESSAGE][PASSED] - All options with index in [1] are selected on object 'Object Repository/APAC_University/MBS_University/Enrol_Now/Dropdown_State'

30-08-2024T12:27:53 - [TEST_STEP][PASSED] - Postcode = keyPathPackage.customKeywords.selectRandomPostCode(): keyPathPackage.customKeywords.selectRandomPostCode is PASSED

30-08-2024T12:27:53 - [MESSAGE][PASSED] - keyPathPackage.customKeywords.selectRandomPostCode is PASSED

30-08-2024T12:27:53 - [TEST_STEP][PASSED] - setText(findTestObject("Object Repository/APAC_University/MBS_University/Enrol_Now/Field_Postcode"), Postcode): Text '6968' is set on object 'Object Repository/APAC_University/MBS_University/Enrol_Now/Field_Postcode'

30-08-2024T12:27:53 - [MESSAGE][PASSED] - Text '6968' is set on object 'Object Repository/APAC_University/MBS_University/Enrol_Now/Field_Postcode'

30-08-2024T12:27:53 - [TEST_STEP][PASSED] - waitForElementClickable(findTestObject("Object Repository/APAC_University/MBS_University/Enrol_Now/Button_Review_Purchase"), 10): Object 'Object Repository/APAC_University/MBS_University/Enrol_Now/Button_Review_Purchase' is clickable

30-08-2024T12:27:54 - [MESSAGE][PASSED] - Object 'Object Repository/APAC_University/MBS_University/Enrol_Now/Button_Review_Purchase' is clickable

30-08-2024T12:27:54 - [TEST_STEP][PASSED] - click(findTestObject("Object Repository/APAC_University/MBS_University/Enrol_Now/Button_Review_Purchase")): Object: 'Object Repository/APAC_University/MBS_University/Enrol_Now/Button_Review_Purchase' is clicked on

30-08-2024T12:27:54 - [MESSAGE][PASSED] - Object: 'Object Repository/APAC_University/MBS_University/Enrol_Now/Button_Review_Purchase' is clicked on

30-08-2024T12:27:54 - [TEST_STEP][PASSED] - waitForElementClickable(findTestObject("Object Repository/APAC_University/MBS_University/Enrol_Now/Button_Complete_Purchase"), 10): Object 'Object Repository/APAC_University/MBS_University/Enrol_Now/Button_Complete_Purchase' is clickable

30-08-2024T12:27:57 - [MESSAGE][PASSED] - Object 'Object Repository/APAC_University/MBS_University/Enrol_Now/Button_Complete_Purchase' is clickable

30-08-2024T12:27:57 - [TEST_STEP][PASSED] - click(findTestObject("Object Repository/APAC_University/MBS_University/Enrol_Now/Button_Complete_Purchase")): Object: 'Object Repository/APAC_University/MBS_University/Enrol_Now/Button_Complete_Purchase' is clicked on

30-08-2024T12:28:05 - [MESSAGE][PASSED] - Object: 'Object Repository/APAC_University/MBS_University/Enrol_Now/Button_Complete_Purchase' is clicked on

30-08-2024T12:28:05 - [TEST_STEP][PASSED] - delay(3): Delayed 3 second(s)

30-08-2024T12:28:08 - [MESSAGE][PASSED] - Delayed 3 second(s)

30-08-2024T12:28:08 - [TEST_STEP][PASSED] - verifyElementText(findTestObject("Object Repository/APAC_University/MBS_University/Enrol_Now/Verify_Order"), "Thank you for your order"): Actual text and expected text of test object 'Object Repository/APAC_University/MBS_University/Enrol_Now/Verify_Order' are matched.

30-08-2024T12:28:12 - [MESSAGE][PASSED] - Actual text and expected text of test object 'Object Repository/APAC_University/MBS_University/Enrol_Now/Verify_Order' are matched.

30-08-2024T12:28:12 - [TEST_STEP][PASSED] - closeBrowser(): Browser is closed

30-08-2024T12:28:12 - [MESSAGE][PASSED] - Browser is closed]]></system-out>
         <system-err><![CDATA[]]></system-err>
      </testcase>
      <testcase name="Test Cases/APAC_Universities/SEO_PAGES/James_Cook_University/Enquiry_Now" time="42.64" classname="Test Cases/APAC_Universities/SEO_PAGES/James_Cook_University/Enquiry_Now" status="PASSED">
         <system-out><![CDATA[30-08-2024T12:28:12 - [TEST_CASE][PASSED] - Test Cases/APAC_Universities/SEO_PAGES/James_Cook_University/Enquiry_Now: Test Cases/APAC_Universities/SEO_PAGES/James_Cook_University/Enquiry_Now

30-08-2024T12:28:12 - [TEST_STEP][PASSED] - callTestCase(findTestCase("Test Cases/APAC_Universities/SEO_PAGES/James_Cook_University/Reusable_Testcases/Navigate_URL"), [:], STOP_ON_FAILURE): Call Test Case 'Test Cases/APAC_Universities/SEO_PAGES/James_Cook_University/Reusable_Testcases/Navigate_URL' successfully

30-08-2024T12:28:12 - [TEST_CASE][PASSED] - Test Cases/APAC_Universities/SEO_PAGES/James_Cook_University/Reusable_Testcases/Navigate_URL: Test Cases/APAC_Universities/SEO_PAGES/James_Cook_University/Reusable_Testcases/Navigate_URL

30-08-2024T12:28:12 - [TEST_STEP][PASSED] - openBrowser(""): Browser is opened with url: ''

30-08-2024T12:28:12 - [MESSAGE][INFO] - Starting 'Chrome' driver

30-08-2024T12:28:12 - [MESSAGE][INFO] - Action delay is set to 0 milliseconds

30-08-2024T12:28:12 - [MESSAGE][PASSED] - Browser is opened with url: ''

30-08-2024T12:28:12 - [TEST_STEP][PASSED] - navigateToUrl(University_JCU): Navigate to 'https://key:path@dev-jcu-opm.pantheonsite.io/' successfully

30-08-2024T12:28:30 - [MESSAGE][PASSED] - Navigate to 'https://key:path@dev-jcu-opm.pantheonsite.io/' successfully

30-08-2024T12:28:30 - [TEST_STEP][PASSED] - maximizeWindow(): Current window maximized

30-08-2024T12:28:30 - [MESSAGE][PASSED] - Current window maximized

30-08-2024T12:28:30 - [MESSAGE][PASSED] - Call Test Case 'Test Cases/APAC_Universities/SEO_PAGES/James_Cook_University/Reusable_Testcases/Navigate_URL' successfully

30-08-2024T12:28:30 - [TEST_STEP][PASSED] - waitForElementClickable(findTestObject("Object Repository/APAC_University/James_Cook_University/Button_Enquiry_Now"), 10): Object 'Object Repository/APAC_University/James_Cook_University/Button_Enquiry_Now' is clickable

30-08-2024T12:28:31 - [MESSAGE][PASSED] - Object 'Object Repository/APAC_University/James_Cook_University/Button_Enquiry_Now' is clickable

30-08-2024T12:28:31 - [TEST_STEP][PASSED] - click(findTestObject("Object Repository/APAC_University/James_Cook_University/Button_Enquiry_Now")): Object: 'Object Repository/APAC_University/James_Cook_University/Button_Enquiry_Now' is clicked on

30-08-2024T12:28:31 - [MESSAGE][PASSED] - Object: 'Object Repository/APAC_University/James_Cook_University/Button_Enquiry_Now' is clicked on

30-08-2024T12:28:31 - [TEST_STEP][PASSED] - callTestCase(findTestCase("Test Cases/APAC_Universities/SEO_PAGES/James_Cook_University/Reusable_Testcases/Lead_Form"), [:], STOP_ON_FAILURE): Call Test Case 'Test Cases/APAC_Universities/SEO_PAGES/James_Cook_University/Reusable_Testcases/Lead_Form' successfully

30-08-2024T12:28:31 - [TEST_CASE][PASSED] - Test Cases/APAC_Universities/SEO_PAGES/James_Cook_University/Reusable_Testcases/Lead_Form: Test Cases/APAC_Universities/SEO_PAGES/James_Cook_University/Reusable_Testcases/Lead_Form

30-08-2024T12:28:31 - [TEST_STEP][PASSED] - program = findTestObject("Object Repository/APAC_University/James_Cook_University/Dropdown_Program"): null

30-08-2024T12:28:31 - [TEST_STEP][PASSED] - selectOptionByIndex(program, keyPathPackage.customKeywords.selectRandomOptionFromDropdown()): All options with index in [1] are selected on object 'Object Repository/APAC_University/James_Cook_University/Dropdown_Program'

30-08-2024T12:28:31 - [MESSAGE][PASSED] - keyPathPackage.customKeywords.selectRandomOptionFromDropdown is PASSED

30-08-2024T12:28:35 - [MESSAGE][PASSED] - All options with index in [1] are selected on object 'Object Repository/APAC_University/James_Cook_University/Dropdown_Program'

30-08-2024T12:28:35 - [TEST_STEP][PASSED] - FirstName = keyPathPackage.customKeywords.generateRandomFirstName(): keyPathPackage.customKeywords.generateRandomFirstName is PASSED

30-08-2024T12:28:35 - [MESSAGE][PASSED] - keyPathPackage.customKeywords.generateRandomFirstName is PASSED

30-08-2024T12:28:35 - [TEST_STEP][PASSED] - setText(findTestObject("Object Repository/APAC_University/James_Cook_University/Field_Firstname"), FirstName): Text 'Jesse' is set on object 'Object Repository/APAC_University/James_Cook_University/Field_Firstname'

30-08-2024T12:28:35 - [MESSAGE][PASSED] - Text 'Jesse' is set on object 'Object Repository/APAC_University/James_Cook_University/Field_Firstname'

30-08-2024T12:28:35 - [TEST_STEP][PASSED] - LastName = keyPathPackage.customKeywords.generateRandomLastName(): keyPathPackage.customKeywords.generateRandomLastName is PASSED

30-08-2024T12:28:35 - [MESSAGE][PASSED] - keyPathPackage.customKeywords.generateRandomLastName is PASSED

30-08-2024T12:28:35 - [TEST_STEP][PASSED] - setText(findTestObject("Object Repository/APAC_University/James_Cook_University/Field_Lastname"), LastName): Text 'Testing Waters' is set on object 'Object Repository/APAC_University/James_Cook_University/Field_Lastname'

30-08-2024T12:28:36 - [MESSAGE][PASSED] - Text 'Testing Waters' is set on object 'Object Repository/APAC_University/James_Cook_University/Field_Lastname'

30-08-2024T12:28:36 - [TEST_STEP][PASSED] - waitForElementClickable(findTestObject("Object Repository/APAC_University/James_Cook_University/Button_Nextstep2"), 10): Object 'Object Repository/APAC_University/James_Cook_University/Button_Nextstep2' is clickable

30-08-2024T12:28:36 - [MESSAGE][PASSED] - Object 'Object Repository/APAC_University/James_Cook_University/Button_Nextstep2' is clickable

30-08-2024T12:28:36 - [TEST_STEP][PASSED] - click(findTestObject("Object Repository/APAC_University/James_Cook_University/Button_Nextstep2")): Object: 'Object Repository/APAC_University/James_Cook_University/Button_Nextstep2' is clicked on

30-08-2024T12:28:36 - [MESSAGE][PASSED] - Object: 'Object Repository/APAC_University/James_Cook_University/Button_Nextstep2' is clicked on

30-08-2024T12:28:36 - [TEST_STEP][PASSED] - startdate = findTestObject("Object Repository/APAC_University/James_Cook_University/Dropdown_Startdate"): null

30-08-2024T12:28:36 - [TEST_STEP][PASSED] - selectOptionByIndex(startdate, keyPathPackage.customKeywords.selectRandomOptionFromDropdown()): All options with index in [1] are selected on object 'Object Repository/APAC_University/James_Cook_University/Dropdown_Startdate'

30-08-2024T12:28:36 - [MESSAGE][PASSED] - keyPathPackage.customKeywords.selectRandomOptionFromDropdown is PASSED

30-08-2024T12:28:37 - [MESSAGE][PASSED] - All options with index in [1] are selected on object 'Object Repository/APAC_University/James_Cook_University/Dropdown_Startdate'

30-08-2024T12:28:37 - [TEST_STEP][PASSED] - selectOptionByValue(findTestObject("Object Repository/APAC_University/James_Cook_University/Dropdown_Highereducation"), Education_Level, false): All options with value 'Postgraduate diploma' are selected in object 'Object Repository/APAC_University/James_Cook_University/Dropdown_Highereducation' 

30-08-2024T12:28:38 - [MESSAGE][PASSED] - All options with value 'Postgraduate diploma' are selected in object 'Object Repository/APAC_University/James_Cook_University/Dropdown_Highereducation' 

30-08-2024T12:28:38 - [TEST_STEP][PASSED] - Workexperience = findTestObject("Object Repository/APAC_University/James_Cook_University/Dropdown_Workexperience"): null

30-08-2024T12:28:38 - [TEST_STEP][PASSED] - selectOptionByIndex(Workexperience, keyPathPackage.customKeywords.selectRandomOptionFromDropdown()): All options with index in [2] are selected on object 'Object Repository/APAC_University/James_Cook_University/Dropdown_Workexperience'

30-08-2024T12:28:38 - [MESSAGE][PASSED] - keyPathPackage.customKeywords.selectRandomOptionFromDropdown is PASSED

30-08-2024T12:28:39 - [MESSAGE][PASSED] - All options with index in [2] are selected on object 'Object Repository/APAC_University/James_Cook_University/Dropdown_Workexperience'

30-08-2024T12:28:39 - [TEST_STEP][PASSED] - Enquiryreason = findTestObject("Object Repository/APAC_University/James_Cook_University/Dropdown_Enquiry"): null

30-08-2024T12:28:39 - [TEST_STEP][PASSED] - selectOptionByIndex(Enquiryreason, keyPathPackage.customKeywords.selectRandomOptionFromDropdown()): All options with index in [2] are selected on object 'Object Repository/APAC_University/James_Cook_University/Dropdown_Enquiry'

30-08-2024T12:28:39 - [MESSAGE][PASSED] - keyPathPackage.customKeywords.selectRandomOptionFromDropdown is PASSED

30-08-2024T12:28:39 - [MESSAGE][PASSED] - All options with index in [2] are selected on object 'Object Repository/APAC_University/James_Cook_University/Dropdown_Enquiry'

30-08-2024T12:28:39 - [TEST_STEP][PASSED] - waitForElementClickable(findTestObject("Object Repository/APAC_University/James_Cook_University/Button_Nextstep3"), 10): Object 'Object Repository/APAC_University/James_Cook_University/Button_Nextstep3' is clickable

30-08-2024T12:28:39 - [MESSAGE][PASSED] - Object 'Object Repository/APAC_University/James_Cook_University/Button_Nextstep3' is clickable

30-08-2024T12:28:39 - [TEST_STEP][PASSED] - click(findTestObject("Object Repository/APAC_University/James_Cook_University/Button_Nextstep3")): Object: 'Object Repository/APAC_University/James_Cook_University/Button_Nextstep3' is clicked on

30-08-2024T12:28:40 - [MESSAGE][PASSED] - Object: 'Object Repository/APAC_University/James_Cook_University/Button_Nextstep3' is clicked on

30-08-2024T12:28:40 - [TEST_STEP][PASSED] - Email = keyPathPackage.customKeywords.generateRandomEmail(): keyPathPackage.customKeywords.generateRandomEmail is PASSED

30-08-2024T12:28:40 - [MESSAGE][PASSED] - keyPathPackage.customKeywords.generateRandomEmail is PASSED

30-08-2024T12:28:40 - [TEST_STEP][PASSED] - setText(findTestObject("Object Repository/APAC_University/James_Cook_University/Field_Email"), Email): Text 'kathe.brakus@hotmail.com' is set on object 'Object Repository/APAC_University/James_Cook_University/Field_Email'

30-08-2024T12:28:40 - [MESSAGE][PASSED] - Text 'kathe.brakus@hotmail.com' is set on object 'Object Repository/APAC_University/James_Cook_University/Field_Email'

30-08-2024T12:28:40 - [TEST_STEP][PASSED] - Phonenumber = keyPathPackage.customKeywords.generateRandomAustralianPhoneNumber(): keyPathPackage.customKeywords.generateRandomAustralianPhoneNumber is PASSED

30-08-2024T12:28:40 - [MESSAGE][PASSED] - keyPathPackage.customKeywords.generateRandomAustralianPhoneNumber is PASSED

30-08-2024T12:28:40 - [TEST_STEP][PASSED] - setText(findTestObject("Object Repository/APAC_University/James_Cook_University/Field_Phonenumber"), Phonenumber): Text '0467461489' is set on object 'Object Repository/APAC_University/James_Cook_University/Field_Phonenumber'

30-08-2024T12:28:41 - [MESSAGE][PASSED] - Text '0467461489' is set on object 'Object Repository/APAC_University/James_Cook_University/Field_Phonenumber'

30-08-2024T12:28:41 - [TEST_STEP][PASSED] - selectOptionByValue(findTestObject("Object Repository/APAC_University/James_Cook_University/Dropdown_Country"), "AU", true): All options with value 'AU' are selected in object 'Object Repository/APAC_University/James_Cook_University/Dropdown_Country'  using regular expression

30-08-2024T12:28:43 - [MESSAGE][PASSED] - All options with value 'AU' are selected in object 'Object Repository/APAC_University/James_Cook_University/Dropdown_Country'  using regular expression

30-08-2024T12:28:43 - [TEST_STEP][PASSED] - delay(3): Delayed 3 second(s)

30-08-2024T12:28:46 - [MESSAGE][PASSED] - Delayed 3 second(s)

30-08-2024T12:28:46 - [TEST_STEP][PASSED] - Postcode = keyPathPackage.customKeywords.selectRandomPostCode(): keyPathPackage.customKeywords.selectRandomPostCode is PASSED

30-08-2024T12:28:46 - [MESSAGE][PASSED] - keyPathPackage.customKeywords.selectRandomPostCode is PASSED

30-08-2024T12:28:46 - [TEST_STEP][PASSED] - setText(findTestObject("Object Repository/APAC_University/James_Cook_University/Field_Postcode"), Postcode): Text '3236' is set on object 'Object Repository/APAC_University/James_Cook_University/Field_Postcode'

30-08-2024T12:28:46 - [MESSAGE][PASSED] - Text '3236' is set on object 'Object Repository/APAC_University/James_Cook_University/Field_Postcode'

30-08-2024T12:28:46 - [TEST_STEP][PASSED] - setText(findTestObject("Object Repository/APAC_University/James_Cook_University/Field_Postcode"), Postcode): Text '3236' is set on object 'Object Repository/APAC_University/James_Cook_University/Field_Postcode'

30-08-2024T12:28:47 - [MESSAGE][PASSED] - Text '3236' is set on object 'Object Repository/APAC_University/James_Cook_University/Field_Postcode'

30-08-2024T12:28:47 - [TEST_STEP][PASSED] - waitForElementClickable(findTestObject("Object Repository/APAC_University/James_Cook_University/Button_Submit"), 10): Object 'Object Repository/APAC_University/James_Cook_University/Button_Submit' is clickable

30-08-2024T12:28:47 - [MESSAGE][PASSED] - Object 'Object Repository/APAC_University/James_Cook_University/Button_Submit' is clickable

30-08-2024T12:28:47 - [TEST_STEP][PASSED] - click(findTestObject("Object Repository/APAC_University/James_Cook_University/Button_Submit")): Object: 'Object Repository/APAC_University/James_Cook_University/Button_Submit' is clicked on

30-08-2024T12:28:47 - [MESSAGE][PASSED] - Object: 'Object Repository/APAC_University/James_Cook_University/Button_Submit' is clicked on

30-08-2024T12:28:47 - [TEST_STEP][PASSED] - delay(5): Delayed 5 second(s)

30-08-2024T12:28:52 - [MESSAGE][PASSED] - Delayed 5 second(s)

30-08-2024T12:28:52 - [TEST_STEP][PASSED] - verifyElementText(findTestObject("Object Repository/APAC_University/James_Cook_University/Verify_Message"), "Thank you"): Actual text and expected text of test object 'Object Repository/APAC_University/James_Cook_University/Verify_Message' are matched.

30-08-2024T12:28:54 - [MESSAGE][PASSED] - Actual text and expected text of test object 'Object Repository/APAC_University/James_Cook_University/Verify_Message' are matched.

30-08-2024T12:28:54 - [MESSAGE][PASSED] - Call Test Case 'Test Cases/APAC_Universities/SEO_PAGES/James_Cook_University/Reusable_Testcases/Lead_Form' successfully]]></system-out>
         <system-err><![CDATA[]]></system-err>
      </testcase>
      <testcase name="Test Cases/APAC_Universities/SEO_PAGES/James_Cook_University/Main_Page" time="21.667" classname="Test Cases/APAC_Universities/SEO_PAGES/James_Cook_University/Main_Page" status="PASSED">
         <system-out><![CDATA[30-08-2024T12:28:54 - [TEST_CASE][PASSED] - Test Cases/APAC_Universities/SEO_PAGES/James_Cook_University/Main_Page: Test Cases/APAC_Universities/SEO_PAGES/James_Cook_University/Main_Page

30-08-2024T12:28:54 - [TEST_STEP][PASSED] - callTestCase(findTestCase("Test Cases/APAC_Universities/SEO_PAGES/James_Cook_University/Reusable_Testcases/Navigate_Homepage"), [:], STOP_ON_FAILURE): Call Test Case 'Test Cases/APAC_Universities/SEO_PAGES/James_Cook_University/Reusable_Testcases/Navigate_Homepage' successfully

30-08-2024T12:28:54 - [TEST_CASE][PASSED] - Test Cases/APAC_Universities/SEO_PAGES/James_Cook_University/Reusable_Testcases/Navigate_Homepage: Test Cases/APAC_Universities/SEO_PAGES/James_Cook_University/Reusable_Testcases/Navigate_Homepage

30-08-2024T12:28:54 - [TEST_STEP][PASSED] - waitForElementClickable(findTestObject("Object Repository/APAC_University/James_Cook_University/Button_Homepage"), 10): Object 'Object Repository/APAC_University/James_Cook_University/Button_Homepage' is clickable

30-08-2024T12:28:55 - [MESSAGE][PASSED] - Object 'Object Repository/APAC_University/James_Cook_University/Button_Homepage' is clickable

30-08-2024T12:28:55 - [TEST_STEP][PASSED] - click(findTestObject("Object Repository/APAC_University/James_Cook_University/Button_Homepage")): Object: 'Object Repository/APAC_University/James_Cook_University/Button_Homepage' is clicked on

30-08-2024T12:28:55 - [MESSAGE][PASSED] - Object: 'Object Repository/APAC_University/James_Cook_University/Button_Homepage' is clicked on

30-08-2024T12:28:55 - [MESSAGE][PASSED] - Call Test Case 'Test Cases/APAC_Universities/SEO_PAGES/James_Cook_University/Reusable_Testcases/Navigate_Homepage' successfully

30-08-2024T12:28:55 - [TEST_STEP][PASSED] - callTestCase(findTestCase("Test Cases/APAC_Universities/SEO_PAGES/James_Cook_University/Reusable_Testcases/Lead_Form"), [:], STOP_ON_FAILURE): Call Test Case 'Test Cases/APAC_Universities/SEO_PAGES/James_Cook_University/Reusable_Testcases/Lead_Form' successfully

30-08-2024T12:28:55 - [TEST_CASE][PASSED] - Test Cases/APAC_Universities/SEO_PAGES/James_Cook_University/Reusable_Testcases/Lead_Form: Test Cases/APAC_Universities/SEO_PAGES/James_Cook_University/Reusable_Testcases/Lead_Form

30-08-2024T12:28:55 - [TEST_STEP][PASSED] - program = findTestObject("Object Repository/APAC_University/James_Cook_University/Dropdown_Program"): null

30-08-2024T12:28:55 - [TEST_STEP][PASSED] - selectOptionByIndex(program, keyPathPackage.customKeywords.selectRandomOptionFromDropdown()): All options with index in [1] are selected on object 'Object Repository/APAC_University/James_Cook_University/Dropdown_Program'

30-08-2024T12:28:55 - [MESSAGE][PASSED] - keyPathPackage.customKeywords.selectRandomOptionFromDropdown is PASSED

30-08-2024T12:28:58 - [MESSAGE][PASSED] - All options with index in [1] are selected on object 'Object Repository/APAC_University/James_Cook_University/Dropdown_Program'

30-08-2024T12:28:58 - [TEST_STEP][PASSED] - FirstName = keyPathPackage.customKeywords.generateRandomFirstName(): keyPathPackage.customKeywords.generateRandomFirstName is PASSED

30-08-2024T12:28:58 - [MESSAGE][PASSED] - keyPathPackage.customKeywords.generateRandomFirstName is PASSED

30-08-2024T12:28:58 - [TEST_STEP][PASSED] - setText(findTestObject("Object Repository/APAC_University/James_Cook_University/Field_Firstname"), FirstName): Text 'Lazaro' is set on object 'Object Repository/APAC_University/James_Cook_University/Field_Firstname'

30-08-2024T12:28:58 - [MESSAGE][PASSED] - Text 'Lazaro' is set on object 'Object Repository/APAC_University/James_Cook_University/Field_Firstname'

30-08-2024T12:28:58 - [TEST_STEP][PASSED] - LastName = keyPathPackage.customKeywords.generateRandomLastName(): keyPathPackage.customKeywords.generateRandomLastName is PASSED

30-08-2024T12:28:58 - [MESSAGE][PASSED] - keyPathPackage.customKeywords.generateRandomLastName is PASSED

30-08-2024T12:28:58 - [TEST_STEP][PASSED] - setText(findTestObject("Object Repository/APAC_University/James_Cook_University/Field_Lastname"), LastName): Text 'Testing Dickinson' is set on object 'Object Repository/APAC_University/James_Cook_University/Field_Lastname'

30-08-2024T12:28:59 - [MESSAGE][PASSED] - Text 'Testing Dickinson' is set on object 'Object Repository/APAC_University/James_Cook_University/Field_Lastname'

30-08-2024T12:28:59 - [TEST_STEP][PASSED] - waitForElementClickable(findTestObject("Object Repository/APAC_University/James_Cook_University/Button_Nextstep2"), 10): Object 'Object Repository/APAC_University/James_Cook_University/Button_Nextstep2' is clickable

30-08-2024T12:28:59 - [MESSAGE][PASSED] - Object 'Object Repository/APAC_University/James_Cook_University/Button_Nextstep2' is clickable

30-08-2024T12:28:59 - [TEST_STEP][PASSED] - click(findTestObject("Object Repository/APAC_University/James_Cook_University/Button_Nextstep2")): Object: 'Object Repository/APAC_University/James_Cook_University/Button_Nextstep2' is clicked on

30-08-2024T12:28:59 - [MESSAGE][PASSED] - Object: 'Object Repository/APAC_University/James_Cook_University/Button_Nextstep2' is clicked on

30-08-2024T12:28:59 - [TEST_STEP][PASSED] - startdate = findTestObject("Object Repository/APAC_University/James_Cook_University/Dropdown_Startdate"): null

30-08-2024T12:28:59 - [TEST_STEP][PASSED] - selectOptionByIndex(startdate, keyPathPackage.customKeywords.selectRandomOptionFromDropdown()): All options with index in [2] are selected on object 'Object Repository/APAC_University/James_Cook_University/Dropdown_Startdate'

30-08-2024T12:28:59 - [MESSAGE][PASSED] - keyPathPackage.customKeywords.selectRandomOptionFromDropdown is PASSED

30-08-2024T12:29:00 - [MESSAGE][PASSED] - All options with index in [2] are selected on object 'Object Repository/APAC_University/James_Cook_University/Dropdown_Startdate'

30-08-2024T12:29:00 - [TEST_STEP][PASSED] - selectOptionByValue(findTestObject("Object Repository/APAC_University/James_Cook_University/Dropdown_Highereducation"), Education_Level, false): All options with value 'Postgraduate diploma' are selected in object 'Object Repository/APAC_University/James_Cook_University/Dropdown_Highereducation' 

30-08-2024T12:29:01 - [MESSAGE][PASSED] - All options with value 'Postgraduate diploma' are selected in object 'Object Repository/APAC_University/James_Cook_University/Dropdown_Highereducation' 

30-08-2024T12:29:01 - [TEST_STEP][PASSED] - Workexperience = findTestObject("Object Repository/APAC_University/James_Cook_University/Dropdown_Workexperience"): null

30-08-2024T12:29:01 - [TEST_STEP][PASSED] - selectOptionByIndex(Workexperience, keyPathPackage.customKeywords.selectRandomOptionFromDropdown()): All options with index in [2] are selected on object 'Object Repository/APAC_University/James_Cook_University/Dropdown_Workexperience'

30-08-2024T12:29:01 - [MESSAGE][PASSED] - keyPathPackage.customKeywords.selectRandomOptionFromDropdown is PASSED

30-08-2024T12:29:02 - [MESSAGE][PASSED] - All options with index in [2] are selected on object 'Object Repository/APAC_University/James_Cook_University/Dropdown_Workexperience'

30-08-2024T12:29:02 - [TEST_STEP][PASSED] - Enquiryreason = findTestObject("Object Repository/APAC_University/James_Cook_University/Dropdown_Enquiry"): null

30-08-2024T12:29:02 - [TEST_STEP][PASSED] - selectOptionByIndex(Enquiryreason, keyPathPackage.customKeywords.selectRandomOptionFromDropdown()): All options with index in [1] are selected on object 'Object Repository/APAC_University/James_Cook_University/Dropdown_Enquiry'

30-08-2024T12:29:02 - [MESSAGE][PASSED] - keyPathPackage.customKeywords.selectRandomOptionFromDropdown is PASSED

30-08-2024T12:29:02 - [MESSAGE][PASSED] - All options with index in [1] are selected on object 'Object Repository/APAC_University/James_Cook_University/Dropdown_Enquiry'

30-08-2024T12:29:02 - [TEST_STEP][PASSED] - waitForElementClickable(findTestObject("Object Repository/APAC_University/James_Cook_University/Button_Nextstep3"), 10): Object 'Object Repository/APAC_University/James_Cook_University/Button_Nextstep3' is clickable

30-08-2024T12:29:03 - [MESSAGE][PASSED] - Object 'Object Repository/APAC_University/James_Cook_University/Button_Nextstep3' is clickable

30-08-2024T12:29:03 - [TEST_STEP][PASSED] - click(findTestObject("Object Repository/APAC_University/James_Cook_University/Button_Nextstep3")): Object: 'Object Repository/APAC_University/James_Cook_University/Button_Nextstep3' is clicked on

30-08-2024T12:29:03 - [MESSAGE][PASSED] - Object: 'Object Repository/APAC_University/James_Cook_University/Button_Nextstep3' is clicked on

30-08-2024T12:29:03 - [TEST_STEP][PASSED] - Email = keyPathPackage.customKeywords.generateRandomEmail(): keyPathPackage.customKeywords.generateRandomEmail is PASSED

30-08-2024T12:29:03 - [MESSAGE][PASSED] - keyPathPackage.customKeywords.generateRandomEmail is PASSED

30-08-2024T12:29:03 - [TEST_STEP][PASSED] - setText(findTestObject("Object Repository/APAC_University/James_Cook_University/Field_Email"), Email): Text 'stefani.bayer@yahoo.com' is set on object 'Object Repository/APAC_University/James_Cook_University/Field_Email'

30-08-2024T12:29:04 - [MESSAGE][PASSED] - Text 'stefani.bayer@yahoo.com' is set on object 'Object Repository/APAC_University/James_Cook_University/Field_Email'

30-08-2024T12:29:04 - [TEST_STEP][PASSED] - Phonenumber = keyPathPackage.customKeywords.generateRandomAustralianPhoneNumber(): keyPathPackage.customKeywords.generateRandomAustralianPhoneNumber is PASSED

30-08-2024T12:29:04 - [MESSAGE][PASSED] - keyPathPackage.customKeywords.generateRandomAustralianPhoneNumber is PASSED

30-08-2024T12:29:04 - [TEST_STEP][PASSED] - setText(findTestObject("Object Repository/APAC_University/James_Cook_University/Field_Phonenumber"), Phonenumber): Text '0414282220' is set on object 'Object Repository/APAC_University/James_Cook_University/Field_Phonenumber'

30-08-2024T12:29:05 - [MESSAGE][PASSED] - Text '0414282220' is set on object 'Object Repository/APAC_University/James_Cook_University/Field_Phonenumber'

30-08-2024T12:29:05 - [TEST_STEP][PASSED] - selectOptionByValue(findTestObject("Object Repository/APAC_University/James_Cook_University/Dropdown_Country"), "AU", true): All options with value 'AU' are selected in object 'Object Repository/APAC_University/James_Cook_University/Dropdown_Country'  using regular expression

30-08-2024T12:29:06 - [MESSAGE][PASSED] - All options with value 'AU' are selected in object 'Object Repository/APAC_University/James_Cook_University/Dropdown_Country'  using regular expression

30-08-2024T12:29:06 - [TEST_STEP][PASSED] - delay(3): Delayed 3 second(s)

30-08-2024T12:29:09 - [MESSAGE][PASSED] - Delayed 3 second(s)

30-08-2024T12:29:09 - [TEST_STEP][PASSED] - Postcode = keyPathPackage.customKeywords.selectRandomPostCode(): keyPathPackage.customKeywords.selectRandomPostCode is PASSED

30-08-2024T12:29:09 - [MESSAGE][PASSED] - keyPathPackage.customKeywords.selectRandomPostCode is PASSED

30-08-2024T12:29:09 - [TEST_STEP][PASSED] - setText(findTestObject("Object Repository/APAC_University/James_Cook_University/Field_Postcode"), Postcode): Text '3503' is set on object 'Object Repository/APAC_University/James_Cook_University/Field_Postcode'

30-08-2024T12:29:10 - [MESSAGE][PASSED] - Text '3503' is set on object 'Object Repository/APAC_University/James_Cook_University/Field_Postcode'

30-08-2024T12:29:10 - [TEST_STEP][PASSED] - setText(findTestObject("Object Repository/APAC_University/James_Cook_University/Field_Postcode"), Postcode): Text '3503' is set on object 'Object Repository/APAC_University/James_Cook_University/Field_Postcode'

30-08-2024T12:29:10 - [MESSAGE][PASSED] - Text '3503' is set on object 'Object Repository/APAC_University/James_Cook_University/Field_Postcode'

30-08-2024T12:29:10 - [TEST_STEP][PASSED] - waitForElementClickable(findTestObject("Object Repository/APAC_University/James_Cook_University/Button_Submit"), 10): Object 'Object Repository/APAC_University/James_Cook_University/Button_Submit' is clickable

30-08-2024T12:29:10 - [MESSAGE][PASSED] - Object 'Object Repository/APAC_University/James_Cook_University/Button_Submit' is clickable

30-08-2024T12:29:10 - [TEST_STEP][PASSED] - click(findTestObject("Object Repository/APAC_University/James_Cook_University/Button_Submit")): Object: 'Object Repository/APAC_University/James_Cook_University/Button_Submit' is clicked on

30-08-2024T12:29:11 - [MESSAGE][PASSED] - Object: 'Object Repository/APAC_University/James_Cook_University/Button_Submit' is clicked on

30-08-2024T12:29:11 - [TEST_STEP][PASSED] - delay(5): Delayed 5 second(s)

30-08-2024T12:29:16 - [MESSAGE][PASSED] - Delayed 5 second(s)

30-08-2024T12:29:16 - [TEST_STEP][PASSED] - verifyElementText(findTestObject("Object Repository/APAC_University/James_Cook_University/Verify_Message"), "Thank you"): Actual text and expected text of test object 'Object Repository/APAC_University/James_Cook_University/Verify_Message' are matched.

30-08-2024T12:29:16 - [MESSAGE][PASSED] - Actual text and expected text of test object 'Object Repository/APAC_University/James_Cook_University/Verify_Message' are matched.

30-08-2024T12:29:16 - [MESSAGE][PASSED] - Call Test Case 'Test Cases/APAC_Universities/SEO_PAGES/James_Cook_University/Reusable_Testcases/Lead_Form' successfully]]></system-out>
         <system-err><![CDATA[]]></system-err>
      </testcase>
      <testcase name="Test Cases/APAC_Universities/SEO_PAGES/James_Cook_University/Contact_Us" time="27.519" classname="Test Cases/APAC_Universities/SEO_PAGES/James_Cook_University/Contact_Us" status="PASSED">
         <system-out><![CDATA[30-08-2024T12:29:16 - [TEST_CASE][PASSED] - Test Cases/APAC_Universities/SEO_PAGES/James_Cook_University/Contact_Us: Test Cases/APAC_Universities/SEO_PAGES/James_Cook_University/Contact_Us

30-08-2024T12:29:16 - [TEST_STEP][PASSED] - callTestCase(findTestCase("Test Cases/APAC_Universities/SEO_PAGES/James_Cook_University/Reusable_Testcases/Navigate_Homepage"), [:], STOP_ON_FAILURE): Call Test Case 'Test Cases/APAC_Universities/SEO_PAGES/James_Cook_University/Reusable_Testcases/Navigate_Homepage' successfully

30-08-2024T12:29:16 - [TEST_CASE][PASSED] - Test Cases/APAC_Universities/SEO_PAGES/James_Cook_University/Reusable_Testcases/Navigate_Homepage: Test Cases/APAC_Universities/SEO_PAGES/James_Cook_University/Reusable_Testcases/Navigate_Homepage

30-08-2024T12:29:16 - [TEST_STEP][PASSED] - waitForElementClickable(findTestObject("Object Repository/APAC_University/James_Cook_University/Button_Homepage"), 10): Object 'Object Repository/APAC_University/James_Cook_University/Button_Homepage' is clickable

30-08-2024T12:29:16 - [MESSAGE][PASSED] - Object 'Object Repository/APAC_University/James_Cook_University/Button_Homepage' is clickable

30-08-2024T12:29:16 - [TEST_STEP][PASSED] - click(findTestObject("Object Repository/APAC_University/James_Cook_University/Button_Homepage")): Object: 'Object Repository/APAC_University/James_Cook_University/Button_Homepage' is clicked on

30-08-2024T12:29:18 - [MESSAGE][PASSED] - Object: 'Object Repository/APAC_University/James_Cook_University/Button_Homepage' is clicked on

30-08-2024T12:29:18 - [MESSAGE][PASSED] - Call Test Case 'Test Cases/APAC_Universities/SEO_PAGES/James_Cook_University/Reusable_Testcases/Navigate_Homepage' successfully

30-08-2024T12:29:18 - [TEST_STEP][PASSED] - scrollToElement(findTestObject("Object Repository/APAC_University/James_Cook_University/Button_ContactUs"), 3): Scroll to object 'Object Repository/APAC_University/James_Cook_University/Button_ContactUs' successfully

30-08-2024T12:29:18 - [MESSAGE][PASSED] - Scroll to object 'Object Repository/APAC_University/James_Cook_University/Button_ContactUs' successfully

30-08-2024T12:29:18 - [TEST_STEP][PASSED] - waitForElementClickable(findTestObject("Object Repository/APAC_University/James_Cook_University/Button_ContactUs"), 10): Object 'Object Repository/APAC_University/James_Cook_University/Button_ContactUs' is clickable

30-08-2024T12:29:19 - [MESSAGE][PASSED] - Object 'Object Repository/APAC_University/James_Cook_University/Button_ContactUs' is clickable

30-08-2024T12:29:19 - [TEST_STEP][PASSED] - click(findTestObject("Object Repository/APAC_University/James_Cook_University/Button_ContactUs")): Object: 'Object Repository/APAC_University/James_Cook_University/Button_ContactUs' is clicked on

30-08-2024T12:29:21 - [MESSAGE][PASSED] - Object: 'Object Repository/APAC_University/James_Cook_University/Button_ContactUs' is clicked on

30-08-2024T12:29:21 - [TEST_STEP][PASSED] - callTestCase(findTestCase("Test Cases/APAC_Universities/SEO_PAGES/James_Cook_University/Reusable_Testcases/Lead_Form"), [:], STOP_ON_FAILURE): Call Test Case 'Test Cases/APAC_Universities/SEO_PAGES/James_Cook_University/Reusable_Testcases/Lead_Form' successfully

30-08-2024T12:29:21 - [TEST_CASE][PASSED] - Test Cases/APAC_Universities/SEO_PAGES/James_Cook_University/Reusable_Testcases/Lead_Form: Test Cases/APAC_Universities/SEO_PAGES/James_Cook_University/Reusable_Testcases/Lead_Form

30-08-2024T12:29:21 - [TEST_STEP][PASSED] - program = findTestObject("Object Repository/APAC_University/James_Cook_University/Dropdown_Program"): null

30-08-2024T12:29:21 - [TEST_STEP][PASSED] - selectOptionByIndex(program, keyPathPackage.customKeywords.selectRandomOptionFromDropdown()): All options with index in [2] are selected on object 'Object Repository/APAC_University/James_Cook_University/Dropdown_Program'

30-08-2024T12:29:21 - [MESSAGE][PASSED] - keyPathPackage.customKeywords.selectRandomOptionFromDropdown is PASSED

30-08-2024T12:29:24 - [MESSAGE][PASSED] - All options with index in [2] are selected on object 'Object Repository/APAC_University/James_Cook_University/Dropdown_Program'

30-08-2024T12:29:24 - [TEST_STEP][PASSED] - FirstName = keyPathPackage.customKeywords.generateRandomFirstName(): keyPathPackage.customKeywords.generateRandomFirstName is PASSED

30-08-2024T12:29:24 - [MESSAGE][PASSED] - keyPathPackage.customKeywords.generateRandomFirstName is PASSED

30-08-2024T12:29:24 - [TEST_STEP][PASSED] - setText(findTestObject("Object Repository/APAC_University/James_Cook_University/Field_Firstname"), FirstName): Text 'Elwood' is set on object 'Object Repository/APAC_University/James_Cook_University/Field_Firstname'

30-08-2024T12:29:25 - [MESSAGE][PASSED] - Text 'Elwood' is set on object 'Object Repository/APAC_University/James_Cook_University/Field_Firstname'

30-08-2024T12:29:25 - [TEST_STEP][PASSED] - LastName = keyPathPackage.customKeywords.generateRandomLastName(): keyPathPackage.customKeywords.generateRandomLastName is PASSED

30-08-2024T12:29:25 - [MESSAGE][PASSED] - keyPathPackage.customKeywords.generateRandomLastName is PASSED

30-08-2024T12:29:25 - [TEST_STEP][PASSED] - setText(findTestObject("Object Repository/APAC_University/James_Cook_University/Field_Lastname"), LastName): Text 'Testing Brekke' is set on object 'Object Repository/APAC_University/James_Cook_University/Field_Lastname'

30-08-2024T12:29:25 - [MESSAGE][PASSED] - Text 'Testing Brekke' is set on object 'Object Repository/APAC_University/James_Cook_University/Field_Lastname'

30-08-2024T12:29:25 - [TEST_STEP][PASSED] - waitForElementClickable(findTestObject("Object Repository/APAC_University/James_Cook_University/Button_Nextstep2"), 10): Object 'Object Repository/APAC_University/James_Cook_University/Button_Nextstep2' is clickable

30-08-2024T12:29:25 - [MESSAGE][PASSED] - Object 'Object Repository/APAC_University/James_Cook_University/Button_Nextstep2' is clickable

30-08-2024T12:29:25 - [TEST_STEP][PASSED] - click(findTestObject("Object Repository/APAC_University/James_Cook_University/Button_Nextstep2")): Object: 'Object Repository/APAC_University/James_Cook_University/Button_Nextstep2' is clicked on

30-08-2024T12:29:26 - [MESSAGE][PASSED] - Object: 'Object Repository/APAC_University/James_Cook_University/Button_Nextstep2' is clicked on

30-08-2024T12:29:26 - [TEST_STEP][PASSED] - startdate = findTestObject("Object Repository/APAC_University/James_Cook_University/Dropdown_Startdate"): null

30-08-2024T12:29:26 - [TEST_STEP][PASSED] - selectOptionByIndex(startdate, keyPathPackage.customKeywords.selectRandomOptionFromDropdown()): All options with index in [2] are selected on object 'Object Repository/APAC_University/James_Cook_University/Dropdown_Startdate'

30-08-2024T12:29:26 - [MESSAGE][PASSED] - keyPathPackage.customKeywords.selectRandomOptionFromDropdown is PASSED

30-08-2024T12:29:26 - [MESSAGE][PASSED] - All options with index in [2] are selected on object 'Object Repository/APAC_University/James_Cook_University/Dropdown_Startdate'

30-08-2024T12:29:26 - [TEST_STEP][PASSED] - selectOptionByValue(findTestObject("Object Repository/APAC_University/James_Cook_University/Dropdown_Highereducation"), Education_Level, false): All options with value 'Postgraduate diploma' are selected in object 'Object Repository/APAC_University/James_Cook_University/Dropdown_Highereducation' 

30-08-2024T12:29:27 - [MESSAGE][PASSED] - All options with value 'Postgraduate diploma' are selected in object 'Object Repository/APAC_University/James_Cook_University/Dropdown_Highereducation' 

30-08-2024T12:29:27 - [TEST_STEP][PASSED] - Workexperience = findTestObject("Object Repository/APAC_University/James_Cook_University/Dropdown_Workexperience"): null

30-08-2024T12:29:27 - [TEST_STEP][PASSED] - selectOptionByIndex(Workexperience, keyPathPackage.customKeywords.selectRandomOptionFromDropdown()): All options with index in [2] are selected on object 'Object Repository/APAC_University/James_Cook_University/Dropdown_Workexperience'

30-08-2024T12:29:27 - [MESSAGE][PASSED] - keyPathPackage.customKeywords.selectRandomOptionFromDropdown is PASSED

30-08-2024T12:29:28 - [MESSAGE][PASSED] - All options with index in [2] are selected on object 'Object Repository/APAC_University/James_Cook_University/Dropdown_Workexperience'

30-08-2024T12:29:28 - [TEST_STEP][PASSED] - Enquiryreason = findTestObject("Object Repository/APAC_University/James_Cook_University/Dropdown_Enquiry"): null

30-08-2024T12:29:28 - [TEST_STEP][PASSED] - selectOptionByIndex(Enquiryreason, keyPathPackage.customKeywords.selectRandomOptionFromDropdown()): All options with index in [2] are selected on object 'Object Repository/APAC_University/James_Cook_University/Dropdown_Enquiry'

30-08-2024T12:29:28 - [MESSAGE][PASSED] - keyPathPackage.customKeywords.selectRandomOptionFromDropdown is PASSED

30-08-2024T12:29:29 - [MESSAGE][PASSED] - All options with index in [2] are selected on object 'Object Repository/APAC_University/James_Cook_University/Dropdown_Enquiry'

30-08-2024T12:29:29 - [TEST_STEP][PASSED] - waitForElementClickable(findTestObject("Object Repository/APAC_University/James_Cook_University/Button_Nextstep3"), 10): Object 'Object Repository/APAC_University/James_Cook_University/Button_Nextstep3' is clickable

30-08-2024T12:29:29 - [MESSAGE][PASSED] - Object 'Object Repository/APAC_University/James_Cook_University/Button_Nextstep3' is clickable

30-08-2024T12:29:29 - [TEST_STEP][PASSED] - click(findTestObject("Object Repository/APAC_University/James_Cook_University/Button_Nextstep3")): Object: 'Object Repository/APAC_University/James_Cook_University/Button_Nextstep3' is clicked on

30-08-2024T12:29:29 - [MESSAGE][PASSED] - Object: 'Object Repository/APAC_University/James_Cook_University/Button_Nextstep3' is clicked on

30-08-2024T12:29:29 - [TEST_STEP][PASSED] - Email = keyPathPackage.customKeywords.generateRandomEmail(): keyPathPackage.customKeywords.generateRandomEmail is PASSED

30-08-2024T12:29:29 - [MESSAGE][PASSED] - keyPathPackage.customKeywords.generateRandomEmail is PASSED

30-08-2024T12:29:29 - [TEST_STEP][PASSED] - setText(findTestObject("Object Repository/APAC_University/James_Cook_University/Field_Email"), Email): Text 'lorenzo.upton@hotmail.com' is set on object 'Object Repository/APAC_University/James_Cook_University/Field_Email'

30-08-2024T12:29:30 - [MESSAGE][PASSED] - Text 'lorenzo.upton@hotmail.com' is set on object 'Object Repository/APAC_University/James_Cook_University/Field_Email'

30-08-2024T12:29:30 - [TEST_STEP][PASSED] - Phonenumber = keyPathPackage.customKeywords.generateRandomAustralianPhoneNumber(): keyPathPackage.customKeywords.generateRandomAustralianPhoneNumber is PASSED

30-08-2024T12:29:30 - [MESSAGE][PASSED] - keyPathPackage.customKeywords.generateRandomAustralianPhoneNumber is PASSED

30-08-2024T12:29:30 - [TEST_STEP][PASSED] - setText(findTestObject("Object Repository/APAC_University/James_Cook_University/Field_Phonenumber"), Phonenumber): Text '0449698202' is set on object 'Object Repository/APAC_University/James_Cook_University/Field_Phonenumber'

30-08-2024T12:29:30 - [MESSAGE][PASSED] - Text '0449698202' is set on object 'Object Repository/APAC_University/James_Cook_University/Field_Phonenumber'

30-08-2024T12:29:30 - [TEST_STEP][PASSED] - selectOptionByValue(findTestObject("Object Repository/APAC_University/James_Cook_University/Dropdown_Country"), "AU", true): All options with value 'AU' are selected in object 'Object Repository/APAC_University/James_Cook_University/Dropdown_Country'  using regular expression

30-08-2024T12:29:32 - [MESSAGE][PASSED] - All options with value 'AU' are selected in object 'Object Repository/APAC_University/James_Cook_University/Dropdown_Country'  using regular expression

30-08-2024T12:29:32 - [TEST_STEP][PASSED] - delay(3): Delayed 3 second(s)

30-08-2024T12:29:35 - [MESSAGE][PASSED] - Delayed 3 second(s)

30-08-2024T12:29:35 - [TEST_STEP][PASSED] - Postcode = keyPathPackage.customKeywords.selectRandomPostCode(): keyPathPackage.customKeywords.selectRandomPostCode is PASSED

30-08-2024T12:29:35 - [MESSAGE][PASSED] - keyPathPackage.customKeywords.selectRandomPostCode is PASSED

30-08-2024T12:29:35 - [TEST_STEP][PASSED] - setText(findTestObject("Object Repository/APAC_University/James_Cook_University/Field_Postcode"), Postcode): Text '6399' is set on object 'Object Repository/APAC_University/James_Cook_University/Field_Postcode'

30-08-2024T12:29:36 - [MESSAGE][PASSED] - Text '6399' is set on object 'Object Repository/APAC_University/James_Cook_University/Field_Postcode'

30-08-2024T12:29:36 - [TEST_STEP][PASSED] - setText(findTestObject("Object Repository/APAC_University/James_Cook_University/Field_Postcode"), Postcode): Text '6399' is set on object 'Object Repository/APAC_University/James_Cook_University/Field_Postcode'

30-08-2024T12:29:36 - [MESSAGE][PASSED] - Text '6399' is set on object 'Object Repository/APAC_University/James_Cook_University/Field_Postcode'

30-08-2024T12:29:36 - [TEST_STEP][PASSED] - waitForElementClickable(findTestObject("Object Repository/APAC_University/James_Cook_University/Button_Submit"), 10): Object 'Object Repository/APAC_University/James_Cook_University/Button_Submit' is clickable

30-08-2024T12:29:36 - [MESSAGE][PASSED] - Object 'Object Repository/APAC_University/James_Cook_University/Button_Submit' is clickable

30-08-2024T12:29:36 - [TEST_STEP][PASSED] - click(findTestObject("Object Repository/APAC_University/James_Cook_University/Button_Submit")): Object: 'Object Repository/APAC_University/James_Cook_University/Button_Submit' is clicked on

30-08-2024T12:29:37 - [MESSAGE][PASSED] - Object: 'Object Repository/APAC_University/James_Cook_University/Button_Submit' is clicked on

30-08-2024T12:29:37 - [TEST_STEP][PASSED] - delay(5): Delayed 5 second(s)

30-08-2024T12:29:42 - [MESSAGE][PASSED] - Delayed 5 second(s)

30-08-2024T12:29:42 - [TEST_STEP][PASSED] - verifyElementText(findTestObject("Object Repository/APAC_University/James_Cook_University/Verify_Message"), "Thank you"): Actual text and expected text of test object 'Object Repository/APAC_University/James_Cook_University/Verify_Message' are matched.

30-08-2024T12:29:43 - [MESSAGE][PASSED] - Actual text and expected text of test object 'Object Repository/APAC_University/James_Cook_University/Verify_Message' are matched.

30-08-2024T12:29:43 - [MESSAGE][PASSED] - Call Test Case 'Test Cases/APAC_Universities/SEO_PAGES/James_Cook_University/Reusable_Testcases/Lead_Form' successfully

30-08-2024T12:29:43 - [TEST_STEP][PASSED] - closeBrowser(): Browser is closed

30-08-2024T12:29:44 - [MESSAGE][PASSED] - Browser is closed]]></system-out>
         <system-err><![CDATA[]]></system-err>
      </testcase>
      <testcase name="Test Cases/APAC_Universities/SEO_PAGES/UNSW_University/Main_Page" time="45.213" classname="Test Cases/APAC_Universities/SEO_PAGES/UNSW_University/Main_Page" status="PASSED">
         <system-out><![CDATA[30-08-2024T12:29:44 - [TEST_CASE][PASSED] - Test Cases/APAC_Universities/SEO_PAGES/UNSW_University/Main_Page: Test Cases/APAC_Universities/SEO_PAGES/UNSW_University/Main_Page

30-08-2024T12:29:44 - [TEST_STEP][PASSED] - callTestCase(findTestCase("Test Cases/APAC_Universities/SEO_PAGES/UNSW_University/Reusable_Testcases/Navigate_URL"), [:], STOP_ON_FAILURE): Call Test Case 'Test Cases/APAC_Universities/SEO_PAGES/UNSW_University/Reusable_Testcases/Navigate_URL' successfully

30-08-2024T12:29:44 - [TEST_CASE][PASSED] - Test Cases/APAC_Universities/SEO_PAGES/UNSW_University/Reusable_Testcases/Navigate_URL: Test Cases/APAC_Universities/SEO_PAGES/UNSW_University/Reusable_Testcases/Navigate_URL

30-08-2024T12:29:44 - [TEST_STEP][PASSED] - openBrowser(""): Browser is opened with url: ''

30-08-2024T12:29:44 - [MESSAGE][INFO] - Starting 'Chrome' driver

30-08-2024T12:29:44 - [MESSAGE][INFO] - Action delay is set to 0 milliseconds

30-08-2024T12:29:44 - [MESSAGE][PASSED] - Browser is opened with url: ''

30-08-2024T12:29:44 - [TEST_STEP][PASSED] - navigateToUrl(University_UNSW): Navigate to 'https://key:path@dev-unsw-opm.pantheonsite.io/' successfully

30-08-2024T12:29:47 - [MESSAGE][PASSED] - Navigate to 'https://key:path@dev-unsw-opm.pantheonsite.io/' successfully

30-08-2024T12:29:47 - [TEST_STEP][PASSED] - maximizeWindow(): Current window maximized

30-08-2024T12:29:47 - [MESSAGE][PASSED] - Current window maximized

30-08-2024T12:29:47 - [MESSAGE][PASSED] - Call Test Case 'Test Cases/APAC_Universities/SEO_PAGES/UNSW_University/Reusable_Testcases/Navigate_URL' successfully

30-08-2024T12:29:47 - [TEST_STEP][PASSED] - callTestCase(findTestCase("Test Cases/APAC_Universities/SEO_PAGES/UNSW_University/Reusable_Testcases/Lead_Form"), [:], STOP_ON_FAILURE): Call Test Case 'Test Cases/APAC_Universities/SEO_PAGES/UNSW_University/Reusable_Testcases/Lead_Form' successfully

30-08-2024T12:29:47 - [TEST_CASE][PASSED] - Test Cases/APAC_Universities/SEO_PAGES/UNSW_University/Reusable_Testcases/Lead_Form: Test Cases/APAC_Universities/SEO_PAGES/UNSW_University/Reusable_Testcases/Lead_Form

30-08-2024T12:29:47 - [TEST_STEP][PASSED] - program = findTestObject("Object Repository/APAC_University/UNSW_University/Dropdown_Program"): null

30-08-2024T12:29:47 - [TEST_STEP][PASSED] - selectOptionByIndex(program, keyPathPackage.customKeywords.selectRandomOptionFromDropdown()): All options with index in [2] are selected on object 'Object Repository/APAC_University/UNSW_University/Dropdown_Program'

30-08-2024T12:29:47 - [MESSAGE][PASSED] - keyPathPackage.customKeywords.selectRandomOptionFromDropdown is PASSED

30-08-2024T12:29:51 - [MESSAGE][PASSED] - All options with index in [2] are selected on object 'Object Repository/APAC_University/UNSW_University/Dropdown_Program'

30-08-2024T12:29:51 - [TEST_STEP][PASSED] - FirstName = keyPathPackage.customKeywords.generateRandomFirstName(): keyPathPackage.customKeywords.generateRandomFirstName is PASSED

30-08-2024T12:29:51 - [MESSAGE][PASSED] - keyPathPackage.customKeywords.generateRandomFirstName is PASSED

30-08-2024T12:29:51 - [TEST_STEP][PASSED] - setText(findTestObject("Object Repository/APAC_University/UNSW_University/Field_Firstname"), FirstName): Text 'Asa' is set on object 'Object Repository/APAC_University/UNSW_University/Field_Firstname'

30-08-2024T12:29:52 - [MESSAGE][PASSED] - Text 'Asa' is set on object 'Object Repository/APAC_University/UNSW_University/Field_Firstname'

30-08-2024T12:29:52 - [TEST_STEP][PASSED] - LastName = keyPathPackage.customKeywords.generateRandomLastName(): keyPathPackage.customKeywords.generateRandomLastName is PASSED

30-08-2024T12:29:52 - [MESSAGE][PASSED] - keyPathPackage.customKeywords.generateRandomLastName is PASSED

30-08-2024T12:29:52 - [TEST_STEP][PASSED] - setText(findTestObject("Object Repository/APAC_University/UNSW_University/Field_Lastname"), LastName): Text 'Testing Gleason' is set on object 'Object Repository/APAC_University/UNSW_University/Field_Lastname'

30-08-2024T12:29:53 - [MESSAGE][PASSED] - Text 'Testing Gleason' is set on object 'Object Repository/APAC_University/UNSW_University/Field_Lastname'

30-08-2024T12:29:53 - [TEST_STEP][PASSED] - waitForElementClickable(findTestObject("Object Repository/APAC_University/UNSW_University/Button_NextStep2"), 10): Object 'Object Repository/APAC_University/UNSW_University/Button_NextStep2' is clickable

30-08-2024T12:29:53 - [MESSAGE][PASSED] - Object 'Object Repository/APAC_University/UNSW_University/Button_NextStep2' is clickable

30-08-2024T12:29:53 - [TEST_STEP][PASSED] - click(findTestObject("Object Repository/APAC_University/UNSW_University/Button_NextStep2")): Object: 'Object Repository/APAC_University/UNSW_University/Button_NextStep2' is clicked on

30-08-2024T12:29:53 - [MESSAGE][PASSED] - Object: 'Object Repository/APAC_University/UNSW_University/Button_NextStep2' is clicked on

30-08-2024T12:29:53 - [TEST_STEP][PASSED] - startdate = findTestObject("Object Repository/APAC_University/UNSW_University/Dropdown_Startdate"): null

30-08-2024T12:29:53 - [TEST_STEP][PASSED] - selectOptionByIndex(startdate, keyPathPackage.customKeywords.selectRandomOptionFromDropdown()): All options with index in [2] are selected on object 'Object Repository/APAC_University/UNSW_University/Dropdown_Startdate'

30-08-2024T12:29:53 - [MESSAGE][PASSED] - keyPathPackage.customKeywords.selectRandomOptionFromDropdown is PASSED

30-08-2024T12:29:54 - [MESSAGE][PASSED] - All options with index in [2] are selected on object 'Object Repository/APAC_University/UNSW_University/Dropdown_Startdate'

30-08-2024T12:29:54 - [TEST_STEP][PASSED] - selectOptionByValue(findTestObject("Object Repository/APAC_University/UNSW_University/Dropdown_Highereducation"), Education_Level, false): All options with value 'Postgraduate diploma' are selected in object 'Object Repository/APAC_University/UNSW_University/Dropdown_Highereducation' 

30-08-2024T12:29:55 - [MESSAGE][PASSED] - All options with value 'Postgraduate diploma' are selected in object 'Object Repository/APAC_University/UNSW_University/Dropdown_Highereducation' 

30-08-2024T12:29:55 - [TEST_STEP][PASSED] - Workexperience = findTestObject("Object Repository/APAC_University/UNSW_University/Dropdown_Workexperience"): null

30-08-2024T12:29:55 - [TEST_STEP][PASSED] - selectOptionByIndex(Workexperience, keyPathPackage.customKeywords.selectRandomOptionFromDropdown()): All options with index in [2] are selected on object 'Object Repository/APAC_University/UNSW_University/Dropdown_Workexperience'

30-08-2024T12:29:55 - [MESSAGE][PASSED] - keyPathPackage.customKeywords.selectRandomOptionFromDropdown is PASSED

30-08-2024T12:29:55 - [MESSAGE][PASSED] - All options with index in [2] are selected on object 'Object Repository/APAC_University/UNSW_University/Dropdown_Workexperience'

30-08-2024T12:29:55 - [TEST_STEP][PASSED] - Enquiryreason = findTestObject("Object Repository/APAC_University/UNSW_University/Dropdown_Enquiry"): null

30-08-2024T12:29:55 - [TEST_STEP][PASSED] - selectOptionByIndex(Enquiryreason, keyPathPackage.customKeywords.selectRandomOptionFromDropdown()): All options with index in [1] are selected on object 'Object Repository/APAC_University/UNSW_University/Dropdown_Enquiry'

30-08-2024T12:29:55 - [MESSAGE][PASSED] - keyPathPackage.customKeywords.selectRandomOptionFromDropdown is PASSED

30-08-2024T12:29:56 - [MESSAGE][PASSED] - All options with index in [1] are selected on object 'Object Repository/APAC_University/UNSW_University/Dropdown_Enquiry'

30-08-2024T12:29:56 - [TEST_STEP][PASSED] - waitForElementClickable(findTestObject("Object Repository/APAC_University/UNSW_University/Button_NextStep3"), 10): Object 'Object Repository/APAC_University/UNSW_University/Button_NextStep3' is clickable

30-08-2024T12:29:56 - [MESSAGE][PASSED] - Object 'Object Repository/APAC_University/UNSW_University/Button_NextStep3' is clickable

30-08-2024T12:29:56 - [TEST_STEP][PASSED] - click(findTestObject("Object Repository/APAC_University/UNSW_University/Button_NextStep3")): Object: 'Object Repository/APAC_University/UNSW_University/Button_NextStep3' is clicked on

30-08-2024T12:29:56 - [MESSAGE][PASSED] - Object: 'Object Repository/APAC_University/UNSW_University/Button_NextStep3' is clicked on

30-08-2024T12:29:56 - [TEST_STEP][PASSED] - Phonenumber = keyPathPackage.customKeywords.generateRandomAustralianPhoneNumber(): keyPathPackage.customKeywords.generateRandomAustralianPhoneNumber is PASSED

30-08-2024T12:29:56 - [MESSAGE][PASSED] - keyPathPackage.customKeywords.generateRandomAustralianPhoneNumber is PASSED

30-08-2024T12:29:56 - [TEST_STEP][PASSED] - setText(findTestObject("Object Repository/APAC_University/UNSW_University/Field_Phonenumber"), Phonenumber): Text '0481978725' is set on object 'Object Repository/APAC_University/UNSW_University/Field_Phonenumber'

30-08-2024T12:29:57 - [MESSAGE][PASSED] - Text '0481978725' is set on object 'Object Repository/APAC_University/UNSW_University/Field_Phonenumber'

30-08-2024T12:29:57 - [TEST_STEP][PASSED] - Email = keyPathPackage.customKeywords.generateRandomEmail(): keyPathPackage.customKeywords.generateRandomEmail is PASSED

30-08-2024T12:29:57 - [MESSAGE][PASSED] - keyPathPackage.customKeywords.generateRandomEmail is PASSED

30-08-2024T12:29:57 - [TEST_STEP][PASSED] - setText(findTestObject("Object Repository/APAC_University/UNSW_University/Field_Email"), Email): Text 'domenic.brekke@yahoo.com' is set on object 'Object Repository/APAC_University/UNSW_University/Field_Email'

30-08-2024T12:29:58 - [MESSAGE][PASSED] - Text 'domenic.brekke@yahoo.com' is set on object 'Object Repository/APAC_University/UNSW_University/Field_Email'

30-08-2024T12:29:58 - [TEST_STEP][PASSED] - selectOptionByLabel(findTestObject("Object Repository/APAC_University/UNSW_University/Dropdown_Country"), "Australia", false): All options with label 'Australia' are selected in object 'Object Repository/APAC_University/UNSW_University/Dropdown_Country' 

30-08-2024T12:29:58 - [MESSAGE][PASSED] - All options with label 'Australia' are selected in object 'Object Repository/APAC_University/UNSW_University/Dropdown_Country' 

30-08-2024T12:29:58 - [TEST_STEP][PASSED] - delay(3): Delayed 3 second(s)

30-08-2024T12:30:01 - [MESSAGE][PASSED] - Delayed 3 second(s)

30-08-2024T12:30:01 - [TEST_STEP][PASSED] - Postcode = keyPathPackage.customKeywords.selectRandomPostCode(): keyPathPackage.customKeywords.selectRandomPostCode is PASSED

30-08-2024T12:30:01 - [MESSAGE][PASSED] - keyPathPackage.customKeywords.selectRandomPostCode is PASSED

30-08-2024T12:30:01 - [TEST_STEP][PASSED] - setText(findTestObject("Object Repository/APAC_University/UNSW_University/Field_Postcode"), Postcode): Text '5429' is set on object 'Object Repository/APAC_University/UNSW_University/Field_Postcode'

30-08-2024T12:30:02 - [MESSAGE][PASSED] - Text '5429' is set on object 'Object Repository/APAC_University/UNSW_University/Field_Postcode'

30-08-2024T12:30:02 - [TEST_STEP][PASSED] - waitForElementClickable(findTestObject("Object Repository/APAC_University/UNSW_University/Button_Submit"), 10): Object 'Object Repository/APAC_University/UNSW_University/Button_Submit' is clickable

30-08-2024T12:30:02 - [MESSAGE][PASSED] - Object 'Object Repository/APAC_University/UNSW_University/Button_Submit' is clickable

30-08-2024T12:30:02 - [TEST_STEP][PASSED] - click(findTestObject("Object Repository/APAC_University/UNSW_University/Button_Submit")): Object: 'Object Repository/APAC_University/UNSW_University/Button_Submit' is clicked on

30-08-2024T12:30:02 - [MESSAGE][PASSED] - Object: 'Object Repository/APAC_University/UNSW_University/Button_Submit' is clicked on

30-08-2024T12:30:02 - [TEST_STEP][PASSED] - delay(5): Delayed 5 second(s)

30-08-2024T12:30:07 - [MESSAGE][PASSED] - Delayed 5 second(s)

30-08-2024T12:30:07 - [TEST_STEP][PASSED] - verifyElementText(findTestObject("Object Repository/APAC_University/UNSW_University/Verfy_Content"), "Thank you for your enquiry"): Actual text and expected text of test object 'Object Repository/APAC_University/UNSW_University/Verfy_Content' are matched.

30-08-2024T12:30:29 - [MESSAGE][PASSED] - Actual text and expected text of test object 'Object Repository/APAC_University/UNSW_University/Verfy_Content' are matched.

30-08-2024T12:30:29 - [MESSAGE][PASSED] - Call Test Case 'Test Cases/APAC_Universities/SEO_PAGES/UNSW_University/Reusable_Testcases/Lead_Form' successfully]]></system-out>
         <system-err><![CDATA[]]></system-err>
      </testcase>
      <testcase name="Test Cases/APAC_Universities/SEO_PAGES/UNSW_University/Enquiry_Now" time="23.277" classname="Test Cases/APAC_Universities/SEO_PAGES/UNSW_University/Enquiry_Now" status="PASSED">
         <system-out><![CDATA[30-08-2024T12:30:29 - [TEST_CASE][PASSED] - Test Cases/APAC_Universities/SEO_PAGES/UNSW_University/Enquiry_Now: Test Cases/APAC_Universities/SEO_PAGES/UNSW_University/Enquiry_Now

30-08-2024T12:30:29 - [TEST_STEP][PASSED] - callTestCase(findTestCase("Test Cases/APAC_Universities/SEO_PAGES/UNSW_University/Reusable_Testcases/Navigate_HomePage"), [:], STOP_ON_FAILURE): Call Test Case 'Test Cases/APAC_Universities/SEO_PAGES/UNSW_University/Reusable_Testcases/Navigate_HomePage' successfully

30-08-2024T12:30:29 - [TEST_CASE][PASSED] - Test Cases/APAC_Universities/SEO_PAGES/UNSW_University/Reusable_Testcases/Navigate_HomePage: Test Cases/APAC_Universities/SEO_PAGES/UNSW_University/Reusable_Testcases/Navigate_HomePage

30-08-2024T12:30:29 - [TEST_STEP][PASSED] - waitForElementClickable(findTestObject("Object Repository/APAC_University/UNSW_University/Button_home"), 10): Object 'Object Repository/APAC_University/UNSW_University/Button_home' is clickable

30-08-2024T12:30:29 - [MESSAGE][PASSED] - Object 'Object Repository/APAC_University/UNSW_University/Button_home' is clickable

30-08-2024T12:30:29 - [TEST_STEP][PASSED] - click(findTestObject("Object Repository/APAC_University/UNSW_University/Button_home")): Object: 'Object Repository/APAC_University/UNSW_University/Button_home' is clicked on

30-08-2024T12:30:32 - [MESSAGE][PASSED] - Object: 'Object Repository/APAC_University/UNSW_University/Button_home' is clicked on

30-08-2024T12:30:32 - [MESSAGE][PASSED] - Call Test Case 'Test Cases/APAC_Universities/SEO_PAGES/UNSW_University/Reusable_Testcases/Navigate_HomePage' successfully

30-08-2024T12:30:32 - [TEST_STEP][PASSED] - waitForElementClickable(findTestObject("Object Repository/APAC_University/UNSW_University/Button_EnquiryNow"), 10): Object 'Object Repository/APAC_University/UNSW_University/Button_EnquiryNow' is clickable

30-08-2024T12:30:32 - [MESSAGE][PASSED] - Object 'Object Repository/APAC_University/UNSW_University/Button_EnquiryNow' is clickable

30-08-2024T12:30:32 - [TEST_STEP][PASSED] - click(findTestObject("Object Repository/APAC_University/UNSW_University/Button_EnquiryNow")): Object: 'Object Repository/APAC_University/UNSW_University/Button_EnquiryNow' is clicked on

30-08-2024T12:30:33 - [MESSAGE][PASSED] - Object: 'Object Repository/APAC_University/UNSW_University/Button_EnquiryNow' is clicked on

30-08-2024T12:30:33 - [TEST_STEP][PASSED] - callTestCase(findTestCase("Test Cases/APAC_Universities/SEO_PAGES/UNSW_University/Reusable_Testcases/Lead_Form"), [:], STOP_ON_FAILURE): Call Test Case 'Test Cases/APAC_Universities/SEO_PAGES/UNSW_University/Reusable_Testcases/Lead_Form' successfully

30-08-2024T12:30:33 - [TEST_CASE][PASSED] - Test Cases/APAC_Universities/SEO_PAGES/UNSW_University/Reusable_Testcases/Lead_Form: Test Cases/APAC_Universities/SEO_PAGES/UNSW_University/Reusable_Testcases/Lead_Form

30-08-2024T12:30:33 - [TEST_STEP][PASSED] - program = findTestObject("Object Repository/APAC_University/UNSW_University/Dropdown_Program"): null

30-08-2024T12:30:33 - [TEST_STEP][PASSED] - selectOptionByIndex(program, keyPathPackage.customKeywords.selectRandomOptionFromDropdown()): All options with index in [2] are selected on object 'Object Repository/APAC_University/UNSW_University/Dropdown_Program'

30-08-2024T12:30:33 - [MESSAGE][PASSED] - keyPathPackage.customKeywords.selectRandomOptionFromDropdown is PASSED

30-08-2024T12:30:35 - [MESSAGE][PASSED] - All options with index in [2] are selected on object 'Object Repository/APAC_University/UNSW_University/Dropdown_Program'

30-08-2024T12:30:35 - [TEST_STEP][PASSED] - FirstName = keyPathPackage.customKeywords.generateRandomFirstName(): keyPathPackage.customKeywords.generateRandomFirstName is PASSED

30-08-2024T12:30:35 - [MESSAGE][PASSED] - keyPathPackage.customKeywords.generateRandomFirstName is PASSED

30-08-2024T12:30:35 - [TEST_STEP][PASSED] - setText(findTestObject("Object Repository/APAC_University/UNSW_University/Field_Firstname"), FirstName): Text 'Edmond' is set on object 'Object Repository/APAC_University/UNSW_University/Field_Firstname'

30-08-2024T12:30:36 - [MESSAGE][PASSED] - Text 'Edmond' is set on object 'Object Repository/APAC_University/UNSW_University/Field_Firstname'

30-08-2024T12:30:36 - [TEST_STEP][PASSED] - LastName = keyPathPackage.customKeywords.generateRandomLastName(): keyPathPackage.customKeywords.generateRandomLastName is PASSED

30-08-2024T12:30:36 - [MESSAGE][PASSED] - keyPathPackage.customKeywords.generateRandomLastName is PASSED

30-08-2024T12:30:36 - [TEST_STEP][PASSED] - setText(findTestObject("Object Repository/APAC_University/UNSW_University/Field_Lastname"), LastName): Text 'Testing Stanton' is set on object 'Object Repository/APAC_University/UNSW_University/Field_Lastname'

30-08-2024T12:30:36 - [MESSAGE][PASSED] - Text 'Testing Stanton' is set on object 'Object Repository/APAC_University/UNSW_University/Field_Lastname'

30-08-2024T12:30:36 - [TEST_STEP][PASSED] - waitForElementClickable(findTestObject("Object Repository/APAC_University/UNSW_University/Button_NextStep2"), 10): Object 'Object Repository/APAC_University/UNSW_University/Button_NextStep2' is clickable

30-08-2024T12:30:36 - [MESSAGE][PASSED] - Object 'Object Repository/APAC_University/UNSW_University/Button_NextStep2' is clickable

30-08-2024T12:30:36 - [TEST_STEP][PASSED] - click(findTestObject("Object Repository/APAC_University/UNSW_University/Button_NextStep2")): Object: 'Object Repository/APAC_University/UNSW_University/Button_NextStep2' is clicked on

30-08-2024T12:30:37 - [MESSAGE][PASSED] - Object: 'Object Repository/APAC_University/UNSW_University/Button_NextStep2' is clicked on

30-08-2024T12:30:37 - [TEST_STEP][PASSED] - startdate = findTestObject("Object Repository/APAC_University/UNSW_University/Dropdown_Startdate"): null

30-08-2024T12:30:37 - [TEST_STEP][PASSED] - selectOptionByIndex(startdate, keyPathPackage.customKeywords.selectRandomOptionFromDropdown()): All options with index in [2] are selected on object 'Object Repository/APAC_University/UNSW_University/Dropdown_Startdate'

30-08-2024T12:30:37 - [MESSAGE][PASSED] - keyPathPackage.customKeywords.selectRandomOptionFromDropdown is PASSED

30-08-2024T12:30:38 - [MESSAGE][PASSED] - All options with index in [2] are selected on object 'Object Repository/APAC_University/UNSW_University/Dropdown_Startdate'

30-08-2024T12:30:38 - [TEST_STEP][PASSED] - selectOptionByValue(findTestObject("Object Repository/APAC_University/UNSW_University/Dropdown_Highereducation"), Education_Level, false): All options with value 'Postgraduate diploma' are selected in object 'Object Repository/APAC_University/UNSW_University/Dropdown_Highereducation' 

30-08-2024T12:30:38 - [MESSAGE][PASSED] - All options with value 'Postgraduate diploma' are selected in object 'Object Repository/APAC_University/UNSW_University/Dropdown_Highereducation' 

30-08-2024T12:30:38 - [TEST_STEP][PASSED] - Workexperience = findTestObject("Object Repository/APAC_University/UNSW_University/Dropdown_Workexperience"): null

30-08-2024T12:30:38 - [TEST_STEP][PASSED] - selectOptionByIndex(Workexperience, keyPathPackage.customKeywords.selectRandomOptionFromDropdown()): All options with index in [1] are selected on object 'Object Repository/APAC_University/UNSW_University/Dropdown_Workexperience'

30-08-2024T12:30:38 - [MESSAGE][PASSED] - keyPathPackage.customKeywords.selectRandomOptionFromDropdown is PASSED

30-08-2024T12:30:39 - [MESSAGE][PASSED] - All options with index in [1] are selected on object 'Object Repository/APAC_University/UNSW_University/Dropdown_Workexperience'

30-08-2024T12:30:39 - [TEST_STEP][PASSED] - Enquiryreason = findTestObject("Object Repository/APAC_University/UNSW_University/Dropdown_Enquiry"): null

30-08-2024T12:30:39 - [TEST_STEP][PASSED] - selectOptionByIndex(Enquiryreason, keyPathPackage.customKeywords.selectRandomOptionFromDropdown()): All options with index in [1] are selected on object 'Object Repository/APAC_University/UNSW_University/Dropdown_Enquiry'

30-08-2024T12:30:39 - [MESSAGE][PASSED] - keyPathPackage.customKeywords.selectRandomOptionFromDropdown is PASSED

30-08-2024T12:30:39 - [MESSAGE][PASSED] - All options with index in [1] are selected on object 'Object Repository/APAC_University/UNSW_University/Dropdown_Enquiry'

30-08-2024T12:30:39 - [TEST_STEP][PASSED] - waitForElementClickable(findTestObject("Object Repository/APAC_University/UNSW_University/Button_NextStep3"), 10): Object 'Object Repository/APAC_University/UNSW_University/Button_NextStep3' is clickable

30-08-2024T12:30:40 - [MESSAGE][PASSED] - Object 'Object Repository/APAC_University/UNSW_University/Button_NextStep3' is clickable

30-08-2024T12:30:40 - [TEST_STEP][PASSED] - click(findTestObject("Object Repository/APAC_University/UNSW_University/Button_NextStep3")): Object: 'Object Repository/APAC_University/UNSW_University/Button_NextStep3' is clicked on

30-08-2024T12:30:40 - [MESSAGE][PASSED] - Object: 'Object Repository/APAC_University/UNSW_University/Button_NextStep3' is clicked on

30-08-2024T12:30:40 - [TEST_STEP][PASSED] - Phonenumber = keyPathPackage.customKeywords.generateRandomAustralianPhoneNumber(): keyPathPackage.customKeywords.generateRandomAustralianPhoneNumber is PASSED

30-08-2024T12:30:40 - [MESSAGE][PASSED] - keyPathPackage.customKeywords.generateRandomAustralianPhoneNumber is PASSED

30-08-2024T12:30:40 - [TEST_STEP][PASSED] - setText(findTestObject("Object Repository/APAC_University/UNSW_University/Field_Phonenumber"), Phonenumber): Text '0427241318' is set on object 'Object Repository/APAC_University/UNSW_University/Field_Phonenumber'

30-08-2024T12:30:41 - [MESSAGE][PASSED] - Text '0427241318' is set on object 'Object Repository/APAC_University/UNSW_University/Field_Phonenumber'

30-08-2024T12:30:41 - [TEST_STEP][PASSED] - Email = keyPathPackage.customKeywords.generateRandomEmail(): keyPathPackage.customKeywords.generateRandomEmail is PASSED

30-08-2024T12:30:41 - [MESSAGE][PASSED] - keyPathPackage.customKeywords.generateRandomEmail is PASSED

30-08-2024T12:30:41 - [TEST_STEP][PASSED] - setText(findTestObject("Object Repository/APAC_University/UNSW_University/Field_Email"), Email): Text 'dotty.wiza@gmail.com' is set on object 'Object Repository/APAC_University/UNSW_University/Field_Email'

30-08-2024T12:30:42 - [MESSAGE][PASSED] - Text 'dotty.wiza@gmail.com' is set on object 'Object Repository/APAC_University/UNSW_University/Field_Email'

30-08-2024T12:30:42 - [TEST_STEP][PASSED] - selectOptionByLabel(findTestObject("Object Repository/APAC_University/UNSW_University/Dropdown_Country"), "Australia", false): All options with label 'Australia' are selected in object 'Object Repository/APAC_University/UNSW_University/Dropdown_Country' 

30-08-2024T12:30:42 - [MESSAGE][PASSED] - All options with label 'Australia' are selected in object 'Object Repository/APAC_University/UNSW_University/Dropdown_Country' 

30-08-2024T12:30:42 - [TEST_STEP][PASSED] - delay(3): Delayed 3 second(s)

30-08-2024T12:30:45 - [MESSAGE][PASSED] - Delayed 3 second(s)

30-08-2024T12:30:45 - [TEST_STEP][PASSED] - Postcode = keyPathPackage.customKeywords.selectRandomPostCode(): keyPathPackage.customKeywords.selectRandomPostCode is PASSED

30-08-2024T12:30:45 - [MESSAGE][PASSED] - keyPathPackage.customKeywords.selectRandomPostCode is PASSED

30-08-2024T12:30:45 - [TEST_STEP][PASSED] - setText(findTestObject("Object Repository/APAC_University/UNSW_University/Field_Postcode"), Postcode): Text '3683' is set on object 'Object Repository/APAC_University/UNSW_University/Field_Postcode'

30-08-2024T12:30:46 - [MESSAGE][PASSED] - Text '3683' is set on object 'Object Repository/APAC_University/UNSW_University/Field_Postcode'

30-08-2024T12:30:46 - [TEST_STEP][PASSED] - waitForElementClickable(findTestObject("Object Repository/APAC_University/UNSW_University/Button_Submit"), 10): Object 'Object Repository/APAC_University/UNSW_University/Button_Submit' is clickable

30-08-2024T12:30:46 - [MESSAGE][PASSED] - Object 'Object Repository/APAC_University/UNSW_University/Button_Submit' is clickable

30-08-2024T12:30:46 - [TEST_STEP][PASSED] - click(findTestObject("Object Repository/APAC_University/UNSW_University/Button_Submit")): Object: 'Object Repository/APAC_University/UNSW_University/Button_Submit' is clicked on

30-08-2024T12:30:46 - [MESSAGE][PASSED] - Object: 'Object Repository/APAC_University/UNSW_University/Button_Submit' is clicked on

30-08-2024T12:30:46 - [TEST_STEP][PASSED] - delay(5): Delayed 5 second(s)

30-08-2024T12:30:51 - [MESSAGE][PASSED] - Delayed 5 second(s)

30-08-2024T12:30:51 - [TEST_STEP][PASSED] - verifyElementText(findTestObject("Object Repository/APAC_University/UNSW_University/Verfy_Content"), "Thank you for your enquiry"): Actual text and expected text of test object 'Object Repository/APAC_University/UNSW_University/Verfy_Content' are matched.

30-08-2024T12:30:52 - [MESSAGE][PASSED] - Actual text and expected text of test object 'Object Repository/APAC_University/UNSW_University/Verfy_Content' are matched.

30-08-2024T12:30:52 - [MESSAGE][PASSED] - Call Test Case 'Test Cases/APAC_Universities/SEO_PAGES/UNSW_University/Reusable_Testcases/Lead_Form' successfully

30-08-2024T12:30:52 - [TEST_STEP][PASSED] - closeBrowser(): Browser is closed

30-08-2024T12:30:52 - [MESSAGE][PASSED] - Browser is closed]]></system-out>
         <system-err><![CDATA[]]></system-err>
      </testcase>
      <testcase name="Test Cases/APAC_Universities/SEO_PAGES/Help_University/Main_Page" time="49.29" classname="Test Cases/APAC_Universities/SEO_PAGES/Help_University/Main_Page" status="PASSED">
         <system-out><![CDATA[30-08-2024T12:30:52 - [TEST_CASE][PASSED] - Test Cases/APAC_Universities/SEO_PAGES/Help_University/Main_Page: Test Cases/APAC_Universities/SEO_PAGES/Help_University/Main_Page

30-08-2024T12:30:52 - [TEST_STEP][PASSED] - callTestCase(findTestCase("Test Cases/APAC_Universities/SEO_PAGES/Help_University/Resuable_Testcases/Navigate_URL"), [:], STOP_ON_FAILURE): Call Test Case 'Test Cases/APAC_Universities/SEO_PAGES/Help_University/Resuable_Testcases/Navigate_URL' successfully

30-08-2024T12:30:52 - [TEST_CASE][PASSED] - Test Cases/APAC_Universities/SEO_PAGES/Help_University/Resuable_Testcases/Navigate_URL: Test Cases/APAC_Universities/SEO_PAGES/Help_University/Resuable_Testcases/Navigate_URL

30-08-2024T12:30:52 - [TEST_STEP][PASSED] - openBrowser(""): Browser is opened with url: ''

30-08-2024T12:30:52 - [MESSAGE][INFO] - Starting 'Chrome' driver

30-08-2024T12:30:52 - [MESSAGE][INFO] - Action delay is set to 0 milliseconds

30-08-2024T12:30:53 - [MESSAGE][PASSED] - Browser is opened with url: ''

30-08-2024T12:30:53 - [TEST_STEP][PASSED] - navigateToUrl(University_HELP): Navigate to 'https://key:path@dev-rdistro-help-opm.pantheonsite.io/' successfully

30-08-2024T12:31:13 - [MESSAGE][PASSED] - Navigate to 'https://key:path@dev-rdistro-help-opm.pantheonsite.io/' successfully

30-08-2024T12:31:13 - [TEST_STEP][PASSED] - maximizeWindow(): Current window maximized

30-08-2024T12:31:13 - [MESSAGE][PASSED] - Current window maximized

30-08-2024T12:31:13 - [MESSAGE][PASSED] - Call Test Case 'Test Cases/APAC_Universities/SEO_PAGES/Help_University/Resuable_Testcases/Navigate_URL' successfully

30-08-2024T12:31:13 - [TEST_STEP][PASSED] - logger = new com.kms.katalon.core.logging.KeywordLogger(): null

30-08-2024T12:31:13 - [TEST_STEP][PASSED] - testObject = findTestObject("Object Repository/APAC_University/Help_University/Program_Info"): null

30-08-2024T12:31:13 - [TEST_STEP][PASSED] - isElementPresent = verifyElementPresent(testObject, 10, CONTINUE_ON_FAILURE): Object 'Object Repository/APAC_University/Help_University/Program_Info' is present

30-08-2024T12:31:13 - [MESSAGE][PASSED] - Object 'Object Repository/APAC_University/Help_University/Program_Info' is present

30-08-2024T12:31:13 - [TEST_STEP][PASSED] - if (isElementPresent): Scroll to object 'Object Repository/APAC_University/Help_University/Program_Info' successfully

30-08-2024T12:31:13 - [TEST_STEP][PASSED] - logger.logPassed("Element is present. Scrolling to the element."): Element is present. Scrolling to the element.

30-08-2024T12:31:13 - [MESSAGE][PASSED] - Element is present. Scrolling to the element.

30-08-2024T12:31:13 - [TEST_STEP][PASSED] - scrollToElement(testObject, 10): Scroll to object 'Object Repository/APAC_University/Help_University/Program_Info' successfully

30-08-2024T12:31:14 - [MESSAGE][PASSED] - Scroll to object 'Object Repository/APAC_University/Help_University/Program_Info' successfully

30-08-2024T12:31:14 - [TEST_STEP][PASSED] - callTestCase(findTestCase("Test Cases/APAC_Universities/SEO_PAGES/Help_University/Resuable_Testcases/Lead_Form"), [:], STOP_ON_FAILURE): Call Test Case 'Test Cases/APAC_Universities/SEO_PAGES/Help_University/Resuable_Testcases/Lead_Form' successfully

30-08-2024T12:31:14 - [TEST_CASE][PASSED] - Test Cases/APAC_Universities/SEO_PAGES/Help_University/Resuable_Testcases/Lead_Form: Test Cases/APAC_Universities/SEO_PAGES/Help_University/Resuable_Testcases/Lead_Form

30-08-2024T12:31:14 - [TEST_STEP][PASSED] - Email = keyPathPackage.customKeywords.generateRandomEmail(): keyPathPackage.customKeywords.generateRandomEmail is PASSED

30-08-2024T12:31:14 - [MESSAGE][PASSED] - keyPathPackage.customKeywords.generateRandomEmail is PASSED

30-08-2024T12:31:14 - [TEST_STEP][PASSED] - setText(findTestObject("Object Repository/APAC_University/Help_University/Field_Email"), Email): Text 'tomoko.lockman@gmail.com' is set on object 'Object Repository/APAC_University/Help_University/Field_Email'

30-08-2024T12:31:14 - [MESSAGE][PASSED] - Text 'tomoko.lockman@gmail.com' is set on object 'Object Repository/APAC_University/Help_University/Field_Email'

30-08-2024T12:31:14 - [TEST_STEP][PASSED] - Postcode = keyPathPackage.customKeywords.selectRandomPostCodes(): keyPathPackage.customKeywords.selectRandomPostCodes is PASSED

30-08-2024T12:31:14 - [MESSAGE][PASSED] - keyPathPackage.customKeywords.selectRandomPostCodes is PASSED

30-08-2024T12:31:14 - [TEST_STEP][PASSED] - setText(findTestObject("Object Repository/APAC_University/Help_University/Field_Postcode"), Postcode): Text '51382' is set on object 'Object Repository/APAC_University/Help_University/Field_Postcode'

30-08-2024T12:31:15 - [MESSAGE][PASSED] - Text '51382' is set on object 'Object Repository/APAC_University/Help_University/Field_Postcode'

30-08-2024T12:31:15 - [TEST_STEP][PASSED] - buttonObject = findTestObject("Object Repository/APAC_University/Help_University/Button_Nextstep1"): null

30-08-2024T12:31:15 - [TEST_STEP][PASSED] - mouseOver(buttonObject): Object: 'Object Repository/APAC_University/Help_University/Button_Nextstep1' is hovered

30-08-2024T12:31:15 - [MESSAGE][PASSED] - Object: 'Object Repository/APAC_University/Help_University/Button_Nextstep1' is hovered

30-08-2024T12:31:15 - [TEST_STEP][PASSED] - waitForElementClickable(findTestObject("Object Repository/APAC_University/Help_University/Button_Nextstep1"), 10): Object 'Object Repository/APAC_University/Help_University/Button_Nextstep1' is clickable

30-08-2024T12:31:16 - [MESSAGE][PASSED] - Object 'Object Repository/APAC_University/Help_University/Button_Nextstep1' is clickable

30-08-2024T12:31:16 - [TEST_STEP][PASSED] - click(findTestObject("Object Repository/APAC_University/Help_University/Button_Nextstep1")): Object: 'Object Repository/APAC_University/Help_University/Button_Nextstep1' is clicked on

30-08-2024T12:31:16 - [MESSAGE][PASSED] - Object: 'Object Repository/APAC_University/Help_University/Button_Nextstep1' is clicked on

30-08-2024T12:31:16 - [TEST_STEP][PASSED] - dropdown = findTestObject("Object Repository/APAC_University/Help_University/Dropdown_Highereducation"): null

30-08-2024T12:31:16 - [TEST_STEP][PASSED] - options = ["High school", "Diploma", "Bachelors degree", "Masters Degree"]: null

30-08-2024T12:31:16 - [TEST_STEP][PASSED] - randomOption = options[Random().nextInt(length)]: null

30-08-2024T12:31:16 - [TEST_STEP][PASSED] - selectOptionByValue(dropdown, randomOption, true): All options with value 'Bachelors degree' are selected in object 'Object Repository/APAC_University/Help_University/Dropdown_Highereducation'  using regular expression

30-08-2024T12:31:35 - [MESSAGE][PASSED] - All options with value 'Bachelors degree' are selected in object 'Object Repository/APAC_University/Help_University/Dropdown_Highereducation'  using regular expression

30-08-2024T12:31:35 - [TEST_STEP][PASSED] - if (randomOption.equals("Diploma")): null

30-08-2024T12:31:35 - [TEST_STEP][PASSED] - startdate = findTestObject("Object Repository/APAC_University/Help_University/Dropdown_Startdate"): null

30-08-2024T12:31:35 - [TEST_STEP][PASSED] - selectOptionByIndex(startdate, keyPathPackage.customKeywords.selectRandomOptionFromDropdown()): All options with index in [2] are selected on object 'Object Repository/APAC_University/Help_University/Dropdown_Startdate'

30-08-2024T12:31:35 - [MESSAGE][PASSED] - keyPathPackage.customKeywords.selectRandomOptionFromDropdown is PASSED

30-08-2024T12:31:35 - [MESSAGE][PASSED] - All options with index in [2] are selected on object 'Object Repository/APAC_University/Help_University/Dropdown_Startdate'

30-08-2024T12:31:35 - [TEST_STEP][PASSED] - Englishlevel = findTestObject("Object Repository/APAC_University/Help_University/Dropdown_Englishlevel"): null

30-08-2024T12:31:35 - [TEST_STEP][PASSED] - selectOptionByIndex(Englishlevel, keyPathPackage.customKeywords.selectRandomOptionFromDropdown()): All options with index in [1] are selected on object 'Object Repository/APAC_University/Help_University/Dropdown_Englishlevel'

30-08-2024T12:31:35 - [MESSAGE][PASSED] - keyPathPackage.customKeywords.selectRandomOptionFromDropdown is PASSED

30-08-2024T12:31:36 - [MESSAGE][PASSED] - All options with index in [1] are selected on object 'Object Repository/APAC_University/Help_University/Dropdown_Englishlevel'

30-08-2024T12:31:36 - [TEST_STEP][PASSED] - Workexperience = findTestObject("Object Repository/APAC_University/Help_University/Dropdown_Workexperience"): null

30-08-2024T12:31:36 - [TEST_STEP][PASSED] - selectOptionByIndex(Workexperience, keyPathPackage.customKeywords.selectRandomOptionFromDropdown()): All options with index in [1] are selected on object 'Object Repository/APAC_University/Help_University/Dropdown_Workexperience'

30-08-2024T12:31:36 - [MESSAGE][PASSED] - keyPathPackage.customKeywords.selectRandomOptionFromDropdown is PASSED

30-08-2024T12:31:37 - [MESSAGE][PASSED] - All options with index in [1] are selected on object 'Object Repository/APAC_University/Help_University/Dropdown_Workexperience'

30-08-2024T12:31:37 - [TEST_STEP][PASSED] - Enquiry = findTestObject("Object Repository/APAC_University/Help_University/Dropdown_Enquiry"): null

30-08-2024T12:31:37 - [TEST_STEP][PASSED] - selectOptionByIndex(Enquiry, keyPathPackage.customKeywords.selectRandomOptionFromDropdown()): All options with index in [2] are selected on object 'Object Repository/APAC_University/Help_University/Dropdown_Enquiry'

30-08-2024T12:31:37 - [MESSAGE][PASSED] - keyPathPackage.customKeywords.selectRandomOptionFromDropdown is PASSED

30-08-2024T12:31:38 - [MESSAGE][PASSED] - All options with index in [2] are selected on object 'Object Repository/APAC_University/Help_University/Dropdown_Enquiry'

30-08-2024T12:31:38 - [TEST_STEP][PASSED] - waitForElementClickable(findTestObject("Object Repository/APAC_University/Help_University/Button_Nextstep2"), 10): Object 'Object Repository/APAC_University/Help_University/Button_Nextstep2' is clickable

30-08-2024T12:31:38 - [MESSAGE][PASSED] - Object 'Object Repository/APAC_University/Help_University/Button_Nextstep2' is clickable

30-08-2024T12:31:38 - [TEST_STEP][PASSED] - click(findTestObject("Object Repository/APAC_University/Help_University/Button_Nextstep2")): Object: 'Object Repository/APAC_University/Help_University/Button_Nextstep2' is clicked on

30-08-2024T12:31:38 - [MESSAGE][PASSED] - Object: 'Object Repository/APAC_University/Help_University/Button_Nextstep2' is clicked on

30-08-2024T12:31:38 - [TEST_STEP][PASSED] - FirstName = keyPathPackage.customKeywords.generateRandomFirstName(): keyPathPackage.customKeywords.generateRandomFirstName is PASSED

30-08-2024T12:31:38 - [MESSAGE][PASSED] - keyPathPackage.customKeywords.generateRandomFirstName is PASSED

30-08-2024T12:31:38 - [TEST_STEP][PASSED] - setText(findTestObject("Object Repository/APAC_University/Help_University/Field_Firstname"), FirstName): Text 'Shirley' is set on object 'Object Repository/APAC_University/Help_University/Field_Firstname'

30-08-2024T12:31:40 - [MESSAGE][PASSED] - Text 'Shirley' is set on object 'Object Repository/APAC_University/Help_University/Field_Firstname'

30-08-2024T12:31:40 - [TEST_STEP][PASSED] - LastName = keyPathPackage.customKeywords.generateRandomLastName(): keyPathPackage.customKeywords.generateRandomLastName is PASSED

30-08-2024T12:31:40 - [MESSAGE][PASSED] - keyPathPackage.customKeywords.generateRandomLastName is PASSED

30-08-2024T12:31:40 - [TEST_STEP][PASSED] - setText(findTestObject("Object Repository/APAC_University/Help_University/Field_lastname"), LastName): Text 'Testing Kuhic' is set on object 'Object Repository/APAC_University/Help_University/Field_lastname'

30-08-2024T12:31:40 - [MESSAGE][PASSED] - Text 'Testing Kuhic' is set on object 'Object Repository/APAC_University/Help_University/Field_lastname'

30-08-2024T12:31:40 - [TEST_STEP][PASSED] - Phonenumber = keyPathPackage.customKeywords.generateRandomMalaysianPhoneNumber(): keyPathPackage.customKeywords.generateRandomMalaysianPhoneNumber is PASSED

30-08-2024T12:31:40 - [MESSAGE][PASSED] - keyPathPackage.customKeywords.generateRandomMalaysianPhoneNumber is PASSED

30-08-2024T12:31:40 - [TEST_STEP][PASSED] - setText(findTestObject("Object Repository/APAC_University/MBS_University/Degree Program/Field_Phonenumber"), Phonenumber): Text '120431703' is set on object 'Object Repository/APAC_University/MBS_University/Degree Program/Field_Phonenumber'

30-08-2024T12:31:41 - [MESSAGE][PASSED] - Text '120431703' is set on object 'Object Repository/APAC_University/MBS_University/Degree Program/Field_Phonenumber'

30-08-2024T12:31:41 - [TEST_STEP][PASSED] - waitForElementClickable(findTestObject("Object Repository/APAC_University/Help_University/Button_Submit"), 10): Object 'Object Repository/APAC_University/Help_University/Button_Submit' is clickable

30-08-2024T12:31:41 - [MESSAGE][PASSED] - Object 'Object Repository/APAC_University/Help_University/Button_Submit' is clickable

30-08-2024T12:31:41 - [TEST_STEP][PASSED] - click(findTestObject("Object Repository/APAC_University/Help_University/Button_Submit")): Object: 'Object Repository/APAC_University/Help_University/Button_Submit' is clicked on

30-08-2024T12:31:41 - [MESSAGE][PASSED] - Object: 'Object Repository/APAC_University/Help_University/Button_Submit' is clicked on

30-08-2024T12:31:41 - [MESSAGE][PASSED] - Call Test Case 'Test Cases/APAC_Universities/SEO_PAGES/Help_University/Resuable_Testcases/Lead_Form' successfully]]></system-out>
         <system-err><![CDATA[]]></system-err>
      </testcase>
      <testcase name="Test Cases/APAC_Universities/SEO_PAGES/Help_University/Enquiry_Now" time="18.836" classname="Test Cases/APAC_Universities/SEO_PAGES/Help_University/Enquiry_Now" status="PASSED">
         <system-out><![CDATA[30-08-2024T12:31:41 - [TEST_CASE][PASSED] - Test Cases/APAC_Universities/SEO_PAGES/Help_University/Enquiry_Now: Test Cases/APAC_Universities/SEO_PAGES/Help_University/Enquiry_Now

30-08-2024T12:31:41 - [TEST_STEP][PASSED] - waitForElementClickable(findTestObject("Object Repository/APAC_University/Help_University/Button_Enquirenow"), 10): Object 'Object Repository/APAC_University/Help_University/Button_Enquirenow' is clickable

30-08-2024T12:31:45 - [MESSAGE][PASSED] - Object 'Object Repository/APAC_University/Help_University/Button_Enquirenow' is clickable

30-08-2024T12:31:45 - [TEST_STEP][PASSED] - click(findTestObject("Object Repository/APAC_University/Help_University/Button_Enquirenow")): Object: 'Object Repository/APAC_University/Help_University/Button_Enquirenow' is clicked on

30-08-2024T12:31:46 - [MESSAGE][PASSED] - Object: 'Object Repository/APAC_University/Help_University/Button_Enquirenow' is clicked on

30-08-2024T12:31:46 - [TEST_STEP][PASSED] - callTestCase(findTestCase("Test Cases/APAC_Universities/SEO_PAGES/Help_University/Resuable_Testcases/Lead_Form"), [:], STOP_ON_FAILURE): Call Test Case 'Test Cases/APAC_Universities/SEO_PAGES/Help_University/Resuable_Testcases/Lead_Form' successfully

30-08-2024T12:31:46 - [TEST_CASE][PASSED] - Test Cases/APAC_Universities/SEO_PAGES/Help_University/Resuable_Testcases/Lead_Form: Test Cases/APAC_Universities/SEO_PAGES/Help_University/Resuable_Testcases/Lead_Form

30-08-2024T12:31:46 - [TEST_STEP][PASSED] - Email = keyPathPackage.customKeywords.generateRandomEmail(): keyPathPackage.customKeywords.generateRandomEmail is PASSED

30-08-2024T12:31:46 - [MESSAGE][PASSED] - keyPathPackage.customKeywords.generateRandomEmail is PASSED

30-08-2024T12:31:46 - [TEST_STEP][PASSED] - setText(findTestObject("Object Repository/APAC_University/Help_University/Field_Email"), Email): Text 'erich.feest@yahoo.com' is set on object 'Object Repository/APAC_University/Help_University/Field_Email'

30-08-2024T12:31:47 - [MESSAGE][PASSED] - Text 'erich.feest@yahoo.com' is set on object 'Object Repository/APAC_University/Help_University/Field_Email'

30-08-2024T12:31:47 - [TEST_STEP][PASSED] - Postcode = keyPathPackage.customKeywords.selectRandomPostCodes(): keyPathPackage.customKeywords.selectRandomPostCodes is PASSED

30-08-2024T12:31:47 - [MESSAGE][PASSED] - keyPathPackage.customKeywords.selectRandomPostCodes is PASSED

30-08-2024T12:31:47 - [TEST_STEP][PASSED] - setText(findTestObject("Object Repository/APAC_University/Help_University/Field_Postcode"), Postcode): Text '74742' is set on object 'Object Repository/APAC_University/Help_University/Field_Postcode'

30-08-2024T12:31:48 - [MESSAGE][PASSED] - Text '74742' is set on object 'Object Repository/APAC_University/Help_University/Field_Postcode'

30-08-2024T12:31:48 - [TEST_STEP][PASSED] - buttonObject = findTestObject("Object Repository/APAC_University/Help_University/Button_Nextstep1"): null

30-08-2024T12:31:48 - [TEST_STEP][PASSED] - mouseOver(buttonObject): Object: 'Object Repository/APAC_University/Help_University/Button_Nextstep1' is hovered

30-08-2024T12:31:48 - [MESSAGE][PASSED] - Object: 'Object Repository/APAC_University/Help_University/Button_Nextstep1' is hovered

30-08-2024T12:31:48 - [TEST_STEP][PASSED] - waitForElementClickable(findTestObject("Object Repository/APAC_University/Help_University/Button_Nextstep1"), 10): Object 'Object Repository/APAC_University/Help_University/Button_Nextstep1' is clickable

30-08-2024T12:31:48 - [MESSAGE][PASSED] - Object 'Object Repository/APAC_University/Help_University/Button_Nextstep1' is clickable

30-08-2024T12:31:48 - [TEST_STEP][PASSED] - click(findTestObject("Object Repository/APAC_University/Help_University/Button_Nextstep1")): Object: 'Object Repository/APAC_University/Help_University/Button_Nextstep1' is clicked on

30-08-2024T12:31:49 - [MESSAGE][PASSED] - Object: 'Object Repository/APAC_University/Help_University/Button_Nextstep1' is clicked on

30-08-2024T12:31:49 - [TEST_STEP][PASSED] - dropdown = findTestObject("Object Repository/APAC_University/Help_University/Dropdown_Highereducation"): null

30-08-2024T12:31:49 - [TEST_STEP][PASSED] - options = ["High school", "Diploma", "Bachelors degree", "Masters Degree"]: null

30-08-2024T12:31:49 - [TEST_STEP][PASSED] - randomOption = options[Random().nextInt(length)]: null

30-08-2024T12:31:49 - [TEST_STEP][PASSED] - selectOptionByValue(dropdown, randomOption, true): All options with value 'Diploma' are selected in object 'Object Repository/APAC_University/Help_University/Dropdown_Highereducation'  using regular expression

30-08-2024T12:31:50 - [MESSAGE][PASSED] - All options with value 'Diploma' are selected in object 'Object Repository/APAC_University/Help_University/Dropdown_Highereducation'  using regular expression

30-08-2024T12:31:50 - [TEST_STEP][PASSED] - if (randomOption.equals("Diploma")): All options with value 'No' are selected in object 'Object Repository/APAC_University/Help_University/Dropdown_Apel'  using regular expression

30-08-2024T12:31:50 - [TEST_STEP][PASSED] - delay(3): Delayed 3 second(s)

30-08-2024T12:31:53 - [MESSAGE][PASSED] - Delayed 3 second(s)

30-08-2024T12:31:53 - [TEST_STEP][PASSED] - APELdropdown = findTestObject("Object Repository/APAC_University/Help_University/Dropdown_Apel"): null

30-08-2024T12:31:53 - [TEST_STEP][PASSED] - APELoptions = ["Yes", "No", "Unsure"]: null

30-08-2024T12:31:53 - [TEST_STEP][PASSED] - APELrandomOption = APELoptions[Random().nextInt(length)]: null

30-08-2024T12:31:53 - [TEST_STEP][PASSED] - selectOptionByValue(APELdropdown, APELrandomOption, true): All options with value 'No' are selected in object 'Object Repository/APAC_University/Help_University/Dropdown_Apel'  using regular expression

30-08-2024T12:31:54 - [MESSAGE][PASSED] - All options with value 'No' are selected in object 'Object Repository/APAC_University/Help_University/Dropdown_Apel'  using regular expression

30-08-2024T12:31:54 - [TEST_STEP][PASSED] - startdate = findTestObject("Object Repository/APAC_University/Help_University/Dropdown_Startdate"): null

30-08-2024T12:31:54 - [TEST_STEP][PASSED] - selectOptionByIndex(startdate, keyPathPackage.customKeywords.selectRandomOptionFromDropdown()): All options with index in [1] are selected on object 'Object Repository/APAC_University/Help_University/Dropdown_Startdate'

30-08-2024T12:31:54 - [MESSAGE][PASSED] - keyPathPackage.customKeywords.selectRandomOptionFromDropdown is PASSED

30-08-2024T12:31:55 - [MESSAGE][PASSED] - All options with index in [1] are selected on object 'Object Repository/APAC_University/Help_University/Dropdown_Startdate'

30-08-2024T12:31:55 - [TEST_STEP][PASSED] - Englishlevel = findTestObject("Object Repository/APAC_University/Help_University/Dropdown_Englishlevel"): null

30-08-2024T12:31:55 - [TEST_STEP][PASSED] - selectOptionByIndex(Englishlevel, keyPathPackage.customKeywords.selectRandomOptionFromDropdown()): All options with index in [2] are selected on object 'Object Repository/APAC_University/Help_University/Dropdown_Englishlevel'

30-08-2024T12:31:55 - [MESSAGE][PASSED] - keyPathPackage.customKeywords.selectRandomOptionFromDropdown is PASSED

30-08-2024T12:31:55 - [MESSAGE][PASSED] - All options with index in [2] are selected on object 'Object Repository/APAC_University/Help_University/Dropdown_Englishlevel'

30-08-2024T12:31:55 - [TEST_STEP][PASSED] - Workexperience = findTestObject("Object Repository/APAC_University/Help_University/Dropdown_Workexperience"): null

30-08-2024T12:31:55 - [TEST_STEP][PASSED] - selectOptionByIndex(Workexperience, keyPathPackage.customKeywords.selectRandomOptionFromDropdown()): All options with index in [2] are selected on object 'Object Repository/APAC_University/Help_University/Dropdown_Workexperience'

30-08-2024T12:31:55 - [MESSAGE][PASSED] - keyPathPackage.customKeywords.selectRandomOptionFromDropdown is PASSED

30-08-2024T12:31:56 - [MESSAGE][PASSED] - All options with index in [2] are selected on object 'Object Repository/APAC_University/Help_University/Dropdown_Workexperience'

30-08-2024T12:31:56 - [TEST_STEP][PASSED] - Enquiry = findTestObject("Object Repository/APAC_University/Help_University/Dropdown_Enquiry"): null

30-08-2024T12:31:56 - [TEST_STEP][PASSED] - selectOptionByIndex(Enquiry, keyPathPackage.customKeywords.selectRandomOptionFromDropdown()): All options with index in [2] are selected on object 'Object Repository/APAC_University/Help_University/Dropdown_Enquiry'

30-08-2024T12:31:56 - [MESSAGE][PASSED] - keyPathPackage.customKeywords.selectRandomOptionFromDropdown is PASSED

30-08-2024T12:31:57 - [MESSAGE][PASSED] - All options with index in [2] are selected on object 'Object Repository/APAC_University/Help_University/Dropdown_Enquiry'

30-08-2024T12:31:57 - [TEST_STEP][PASSED] - waitForElementClickable(findTestObject("Object Repository/APAC_University/Help_University/Button_Nextstep2"), 10): Object 'Object Repository/APAC_University/Help_University/Button_Nextstep2' is clickable

30-08-2024T12:31:57 - [MESSAGE][PASSED] - Object 'Object Repository/APAC_University/Help_University/Button_Nextstep2' is clickable

30-08-2024T12:31:57 - [TEST_STEP][PASSED] - click(findTestObject("Object Repository/APAC_University/Help_University/Button_Nextstep2")): Object: 'Object Repository/APAC_University/Help_University/Button_Nextstep2' is clicked on

30-08-2024T12:31:57 - [MESSAGE][PASSED] - Object: 'Object Repository/APAC_University/Help_University/Button_Nextstep2' is clicked on

30-08-2024T12:31:57 - [TEST_STEP][PASSED] - FirstName = keyPathPackage.customKeywords.generateRandomFirstName(): keyPathPackage.customKeywords.generateRandomFirstName is PASSED

30-08-2024T12:31:57 - [MESSAGE][PASSED] - keyPathPackage.customKeywords.generateRandomFirstName is PASSED

30-08-2024T12:31:57 - [TEST_STEP][PASSED] - setText(findTestObject("Object Repository/APAC_University/Help_University/Field_Firstname"), FirstName): Text 'Hertha' is set on object 'Object Repository/APAC_University/Help_University/Field_Firstname'

30-08-2024T12:31:58 - [MESSAGE][PASSED] - Text 'Hertha' is set on object 'Object Repository/APAC_University/Help_University/Field_Firstname'

30-08-2024T12:31:58 - [TEST_STEP][PASSED] - LastName = keyPathPackage.customKeywords.generateRandomLastName(): keyPathPackage.customKeywords.generateRandomLastName is PASSED

30-08-2024T12:31:58 - [MESSAGE][PASSED] - keyPathPackage.customKeywords.generateRandomLastName is PASSED

30-08-2024T12:31:58 - [TEST_STEP][PASSED] - setText(findTestObject("Object Repository/APAC_University/Help_University/Field_lastname"), LastName): Text 'Testing Emmerich' is set on object 'Object Repository/APAC_University/Help_University/Field_lastname'

30-08-2024T12:31:59 - [MESSAGE][PASSED] - Text 'Testing Emmerich' is set on object 'Object Repository/APAC_University/Help_University/Field_lastname'

30-08-2024T12:31:59 - [TEST_STEP][PASSED] - Phonenumber = keyPathPackage.customKeywords.generateRandomMalaysianPhoneNumber(): keyPathPackage.customKeywords.generateRandomMalaysianPhoneNumber is PASSED

30-08-2024T12:31:59 - [MESSAGE][PASSED] - keyPathPackage.customKeywords.generateRandomMalaysianPhoneNumber is PASSED

30-08-2024T12:31:59 - [TEST_STEP][PASSED] - setText(findTestObject("Object Repository/APAC_University/MBS_University/Degree Program/Field_Phonenumber"), Phonenumber): Text '121432622' is set on object 'Object Repository/APAC_University/MBS_University/Degree Program/Field_Phonenumber'

30-08-2024T12:31:59 - [MESSAGE][PASSED] - Text '121432622' is set on object 'Object Repository/APAC_University/MBS_University/Degree Program/Field_Phonenumber'

30-08-2024T12:31:59 - [TEST_STEP][PASSED] - waitForElementClickable(findTestObject("Object Repository/APAC_University/Help_University/Button_Submit"), 10): Object 'Object Repository/APAC_University/Help_University/Button_Submit' is clickable

30-08-2024T12:32:00 - [MESSAGE][PASSED] - Object 'Object Repository/APAC_University/Help_University/Button_Submit' is clickable

30-08-2024T12:32:00 - [TEST_STEP][PASSED] - click(findTestObject("Object Repository/APAC_University/Help_University/Button_Submit")): Object: 'Object Repository/APAC_University/Help_University/Button_Submit' is clicked on

30-08-2024T12:32:00 - [MESSAGE][PASSED] - Object: 'Object Repository/APAC_University/Help_University/Button_Submit' is clicked on

30-08-2024T12:32:00 - [MESSAGE][PASSED] - Call Test Case 'Test Cases/APAC_Universities/SEO_PAGES/Help_University/Resuable_Testcases/Lead_Form' successfully

30-08-2024T12:32:00 - [TEST_STEP][PASSED] - closeBrowser(): Browser is closed

30-08-2024T12:32:00 - [MESSAGE][PASSED] - Browser is closed]]></system-out>
         <system-err><![CDATA[]]></system-err>
      </testcase>
      <testcase name="Test Cases/APAC_Universities/SEO_PAGES/Sunway_University/Main_Page" time="49.554" classname="Test Cases/APAC_Universities/SEO_PAGES/Sunway_University/Main_Page" status="FAILED">
         <failure type="FAILED" message="Test Cases/APAC_Universities/SEO_PAGES/Sunway_University/Main_Page FAILED.&#xa;Reason:&#xa;com.kms.katalon.core.exception.StepFailedException: Call Test Case 'Test Cases/APAC_Universities/SEO_PAGES/Sunway_University/Resuable_Testcases/Lead_Form' failed&#xa;	at com.kms.katalon.core.keyword.builtin.CallTestCaseKeyword$_callTestCase_closure1.doCall(CallTestCaseKeyword.groovy:63)&#xa;	at com.kms.katalon.core.keyword.builtin.CallTestCaseKeyword$_callTestCase_closure1.call(CallTestCaseKeyword.groovy)&#xa;	at com.kms.katalon.core.keyword.internal.KeywordMain.runKeyword(KeywordMain.groovy:75)&#xa;	at com.kms.katalon.core.keyword.builtin.CallTestCaseKeyword.callTestCase(CallTestCaseKeyword.groovy:81)&#xa;	at com.kms.katalon.core.keyword.builtin.CallTestCaseKeyword.execute(CallTestCaseKeyword.groovy:44)&#xa;	at com.kms.katalon.core.keyword.internal.KeywordExecutor.executeKeywordForPlatform(KeywordExecutor.groovy:74)&#xa;	at com.kms.katalon.core.keyword.BuiltinKeywords.callTestCase(BuiltinKeywords.groovy:310)&#xa;	at jdk.internal.reflect.GeneratedMethodAccessor34.invoke(Unknown Source)&#xa;	at java.base/jdk.internal.reflect.DelegatingMethodAccessorImpl.invoke(DelegatingMethodAccessorImpl.java:43)&#xa;	at Main_Page.run(Main_Page:25)&#xa;	at com.kms.katalon.core.main.ScriptEngine.run(ScriptEngine.java:194)&#xa;	at com.kms.katalon.core.main.ScriptEngine.runScriptAsRawText(ScriptEngine.java:119)&#xa;	at com.kms.katalon.core.main.TestCaseExecutor.runScript(TestCaseExecutor.java:448)&#xa;	at com.kms.katalon.core.main.TestCaseExecutor.doExecute(TestCaseExecutor.java:439)&#xa;	at com.kms.katalon.core.main.TestCaseExecutor.processExecutionPhase(TestCaseExecutor.java:418)&#xa;	at com.kms.katalon.core.main.TestCaseExecutor.accessMainPhase(TestCaseExecutor.java:410)&#xa;	at com.kms.katalon.core.main.TestCaseExecutor.execute(TestCaseExecutor.java:285)&#xa;	at com.kms.katalon.core.common.CommonExecutor.accessTestCaseMainPhase(CommonExecutor.java:65)&#xa;	at com.kms.katalon.core.main.TestSuiteExecutor.accessTestSuiteMainPhase(TestSuiteExecutor.java:150)&#xa;	at com.kms.katalon.core.main.TestSuiteExecutor.execute(TestSuiteExecutor.java:106)&#xa;	at com.kms.katalon.core.main.TestCaseMain.startTestSuite(TestCaseMain.java:180)&#xa;	at TempTestSuite1724984311518.run(TempTestSuite1724984311518.groovy:35)&#xa;	at java.base/jdk.internal.reflect.NativeMethodAccessorImpl.invoke0(Native Method)&#xa;	at java.base/jdk.internal.reflect.NativeMethodAccessorImpl.invoke(NativeMethodAccessorImpl.java:77)&#xa;	at java.base/jdk.internal.reflect.DelegatingMethodAccessorImpl.invoke(DelegatingMethodAccessorImpl.java:43)&#xa;Caused by: com.kms.katalon.core.exception.StepFailedException: Cannot find web element by test object Object Repository/APAC_University/SUN_University/Dropdown_Program&#xa;	at com.kms.katalon.core.webui.keyword.internal.WebUIKeywordMain.stepFailed(WebUIKeywordMain.groovy:64)&#xa;	at com.kms.katalon.core.webui.keyword.internal.WebUIKeywordMain.runKeyword(WebUIKeywordMain.groovy:26)&#xa;	at com.kms.katalon.core.webui.keyword.builtin.FindWebElementKeyword.findWebElement(FindWebElementKeyword.groovy:86)&#xa;	at com.kms.katalon.core.webui.keyword.builtin.FindWebElementKeyword.execute(FindWebElementKeyword.groovy:68)&#xa;	at com.kms.katalon.core.keyword.internal.KeywordExecutor.executeKeywordForPlatform(KeywordExecutor.groovy:74)&#xa;	at com.kms.katalon.core.webui.keyword.WebUiBuiltInKeywords.findWebElement(WebUiBuiltInKeywords.groovy:2882)&#xa;	at Lead_Form.run(Lead_Form:32)&#xa;	at com.kms.katalon.core.main.ScriptEngine.run(ScriptEngine.java:194)&#xa;	at com.kms.katalon.core.main.ScriptEngine.runScriptAsRawText(ScriptEngine.java:119)&#xa;	at com.kms.katalon.core.main.TestCaseExecutor.runScript(TestCaseExecutor.java:448)&#xa;	at com.kms.katalon.core.main.TestCaseExecutor.doExecute(TestCaseExecutor.java:439)&#xa;	at com.kms.katalon.core.main.TestCaseExecutor.processExecutionPhase(TestCaseExecutor.java:418)&#xa;	at com.kms.katalon.core.main.TestCaseExecutor.accessMainPhase(TestCaseExecutor.java:410)&#xa;	at com.kms.katalon.core.main.TestCaseExecutor.execute(TestCaseExecutor.java:285)&#xa;	at com.kms.katalon.core.main.TestCaseMain.runTestCase(TestCaseMain.java:137)&#xa;	at com.kms.katalon.core.keyword.builtin.CallTestCaseKeyword$_callTestCase_closure1.doCall(CallTestCaseKeyword.groovy:59)&#xa;	... 24 more&#xa;Caused by: com.kms.katalon.core.webui.exception.WebElementNotFoundException: Web element with id: 'Object Repository/APAC_University/SUN_University/Dropdown_Program' located by '//*[@id=&quot;Courseid&quot;]' not found&#xa;	at com.kms.katalon.core.webui.common.WebUiCommonHelper.findWebElement(WebUiCommonHelper.java:1426)&#xa;	at com.kms.katalon.core.webui.keyword.builtin.FindWebElementKeyword$_findWebElement_closure1.doCall(FindWebElementKeyword.groovy:77)&#xa;	at com.kms.katalon.core.webui.keyword.builtin.FindWebElementKeyword$_findWebElement_closure1.call(FindWebElementKeyword.groovy)&#xa;	at com.kms.katalon.core.webui.keyword.internal.WebUIKeywordMain.runKeyword(WebUIKeywordMain.groovy:20)&#xa;	... 38 more&#xa;"/>
         <system-out><![CDATA[30-08-2024T12:32:00 - [TEST_CASE][FAILED] - Test Cases/APAC_Universities/SEO_PAGES/Sunway_University/Main_Page: Test Cases/APAC_Universities/SEO_PAGES/Sunway_University/Main_Page FAILED.
Reason:
com.kms.katalon.core.exception.StepFailedException: Call Test Case 'Test Cases/APAC_Universities/SEO_PAGES/Sunway_University/Resuable_Testcases/Lead_Form' failed
	at com.kms.katalon.core.keyword.builtin.CallTestCaseKeyword$_callTestCase_closure1.doCall(CallTestCaseKeyword.groovy:63)
	at com.kms.katalon.core.keyword.builtin.CallTestCaseKeyword$_callTestCase_closure1.call(CallTestCaseKeyword.groovy)
	at com.kms.katalon.core.keyword.internal.KeywordMain.runKeyword(KeywordMain.groovy:75)
	at com.kms.katalon.core.keyword.builtin.CallTestCaseKeyword.callTestCase(CallTestCaseKeyword.groovy:81)
	at com.kms.katalon.core.keyword.builtin.CallTestCaseKeyword.execute(CallTestCaseKeyword.groovy:44)
	at com.kms.katalon.core.keyword.internal.KeywordExecutor.executeKeywordForPlatform(KeywordExecutor.groovy:74)
	at com.kms.katalon.core.keyword.BuiltinKeywords.callTestCase(BuiltinKeywords.groovy:310)
	at jdk.internal.reflect.GeneratedMethodAccessor34.invoke(Unknown Source)
	at java.base/jdk.internal.reflect.DelegatingMethodAccessorImpl.invoke(DelegatingMethodAccessorImpl.java:43)
	at Main_Page.run(Main_Page:25)
	at com.kms.katalon.core.main.ScriptEngine.run(ScriptEngine.java:194)
	at com.kms.katalon.core.main.ScriptEngine.runScriptAsRawText(ScriptEngine.java:119)
	at com.kms.katalon.core.main.TestCaseExecutor.runScript(TestCaseExecutor.java:448)
	at com.kms.katalon.core.main.TestCaseExecutor.doExecute(TestCaseExecutor.java:439)
	at com.kms.katalon.core.main.TestCaseExecutor.processExecutionPhase(TestCaseExecutor.java:418)
	at com.kms.katalon.core.main.TestCaseExecutor.accessMainPhase(TestCaseExecutor.java:410)
	at com.kms.katalon.core.main.TestCaseExecutor.execute(TestCaseExecutor.java:285)
	at com.kms.katalon.core.common.CommonExecutor.accessTestCaseMainPhase(CommonExecutor.java:65)
	at com.kms.katalon.core.main.TestSuiteExecutor.accessTestSuiteMainPhase(TestSuiteExecutor.java:150)
	at com.kms.katalon.core.main.TestSuiteExecutor.execute(TestSuiteExecutor.java:106)
	at com.kms.katalon.core.main.TestCaseMain.startTestSuite(TestCaseMain.java:180)
	at TempTestSuite1724984311518.run(TempTestSuite1724984311518.groovy:35)
	at java.base/jdk.internal.reflect.NativeMethodAccessorImpl.invoke0(Native Method)
	at java.base/jdk.internal.reflect.NativeMethodAccessorImpl.invoke(NativeMethodAccessorImpl.java:77)
	at java.base/jdk.internal.reflect.DelegatingMethodAccessorImpl.invoke(DelegatingMethodAccessorImpl.java:43)
Caused by: com.kms.katalon.core.exception.StepFailedException: Cannot find web element by test object Object Repository/APAC_University/SUN_University/Dropdown_Program
	at com.kms.katalon.core.webui.keyword.internal.WebUIKeywordMain.stepFailed(WebUIKeywordMain.groovy:64)
	at com.kms.katalon.core.webui.keyword.internal.WebUIKeywordMain.runKeyword(WebUIKeywordMain.groovy:26)
	at com.kms.katalon.core.webui.keyword.builtin.FindWebElementKeyword.findWebElement(FindWebElementKeyword.groovy:86)
	at com.kms.katalon.core.webui.keyword.builtin.FindWebElementKeyword.execute(FindWebElementKeyword.groovy:68)
	at com.kms.katalon.core.keyword.internal.KeywordExecutor.executeKeywordForPlatform(KeywordExecutor.groovy:74)
	at com.kms.katalon.core.webui.keyword.WebUiBuiltInKeywords.findWebElement(WebUiBuiltInKeywords.groovy:2882)
	at Lead_Form.run(Lead_Form:32)
	at com.kms.katalon.core.main.ScriptEngine.run(ScriptEngine.java:194)
	at com.kms.katalon.core.main.ScriptEngine.runScriptAsRawText(ScriptEngine.java:119)
	at com.kms.katalon.core.main.TestCaseExecutor.runScript(TestCaseExecutor.java:448)
	at com.kms.katalon.core.main.TestCaseExecutor.doExecute(TestCaseExecutor.java:439)
	at com.kms.katalon.core.main.TestCaseExecutor.processExecutionPhase(TestCaseExecutor.java:418)
	at com.kms.katalon.core.main.TestCaseExecutor.accessMainPhase(TestCaseExecutor.java:410)
	at com.kms.katalon.core.main.TestCaseExecutor.execute(TestCaseExecutor.java:285)
	at com.kms.katalon.core.main.TestCaseMain.runTestCase(TestCaseMain.java:137)
	at com.kms.katalon.core.keyword.builtin.CallTestCaseKeyword$_callTestCase_closure1.doCall(CallTestCaseKeyword.groovy:59)
	... 24 more
Caused by: com.kms.katalon.core.webui.exception.WebElementNotFoundException: Web element with id: 'Object Repository/APAC_University/SUN_University/Dropdown_Program' located by '//*[@id="Courseid"]' not found
	at com.kms.katalon.core.webui.common.WebUiCommonHelper.findWebElement(WebUiCommonHelper.java:1426)
	at com.kms.katalon.core.webui.keyword.builtin.FindWebElementKeyword$_findWebElement_closure1.doCall(FindWebElementKeyword.groovy:77)
	at com.kms.katalon.core.webui.keyword.builtin.FindWebElementKeyword$_findWebElement_closure1.call(FindWebElementKeyword.groovy)
	at com.kms.katalon.core.webui.keyword.internal.WebUIKeywordMain.runKeyword(WebUIKeywordMain.groovy:20)
	... 38 more


30-08-2024T12:32:00 - [TEST_STEP][PASSED] - callTestCase(findTestCase("Test Cases/APAC_Universities/SEO_PAGES/Sunway_University/Resuable_Testcases/Navigate_To_URL"), [:], STOP_ON_FAILURE): Call Test Case 'Test Cases/APAC_Universities/SEO_PAGES/Sunway_University/Resuable_Testcases/Navigate_To_URL' successfully

30-08-2024T12:32:00 - [TEST_CASE][PASSED] - Test Cases/APAC_Universities/SEO_PAGES/Sunway_University/Resuable_Testcases/Navigate_To_URL: Test Cases/APAC_Universities/SEO_PAGES/Sunway_University/Resuable_Testcases/Navigate_To_URL

30-08-2024T12:32:00 - [TEST_STEP][PASSED] - openBrowser(""): Browser is opened with url: ''

30-08-2024T12:32:00 - [MESSAGE][INFO] - Starting 'Chrome' driver

30-08-2024T12:32:00 - [MESSAGE][INFO] - Action delay is set to 0 milliseconds

30-08-2024T12:32:01 - [MESSAGE][PASSED] - Browser is opened with url: ''

30-08-2024T12:32:01 - [TEST_STEP][PASSED] - navigateToUrl(University_SUN): Navigate to 'https://key:path@dev-sun-opm.pantheonsite.io/' successfully

30-08-2024T12:32:15 - [MESSAGE][PASSED] - Navigate to 'https://key:path@dev-sun-opm.pantheonsite.io/' successfully

30-08-2024T12:32:15 - [TEST_STEP][PASSED] - maximizeWindow(): Current window maximized

30-08-2024T12:32:15 - [MESSAGE][PASSED] - Current window maximized

30-08-2024T12:32:15 - [MESSAGE][PASSED] - Call Test Case 'Test Cases/APAC_Universities/SEO_PAGES/Sunway_University/Resuable_Testcases/Navigate_To_URL' successfully

30-08-2024T12:32:15 - [TEST_STEP][FAILED] - callTestCase(findTestCase("Test Cases/APAC_Universities/SEO_PAGES/Sunway_University/Resuable_Testcases/Lead_Form"), [:], STOP_ON_FAILURE): Unable to call Test Case 'Test Cases/APAC_Universities/SEO_PAGES/Sunway_University/Resuable_Testcases/Lead_Form' (Root cause: com.kms.katalon.core.exception.StepFailedException: Call Test Case 'Test Cases/APAC_Universities/SEO_PAGES/Sunway_University/Resuable_Testcases/Lead_Form' failed
	at com.kms.katalon.core.keyword.builtin.CallTestCaseKeyword$_callTestCase_closure1.doCall(CallTestCaseKeyword.groovy:63)
	at com.kms.katalon.core.keyword.builtin.CallTestCaseKeyword$_callTestCase_closure1.call(CallTestCaseKeyword.groovy)
	at com.kms.katalon.core.keyword.internal.KeywordMain.runKeyword(KeywordMain.groovy:75)
	at com.kms.katalon.core.keyword.builtin.CallTestCaseKeyword.callTestCase(CallTestCaseKeyword.groovy:81)
	at com.kms.katalon.core.keyword.builtin.CallTestCaseKeyword.execute(CallTestCaseKeyword.groovy:44)
	at com.kms.katalon.core.keyword.internal.KeywordExecutor.executeKeywordForPlatform(KeywordExecutor.groovy:74)
	at com.kms.katalon.core.keyword.BuiltinKeywords.callTestCase(BuiltinKeywords.groovy:310)
	at jdk.internal.reflect.GeneratedMethodAccessor34.invoke(Unknown Source)
	at java.base/jdk.internal.reflect.DelegatingMethodAccessorImpl.invoke(DelegatingMethodAccessorImpl.java:43)
	at Main_Page.run(Main_Page:25)
	at com.kms.katalon.core.main.ScriptEngine.run(ScriptEngine.java:194)
	at com.kms.katalon.core.main.ScriptEngine.runScriptAsRawText(ScriptEngine.java:119)
	at com.kms.katalon.core.main.TestCaseExecutor.runScript(TestCaseExecutor.java:448)
	at com.kms.katalon.core.main.TestCaseExecutor.doExecute(TestCaseExecutor.java:439)
	at com.kms.katalon.core.main.TestCaseExecutor.processExecutionPhase(TestCaseExecutor.java:418)
	at com.kms.katalon.core.main.TestCaseExecutor.accessMainPhase(TestCaseExecutor.java:410)
	at com.kms.katalon.core.main.TestCaseExecutor.execute(TestCaseExecutor.java:285)
	at com.kms.katalon.core.common.CommonExecutor.accessTestCaseMainPhase(CommonExecutor.java:65)
	at com.kms.katalon.core.main.TestSuiteExecutor.accessTestSuiteMainPhase(TestSuiteExecutor.java:150)
	at com.kms.katalon.core.main.TestSuiteExecutor.execute(TestSuiteExecutor.java:106)
	at com.kms.katalon.core.main.TestCaseMain.startTestSuite(TestCaseMain.java:180)
	at TempTestSuite1724984311518.run(TempTestSuite1724984311518.groovy:35)
	at java.base/jdk.internal.reflect.NativeMethodAccessorImpl.invoke0(Native Method)
	at java.base/jdk.internal.reflect.NativeMethodAccessorImpl.invoke(NativeMethodAccessorImpl.java:77)
	at java.base/jdk.internal.reflect.DelegatingMethodAccessorImpl.invoke(DelegatingMethodAccessorImpl.java:43)
Caused by: com.kms.katalon.core.exception.StepFailedException: Cannot find web element by test object Object Repository/APAC_University/SUN_University/Dropdown_Program
	at com.kms.katalon.core.webui.keyword.internal.WebUIKeywordMain.stepFailed(WebUIKeywordMain.groovy:64)
	at com.kms.katalon.core.webui.keyword.internal.WebUIKeywordMain.runKeyword(WebUIKeywordMain.groovy:26)
	at com.kms.katalon.core.webui.keyword.builtin.FindWebElementKeyword.findWebElement(FindWebElementKeyword.groovy:86)
	at com.kms.katalon.core.webui.keyword.builtin.FindWebElementKeyword.execute(FindWebElementKeyword.groovy:68)
	at com.kms.katalon.core.keyword.internal.KeywordExecutor.executeKeywordForPlatform(KeywordExecutor.groovy:74)
	at com.kms.katalon.core.webui.keyword.WebUiBuiltInKeywords.findWebElement(WebUiBuiltInKeywords.groovy:2882)
	at Lead_Form.run(Lead_Form:32)
	at com.kms.katalon.core.main.ScriptEngine.run(ScriptEngine.java:194)
	at com.kms.katalon.core.main.ScriptEngine.runScriptAsRawText(ScriptEngine.java:119)
	at com.kms.katalon.core.main.TestCaseExecutor.runScript(TestCaseExecutor.java:448)
	at com.kms.katalon.core.main.TestCaseExecutor.doExecute(TestCaseExecutor.java:439)
	at com.kms.katalon.core.main.TestCaseExecutor.processExecutionPhase(TestCaseExecutor.java:418)
	at com.kms.katalon.core.main.TestCaseExecutor.accessMainPhase(TestCaseExecutor.java:410)
	at com.kms.katalon.core.main.TestCaseExecutor.execute(TestCaseExecutor.java:285)
	at com.kms.katalon.core.main.TestCaseMain.runTestCase(TestCaseMain.java:137)
	at com.kms.katalon.core.keyword.builtin.CallTestCaseKeyword$_callTestCase_closure1.doCall(CallTestCaseKeyword.groovy:59)
	... 24 more
Caused by: com.kms.katalon.core.webui.exception.WebElementNotFoundException: Web element with id: 'Object Repository/APAC_University/SUN_University/Dropdown_Program' located by '//*[@id="Courseid"]' not found
	at com.kms.katalon.core.webui.common.WebUiCommonHelper.findWebElement(WebUiCommonHelper.java:1426)
	at com.kms.katalon.core.webui.keyword.builtin.FindWebElementKeyword$_findWebElement_closure1.doCall(FindWebElementKeyword.groovy:77)
	at com.kms.katalon.core.webui.keyword.builtin.FindWebElementKeyword$_findWebElement_closure1.call(FindWebElementKeyword.groovy)
	at com.kms.katalon.core.webui.keyword.internal.WebUIKeywordMain.runKeyword(WebUIKeywordMain.groovy:20)
	... 38 more
)

30-08-2024T12:32:15 - [TEST_CASE][FAILED] - Test Cases/APAC_Universities/SEO_PAGES/Sunway_University/Resuable_Testcases/Lead_Form: Test Cases/APAC_Universities/SEO_PAGES/Sunway_University/Resuable_Testcases/Lead_Form FAILED.
Reason:
com.kms.katalon.core.exception.StepFailedException: Cannot find web element by test object Object Repository/APAC_University/SUN_University/Dropdown_Program
	at com.kms.katalon.core.webui.keyword.internal.WebUIKeywordMain.stepFailed(WebUIKeywordMain.groovy:64)
	at com.kms.katalon.core.webui.keyword.internal.WebUIKeywordMain.runKeyword(WebUIKeywordMain.groovy:26)
	at com.kms.katalon.core.webui.keyword.builtin.FindWebElementKeyword.findWebElement(FindWebElementKeyword.groovy:86)
	at com.kms.katalon.core.webui.keyword.builtin.FindWebElementKeyword.execute(FindWebElementKeyword.groovy:68)
	at com.kms.katalon.core.keyword.internal.KeywordExecutor.executeKeywordForPlatform(KeywordExecutor.groovy:74)
	at com.kms.katalon.core.webui.keyword.WebUiBuiltInKeywords.findWebElement(WebUiBuiltInKeywords.groovy:2882)
	at Lead_Form.run(Lead_Form:32)
	at com.kms.katalon.core.main.ScriptEngine.run(ScriptEngine.java:194)
	at com.kms.katalon.core.main.ScriptEngine.runScriptAsRawText(ScriptEngine.java:119)
	at com.kms.katalon.core.main.TestCaseExecutor.runScript(TestCaseExecutor.java:448)
	at com.kms.katalon.core.main.TestCaseExecutor.doExecute(TestCaseExecutor.java:439)
	at com.kms.katalon.core.main.TestCaseExecutor.processExecutionPhase(TestCaseExecutor.java:418)
	at com.kms.katalon.core.main.TestCaseExecutor.accessMainPhase(TestCaseExecutor.java:410)
	at com.kms.katalon.core.main.TestCaseExecutor.execute(TestCaseExecutor.java:285)
	at com.kms.katalon.core.main.TestCaseMain.runTestCase(TestCaseMain.java:137)
	at com.kms.katalon.core.keyword.builtin.CallTestCaseKeyword$_callTestCase_closure1.doCall(CallTestCaseKeyword.groovy:59)
	at com.kms.katalon.core.keyword.builtin.CallTestCaseKeyword$_callTestCase_closure1.call(CallTestCaseKeyword.groovy)
	at com.kms.katalon.core.keyword.internal.KeywordMain.runKeyword(KeywordMain.groovy:75)
	at com.kms.katalon.core.keyword.builtin.CallTestCaseKeyword.callTestCase(CallTestCaseKeyword.groovy:81)
	at com.kms.katalon.core.keyword.builtin.CallTestCaseKeyword.execute(CallTestCaseKeyword.groovy:44)
	at com.kms.katalon.core.keyword.internal.KeywordExecutor.executeKeywordForPlatform(KeywordExecutor.groovy:74)
	at com.kms.katalon.core.keyword.BuiltinKeywords.callTestCase(BuiltinKeywords.groovy:310)
	at jdk.internal.reflect.GeneratedMethodAccessor34.invoke(Unknown Source)
	at java.base/jdk.internal.reflect.DelegatingMethodAccessorImpl.invoke(DelegatingMethodAccessorImpl.java:43)
	at Main_Page.run(Main_Page:25)
	at com.kms.katalon.core.main.ScriptEngine.run(ScriptEngine.java:194)
	at com.kms.katalon.core.main.ScriptEngine.runScriptAsRawText(ScriptEngine.java:119)
	at com.kms.katalon.core.main.TestCaseExecutor.runScript(TestCaseExecutor.java:448)
	at com.kms.katalon.core.main.TestCaseExecutor.doExecute(TestCaseExecutor.java:439)
	at com.kms.katalon.core.main.TestCaseExecutor.processExecutionPhase(TestCaseExecutor.java:418)
	at com.kms.katalon.core.main.TestCaseExecutor.accessMainPhase(TestCaseExecutor.java:410)
	at com.kms.katalon.core.main.TestCaseExecutor.execute(TestCaseExecutor.java:285)
	at com.kms.katalon.core.common.CommonExecutor.accessTestCaseMainPhase(CommonExecutor.java:65)
	at com.kms.katalon.core.main.TestSuiteExecutor.accessTestSuiteMainPhase(TestSuiteExecutor.java:150)
	at com.kms.katalon.core.main.TestSuiteExecutor.execute(TestSuiteExecutor.java:106)
	at com.kms.katalon.core.main.TestCaseMain.startTestSuite(TestCaseMain.java:180)
	at TempTestSuite1724984311518.run(TempTestSuite1724984311518.groovy:35)
	at java.base/jdk.internal.reflect.NativeMethodAccessorImpl.invoke0(Native Method)
	at java.base/jdk.internal.reflect.NativeMethodAccessorImpl.invoke(NativeMethodAccessorImpl.java:77)
	at java.base/jdk.internal.reflect.DelegatingMethodAccessorImpl.invoke(DelegatingMethodAccessorImpl.java:43)
Caused by: com.kms.katalon.core.webui.exception.WebElementNotFoundException: Web element with id: 'Object Repository/APAC_University/SUN_University/Dropdown_Program' located by '//*[@id="Courseid"]' not found
	at com.kms.katalon.core.webui.common.WebUiCommonHelper.findWebElement(WebUiCommonHelper.java:1426)
	at com.kms.katalon.core.webui.keyword.builtin.FindWebElementKeyword$_findWebElement_closure1.doCall(FindWebElementKeyword.groovy:77)
	at com.kms.katalon.core.webui.keyword.builtin.FindWebElementKeyword$_findWebElement_closure1.call(FindWebElementKeyword.groovy)
	at com.kms.katalon.core.webui.keyword.internal.WebUIKeywordMain.runKeyword(WebUIKeywordMain.groovy:20)
	... 38 more


30-08-2024T12:32:15 - [TEST_STEP][PASSED] - selectTestObject = findTestObject("Object Repository/APAC_University/SUN_University/Dropdown_Program"): null

30-08-2024T12:32:15 - [TEST_STEP][FAILED] - selectElement = findWebElement(selectTestObject, 0): Cannot find web element by test object Object Repository/APAC_University/SUN_University/Dropdown_Program (Root cause: com.kms.katalon.core.exception.StepFailedException: Cannot find web element by test object Object Repository/APAC_University/SUN_University/Dropdown_Program
	at com.kms.katalon.core.webui.keyword.internal.WebUIKeywordMain.stepFailed(WebUIKeywordMain.groovy:64)
	at com.kms.katalon.core.webui.keyword.internal.WebUIKeywordMain.runKeyword(WebUIKeywordMain.groovy:26)
	at com.kms.katalon.core.webui.keyword.builtin.FindWebElementKeyword.findWebElement(FindWebElementKeyword.groovy:86)
	at com.kms.katalon.core.webui.keyword.builtin.FindWebElementKeyword.execute(FindWebElementKeyword.groovy:68)
	at com.kms.katalon.core.keyword.internal.KeywordExecutor.executeKeywordForPlatform(KeywordExecutor.groovy:74)
	at com.kms.katalon.core.webui.keyword.WebUiBuiltInKeywords.findWebElement(WebUiBuiltInKeywords.groovy:2882)
	at Lead_Form.run(Lead_Form:32)
	at com.kms.katalon.core.main.ScriptEngine.run(ScriptEngine.java:194)
	at com.kms.katalon.core.main.ScriptEngine.runScriptAsRawText(ScriptEngine.java:119)
	at com.kms.katalon.core.main.TestCaseExecutor.runScript(TestCaseExecutor.java:448)
	at com.kms.katalon.core.main.TestCaseExecutor.doExecute(TestCaseExecutor.java:439)
	at com.kms.katalon.core.main.TestCaseExecutor.processExecutionPhase(TestCaseExecutor.java:418)
	at com.kms.katalon.core.main.TestCaseExecutor.accessMainPhase(TestCaseExecutor.java:410)
	at com.kms.katalon.core.main.TestCaseExecutor.execute(TestCaseExecutor.java:285)
	at com.kms.katalon.core.main.TestCaseMain.runTestCase(TestCaseMain.java:137)
	at com.kms.katalon.core.keyword.builtin.CallTestCaseKeyword$_callTestCase_closure1.doCall(CallTestCaseKeyword.groovy:59)
	at com.kms.katalon.core.keyword.builtin.CallTestCaseKeyword$_callTestCase_closure1.call(CallTestCaseKeyword.groovy)
	at com.kms.katalon.core.keyword.internal.KeywordMain.runKeyword(KeywordMain.groovy:75)
	at com.kms.katalon.core.keyword.builtin.CallTestCaseKeyword.callTestCase(CallTestCaseKeyword.groovy:81)
	at com.kms.katalon.core.keyword.builtin.CallTestCaseKeyword.execute(CallTestCaseKeyword.groovy:44)
	at com.kms.katalon.core.keyword.internal.KeywordExecutor.executeKeywordForPlatform(KeywordExecutor.groovy:74)
	at com.kms.katalon.core.keyword.BuiltinKeywords.callTestCase(BuiltinKeywords.groovy:310)
	at jdk.internal.reflect.GeneratedMethodAccessor34.invoke(Unknown Source)
	at java.base/jdk.internal.reflect.DelegatingMethodAccessorImpl.invoke(DelegatingMethodAccessorImpl.java:43)
	at Main_Page.run(Main_Page:25)
	at com.kms.katalon.core.main.ScriptEngine.run(ScriptEngine.java:194)
	at com.kms.katalon.core.main.ScriptEngine.runScriptAsRawText(ScriptEngine.java:119)
	at com.kms.katalon.core.main.TestCaseExecutor.runScript(TestCaseExecutor.java:448)
	at com.kms.katalon.core.main.TestCaseExecutor.doExecute(TestCaseExecutor.java:439)
	at com.kms.katalon.core.main.TestCaseExecutor.processExecutionPhase(TestCaseExecutor.java:418)
	at com.kms.katalon.core.main.TestCaseExecutor.accessMainPhase(TestCaseExecutor.java:410)
	at com.kms.katalon.core.main.TestCaseExecutor.execute(TestCaseExecutor.java:285)
	at com.kms.katalon.core.common.CommonExecutor.accessTestCaseMainPhase(CommonExecutor.java:65)
	at com.kms.katalon.core.main.TestSuiteExecutor.accessTestSuiteMainPhase(TestSuiteExecutor.java:150)
	at com.kms.katalon.core.main.TestSuiteExecutor.execute(TestSuiteExecutor.java:106)
	at com.kms.katalon.core.main.TestCaseMain.startTestSuite(TestCaseMain.java:180)
	at TempTestSuite1724984311518.run(TempTestSuite1724984311518.groovy:35)
	at java.base/jdk.internal.reflect.NativeMethodAccessorImpl.invoke0(Native Method)
	at java.base/jdk.internal.reflect.NativeMethodAccessorImpl.invoke(NativeMethodAccessorImpl.java:77)
	at java.base/jdk.internal.reflect.DelegatingMethodAccessorImpl.invoke(DelegatingMethodAccessorImpl.java:43)
Caused by: com.kms.katalon.core.webui.exception.WebElementNotFoundException: Web element with id: 'Object Repository/APAC_University/SUN_University/Dropdown_Program' located by '//*[@id="Courseid"]' not found
	at com.kms.katalon.core.webui.common.WebUiCommonHelper.findWebElement(WebUiCommonHelper.java:1426)
	at com.kms.katalon.core.webui.keyword.builtin.FindWebElementKeyword$_findWebElement_closure1.doCall(FindWebElementKeyword.groovy:77)
	at com.kms.katalon.core.webui.keyword.builtin.FindWebElementKeyword$_findWebElement_closure1.call(FindWebElementKeyword.groovy)
	at com.kms.katalon.core.webui.keyword.internal.WebUIKeywordMain.runKeyword(WebUIKeywordMain.groovy:20)
	at com.kms.katalon.core.webui.keyword.builtin.FindWebElementKeyword.findWebElement(FindWebElementKeyword.groovy:86)
	at com.kms.katalon.core.webui.keyword.builtin.FindWebElementKeyword.execute(FindWebElementKeyword.groovy:68)
	at com.kms.katalon.core.keyword.internal.KeywordExecutor.executeKeywordForPlatform(KeywordExecutor.groovy:74)
	at com.kms.katalon.core.webui.keyword.WebUiBuiltInKeywords.findWebElement(WebUiBuiltInKeywords.groovy:2882)
	at Script1721796437743.run(Script1721796437743.groovy:32)
	at com.kms.katalon.core.main.ScriptEngine.run(ScriptEngine.java:194)
	at com.kms.katalon.core.main.ScriptEngine.runScriptAsRawText(ScriptEngine.java:119)
	at com.kms.katalon.core.main.TestCaseExecutor.runScript(TestCaseExecutor.java:448)
	at com.kms.katalon.core.main.TestCaseExecutor.doExecute(TestCaseExecutor.java:439)
	at com.kms.katalon.core.main.TestCaseExecutor.processExecutionPhase(TestCaseExecutor.java:418)
	at com.kms.katalon.core.main.TestCaseExecutor.accessMainPhase(TestCaseExecutor.java:410)
	at com.kms.katalon.core.main.TestCaseExecutor.execute(TestCaseExecutor.java:285)
	at com.kms.katalon.core.main.TestCaseMain.runTestCase(TestCaseMain.java:137)
	at com.kms.katalon.core.keyword.builtin.CallTestCaseKeyword$_callTestCase_closure1.doCall(CallTestCaseKeyword.groovy:59)
	at com.kms.katalon.core.keyword.builtin.CallTestCaseKeyword$_callTestCase_closure1.call(CallTestCaseKeyword.groovy)
	at com.kms.katalon.core.keyword.internal.KeywordMain.runKeyword(KeywordMain.groovy:75)
	at com.kms.katalon.core.keyword.builtin.CallTestCaseKeyword.callTestCase(CallTestCaseKeyword.groovy:81)
	at com.kms.katalon.core.keyword.builtin.CallTestCaseKeyword.execute(CallTestCaseKeyword.groovy:44)
	at com.kms.katalon.core.keyword.internal.KeywordExecutor.executeKeywordForPlatform(KeywordExecutor.groovy:74)
	at com.kms.katalon.core.keyword.BuiltinKeywords.callTestCase(BuiltinKeywords.groovy:310)
	at jdk.internal.reflect.GeneratedMethodAccessor34.invoke(Unknown Source)
	at java.base/jdk.internal.reflect.DelegatingMethodAccessorImpl.invoke(DelegatingMethodAccessorImpl.java:43)
	at Script1721693297511.run(Script1721693297511.groovy:25)
	... 15 more
)

30-08-2024T12:32:15 - [MESSAGE][WARNING] - Timeout '0' is invalid. Using default page load timeout: '30'

30-08-2024T12:32:46 - [MESSAGE][INFO] - Unable to find the element located by 'By.xpath: //*[@id="Courseid"]'. Please recheck the objects properties to make sure the desired element is located. 

30-08-2024T12:32:46 - [MESSAGE][WARNING] - [SELF-HEALING] Failed to find element with id 'Object Repository/APAC_University/SUN_University/Dropdown_Program'. Try using Self-healing.

30-08-2024T12:32:47 - [MESSAGE][INFO] - [SELF-HEALING] No working XPath is found.

30-08-2024T12:32:50 - [MESSAGE][INFO] - Unable to find the element located by 'By.xpath: '. Please recheck the objects properties to make sure the desired element is located. 

30-08-2024T12:32:50 - [MESSAGE][WARNING] - [SELF-HEALING] Cannot find elements when the selector is null

30-08-2024T12:32:50 - [MESSAGE][FAILED] - Cannot find web element by test object Object Repository/APAC_University/SUN_University/Dropdown_Program (Root cause: com.kms.katalon.core.exception.StepFailedException: Cannot find web element by test object Object Repository/APAC_University/SUN_University/Dropdown_Program
	at com.kms.katalon.core.webui.keyword.internal.WebUIKeywordMain.stepFailed(WebUIKeywordMain.groovy:64)
	at com.kms.katalon.core.webui.keyword.internal.WebUIKeywordMain.runKeyword(WebUIKeywordMain.groovy:26)
	at com.kms.katalon.core.webui.keyword.builtin.FindWebElementKeyword.findWebElement(FindWebElementKeyword.groovy:86)
	at com.kms.katalon.core.webui.keyword.builtin.FindWebElementKeyword.execute(FindWebElementKeyword.groovy:68)
	at com.kms.katalon.core.keyword.internal.KeywordExecutor.executeKeywordForPlatform(KeywordExecutor.groovy:74)
	at com.kms.katalon.core.webui.keyword.WebUiBuiltInKeywords.findWebElement(WebUiBuiltInKeywords.groovy:2882)
	at Lead_Form.run(Lead_Form:32)
	at com.kms.katalon.core.main.ScriptEngine.run(ScriptEngine.java:194)
	at com.kms.katalon.core.main.ScriptEngine.runScriptAsRawText(ScriptEngine.java:119)
	at com.kms.katalon.core.main.TestCaseExecutor.runScript(TestCaseExecutor.java:448)
	at com.kms.katalon.core.main.TestCaseExecutor.doExecute(TestCaseExecutor.java:439)
	at com.kms.katalon.core.main.TestCaseExecutor.processExecutionPhase(TestCaseExecutor.java:418)
	at com.kms.katalon.core.main.TestCaseExecutor.accessMainPhase(TestCaseExecutor.java:410)
	at com.kms.katalon.core.main.TestCaseExecutor.execute(TestCaseExecutor.java:285)
	at com.kms.katalon.core.main.TestCaseMain.runTestCase(TestCaseMain.java:137)
	at com.kms.katalon.core.keyword.builtin.CallTestCaseKeyword$_callTestCase_closure1.doCall(CallTestCaseKeyword.groovy:59)
	at com.kms.katalon.core.keyword.builtin.CallTestCaseKeyword$_callTestCase_closure1.call(CallTestCaseKeyword.groovy)
	at com.kms.katalon.core.keyword.internal.KeywordMain.runKeyword(KeywordMain.groovy:75)
	at com.kms.katalon.core.keyword.builtin.CallTestCaseKeyword.callTestCase(CallTestCaseKeyword.groovy:81)
	at com.kms.katalon.core.keyword.builtin.CallTestCaseKeyword.execute(CallTestCaseKeyword.groovy:44)
	at com.kms.katalon.core.keyword.internal.KeywordExecutor.executeKeywordForPlatform(KeywordExecutor.groovy:74)
	at com.kms.katalon.core.keyword.BuiltinKeywords.callTestCase(BuiltinKeywords.groovy:310)
	at jdk.internal.reflect.GeneratedMethodAccessor34.invoke(Unknown Source)
	at java.base/jdk.internal.reflect.DelegatingMethodAccessorImpl.invoke(DelegatingMethodAccessorImpl.java:43)
	at Main_Page.run(Main_Page:25)
	at com.kms.katalon.core.main.ScriptEngine.run(ScriptEngine.java:194)
	at com.kms.katalon.core.main.ScriptEngine.runScriptAsRawText(ScriptEngine.java:119)
	at com.kms.katalon.core.main.TestCaseExecutor.runScript(TestCaseExecutor.java:448)
	at com.kms.katalon.core.main.TestCaseExecutor.doExecute(TestCaseExecutor.java:439)
	at com.kms.katalon.core.main.TestCaseExecutor.processExecutionPhase(TestCaseExecutor.java:418)
	at com.kms.katalon.core.main.TestCaseExecutor.accessMainPhase(TestCaseExecutor.java:410)
	at com.kms.katalon.core.main.TestCaseExecutor.execute(TestCaseExecutor.java:285)
	at com.kms.katalon.core.common.CommonExecutor.accessTestCaseMainPhase(CommonExecutor.java:65)
	at com.kms.katalon.core.main.TestSuiteExecutor.accessTestSuiteMainPhase(TestSuiteExecutor.java:150)
	at com.kms.katalon.core.main.TestSuiteExecutor.execute(TestSuiteExecutor.java:106)
	at com.kms.katalon.core.main.TestCaseMain.startTestSuite(TestCaseMain.java:180)
	at TempTestSuite1724984311518.run(TempTestSuite1724984311518.groovy:35)
	at java.base/jdk.internal.reflect.NativeMethodAccessorImpl.invoke0(Native Method)
	at java.base/jdk.internal.reflect.NativeMethodAccessorImpl.invoke(NativeMethodAccessorImpl.java:77)
	at java.base/jdk.internal.reflect.DelegatingMethodAccessorImpl.invoke(DelegatingMethodAccessorImpl.java:43)
Caused by: com.kms.katalon.core.webui.exception.WebElementNotFoundException: Web element with id: 'Object Repository/APAC_University/SUN_University/Dropdown_Program' located by '//*[@id="Courseid"]' not found
	at com.kms.katalon.core.webui.common.WebUiCommonHelper.findWebElement(WebUiCommonHelper.java:1426)
	at com.kms.katalon.core.webui.keyword.builtin.FindWebElementKeyword$_findWebElement_closure1.doCall(FindWebElementKeyword.groovy:77)
	at com.kms.katalon.core.webui.keyword.builtin.FindWebElementKeyword$_findWebElement_closure1.call(FindWebElementKeyword.groovy)
	at com.kms.katalon.core.webui.keyword.internal.WebUIKeywordMain.runKeyword(WebUIKeywordMain.groovy:20)
	at com.kms.katalon.core.webui.keyword.builtin.FindWebElementKeyword.findWebElement(FindWebElementKeyword.groovy:86)
	at com.kms.katalon.core.webui.keyword.builtin.FindWebElementKeyword.execute(FindWebElementKeyword.groovy:68)
	at com.kms.katalon.core.keyword.internal.KeywordExecutor.executeKeywordForPlatform(KeywordExecutor.groovy:74)
	at com.kms.katalon.core.webui.keyword.WebUiBuiltInKeywords.findWebElement(WebUiBuiltInKeywords.groovy:2882)
	at Script1721796437743.run(Script1721796437743.groovy:32)
	at com.kms.katalon.core.main.ScriptEngine.run(ScriptEngine.java:194)
	at com.kms.katalon.core.main.ScriptEngine.runScriptAsRawText(ScriptEngine.java:119)
	at com.kms.katalon.core.main.TestCaseExecutor.runScript(TestCaseExecutor.java:448)
	at com.kms.katalon.core.main.TestCaseExecutor.doExecute(TestCaseExecutor.java:439)
	at com.kms.katalon.core.main.TestCaseExecutor.processExecutionPhase(TestCaseExecutor.java:418)
	at com.kms.katalon.core.main.TestCaseExecutor.accessMainPhase(TestCaseExecutor.java:410)
	at com.kms.katalon.core.main.TestCaseExecutor.execute(TestCaseExecutor.java:285)
	at com.kms.katalon.core.main.TestCaseMain.runTestCase(TestCaseMain.java:137)
	at com.kms.katalon.core.keyword.builtin.CallTestCaseKeyword$_callTestCase_closure1.doCall(CallTestCaseKeyword.groovy:59)
	at com.kms.katalon.core.keyword.builtin.CallTestCaseKeyword$_callTestCase_closure1.call(CallTestCaseKeyword.groovy)
	at com.kms.katalon.core.keyword.internal.KeywordMain.runKeyword(KeywordMain.groovy:75)
	at com.kms.katalon.core.keyword.builtin.CallTestCaseKeyword.callTestCase(CallTestCaseKeyword.groovy:81)
	at com.kms.katalon.core.keyword.builtin.CallTestCaseKeyword.execute(CallTestCaseKeyword.groovy:44)
	at com.kms.katalon.core.keyword.internal.KeywordExecutor.executeKeywordForPlatform(KeywordExecutor.groovy:74)
	at com.kms.katalon.core.keyword.BuiltinKeywords.callTestCase(BuiltinKeywords.groovy:310)
	at jdk.internal.reflect.GeneratedMethodAccessor34.invoke(Unknown Source)
	at java.base/jdk.internal.reflect.DelegatingMethodAccessorImpl.invoke(DelegatingMethodAccessorImpl.java:43)
	at Script1721693297511.run(Script1721693297511.groovy:25)
	... 15 more
)
[[ATTACHMENT|/Users/madhansivaraj/git/Keypath_Automation_Testing_Mster/Reports/20240830_121830/Keypath_Testsuite_APAC_SEO/20240830_121831/1724985170056.png]]

30-08-2024T12:32:50 - [MESSAGE][FAILED] - Unable to call Test Case 'Test Cases/APAC_Universities/SEO_PAGES/Sunway_University/Resuable_Testcases/Lead_Form' (Root cause: com.kms.katalon.core.exception.StepFailedException: Call Test Case 'Test Cases/APAC_Universities/SEO_PAGES/Sunway_University/Resuable_Testcases/Lead_Form' failed
	at com.kms.katalon.core.keyword.builtin.CallTestCaseKeyword$_callTestCase_closure1.doCall(CallTestCaseKeyword.groovy:63)
	at com.kms.katalon.core.keyword.builtin.CallTestCaseKeyword$_callTestCase_closure1.call(CallTestCaseKeyword.groovy)
	at com.kms.katalon.core.keyword.internal.KeywordMain.runKeyword(KeywordMain.groovy:75)
	at com.kms.katalon.core.keyword.builtin.CallTestCaseKeyword.callTestCase(CallTestCaseKeyword.groovy:81)
	at com.kms.katalon.core.keyword.builtin.CallTestCaseKeyword.execute(CallTestCaseKeyword.groovy:44)
	at com.kms.katalon.core.keyword.internal.KeywordExecutor.executeKeywordForPlatform(KeywordExecutor.groovy:74)
	at com.kms.katalon.core.keyword.BuiltinKeywords.callTestCase(BuiltinKeywords.groovy:310)
	at jdk.internal.reflect.GeneratedMethodAccessor34.invoke(Unknown Source)
	at java.base/jdk.internal.reflect.DelegatingMethodAccessorImpl.invoke(DelegatingMethodAccessorImpl.java:43)
	at Main_Page.run(Main_Page:25)
	at com.kms.katalon.core.main.ScriptEngine.run(ScriptEngine.java:194)
	at com.kms.katalon.core.main.ScriptEngine.runScriptAsRawText(ScriptEngine.java:119)
	at com.kms.katalon.core.main.TestCaseExecutor.runScript(TestCaseExecutor.java:448)
	at com.kms.katalon.core.main.TestCaseExecutor.doExecute(TestCaseExecutor.java:439)
	at com.kms.katalon.core.main.TestCaseExecutor.processExecutionPhase(TestCaseExecutor.java:418)
	at com.kms.katalon.core.main.TestCaseExecutor.accessMainPhase(TestCaseExecutor.java:410)
	at com.kms.katalon.core.main.TestCaseExecutor.execute(TestCaseExecutor.java:285)
	at com.kms.katalon.core.common.CommonExecutor.accessTestCaseMainPhase(CommonExecutor.java:65)
	at com.kms.katalon.core.main.TestSuiteExecutor.accessTestSuiteMainPhase(TestSuiteExecutor.java:150)
	at com.kms.katalon.core.main.TestSuiteExecutor.execute(TestSuiteExecutor.java:106)
	at com.kms.katalon.core.main.TestCaseMain.startTestSuite(TestCaseMain.java:180)
	at TempTestSuite1724984311518.run(TempTestSuite1724984311518.groovy:35)
	at java.base/jdk.internal.reflect.NativeMethodAccessorImpl.invoke0(Native Method)
	at java.base/jdk.internal.reflect.NativeMethodAccessorImpl.invoke(NativeMethodAccessorImpl.java:77)
	at java.base/jdk.internal.reflect.DelegatingMethodAccessorImpl.invoke(DelegatingMethodAccessorImpl.java:43)
Caused by: com.kms.katalon.core.exception.StepFailedException: Cannot find web element by test object Object Repository/APAC_University/SUN_University/Dropdown_Program
	at com.kms.katalon.core.webui.keyword.internal.WebUIKeywordMain.stepFailed(WebUIKeywordMain.groovy:64)
	at com.kms.katalon.core.webui.keyword.internal.WebUIKeywordMain.runKeyword(WebUIKeywordMain.groovy:26)
	at com.kms.katalon.core.webui.keyword.builtin.FindWebElementKeyword.findWebElement(FindWebElementKeyword.groovy:86)
	at com.kms.katalon.core.webui.keyword.builtin.FindWebElementKeyword.execute(FindWebElementKeyword.groovy:68)
	at com.kms.katalon.core.keyword.internal.KeywordExecutor.executeKeywordForPlatform(KeywordExecutor.groovy:74)
	at com.kms.katalon.core.webui.keyword.WebUiBuiltInKeywords.findWebElement(WebUiBuiltInKeywords.groovy:2882)
	at Lead_Form.run(Lead_Form:32)
	at com.kms.katalon.core.main.ScriptEngine.run(ScriptEngine.java:194)
	at com.kms.katalon.core.main.ScriptEngine.runScriptAsRawText(ScriptEngine.java:119)
	at com.kms.katalon.core.main.TestCaseExecutor.runScript(TestCaseExecutor.java:448)
	at com.kms.katalon.core.main.TestCaseExecutor.doExecute(TestCaseExecutor.java:439)
	at com.kms.katalon.core.main.TestCaseExecutor.processExecutionPhase(TestCaseExecutor.java:418)
	at com.kms.katalon.core.main.TestCaseExecutor.accessMainPhase(TestCaseExecutor.java:410)
	at com.kms.katalon.core.main.TestCaseExecutor.execute(TestCaseExecutor.java:285)
	at com.kms.katalon.core.main.TestCaseMain.runTestCase(TestCaseMain.java:137)
	at com.kms.katalon.core.keyword.builtin.CallTestCaseKeyword$_callTestCase_closure1.doCall(CallTestCaseKeyword.groovy:59)
	... 24 more
Caused by: com.kms.katalon.core.webui.exception.WebElementNotFoundException: Web element with id: 'Object Repository/APAC_University/SUN_University/Dropdown_Program' located by '//*[@id="Courseid"]' not found
	at com.kms.katalon.core.webui.common.WebUiCommonHelper.findWebElement(WebUiCommonHelper.java:1426)
	at com.kms.katalon.core.webui.keyword.builtin.FindWebElementKeyword$_findWebElement_closure1.doCall(FindWebElementKeyword.groovy:77)
	at com.kms.katalon.core.webui.keyword.builtin.FindWebElementKeyword$_findWebElement_closure1.call(FindWebElementKeyword.groovy)
	at com.kms.katalon.core.webui.keyword.internal.WebUIKeywordMain.runKeyword(WebUIKeywordMain.groovy:20)
	... 38 more
)]]></system-out>
         <system-err><![CDATA[30-08-2024T12:32:00 - [TEST_CASE][FAILED] - Test Cases/APAC_Universities/SEO_PAGES/Sunway_University/Main_Page: Test Cases/APAC_Universities/SEO_PAGES/Sunway_University/Main_Page FAILED.
Reason:
com.kms.katalon.core.exception.StepFailedException: Call Test Case 'Test Cases/APAC_Universities/SEO_PAGES/Sunway_University/Resuable_Testcases/Lead_Form' failed
	at com.kms.katalon.core.keyword.builtin.CallTestCaseKeyword$_callTestCase_closure1.doCall(CallTestCaseKeyword.groovy:63)
	at com.kms.katalon.core.keyword.builtin.CallTestCaseKeyword$_callTestCase_closure1.call(CallTestCaseKeyword.groovy)
	at com.kms.katalon.core.keyword.internal.KeywordMain.runKeyword(KeywordMain.groovy:75)
	at com.kms.katalon.core.keyword.builtin.CallTestCaseKeyword.callTestCase(CallTestCaseKeyword.groovy:81)
	at com.kms.katalon.core.keyword.builtin.CallTestCaseKeyword.execute(CallTestCaseKeyword.groovy:44)
	at com.kms.katalon.core.keyword.internal.KeywordExecutor.executeKeywordForPlatform(KeywordExecutor.groovy:74)
	at com.kms.katalon.core.keyword.BuiltinKeywords.callTestCase(BuiltinKeywords.groovy:310)
	at jdk.internal.reflect.GeneratedMethodAccessor34.invoke(Unknown Source)
	at java.base/jdk.internal.reflect.DelegatingMethodAccessorImpl.invoke(DelegatingMethodAccessorImpl.java:43)
	at Main_Page.run(Main_Page:25)
	at com.kms.katalon.core.main.ScriptEngine.run(ScriptEngine.java:194)
	at com.kms.katalon.core.main.ScriptEngine.runScriptAsRawText(ScriptEngine.java:119)
	at com.kms.katalon.core.main.TestCaseExecutor.runScript(TestCaseExecutor.java:448)
	at com.kms.katalon.core.main.TestCaseExecutor.doExecute(TestCaseExecutor.java:439)
	at com.kms.katalon.core.main.TestCaseExecutor.processExecutionPhase(TestCaseExecutor.java:418)
	at com.kms.katalon.core.main.TestCaseExecutor.accessMainPhase(TestCaseExecutor.java:410)
	at com.kms.katalon.core.main.TestCaseExecutor.execute(TestCaseExecutor.java:285)
	at com.kms.katalon.core.common.CommonExecutor.accessTestCaseMainPhase(CommonExecutor.java:65)
	at com.kms.katalon.core.main.TestSuiteExecutor.accessTestSuiteMainPhase(TestSuiteExecutor.java:150)
	at com.kms.katalon.core.main.TestSuiteExecutor.execute(TestSuiteExecutor.java:106)
	at com.kms.katalon.core.main.TestCaseMain.startTestSuite(TestCaseMain.java:180)
	at TempTestSuite1724984311518.run(TempTestSuite1724984311518.groovy:35)
	at java.base/jdk.internal.reflect.NativeMethodAccessorImpl.invoke0(Native Method)
	at java.base/jdk.internal.reflect.NativeMethodAccessorImpl.invoke(NativeMethodAccessorImpl.java:77)
	at java.base/jdk.internal.reflect.DelegatingMethodAccessorImpl.invoke(DelegatingMethodAccessorImpl.java:43)
Caused by: com.kms.katalon.core.exception.StepFailedException: Cannot find web element by test object Object Repository/APAC_University/SUN_University/Dropdown_Program
	at com.kms.katalon.core.webui.keyword.internal.WebUIKeywordMain.stepFailed(WebUIKeywordMain.groovy:64)
	at com.kms.katalon.core.webui.keyword.internal.WebUIKeywordMain.runKeyword(WebUIKeywordMain.groovy:26)
	at com.kms.katalon.core.webui.keyword.builtin.FindWebElementKeyword.findWebElement(FindWebElementKeyword.groovy:86)
	at com.kms.katalon.core.webui.keyword.builtin.FindWebElementKeyword.execute(FindWebElementKeyword.groovy:68)
	at com.kms.katalon.core.keyword.internal.KeywordExecutor.executeKeywordForPlatform(KeywordExecutor.groovy:74)
	at com.kms.katalon.core.webui.keyword.WebUiBuiltInKeywords.findWebElement(WebUiBuiltInKeywords.groovy:2882)
	at Lead_Form.run(Lead_Form:32)
	at com.kms.katalon.core.main.ScriptEngine.run(ScriptEngine.java:194)
	at com.kms.katalon.core.main.ScriptEngine.runScriptAsRawText(ScriptEngine.java:119)
	at com.kms.katalon.core.main.TestCaseExecutor.runScript(TestCaseExecutor.java:448)
	at com.kms.katalon.core.main.TestCaseExecutor.doExecute(TestCaseExecutor.java:439)
	at com.kms.katalon.core.main.TestCaseExecutor.processExecutionPhase(TestCaseExecutor.java:418)
	at com.kms.katalon.core.main.TestCaseExecutor.accessMainPhase(TestCaseExecutor.java:410)
	at com.kms.katalon.core.main.TestCaseExecutor.execute(TestCaseExecutor.java:285)
	at com.kms.katalon.core.main.TestCaseMain.runTestCase(TestCaseMain.java:137)
	at com.kms.katalon.core.keyword.builtin.CallTestCaseKeyword$_callTestCase_closure1.doCall(CallTestCaseKeyword.groovy:59)
	... 24 more
Caused by: com.kms.katalon.core.webui.exception.WebElementNotFoundException: Web element with id: 'Object Repository/APAC_University/SUN_University/Dropdown_Program' located by '//*[@id="Courseid"]' not found
	at com.kms.katalon.core.webui.common.WebUiCommonHelper.findWebElement(WebUiCommonHelper.java:1426)
	at com.kms.katalon.core.webui.keyword.builtin.FindWebElementKeyword$_findWebElement_closure1.doCall(FindWebElementKeyword.groovy:77)
	at com.kms.katalon.core.webui.keyword.builtin.FindWebElementKeyword$_findWebElement_closure1.call(FindWebElementKeyword.groovy)
	at com.kms.katalon.core.webui.keyword.internal.WebUIKeywordMain.runKeyword(WebUIKeywordMain.groovy:20)
	... 38 more]]></system-err>
      </testcase>
      <testcase name="Test Cases/APAC_Universities/SEO_PAGES/Sunway_University/Enquiry_Now" time="37.533" classname="Test Cases/APAC_Universities/SEO_PAGES/Sunway_University/Enquiry_Now" status="PASSED">
         <system-out><![CDATA[30-08-2024T12:32:50 - [TEST_CASE][PASSED] - Test Cases/APAC_Universities/SEO_PAGES/Sunway_University/Enquiry_Now: Test Cases/APAC_Universities/SEO_PAGES/Sunway_University/Enquiry_Now

30-08-2024T12:32:50 - [TEST_STEP][PASSED] - callTestCase(findTestCase("Test Cases/APAC_Universities/SEO_PAGES/Sunway_University/Resuable_Testcases/Navigate_to_Homepage"), [:], STOP_ON_FAILURE): Call Test Case 'Test Cases/APAC_Universities/SEO_PAGES/Sunway_University/Resuable_Testcases/Navigate_to_Homepage' successfully

30-08-2024T12:32:50 - [TEST_CASE][PASSED] - Test Cases/APAC_Universities/SEO_PAGES/Sunway_University/Resuable_Testcases/Navigate_to_Homepage: Test Cases/APAC_Universities/SEO_PAGES/Sunway_University/Resuable_Testcases/Navigate_to_Homepage

30-08-2024T12:32:50 - [TEST_STEP][PASSED] - waitForElementClickable(findTestObject("Object Repository/APAC_University/SUN_University/Button_Homepage"), 10): Object 'Object Repository/APAC_University/SUN_University/Button_Homepage' is clickable

30-08-2024T12:32:57 - [MESSAGE][PASSED] - Object 'Object Repository/APAC_University/SUN_University/Button_Homepage' is clickable

30-08-2024T12:32:57 - [TEST_STEP][PASSED] - click(findTestObject("Object Repository/APAC_University/SUN_University/Button_Homepage")): Object: 'Object Repository/APAC_University/SUN_University/Button_Homepage' is clicked on

30-08-2024T12:33:01 - [MESSAGE][PASSED] - Object: 'Object Repository/APAC_University/SUN_University/Button_Homepage' is clicked on

30-08-2024T12:33:01 - [MESSAGE][PASSED] - Call Test Case 'Test Cases/APAC_Universities/SEO_PAGES/Sunway_University/Resuable_Testcases/Navigate_to_Homepage' successfully

30-08-2024T12:33:01 - [TEST_STEP][PASSED] - waitForElementClickable(findTestObject("Object Repository/APAC_University/SUN_University/Button_EnquireNow"), 10): Object 'Object Repository/APAC_University/SUN_University/Button_EnquireNow' is clickable

30-08-2024T12:33:02 - [MESSAGE][PASSED] - Object 'Object Repository/APAC_University/SUN_University/Button_EnquireNow' is clickable

30-08-2024T12:33:02 - [TEST_STEP][PASSED] - click(findTestObject("Object Repository/APAC_University/SUN_University/Button_EnquireNow")): Object: 'Object Repository/APAC_University/SUN_University/Button_EnquireNow' is clicked on

30-08-2024T12:33:02 - [MESSAGE][PASSED] - Object: 'Object Repository/APAC_University/SUN_University/Button_EnquireNow' is clicked on

30-08-2024T12:33:02 - [TEST_STEP][PASSED] - callTestCase(findTestCase("Test Cases/APAC_Universities/SEO_PAGES/Sunway_University/Resuable_Testcases/Lead_Form"), [:], STOP_ON_FAILURE): Call Test Case 'Test Cases/APAC_Universities/SEO_PAGES/Sunway_University/Resuable_Testcases/Lead_Form' successfully

30-08-2024T12:33:02 - [TEST_CASE][PASSED] - Test Cases/APAC_Universities/SEO_PAGES/Sunway_University/Resuable_Testcases/Lead_Form: Test Cases/APAC_Universities/SEO_PAGES/Sunway_University/Resuable_Testcases/Lead_Form

30-08-2024T12:33:02 - [TEST_STEP][PASSED] - selectTestObject = findTestObject("Object Repository/APAC_University/SUN_University/Dropdown_Program"): null

30-08-2024T12:33:02 - [TEST_STEP][PASSED] - selectElement = findWebElement(selectTestObject, 0): Found web element by test object Object Repository/APAC_University/SUN_University/Dropdown_Program

30-08-2024T12:33:02 - [MESSAGE][WARNING] - Timeout '0' is invalid. Using default page load timeout: '30'

30-08-2024T12:33:03 - [MESSAGE][PASSED] - Found web element by test object Object Repository/APAC_University/SUN_University/Dropdown_Program

30-08-2024T12:33:03 - [TEST_STEP][PASSED] - select = new org.openqa.selenium.support.ui.Select(selectElement): null

30-08-2024T12:33:03 - [TEST_STEP][PASSED] - optionsrandom = select.getOptions(): null

30-08-2024T12:33:03 - [TEST_STEP][PASSED] - validOptions = optionsrandom.findAll({ -> ... }): null

30-08-2024T12:33:03 - [TEST_STEP][PASSED] - randomdropdown = new java.util.Random(): null

30-08-2024T12:33:03 - [TEST_STEP][PASSED] - randomOptiondropdown = validOptions[randomdropdown.nextInt(validOptions.size())]: null

30-08-2024T12:33:03 - [TEST_STEP][PASSED] - select.selectByValue(randomOptiondropdown.getAttribute("value")): null

30-08-2024T12:33:03 - [TEST_STEP][PASSED] - Email = keyPathPackage.customKeywords.generateRandomEmail(): keyPathPackage.customKeywords.generateRandomEmail is PASSED

30-08-2024T12:33:03 - [MESSAGE][PASSED] - keyPathPackage.customKeywords.generateRandomEmail is PASSED

30-08-2024T12:33:03 - [TEST_STEP][PASSED] - setText(findTestObject("Object Repository/APAC_University/SUN_University/Field_Email"), Email): Text 'adeline.schmitt@yahoo.com' is set on object 'Object Repository/APAC_University/SUN_University/Field_Email'

30-08-2024T12:33:04 - [MESSAGE][PASSED] - Text 'adeline.schmitt@yahoo.com' is set on object 'Object Repository/APAC_University/SUN_University/Field_Email'

30-08-2024T12:33:04 - [TEST_STEP][PASSED] - Postcode = keyPathPackage.customKeywords.selectRandomPostCodes(): keyPathPackage.customKeywords.selectRandomPostCodes is PASSED

30-08-2024T12:33:04 - [MESSAGE][PASSED] - keyPathPackage.customKeywords.selectRandomPostCodes is PASSED

30-08-2024T12:33:04 - [TEST_STEP][PASSED] - setText(findTestObject("Object Repository/APAC_University/SUN_University/Field_Postcode"), Postcode): Text '86003' is set on object 'Object Repository/APAC_University/SUN_University/Field_Postcode'

30-08-2024T12:33:05 - [MESSAGE][PASSED] - Text '86003' is set on object 'Object Repository/APAC_University/SUN_University/Field_Postcode'

30-08-2024T12:33:05 - [TEST_STEP][PASSED] - waitForElementClickable(findTestObject("Object Repository/APAC_University/SUN_University/Button_Nextstep1"), 10): Object 'Object Repository/APAC_University/SUN_University/Button_Nextstep1' is clickable

30-08-2024T12:33:05 - [MESSAGE][PASSED] - Object 'Object Repository/APAC_University/SUN_University/Button_Nextstep1' is clickable

30-08-2024T12:33:05 - [TEST_STEP][PASSED] - click(findTestObject("Object Repository/APAC_University/SUN_University/Button_Nextstep1")): Object: 'Object Repository/APAC_University/SUN_University/Button_Nextstep1' is clicked on

30-08-2024T12:33:05 - [MESSAGE][PASSED] - Object: 'Object Repository/APAC_University/SUN_University/Button_Nextstep1' is clicked on

30-08-2024T12:33:05 - [TEST_STEP][PASSED] - dropdown = findTestObject("Object Repository/APAC_University/SUN_University/Dropdown_highereducation"): null

30-08-2024T12:33:05 - [TEST_STEP][PASSED] - options = ["High school", "Diploma", "Bachelors degree", "Masters Degree"]: null

30-08-2024T12:33:05 - [TEST_STEP][PASSED] - randomOption = options[Random().nextInt(length)]: null

30-08-2024T12:33:05 - [TEST_STEP][PASSED] - selectOptionByValue(dropdown, randomOption, true): All options with value 'Diploma' are selected in object 'Object Repository/APAC_University/SUN_University/Dropdown_highereducation'  using regular expression

30-08-2024T12:33:07 - [MESSAGE][PASSED] - All options with value 'Diploma' are selected in object 'Object Repository/APAC_University/SUN_University/Dropdown_highereducation'  using regular expression

30-08-2024T12:33:07 - [TEST_STEP][PASSED] - if (randomOption.equals("Diploma")): All options with value 'No' are selected in object 'Object Repository/APAC_University/SUN_University/Dropdown_APEL'  using regular expression

30-08-2024T12:33:07 - [TEST_STEP][PASSED] - delay(3): Delayed 3 second(s)

30-08-2024T12:33:10 - [MESSAGE][PASSED] - Delayed 3 second(s)

30-08-2024T12:33:10 - [TEST_STEP][PASSED] - APELdropdown = findTestObject("Object Repository/APAC_University/SUN_University/Dropdown_APEL"): null

30-08-2024T12:33:10 - [TEST_STEP][PASSED] - APELoptions = ["Yes", "No", "Unsure"]: null

30-08-2024T12:33:10 - [TEST_STEP][PASSED] - APELrandomOption = APELoptions[Random().nextInt(length)]: null

30-08-2024T12:33:10 - [TEST_STEP][PASSED] - selectOptionByValue(APELdropdown, APELrandomOption, true): All options with value 'No' are selected in object 'Object Repository/APAC_University/SUN_University/Dropdown_APEL'  using regular expression

30-08-2024T12:33:11 - [MESSAGE][PASSED] - All options with value 'No' are selected in object 'Object Repository/APAC_University/SUN_University/Dropdown_APEL'  using regular expression

30-08-2024T12:33:11 - [TEST_STEP][PASSED] - startdate = findTestObject("Object Repository/APAC_University/SUN_University/Dropdown_Startdate"): null

30-08-2024T12:33:11 - [TEST_STEP][PASSED] - selectOptionByIndex(startdate, keyPathPackage.customKeywords.selectRandomOptionFromDropdown()): All options with index in [1] are selected on object 'Object Repository/APAC_University/SUN_University/Dropdown_Startdate'

30-08-2024T12:33:11 - [MESSAGE][PASSED] - keyPathPackage.customKeywords.selectRandomOptionFromDropdown is PASSED

30-08-2024T12:33:12 - [MESSAGE][PASSED] - All options with index in [1] are selected on object 'Object Repository/APAC_University/SUN_University/Dropdown_Startdate'

30-08-2024T12:33:12 - [TEST_STEP][PASSED] - Englishlevel = findTestObject("Object Repository/APAC_University/SUN_University/Dropdown_Englishlevel"): null

30-08-2024T12:33:12 - [TEST_STEP][PASSED] - selectOptionByIndex(Englishlevel, keyPathPackage.customKeywords.selectRandomOptionFromDropdown()): All options with index in [1] are selected on object 'Object Repository/APAC_University/SUN_University/Dropdown_Englishlevel'

30-08-2024T12:33:12 - [MESSAGE][PASSED] - keyPathPackage.customKeywords.selectRandomOptionFromDropdown is PASSED

30-08-2024T12:33:13 - [MESSAGE][PASSED] - All options with index in [1] are selected on object 'Object Repository/APAC_University/SUN_University/Dropdown_Englishlevel'

30-08-2024T12:33:13 - [TEST_STEP][PASSED] - Workexperience = findTestObject("Object Repository/APAC_University/SUN_University/Dropdown_Workexperience"): null

30-08-2024T12:33:13 - [TEST_STEP][PASSED] - selectOptionByIndex(Workexperience, keyPathPackage.customKeywords.selectRandomOptionFromDropdown()): All options with index in [2] are selected on object 'Object Repository/APAC_University/SUN_University/Dropdown_Workexperience'

30-08-2024T12:33:13 - [MESSAGE][PASSED] - keyPathPackage.customKeywords.selectRandomOptionFromDropdown is PASSED

30-08-2024T12:33:14 - [MESSAGE][PASSED] - All options with index in [2] are selected on object 'Object Repository/APAC_University/SUN_University/Dropdown_Workexperience'

30-08-2024T12:33:14 - [TEST_STEP][PASSED] - Enquiry = findTestObject("Object Repository/APAC_University/SUN_University/Dropdown_Enquiry"): null

30-08-2024T12:33:14 - [TEST_STEP][PASSED] - selectOptionByIndex(Enquiry, keyPathPackage.customKeywords.selectRandomOptionFromDropdown()): All options with index in [1] are selected on object 'Object Repository/APAC_University/SUN_University/Dropdown_Enquiry'

30-08-2024T12:33:14 - [MESSAGE][PASSED] - keyPathPackage.customKeywords.selectRandomOptionFromDropdown is PASSED

30-08-2024T12:33:14 - [MESSAGE][PASSED] - All options with index in [1] are selected on object 'Object Repository/APAC_University/SUN_University/Dropdown_Enquiry'

30-08-2024T12:33:14 - [TEST_STEP][PASSED] - waitForElementClickable(findTestObject("Object Repository/APAC_University/SUN_University/Button_Nextstep2"), 10): Object 'Object Repository/APAC_University/SUN_University/Button_Nextstep2' is clickable

30-08-2024T12:33:16 - [MESSAGE][PASSED] - Object 'Object Repository/APAC_University/SUN_University/Button_Nextstep2' is clickable

30-08-2024T12:33:16 - [TEST_STEP][PASSED] - click(findTestObject("Object Repository/APAC_University/SUN_University/Button_Nextstep2")): Object: 'Object Repository/APAC_University/SUN_University/Button_Nextstep2' is clicked on

30-08-2024T12:33:17 - [MESSAGE][PASSED] - Object: 'Object Repository/APAC_University/SUN_University/Button_Nextstep2' is clicked on

30-08-2024T12:33:17 - [TEST_STEP][PASSED] - delay(5): Delayed 5 second(s)

30-08-2024T12:33:22 - [MESSAGE][PASSED] - Delayed 5 second(s)

30-08-2024T12:33:22 - [TEST_STEP][PASSED] - waitForElementPresent(findTestObject("Object Repository/APAC_University/SUN_University/Field_Firstname"), 10): Object 'Object Repository/APAC_University/SUN_University/Field_Firstname' is present

30-08-2024T12:33:22 - [MESSAGE][PASSED] - Object 'Object Repository/APAC_University/SUN_University/Field_Firstname' is present

30-08-2024T12:33:22 - [TEST_STEP][PASSED] - FirstName = keyPathPackage.customKeywords.generateRandomFirstName(): keyPathPackage.customKeywords.generateRandomFirstName is PASSED

30-08-2024T12:33:22 - [MESSAGE][PASSED] - keyPathPackage.customKeywords.generateRandomFirstName is PASSED

30-08-2024T12:33:22 - [TEST_STEP][PASSED] - setText(findTestObject("Object Repository/APAC_University/SUN_University/Field_Firstname"), FirstName): Text 'Steven' is set on object 'Object Repository/APAC_University/SUN_University/Field_Firstname'

30-08-2024T12:33:22 - [MESSAGE][PASSED] - Text 'Steven' is set on object 'Object Repository/APAC_University/SUN_University/Field_Firstname'

30-08-2024T12:33:22 - [TEST_STEP][PASSED] - LastName = keyPathPackage.customKeywords.generateRandomLastName(): keyPathPackage.customKeywords.generateRandomLastName is PASSED

30-08-2024T12:33:22 - [MESSAGE][PASSED] - keyPathPackage.customKeywords.generateRandomLastName is PASSED

30-08-2024T12:33:22 - [TEST_STEP][PASSED] - setText(findTestObject("Object Repository/APAC_University/SUN_University/Field_lastname"), LastName): Text 'Testing Homenick' is set on object 'Object Repository/APAC_University/SUN_University/Field_lastname'

30-08-2024T12:33:23 - [MESSAGE][PASSED] - Text 'Testing Homenick' is set on object 'Object Repository/APAC_University/SUN_University/Field_lastname'

30-08-2024T12:33:23 - [TEST_STEP][PASSED] - Phonenumber = keyPathPackage.customKeywords.generateRandomMalaysianPhoneNumber(): keyPathPackage.customKeywords.generateRandomMalaysianPhoneNumber is PASSED

30-08-2024T12:33:23 - [MESSAGE][PASSED] - keyPathPackage.customKeywords.generateRandomMalaysianPhoneNumber is PASSED

30-08-2024T12:33:23 - [TEST_STEP][PASSED] - setText(findTestObject("Object Repository/APAC_University/SUN_University/Field_Phonenumber"), Phonenumber): Text '121789519' is set on object 'Object Repository/APAC_University/SUN_University/Field_Phonenumber'

30-08-2024T12:33:23 - [MESSAGE][PASSED] - Text '121789519' is set on object 'Object Repository/APAC_University/SUN_University/Field_Phonenumber'

30-08-2024T12:33:23 - [TEST_STEP][PASSED] - waitForElementClickable(findTestObject("Object Repository/APAC_University/SUN_University/Button_Submit"), 10): Object 'Object Repository/APAC_University/SUN_University/Button_Submit' is clickable

30-08-2024T12:33:24 - [MESSAGE][PASSED] - Object 'Object Repository/APAC_University/SUN_University/Button_Submit' is clickable

30-08-2024T12:33:24 - [TEST_STEP][PASSED] - click(findTestObject("Object Repository/APAC_University/SUN_University/Button_Submit")): Object: 'Object Repository/APAC_University/SUN_University/Button_Submit' is clicked on

30-08-2024T12:33:24 - [MESSAGE][PASSED] - Object: 'Object Repository/APAC_University/SUN_University/Button_Submit' is clicked on

30-08-2024T12:33:24 - [TEST_STEP][PASSED] - delay(3): Delayed 3 second(s)

30-08-2024T12:33:27 - [MESSAGE][PASSED] - Delayed 3 second(s)

30-08-2024T12:33:27 - [MESSAGE][PASSED] - Call Test Case 'Test Cases/APAC_Universities/SEO_PAGES/Sunway_University/Resuable_Testcases/Lead_Form' successfully

30-08-2024T12:33:27 - [TEST_STEP][PASSED] - closeBrowser(): Browser is closed

30-08-2024T12:33:27 - [MESSAGE][PASSED] - Browser is closed]]></system-out>
         <system-err><![CDATA[]]></system-err>
      </testcase>
      <testcase name="Test Cases/APAC_Universities/SEO_PAGES/SIM_University/Main_Page" time="49.93" classname="Test Cases/APAC_Universities/SEO_PAGES/SIM_University/Main_Page" status="PASSED">
         <system-out><![CDATA[30-08-2024T12:33:27 - [TEST_CASE][PASSED] - Test Cases/APAC_Universities/SEO_PAGES/SIM_University/Main_Page: Test Cases/APAC_Universities/SEO_PAGES/SIM_University/Main_Page

30-08-2024T12:33:27 - [TEST_STEP][PASSED] - callTestCase(findTestCase("Test Cases/APAC_Universities/SEO_PAGES/SIM_University/Resuable_Testcases/Navigate_URL"), [:], STOP_ON_FAILURE): Call Test Case 'Test Cases/APAC_Universities/SEO_PAGES/SIM_University/Resuable_Testcases/Navigate_URL' successfully

30-08-2024T12:33:27 - [TEST_CASE][PASSED] - Test Cases/APAC_Universities/SEO_PAGES/SIM_University/Resuable_Testcases/Navigate_URL: Test Cases/APAC_Universities/SEO_PAGES/SIM_University/Resuable_Testcases/Navigate_URL

30-08-2024T12:33:27 - [TEST_STEP][PASSED] - openBrowser(""): Browser is opened with url: ''

30-08-2024T12:33:27 - [MESSAGE][INFO] - Starting 'Chrome' driver

30-08-2024T12:33:27 - [MESSAGE][INFO] - Action delay is set to 0 milliseconds

30-08-2024T12:33:28 - [MESSAGE][PASSED] - Browser is opened with url: ''

30-08-2024T12:33:28 - [TEST_STEP][PASSED] - navigateToUrl("https://dev-sim-opm.pantheonsite.io/"): Navigate to 'https://dev-sim-opm.pantheonsite.io/' successfully

30-08-2024T12:33:58 - [MESSAGE][PASSED] - Navigate to 'https://dev-sim-opm.pantheonsite.io/' successfully

30-08-2024T12:33:58 - [TEST_STEP][PASSED] - maximizeWindow(): Current window maximized

30-08-2024T12:33:59 - [MESSAGE][PASSED] - Current window maximized

30-08-2024T12:33:59 - [MESSAGE][PASSED] - Call Test Case 'Test Cases/APAC_Universities/SEO_PAGES/SIM_University/Resuable_Testcases/Navigate_URL' successfully

30-08-2024T12:33:59 - [TEST_STEP][PASSED] - callTestCase(findTestCase("Test Cases/APAC_Universities/SEO_PAGES/SIM_University/Resuable_Testcases/Lead_Form"), [:], STOP_ON_FAILURE): Call Test Case 'Test Cases/APAC_Universities/SEO_PAGES/SIM_University/Resuable_Testcases/Lead_Form' successfully

30-08-2024T12:33:59 - [TEST_CASE][PASSED] - Test Cases/APAC_Universities/SEO_PAGES/SIM_University/Resuable_Testcases/Lead_Form: Test Cases/APAC_Universities/SEO_PAGES/SIM_University/Resuable_Testcases/Lead_Form

30-08-2024T12:33:59 - [TEST_STEP][PASSED] - selectTestObject = findTestObject("Object Repository/APAC_University/SIM_University/Dropdown_Program"): null

30-08-2024T12:33:59 - [TEST_STEP][PASSED] - selectElement = findWebElement(selectTestObject, 0): Found web element by test object Object Repository/APAC_University/SIM_University/Dropdown_Program

30-08-2024T12:33:59 - [MESSAGE][WARNING] - Timeout '0' is invalid. Using default page load timeout: '30'

30-08-2024T12:34:02 - [MESSAGE][PASSED] - Found web element by test object Object Repository/APAC_University/SIM_University/Dropdown_Program

30-08-2024T12:34:02 - [TEST_STEP][PASSED] - select = new org.openqa.selenium.support.ui.Select(selectElement): null

30-08-2024T12:34:02 - [TEST_STEP][PASSED] - optionsrandom = select.getOptions(): null

30-08-2024T12:34:03 - [TEST_STEP][PASSED] - validOptions = optionsrandom.findAll({ -> ... }): null

30-08-2024T12:34:03 - [TEST_STEP][PASSED] - randomdropdown = new java.util.Random(): null

30-08-2024T12:34:03 - [TEST_STEP][PASSED] - randomOptiondropdown = validOptions[randomdropdown.nextInt(validOptions.size())]: null

30-08-2024T12:34:03 - [TEST_STEP][PASSED] - select.selectByValue(randomOptiondropdown.getAttribute("value")): null

30-08-2024T12:34:03 - [TEST_STEP][PASSED] - delay(3): Delayed 3 second(s)

30-08-2024T12:34:06 - [MESSAGE][PASSED] - Delayed 3 second(s)

30-08-2024T12:34:06 - [TEST_STEP][PASSED] - FirstName = keyPathPackage.customKeywords.generateRandomFirstName(): keyPathPackage.customKeywords.generateRandomFirstName is PASSED

30-08-2024T12:34:06 - [MESSAGE][PASSED] - keyPathPackage.customKeywords.generateRandomFirstName is PASSED

30-08-2024T12:34:06 - [TEST_STEP][PASSED] - setText(findTestObject("Object Repository/APAC_University/SIM_University/Field_Firstname"), FirstName): Text 'Brenda' is set on object 'Object Repository/APAC_University/SIM_University/Field_Firstname'

30-08-2024T12:34:07 - [MESSAGE][PASSED] - Text 'Brenda' is set on object 'Object Repository/APAC_University/SIM_University/Field_Firstname'

30-08-2024T12:34:07 - [TEST_STEP][PASSED] - LastName = keyPathPackage.customKeywords.generateRandomLastName(): keyPathPackage.customKeywords.generateRandomLastName is PASSED

30-08-2024T12:34:07 - [MESSAGE][PASSED] - keyPathPackage.customKeywords.generateRandomLastName is PASSED

30-08-2024T12:34:07 - [TEST_STEP][PASSED] - setText(findTestObject("Object Repository/APAC_University/SIM_University/Field_Lastname"), LastName): Text 'Testing Kihn' is set on object 'Object Repository/APAC_University/SIM_University/Field_Lastname'

30-08-2024T12:34:08 - [MESSAGE][PASSED] - Text 'Testing Kihn' is set on object 'Object Repository/APAC_University/SIM_University/Field_Lastname'

30-08-2024T12:34:08 - [TEST_STEP][PASSED] - waitForElementClickable(findTestObject("Object Repository/APAC_University/SIM_University/Button_Nextstep1"), 10): Object 'Object Repository/APAC_University/SIM_University/Button_Nextstep1' is clickable

30-08-2024T12:34:08 - [MESSAGE][PASSED] - Object 'Object Repository/APAC_University/SIM_University/Button_Nextstep1' is clickable

30-08-2024T12:34:08 - [TEST_STEP][PASSED] - click(findTestObject("Object Repository/APAC_University/SIM_University/Button_Nextstep1")): Object: 'Object Repository/APAC_University/SIM_University/Button_Nextstep1' is clicked on

30-08-2024T12:34:08 - [MESSAGE][PASSED] - Object: 'Object Repository/APAC_University/SIM_University/Button_Nextstep1' is clicked on

30-08-2024T12:34:08 - [TEST_STEP][PASSED] - startdate = findTestObject("Object Repository/APAC_University/SIM_University/Dropdown_Startdate"): null

30-08-2024T12:34:08 - [TEST_STEP][PASSED] - selectOptionByIndex(startdate, keyPathPackage.customKeywords.selectRandomOptionFromDropdown()): All options with index in [1] are selected on object 'Object Repository/APAC_University/SIM_University/Dropdown_Startdate'

30-08-2024T12:34:08 - [MESSAGE][PASSED] - keyPathPackage.customKeywords.selectRandomOptionFromDropdown is PASSED

30-08-2024T12:34:10 - [MESSAGE][PASSED] - All options with index in [1] are selected on object 'Object Repository/APAC_University/SIM_University/Dropdown_Startdate'

30-08-2024T12:34:10 - [TEST_STEP][PASSED] - Enquiry = findTestObject("Object Repository/APAC_University/SIM_University/Dropdown_Enquiry"): null

30-08-2024T12:34:10 - [TEST_STEP][PASSED] - selectOptionByIndex(Enquiry, keyPathPackage.customKeywords.selectRandomOptionFromDropdown()): All options with index in [1] are selected on object 'Object Repository/APAC_University/SIM_University/Dropdown_Enquiry'

30-08-2024T12:34:10 - [MESSAGE][PASSED] - keyPathPackage.customKeywords.selectRandomOptionFromDropdown is PASSED

30-08-2024T12:34:10 - [MESSAGE][PASSED] - All options with index in [1] are selected on object 'Object Repository/APAC_University/SIM_University/Dropdown_Enquiry'

30-08-2024T12:34:10 - [TEST_STEP][PASSED] - dropdown = findTestObject("Object Repository/APAC_University/SIM_University/Dropdown_Education"): null

30-08-2024T12:34:10 - [TEST_STEP][PASSED] - options = ["High school", "Diploma", "Bachelors degree", "Postgraduate diploma", "Masters Degree"]: null

30-08-2024T12:34:10 - [TEST_STEP][PASSED] - randomOption = options[Random().nextInt(length)]: null

30-08-2024T12:34:10 - [TEST_STEP][PASSED] - selectOptionByValue(dropdown, randomOption, true): All options with value 'High school' are selected in object 'Object Repository/APAC_University/SIM_University/Dropdown_Education'  using regular expression

30-08-2024T12:34:11 - [MESSAGE][PASSED] - All options with value 'High school' are selected in object 'Object Repository/APAC_University/SIM_University/Dropdown_Education'  using regular expression

30-08-2024T12:34:11 - [TEST_STEP][PASSED] - Workexperience = findTestObject("Object Repository/APAC_University/SIM_University/Dropdown_Experience"): null

30-08-2024T12:34:11 - [TEST_STEP][PASSED] - selectOptionByIndex(Workexperience, keyPathPackage.customKeywords.selectRandomOptionFromDropdown()): All options with index in [1] are selected on object 'Object Repository/APAC_University/SIM_University/Dropdown_Experience'

30-08-2024T12:34:11 - [MESSAGE][PASSED] - keyPathPackage.customKeywords.selectRandomOptionFromDropdown is PASSED

30-08-2024T12:34:12 - [MESSAGE][PASSED] - All options with index in [1] are selected on object 'Object Repository/APAC_University/SIM_University/Dropdown_Experience'

30-08-2024T12:34:12 - [TEST_STEP][PASSED] - Englishlevel = findTestObject("Object Repository/APAC_University/SIM_University/Dropdown_English"): null

30-08-2024T12:34:12 - [TEST_STEP][PASSED] - selectOptionByIndex(Englishlevel, keyPathPackage.customKeywords.selectRandomOptionFromDropdown()): All options with index in [1] are selected on object 'Object Repository/APAC_University/SIM_University/Dropdown_English'

30-08-2024T12:34:12 - [MESSAGE][PASSED] - keyPathPackage.customKeywords.selectRandomOptionFromDropdown is PASSED

30-08-2024T12:34:12 - [MESSAGE][PASSED] - All options with index in [1] are selected on object 'Object Repository/APAC_University/SIM_University/Dropdown_English'

30-08-2024T12:34:12 - [TEST_STEP][PASSED] - radioButtonGroup = findTestObject("Object Repository/APAC_University/SIM_University/Radiobutton_Years"): null

30-08-2024T12:34:12 - [TEST_STEP][PASSED] - radioButtons = findWebElements(radioButtonGroup, 30): Found web elements by test object Object Repository/APAC_University/SIM_University/Radiobutton_Years

30-08-2024T12:34:13 - [MESSAGE][PASSED] - Found web elements by test object Object Repository/APAC_University/SIM_University/Radiobutton_Years

30-08-2024T12:34:13 - [TEST_STEP][PASSED] - if (radioButtons.size() == 2): null

30-08-2024T12:34:13 - [TEST_STEP][PASSED] - random = new java.util.Random(): null

30-08-2024T12:34:13 - [TEST_STEP][PASSED] - randomIndex = random.nextInt(2): null

30-08-2024T12:34:13 - [TEST_STEP][PASSED] - randomRadioButton = radioButtons.get(randomIndex): null

30-08-2024T12:34:13 - [TEST_STEP][PASSED] - randomRadioButton.click(): null

30-08-2024T12:34:13 - [TEST_STEP][PASSED] - waitForElementClickable(findTestObject("Object Repository/APAC_University/SIM_University/Button_Nextstep2"), 10): Object 'Object Repository/APAC_University/SIM_University/Button_Nextstep2' is clickable

30-08-2024T12:34:14 - [MESSAGE][PASSED] - Object 'Object Repository/APAC_University/SIM_University/Button_Nextstep2' is clickable

30-08-2024T12:34:14 - [TEST_STEP][PASSED] - click(findTestObject("Object Repository/APAC_University/SIM_University/Button_Nextstep2")): Object: 'Object Repository/APAC_University/SIM_University/Button_Nextstep2' is clicked on

30-08-2024T12:34:14 - [MESSAGE][PASSED] - Object: 'Object Repository/APAC_University/SIM_University/Button_Nextstep2' is clicked on

30-08-2024T12:34:14 - [TEST_STEP][PASSED] - Phonenumber = keyPathPackage.customKeywords.generateRandomMalaysianPhoneNumber(): keyPathPackage.customKeywords.generateRandomMalaysianPhoneNumber is PASSED

30-08-2024T12:34:14 - [MESSAGE][PASSED] - keyPathPackage.customKeywords.generateRandomMalaysianPhoneNumber is PASSED

30-08-2024T12:34:14 - [TEST_STEP][PASSED] - setText(findTestObject("Object Repository/APAC_University/SIM_University/Field_Phonenumber"), Phonenumber): Text '120243750' is set on object 'Object Repository/APAC_University/SIM_University/Field_Phonenumber'

30-08-2024T12:34:15 - [MESSAGE][PASSED] - Text '120243750' is set on object 'Object Repository/APAC_University/SIM_University/Field_Phonenumber'

30-08-2024T12:34:15 - [TEST_STEP][PASSED] - Email = keyPathPackage.customKeywords.generateRandomEmail(): keyPathPackage.customKeywords.generateRandomEmail is PASSED

30-08-2024T12:34:15 - [MESSAGE][PASSED] - keyPathPackage.customKeywords.generateRandomEmail is PASSED

30-08-2024T12:34:15 - [TEST_STEP][PASSED] - setText(findTestObject("Object Repository/APAC_University/SIM_University/Field_Email"), Email): Text 'dominque.murray@gmail.com' is set on object 'Object Repository/APAC_University/SIM_University/Field_Email'

30-08-2024T12:34:16 - [MESSAGE][PASSED] - Text 'dominque.murray@gmail.com' is set on object 'Object Repository/APAC_University/SIM_University/Field_Email'

30-08-2024T12:34:16 - [TEST_STEP][PASSED] - Postcode = keyPathPackage.customKeywords.selectRandomSingaporePostCode(): keyPathPackage.customKeywords.selectRandomSingaporePostCode is PASSED

30-08-2024T12:34:16 - [MESSAGE][PASSED] - keyPathPackage.customKeywords.selectRandomSingaporePostCode is PASSED

30-08-2024T12:34:16 - [TEST_STEP][PASSED] - setText(findTestObject("Object Repository/APAC_University/SIM_University/Field_Postcode"), Postcode): Text '270671' is set on object 'Object Repository/APAC_University/SIM_University/Field_Postcode'

30-08-2024T12:34:17 - [MESSAGE][PASSED] - Text '270671' is set on object 'Object Repository/APAC_University/SIM_University/Field_Postcode'

30-08-2024T12:34:17 - [TEST_STEP][PASSED] - waitForElementClickable(findTestObject("Object Repository/APAC_University/SIM_University/Button_Submit"), 10): Object 'Object Repository/APAC_University/SIM_University/Button_Submit' is clickable

30-08-2024T12:34:17 - [MESSAGE][PASSED] - Object 'Object Repository/APAC_University/SIM_University/Button_Submit' is clickable

30-08-2024T12:34:17 - [TEST_STEP][PASSED] - click(findTestObject("Object Repository/APAC_University/SIM_University/Button_Submit")): Object: 'Object Repository/APAC_University/SIM_University/Button_Submit' is clicked on

30-08-2024T12:34:17 - [MESSAGE][PASSED] - Object: 'Object Repository/APAC_University/SIM_University/Button_Submit' is clicked on

30-08-2024T12:34:17 - [MESSAGE][PASSED] - Call Test Case 'Test Cases/APAC_Universities/SEO_PAGES/SIM_University/Resuable_Testcases/Lead_Form' successfully]]></system-out>
         <system-err><![CDATA[]]></system-err>
      </testcase>
      <testcase name="Test Cases/APAC_Universities/SEO_PAGES/SIM_University/Enquiry_Now" time="22.952" classname="Test Cases/APAC_Universities/SEO_PAGES/SIM_University/Enquiry_Now" status="PASSED">
         <system-out><![CDATA[30-08-2024T12:34:17 - [TEST_CASE][PASSED] - Test Cases/APAC_Universities/SEO_PAGES/SIM_University/Enquiry_Now: Test Cases/APAC_Universities/SEO_PAGES/SIM_University/Enquiry_Now

30-08-2024T12:34:17 - [TEST_STEP][PASSED] - callTestCase(findTestCase("Test Cases/APAC_Universities/SEO_PAGES/SIM_University/Resuable_Testcases/Navigate_Homepage"), [:], STOP_ON_FAILURE): Call Test Case 'Test Cases/APAC_Universities/SEO_PAGES/SIM_University/Resuable_Testcases/Navigate_Homepage' successfully

30-08-2024T12:34:17 - [TEST_CASE][PASSED] - Test Cases/APAC_Universities/SEO_PAGES/SIM_University/Resuable_Testcases/Navigate_Homepage: Test Cases/APAC_Universities/SEO_PAGES/SIM_University/Resuable_Testcases/Navigate_Homepage

30-08-2024T12:34:17 - [TEST_STEP][PASSED] - waitForElementClickable(findTestObject("Object Repository/APAC_University/SIM_University/Button_Homepage"), 10): Object 'Object Repository/APAC_University/SIM_University/Button_Homepage' is clickable

30-08-2024T12:34:24 - [MESSAGE][PASSED] - Object 'Object Repository/APAC_University/SIM_University/Button_Homepage' is clickable

30-08-2024T12:34:24 - [TEST_STEP][PASSED] - click(findTestObject("Object Repository/APAC_University/SIM_University/Button_Homepage")): Object: 'Object Repository/APAC_University/SIM_University/Button_Homepage' is clicked on

30-08-2024T12:34:25 - [MESSAGE][PASSED] - Object: 'Object Repository/APAC_University/SIM_University/Button_Homepage' is clicked on

30-08-2024T12:34:25 - [MESSAGE][PASSED] - Call Test Case 'Test Cases/APAC_Universities/SEO_PAGES/SIM_University/Resuable_Testcases/Navigate_Homepage' successfully

30-08-2024T12:34:25 - [TEST_STEP][PASSED] - waitForElementClickable(findTestObject("Object Repository/APAC_University/SIM_University/Button_Enquiry"), 10): Object 'Object Repository/APAC_University/SIM_University/Button_Enquiry' is clickable

30-08-2024T12:34:27 - [MESSAGE][PASSED] - Object 'Object Repository/APAC_University/SIM_University/Button_Enquiry' is clickable

30-08-2024T12:34:27 - [TEST_STEP][PASSED] - click(findTestObject("Object Repository/APAC_University/SIM_University/Button_Enquiry")): Object: 'Object Repository/APAC_University/SIM_University/Button_Enquiry' is clicked on

30-08-2024T12:34:27 - [MESSAGE][PASSED] - Object: 'Object Repository/APAC_University/SIM_University/Button_Enquiry' is clicked on

30-08-2024T12:34:27 - [TEST_STEP][PASSED] - callTestCase(findTestCase("Test Cases/APAC_Universities/SEO_PAGES/SIM_University/Resuable_Testcases/Lead_Form"), [:], STOP_ON_FAILURE): Call Test Case 'Test Cases/APAC_Universities/SEO_PAGES/SIM_University/Resuable_Testcases/Lead_Form' successfully

30-08-2024T12:34:27 - [TEST_CASE][PASSED] - Test Cases/APAC_Universities/SEO_PAGES/SIM_University/Resuable_Testcases/Lead_Form: Test Cases/APAC_Universities/SEO_PAGES/SIM_University/Resuable_Testcases/Lead_Form

30-08-2024T12:34:27 - [TEST_STEP][PASSED] - selectTestObject = findTestObject("Object Repository/APAC_University/SIM_University/Dropdown_Program"): null

30-08-2024T12:34:27 - [TEST_STEP][PASSED] - selectElement = findWebElement(selectTestObject, 0): Found web element by test object Object Repository/APAC_University/SIM_University/Dropdown_Program

30-08-2024T12:34:27 - [MESSAGE][WARNING] - Timeout '0' is invalid. Using default page load timeout: '30'

30-08-2024T12:34:28 - [MESSAGE][PASSED] - Found web element by test object Object Repository/APAC_University/SIM_University/Dropdown_Program

30-08-2024T12:34:28 - [TEST_STEP][PASSED] - select = new org.openqa.selenium.support.ui.Select(selectElement): null

30-08-2024T12:34:28 - [TEST_STEP][PASSED] - optionsrandom = select.getOptions(): null

30-08-2024T12:34:28 - [TEST_STEP][PASSED] - validOptions = optionsrandom.findAll({ -> ... }): null

30-08-2024T12:34:28 - [TEST_STEP][PASSED] - randomdropdown = new java.util.Random(): null

30-08-2024T12:34:28 - [TEST_STEP][PASSED] - randomOptiondropdown = validOptions[randomdropdown.nextInt(validOptions.size())]: null

30-08-2024T12:34:28 - [TEST_STEP][PASSED] - select.selectByValue(randomOptiondropdown.getAttribute("value")): null

30-08-2024T12:34:28 - [TEST_STEP][PASSED] - delay(3): Delayed 3 second(s)

30-08-2024T12:34:31 - [MESSAGE][PASSED] - Delayed 3 second(s)

30-08-2024T12:34:31 - [TEST_STEP][PASSED] - FirstName = keyPathPackage.customKeywords.generateRandomFirstName(): keyPathPackage.customKeywords.generateRandomFirstName is PASSED

30-08-2024T12:34:31 - [MESSAGE][PASSED] - keyPathPackage.customKeywords.generateRandomFirstName is PASSED

30-08-2024T12:34:31 - [TEST_STEP][PASSED] - setText(findTestObject("Object Repository/APAC_University/SIM_University/Field_Firstname"), FirstName): Text 'Cliff' is set on object 'Object Repository/APAC_University/SIM_University/Field_Firstname'

30-08-2024T12:34:32 - [MESSAGE][PASSED] - Text 'Cliff' is set on object 'Object Repository/APAC_University/SIM_University/Field_Firstname'

30-08-2024T12:34:32 - [TEST_STEP][PASSED] - LastName = keyPathPackage.customKeywords.generateRandomLastName(): keyPathPackage.customKeywords.generateRandomLastName is PASSED

30-08-2024T12:34:32 - [MESSAGE][PASSED] - keyPathPackage.customKeywords.generateRandomLastName is PASSED

30-08-2024T12:34:32 - [TEST_STEP][PASSED] - setText(findTestObject("Object Repository/APAC_University/SIM_University/Field_Lastname"), LastName): Text 'Testing Towne' is set on object 'Object Repository/APAC_University/SIM_University/Field_Lastname'

30-08-2024T12:34:32 - [MESSAGE][PASSED] - Text 'Testing Towne' is set on object 'Object Repository/APAC_University/SIM_University/Field_Lastname'

30-08-2024T12:34:32 - [TEST_STEP][PASSED] - waitForElementClickable(findTestObject("Object Repository/APAC_University/SIM_University/Button_Nextstep1"), 10): Object 'Object Repository/APAC_University/SIM_University/Button_Nextstep1' is clickable

30-08-2024T12:34:32 - [MESSAGE][PASSED] - Object 'Object Repository/APAC_University/SIM_University/Button_Nextstep1' is clickable

30-08-2024T12:34:32 - [TEST_STEP][PASSED] - click(findTestObject("Object Repository/APAC_University/SIM_University/Button_Nextstep1")): Object: 'Object Repository/APAC_University/SIM_University/Button_Nextstep1' is clicked on

30-08-2024T12:34:33 - [MESSAGE][PASSED] - Object: 'Object Repository/APAC_University/SIM_University/Button_Nextstep1' is clicked on

30-08-2024T12:34:33 - [TEST_STEP][PASSED] - startdate = findTestObject("Object Repository/APAC_University/SIM_University/Dropdown_Startdate"): null

30-08-2024T12:34:33 - [TEST_STEP][PASSED] - selectOptionByIndex(startdate, keyPathPackage.customKeywords.selectRandomOptionFromDropdown()): All options with index in [1] are selected on object 'Object Repository/APAC_University/SIM_University/Dropdown_Startdate'

30-08-2024T12:34:33 - [MESSAGE][PASSED] - keyPathPackage.customKeywords.selectRandomOptionFromDropdown is PASSED

30-08-2024T12:34:34 - [MESSAGE][PASSED] - All options with index in [1] are selected on object 'Object Repository/APAC_University/SIM_University/Dropdown_Startdate'

30-08-2024T12:34:34 - [TEST_STEP][PASSED] - Enquiry = findTestObject("Object Repository/APAC_University/SIM_University/Dropdown_Enquiry"): null

30-08-2024T12:34:34 - [TEST_STEP][PASSED] - selectOptionByIndex(Enquiry, keyPathPackage.customKeywords.selectRandomOptionFromDropdown()): All options with index in [2] are selected on object 'Object Repository/APAC_University/SIM_University/Dropdown_Enquiry'

30-08-2024T12:34:34 - [MESSAGE][PASSED] - keyPathPackage.customKeywords.selectRandomOptionFromDropdown is PASSED

30-08-2024T12:34:34 - [MESSAGE][PASSED] - All options with index in [2] are selected on object 'Object Repository/APAC_University/SIM_University/Dropdown_Enquiry'

30-08-2024T12:34:34 - [TEST_STEP][PASSED] - dropdown = findTestObject("Object Repository/APAC_University/SIM_University/Dropdown_Education"): null

30-08-2024T12:34:34 - [TEST_STEP][PASSED] - options = ["High school", "Diploma", "Bachelors degree", "Postgraduate diploma", "Masters Degree"]: null

30-08-2024T12:34:34 - [TEST_STEP][PASSED] - randomOption = options[Random().nextInt(length)]: null

30-08-2024T12:34:34 - [TEST_STEP][PASSED] - selectOptionByValue(dropdown, randomOption, true): All options with value 'Bachelors degree' are selected in object 'Object Repository/APAC_University/SIM_University/Dropdown_Education'  using regular expression

30-08-2024T12:34:35 - [MESSAGE][PASSED] - All options with value 'Bachelors degree' are selected in object 'Object Repository/APAC_University/SIM_University/Dropdown_Education'  using regular expression

30-08-2024T12:34:35 - [TEST_STEP][PASSED] - Workexperience = findTestObject("Object Repository/APAC_University/SIM_University/Dropdown_Experience"): null

30-08-2024T12:34:35 - [TEST_STEP][PASSED] - selectOptionByIndex(Workexperience, keyPathPackage.customKeywords.selectRandomOptionFromDropdown()): All options with index in [2] are selected on object 'Object Repository/APAC_University/SIM_University/Dropdown_Experience'

30-08-2024T12:34:35 - [MESSAGE][PASSED] - keyPathPackage.customKeywords.selectRandomOptionFromDropdown is PASSED

30-08-2024T12:34:36 - [MESSAGE][PASSED] - All options with index in [2] are selected on object 'Object Repository/APAC_University/SIM_University/Dropdown_Experience'

30-08-2024T12:34:36 - [TEST_STEP][PASSED] - Englishlevel = findTestObject("Object Repository/APAC_University/SIM_University/Dropdown_English"): null

30-08-2024T12:34:36 - [TEST_STEP][PASSED] - selectOptionByIndex(Englishlevel, keyPathPackage.customKeywords.selectRandomOptionFromDropdown()): All options with index in [2] are selected on object 'Object Repository/APAC_University/SIM_University/Dropdown_English'

30-08-2024T12:34:36 - [MESSAGE][PASSED] - keyPathPackage.customKeywords.selectRandomOptionFromDropdown is PASSED

30-08-2024T12:34:36 - [MESSAGE][PASSED] - All options with index in [2] are selected on object 'Object Repository/APAC_University/SIM_University/Dropdown_English'

30-08-2024T12:34:36 - [TEST_STEP][PASSED] - radioButtonGroup = findTestObject("Object Repository/APAC_University/SIM_University/Radiobutton_Years"): null

30-08-2024T12:34:36 - [TEST_STEP][PASSED] - radioButtons = findWebElements(radioButtonGroup, 30): Found web elements by test object Object Repository/APAC_University/SIM_University/Radiobutton_Years

30-08-2024T12:34:37 - [MESSAGE][PASSED] - Found web elements by test object Object Repository/APAC_University/SIM_University/Radiobutton_Years

30-08-2024T12:34:37 - [TEST_STEP][PASSED] - if (radioButtons.size() == 2): null

30-08-2024T12:34:37 - [TEST_STEP][PASSED] - random = new java.util.Random(): null

30-08-2024T12:34:37 - [TEST_STEP][PASSED] - randomIndex = random.nextInt(2): null

30-08-2024T12:34:37 - [TEST_STEP][PASSED] - randomRadioButton = radioButtons.get(randomIndex): null

30-08-2024T12:34:37 - [TEST_STEP][PASSED] - randomRadioButton.click(): null

30-08-2024T12:34:37 - [TEST_STEP][PASSED] - waitForElementClickable(findTestObject("Object Repository/APAC_University/SIM_University/Button_Nextstep2"), 10): Object 'Object Repository/APAC_University/SIM_University/Button_Nextstep2' is clickable

30-08-2024T12:34:37 - [MESSAGE][PASSED] - Object 'Object Repository/APAC_University/SIM_University/Button_Nextstep2' is clickable

30-08-2024T12:34:37 - [TEST_STEP][PASSED] - click(findTestObject("Object Repository/APAC_University/SIM_University/Button_Nextstep2")): Object: 'Object Repository/APAC_University/SIM_University/Button_Nextstep2' is clicked on

30-08-2024T12:34:37 - [MESSAGE][PASSED] - Object: 'Object Repository/APAC_University/SIM_University/Button_Nextstep2' is clicked on

30-08-2024T12:34:37 - [TEST_STEP][PASSED] - Phonenumber = keyPathPackage.customKeywords.generateRandomMalaysianPhoneNumber(): keyPathPackage.customKeywords.generateRandomMalaysianPhoneNumber is PASSED

30-08-2024T12:34:37 - [MESSAGE][PASSED] - keyPathPackage.customKeywords.generateRandomMalaysianPhoneNumber is PASSED

30-08-2024T12:34:37 - [TEST_STEP][PASSED] - setText(findTestObject("Object Repository/APAC_University/SIM_University/Field_Phonenumber"), Phonenumber): Text '121483338' is set on object 'Object Repository/APAC_University/SIM_University/Field_Phonenumber'

30-08-2024T12:34:38 - [MESSAGE][PASSED] - Text '121483338' is set on object 'Object Repository/APAC_University/SIM_University/Field_Phonenumber'

30-08-2024T12:34:38 - [TEST_STEP][PASSED] - Email = keyPathPackage.customKeywords.generateRandomEmail(): keyPathPackage.customKeywords.generateRandomEmail is PASSED

30-08-2024T12:34:38 - [MESSAGE][PASSED] - keyPathPackage.customKeywords.generateRandomEmail is PASSED

30-08-2024T12:34:38 - [TEST_STEP][PASSED] - setText(findTestObject("Object Repository/APAC_University/SIM_University/Field_Email"), Email): Text 'fidelia.jacobson@hotmail.com' is set on object 'Object Repository/APAC_University/SIM_University/Field_Email'

30-08-2024T12:34:39 - [MESSAGE][PASSED] - Text 'fidelia.jacobson@hotmail.com' is set on object 'Object Repository/APAC_University/SIM_University/Field_Email'

30-08-2024T12:34:39 - [TEST_STEP][PASSED] - Postcode = keyPathPackage.customKeywords.selectRandomSingaporePostCode(): keyPathPackage.customKeywords.selectRandomSingaporePostCode is PASSED

30-08-2024T12:34:39 - [MESSAGE][PASSED] - keyPathPackage.customKeywords.selectRandomSingaporePostCode is PASSED

30-08-2024T12:34:39 - [TEST_STEP][PASSED] - setText(findTestObject("Object Repository/APAC_University/SIM_University/Field_Postcode"), Postcode): Text '407587' is set on object 'Object Repository/APAC_University/SIM_University/Field_Postcode'

30-08-2024T12:34:40 - [MESSAGE][PASSED] - Text '407587' is set on object 'Object Repository/APAC_University/SIM_University/Field_Postcode'

30-08-2024T12:34:40 - [TEST_STEP][PASSED] - waitForElementClickable(findTestObject("Object Repository/APAC_University/SIM_University/Button_Submit"), 10): Object 'Object Repository/APAC_University/SIM_University/Button_Submit' is clickable

30-08-2024T12:34:40 - [MESSAGE][PASSED] - Object 'Object Repository/APAC_University/SIM_University/Button_Submit' is clickable

30-08-2024T12:34:40 - [TEST_STEP][PASSED] - click(findTestObject("Object Repository/APAC_University/SIM_University/Button_Submit")): Object: 'Object Repository/APAC_University/SIM_University/Button_Submit' is clicked on

30-08-2024T12:34:40 - [MESSAGE][PASSED] - Object: 'Object Repository/APAC_University/SIM_University/Button_Submit' is clicked on

30-08-2024T12:34:40 - [MESSAGE][PASSED] - Call Test Case 'Test Cases/APAC_Universities/SEO_PAGES/SIM_University/Resuable_Testcases/Lead_Form' successfully

30-08-2024T12:34:40 - [TEST_STEP][PASSED] - closeBrowser(): Browser is closed

30-08-2024T12:34:40 - [MESSAGE][PASSED] - Browser is closed]]></system-out>
         <system-err><![CDATA[]]></system-err>
      </testcase>
      <system-out><![CDATA[30-08-2024T12:18:35 - [TEST_SUITE][FAILED] - Keypath_Testsuite_APAC_SEO: Test Cases/APAC_Universities/SEO_PAGES/Sunway_University/Main_Page FAILED.
Reason:
com.kms.katalon.core.exception.StepFailedException: Call Test Case 'Test Cases/APAC_Universities/SEO_PAGES/Sunway_University/Resuable_Testcases/Lead_Form' failed
	at com.kms.katalon.core.keyword.builtin.CallTestCaseKeyword$_callTestCase_closure1.doCall(CallTestCaseKeyword.groovy:63)
	at com.kms.katalon.core.keyword.builtin.CallTestCaseKeyword$_callTestCase_closure1.call(CallTestCaseKeyword.groovy)
	at com.kms.katalon.core.keyword.internal.KeywordMain.runKeyword(KeywordMain.groovy:75)
	at com.kms.katalon.core.keyword.builtin.CallTestCaseKeyword.callTestCase(CallTestCaseKeyword.groovy:81)
	at com.kms.katalon.core.keyword.builtin.CallTestCaseKeyword.execute(CallTestCaseKeyword.groovy:44)
	at com.kms.katalon.core.keyword.internal.KeywordExecutor.executeKeywordForPlatform(KeywordExecutor.groovy:74)
	at com.kms.katalon.core.keyword.BuiltinKeywords.callTestCase(BuiltinKeywords.groovy:310)
	at jdk.internal.reflect.GeneratedMethodAccessor34.invoke(Unknown Source)
	at java.base/jdk.internal.reflect.DelegatingMethodAccessorImpl.invoke(DelegatingMethodAccessorImpl.java:43)
	at Main_Page.run(Main_Page:25)
	at com.kms.katalon.core.main.ScriptEngine.run(ScriptEngine.java:194)
	at com.kms.katalon.core.main.ScriptEngine.runScriptAsRawText(ScriptEngine.java:119)
	at com.kms.katalon.core.main.TestCaseExecutor.runScript(TestCaseExecutor.java:448)
	at com.kms.katalon.core.main.TestCaseExecutor.doExecute(TestCaseExecutor.java:439)
	at com.kms.katalon.core.main.TestCaseExecutor.processExecutionPhase(TestCaseExecutor.java:418)
	at com.kms.katalon.core.main.TestCaseExecutor.accessMainPhase(TestCaseExecutor.java:410)
	at com.kms.katalon.core.main.TestCaseExecutor.execute(TestCaseExecutor.java:285)
	at com.kms.katalon.core.common.CommonExecutor.accessTestCaseMainPhase(CommonExecutor.java:65)
	at com.kms.katalon.core.main.TestSuiteExecutor.accessTestSuiteMainPhase(TestSuiteExecutor.java:150)
	at com.kms.katalon.core.main.TestSuiteExecutor.execute(TestSuiteExecutor.java:106)
	at com.kms.katalon.core.main.TestCaseMain.startTestSuite(TestCaseMain.java:180)
	at TempTestSuite1724984311518.run(TempTestSuite1724984311518.groovy:35)
	at java.base/jdk.internal.reflect.NativeMethodAccessorImpl.invoke0(Native Method)
	at java.base/jdk.internal.reflect.NativeMethodAccessorImpl.invoke(NativeMethodAccessorImpl.java:77)
	at java.base/jdk.internal.reflect.DelegatingMethodAccessorImpl.invoke(DelegatingMethodAccessorImpl.java:43)
Caused by: com.kms.katalon.core.exception.StepFailedException: Cannot find web element by test object Object Repository/APAC_University/SUN_University/Dropdown_Program
	at com.kms.katalon.core.webui.keyword.internal.WebUIKeywordMain.stepFailed(WebUIKeywordMain.groovy:64)
	at com.kms.katalon.core.webui.keyword.internal.WebUIKeywordMain.runKeyword(WebUIKeywordMain.groovy:26)
	at com.kms.katalon.core.webui.keyword.builtin.FindWebElementKeyword.findWebElement(FindWebElementKeyword.groovy:86)
	at com.kms.katalon.core.webui.keyword.builtin.FindWebElementKeyword.execute(FindWebElementKeyword.groovy:68)
	at com.kms.katalon.core.keyword.internal.KeywordExecutor.executeKeywordForPlatform(KeywordExecutor.groovy:74)
	at com.kms.katalon.core.webui.keyword.WebUiBuiltInKeywords.findWebElement(WebUiBuiltInKeywords.groovy:2882)
	at Lead_Form.run(Lead_Form:32)
	at com.kms.katalon.core.main.ScriptEngine.run(ScriptEngine.java:194)
	at com.kms.katalon.core.main.ScriptEngine.runScriptAsRawText(ScriptEngine.java:119)
	at com.kms.katalon.core.main.TestCaseExecutor.runScript(TestCaseExecutor.java:448)
	at com.kms.katalon.core.main.TestCaseExecutor.doExecute(TestCaseExecutor.java:439)
	at com.kms.katalon.core.main.TestCaseExecutor.processExecutionPhase(TestCaseExecutor.java:418)
	at com.kms.katalon.core.main.TestCaseExecutor.accessMainPhase(TestCaseExecutor.java:410)
	at com.kms.katalon.core.main.TestCaseExecutor.execute(TestCaseExecutor.java:285)
	at com.kms.katalon.core.main.TestCaseMain.runTestCase(TestCaseMain.java:137)
	at com.kms.katalon.core.keyword.builtin.CallTestCaseKeyword$_callTestCase_closure1.doCall(CallTestCaseKeyword.groovy:59)
	... 24 more
Caused by: com.kms.katalon.core.webui.exception.WebElementNotFoundException: Web element with id: 'Object Repository/APAC_University/SUN_University/Dropdown_Program' located by '//*[@id="Courseid"]' not found
	at com.kms.katalon.core.webui.common.WebUiCommonHelper.findWebElement(WebUiCommonHelper.java:1426)
	at com.kms.katalon.core.webui.keyword.builtin.FindWebElementKeyword$_findWebElement_closure1.doCall(FindWebElementKeyword.groovy:77)
	at com.kms.katalon.core.webui.keyword.builtin.FindWebElementKeyword$_findWebElement_closure1.call(FindWebElementKeyword.groovy)
	at com.kms.katalon.core.webui.keyword.internal.WebUIKeywordMain.runKeyword(WebUIKeywordMain.groovy:20)
	... 38 more]]></system-out>
      <system-err><![CDATA[30-08-2024T12:18:35 - [TEST_SUITE][FAILED] - Keypath_Testsuite_APAC_SEO: Test Cases/APAC_Universities/SEO_PAGES/Sunway_University/Main_Page FAILED.
Reason:
com.kms.katalon.core.exception.StepFailedException: Call Test Case 'Test Cases/APAC_Universities/SEO_PAGES/Sunway_University/Resuable_Testcases/Lead_Form' failed
	at com.kms.katalon.core.keyword.builtin.CallTestCaseKeyword$_callTestCase_closure1.doCall(CallTestCaseKeyword.groovy:63)
	at com.kms.katalon.core.keyword.builtin.CallTestCaseKeyword$_callTestCase_closure1.call(CallTestCaseKeyword.groovy)
	at com.kms.katalon.core.keyword.internal.KeywordMain.runKeyword(KeywordMain.groovy:75)
	at com.kms.katalon.core.keyword.builtin.CallTestCaseKeyword.callTestCase(CallTestCaseKeyword.groovy:81)
	at com.kms.katalon.core.keyword.builtin.CallTestCaseKeyword.execute(CallTestCaseKeyword.groovy:44)
	at com.kms.katalon.core.keyword.internal.KeywordExecutor.executeKeywordForPlatform(KeywordExecutor.groovy:74)
	at com.kms.katalon.core.keyword.BuiltinKeywords.callTestCase(BuiltinKeywords.groovy:310)
	at jdk.internal.reflect.GeneratedMethodAccessor34.invoke(Unknown Source)
	at java.base/jdk.internal.reflect.DelegatingMethodAccessorImpl.invoke(DelegatingMethodAccessorImpl.java:43)
	at Main_Page.run(Main_Page:25)
	at com.kms.katalon.core.main.ScriptEngine.run(ScriptEngine.java:194)
	at com.kms.katalon.core.main.ScriptEngine.runScriptAsRawText(ScriptEngine.java:119)
	at com.kms.katalon.core.main.TestCaseExecutor.runScript(TestCaseExecutor.java:448)
	at com.kms.katalon.core.main.TestCaseExecutor.doExecute(TestCaseExecutor.java:439)
	at com.kms.katalon.core.main.TestCaseExecutor.processExecutionPhase(TestCaseExecutor.java:418)
	at com.kms.katalon.core.main.TestCaseExecutor.accessMainPhase(TestCaseExecutor.java:410)
	at com.kms.katalon.core.main.TestCaseExecutor.execute(TestCaseExecutor.java:285)
	at com.kms.katalon.core.common.CommonExecutor.accessTestCaseMainPhase(CommonExecutor.java:65)
	at com.kms.katalon.core.main.TestSuiteExecutor.accessTestSuiteMainPhase(TestSuiteExecutor.java:150)
	at com.kms.katalon.core.main.TestSuiteExecutor.execute(TestSuiteExecutor.java:106)
	at com.kms.katalon.core.main.TestCaseMain.startTestSuite(TestCaseMain.java:180)
	at TempTestSuite1724984311518.run(TempTestSuite1724984311518.groovy:35)
	at java.base/jdk.internal.reflect.NativeMethodAccessorImpl.invoke0(Native Method)
	at java.base/jdk.internal.reflect.NativeMethodAccessorImpl.invoke(NativeMethodAccessorImpl.java:77)
	at java.base/jdk.internal.reflect.DelegatingMethodAccessorImpl.invoke(DelegatingMethodAccessorImpl.java:43)
Caused by: com.kms.katalon.core.exception.StepFailedException: Cannot find web element by test object Object Repository/APAC_University/SUN_University/Dropdown_Program
	at com.kms.katalon.core.webui.keyword.internal.WebUIKeywordMain.stepFailed(WebUIKeywordMain.groovy:64)
	at com.kms.katalon.core.webui.keyword.internal.WebUIKeywordMain.runKeyword(WebUIKeywordMain.groovy:26)
	at com.kms.katalon.core.webui.keyword.builtin.FindWebElementKeyword.findWebElement(FindWebElementKeyword.groovy:86)
	at com.kms.katalon.core.webui.keyword.builtin.FindWebElementKeyword.execute(FindWebElementKeyword.groovy:68)
	at com.kms.katalon.core.keyword.internal.KeywordExecutor.executeKeywordForPlatform(KeywordExecutor.groovy:74)
	at com.kms.katalon.core.webui.keyword.WebUiBuiltInKeywords.findWebElement(WebUiBuiltInKeywords.groovy:2882)
	at Lead_Form.run(Lead_Form:32)
	at com.kms.katalon.core.main.ScriptEngine.run(ScriptEngine.java:194)
	at com.kms.katalon.core.main.ScriptEngine.runScriptAsRawText(ScriptEngine.java:119)
	at com.kms.katalon.core.main.TestCaseExecutor.runScript(TestCaseExecutor.java:448)
	at com.kms.katalon.core.main.TestCaseExecutor.doExecute(TestCaseExecutor.java:439)
	at com.kms.katalon.core.main.TestCaseExecutor.processExecutionPhase(TestCaseExecutor.java:418)
	at com.kms.katalon.core.main.TestCaseExecutor.accessMainPhase(TestCaseExecutor.java:410)
	at com.kms.katalon.core.main.TestCaseExecutor.execute(TestCaseExecutor.java:285)
	at com.kms.katalon.core.main.TestCaseMain.runTestCase(TestCaseMain.java:137)
	at com.kms.katalon.core.keyword.builtin.CallTestCaseKeyword$_callTestCase_closure1.doCall(CallTestCaseKeyword.groovy:59)
	... 24 more
Caused by: com.kms.katalon.core.webui.exception.WebElementNotFoundException: Web element with id: 'Object Repository/APAC_University/SUN_University/Dropdown_Program' located by '//*[@id="Courseid"]' not found
	at com.kms.katalon.core.webui.common.WebUiCommonHelper.findWebElement(WebUiCommonHelper.java:1426)
	at com.kms.katalon.core.webui.keyword.builtin.FindWebElementKeyword$_findWebElement_closure1.doCall(FindWebElementKeyword.groovy:77)
	at com.kms.katalon.core.webui.keyword.builtin.FindWebElementKeyword$_findWebElement_closure1.call(FindWebElementKeyword.groovy)
	at com.kms.katalon.core.webui.keyword.internal.WebUIKeywordMain.runKeyword(WebUIKeywordMain.groovy:20)
	... 38 more]]></system-err>
   </testsuite>
</testsuites>
