<?xml version="1.0" encoding="UTF-8"?>
<testsuites name="Keypath_Testsuite_APAC_SEO" time="790.696" tests="28" failures="3" errors="2">
   <testsuite name="Keypath_Testsuite_APAC_SEO" tests="28" failures="3" errors="2" time="790.696" skipped="0" timestamp="22-10-2024T16:11:27" hostname="madhansivaraj - 192.168.4.22" id="Test Suites/Keypath_Testsuite_APAC_SEO">
      <properties>
         <property name="deviceName" value=""/>
         <property name="devicePlatform"/>
         <property name="logFolder" value="/Users/madhansivaraj/git/Keypath_Automation_Testing_Mster/Reports/20241022_161121/Keypath_Testsuite_APAC_SEO/20241022_161122"/>
         <property name="logFiles" value="/Users/madhansivaraj/git/Keypath_Automation_Testing_Mster/Reports/20241022_161121/Keypath_Testsuite_APAC_SEO/20241022_161122/execution0.log"/>
         <property name="attachments" value="/Users/madhansivaraj/git/Keypath_Automation_Testing_Mster/Reports/20241022_161121/Keypath_Testsuite_APAC_SEO/20241022_161122/1729574066125.png, /Users/madhansivaraj/git/Keypath_Automation_Testing_Mster/Reports/20241022_161121/Keypath_Testsuite_APAC_SEO/20241022_161122/1729574498226.png, /Users/madhansivaraj/git/Keypath_Automation_Testing_Mster/Reports/20241022_161121/Keypath_Testsuite_APAC_SEO/20241022_161122/1729574509913.png"/>
         <property name="hostName" value="madhansivaraj - 192.168.4.22"/>
         <property name="os" value="Mac OS X 64bit"/>
         <property name="katalonVersion" value="9.6.0.217"/>
         <property name="browser" value="Chrome 129.0.0.0"/>
         <property name="hostAddress" value="192.168.4.22"/>
         <property name="sessionId" value="21ea80ef202aa851c78e41e38ca9aa8a"/>
         <property name="seleniumVersion" value="3.141.59"/>
         <property name="proxyInformation" value="ProxyInformation { proxyOption=NO_PROXY, proxyServerType=HTTP, username=, password=********, proxyServerAddress=, proxyServerPort=0, executionList=&quot;&quot;, isApplyToDesiredCapabilities=true }"/>
         <property name="platform" value="Mac OS X"/>
      </properties>
      <testcase name="Test Cases/APAC_Universities/SEO_PAGES/RMIT_University/Enquiry_Form" time="39.65" classname="Test Cases/APAC_Universities/SEO_PAGES/RMIT_University/Enquiry_Form" status="PASSED">
         <system-out><![CDATA[22-10-2024T16:11:27 - [TEST_CASE][PASSED] - Test Cases/APAC_Universities/SEO_PAGES/RMIT_University/Enquiry_Form: Test Cases/APAC_Universities/SEO_PAGES/RMIT_University/Enquiry_Form

22-10-2024T16:11:27 - [TEST_STEP][PASSED] - callTestCase(findTestCase("Test Cases/APAC_Universities/SEO_PAGES/RMIT_University/Reusuable_Testcases/Naviigate_Url"), [:], STOP_ON_FAILURE): Call Test Case 'Test Cases/APAC_Universities/SEO_PAGES/RMIT_University/Reusuable_Testcases/Naviigate_Url' successfully

22-10-2024T16:11:27 - [TEST_CASE][PASSED] - Test Cases/APAC_Universities/SEO_PAGES/RMIT_University/Reusuable_Testcases/Naviigate_Url: Test Cases/APAC_Universities/SEO_PAGES/RMIT_University/Reusuable_Testcases/Naviigate_Url

22-10-2024T16:11:27 - [TEST_STEP][PASSED] - openBrowser(""): Browser is opened with url: ''

22-10-2024T16:11:27 - [MESSAGE][INFO] - Starting 'Chrome' driver

22-10-2024T16:11:27 - [MESSAGE][INFO] - Action delay is set to 0 milliseconds

22-10-2024T16:11:29 - [MESSAGE][PASSED] - Browser is opened with url: ''

22-10-2024T16:11:29 - [TEST_STEP][PASSED] - navigateToUrl(University_RMIT): Navigate to 'https://key:path@dev-rmit-opm.pantheonsite.io' successfully

22-10-2024T16:11:49 - [MESSAGE][PASSED] - Navigate to 'https://key:path@dev-rmit-opm.pantheonsite.io' successfully

22-10-2024T16:11:49 - [TEST_STEP][PASSED] - maximizeWindow(): Current window maximized

22-10-2024T16:11:49 - [MESSAGE][PASSED] - Current window maximized

22-10-2024T16:11:49 - [MESSAGE][PASSED] - Call Test Case 'Test Cases/APAC_Universities/SEO_PAGES/RMIT_University/Reusuable_Testcases/Naviigate_Url' successfully

22-10-2024T16:11:49 - [TEST_STEP][PASSED] - waitForElementClickable(findTestObject("Object Repository/APAC_University/Rmit_University/Enquiry_Now/Button_Enquiry_Now"), 10): Object 'Object Repository/APAC_University/Rmit_University/Enquiry_Now/Button_Enquiry_Now' is clickable

22-10-2024T16:11:49 - [MESSAGE][PASSED] - Object 'Object Repository/APAC_University/Rmit_University/Enquiry_Now/Button_Enquiry_Now' is clickable

22-10-2024T16:11:49 - [TEST_STEP][PASSED] - click(findTestObject("Object Repository/APAC_University/Rmit_University/Enquiry_Now/Button_Enquiry_Now")): Object: 'Object Repository/APAC_University/Rmit_University/Enquiry_Now/Button_Enquiry_Now' is clicked on

22-10-2024T16:11:51 - [MESSAGE][PASSED] - Object: 'Object Repository/APAC_University/Rmit_University/Enquiry_Now/Button_Enquiry_Now' is clicked on

22-10-2024T16:11:51 - [TEST_STEP][PASSED] - program = findTestObject("Object Repository/APAC_University/Rmit_University/Enquiry_Now/Dropdown_Enquiry_Program"): null

22-10-2024T16:11:51 - [TEST_STEP][PASSED] - selectOptionByIndex(program, keyPathPackage.customKeywords.selectRandomOptionFromDropdown()): All options with index in [2] are selected on object 'Object Repository/APAC_University/Rmit_University/Enquiry_Now/Dropdown_Enquiry_Program'

22-10-2024T16:11:51 - [MESSAGE][PASSED] - keyPathPackage.customKeywords.selectRandomOptionFromDropdown is PASSED

22-10-2024T16:11:52 - [MESSAGE][PASSED] - All options with index in [2] are selected on object 'Object Repository/APAC_University/Rmit_University/Enquiry_Now/Dropdown_Enquiry_Program'

22-10-2024T16:11:52 - [TEST_STEP][PASSED] - FirstName = keyPathPackage.customKeywords.generateRandomFirstName(): keyPathPackage.customKeywords.generateRandomFirstName is PASSED

22-10-2024T16:11:53 - [MESSAGE][PASSED] - keyPathPackage.customKeywords.generateRandomFirstName is PASSED

22-10-2024T16:11:53 - [TEST_STEP][PASSED] - setText(findTestObject("Object Repository/APAC_University/Rmit_University/Enquiry_Now/Field_FirstName"), FirstName): Text 'Hildegarde' is set on object 'Object Repository/APAC_University/Rmit_University/Enquiry_Now/Field_FirstName'

22-10-2024T16:11:53 - [MESSAGE][PASSED] - Text 'Hildegarde' is set on object 'Object Repository/APAC_University/Rmit_University/Enquiry_Now/Field_FirstName'

22-10-2024T16:11:53 - [TEST_STEP][PASSED] - LastName = keyPathPackage.customKeywords.generateRandomLastName(): keyPathPackage.customKeywords.generateRandomLastName is PASSED

22-10-2024T16:11:53 - [MESSAGE][PASSED] - keyPathPackage.customKeywords.generateRandomLastName is PASSED

22-10-2024T16:11:53 - [TEST_STEP][PASSED] - setText(findTestObject("Object Repository/APAC_University/Rmit_University/Enquiry_Now/Field_SecondName"), LastName): Text 'Testing Bartell' is set on object 'Object Repository/APAC_University/Rmit_University/Enquiry_Now/Field_SecondName'

22-10-2024T16:11:54 - [MESSAGE][PASSED] - Text 'Testing Bartell' is set on object 'Object Repository/APAC_University/Rmit_University/Enquiry_Now/Field_SecondName'

22-10-2024T16:11:54 - [TEST_STEP][PASSED] - waitForElementClickable(findTestObject("Object Repository/APAC_University/Rmit_University/Enquiry_Now/Button_Nextstep2"), 10): Object 'Object Repository/APAC_University/Rmit_University/Enquiry_Now/Button_Nextstep2' is clickable

22-10-2024T16:11:54 - [MESSAGE][PASSED] - Object 'Object Repository/APAC_University/Rmit_University/Enquiry_Now/Button_Nextstep2' is clickable

22-10-2024T16:11:54 - [TEST_STEP][PASSED] - click(findTestObject("Object Repository/APAC_University/Rmit_University/Enquiry_Now/Button_Nextstep2")): Object: 'Object Repository/APAC_University/Rmit_University/Enquiry_Now/Button_Nextstep2' is clicked on

22-10-2024T16:11:54 - [MESSAGE][PASSED] - Object: 'Object Repository/APAC_University/Rmit_University/Enquiry_Now/Button_Nextstep2' is clicked on

22-10-2024T16:11:54 - [TEST_STEP][PASSED] - Phonenumber = keyPathPackage.customKeywords.generateRandomAustralianPhoneNumber(): keyPathPackage.customKeywords.generateRandomAustralianPhoneNumber is PASSED

22-10-2024T16:11:54 - [MESSAGE][PASSED] - keyPathPackage.customKeywords.generateRandomAustralianPhoneNumber is PASSED

22-10-2024T16:11:54 - [TEST_STEP][PASSED] - setText(findTestObject("Object Repository/APAC_University/Rmit_University/Enquiry_Now/Field_Phonenumber"), Phonenumber): Text '0480579072' is set on object 'Object Repository/APAC_University/Rmit_University/Enquiry_Now/Field_Phonenumber'

22-10-2024T16:11:55 - [MESSAGE][PASSED] - Text '0480579072' is set on object 'Object Repository/APAC_University/Rmit_University/Enquiry_Now/Field_Phonenumber'

22-10-2024T16:11:55 - [TEST_STEP][PASSED] - Email = keyPathPackage.customKeywords.generateRandomEmail(): keyPathPackage.customKeywords.generateRandomEmail is PASSED

22-10-2024T16:11:55 - [MESSAGE][PASSED] - keyPathPackage.customKeywords.generateRandomEmail is PASSED

22-10-2024T16:11:55 - [TEST_STEP][PASSED] - setText(findTestObject("Object Repository/APAC_University/Rmit_University/Enquiry_Now/Field_Email"), Email): Text 'miss.lowe@yahoo.com' is set on object 'Object Repository/APAC_University/Rmit_University/Enquiry_Now/Field_Email'

22-10-2024T16:11:56 - [MESSAGE][PASSED] - Text 'miss.lowe@yahoo.com' is set on object 'Object Repository/APAC_University/Rmit_University/Enquiry_Now/Field_Email'

22-10-2024T16:11:56 - [TEST_STEP][PASSED] - waitForElementClickable(findTestObject("Object Repository/APAC_University/Rmit_University/Enquiry_Now/Button_Nextstep3"), 10): Object 'Object Repository/APAC_University/Rmit_University/Enquiry_Now/Button_Nextstep3' is clickable

22-10-2024T16:11:56 - [MESSAGE][PASSED] - Object 'Object Repository/APAC_University/Rmit_University/Enquiry_Now/Button_Nextstep3' is clickable

22-10-2024T16:11:56 - [TEST_STEP][PASSED] - click(findTestObject("Object Repository/APAC_University/Rmit_University/Enquiry_Now/Button_Nextstep3")): Object: 'Object Repository/APAC_University/Rmit_University/Enquiry_Now/Button_Nextstep3' is clicked on

22-10-2024T16:11:56 - [MESSAGE][PASSED] - Object: 'Object Repository/APAC_University/Rmit_University/Enquiry_Now/Button_Nextstep3' is clicked on

22-10-2024T16:11:56 - [TEST_STEP][PASSED] - selectOptionByLabel(findTestObject("Object Repository/APAC_University/Rmit_University/Enquiry_Now/Dropdown_Country"), "Australia", false): All options with label 'Australia' are selected in object 'Object Repository/APAC_University/Rmit_University/Enquiry_Now/Dropdown_Country' 

22-10-2024T16:11:57 - [MESSAGE][PASSED] - All options with label 'Australia' are selected in object 'Object Repository/APAC_University/Rmit_University/Enquiry_Now/Dropdown_Country' 

22-10-2024T16:11:57 - [TEST_STEP][PASSED] - delay(3): Delayed 3 second(s)

22-10-2024T16:12:00 - [MESSAGE][PASSED] - Delayed 3 second(s)

22-10-2024T16:12:00 - [TEST_STEP][PASSED] - Postcode = keyPathPackage.customKeywords.selectRandomPostCode(): keyPathPackage.customKeywords.selectRandomPostCode is PASSED

22-10-2024T16:12:00 - [MESSAGE][PASSED] - keyPathPackage.customKeywords.selectRandomPostCode is PASSED

22-10-2024T16:12:00 - [TEST_STEP][PASSED] - setText(findTestObject("Object Repository/APAC_University/Rmit_University/Enquiry_Now/Field_Pincode"), Postcode): Text '1220' is set on object 'Object Repository/APAC_University/Rmit_University/Enquiry_Now/Field_Pincode'

22-10-2024T16:12:00 - [MESSAGE][PASSED] - Text '1220' is set on object 'Object Repository/APAC_University/Rmit_University/Enquiry_Now/Field_Pincode'

22-10-2024T16:12:00 - [TEST_STEP][PASSED] - setText(findTestObject("Object Repository/APAC_University/Rmit_University/Enquiry_Now/Field_Pincode"), Postcode): Text '1220' is set on object 'Object Repository/APAC_University/Rmit_University/Enquiry_Now/Field_Pincode'

22-10-2024T16:12:01 - [MESSAGE][PASSED] - Text '1220' is set on object 'Object Repository/APAC_University/Rmit_University/Enquiry_Now/Field_Pincode'

22-10-2024T16:12:01 - [TEST_STEP][PASSED] - waitForElementClickable(findTestObject("Object Repository/APAC_University/Rmit_University/Enquiry_Now/Button_GetStarted"), 10): Object 'Object Repository/APAC_University/Rmit_University/Enquiry_Now/Button_GetStarted' is clickable

22-10-2024T16:12:01 - [MESSAGE][PASSED] - Object 'Object Repository/APAC_University/Rmit_University/Enquiry_Now/Button_GetStarted' is clickable

22-10-2024T16:12:01 - [TEST_STEP][PASSED] - click(findTestObject("Object Repository/APAC_University/Rmit_University/Enquiry_Now/Button_GetStarted")): Object: 'Object Repository/APAC_University/Rmit_University/Enquiry_Now/Button_GetStarted' is clicked on

22-10-2024T16:12:01 - [MESSAGE][PASSED] - Object: 'Object Repository/APAC_University/Rmit_University/Enquiry_Now/Button_GetStarted' is clicked on

22-10-2024T16:12:01 - [TEST_STEP][PASSED] - delay(5): Delayed 5 second(s)

22-10-2024T16:12:06 - [MESSAGE][PASSED] - Delayed 5 second(s)

22-10-2024T16:12:06 - [TEST_STEP][PASSED] - verifyElementText(findTestObject("Object Repository/APAC_University/Rmit_University/Main_Page/Verify_Message"), "Thank you for enquiring"): Actual text and expected text of test object 'Object Repository/APAC_University/Rmit_University/Main_Page/Verify_Message' are matched.

22-10-2024T16:12:07 - [MESSAGE][PASSED] - Actual text and expected text of test object 'Object Repository/APAC_University/Rmit_University/Main_Page/Verify_Message' are matched.]]></system-out>
         <system-err><![CDATA[]]></system-err>
      </testcase>
      <testcase name="Test Cases/APAC_Universities/SEO_PAGES/RMIT_University/Main_Page" time="17.639" classname="Test Cases/APAC_Universities/SEO_PAGES/RMIT_University/Main_Page" status="PASSED">
         <system-out><![CDATA[22-10-2024T16:12:07 - [TEST_CASE][PASSED] - Test Cases/APAC_Universities/SEO_PAGES/RMIT_University/Main_Page: Test Cases/APAC_Universities/SEO_PAGES/RMIT_University/Main_Page

22-10-2024T16:12:07 - [TEST_STEP][PASSED] - callTestCase(findTestCase("Test Cases/APAC_Universities/SEO_PAGES/RMIT_University/Reusuable_Testcases/Navigate to home page"), [:], STOP_ON_FAILURE): Call Test Case 'Test Cases/APAC_Universities/SEO_PAGES/RMIT_University/Reusuable_Testcases/Navigate to home page' successfully

22-10-2024T16:12:07 - [TEST_CASE][PASSED] - Test Cases/APAC_Universities/SEO_PAGES/RMIT_University/Reusuable_Testcases/Navigate to home page: Test Cases/APAC_Universities/SEO_PAGES/RMIT_University/Reusuable_Testcases/Navigate to home page

22-10-2024T16:12:07 - [TEST_STEP][PASSED] - waitForElementClickable(findTestObject("Object Repository/APAC_University/Rmit_University/Main_Page/Image_Homepage"), 10): Object 'Object Repository/APAC_University/Rmit_University/Main_Page/Image_Homepage' is clickable

22-10-2024T16:12:07 - [MESSAGE][PASSED] - Object 'Object Repository/APAC_University/Rmit_University/Main_Page/Image_Homepage' is clickable

22-10-2024T16:12:07 - [TEST_STEP][PASSED] - click(findTestObject("Object Repository/APAC_University/Rmit_University/Main_Page/Image_Homepage")): Object: 'Object Repository/APAC_University/Rmit_University/Main_Page/Image_Homepage' is clicked on

22-10-2024T16:12:07 - [MESSAGE][PASSED] - Object: 'Object Repository/APAC_University/Rmit_University/Main_Page/Image_Homepage' is clicked on

22-10-2024T16:12:07 - [MESSAGE][PASSED] - Call Test Case 'Test Cases/APAC_Universities/SEO_PAGES/RMIT_University/Reusuable_Testcases/Navigate to home page' successfully

22-10-2024T16:12:07 - [TEST_STEP][PASSED] - callTestCase(findTestCase("Test Cases/APAC_Universities/SEO_PAGES/RMIT_University/Reusuable_Testcases/Lead_Form"), [:], STOP_ON_FAILURE): Call Test Case 'Test Cases/APAC_Universities/SEO_PAGES/RMIT_University/Reusuable_Testcases/Lead_Form' successfully

22-10-2024T16:12:07 - [TEST_CASE][PASSED] - Test Cases/APAC_Universities/SEO_PAGES/RMIT_University/Reusuable_Testcases/Lead_Form: Test Cases/APAC_Universities/SEO_PAGES/RMIT_University/Reusuable_Testcases/Lead_Form

22-10-2024T16:12:07 - [TEST_STEP][PASSED] - program = findTestObject("Object Repository/APAC_University/Rmit_University/Main_Page/Dropdown_Program"): null

22-10-2024T16:12:07 - [TEST_STEP][PASSED] - selectOptionByIndex(program, keyPathPackage.customKeywords.selectRandomOptionFromDropdown()): All options with index in [1] are selected on object 'Object Repository/APAC_University/Rmit_University/Main_Page/Dropdown_Program'

22-10-2024T16:12:07 - [MESSAGE][PASSED] - keyPathPackage.customKeywords.selectRandomOptionFromDropdown is PASSED

22-10-2024T16:12:10 - [MESSAGE][PASSED] - All options with index in [1] are selected on object 'Object Repository/APAC_University/Rmit_University/Main_Page/Dropdown_Program'

22-10-2024T16:12:10 - [TEST_STEP][PASSED] - FirstName = keyPathPackage.customKeywords.generateRandomFirstName(): keyPathPackage.customKeywords.generateRandomFirstName is PASSED

22-10-2024T16:12:10 - [MESSAGE][PASSED] - keyPathPackage.customKeywords.generateRandomFirstName is PASSED

22-10-2024T16:12:10 - [TEST_STEP][PASSED] - setText(findTestObject("Object Repository/APAC_University/Rmit_University/Main_Page/Field_FirstName"), FirstName): Text 'Randy' is set on object 'Object Repository/APAC_University/Rmit_University/Main_Page/Field_FirstName'

22-10-2024T16:12:11 - [MESSAGE][PASSED] - Text 'Randy' is set on object 'Object Repository/APAC_University/Rmit_University/Main_Page/Field_FirstName'

22-10-2024T16:12:11 - [TEST_STEP][PASSED] - LastName = keyPathPackage.customKeywords.generateRandomLastName(): keyPathPackage.customKeywords.generateRandomLastName is PASSED

22-10-2024T16:12:11 - [MESSAGE][PASSED] - keyPathPackage.customKeywords.generateRandomLastName is PASSED

22-10-2024T16:12:11 - [TEST_STEP][PASSED] - setText(findTestObject("Object Repository/APAC_University/Rmit_University/Main_Page/Field_LastName"), LastName): Text 'Testing Quigley' is set on object 'Object Repository/APAC_University/Rmit_University/Main_Page/Field_LastName'

22-10-2024T16:12:11 - [MESSAGE][PASSED] - Text 'Testing Quigley' is set on object 'Object Repository/APAC_University/Rmit_University/Main_Page/Field_LastName'

22-10-2024T16:12:11 - [TEST_STEP][PASSED] - waitForElementClickable(findTestObject("Object Repository/APAC_University/Rmit_University/Main_Page/Button_Nextstep2"), 10): Object 'Object Repository/APAC_University/Rmit_University/Main_Page/Button_Nextstep2' is clickable

22-10-2024T16:12:12 - [MESSAGE][PASSED] - Object 'Object Repository/APAC_University/Rmit_University/Main_Page/Button_Nextstep2' is clickable

22-10-2024T16:12:12 - [TEST_STEP][PASSED] - click(findTestObject("Object Repository/APAC_University/Rmit_University/Main_Page/Button_Nextstep2")): Object: 'Object Repository/APAC_University/Rmit_University/Main_Page/Button_Nextstep2' is clicked on

22-10-2024T16:12:12 - [MESSAGE][PASSED] - Object: 'Object Repository/APAC_University/Rmit_University/Main_Page/Button_Nextstep2' is clicked on

22-10-2024T16:12:12 - [TEST_STEP][PASSED] - startdate = findTestObject("Object Repository/APAC_University/Rmit_University/Main_Page/Dropdown_Enquiry_StartDate"): null

22-10-2024T16:12:12 - [TEST_STEP][PASSED] - selectOptionByIndex(startdate, keyPathPackage.customKeywords.selectRandomOptionFromDropdown()): All options with index in [2] are selected on object 'Object Repository/APAC_University/Rmit_University/Main_Page/Dropdown_Enquiry_StartDate'

22-10-2024T16:12:12 - [MESSAGE][PASSED] - keyPathPackage.customKeywords.selectRandomOptionFromDropdown is PASSED

22-10-2024T16:12:13 - [MESSAGE][PASSED] - All options with index in [2] are selected on object 'Object Repository/APAC_University/Rmit_University/Main_Page/Dropdown_Enquiry_StartDate'

22-10-2024T16:12:13 - [TEST_STEP][PASSED] - Enquiryreason = findTestObject("Object Repository/APAC_University/Rmit_University/Main_Page/Dropdown_EnquiryReason"): null

22-10-2024T16:12:13 - [TEST_STEP][PASSED] - selectOptionByIndex(Enquiryreason, keyPathPackage.customKeywords.selectRandomOptionFromDropdown()): All options with index in [1] are selected on object 'Object Repository/APAC_University/Rmit_University/Main_Page/Dropdown_EnquiryReason'

22-10-2024T16:12:13 - [MESSAGE][PASSED] - keyPathPackage.customKeywords.selectRandomOptionFromDropdown is PASSED

22-10-2024T16:12:14 - [MESSAGE][PASSED] - All options with index in [1] are selected on object 'Object Repository/APAC_University/Rmit_University/Main_Page/Dropdown_EnquiryReason'

22-10-2024T16:12:14 - [TEST_STEP][PASSED] - selectOptionByValue(findTestObject("Object Repository/APAC_University/Rmit_University/Main_Page/Dropdown_Enquiry_Leveleducation"), Education_Level, false): All options with value 'Postgraduate diploma' are selected in object 'Object Repository/APAC_University/Rmit_University/Main_Page/Dropdown_Enquiry_Leveleducation' 

22-10-2024T16:12:14 - [MESSAGE][PASSED] - All options with value 'Postgraduate diploma' are selected in object 'Object Repository/APAC_University/Rmit_University/Main_Page/Dropdown_Enquiry_Leveleducation' 

22-10-2024T16:12:14 - [TEST_STEP][PASSED] - Workexperience = findTestObject("Object Repository/APAC_University/Rmit_University/Main_Page/Field_Enquiry_Workexperience"): null

22-10-2024T16:12:14 - [TEST_STEP][PASSED] - selectOptionByIndex(Workexperience, keyPathPackage.customKeywords.selectRandomOptionFromDropdown()): All options with index in [1] are selected on object 'Object Repository/APAC_University/Rmit_University/Main_Page/Field_Enquiry_Workexperience'

22-10-2024T16:12:14 - [MESSAGE][PASSED] - keyPathPackage.customKeywords.selectRandomOptionFromDropdown is PASSED

22-10-2024T16:12:15 - [MESSAGE][PASSED] - All options with index in [1] are selected on object 'Object Repository/APAC_University/Rmit_University/Main_Page/Field_Enquiry_Workexperience'

22-10-2024T16:12:15 - [TEST_STEP][PASSED] - waitForElementClickable(findTestObject("Object Repository/APAC_University/Rmit_University/Main_Page/Button_Nextstep3"), 10): Object 'Object Repository/APAC_University/Rmit_University/Main_Page/Button_Nextstep3' is clickable

22-10-2024T16:12:15 - [MESSAGE][PASSED] - Object 'Object Repository/APAC_University/Rmit_University/Main_Page/Button_Nextstep3' is clickable

22-10-2024T16:12:15 - [TEST_STEP][PASSED] - click(findTestObject("Object Repository/APAC_University/Rmit_University/Main_Page/Button_Nextstep3")): Object: 'Object Repository/APAC_University/Rmit_University/Main_Page/Button_Nextstep3' is clicked on

22-10-2024T16:12:15 - [MESSAGE][PASSED] - Object: 'Object Repository/APAC_University/Rmit_University/Main_Page/Button_Nextstep3' is clicked on

22-10-2024T16:12:15 - [TEST_STEP][PASSED] - Phonenumber = keyPathPackage.customKeywords.generateRandomAustralianPhoneNumber(): keyPathPackage.customKeywords.generateRandomAustralianPhoneNumber is PASSED

22-10-2024T16:12:15 - [MESSAGE][PASSED] - keyPathPackage.customKeywords.generateRandomAustralianPhoneNumber is PASSED

22-10-2024T16:12:15 - [TEST_STEP][PASSED] - setText(findTestObject("Object Repository/APAC_University/Rmit_University/Main_Page/Field_Phonenumber"), Phonenumber): Text '0424014526' is set on object 'Object Repository/APAC_University/Rmit_University/Main_Page/Field_Phonenumber'

22-10-2024T16:12:16 - [MESSAGE][PASSED] - Text '0424014526' is set on object 'Object Repository/APAC_University/Rmit_University/Main_Page/Field_Phonenumber'

22-10-2024T16:12:16 - [TEST_STEP][PASSED] - Email = keyPathPackage.customKeywords.generateRandomEmail(): keyPathPackage.customKeywords.generateRandomEmail is PASSED

22-10-2024T16:12:16 - [MESSAGE][PASSED] - keyPathPackage.customKeywords.generateRandomEmail is PASSED

22-10-2024T16:12:16 - [TEST_STEP][PASSED] - setText(findTestObject("Object Repository/APAC_University/Rmit_University/Main_Page/Field_Email"), Email): Text 'genevie.homenick@gmail.com' is set on object 'Object Repository/APAC_University/Rmit_University/Main_Page/Field_Email'

22-10-2024T16:12:17 - [MESSAGE][PASSED] - Text 'genevie.homenick@gmail.com' is set on object 'Object Repository/APAC_University/Rmit_University/Main_Page/Field_Email'

22-10-2024T16:12:17 - [TEST_STEP][PASSED] - selectOptionByLabel(findTestObject("Object Repository/APAC_University/Rmit_University/Main_Page/Dropdown_Country"), "Australia", false): All options with label 'Australia' are selected in object 'Object Repository/APAC_University/Rmit_University/Main_Page/Dropdown_Country' 

22-10-2024T16:12:17 - [MESSAGE][PASSED] - All options with label 'Australia' are selected in object 'Object Repository/APAC_University/Rmit_University/Main_Page/Dropdown_Country' 

22-10-2024T16:12:17 - [TEST_STEP][PASSED] - Postcode = keyPathPackage.customKeywords.selectRandomPostCode(): keyPathPackage.customKeywords.selectRandomPostCode is PASSED

22-10-2024T16:12:17 - [MESSAGE][PASSED] - keyPathPackage.customKeywords.selectRandomPostCode is PASSED

22-10-2024T16:12:17 - [TEST_STEP][PASSED] - setText(findTestObject("Object Repository/APAC_University/Rmit_University/Main_Page/Dropdown_Zipcode"), Postcode): Text '7057' is set on object 'Object Repository/APAC_University/Rmit_University/Main_Page/Dropdown_Zipcode'

22-10-2024T16:12:18 - [MESSAGE][PASSED] - Text '7057' is set on object 'Object Repository/APAC_University/Rmit_University/Main_Page/Dropdown_Zipcode'

22-10-2024T16:12:18 - [TEST_STEP][PASSED] - setText(findTestObject("Object Repository/APAC_University/Rmit_University/Main_Page/Dropdown_Zipcode"), Postcode): Text '7057' is set on object 'Object Repository/APAC_University/Rmit_University/Main_Page/Dropdown_Zipcode'

22-10-2024T16:12:18 - [MESSAGE][PASSED] - Text '7057' is set on object 'Object Repository/APAC_University/Rmit_University/Main_Page/Dropdown_Zipcode'

22-10-2024T16:12:18 - [TEST_STEP][PASSED] - waitForElementClickable(findTestObject("Object Repository/APAC_University/Rmit_University/Main_Page/Button_Download"), 10): Object 'Object Repository/APAC_University/Rmit_University/Main_Page/Button_Download' is clickable

22-10-2024T16:12:19 - [MESSAGE][PASSED] - Object 'Object Repository/APAC_University/Rmit_University/Main_Page/Button_Download' is clickable

22-10-2024T16:12:19 - [TEST_STEP][PASSED] - click(findTestObject("Object Repository/APAC_University/Rmit_University/Main_Page/Button_Download")): Object: 'Object Repository/APAC_University/Rmit_University/Main_Page/Button_Download' is clicked on

22-10-2024T16:12:19 - [MESSAGE][PASSED] - Object: 'Object Repository/APAC_University/Rmit_University/Main_Page/Button_Download' is clicked on

22-10-2024T16:12:19 - [TEST_STEP][PASSED] - delay(5): Delayed 5 second(s)

22-10-2024T16:12:24 - [MESSAGE][PASSED] - Delayed 5 second(s)

22-10-2024T16:12:24 - [TEST_STEP][PASSED] - verifyElementText(findTestObject("Object Repository/APAC_University/Rmit_University/Main_Page/Verify_Message"), "Thank you for enquiring"): Actual text and expected text of test object 'Object Repository/APAC_University/Rmit_University/Main_Page/Verify_Message' are matched.

22-10-2024T16:12:24 - [MESSAGE][PASSED] - Actual text and expected text of test object 'Object Repository/APAC_University/Rmit_University/Main_Page/Verify_Message' are matched.

22-10-2024T16:12:24 - [MESSAGE][PASSED] - Call Test Case 'Test Cases/APAC_Universities/SEO_PAGES/RMIT_University/Reusuable_Testcases/Lead_Form' successfully

22-10-2024T16:12:24 - [TEST_STEP][PASSED] - closeBrowser(): Browser is closed

22-10-2024T16:12:24 - [MESSAGE][PASSED] - Browser is closed]]></system-out>
         <system-err><![CDATA[]]></system-err>
      </testcase>
      <testcase name="Test Cases/APAC_Universities/SEO_PAGES/Deakin_University/Enquiry_Now" time="36.757" classname="Test Cases/APAC_Universities/SEO_PAGES/Deakin_University/Enquiry_Now" status="PASSED">
         <system-out><![CDATA[22-10-2024T16:12:24 - [TEST_CASE][PASSED] - Test Cases/APAC_Universities/SEO_PAGES/Deakin_University/Enquiry_Now: Test Cases/APAC_Universities/SEO_PAGES/Deakin_University/Enquiry_Now

22-10-2024T16:12:24 - [TEST_STEP][PASSED] - callTestCase(findTestCase("Test Cases/APAC_Universities/SEO_PAGES/Deakin_University/Resuable_Testcases/Navigate_URL"), [:], STOP_ON_FAILURE): Call Test Case 'Test Cases/APAC_Universities/SEO_PAGES/Deakin_University/Resuable_Testcases/Navigate_URL' successfully

22-10-2024T16:12:24 - [TEST_CASE][PASSED] - Test Cases/APAC_Universities/SEO_PAGES/Deakin_University/Resuable_Testcases/Navigate_URL: Test Cases/APAC_Universities/SEO_PAGES/Deakin_University/Resuable_Testcases/Navigate_URL

22-10-2024T16:12:24 - [TEST_STEP][PASSED] - openBrowser(""): Browser is opened with url: ''

22-10-2024T16:12:24 - [MESSAGE][INFO] - Starting 'Chrome' driver

22-10-2024T16:12:24 - [MESSAGE][INFO] - Action delay is set to 0 milliseconds

22-10-2024T16:12:25 - [MESSAGE][PASSED] - Browser is opened with url: ''

22-10-2024T16:12:25 - [TEST_STEP][PASSED] - navigateToUrl(University_Deakin_URL): Navigate to 'https://key:path@dev-du-opm.pantheonsite.io/' successfully

22-10-2024T16:12:49 - [MESSAGE][PASSED] - Navigate to 'https://key:path@dev-du-opm.pantheonsite.io/' successfully

22-10-2024T16:12:49 - [TEST_STEP][PASSED] - maximizeWindow(): Current window maximized

22-10-2024T16:12:50 - [MESSAGE][PASSED] - Current window maximized

22-10-2024T16:12:50 - [MESSAGE][PASSED] - Call Test Case 'Test Cases/APAC_Universities/SEO_PAGES/Deakin_University/Resuable_Testcases/Navigate_URL' successfully

22-10-2024T16:12:50 - [TEST_STEP][PASSED] - waitForElementClickable(findTestObject("Object Repository/APAC_University/Deakin_University/Button_Enquiry_Now"), 10): Object 'Object Repository/APAC_University/Deakin_University/Button_Enquiry_Now' is clickable

22-10-2024T16:12:50 - [MESSAGE][PASSED] - Object 'Object Repository/APAC_University/Deakin_University/Button_Enquiry_Now' is clickable

22-10-2024T16:12:50 - [TEST_STEP][PASSED] - click(findTestObject("Object Repository/APAC_University/Deakin_University/Button_Enquiry_Now")): Object: 'Object Repository/APAC_University/Deakin_University/Button_Enquiry_Now' is clicked on

22-10-2024T16:12:51 - [MESSAGE][PASSED] - Object: 'Object Repository/APAC_University/Deakin_University/Button_Enquiry_Now' is clicked on

22-10-2024T16:12:51 - [TEST_STEP][PASSED] - program = findTestObject("Object Repository/APAC_University/Deakin_University/Dropdown_Program"): null

22-10-2024T16:12:51 - [TEST_STEP][PASSED] - selectOptionByIndex(program, keyPathPackage.customKeywords.selectRandomOptionFromDropdown()): All options with index in [1] are selected on object 'Object Repository/APAC_University/Deakin_University/Dropdown_Program'

22-10-2024T16:12:51 - [MESSAGE][PASSED] - keyPathPackage.customKeywords.selectRandomOptionFromDropdown is PASSED

22-10-2024T16:12:53 - [MESSAGE][PASSED] - All options with index in [1] are selected on object 'Object Repository/APAC_University/Deakin_University/Dropdown_Program'

22-10-2024T16:12:53 - [TEST_STEP][PASSED] - FirstName = keyPathPackage.customKeywords.generateRandomFirstName(): keyPathPackage.customKeywords.generateRandomFirstName is PASSED

22-10-2024T16:12:53 - [MESSAGE][PASSED] - keyPathPackage.customKeywords.generateRandomFirstName is PASSED

22-10-2024T16:12:53 - [TEST_STEP][PASSED] - setText(findTestObject("Object Repository/APAC_University/Deakin_University/Field_Firstname"), FirstName): Text 'Billye' is set on object 'Object Repository/APAC_University/Deakin_University/Field_Firstname'

22-10-2024T16:12:54 - [MESSAGE][PASSED] - Text 'Billye' is set on object 'Object Repository/APAC_University/Deakin_University/Field_Firstname'

22-10-2024T16:12:54 - [TEST_STEP][PASSED] - LastName = keyPathPackage.customKeywords.generateRandomLastName(): keyPathPackage.customKeywords.generateRandomLastName is PASSED

22-10-2024T16:12:54 - [MESSAGE][PASSED] - keyPathPackage.customKeywords.generateRandomLastName is PASSED

22-10-2024T16:12:54 - [TEST_STEP][PASSED] - setText(findTestObject("Object Repository/APAC_University/Deakin_University/Field_Lastname"), LastName): Text 'Testing Gottlieb' is set on object 'Object Repository/APAC_University/Deakin_University/Field_Lastname'

22-10-2024T16:12:55 - [MESSAGE][PASSED] - Text 'Testing Gottlieb' is set on object 'Object Repository/APAC_University/Deakin_University/Field_Lastname'

22-10-2024T16:12:55 - [TEST_STEP][PASSED] - Email = keyPathPackage.customKeywords.generateRandomEmail(): keyPathPackage.customKeywords.generateRandomEmail is PASSED

22-10-2024T16:12:55 - [MESSAGE][PASSED] - keyPathPackage.customKeywords.generateRandomEmail is PASSED

22-10-2024T16:12:55 - [TEST_STEP][PASSED] - setText(findTestObject("Object Repository/APAC_University/Deakin_University/Field_Email"), Email): Text 'daren.barton@gmail.com' is set on object 'Object Repository/APAC_University/Deakin_University/Field_Email'

22-10-2024T16:12:55 - [MESSAGE][PASSED] - Text 'daren.barton@gmail.com' is set on object 'Object Repository/APAC_University/Deakin_University/Field_Email'

22-10-2024T16:12:55 - [TEST_STEP][PASSED] - Phonenumber = keyPathPackage.customKeywords.generateRandomAustralianPhoneNumber(): keyPathPackage.customKeywords.generateRandomAustralianPhoneNumber is PASSED

22-10-2024T16:12:55 - [MESSAGE][PASSED] - keyPathPackage.customKeywords.generateRandomAustralianPhoneNumber is PASSED

22-10-2024T16:12:55 - [TEST_STEP][PASSED] - setText(findTestObject("Object Repository/APAC_University/Deakin_University/Field_Phonenumber"), Phonenumber): Text '0415595413' is set on object 'Object Repository/APAC_University/Deakin_University/Field_Phonenumber'

22-10-2024T16:12:56 - [MESSAGE][PASSED] - Text '0415595413' is set on object 'Object Repository/APAC_University/Deakin_University/Field_Phonenumber'

22-10-2024T16:12:56 - [TEST_STEP][PASSED] - startdate = findTestObject("Object Repository/APAC_University/Deakin_University/Dropdown_Startdate"): null

22-10-2024T16:12:56 - [TEST_STEP][PASSED] - selectOptionByIndex(startdate, keyPathPackage.customKeywords.selectRandomOptionFromDropdown()): All options with index in [2] are selected on object 'Object Repository/APAC_University/Deakin_University/Dropdown_Startdate'

22-10-2024T16:12:56 - [MESSAGE][PASSED] - keyPathPackage.customKeywords.selectRandomOptionFromDropdown is PASSED

22-10-2024T16:12:57 - [MESSAGE][PASSED] - All options with index in [2] are selected on object 'Object Repository/APAC_University/Deakin_University/Dropdown_Startdate'

22-10-2024T16:12:57 - [TEST_STEP][PASSED] - selectOptionByValue(findTestObject("Object Repository/APAC_University/Deakin_University/Dropdown_Highereducation"), Education_Level, false): All options with value 'Postgraduate diploma' are selected in object 'Object Repository/APAC_University/Deakin_University/Dropdown_Highereducation' 

22-10-2024T16:12:57 - [MESSAGE][PASSED] - All options with value 'Postgraduate diploma' are selected in object 'Object Repository/APAC_University/Deakin_University/Dropdown_Highereducation' 

22-10-2024T16:12:57 - [TEST_STEP][PASSED] - Workexperience = findTestObject("Object Repository/APAC_University/Deakin_University/Dropdown_Workexperience"): null

22-10-2024T16:12:57 - [TEST_STEP][PASSED] - selectOptionByIndex(Workexperience, keyPathPackage.customKeywords.selectRandomOptionFromDropdown()): All options with index in [1] are selected on object 'Object Repository/APAC_University/Deakin_University/Dropdown_Workexperience'

22-10-2024T16:12:57 - [MESSAGE][PASSED] - keyPathPackage.customKeywords.selectRandomOptionFromDropdown is PASSED

22-10-2024T16:12:58 - [MESSAGE][PASSED] - All options with index in [1] are selected on object 'Object Repository/APAC_University/Deakin_University/Dropdown_Workexperience'

22-10-2024T16:12:58 - [TEST_STEP][PASSED] - Enquiryreason = findTestObject("Object Repository/APAC_University/Deakin_University/Dropdown_Enquiry"): null

22-10-2024T16:12:58 - [TEST_STEP][PASSED] - selectOptionByIndex(Enquiryreason, keyPathPackage.customKeywords.selectRandomOptionFromDropdown()): All options with index in [2] are selected on object 'Object Repository/APAC_University/Deakin_University/Dropdown_Enquiry'

22-10-2024T16:12:58 - [MESSAGE][PASSED] - keyPathPackage.customKeywords.selectRandomOptionFromDropdown is PASSED

22-10-2024T16:12:59 - [MESSAGE][PASSED] - All options with index in [2] are selected on object 'Object Repository/APAC_University/Deakin_University/Dropdown_Enquiry'

22-10-2024T16:12:59 - [TEST_STEP][PASSED] - selectOptionByLabel(findTestObject("Object Repository/APAC_University/Deakin_University/Dropdown_Country"), "Australia", false): All options with label 'Australia' are selected in object 'Object Repository/APAC_University/Deakin_University/Dropdown_Country' 

22-10-2024T16:12:59 - [MESSAGE][PASSED] - All options with label 'Australia' are selected in object 'Object Repository/APAC_University/Deakin_University/Dropdown_Country' 

22-10-2024T16:12:59 - [TEST_STEP][PASSED] - Postcode = keyPathPackage.customKeywords.selectRandomPostCode(): keyPathPackage.customKeywords.selectRandomPostCode is PASSED

22-10-2024T16:12:59 - [MESSAGE][PASSED] - keyPathPackage.customKeywords.selectRandomPostCode is PASSED

22-10-2024T16:12:59 - [TEST_STEP][PASSED] - setText(findTestObject("Object Repository/APAC_University/Deakin_University/Field_Postcode"), Postcode): Text '1341' is set on object 'Object Repository/APAC_University/Deakin_University/Field_Postcode'

22-10-2024T16:13:00 - [MESSAGE][PASSED] - Text '1341' is set on object 'Object Repository/APAC_University/Deakin_University/Field_Postcode'

22-10-2024T16:13:00 - [TEST_STEP][PASSED] - setText(findTestObject("Object Repository/APAC_University/Deakin_University/Field_Postcode"), Postcode): Text '1341' is set on object 'Object Repository/APAC_University/Deakin_University/Field_Postcode'

22-10-2024T16:13:01 - [MESSAGE][PASSED] - Text '1341' is set on object 'Object Repository/APAC_University/Deakin_University/Field_Postcode'

22-10-2024T16:13:01 - [TEST_STEP][PASSED] - waitForElementClickable(findTestObject("Object Repository/APAC_University/Deakin_University/Button_Submit"), 10): Object 'Object Repository/APAC_University/Deakin_University/Button_Submit' is clickable

22-10-2024T16:13:01 - [MESSAGE][PASSED] - Object 'Object Repository/APAC_University/Deakin_University/Button_Submit' is clickable

22-10-2024T16:13:01 - [TEST_STEP][PASSED] - click(findTestObject("Object Repository/APAC_University/Deakin_University/Button_Submit")): Object: 'Object Repository/APAC_University/Deakin_University/Button_Submit' is clicked on

22-10-2024T16:13:01 - [MESSAGE][PASSED] - Object: 'Object Repository/APAC_University/Deakin_University/Button_Submit' is clicked on]]></system-out>
         <system-err><![CDATA[]]></system-err>
      </testcase>
      <testcase name="Test Cases/APAC_Universities/SEO_PAGES/Deakin_University/Main_page" time="19.655" classname="Test Cases/APAC_Universities/SEO_PAGES/Deakin_University/Main_page" status="PASSED">
         <system-out><![CDATA[22-10-2024T16:13:01 - [TEST_CASE][PASSED] - Test Cases/APAC_Universities/SEO_PAGES/Deakin_University/Main_page: Test Cases/APAC_Universities/SEO_PAGES/Deakin_University/Main_page

22-10-2024T16:13:01 - [TEST_STEP][PASSED] - callTestCase(findTestCase("Test Cases/APAC_Universities/SEO_PAGES/Deakin_University/Resuable_Testcases/Navigate_HomePage"), [:], STOP_ON_FAILURE): Call Test Case 'Test Cases/APAC_Universities/SEO_PAGES/Deakin_University/Resuable_Testcases/Navigate_HomePage' successfully

22-10-2024T16:13:01 - [TEST_CASE][PASSED] - Test Cases/APAC_Universities/SEO_PAGES/Deakin_University/Resuable_Testcases/Navigate_HomePage: Test Cases/APAC_Universities/SEO_PAGES/Deakin_University/Resuable_Testcases/Navigate_HomePage

22-10-2024T16:13:01 - [TEST_STEP][PASSED] - waitForElementClickable(findTestObject("Object Repository/APAC_University/Deakin_University/Image_Homepage"), 10): Object 'Object Repository/APAC_University/Deakin_University/Image_Homepage' is clickable

22-10-2024T16:13:04 - [MESSAGE][PASSED] - Object 'Object Repository/APAC_University/Deakin_University/Image_Homepage' is clickable

22-10-2024T16:13:04 - [TEST_STEP][PASSED] - click(findTestObject("Object Repository/APAC_University/Deakin_University/Image_Homepage")): Object: 'Object Repository/APAC_University/Deakin_University/Image_Homepage' is clicked on

22-10-2024T16:13:04 - [MESSAGE][PASSED] - Object: 'Object Repository/APAC_University/Deakin_University/Image_Homepage' is clicked on

22-10-2024T16:13:04 - [MESSAGE][PASSED] - Call Test Case 'Test Cases/APAC_Universities/SEO_PAGES/Deakin_University/Resuable_Testcases/Navigate_HomePage' successfully

22-10-2024T16:13:04 - [TEST_STEP][PASSED] - program = findTestObject("Object Repository/APAC_University/Deakin_University/Dropdown_Program"): null

22-10-2024T16:13:04 - [TEST_STEP][PASSED] - selectOptionByIndex(program, keyPathPackage.customKeywords.selectRandomOptionFromDropdown()): All options with index in [2] are selected on object 'Object Repository/APAC_University/Deakin_University/Dropdown_Program'

22-10-2024T16:13:04 - [MESSAGE][PASSED] - keyPathPackage.customKeywords.selectRandomOptionFromDropdown is PASSED

22-10-2024T16:13:07 - [MESSAGE][PASSED] - All options with index in [2] are selected on object 'Object Repository/APAC_University/Deakin_University/Dropdown_Program'

22-10-2024T16:13:07 - [TEST_STEP][PASSED] - FirstName = keyPathPackage.customKeywords.generateRandomFirstName(): keyPathPackage.customKeywords.generateRandomFirstName is PASSED

22-10-2024T16:13:07 - [MESSAGE][PASSED] - keyPathPackage.customKeywords.generateRandomFirstName is PASSED

22-10-2024T16:13:07 - [TEST_STEP][PASSED] - setText(findTestObject("Object Repository/APAC_University/Deakin_University/Field_Firstname"), FirstName): Text 'Emely' is set on object 'Object Repository/APAC_University/Deakin_University/Field_Firstname'

22-10-2024T16:13:07 - [MESSAGE][PASSED] - Text 'Emely' is set on object 'Object Repository/APAC_University/Deakin_University/Field_Firstname'

22-10-2024T16:13:07 - [TEST_STEP][PASSED] - LastName = keyPathPackage.customKeywords.generateRandomLastName(): keyPathPackage.customKeywords.generateRandomLastName is PASSED

22-10-2024T16:13:07 - [MESSAGE][PASSED] - keyPathPackage.customKeywords.generateRandomLastName is PASSED

22-10-2024T16:13:07 - [TEST_STEP][PASSED] - setText(findTestObject("Object Repository/APAC_University/Deakin_University/Field_Lastname"), LastName): Text 'Testing Corkery' is set on object 'Object Repository/APAC_University/Deakin_University/Field_Lastname'

22-10-2024T16:13:08 - [MESSAGE][PASSED] - Text 'Testing Corkery' is set on object 'Object Repository/APAC_University/Deakin_University/Field_Lastname'

22-10-2024T16:13:08 - [TEST_STEP][PASSED] - waitForElementClickable(findTestObject("Object Repository/APAC_University/Deakin_University/Button_NextStep2"), 10): Object 'Object Repository/APAC_University/Deakin_University/Button_NextStep2' is clickable

22-10-2024T16:13:08 - [MESSAGE][PASSED] - Object 'Object Repository/APAC_University/Deakin_University/Button_NextStep2' is clickable

22-10-2024T16:13:08 - [TEST_STEP][PASSED] - click(findTestObject("Object Repository/APAC_University/Deakin_University/Button_NextStep2")): Object: 'Object Repository/APAC_University/Deakin_University/Button_NextStep2' is clicked on

22-10-2024T16:13:08 - [MESSAGE][PASSED] - Object: 'Object Repository/APAC_University/Deakin_University/Button_NextStep2' is clicked on

22-10-2024T16:13:08 - [TEST_STEP][PASSED] - startdate = findTestObject("Object Repository/APAC_University/Deakin_University/Dropdown_Startdate"): null

22-10-2024T16:13:08 - [TEST_STEP][PASSED] - selectOptionByIndex(startdate, keyPathPackage.customKeywords.selectRandomOptionFromDropdown()): All options with index in [2] are selected on object 'Object Repository/APAC_University/Deakin_University/Dropdown_Startdate'

22-10-2024T16:13:08 - [MESSAGE][PASSED] - keyPathPackage.customKeywords.selectRandomOptionFromDropdown is PASSED

22-10-2024T16:13:09 - [MESSAGE][PASSED] - All options with index in [2] are selected on object 'Object Repository/APAC_University/Deakin_University/Dropdown_Startdate'

22-10-2024T16:13:09 - [TEST_STEP][PASSED] - Enquiryreason = findTestObject("Object Repository/APAC_University/Deakin_University/Dropdown_Enquiry"): null

22-10-2024T16:13:09 - [TEST_STEP][PASSED] - selectOptionByIndex(Enquiryreason, keyPathPackage.customKeywords.selectRandomOptionFromDropdown()): All options with index in [1] are selected on object 'Object Repository/APAC_University/Deakin_University/Dropdown_Enquiry'

22-10-2024T16:13:09 - [MESSAGE][PASSED] - keyPathPackage.customKeywords.selectRandomOptionFromDropdown is PASSED

22-10-2024T16:13:10 - [MESSAGE][PASSED] - All options with index in [1] are selected on object 'Object Repository/APAC_University/Deakin_University/Dropdown_Enquiry'

22-10-2024T16:13:10 - [TEST_STEP][PASSED] - selectOptionByValue(findTestObject("Object Repository/APAC_University/Deakin_University/Dropdown_Highereducation"), Education_Level, false): All options with value 'Postgraduate diploma' are selected in object 'Object Repository/APAC_University/Deakin_University/Dropdown_Highereducation' 

22-10-2024T16:13:11 - [MESSAGE][PASSED] - All options with value 'Postgraduate diploma' are selected in object 'Object Repository/APAC_University/Deakin_University/Dropdown_Highereducation' 

22-10-2024T16:13:11 - [TEST_STEP][PASSED] - Workexperience = findTestObject("Object Repository/APAC_University/Deakin_University/Dropdown_Workexperience"): null

22-10-2024T16:13:11 - [TEST_STEP][PASSED] - selectOptionByIndex(Workexperience, keyPathPackage.customKeywords.selectRandomOptionFromDropdown()): All options with index in [2] are selected on object 'Object Repository/APAC_University/Deakin_University/Dropdown_Workexperience'

22-10-2024T16:13:11 - [MESSAGE][PASSED] - keyPathPackage.customKeywords.selectRandomOptionFromDropdown is PASSED

22-10-2024T16:13:11 - [MESSAGE][PASSED] - All options with index in [2] are selected on object 'Object Repository/APAC_University/Deakin_University/Dropdown_Workexperience'

22-10-2024T16:13:11 - [TEST_STEP][PASSED] - waitForElementClickable(findTestObject("Object Repository/APAC_University/Deakin_University/Button_Nextstep3"), 10): Object 'Object Repository/APAC_University/Deakin_University/Button_Nextstep3' is clickable

22-10-2024T16:13:12 - [MESSAGE][PASSED] - Object 'Object Repository/APAC_University/Deakin_University/Button_Nextstep3' is clickable

22-10-2024T16:13:12 - [TEST_STEP][PASSED] - click(findTestObject("Object Repository/APAC_University/Deakin_University/Button_Nextstep3")): Object: 'Object Repository/APAC_University/Deakin_University/Button_Nextstep3' is clicked on

22-10-2024T16:13:12 - [MESSAGE][PASSED] - Object: 'Object Repository/APAC_University/Deakin_University/Button_Nextstep3' is clicked on

22-10-2024T16:13:12 - [TEST_STEP][PASSED] - Email = keyPathPackage.customKeywords.generateRandomEmail(): keyPathPackage.customKeywords.generateRandomEmail is PASSED

22-10-2024T16:13:12 - [MESSAGE][PASSED] - keyPathPackage.customKeywords.generateRandomEmail is PASSED

22-10-2024T16:13:12 - [TEST_STEP][PASSED] - setText(findTestObject("Object Repository/APAC_University/Deakin_University/Field_Email"), Email): Text 'harris.kuvalis@hotmail.com' is set on object 'Object Repository/APAC_University/Deakin_University/Field_Email'

22-10-2024T16:13:13 - [MESSAGE][PASSED] - Text 'harris.kuvalis@hotmail.com' is set on object 'Object Repository/APAC_University/Deakin_University/Field_Email'

22-10-2024T16:13:13 - [TEST_STEP][PASSED] - Phonenumber = keyPathPackage.customKeywords.generateRandomAustralianPhoneNumber(): keyPathPackage.customKeywords.generateRandomAustralianPhoneNumber is PASSED

22-10-2024T16:13:13 - [MESSAGE][PASSED] - keyPathPackage.customKeywords.generateRandomAustralianPhoneNumber is PASSED

22-10-2024T16:13:13 - [TEST_STEP][PASSED] - setText(findTestObject("Object Repository/APAC_University/Deakin_University/Field_Phonenumber"), Phonenumber): Text '0479708104' is set on object 'Object Repository/APAC_University/Deakin_University/Field_Phonenumber'

22-10-2024T16:13:13 - [MESSAGE][PASSED] - Text '0479708104' is set on object 'Object Repository/APAC_University/Deakin_University/Field_Phonenumber'

22-10-2024T16:13:13 - [TEST_STEP][PASSED] - selectOptionByLabel(findTestObject("Object Repository/APAC_University/Deakin_University/Dropdown_Country"), "Australia", false): All options with label 'Australia' are selected in object 'Object Repository/APAC_University/Deakin_University/Dropdown_Country' 

22-10-2024T16:13:14 - [MESSAGE][PASSED] - All options with label 'Australia' are selected in object 'Object Repository/APAC_University/Deakin_University/Dropdown_Country' 

22-10-2024T16:13:14 - [TEST_STEP][PASSED] - Postcode = keyPathPackage.customKeywords.selectRandomPostCode(): keyPathPackage.customKeywords.selectRandomPostCode is PASSED

22-10-2024T16:13:14 - [MESSAGE][PASSED] - keyPathPackage.customKeywords.selectRandomPostCode is PASSED

22-10-2024T16:13:14 - [TEST_STEP][PASSED] - setText(findTestObject("Object Repository/APAC_University/Deakin_University/Field_Postcode"), Postcode): Text '4551' is set on object 'Object Repository/APAC_University/Deakin_University/Field_Postcode'

22-10-2024T16:13:14 - [MESSAGE][PASSED] - Text '4551' is set on object 'Object Repository/APAC_University/Deakin_University/Field_Postcode'

22-10-2024T16:13:14 - [TEST_STEP][PASSED] - setText(findTestObject("Object Repository/APAC_University/Deakin_University/Field_Postcode"), Postcode): Text '4551' is set on object 'Object Repository/APAC_University/Deakin_University/Field_Postcode'

22-10-2024T16:13:15 - [MESSAGE][PASSED] - Text '4551' is set on object 'Object Repository/APAC_University/Deakin_University/Field_Postcode'

22-10-2024T16:13:15 - [TEST_STEP][PASSED] - waitForElementClickable(findTestObject("Object Repository/APAC_University/Deakin_University/Button_Enquiry_Submit"), 10): Object 'Object Repository/APAC_University/Deakin_University/Button_Enquiry_Submit' is clickable

22-10-2024T16:13:15 - [MESSAGE][PASSED] - Object 'Object Repository/APAC_University/Deakin_University/Button_Enquiry_Submit' is clickable

22-10-2024T16:13:15 - [TEST_STEP][PASSED] - click(findTestObject("Object Repository/APAC_University/Deakin_University/Button_Enquiry_Submit")): Object: 'Object Repository/APAC_University/Deakin_University/Button_Enquiry_Submit' is clicked on

22-10-2024T16:13:15 - [MESSAGE][PASSED] - Object: 'Object Repository/APAC_University/Deakin_University/Button_Enquiry_Submit' is clicked on

22-10-2024T16:13:15 - [TEST_STEP][PASSED] - delay(5): Delayed 5 second(s)

22-10-2024T16:13:20 - [MESSAGE][PASSED] - Delayed 5 second(s)

22-10-2024T16:13:20 - [TEST_STEP][PASSED] - verifyElementText(findTestObject("Object Repository/APAC_University/Deakin_University/Verify_Content"), "Thanks - we’ll be in touch soon!"): Actual text and expected text of test object 'Object Repository/APAC_University/Deakin_University/Verify_Content' are matched.

22-10-2024T16:13:21 - [MESSAGE][PASSED] - Actual text and expected text of test object 'Object Repository/APAC_University/Deakin_University/Verify_Content' are matched.

22-10-2024T16:13:21 - [TEST_STEP][PASSED] - closeBrowser(): Browser is closed

22-10-2024T16:13:21 - [MESSAGE][PASSED] - Browser is closed]]></system-out>
         <system-err><![CDATA[]]></system-err>
      </testcase>
      <testcase name="Test Cases/APAC_Universities/SEO_PAGES/University_of_Canberra/Enquiry_Form" time="65.229" classname="Test Cases/APAC_Universities/SEO_PAGES/University_of_Canberra/Enquiry_Form" status="FAILED">
         <failure type="FAILED" message="Test Cases/APAC_Universities/SEO_PAGES/University_of_Canberra/Enquiry_Form FAILED.&#xa;Reason:&#xa;com.kms.katalon.core.exception.StepFailedException: Unable to click on object 'Object Repository/APAC_University/University_of_Canberra/Button_Enquiry_Now'&#xa;	at com.kms.katalon.core.webui.keyword.internal.WebUIKeywordMain.stepFailed(WebUIKeywordMain.groovy:64)&#xa;	at com.kms.katalon.core.webui.keyword.internal.WebUIKeywordMain.runKeyword(WebUIKeywordMain.groovy:26)&#xa;	at com.kms.katalon.core.webui.keyword.builtin.ClickKeyword.click(ClickKeyword.groovy:74)&#xa;	at com.kms.katalon.core.webui.keyword.builtin.ClickKeyword.execute(ClickKeyword.groovy:40)&#xa;	at com.kms.katalon.core.keyword.internal.KeywordExecutor.executeKeywordForPlatform(KeywordExecutor.groovy:74)&#xa;	at com.kms.katalon.core.webui.keyword.WebUiBuiltInKeywords.click(WebUiBuiltInKeywords.groovy:659)&#xa;	at Enquiry_Form.run(Enquiry_Form:28)&#xa;	at com.kms.katalon.core.main.ScriptEngine.run(ScriptEngine.java:194)&#xa;	at com.kms.katalon.core.main.ScriptEngine.runScriptAsRawText(ScriptEngine.java:119)&#xa;	at com.kms.katalon.core.main.TestCaseExecutor.runScript(TestCaseExecutor.java:448)&#xa;	at com.kms.katalon.core.main.TestCaseExecutor.doExecute(TestCaseExecutor.java:439)&#xa;	at com.kms.katalon.core.main.TestCaseExecutor.processExecutionPhase(TestCaseExecutor.java:418)&#xa;	at com.kms.katalon.core.main.TestCaseExecutor.accessMainPhase(TestCaseExecutor.java:410)&#xa;	at com.kms.katalon.core.main.TestCaseExecutor.execute(TestCaseExecutor.java:285)&#xa;	at com.kms.katalon.core.common.CommonExecutor.accessTestCaseMainPhase(CommonExecutor.java:65)&#xa;	at com.kms.katalon.core.main.TestSuiteExecutor.accessTestSuiteMainPhase(TestSuiteExecutor.java:150)&#xa;	at com.kms.katalon.core.main.TestSuiteExecutor.execute(TestSuiteExecutor.java:106)&#xa;	at com.kms.katalon.core.main.TestCaseMain.startTestSuite(TestCaseMain.java:180)&#xa;	at TempTestSuite1729573882564.run(TempTestSuite1729573882564.groovy:35)&#xa;	at java.base/jdk.internal.reflect.NativeMethodAccessorImpl.invoke0(Native Method)&#xa;	at java.base/jdk.internal.reflect.NativeMethodAccessorImpl.invoke(NativeMethodAccessorImpl.java:77)&#xa;	at java.base/jdk.internal.reflect.DelegatingMethodAccessorImpl.invoke(DelegatingMethodAccessorImpl.java:43)&#xa;Caused by: com.kms.katalon.core.webui.exception.WebElementNotFoundException: Web element with id: 'Object Repository/APAC_University/University_of_Canberra/Button_Enquiry_Now' located by '//*[@class=&quot;openenquire buttonsecondary sf-depth-1 nolink&quot;]' not found&#xa;	at com.kms.katalon.core.webui.common.WebUiCommonHelper.findWebElement(WebUiCommonHelper.java:1426)&#xa;	at com.kms.katalon.core.webui.keyword.internal.WebUIAbstractKeyword.findWebElement(WebUIAbstractKeyword.groovy:27)&#xa;	at com.kms.katalon.core.webui.keyword.builtin.ClickKeyword$_click_closure1.doCall(ClickKeyword.groovy:65)&#xa;	at com.kms.katalon.core.webui.keyword.builtin.ClickKeyword$_click_closure1.call(ClickKeyword.groovy)&#xa;	at com.kms.katalon.core.webui.keyword.internal.WebUIKeywordMain.runKeyword(WebUIKeywordMain.groovy:20)&#xa;	... 20 more&#xa;"/>
         <system-out><![CDATA[22-10-2024T16:13:21 - [TEST_CASE][FAILED] - Test Cases/APAC_Universities/SEO_PAGES/University_of_Canberra/Enquiry_Form: Test Cases/APAC_Universities/SEO_PAGES/University_of_Canberra/Enquiry_Form FAILED.
Reason:
com.kms.katalon.core.exception.StepFailedException: Unable to click on object 'Object Repository/APAC_University/University_of_Canberra/Button_Enquiry_Now'
	at com.kms.katalon.core.webui.keyword.internal.WebUIKeywordMain.stepFailed(WebUIKeywordMain.groovy:64)
	at com.kms.katalon.core.webui.keyword.internal.WebUIKeywordMain.runKeyword(WebUIKeywordMain.groovy:26)
	at com.kms.katalon.core.webui.keyword.builtin.ClickKeyword.click(ClickKeyword.groovy:74)
	at com.kms.katalon.core.webui.keyword.builtin.ClickKeyword.execute(ClickKeyword.groovy:40)
	at com.kms.katalon.core.keyword.internal.KeywordExecutor.executeKeywordForPlatform(KeywordExecutor.groovy:74)
	at com.kms.katalon.core.webui.keyword.WebUiBuiltInKeywords.click(WebUiBuiltInKeywords.groovy:659)
	at Enquiry_Form.run(Enquiry_Form:28)
	at com.kms.katalon.core.main.ScriptEngine.run(ScriptEngine.java:194)
	at com.kms.katalon.core.main.ScriptEngine.runScriptAsRawText(ScriptEngine.java:119)
	at com.kms.katalon.core.main.TestCaseExecutor.runScript(TestCaseExecutor.java:448)
	at com.kms.katalon.core.main.TestCaseExecutor.doExecute(TestCaseExecutor.java:439)
	at com.kms.katalon.core.main.TestCaseExecutor.processExecutionPhase(TestCaseExecutor.java:418)
	at com.kms.katalon.core.main.TestCaseExecutor.accessMainPhase(TestCaseExecutor.java:410)
	at com.kms.katalon.core.main.TestCaseExecutor.execute(TestCaseExecutor.java:285)
	at com.kms.katalon.core.common.CommonExecutor.accessTestCaseMainPhase(CommonExecutor.java:65)
	at com.kms.katalon.core.main.TestSuiteExecutor.accessTestSuiteMainPhase(TestSuiteExecutor.java:150)
	at com.kms.katalon.core.main.TestSuiteExecutor.execute(TestSuiteExecutor.java:106)
	at com.kms.katalon.core.main.TestCaseMain.startTestSuite(TestCaseMain.java:180)
	at TempTestSuite1729573882564.run(TempTestSuite1729573882564.groovy:35)
	at java.base/jdk.internal.reflect.NativeMethodAccessorImpl.invoke0(Native Method)
	at java.base/jdk.internal.reflect.NativeMethodAccessorImpl.invoke(NativeMethodAccessorImpl.java:77)
	at java.base/jdk.internal.reflect.DelegatingMethodAccessorImpl.invoke(DelegatingMethodAccessorImpl.java:43)
Caused by: com.kms.katalon.core.webui.exception.WebElementNotFoundException: Web element with id: 'Object Repository/APAC_University/University_of_Canberra/Button_Enquiry_Now' located by '//*[@class="openenquire buttonsecondary sf-depth-1 nolink"]' not found
	at com.kms.katalon.core.webui.common.WebUiCommonHelper.findWebElement(WebUiCommonHelper.java:1426)
	at com.kms.katalon.core.webui.keyword.internal.WebUIAbstractKeyword.findWebElement(WebUIAbstractKeyword.groovy:27)
	at com.kms.katalon.core.webui.keyword.builtin.ClickKeyword$_click_closure1.doCall(ClickKeyword.groovy:65)
	at com.kms.katalon.core.webui.keyword.builtin.ClickKeyword$_click_closure1.call(ClickKeyword.groovy)
	at com.kms.katalon.core.webui.keyword.internal.WebUIKeywordMain.runKeyword(WebUIKeywordMain.groovy:20)
	... 20 more


22-10-2024T16:13:21 - [TEST_STEP][PASSED] - callTestCase(findTestCase("Test Cases/APAC_Universities/SEO_PAGES/University_of_Canberra/Resuable_Testcases/Navigate_Url"), [:], STOP_ON_FAILURE): Call Test Case 'Test Cases/APAC_Universities/SEO_PAGES/University_of_Canberra/Resuable_Testcases/Navigate_Url' successfully

22-10-2024T16:13:21 - [TEST_CASE][PASSED] - Test Cases/APAC_Universities/SEO_PAGES/University_of_Canberra/Resuable_Testcases/Navigate_Url: Test Cases/APAC_Universities/SEO_PAGES/University_of_Canberra/Resuable_Testcases/Navigate_Url

22-10-2024T16:13:21 - [TEST_STEP][PASSED] - openBrowser(""): Browser is opened with url: ''

22-10-2024T16:13:21 - [MESSAGE][INFO] - Starting 'Chrome' driver

22-10-2024T16:13:21 - [MESSAGE][INFO] - Action delay is set to 0 milliseconds

22-10-2024T16:13:21 - [MESSAGE][PASSED] - Browser is opened with url: ''

22-10-2024T16:13:21 - [TEST_STEP][PASSED] - navigateToUrl(University_Canberra_URL): Navigate to 'https://key:path@dev-uc-opm.pantheonsite.io/' successfully

22-10-2024T16:13:36 - [MESSAGE][PASSED] - Navigate to 'https://key:path@dev-uc-opm.pantheonsite.io/' successfully

22-10-2024T16:13:36 - [TEST_STEP][PASSED] - maximizeWindow(): Current window maximized

22-10-2024T16:13:36 - [MESSAGE][PASSED] - Current window maximized

22-10-2024T16:13:36 - [MESSAGE][PASSED] - Call Test Case 'Test Cases/APAC_Universities/SEO_PAGES/University_of_Canberra/Resuable_Testcases/Navigate_Url' successfully

22-10-2024T16:13:36 - [TEST_STEP][PASSED] - waitForElementClickable(findTestObject("Object Repository/APAC_University/University_of_Canberra/Button_Enquiry_Now"), 10): Web element with id: 'Object Repository/APAC_University/University_of_Canberra/Button_Enquiry_Now' located by '//*[@class="openenquire buttonsecondary sf-depth-1 nolink"]' not found

22-10-2024T16:13:47 - [MESSAGE][INFO] - Unable to find the element located by 'By.xpath: //*[@class="openenquire buttonsecondary sf-depth-1 nolink"]'. Please recheck the objects properties to make sure the desired element is located. 

22-10-2024T16:13:47 - [MESSAGE][WARNING] - [SELF-HEALING] Failed to find element with id 'Object Repository/APAC_University/University_of_Canberra/Button_Enquiry_Now'. Try using Self-healing.

22-10-2024T16:13:48 - [MESSAGE][INFO] - [SELF-HEALING] No working XPath is found.

22-10-2024T16:13:50 - [MESSAGE][INFO] - Unable to find the element located by 'By.xpath: '. Please recheck the objects properties to make sure the desired element is located. 

22-10-2024T16:13:50 - [MESSAGE][WARNING] - [SELF-HEALING] Cannot find elements when the selector is null

22-10-2024T16:13:50 - [MESSAGE][WARNING] - Web element with id: 'Object Repository/APAC_University/University_of_Canberra/Button_Enquiry_Now' located by '//*[@class="openenquire buttonsecondary sf-depth-1 nolink"]' not found

22-10-2024T16:13:50 - [TEST_STEP][FAILED] - click(findTestObject("Object Repository/APAC_University/University_of_Canberra/Button_Enquiry_Now")): Unable to click on object 'Object Repository/APAC_University/University_of_Canberra/Button_Enquiry_Now' (Root cause: com.kms.katalon.core.exception.StepFailedException: Unable to click on object 'Object Repository/APAC_University/University_of_Canberra/Button_Enquiry_Now'
	at com.kms.katalon.core.webui.keyword.internal.WebUIKeywordMain.stepFailed(WebUIKeywordMain.groovy:64)
	at com.kms.katalon.core.webui.keyword.internal.WebUIKeywordMain.runKeyword(WebUIKeywordMain.groovy:26)
	at com.kms.katalon.core.webui.keyword.builtin.ClickKeyword.click(ClickKeyword.groovy:74)
	at com.kms.katalon.core.webui.keyword.builtin.ClickKeyword.execute(ClickKeyword.groovy:40)
	at com.kms.katalon.core.keyword.internal.KeywordExecutor.executeKeywordForPlatform(KeywordExecutor.groovy:74)
	at com.kms.katalon.core.webui.keyword.WebUiBuiltInKeywords.click(WebUiBuiltInKeywords.groovy:659)
	at Enquiry_Form.run(Enquiry_Form:28)
	at com.kms.katalon.core.main.ScriptEngine.run(ScriptEngine.java:194)
	at com.kms.katalon.core.main.ScriptEngine.runScriptAsRawText(ScriptEngine.java:119)
	at com.kms.katalon.core.main.TestCaseExecutor.runScript(TestCaseExecutor.java:448)
	at com.kms.katalon.core.main.TestCaseExecutor.doExecute(TestCaseExecutor.java:439)
	at com.kms.katalon.core.main.TestCaseExecutor.processExecutionPhase(TestCaseExecutor.java:418)
	at com.kms.katalon.core.main.TestCaseExecutor.accessMainPhase(TestCaseExecutor.java:410)
	at com.kms.katalon.core.main.TestCaseExecutor.execute(TestCaseExecutor.java:285)
	at com.kms.katalon.core.common.CommonExecutor.accessTestCaseMainPhase(CommonExecutor.java:65)
	at com.kms.katalon.core.main.TestSuiteExecutor.accessTestSuiteMainPhase(TestSuiteExecutor.java:150)
	at com.kms.katalon.core.main.TestSuiteExecutor.execute(TestSuiteExecutor.java:106)
	at com.kms.katalon.core.main.TestCaseMain.startTestSuite(TestCaseMain.java:180)
	at TempTestSuite1729573882564.run(TempTestSuite1729573882564.groovy:35)
	at java.base/jdk.internal.reflect.NativeMethodAccessorImpl.invoke0(Native Method)
	at java.base/jdk.internal.reflect.NativeMethodAccessorImpl.invoke(NativeMethodAccessorImpl.java:77)
	at java.base/jdk.internal.reflect.DelegatingMethodAccessorImpl.invoke(DelegatingMethodAccessorImpl.java:43)
Caused by: com.kms.katalon.core.webui.exception.WebElementNotFoundException: Web element with id: 'Object Repository/APAC_University/University_of_Canberra/Button_Enquiry_Now' located by '//*[@class="openenquire buttonsecondary sf-depth-1 nolink"]' not found
	at com.kms.katalon.core.webui.common.WebUiCommonHelper.findWebElement(WebUiCommonHelper.java:1426)
	at com.kms.katalon.core.webui.keyword.internal.WebUIAbstractKeyword.findWebElement(WebUIAbstractKeyword.groovy:27)
	at com.kms.katalon.core.webui.keyword.builtin.ClickKeyword$_click_closure1.doCall(ClickKeyword.groovy:65)
	at com.kms.katalon.core.webui.keyword.builtin.ClickKeyword$_click_closure1.call(ClickKeyword.groovy)
	at com.kms.katalon.core.webui.keyword.internal.WebUIKeywordMain.runKeyword(WebUIKeywordMain.groovy:20)
	at com.kms.katalon.core.webui.keyword.builtin.ClickKeyword.click(ClickKeyword.groovy:74)
	at com.kms.katalon.core.webui.keyword.builtin.ClickKeyword.execute(ClickKeyword.groovy:40)
	at com.kms.katalon.core.keyword.internal.KeywordExecutor.executeKeywordForPlatform(KeywordExecutor.groovy:74)
	at com.kms.katalon.core.webui.keyword.WebUiBuiltInKeywords.click(WebUiBuiltInKeywords.groovy:659)
	at Script1709777555607.run(Script1709777555607.groovy:28)
	... 15 more
)

22-10-2024T16:14:22 - [MESSAGE][INFO] - Unable to find the element located by 'By.xpath: //*[@class="openenquire buttonsecondary sf-depth-1 nolink"]'. Please recheck the objects properties to make sure the desired element is located. 

22-10-2024T16:14:22 - [MESSAGE][WARNING] - [SELF-HEALING] Failed to find element with id 'Object Repository/APAC_University/University_of_Canberra/Button_Enquiry_Now'. Try using Self-healing.

22-10-2024T16:14:23 - [MESSAGE][INFO] - [SELF-HEALING] No working XPath is found.

22-10-2024T16:14:26 - [MESSAGE][INFO] - Unable to find the element located by 'By.xpath: '. Please recheck the objects properties to make sure the desired element is located. 

22-10-2024T16:14:26 - [MESSAGE][WARNING] - [SELF-HEALING] Cannot find elements when the selector is null

22-10-2024T16:14:26 - [MESSAGE][FAILED] - Unable to click on object 'Object Repository/APAC_University/University_of_Canberra/Button_Enquiry_Now' (Root cause: com.kms.katalon.core.exception.StepFailedException: Unable to click on object 'Object Repository/APAC_University/University_of_Canberra/Button_Enquiry_Now'
	at com.kms.katalon.core.webui.keyword.internal.WebUIKeywordMain.stepFailed(WebUIKeywordMain.groovy:64)
	at com.kms.katalon.core.webui.keyword.internal.WebUIKeywordMain.runKeyword(WebUIKeywordMain.groovy:26)
	at com.kms.katalon.core.webui.keyword.builtin.ClickKeyword.click(ClickKeyword.groovy:74)
	at com.kms.katalon.core.webui.keyword.builtin.ClickKeyword.execute(ClickKeyword.groovy:40)
	at com.kms.katalon.core.keyword.internal.KeywordExecutor.executeKeywordForPlatform(KeywordExecutor.groovy:74)
	at com.kms.katalon.core.webui.keyword.WebUiBuiltInKeywords.click(WebUiBuiltInKeywords.groovy:659)
	at Enquiry_Form.run(Enquiry_Form:28)
	at com.kms.katalon.core.main.ScriptEngine.run(ScriptEngine.java:194)
	at com.kms.katalon.core.main.ScriptEngine.runScriptAsRawText(ScriptEngine.java:119)
	at com.kms.katalon.core.main.TestCaseExecutor.runScript(TestCaseExecutor.java:448)
	at com.kms.katalon.core.main.TestCaseExecutor.doExecute(TestCaseExecutor.java:439)
	at com.kms.katalon.core.main.TestCaseExecutor.processExecutionPhase(TestCaseExecutor.java:418)
	at com.kms.katalon.core.main.TestCaseExecutor.accessMainPhase(TestCaseExecutor.java:410)
	at com.kms.katalon.core.main.TestCaseExecutor.execute(TestCaseExecutor.java:285)
	at com.kms.katalon.core.common.CommonExecutor.accessTestCaseMainPhase(CommonExecutor.java:65)
	at com.kms.katalon.core.main.TestSuiteExecutor.accessTestSuiteMainPhase(TestSuiteExecutor.java:150)
	at com.kms.katalon.core.main.TestSuiteExecutor.execute(TestSuiteExecutor.java:106)
	at com.kms.katalon.core.main.TestCaseMain.startTestSuite(TestCaseMain.java:180)
	at TempTestSuite1729573882564.run(TempTestSuite1729573882564.groovy:35)
	at java.base/jdk.internal.reflect.NativeMethodAccessorImpl.invoke0(Native Method)
	at java.base/jdk.internal.reflect.NativeMethodAccessorImpl.invoke(NativeMethodAccessorImpl.java:77)
	at java.base/jdk.internal.reflect.DelegatingMethodAccessorImpl.invoke(DelegatingMethodAccessorImpl.java:43)
Caused by: com.kms.katalon.core.webui.exception.WebElementNotFoundException: Web element with id: 'Object Repository/APAC_University/University_of_Canberra/Button_Enquiry_Now' located by '//*[@class="openenquire buttonsecondary sf-depth-1 nolink"]' not found
	at com.kms.katalon.core.webui.common.WebUiCommonHelper.findWebElement(WebUiCommonHelper.java:1426)
	at com.kms.katalon.core.webui.keyword.internal.WebUIAbstractKeyword.findWebElement(WebUIAbstractKeyword.groovy:27)
	at com.kms.katalon.core.webui.keyword.builtin.ClickKeyword$_click_closure1.doCall(ClickKeyword.groovy:65)
	at com.kms.katalon.core.webui.keyword.builtin.ClickKeyword$_click_closure1.call(ClickKeyword.groovy)
	at com.kms.katalon.core.webui.keyword.internal.WebUIKeywordMain.runKeyword(WebUIKeywordMain.groovy:20)
	at com.kms.katalon.core.webui.keyword.builtin.ClickKeyword.click(ClickKeyword.groovy:74)
	at com.kms.katalon.core.webui.keyword.builtin.ClickKeyword.execute(ClickKeyword.groovy:40)
	at com.kms.katalon.core.keyword.internal.KeywordExecutor.executeKeywordForPlatform(KeywordExecutor.groovy:74)
	at com.kms.katalon.core.webui.keyword.WebUiBuiltInKeywords.click(WebUiBuiltInKeywords.groovy:659)
	at Script1709777555607.run(Script1709777555607.groovy:28)
	... 15 more
)
[[ATTACHMENT|/Users/madhansivaraj/git/Keypath_Automation_Testing_Mster/Reports/20241022_161121/Keypath_Testsuite_APAC_SEO/20241022_161122/1729574066125.png]]]]></system-out>
         <system-err><![CDATA[22-10-2024T16:13:21 - [TEST_CASE][FAILED] - Test Cases/APAC_Universities/SEO_PAGES/University_of_Canberra/Enquiry_Form: Test Cases/APAC_Universities/SEO_PAGES/University_of_Canberra/Enquiry_Form FAILED.
Reason:
com.kms.katalon.core.exception.StepFailedException: Unable to click on object 'Object Repository/APAC_University/University_of_Canberra/Button_Enquiry_Now'
	at com.kms.katalon.core.webui.keyword.internal.WebUIKeywordMain.stepFailed(WebUIKeywordMain.groovy:64)
	at com.kms.katalon.core.webui.keyword.internal.WebUIKeywordMain.runKeyword(WebUIKeywordMain.groovy:26)
	at com.kms.katalon.core.webui.keyword.builtin.ClickKeyword.click(ClickKeyword.groovy:74)
	at com.kms.katalon.core.webui.keyword.builtin.ClickKeyword.execute(ClickKeyword.groovy:40)
	at com.kms.katalon.core.keyword.internal.KeywordExecutor.executeKeywordForPlatform(KeywordExecutor.groovy:74)
	at com.kms.katalon.core.webui.keyword.WebUiBuiltInKeywords.click(WebUiBuiltInKeywords.groovy:659)
	at Enquiry_Form.run(Enquiry_Form:28)
	at com.kms.katalon.core.main.ScriptEngine.run(ScriptEngine.java:194)
	at com.kms.katalon.core.main.ScriptEngine.runScriptAsRawText(ScriptEngine.java:119)
	at com.kms.katalon.core.main.TestCaseExecutor.runScript(TestCaseExecutor.java:448)
	at com.kms.katalon.core.main.TestCaseExecutor.doExecute(TestCaseExecutor.java:439)
	at com.kms.katalon.core.main.TestCaseExecutor.processExecutionPhase(TestCaseExecutor.java:418)
	at com.kms.katalon.core.main.TestCaseExecutor.accessMainPhase(TestCaseExecutor.java:410)
	at com.kms.katalon.core.main.TestCaseExecutor.execute(TestCaseExecutor.java:285)
	at com.kms.katalon.core.common.CommonExecutor.accessTestCaseMainPhase(CommonExecutor.java:65)
	at com.kms.katalon.core.main.TestSuiteExecutor.accessTestSuiteMainPhase(TestSuiteExecutor.java:150)
	at com.kms.katalon.core.main.TestSuiteExecutor.execute(TestSuiteExecutor.java:106)
	at com.kms.katalon.core.main.TestCaseMain.startTestSuite(TestCaseMain.java:180)
	at TempTestSuite1729573882564.run(TempTestSuite1729573882564.groovy:35)
	at java.base/jdk.internal.reflect.NativeMethodAccessorImpl.invoke0(Native Method)
	at java.base/jdk.internal.reflect.NativeMethodAccessorImpl.invoke(NativeMethodAccessorImpl.java:77)
	at java.base/jdk.internal.reflect.DelegatingMethodAccessorImpl.invoke(DelegatingMethodAccessorImpl.java:43)
Caused by: com.kms.katalon.core.webui.exception.WebElementNotFoundException: Web element with id: 'Object Repository/APAC_University/University_of_Canberra/Button_Enquiry_Now' located by '//*[@class="openenquire buttonsecondary sf-depth-1 nolink"]' not found
	at com.kms.katalon.core.webui.common.WebUiCommonHelper.findWebElement(WebUiCommonHelper.java:1426)
	at com.kms.katalon.core.webui.keyword.internal.WebUIAbstractKeyword.findWebElement(WebUIAbstractKeyword.groovy:27)
	at com.kms.katalon.core.webui.keyword.builtin.ClickKeyword$_click_closure1.doCall(ClickKeyword.groovy:65)
	at com.kms.katalon.core.webui.keyword.builtin.ClickKeyword$_click_closure1.call(ClickKeyword.groovy)
	at com.kms.katalon.core.webui.keyword.internal.WebUIKeywordMain.runKeyword(WebUIKeywordMain.groovy:20)
	... 20 more]]></system-err>
      </testcase>
      <testcase name="Test Cases/APAC_Universities/SEO_PAGES/University_of_Canberra/Main_Page" time="89.824" classname="Test Cases/APAC_Universities/SEO_PAGES/University_of_Canberra/Main_Page" status="PASSED">
         <system-out><![CDATA[22-10-2024T16:14:26 - [TEST_CASE][PASSED] - Test Cases/APAC_Universities/SEO_PAGES/University_of_Canberra/Main_Page: Test Cases/APAC_Universities/SEO_PAGES/University_of_Canberra/Main_Page

22-10-2024T16:14:26 - [TEST_STEP][PASSED] - callTestCase(findTestCase("Test Cases/APAC_Universities/SEO_PAGES/University_of_Canberra/Resuable_Testcases/Navigate_Homepage"), [:], STOP_ON_FAILURE): Call Test Case 'Test Cases/APAC_Universities/SEO_PAGES/University_of_Canberra/Resuable_Testcases/Navigate_Homepage' successfully

22-10-2024T16:14:26 - [TEST_CASE][PASSED] - Test Cases/APAC_Universities/SEO_PAGES/University_of_Canberra/Resuable_Testcases/Navigate_Homepage: Test Cases/APAC_Universities/SEO_PAGES/University_of_Canberra/Resuable_Testcases/Navigate_Homepage

22-10-2024T16:14:26 - [TEST_STEP][PASSED] - waitForElementClickable(findTestObject("Object Repository/APAC_University/University_of_Canberra/Image_Homepage"), 10): Object 'Object Repository/APAC_University/University_of_Canberra/Image_Homepage' is clickable

22-10-2024T16:14:40 - [MESSAGE][PASSED] - Object 'Object Repository/APAC_University/University_of_Canberra/Image_Homepage' is clickable

22-10-2024T16:14:40 - [TEST_STEP][PASSED] - click(findTestObject("Object Repository/APAC_University/University_of_Canberra/Image_Homepage")): Object: 'Object Repository/APAC_University/University_of_Canberra/Image_Homepage' is clicked on

22-10-2024T16:14:48 - [MESSAGE][PASSED] - Object: 'Object Repository/APAC_University/University_of_Canberra/Image_Homepage' is clicked on

22-10-2024T16:14:48 - [MESSAGE][PASSED] - Call Test Case 'Test Cases/APAC_Universities/SEO_PAGES/University_of_Canberra/Resuable_Testcases/Navigate_Homepage' successfully

22-10-2024T16:14:48 - [TEST_STEP][PASSED] - callTestCase(findTestCase("Test Cases/APAC_Universities/SEO_PAGES/University_of_Canberra/Resuable_Testcases/Lead_Form"), [:], STOP_ON_FAILURE): Call Test Case 'Test Cases/APAC_Universities/SEO_PAGES/University_of_Canberra/Resuable_Testcases/Lead_Form' successfully

22-10-2024T16:14:48 - [TEST_CASE][PASSED] - Test Cases/APAC_Universities/SEO_PAGES/University_of_Canberra/Resuable_Testcases/Lead_Form: Test Cases/APAC_Universities/SEO_PAGES/University_of_Canberra/Resuable_Testcases/Lead_Form

22-10-2024T16:14:48 - [TEST_STEP][PASSED] - program = findTestObject("Object Repository/APAC_University/University_of_Canberra/Dropdown_Enquiry_Program"): null

22-10-2024T16:14:48 - [TEST_STEP][PASSED] - selectOptionByIndex(program, keyPathPackage.customKeywords.selectRandomOptionFromDropdown()): All options with index in [2] are selected on object 'Object Repository/APAC_University/University_of_Canberra/Dropdown_Enquiry_Program'

22-10-2024T16:14:48 - [MESSAGE][PASSED] - keyPathPackage.customKeywords.selectRandomOptionFromDropdown is PASSED

22-10-2024T16:14:54 - [MESSAGE][PASSED] - All options with index in [2] are selected on object 'Object Repository/APAC_University/University_of_Canberra/Dropdown_Enquiry_Program'

22-10-2024T16:14:54 - [TEST_STEP][PASSED] - FirstName = keyPathPackage.customKeywords.generateRandomFirstName(): keyPathPackage.customKeywords.generateRandomFirstName is PASSED

22-10-2024T16:14:54 - [MESSAGE][PASSED] - keyPathPackage.customKeywords.generateRandomFirstName is PASSED

22-10-2024T16:14:54 - [TEST_STEP][PASSED] - setText(findTestObject("Object Repository/APAC_University/University_of_Canberra/Field_FirstName"), FirstName): Text 'Bertie' is set on object 'Object Repository/APAC_University/University_of_Canberra/Field_FirstName'

22-10-2024T16:14:59 - [MESSAGE][PASSED] - Text 'Bertie' is set on object 'Object Repository/APAC_University/University_of_Canberra/Field_FirstName'

22-10-2024T16:14:59 - [TEST_STEP][PASSED] - LastName = keyPathPackage.customKeywords.generateRandomLastName(): keyPathPackage.customKeywords.generateRandomLastName is PASSED

22-10-2024T16:14:59 - [MESSAGE][PASSED] - keyPathPackage.customKeywords.generateRandomLastName is PASSED

22-10-2024T16:14:59 - [TEST_STEP][PASSED] - setText(findTestObject("Object Repository/APAC_University/University_of_Canberra/Field_SecondName"), LastName): Text 'Testing Kuhlman' is set on object 'Object Repository/APAC_University/University_of_Canberra/Field_SecondName'

22-10-2024T16:15:03 - [MESSAGE][PASSED] - Text 'Testing Kuhlman' is set on object 'Object Repository/APAC_University/University_of_Canberra/Field_SecondName'

22-10-2024T16:15:03 - [TEST_STEP][PASSED] - waitForElementClickable(findTestObject("Object Repository/APAC_University/University_of_Canberra/Button_Nextstep2"), 10): Object 'Object Repository/APAC_University/University_of_Canberra/Button_Nextstep2' is clickable

22-10-2024T16:15:05 - [MESSAGE][PASSED] - Object 'Object Repository/APAC_University/University_of_Canberra/Button_Nextstep2' is clickable

22-10-2024T16:15:05 - [TEST_STEP][PASSED] - click(findTestObject("Object Repository/APAC_University/University_of_Canberra/Button_Nextstep2")): Object: 'Object Repository/APAC_University/University_of_Canberra/Button_Nextstep2' is clicked on

22-10-2024T16:15:07 - [MESSAGE][PASSED] - Object: 'Object Repository/APAC_University/University_of_Canberra/Button_Nextstep2' is clicked on

22-10-2024T16:15:07 - [TEST_STEP][PASSED] - startdate = findTestObject("Object Repository/APAC_University/University_of_Canberra/Dropdown_Enquiry_StartDate"): null

22-10-2024T16:15:07 - [TEST_STEP][PASSED] - selectOptionByIndex(startdate, keyPathPackage.customKeywords.selectRandomOptionFromDropdown()): All options with index in [1] are selected on object 'Object Repository/APAC_University/University_of_Canberra/Dropdown_Enquiry_StartDate'

22-10-2024T16:15:07 - [MESSAGE][PASSED] - keyPathPackage.customKeywords.selectRandomOptionFromDropdown is PASSED

22-10-2024T16:15:13 - [MESSAGE][PASSED] - All options with index in [1] are selected on object 'Object Repository/APAC_University/University_of_Canberra/Dropdown_Enquiry_StartDate'

22-10-2024T16:15:13 - [TEST_STEP][PASSED] - Enquiryreason = findTestObject("Object Repository/APAC_University/University_of_Canberra/Dropdown_EnquiryReason"): null

22-10-2024T16:15:13 - [TEST_STEP][PASSED] - selectOptionByIndex(Enquiryreason, keyPathPackage.customKeywords.selectRandomOptionFromDropdown()): All options with index in [1] are selected on object 'Object Repository/APAC_University/University_of_Canberra/Dropdown_EnquiryReason'

22-10-2024T16:15:13 - [MESSAGE][PASSED] - keyPathPackage.customKeywords.selectRandomOptionFromDropdown is PASSED

22-10-2024T16:15:19 - [MESSAGE][PASSED] - All options with index in [1] are selected on object 'Object Repository/APAC_University/University_of_Canberra/Dropdown_EnquiryReason'

22-10-2024T16:15:19 - [TEST_STEP][PASSED] - selectOptionByValue(findTestObject("Object Repository/APAC_University/University_of_Canberra/Dropdown_Enquiry_Leveleducation"), Education_Level, false): All options with value 'Postgraduate diploma' are selected in object 'Object Repository/APAC_University/University_of_Canberra/Dropdown_Enquiry_Leveleducation' 

22-10-2024T16:15:23 - [MESSAGE][PASSED] - All options with value 'Postgraduate diploma' are selected in object 'Object Repository/APAC_University/University_of_Canberra/Dropdown_Enquiry_Leveleducation' 

22-10-2024T16:15:23 - [TEST_STEP][PASSED] - Workexperience = findTestObject("Object Repository/APAC_University/University_of_Canberra/Field_Enquiry_Workexperience"): null

22-10-2024T16:15:23 - [TEST_STEP][PASSED] - selectOptionByIndex(Workexperience, keyPathPackage.customKeywords.selectRandomOptionFromDropdown()): All options with index in [2] are selected on object 'Object Repository/APAC_University/University_of_Canberra/Field_Enquiry_Workexperience'

22-10-2024T16:15:23 - [MESSAGE][PASSED] - keyPathPackage.customKeywords.selectRandomOptionFromDropdown is PASSED

22-10-2024T16:15:29 - [MESSAGE][PASSED] - All options with index in [2] are selected on object 'Object Repository/APAC_University/University_of_Canberra/Field_Enquiry_Workexperience'

22-10-2024T16:15:29 - [TEST_STEP][PASSED] - waitForElementClickable(findTestObject("Object Repository/APAC_University/University_of_Canberra/Button_Nextstep3"), 10): Object 'Object Repository/APAC_University/University_of_Canberra/Button_Nextstep3' is clickable

22-10-2024T16:15:31 - [MESSAGE][PASSED] - Object 'Object Repository/APAC_University/University_of_Canberra/Button_Nextstep3' is clickable

22-10-2024T16:15:31 - [TEST_STEP][PASSED] - click(findTestObject("Object Repository/APAC_University/University_of_Canberra/Button_Nextstep3")): Object: 'Object Repository/APAC_University/University_of_Canberra/Button_Nextstep3' is clicked on

22-10-2024T16:15:33 - [MESSAGE][PASSED] - Object: 'Object Repository/APAC_University/University_of_Canberra/Button_Nextstep3' is clicked on

22-10-2024T16:15:33 - [TEST_STEP][PASSED] - Phonenumber = keyPathPackage.customKeywords.generateRandomAustralianPhoneNumber(): keyPathPackage.customKeywords.generateRandomAustralianPhoneNumber is PASSED

22-10-2024T16:15:33 - [MESSAGE][PASSED] - keyPathPackage.customKeywords.generateRandomAustralianPhoneNumber is PASSED

22-10-2024T16:15:33 - [TEST_STEP][PASSED] - setText(findTestObject("Object Repository/APAC_University/University_of_Canberra/Field_Phonenumber"), Phonenumber): Text '0441798546' is set on object 'Object Repository/APAC_University/University_of_Canberra/Field_Phonenumber'

22-10-2024T16:15:37 - [MESSAGE][PASSED] - Text '0441798546' is set on object 'Object Repository/APAC_University/University_of_Canberra/Field_Phonenumber'

22-10-2024T16:15:37 - [TEST_STEP][PASSED] - Email = keyPathPackage.customKeywords.generateRandomEmail(): keyPathPackage.customKeywords.generateRandomEmail is PASSED

22-10-2024T16:15:37 - [MESSAGE][PASSED] - keyPathPackage.customKeywords.generateRandomEmail is PASSED

22-10-2024T16:15:37 - [TEST_STEP][PASSED] - setText(findTestObject("Object Repository/APAC_University/University_of_Canberra/Field_Email"), Email): Text 'garfield.bogan@hotmail.com' is set on object 'Object Repository/APAC_University/University_of_Canberra/Field_Email'

22-10-2024T16:15:41 - [MESSAGE][PASSED] - Text 'garfield.bogan@hotmail.com' is set on object 'Object Repository/APAC_University/University_of_Canberra/Field_Email'

22-10-2024T16:15:41 - [TEST_STEP][PASSED] - Postcode = keyPathPackage.customKeywords.selectRandomPostCode(): keyPathPackage.customKeywords.selectRandomPostCode is PASSED

22-10-2024T16:15:41 - [MESSAGE][PASSED] - keyPathPackage.customKeywords.selectRandomPostCode is PASSED

22-10-2024T16:15:41 - [TEST_STEP][PASSED] - setText(findTestObject("Object Repository/APAC_University/University_of_Canberra/Field_Postcode"), Postcode): Text '8944' is set on object 'Object Repository/APAC_University/University_of_Canberra/Field_Postcode'

22-10-2024T16:15:45 - [MESSAGE][PASSED] - Text '8944' is set on object 'Object Repository/APAC_University/University_of_Canberra/Field_Postcode'

22-10-2024T16:15:45 - [TEST_STEP][PASSED] - waitForElementClickable(findTestObject("Object Repository/APAC_University/University_of_Canberra/Button_Submit"), 10): Object 'Object Repository/APAC_University/University_of_Canberra/Button_Submit' is clickable

22-10-2024T16:15:47 - [MESSAGE][PASSED] - Object 'Object Repository/APAC_University/University_of_Canberra/Button_Submit' is clickable

22-10-2024T16:15:47 - [TEST_STEP][PASSED] - click(findTestObject("Object Repository/APAC_University/University_of_Canberra/Button_Submit")): Object: 'Object Repository/APAC_University/University_of_Canberra/Button_Submit' is clicked on

22-10-2024T16:15:49 - [MESSAGE][PASSED] - Object: 'Object Repository/APAC_University/University_of_Canberra/Button_Submit' is clicked on

22-10-2024T16:15:49 - [TEST_STEP][PASSED] - delay(5): Delayed 5 second(s)

22-10-2024T16:15:54 - [MESSAGE][PASSED] - Delayed 5 second(s)

22-10-2024T16:15:54 - [TEST_STEP][PASSED] - verifyElementText(findTestObject("Object Repository/APAC_University/University_of_Canberra/Verify_Content"), "Thank you for your enquiry!"): Actual text and expected text of test object 'Object Repository/APAC_University/University_of_Canberra/Verify_Content' are matched.

22-10-2024T16:15:56 - [MESSAGE][PASSED] - Actual text and expected text of test object 'Object Repository/APAC_University/University_of_Canberra/Verify_Content' are matched.

22-10-2024T16:15:56 - [MESSAGE][PASSED] - Call Test Case 'Test Cases/APAC_Universities/SEO_PAGES/University_of_Canberra/Resuable_Testcases/Lead_Form' successfully

22-10-2024T16:15:56 - [TEST_STEP][PASSED] - closeBrowser(): Browser is closed

22-10-2024T16:15:56 - [MESSAGE][PASSED] - Browser is closed]]></system-out>
         <system-err><![CDATA[]]></system-err>
      </testcase>
      <testcase name="Test Cases/APAC_Universities/SEO_PAGES/Victorian_University/Main_Page" time="29.631" classname="Test Cases/APAC_Universities/SEO_PAGES/Victorian_University/Main_Page" status="PASSED">
         <system-out><![CDATA[22-10-2024T16:15:56 - [TEST_CASE][PASSED] - Test Cases/APAC_Universities/SEO_PAGES/Victorian_University/Main_Page: Test Cases/APAC_Universities/SEO_PAGES/Victorian_University/Main_Page

22-10-2024T16:15:56 - [TEST_STEP][PASSED] - callTestCase(findTestCase("Test Cases/APAC_Universities/SEO_PAGES/Victorian_University/Reusuable_Testcases/Navigate_URL"), [:], STOP_ON_FAILURE): Call Test Case 'Test Cases/APAC_Universities/SEO_PAGES/Victorian_University/Reusuable_Testcases/Navigate_URL' successfully

22-10-2024T16:15:56 - [TEST_CASE][PASSED] - Test Cases/APAC_Universities/SEO_PAGES/Victorian_University/Reusuable_Testcases/Navigate_URL: Test Cases/APAC_Universities/SEO_PAGES/Victorian_University/Reusuable_Testcases/Navigate_URL

22-10-2024T16:15:56 - [TEST_STEP][PASSED] - openBrowser(""): Browser is opened with url: ''

22-10-2024T16:15:56 - [MESSAGE][INFO] - Starting 'Chrome' driver

22-10-2024T16:15:56 - [MESSAGE][INFO] - Action delay is set to 0 milliseconds

22-10-2024T16:15:56 - [MESSAGE][PASSED] - Browser is opened with url: ''

22-10-2024T16:15:56 - [TEST_STEP][PASSED] - navigateToUrl(University_VC): Navigate to 'https://key:path@test-vu-opm.pantheonsite.io' successfully

22-10-2024T16:16:15 - [MESSAGE][PASSED] - Navigate to 'https://key:path@test-vu-opm.pantheonsite.io' successfully

22-10-2024T16:16:15 - [TEST_STEP][PASSED] - maximizeWindow(): Current window maximized

22-10-2024T16:16:15 - [MESSAGE][PASSED] - Current window maximized

22-10-2024T16:16:15 - [MESSAGE][PASSED] - Call Test Case 'Test Cases/APAC_Universities/SEO_PAGES/Victorian_University/Reusuable_Testcases/Navigate_URL' successfully

22-10-2024T16:16:15 - [TEST_STEP][PASSED] - callTestCase(findTestCase("Test Cases/APAC_Universities/SEO_PAGES/Victorian_University/Reusuable_Testcases/Lead_Form"), [:], STOP_ON_FAILURE): Call Test Case 'Test Cases/APAC_Universities/SEO_PAGES/Victorian_University/Reusuable_Testcases/Lead_Form' successfully

22-10-2024T16:16:15 - [TEST_CASE][PASSED] - Test Cases/APAC_Universities/SEO_PAGES/Victorian_University/Reusuable_Testcases/Lead_Form: Test Cases/APAC_Universities/SEO_PAGES/Victorian_University/Reusuable_Testcases/Lead_Form

22-10-2024T16:16:15 - [TEST_STEP][PASSED] - program = findTestObject("Object Repository/APAC_University/Victoria_University/Dropdown_Program"): null

22-10-2024T16:16:15 - [TEST_STEP][PASSED] - selectOptionByIndex(program, keyPathPackage.customKeywords.selectRandomOptionFromDropdown()): All options with index in [2] are selected on object 'Object Repository/APAC_University/Victoria_University/Dropdown_Program'

22-10-2024T16:16:15 - [MESSAGE][PASSED] - keyPathPackage.customKeywords.selectRandomOptionFromDropdown is PASSED

22-10-2024T16:16:20 - [MESSAGE][PASSED] - All options with index in [2] are selected on object 'Object Repository/APAC_University/Victoria_University/Dropdown_Program'

22-10-2024T16:16:20 - [TEST_STEP][PASSED] - FirstName = keyPathPackage.customKeywords.generateRandomFirstName(): keyPathPackage.customKeywords.generateRandomFirstName is PASSED

22-10-2024T16:16:20 - [MESSAGE][PASSED] - keyPathPackage.customKeywords.generateRandomFirstName is PASSED

22-10-2024T16:16:20 - [TEST_STEP][PASSED] - setText(findTestObject("Object Repository/APAC_University/Victoria_University/Field_Firstname"), FirstName): Text 'Nathanael' is set on object 'Object Repository/APAC_University/Victoria_University/Field_Firstname'

22-10-2024T16:16:21 - [MESSAGE][PASSED] - Text 'Nathanael' is set on object 'Object Repository/APAC_University/Victoria_University/Field_Firstname'

22-10-2024T16:16:21 - [TEST_STEP][PASSED] - LastName = keyPathPackage.customKeywords.generateRandomLastName(): keyPathPackage.customKeywords.generateRandomLastName is PASSED

22-10-2024T16:16:21 - [MESSAGE][PASSED] - keyPathPackage.customKeywords.generateRandomLastName is PASSED

22-10-2024T16:16:21 - [TEST_STEP][PASSED] - setText(findTestObject("Object Repository/APAC_University/Victoria_University/Field_Lastname"), LastName): Text 'Testing Watsica' is set on object 'Object Repository/APAC_University/Victoria_University/Field_Lastname'

22-10-2024T16:16:21 - [MESSAGE][PASSED] - Text 'Testing Watsica' is set on object 'Object Repository/APAC_University/Victoria_University/Field_Lastname'

22-10-2024T16:16:21 - [TEST_STEP][PASSED] - dropdown = findTestObject("Object Repository/APAC_University/Victoria_University/Dropdown_Citizen_Qualify"): null

22-10-2024T16:16:21 - [TEST_STEP][PASSED] - options = ["yes", "no"]: null

22-10-2024T16:16:21 - [TEST_STEP][PASSED] - randomOption = options[Random().nextInt(length)]: null

22-10-2024T16:16:21 - [TEST_STEP][PASSED] - selectOptionByValue(dropdown, randomOption, true): All options with value 'no' are selected in object 'Object Repository/APAC_University/Victoria_University/Dropdown_Citizen_Qualify'  using regular expression

22-10-2024T16:16:22 - [MESSAGE][PASSED] - All options with value 'no' are selected in object 'Object Repository/APAC_University/Victoria_University/Dropdown_Citizen_Qualify'  using regular expression

22-10-2024T16:16:22 - [TEST_STEP][PASSED] - if (randomOption.equals("no")): Browser is closed

22-10-2024T16:16:22 - [TEST_STEP][PASSED] - delay(3): Delayed 3 second(s)

22-10-2024T16:16:25 - [MESSAGE][PASSED] - Delayed 3 second(s)

22-10-2024T16:16:25 - [TEST_STEP][PASSED] - verifyElementText(findTestObject("Object Repository/APAC_University/Victoria_University/Verify_Popup_Message"), "This course is available to Australian citizens and permanent residents only."): Actual text and expected text of test object 'Object Repository/APAC_University/Victoria_University/Verify_Popup_Message' are matched.

22-10-2024T16:16:25 - [MESSAGE][PASSED] - Actual text and expected text of test object 'Object Repository/APAC_University/Victoria_University/Verify_Popup_Message' are matched.

22-10-2024T16:16:25 - [TEST_STEP][PASSED] - closeBrowser(): Browser is closed

22-10-2024T16:16:25 - [MESSAGE][PASSED] - Browser is closed

22-10-2024T16:16:25 - [MESSAGE][PASSED] - Call Test Case 'Test Cases/APAC_Universities/SEO_PAGES/Victorian_University/Reusuable_Testcases/Lead_Form' successfully]]></system-out>
         <system-err><![CDATA[]]></system-err>
      </testcase>
      <testcase name="Test Cases/APAC_Universities/SEO_PAGES/Victorian_University/Enquiry_Form" time="14.763" classname="Test Cases/APAC_Universities/SEO_PAGES/Victorian_University/Enquiry_Form" status="PASSED">
         <system-out><![CDATA[22-10-2024T16:16:25 - [TEST_CASE][PASSED] - Test Cases/APAC_Universities/SEO_PAGES/Victorian_University/Enquiry_Form: Test Cases/APAC_Universities/SEO_PAGES/Victorian_University/Enquiry_Form

22-10-2024T16:16:25 - [TEST_STEP][PASSED] - callTestCase(findTestCase("Test Cases/APAC_Universities/SEO_PAGES/Victorian_University/Reusuable_Testcases/Navigate_URL"), [:], STOP_ON_FAILURE): Call Test Case 'Test Cases/APAC_Universities/SEO_PAGES/Victorian_University/Reusuable_Testcases/Navigate_URL' successfully

22-10-2024T16:16:25 - [TEST_CASE][PASSED] - Test Cases/APAC_Universities/SEO_PAGES/Victorian_University/Reusuable_Testcases/Navigate_URL: Test Cases/APAC_Universities/SEO_PAGES/Victorian_University/Reusuable_Testcases/Navigate_URL

22-10-2024T16:16:25 - [TEST_STEP][PASSED] - openBrowser(""): Browser is opened with url: ''

22-10-2024T16:16:25 - [MESSAGE][INFO] - Starting 'Chrome' driver

22-10-2024T16:16:25 - [MESSAGE][INFO] - Action delay is set to 0 milliseconds

22-10-2024T16:16:26 - [MESSAGE][PASSED] - Browser is opened with url: ''

22-10-2024T16:16:26 - [TEST_STEP][PASSED] - navigateToUrl(University_VC): Navigate to 'https://key:path@test-vu-opm.pantheonsite.io' successfully

22-10-2024T16:16:27 - [MESSAGE][PASSED] - Navigate to 'https://key:path@test-vu-opm.pantheonsite.io' successfully

22-10-2024T16:16:27 - [TEST_STEP][PASSED] - maximizeWindow(): Current window maximized

22-10-2024T16:16:29 - [MESSAGE][PASSED] - Current window maximized

22-10-2024T16:16:29 - [MESSAGE][PASSED] - Call Test Case 'Test Cases/APAC_Universities/SEO_PAGES/Victorian_University/Reusuable_Testcases/Navigate_URL' successfully

22-10-2024T16:16:29 - [TEST_STEP][PASSED] - callTestCase(findTestCase("Test Cases/APAC_Universities/SEO_PAGES/Victorian_University/Reusuable_Testcases/Navigate_HomePage"), [:], STOP_ON_FAILURE): Call Test Case 'Test Cases/APAC_Universities/SEO_PAGES/Victorian_University/Reusuable_Testcases/Navigate_HomePage' successfully

22-10-2024T16:16:29 - [TEST_CASE][PASSED] - Test Cases/APAC_Universities/SEO_PAGES/Victorian_University/Reusuable_Testcases/Navigate_HomePage: Test Cases/APAC_Universities/SEO_PAGES/Victorian_University/Reusuable_Testcases/Navigate_HomePage

22-10-2024T16:16:29 - [TEST_STEP][PASSED] - waitForElementClickable(findTestObject("Object Repository/APAC_University/Victoria_University/Image_Homepage"), 10): Object 'Object Repository/APAC_University/Victoria_University/Image_Homepage' is clickable

22-10-2024T16:16:29 - [MESSAGE][PASSED] - Object 'Object Repository/APAC_University/Victoria_University/Image_Homepage' is clickable

22-10-2024T16:16:29 - [TEST_STEP][PASSED] - click(findTestObject("Object Repository/APAC_University/Victoria_University/Image_Homepage")): Object: 'Object Repository/APAC_University/Victoria_University/Image_Homepage' is clicked on

22-10-2024T16:16:30 - [MESSAGE][PASSED] - Object: 'Object Repository/APAC_University/Victoria_University/Image_Homepage' is clicked on

22-10-2024T16:16:30 - [MESSAGE][PASSED] - Call Test Case 'Test Cases/APAC_Universities/SEO_PAGES/Victorian_University/Reusuable_Testcases/Navigate_HomePage' successfully

22-10-2024T16:16:30 - [TEST_STEP][PASSED] - waitForElementClickable(findTestObject("Object Repository/APAC_University/Victoria_University/Button_Enquiry_Now"), 10): Object 'Object Repository/APAC_University/Victoria_University/Button_Enquiry_Now' is clickable

22-10-2024T16:16:32 - [MESSAGE][PASSED] - Object 'Object Repository/APAC_University/Victoria_University/Button_Enquiry_Now' is clickable

22-10-2024T16:16:32 - [TEST_STEP][PASSED] - click(findTestObject("Object Repository/APAC_University/Victoria_University/Button_Enquiry_Now")): Object: 'Object Repository/APAC_University/Victoria_University/Button_Enquiry_Now' is clicked on

22-10-2024T16:16:32 - [MESSAGE][PASSED] - Object: 'Object Repository/APAC_University/Victoria_University/Button_Enquiry_Now' is clicked on

22-10-2024T16:16:32 - [TEST_STEP][PASSED] - program = findTestObject("Object Repository/APAC_University/Victoria_University/Dropdown_Program"): null

22-10-2024T16:16:32 - [TEST_STEP][PASSED] - selectOptionByIndex(program, keyPathPackage.customKeywords.selectRandomOptionFromDropdown()): All options with index in [1] are selected on object 'Object Repository/APAC_University/Victoria_University/Dropdown_Program'

22-10-2024T16:16:32 - [MESSAGE][PASSED] - keyPathPackage.customKeywords.selectRandomOptionFromDropdown is PASSED

22-10-2024T16:16:35 - [MESSAGE][PASSED] - All options with index in [1] are selected on object 'Object Repository/APAC_University/Victoria_University/Dropdown_Program'

22-10-2024T16:16:35 - [TEST_STEP][PASSED] - dropdown = findTestObject("Object Repository/APAC_University/Victoria_University/Dropdown_Citizen_Qualify"): null

22-10-2024T16:16:35 - [TEST_STEP][PASSED] - options = ["yes", "no"]: null

22-10-2024T16:16:35 - [TEST_STEP][PASSED] - randomOption = options[Random().nextInt(length)]: null

22-10-2024T16:16:35 - [TEST_STEP][PASSED] - selectOptionByValue(dropdown, randomOption, true): All options with value 'yes' are selected in object 'Object Repository/APAC_University/Victoria_University/Dropdown_Citizen_Qualify'  using regular expression

22-10-2024T16:16:36 - [MESSAGE][PASSED] - All options with value 'yes' are selected in object 'Object Repository/APAC_University/Victoria_University/Dropdown_Citizen_Qualify'  using regular expression

22-10-2024T16:16:36 - [TEST_STEP][PASSED] - if (randomOption.equals("no")): null

22-10-2024T16:16:36 - [TEST_STEP][PASSED] - else: Browser is closed

22-10-2024T16:16:36 - [TEST_STEP][PASSED] - FirstName = keyPathPackage.customKeywords.generateRandomFirstName(): keyPathPackage.customKeywords.generateRandomFirstName is PASSED

22-10-2024T16:16:36 - [MESSAGE][PASSED] - keyPathPackage.customKeywords.generateRandomFirstName is PASSED

22-10-2024T16:16:36 - [TEST_STEP][PASSED] - setText(findTestObject("Object Repository/APAC_University/Victoria_University/Field_Firstname"), FirstName): Text 'Hanna' is set on object 'Object Repository/APAC_University/Victoria_University/Field_Firstname'

22-10-2024T16:16:37 - [MESSAGE][PASSED] - Text 'Hanna' is set on object 'Object Repository/APAC_University/Victoria_University/Field_Firstname'

22-10-2024T16:16:37 - [TEST_STEP][PASSED] - LastName = keyPathPackage.customKeywords.generateRandomLastName(): keyPathPackage.customKeywords.generateRandomLastName is PASSED

22-10-2024T16:16:37 - [MESSAGE][PASSED] - keyPathPackage.customKeywords.generateRandomLastName is PASSED

22-10-2024T16:16:37 - [TEST_STEP][PASSED] - setText(findTestObject("Object Repository/APAC_University/Victoria_University/Field_Lastname"), LastName): Text 'Testing Gislason' is set on object 'Object Repository/APAC_University/Victoria_University/Field_Lastname'

22-10-2024T16:16:37 - [MESSAGE][PASSED] - Text 'Testing Gislason' is set on object 'Object Repository/APAC_University/Victoria_University/Field_Lastname'

22-10-2024T16:16:37 - [TEST_STEP][PASSED] - Email = keyPathPackage.customKeywords.generateRandomEmail(): keyPathPackage.customKeywords.generateRandomEmail is PASSED

22-10-2024T16:16:37 - [MESSAGE][PASSED] - keyPathPackage.customKeywords.generateRandomEmail is PASSED

22-10-2024T16:16:37 - [TEST_STEP][PASSED] - setText(findTestObject("Object Repository/APAC_University/Victoria_University/Field_Email"), Email): Text 'morris.erdman@yahoo.com' is set on object 'Object Repository/APAC_University/Victoria_University/Field_Email'

22-10-2024T16:16:38 - [MESSAGE][PASSED] - Text 'morris.erdman@yahoo.com' is set on object 'Object Repository/APAC_University/Victoria_University/Field_Email'

22-10-2024T16:16:38 - [TEST_STEP][PASSED] - Phonenumber = keyPathPackage.customKeywords.generateRandomAustralianPhoneNumber(): keyPathPackage.customKeywords.generateRandomAustralianPhoneNumber is PASSED

22-10-2024T16:16:38 - [MESSAGE][PASSED] - keyPathPackage.customKeywords.generateRandomAustralianPhoneNumber is PASSED

22-10-2024T16:16:38 - [TEST_STEP][PASSED] - setText(findTestObject("Object Repository/APAC_University/Victoria_University/Field_Phonenumber"), Phonenumber): Text '0427932346' is set on object 'Object Repository/APAC_University/Victoria_University/Field_Phonenumber'

22-10-2024T16:16:38 - [MESSAGE][PASSED] - Text '0427932346' is set on object 'Object Repository/APAC_University/Victoria_University/Field_Phonenumber'

22-10-2024T16:16:38 - [TEST_STEP][PASSED] - selectOptionByLabel(findTestObject("Object Repository/APAC_University/Victoria_University/Dropdown_Country"), "Australia", false): All options with label 'Australia' are selected in object 'Object Repository/APAC_University/Victoria_University/Dropdown_Country' 

22-10-2024T16:16:39 - [MESSAGE][PASSED] - All options with label 'Australia' are selected in object 'Object Repository/APAC_University/Victoria_University/Dropdown_Country' 

22-10-2024T16:16:39 - [TEST_STEP][PASSED] - Postcode = keyPathPackage.customKeywords.selectRandomPostCode(): keyPathPackage.customKeywords.selectRandomPostCode is PASSED

22-10-2024T16:16:39 - [MESSAGE][PASSED] - keyPathPackage.customKeywords.selectRandomPostCode is PASSED

22-10-2024T16:16:39 - [TEST_STEP][PASSED] - setText(findTestObject("Object Repository/APAC_University/Victoria_University/Field_Postcode"), Postcode): Text '9683' is set on object 'Object Repository/APAC_University/Victoria_University/Field_Postcode'

22-10-2024T16:16:40 - [MESSAGE][PASSED] - Text '9683' is set on object 'Object Repository/APAC_University/Victoria_University/Field_Postcode'

22-10-2024T16:16:40 - [TEST_STEP][PASSED] - waitForElementClickable(findTestObject("Object Repository/APAC_University/Victoria_University/Button_Enquiry_Submit"), 10): Object 'Object Repository/APAC_University/Victoria_University/Button_Enquiry_Submit' is clickable

22-10-2024T16:16:40 - [MESSAGE][PASSED] - Object 'Object Repository/APAC_University/Victoria_University/Button_Enquiry_Submit' is clickable

22-10-2024T16:16:40 - [TEST_STEP][PASSED] - click(findTestObject("Object Repository/APAC_University/Victoria_University/Button_Enquiry_Submit")): Object: 'Object Repository/APAC_University/Victoria_University/Button_Enquiry_Submit' is clicked on

22-10-2024T16:16:40 - [MESSAGE][PASSED] - Object: 'Object Repository/APAC_University/Victoria_University/Button_Enquiry_Submit' is clicked on

22-10-2024T16:16:40 - [TEST_STEP][PASSED] - closeBrowser(): Browser is closed

22-10-2024T16:16:40 - [MESSAGE][PASSED] - Browser is closed]]></system-out>
         <system-err><![CDATA[]]></system-err>
      </testcase>
      <testcase name="Test Cases/APAC_Universities/SEO_PAGES/UTS_University/Enquiry_Now" time="41.853" classname="Test Cases/APAC_Universities/SEO_PAGES/UTS_University/Enquiry_Now" status="PASSED">
         <system-out><![CDATA[22-10-2024T16:16:40 - [TEST_CASE][PASSED] - Test Cases/APAC_Universities/SEO_PAGES/UTS_University/Enquiry_Now: Test Cases/APAC_Universities/SEO_PAGES/UTS_University/Enquiry_Now

22-10-2024T16:16:40 - [TEST_STEP][PASSED] - callTestCase(findTestCase("Test Cases/APAC_Universities/SEO_PAGES/UTS_University/Resuable_Testcases/Navigate_URL"), [:], STOP_ON_FAILURE): Call Test Case 'Test Cases/APAC_Universities/SEO_PAGES/UTS_University/Resuable_Testcases/Navigate_URL' successfully

22-10-2024T16:16:40 - [TEST_CASE][PASSED] - Test Cases/APAC_Universities/SEO_PAGES/UTS_University/Resuable_Testcases/Navigate_URL: Test Cases/APAC_Universities/SEO_PAGES/UTS_University/Resuable_Testcases/Navigate_URL

22-10-2024T16:16:40 - [TEST_STEP][PASSED] - openBrowser(""): Browser is opened with url: ''

22-10-2024T16:16:40 - [MESSAGE][INFO] - Starting 'Chrome' driver

22-10-2024T16:16:40 - [MESSAGE][INFO] - Action delay is set to 0 milliseconds

22-10-2024T16:16:41 - [MESSAGE][PASSED] - Browser is opened with url: ''

22-10-2024T16:16:41 - [TEST_STEP][PASSED] - navigateToUrl(University_UTS): Navigate to 'https://key:path@dev-uts-opm.pantheonsite.io/' successfully

22-10-2024T16:16:57 - [MESSAGE][PASSED] - Navigate to 'https://key:path@dev-uts-opm.pantheonsite.io/' successfully

22-10-2024T16:16:57 - [TEST_STEP][PASSED] - maximizeWindow(): Current window maximized

22-10-2024T16:17:06 - [MESSAGE][PASSED] - Current window maximized

22-10-2024T16:17:06 - [MESSAGE][PASSED] - Call Test Case 'Test Cases/APAC_Universities/SEO_PAGES/UTS_University/Resuable_Testcases/Navigate_URL' successfully

22-10-2024T16:17:06 - [TEST_STEP][PASSED] - waitForElementClickable(findTestObject("Object Repository/APAC_University/UTS_University/Button_Enquiry_Now"), 10): Object 'Object Repository/APAC_University/UTS_University/Button_Enquiry_Now' is clickable

22-10-2024T16:17:07 - [MESSAGE][PASSED] - Object 'Object Repository/APAC_University/UTS_University/Button_Enquiry_Now' is clickable

22-10-2024T16:17:07 - [TEST_STEP][PASSED] - click(findTestObject("Object Repository/APAC_University/UTS_University/Button_Enquiry_Now")): Object: 'Object Repository/APAC_University/UTS_University/Button_Enquiry_Now' is clicked on

22-10-2024T16:17:07 - [MESSAGE][PASSED] - Object: 'Object Repository/APAC_University/UTS_University/Button_Enquiry_Now' is clicked on

22-10-2024T16:17:07 - [TEST_STEP][PASSED] - callTestCase(findTestCase("Test Cases/APAC_Universities/SEO_PAGES/UTS_University/Resuable_Testcases/Lead_Form"), [:], STOP_ON_FAILURE): Call Test Case 'Test Cases/APAC_Universities/SEO_PAGES/UTS_University/Resuable_Testcases/Lead_Form' successfully

22-10-2024T16:17:07 - [TEST_CASE][PASSED] - Test Cases/APAC_Universities/SEO_PAGES/UTS_University/Resuable_Testcases/Lead_Form: Test Cases/APAC_Universities/SEO_PAGES/UTS_University/Resuable_Testcases/Lead_Form

22-10-2024T16:17:08 - [TEST_STEP][PASSED] - program = findTestObject("Object Repository/APAC_University/UTS_University/Dropdown_Program"): null

22-10-2024T16:17:08 - [TEST_STEP][PASSED] - selectOptionByIndex(program, keyPathPackage.customKeywords.selectRandomOptionFromDropdown()): All options with index in [2] are selected on object 'Object Repository/APAC_University/UTS_University/Dropdown_Program'

22-10-2024T16:17:08 - [MESSAGE][PASSED] - keyPathPackage.customKeywords.selectRandomOptionFromDropdown is PASSED

22-10-2024T16:17:08 - [MESSAGE][PASSED] - All options with index in [2] are selected on object 'Object Repository/APAC_University/UTS_University/Dropdown_Program'

22-10-2024T16:17:08 - [TEST_STEP][PASSED] - FirstName = keyPathPackage.customKeywords.generateRandomFirstName(): keyPathPackage.customKeywords.generateRandomFirstName is PASSED

22-10-2024T16:17:08 - [MESSAGE][PASSED] - keyPathPackage.customKeywords.generateRandomFirstName is PASSED

22-10-2024T16:17:08 - [TEST_STEP][PASSED] - setText(findTestObject("Object Repository/APAC_University/UTS_University/Field_Firstname"), FirstName): Text 'Brett' is set on object 'Object Repository/APAC_University/UTS_University/Field_Firstname'

22-10-2024T16:17:09 - [MESSAGE][PASSED] - Text 'Brett' is set on object 'Object Repository/APAC_University/UTS_University/Field_Firstname'

22-10-2024T16:17:09 - [TEST_STEP][PASSED] - LastName = keyPathPackage.customKeywords.generateRandomLastName(): keyPathPackage.customKeywords.generateRandomLastName is PASSED

22-10-2024T16:17:09 - [MESSAGE][PASSED] - keyPathPackage.customKeywords.generateRandomLastName is PASSED

22-10-2024T16:17:09 - [TEST_STEP][PASSED] - setText(findTestObject("Object Repository/APAC_University/UTS_University/Field_Lastname"), LastName): Text 'Testing Bins' is set on object 'Object Repository/APAC_University/UTS_University/Field_Lastname'

22-10-2024T16:17:09 - [MESSAGE][PASSED] - Text 'Testing Bins' is set on object 'Object Repository/APAC_University/UTS_University/Field_Lastname'

22-10-2024T16:17:09 - [TEST_STEP][PASSED] - selectOptionByLabel(findTestObject("Object Repository/APAC_University/UTS_University/Dropdown_Registered_Nurse"), "Yes", false): All options with label 'Yes' are selected in object 'Object Repository/APAC_University/UTS_University/Dropdown_Registered_Nurse' 

22-10-2024T16:17:10 - [MESSAGE][PASSED] - All options with label 'Yes' are selected in object 'Object Repository/APAC_University/UTS_University/Dropdown_Registered_Nurse' 

22-10-2024T16:17:10 - [TEST_STEP][PASSED] - waitForElementClickable(findTestObject("Object Repository/APAC_University/UTS_University/Button_Nextstep1"), 10): Object 'Object Repository/APAC_University/UTS_University/Button_Nextstep1' is clickable

22-10-2024T16:17:10 - [MESSAGE][PASSED] - Object 'Object Repository/APAC_University/UTS_University/Button_Nextstep1' is clickable

22-10-2024T16:17:10 - [TEST_STEP][PASSED] - click(findTestObject("Object Repository/APAC_University/UTS_University/Button_Nextstep1")): Object: 'Object Repository/APAC_University/UTS_University/Button_Nextstep1' is clicked on

22-10-2024T16:17:10 - [MESSAGE][PASSED] - Object: 'Object Repository/APAC_University/UTS_University/Button_Nextstep1' is clicked on

22-10-2024T16:17:10 - [TEST_STEP][PASSED] - startdate = findTestObject("Object Repository/APAC_University/UTS_University/Dropdown_Startdate"): null

22-10-2024T16:17:10 - [TEST_STEP][PASSED] - selectOptionByIndex(startdate, keyPathPackage.customKeywords.selectRandomOptionFromDropdown()): All options with index in [1] are selected on object 'Object Repository/APAC_University/UTS_University/Dropdown_Startdate'

22-10-2024T16:17:10 - [MESSAGE][PASSED] - keyPathPackage.customKeywords.selectRandomOptionFromDropdown is PASSED

22-10-2024T16:17:11 - [MESSAGE][PASSED] - All options with index in [1] are selected on object 'Object Repository/APAC_University/UTS_University/Dropdown_Startdate'

22-10-2024T16:17:11 - [TEST_STEP][PASSED] - selectOptionByValue(findTestObject("Object Repository/APAC_University/UTS_University/Dropdown_Highereducation"), Education_Level, false): All options with value 'Postgraduate diploma' are selected in object 'Object Repository/APAC_University/UTS_University/Dropdown_Highereducation' 

22-10-2024T16:17:12 - [MESSAGE][PASSED] - All options with value 'Postgraduate diploma' are selected in object 'Object Repository/APAC_University/UTS_University/Dropdown_Highereducation' 

22-10-2024T16:17:12 - [TEST_STEP][PASSED] - Workexperience = findTestObject("Object Repository/APAC_University/UTS_University/Dropdown_Workexperience"): null

22-10-2024T16:17:12 - [TEST_STEP][PASSED] - selectOptionByIndex(Workexperience, keyPathPackage.customKeywords.selectRandomOptionFromDropdown()): All options with index in [1] are selected on object 'Object Repository/APAC_University/UTS_University/Dropdown_Workexperience'

22-10-2024T16:17:12 - [MESSAGE][PASSED] - keyPathPackage.customKeywords.selectRandomOptionFromDropdown is PASSED

22-10-2024T16:17:13 - [MESSAGE][PASSED] - All options with index in [1] are selected on object 'Object Repository/APAC_University/UTS_University/Dropdown_Workexperience'

22-10-2024T16:17:13 - [TEST_STEP][PASSED] - Enquiryreason = findTestObject("Object Repository/APAC_University/UTS_University/Dropdown_Enquiry"): null

22-10-2024T16:17:13 - [TEST_STEP][PASSED] - selectOptionByIndex(Enquiryreason, keyPathPackage.customKeywords.selectRandomOptionFromDropdown()): All options with index in [1] are selected on object 'Object Repository/APAC_University/UTS_University/Dropdown_Enquiry'

22-10-2024T16:17:13 - [MESSAGE][PASSED] - keyPathPackage.customKeywords.selectRandomOptionFromDropdown is PASSED

22-10-2024T16:17:13 - [MESSAGE][PASSED] - All options with index in [1] are selected on object 'Object Repository/APAC_University/UTS_University/Dropdown_Enquiry'

22-10-2024T16:17:13 - [TEST_STEP][PASSED] - selectOptionByLabel(findTestObject("Object Repository/APAC_University/UTS_University/Dropdown_Country"), "Australia", false): All options with label 'Australia' are selected in object 'Object Repository/APAC_University/UTS_University/Dropdown_Country' 

22-10-2024T16:17:14 - [MESSAGE][PASSED] - All options with label 'Australia' are selected in object 'Object Repository/APAC_University/UTS_University/Dropdown_Country' 

22-10-2024T16:17:14 - [TEST_STEP][PASSED] - waitForElementClickable(findTestObject("Object Repository/APAC_University/UTS_University/Button_NextStep2"), 10): Object 'Object Repository/APAC_University/UTS_University/Button_NextStep2' is clickable

22-10-2024T16:17:14 - [MESSAGE][PASSED] - Object 'Object Repository/APAC_University/UTS_University/Button_NextStep2' is clickable

22-10-2024T16:17:14 - [TEST_STEP][PASSED] - click(findTestObject("Object Repository/APAC_University/UTS_University/Button_NextStep2")): Object: 'Object Repository/APAC_University/UTS_University/Button_NextStep2' is clicked on

22-10-2024T16:17:14 - [MESSAGE][PASSED] - Object: 'Object Repository/APAC_University/UTS_University/Button_NextStep2' is clicked on

22-10-2024T16:17:14 - [TEST_STEP][PASSED] - Phonenumber = keyPathPackage.customKeywords.generateRandomAustralianPhoneNumber(): keyPathPackage.customKeywords.generateRandomAustralianPhoneNumber is PASSED

22-10-2024T16:17:14 - [MESSAGE][PASSED] - keyPathPackage.customKeywords.generateRandomAustralianPhoneNumber is PASSED

22-10-2024T16:17:14 - [TEST_STEP][PASSED] - setText(findTestObject("Object Repository/APAC_University/UTS_University/Field_Phonenumber"), Phonenumber): Text '0409790260' is set on object 'Object Repository/APAC_University/UTS_University/Field_Phonenumber'

22-10-2024T16:17:15 - [MESSAGE][PASSED] - Text '0409790260' is set on object 'Object Repository/APAC_University/UTS_University/Field_Phonenumber'

22-10-2024T16:17:15 - [TEST_STEP][PASSED] - Email = keyPathPackage.customKeywords.generateRandomEmail(): keyPathPackage.customKeywords.generateRandomEmail is PASSED

22-10-2024T16:17:15 - [MESSAGE][PASSED] - keyPathPackage.customKeywords.generateRandomEmail is PASSED

22-10-2024T16:17:15 - [TEST_STEP][PASSED] - setText(findTestObject("Object Repository/APAC_University/UTS_University/Field_Email"), Email): Text 'paris.mohr@hotmail.com' is set on object 'Object Repository/APAC_University/UTS_University/Field_Email'

22-10-2024T16:17:16 - [MESSAGE][PASSED] - Text 'paris.mohr@hotmail.com' is set on object 'Object Repository/APAC_University/UTS_University/Field_Email'

22-10-2024T16:17:16 - [TEST_STEP][PASSED] - Postcode = keyPathPackage.customKeywords.selectRandomPostCode(): keyPathPackage.customKeywords.selectRandomPostCode is PASSED

22-10-2024T16:17:16 - [MESSAGE][PASSED] - keyPathPackage.customKeywords.selectRandomPostCode is PASSED

22-10-2024T16:17:16 - [TEST_STEP][PASSED] - setText(findTestObject("Object Repository/APAC_University/UTS_University/Field_Postcode"), Postcode): Text '0441' is set on object 'Object Repository/APAC_University/UTS_University/Field_Postcode'

22-10-2024T16:17:16 - [MESSAGE][PASSED] - Text '0441' is set on object 'Object Repository/APAC_University/UTS_University/Field_Postcode'

22-10-2024T16:17:16 - [TEST_STEP][PASSED] - waitForElementClickable(findTestObject("Object Repository/APAC_University/UTS_University/Button_Request_a_Call"), 10): Object 'Object Repository/APAC_University/UTS_University/Button_Request_a_Call' is clickable

22-10-2024T16:17:16 - [MESSAGE][PASSED] - Object 'Object Repository/APAC_University/UTS_University/Button_Request_a_Call' is clickable

22-10-2024T16:17:16 - [TEST_STEP][PASSED] - click(findTestObject("Object Repository/APAC_University/UTS_University/Button_Request_a_Call")): Object: 'Object Repository/APAC_University/UTS_University/Button_Request_a_Call' is clicked on

22-10-2024T16:17:17 - [MESSAGE][PASSED] - Object: 'Object Repository/APAC_University/UTS_University/Button_Request_a_Call' is clicked on

22-10-2024T16:17:17 - [TEST_STEP][PASSED] - delay(5): Delayed 5 second(s)

22-10-2024T16:17:22 - [MESSAGE][PASSED] - Delayed 5 second(s)

22-10-2024T16:17:22 - [TEST_STEP][PASSED] - verifyElementText(findTestObject("Object Repository/APAC_University/UTS_University/Verify_Welcome_Message"), "Thank you for your enquiry"): Actual text and expected text of test object 'Object Repository/APAC_University/UTS_University/Verify_Welcome_Message' are matched.

22-10-2024T16:17:22 - [MESSAGE][PASSED] - Actual text and expected text of test object 'Object Repository/APAC_University/UTS_University/Verify_Welcome_Message' are matched.

22-10-2024T16:17:22 - [MESSAGE][PASSED] - Call Test Case 'Test Cases/APAC_Universities/SEO_PAGES/UTS_University/Resuable_Testcases/Lead_Form' successfully]]></system-out>
         <system-err><![CDATA[]]></system-err>
      </testcase>
      <testcase name="Test Cases/APAC_Universities/SEO_PAGES/UTS_University/Main_Page" time="17.148" classname="Test Cases/APAC_Universities/SEO_PAGES/UTS_University/Main_Page" status="PASSED">
         <system-out><![CDATA[22-10-2024T16:17:22 - [TEST_CASE][PASSED] - Test Cases/APAC_Universities/SEO_PAGES/UTS_University/Main_Page: Test Cases/APAC_Universities/SEO_PAGES/UTS_University/Main_Page

22-10-2024T16:17:22 - [TEST_STEP][PASSED] - callTestCase(findTestCase("Test Cases/APAC_Universities/SEO_PAGES/UTS_University/Resuable_Testcases/Navigate_Homepage"), [:], STOP_ON_FAILURE): Call Test Case 'Test Cases/APAC_Universities/SEO_PAGES/UTS_University/Resuable_Testcases/Navigate_Homepage' successfully

22-10-2024T16:17:22 - [TEST_CASE][PASSED] - Test Cases/APAC_Universities/SEO_PAGES/UTS_University/Resuable_Testcases/Navigate_Homepage: Test Cases/APAC_Universities/SEO_PAGES/UTS_University/Resuable_Testcases/Navigate_Homepage

22-10-2024T16:17:22 - [TEST_STEP][PASSED] - waitForElementClickable(findTestObject("Object Repository/APAC_University/UTS_University/Button_Homepage"), 10): Object 'Object Repository/APAC_University/UTS_University/Button_Homepage' is clickable

22-10-2024T16:17:22 - [MESSAGE][PASSED] - Object 'Object Repository/APAC_University/UTS_University/Button_Homepage' is clickable

22-10-2024T16:17:22 - [TEST_STEP][PASSED] - click(findTestObject("Object Repository/APAC_University/UTS_University/Button_Homepage")): Object: 'Object Repository/APAC_University/UTS_University/Button_Homepage' is clicked on

22-10-2024T16:17:23 - [MESSAGE][PASSED] - Object: 'Object Repository/APAC_University/UTS_University/Button_Homepage' is clicked on

22-10-2024T16:17:23 - [MESSAGE][PASSED] - Call Test Case 'Test Cases/APAC_Universities/SEO_PAGES/UTS_University/Resuable_Testcases/Navigate_Homepage' successfully

22-10-2024T16:17:23 - [TEST_STEP][PASSED] - callTestCase(findTestCase("Test Cases/APAC_Universities/SEO_PAGES/UTS_University/Resuable_Testcases/Lead_Form"), [:], STOP_ON_FAILURE): Call Test Case 'Test Cases/APAC_Universities/SEO_PAGES/UTS_University/Resuable_Testcases/Lead_Form' successfully

22-10-2024T16:17:23 - [TEST_CASE][PASSED] - Test Cases/APAC_Universities/SEO_PAGES/UTS_University/Resuable_Testcases/Lead_Form: Test Cases/APAC_Universities/SEO_PAGES/UTS_University/Resuable_Testcases/Lead_Form

22-10-2024T16:17:23 - [TEST_STEP][PASSED] - program = findTestObject("Object Repository/APAC_University/UTS_University/Dropdown_Program"): null

22-10-2024T16:17:23 - [TEST_STEP][PASSED] - selectOptionByIndex(program, keyPathPackage.customKeywords.selectRandomOptionFromDropdown()): All options with index in [1] are selected on object 'Object Repository/APAC_University/UTS_University/Dropdown_Program'

22-10-2024T16:17:23 - [MESSAGE][PASSED] - keyPathPackage.customKeywords.selectRandomOptionFromDropdown is PASSED

22-10-2024T16:17:25 - [MESSAGE][PASSED] - All options with index in [1] are selected on object 'Object Repository/APAC_University/UTS_University/Dropdown_Program'

22-10-2024T16:17:25 - [TEST_STEP][PASSED] - FirstName = keyPathPackage.customKeywords.generateRandomFirstName(): keyPathPackage.customKeywords.generateRandomFirstName is PASSED

22-10-2024T16:17:25 - [MESSAGE][PASSED] - keyPathPackage.customKeywords.generateRandomFirstName is PASSED

22-10-2024T16:17:25 - [TEST_STEP][PASSED] - setText(findTestObject("Object Repository/APAC_University/UTS_University/Field_Firstname"), FirstName): Text 'Julee' is set on object 'Object Repository/APAC_University/UTS_University/Field_Firstname'

22-10-2024T16:17:26 - [MESSAGE][PASSED] - Text 'Julee' is set on object 'Object Repository/APAC_University/UTS_University/Field_Firstname'

22-10-2024T16:17:26 - [TEST_STEP][PASSED] - LastName = keyPathPackage.customKeywords.generateRandomLastName(): keyPathPackage.customKeywords.generateRandomLastName is PASSED

22-10-2024T16:17:26 - [MESSAGE][PASSED] - keyPathPackage.customKeywords.generateRandomLastName is PASSED

22-10-2024T16:17:26 - [TEST_STEP][PASSED] - setText(findTestObject("Object Repository/APAC_University/UTS_University/Field_Lastname"), LastName): Text 'Testing Beier' is set on object 'Object Repository/APAC_University/UTS_University/Field_Lastname'

22-10-2024T16:17:26 - [MESSAGE][PASSED] - Text 'Testing Beier' is set on object 'Object Repository/APAC_University/UTS_University/Field_Lastname'

22-10-2024T16:17:26 - [TEST_STEP][PASSED] - selectOptionByLabel(findTestObject("Object Repository/APAC_University/UTS_University/Dropdown_Registered_Nurse"), "Yes", false): All options with label 'Yes' are selected in object 'Object Repository/APAC_University/UTS_University/Dropdown_Registered_Nurse' 

22-10-2024T16:17:27 - [MESSAGE][PASSED] - All options with label 'Yes' are selected in object 'Object Repository/APAC_University/UTS_University/Dropdown_Registered_Nurse' 

22-10-2024T16:17:27 - [TEST_STEP][PASSED] - waitForElementClickable(findTestObject("Object Repository/APAC_University/UTS_University/Button_Nextstep1"), 10): Object 'Object Repository/APAC_University/UTS_University/Button_Nextstep1' is clickable

22-10-2024T16:17:27 - [MESSAGE][PASSED] - Object 'Object Repository/APAC_University/UTS_University/Button_Nextstep1' is clickable

22-10-2024T16:17:27 - [TEST_STEP][PASSED] - click(findTestObject("Object Repository/APAC_University/UTS_University/Button_Nextstep1")): Object: 'Object Repository/APAC_University/UTS_University/Button_Nextstep1' is clicked on

22-10-2024T16:17:27 - [MESSAGE][PASSED] - Object: 'Object Repository/APAC_University/UTS_University/Button_Nextstep1' is clicked on

22-10-2024T16:17:27 - [TEST_STEP][PASSED] - startdate = findTestObject("Object Repository/APAC_University/UTS_University/Dropdown_Startdate"): null

22-10-2024T16:17:27 - [TEST_STEP][PASSED] - selectOptionByIndex(startdate, keyPathPackage.customKeywords.selectRandomOptionFromDropdown()): All options with index in [2] are selected on object 'Object Repository/APAC_University/UTS_University/Dropdown_Startdate'

22-10-2024T16:17:27 - [MESSAGE][PASSED] - keyPathPackage.customKeywords.selectRandomOptionFromDropdown is PASSED

22-10-2024T16:17:28 - [MESSAGE][PASSED] - All options with index in [2] are selected on object 'Object Repository/APAC_University/UTS_University/Dropdown_Startdate'

22-10-2024T16:17:28 - [TEST_STEP][PASSED] - selectOptionByValue(findTestObject("Object Repository/APAC_University/UTS_University/Dropdown_Highereducation"), Education_Level, false): All options with value 'Postgraduate diploma' are selected in object 'Object Repository/APAC_University/UTS_University/Dropdown_Highereducation' 

22-10-2024T16:17:29 - [MESSAGE][PASSED] - All options with value 'Postgraduate diploma' are selected in object 'Object Repository/APAC_University/UTS_University/Dropdown_Highereducation' 

22-10-2024T16:17:29 - [TEST_STEP][PASSED] - Workexperience = findTestObject("Object Repository/APAC_University/UTS_University/Dropdown_Workexperience"): null

22-10-2024T16:17:29 - [TEST_STEP][PASSED] - selectOptionByIndex(Workexperience, keyPathPackage.customKeywords.selectRandomOptionFromDropdown()): All options with index in [2] are selected on object 'Object Repository/APAC_University/UTS_University/Dropdown_Workexperience'

22-10-2024T16:17:29 - [MESSAGE][PASSED] - keyPathPackage.customKeywords.selectRandomOptionFromDropdown is PASSED

22-10-2024T16:17:30 - [MESSAGE][PASSED] - All options with index in [2] are selected on object 'Object Repository/APAC_University/UTS_University/Dropdown_Workexperience'

22-10-2024T16:17:30 - [TEST_STEP][PASSED] - Enquiryreason = findTestObject("Object Repository/APAC_University/UTS_University/Dropdown_Enquiry"): null

22-10-2024T16:17:30 - [TEST_STEP][PASSED] - selectOptionByIndex(Enquiryreason, keyPathPackage.customKeywords.selectRandomOptionFromDropdown()): All options with index in [2] are selected on object 'Object Repository/APAC_University/UTS_University/Dropdown_Enquiry'

22-10-2024T16:17:30 - [MESSAGE][PASSED] - keyPathPackage.customKeywords.selectRandomOptionFromDropdown is PASSED

22-10-2024T16:17:30 - [MESSAGE][PASSED] - All options with index in [2] are selected on object 'Object Repository/APAC_University/UTS_University/Dropdown_Enquiry'

22-10-2024T16:17:30 - [TEST_STEP][PASSED] - selectOptionByLabel(findTestObject("Object Repository/APAC_University/UTS_University/Dropdown_Country"), "Australia", false): All options with label 'Australia' are selected in object 'Object Repository/APAC_University/UTS_University/Dropdown_Country' 

22-10-2024T16:17:31 - [MESSAGE][PASSED] - All options with label 'Australia' are selected in object 'Object Repository/APAC_University/UTS_University/Dropdown_Country' 

22-10-2024T16:17:31 - [TEST_STEP][PASSED] - waitForElementClickable(findTestObject("Object Repository/APAC_University/UTS_University/Button_NextStep2"), 10): Object 'Object Repository/APAC_University/UTS_University/Button_NextStep2' is clickable

22-10-2024T16:17:31 - [MESSAGE][PASSED] - Object 'Object Repository/APAC_University/UTS_University/Button_NextStep2' is clickable

22-10-2024T16:17:31 - [TEST_STEP][PASSED] - click(findTestObject("Object Repository/APAC_University/UTS_University/Button_NextStep2")): Object: 'Object Repository/APAC_University/UTS_University/Button_NextStep2' is clicked on

22-10-2024T16:17:31 - [MESSAGE][PASSED] - Object: 'Object Repository/APAC_University/UTS_University/Button_NextStep2' is clicked on

22-10-2024T16:17:31 - [TEST_STEP][PASSED] - Phonenumber = keyPathPackage.customKeywords.generateRandomAustralianPhoneNumber(): keyPathPackage.customKeywords.generateRandomAustralianPhoneNumber is PASSED

22-10-2024T16:17:31 - [MESSAGE][PASSED] - keyPathPackage.customKeywords.generateRandomAustralianPhoneNumber is PASSED

22-10-2024T16:17:31 - [TEST_STEP][PASSED] - setText(findTestObject("Object Repository/APAC_University/UTS_University/Field_Phonenumber"), Phonenumber): Text '0459994252' is set on object 'Object Repository/APAC_University/UTS_University/Field_Phonenumber'

22-10-2024T16:17:32 - [MESSAGE][PASSED] - Text '0459994252' is set on object 'Object Repository/APAC_University/UTS_University/Field_Phonenumber'

22-10-2024T16:17:32 - [TEST_STEP][PASSED] - Email = keyPathPackage.customKeywords.generateRandomEmail(): keyPathPackage.customKeywords.generateRandomEmail is PASSED

22-10-2024T16:17:32 - [MESSAGE][PASSED] - keyPathPackage.customKeywords.generateRandomEmail is PASSED

22-10-2024T16:17:32 - [TEST_STEP][PASSED] - setText(findTestObject("Object Repository/APAC_University/UTS_University/Field_Email"), Email): Text 'ronald.kunde@gmail.com' is set on object 'Object Repository/APAC_University/UTS_University/Field_Email'

22-10-2024T16:17:33 - [MESSAGE][PASSED] - Text 'ronald.kunde@gmail.com' is set on object 'Object Repository/APAC_University/UTS_University/Field_Email'

22-10-2024T16:17:33 - [TEST_STEP][PASSED] - Postcode = keyPathPackage.customKeywords.selectRandomPostCode(): keyPathPackage.customKeywords.selectRandomPostCode is PASSED

22-10-2024T16:17:33 - [MESSAGE][PASSED] - keyPathPackage.customKeywords.selectRandomPostCode is PASSED

22-10-2024T16:17:33 - [TEST_STEP][PASSED] - setText(findTestObject("Object Repository/APAC_University/UTS_University/Field_Postcode"), Postcode): Text '9457' is set on object 'Object Repository/APAC_University/UTS_University/Field_Postcode'

22-10-2024T16:17:33 - [MESSAGE][PASSED] - Text '9457' is set on object 'Object Repository/APAC_University/UTS_University/Field_Postcode'

22-10-2024T16:17:33 - [TEST_STEP][PASSED] - waitForElementClickable(findTestObject("Object Repository/APAC_University/UTS_University/Button_Request_a_Call"), 10): Object 'Object Repository/APAC_University/UTS_University/Button_Request_a_Call' is clickable

22-10-2024T16:17:34 - [MESSAGE][PASSED] - Object 'Object Repository/APAC_University/UTS_University/Button_Request_a_Call' is clickable

22-10-2024T16:17:34 - [TEST_STEP][PASSED] - click(findTestObject("Object Repository/APAC_University/UTS_University/Button_Request_a_Call")): Object: 'Object Repository/APAC_University/UTS_University/Button_Request_a_Call' is clicked on

22-10-2024T16:17:34 - [MESSAGE][PASSED] - Object: 'Object Repository/APAC_University/UTS_University/Button_Request_a_Call' is clicked on

22-10-2024T16:17:34 - [TEST_STEP][PASSED] - delay(5): Delayed 5 second(s)

22-10-2024T16:17:39 - [MESSAGE][PASSED] - Delayed 5 second(s)

22-10-2024T16:17:39 - [TEST_STEP][PASSED] - verifyElementText(findTestObject("Object Repository/APAC_University/UTS_University/Verify_Welcome_Message"), "Thank you for your enquiry"): Actual text and expected text of test object 'Object Repository/APAC_University/UTS_University/Verify_Welcome_Message' are matched.

22-10-2024T16:17:39 - [MESSAGE][PASSED] - Actual text and expected text of test object 'Object Repository/APAC_University/UTS_University/Verify_Welcome_Message' are matched.

22-10-2024T16:17:39 - [MESSAGE][PASSED] - Call Test Case 'Test Cases/APAC_Universities/SEO_PAGES/UTS_University/Resuable_Testcases/Lead_Form' successfully

22-10-2024T16:17:39 - [TEST_STEP][PASSED] - closeBrowser(): Browser is closed

22-10-2024T16:17:39 - [MESSAGE][PASSED] - Browser is closed]]></system-out>
         <system-err><![CDATA[]]></system-err>
      </testcase>
      <testcase name="Test Cases/APAC_Universities/SEO_PAGES/Edith_Cowan_University/Enquiry_Now" time="19.906" classname="Test Cases/APAC_Universities/SEO_PAGES/Edith_Cowan_University/Enquiry_Now" status="PASSED">
         <system-out><![CDATA[22-10-2024T16:17:39 - [TEST_CASE][PASSED] - Test Cases/APAC_Universities/SEO_PAGES/Edith_Cowan_University/Enquiry_Now: Test Cases/APAC_Universities/SEO_PAGES/Edith_Cowan_University/Enquiry_Now

22-10-2024T16:17:39 - [TEST_STEP][PASSED] - callTestCase(findTestCase("Test Cases/APAC_Universities/SEO_PAGES/Edith_Cowan_University/Reusable_Testcases/Navigate_URL"), [:], STOP_ON_FAILURE): Call Test Case 'Test Cases/APAC_Universities/SEO_PAGES/Edith_Cowan_University/Reusable_Testcases/Navigate_URL' successfully

22-10-2024T16:17:39 - [TEST_CASE][PASSED] - Test Cases/APAC_Universities/SEO_PAGES/Edith_Cowan_University/Reusable_Testcases/Navigate_URL: Test Cases/APAC_Universities/SEO_PAGES/Edith_Cowan_University/Reusable_Testcases/Navigate_URL

22-10-2024T16:17:39 - [TEST_STEP][PASSED] - openBrowser(""): Browser is opened with url: ''

22-10-2024T16:17:39 - [MESSAGE][INFO] - Starting 'Chrome' driver

22-10-2024T16:17:39 - [MESSAGE][INFO] - Action delay is set to 0 milliseconds

22-10-2024T16:17:40 - [MESSAGE][PASSED] - Browser is opened with url: ''

22-10-2024T16:17:40 - [TEST_STEP][PASSED] - navigateToUrl(University_ECU): Navigate to 'https://key:path@dev-ecu-opm.pantheonsite.io/' successfully

22-10-2024T16:17:42 - [MESSAGE][PASSED] - Navigate to 'https://key:path@dev-ecu-opm.pantheonsite.io/' successfully

22-10-2024T16:17:42 - [TEST_STEP][PASSED] - maximizeWindow(): Current window maximized

22-10-2024T16:17:42 - [MESSAGE][PASSED] - Current window maximized

22-10-2024T16:17:42 - [MESSAGE][PASSED] - Call Test Case 'Test Cases/APAC_Universities/SEO_PAGES/Edith_Cowan_University/Reusable_Testcases/Navigate_URL' successfully

22-10-2024T16:17:42 - [TEST_STEP][PASSED] - waitForElementClickable(findTestObject("Object Repository/APAC_University/Edith_Cowan_University/Button_Enquiry_Now"), 10): Object 'Object Repository/APAC_University/Edith_Cowan_University/Button_Enquiry_Now' is clickable

22-10-2024T16:17:43 - [MESSAGE][PASSED] - Object 'Object Repository/APAC_University/Edith_Cowan_University/Button_Enquiry_Now' is clickable

22-10-2024T16:17:43 - [TEST_STEP][PASSED] - click(findTestObject("Object Repository/APAC_University/Edith_Cowan_University/Button_Enquiry_Now")): Object: 'Object Repository/APAC_University/Edith_Cowan_University/Button_Enquiry_Now' is clicked on

22-10-2024T16:17:45 - [MESSAGE][PASSED] - Object: 'Object Repository/APAC_University/Edith_Cowan_University/Button_Enquiry_Now' is clicked on

22-10-2024T16:17:45 - [TEST_STEP][PASSED] - callTestCase(findTestCase("Test Cases/APAC_Universities/SEO_PAGES/Edith_Cowan_University/Reusable_Testcases/Lead_Form"), [:], STOP_ON_FAILURE): Call Test Case 'Test Cases/APAC_Universities/SEO_PAGES/Edith_Cowan_University/Reusable_Testcases/Lead_Form' successfully

22-10-2024T16:17:45 - [TEST_CASE][PASSED] - Test Cases/APAC_Universities/SEO_PAGES/Edith_Cowan_University/Reusable_Testcases/Lead_Form: Test Cases/APAC_Universities/SEO_PAGES/Edith_Cowan_University/Reusable_Testcases/Lead_Form

22-10-2024T16:17:46 - [TEST_STEP][PASSED] - program = findTestObject("Object Repository/APAC_University/Edith_Cowan_University/Dropdown_Program"): null

22-10-2024T16:17:46 - [TEST_STEP][PASSED] - selectOptionByIndex(program, keyPathPackage.customKeywords.selectRandomOptionFromDropdown()): All options with index in [2] are selected on object 'Object Repository/APAC_University/Edith_Cowan_University/Dropdown_Program'

22-10-2024T16:17:46 - [MESSAGE][PASSED] - keyPathPackage.customKeywords.selectRandomOptionFromDropdown is PASSED

22-10-2024T16:17:47 - [MESSAGE][PASSED] - All options with index in [2] are selected on object 'Object Repository/APAC_University/Edith_Cowan_University/Dropdown_Program'

22-10-2024T16:17:47 - [TEST_STEP][PASSED] - FirstName = keyPathPackage.customKeywords.generateRandomFirstName(): keyPathPackage.customKeywords.generateRandomFirstName is PASSED

22-10-2024T16:17:47 - [MESSAGE][PASSED] - keyPathPackage.customKeywords.generateRandomFirstName is PASSED

22-10-2024T16:17:47 - [TEST_STEP][PASSED] - setText(findTestObject("Object Repository/APAC_University/Edith_Cowan_University/Field_Firstname"), FirstName): Text 'Demarcus' is set on object 'Object Repository/APAC_University/Edith_Cowan_University/Field_Firstname'

22-10-2024T16:17:47 - [MESSAGE][PASSED] - Text 'Demarcus' is set on object 'Object Repository/APAC_University/Edith_Cowan_University/Field_Firstname'

22-10-2024T16:17:47 - [TEST_STEP][PASSED] - LastName = keyPathPackage.customKeywords.generateRandomLastName(): keyPathPackage.customKeywords.generateRandomLastName is PASSED

22-10-2024T16:17:47 - [MESSAGE][PASSED] - keyPathPackage.customKeywords.generateRandomLastName is PASSED

22-10-2024T16:17:47 - [TEST_STEP][PASSED] - setText(findTestObject("Object Repository/APAC_University/Edith_Cowan_University/Field_Lastname"), LastName): Text 'Testing Nolan' is set on object 'Object Repository/APAC_University/Edith_Cowan_University/Field_Lastname'

22-10-2024T16:17:48 - [MESSAGE][PASSED] - Text 'Testing Nolan' is set on object 'Object Repository/APAC_University/Edith_Cowan_University/Field_Lastname'

22-10-2024T16:17:48 - [TEST_STEP][PASSED] - waitForElementClickable(findTestObject("Object Repository/APAC_University/Edith_Cowan_University/Button_NextStep2"), 10): Object 'Object Repository/APAC_University/Edith_Cowan_University/Button_NextStep2' is clickable

22-10-2024T16:17:48 - [MESSAGE][PASSED] - Object 'Object Repository/APAC_University/Edith_Cowan_University/Button_NextStep2' is clickable

22-10-2024T16:17:48 - [TEST_STEP][PASSED] - click(findTestObject("Object Repository/APAC_University/Edith_Cowan_University/Button_NextStep2")): Object: 'Object Repository/APAC_University/Edith_Cowan_University/Button_NextStep2' is clicked on

22-10-2024T16:17:48 - [MESSAGE][PASSED] - Object: 'Object Repository/APAC_University/Edith_Cowan_University/Button_NextStep2' is clicked on

22-10-2024T16:17:48 - [TEST_STEP][PASSED] - startdate = findTestObject("Object Repository/APAC_University/Edith_Cowan_University/Dropdown_Startdate"): null

22-10-2024T16:17:48 - [TEST_STEP][PASSED] - selectOptionByIndex(startdate, keyPathPackage.customKeywords.selectRandomOptionFromDropdown()): All options with index in [2] are selected on object 'Object Repository/APAC_University/Edith_Cowan_University/Dropdown_Startdate'

22-10-2024T16:17:48 - [MESSAGE][PASSED] - keyPathPackage.customKeywords.selectRandomOptionFromDropdown is PASSED

22-10-2024T16:17:49 - [MESSAGE][PASSED] - All options with index in [2] are selected on object 'Object Repository/APAC_University/Edith_Cowan_University/Dropdown_Startdate'

22-10-2024T16:17:49 - [TEST_STEP][PASSED] - Enquiryreason = findTestObject("Object Repository/APAC_University/Edith_Cowan_University/Dropdown_Enquiry"): null

22-10-2024T16:17:49 - [TEST_STEP][PASSED] - selectOptionByIndex(Enquiryreason, keyPathPackage.customKeywords.selectRandomOptionFromDropdown()): All options with index in [2] are selected on object 'Object Repository/APAC_University/Edith_Cowan_University/Dropdown_Enquiry'

22-10-2024T16:17:49 - [MESSAGE][PASSED] - keyPathPackage.customKeywords.selectRandomOptionFromDropdown is PASSED

22-10-2024T16:17:50 - [MESSAGE][PASSED] - All options with index in [2] are selected on object 'Object Repository/APAC_University/Edith_Cowan_University/Dropdown_Enquiry'

22-10-2024T16:17:50 - [TEST_STEP][PASSED] - selectOptionByValue(findTestObject("Object Repository/APAC_University/Edith_Cowan_University/Dropdown_Highereducation"), Education_Level, false): All options with value 'Postgraduate diploma' are selected in object 'Object Repository/APAC_University/Edith_Cowan_University/Dropdown_Highereducation' 

22-10-2024T16:17:50 - [MESSAGE][PASSED] - All options with value 'Postgraduate diploma' are selected in object 'Object Repository/APAC_University/Edith_Cowan_University/Dropdown_Highereducation' 

22-10-2024T16:17:50 - [TEST_STEP][PASSED] - Workexperience = findTestObject("Object Repository/APAC_University/Edith_Cowan_University/Dropdown_Workexperience"): null

22-10-2024T16:17:50 - [TEST_STEP][PASSED] - selectOptionByIndex(Workexperience, keyPathPackage.customKeywords.selectRandomOptionFromDropdown()): All options with index in [2] are selected on object 'Object Repository/APAC_University/Edith_Cowan_University/Dropdown_Workexperience'

22-10-2024T16:17:50 - [MESSAGE][PASSED] - keyPathPackage.customKeywords.selectRandomOptionFromDropdown is PASSED

22-10-2024T16:17:51 - [MESSAGE][PASSED] - All options with index in [2] are selected on object 'Object Repository/APAC_University/Edith_Cowan_University/Dropdown_Workexperience'

22-10-2024T16:17:51 - [TEST_STEP][PASSED] - waitForElementClickable(findTestObject("Object Repository/APAC_University/Edith_Cowan_University/Button_NextStep3"), 10): Object 'Object Repository/APAC_University/Edith_Cowan_University/Button_NextStep3' is clickable

22-10-2024T16:17:51 - [MESSAGE][PASSED] - Object 'Object Repository/APAC_University/Edith_Cowan_University/Button_NextStep3' is clickable

22-10-2024T16:17:51 - [TEST_STEP][PASSED] - click(findTestObject("Object Repository/APAC_University/Edith_Cowan_University/Button_NextStep3")): Object: 'Object Repository/APAC_University/Edith_Cowan_University/Button_NextStep3' is clicked on

22-10-2024T16:17:51 - [MESSAGE][PASSED] - Object: 'Object Repository/APAC_University/Edith_Cowan_University/Button_NextStep3' is clicked on

22-10-2024T16:17:51 - [TEST_STEP][PASSED] - Phonenumber = keyPathPackage.customKeywords.generateRandomAustralianPhoneNumber(): keyPathPackage.customKeywords.generateRandomAustralianPhoneNumber is PASSED

22-10-2024T16:17:51 - [MESSAGE][PASSED] - keyPathPackage.customKeywords.generateRandomAustralianPhoneNumber is PASSED

22-10-2024T16:17:51 - [TEST_STEP][PASSED] - setText(findTestObject("Object Repository/APAC_University/Edith_Cowan_University/Field_Phonenumber"), Phonenumber): Text '0477754103' is set on object 'Object Repository/APAC_University/Edith_Cowan_University/Field_Phonenumber'

22-10-2024T16:17:52 - [MESSAGE][PASSED] - Text '0477754103' is set on object 'Object Repository/APAC_University/Edith_Cowan_University/Field_Phonenumber'

22-10-2024T16:17:52 - [TEST_STEP][PASSED] - Email = keyPathPackage.customKeywords.generateRandomEmail(): keyPathPackage.customKeywords.generateRandomEmail is PASSED

22-10-2024T16:17:52 - [MESSAGE][PASSED] - keyPathPackage.customKeywords.generateRandomEmail is PASSED

22-10-2024T16:17:52 - [TEST_STEP][PASSED] - setText(findTestObject("Object Repository/APAC_University/Edith_Cowan_University/Field_Email"), Email): Text 'karon.hegmann@hotmail.com' is set on object 'Object Repository/APAC_University/Edith_Cowan_University/Field_Email'

22-10-2024T16:17:53 - [MESSAGE][PASSED] - Text 'karon.hegmann@hotmail.com' is set on object 'Object Repository/APAC_University/Edith_Cowan_University/Field_Email'

22-10-2024T16:17:53 - [TEST_STEP][PASSED] - Postcode = keyPathPackage.customKeywords.selectRandomPostCode(): keyPathPackage.customKeywords.selectRandomPostCode is PASSED

22-10-2024T16:17:53 - [MESSAGE][PASSED] - keyPathPackage.customKeywords.selectRandomPostCode is PASSED

22-10-2024T16:17:53 - [TEST_STEP][PASSED] - setText(findTestObject("Object Repository/APAC_University/Edith_Cowan_University/Field_Postcode"), Postcode): Text '6920' is set on object 'Object Repository/APAC_University/Edith_Cowan_University/Field_Postcode'

22-10-2024T16:17:53 - [MESSAGE][PASSED] - Text '6920' is set on object 'Object Repository/APAC_University/Edith_Cowan_University/Field_Postcode'

22-10-2024T16:17:53 - [TEST_STEP][PASSED] - waitForElementClickable(findTestObject("Object Repository/APAC_University/Edith_Cowan_University/Button_Submit"), 10): Object 'Object Repository/APAC_University/Edith_Cowan_University/Button_Submit' is clickable

22-10-2024T16:17:54 - [MESSAGE][PASSED] - Object 'Object Repository/APAC_University/Edith_Cowan_University/Button_Submit' is clickable

22-10-2024T16:17:54 - [TEST_STEP][PASSED] - click(findTestObject("Object Repository/APAC_University/Edith_Cowan_University/Button_Submit")): Object: 'Object Repository/APAC_University/Edith_Cowan_University/Button_Submit' is clicked on

22-10-2024T16:17:54 - [MESSAGE][PASSED] - Object: 'Object Repository/APAC_University/Edith_Cowan_University/Button_Submit' is clicked on

22-10-2024T16:17:54 - [TEST_STEP][PASSED] - delay(5): Delayed 5 second(s)

22-10-2024T16:17:59 - [MESSAGE][PASSED] - Delayed 5 second(s)

22-10-2024T16:17:59 - [TEST_STEP][PASSED] - verifyElementText(findTestObject("Object Repository/APAC_University/Edith_Cowan_University/Verify_Content"), "Thanks for your enquiry"): Actual text and expected text of test object 'Object Repository/APAC_University/Edith_Cowan_University/Verify_Content' are matched.

22-10-2024T16:17:59 - [MESSAGE][PASSED] - Actual text and expected text of test object 'Object Repository/APAC_University/Edith_Cowan_University/Verify_Content' are matched.

22-10-2024T16:17:59 - [MESSAGE][PASSED] - Call Test Case 'Test Cases/APAC_Universities/SEO_PAGES/Edith_Cowan_University/Reusable_Testcases/Lead_Form' successfully]]></system-out>
         <system-err><![CDATA[]]></system-err>
      </testcase>
      <testcase name="Test Cases/APAC_Universities/SEO_PAGES/Edith_Cowan_University/Main_Page" time="15.857" classname="Test Cases/APAC_Universities/SEO_PAGES/Edith_Cowan_University/Main_Page" status="PASSED">
         <system-out><![CDATA[22-10-2024T16:17:59 - [TEST_CASE][PASSED] - Test Cases/APAC_Universities/SEO_PAGES/Edith_Cowan_University/Main_Page: Test Cases/APAC_Universities/SEO_PAGES/Edith_Cowan_University/Main_Page

22-10-2024T16:17:59 - [TEST_STEP][PASSED] - callTestCase(findTestCase("Test Cases/APAC_Universities/SEO_PAGES/Edith_Cowan_University/Reusable_Testcases/Navigate_HomePage"), [:], STOP_ON_FAILURE): Call Test Case 'Test Cases/APAC_Universities/SEO_PAGES/Edith_Cowan_University/Reusable_Testcases/Navigate_HomePage' successfully

22-10-2024T16:17:59 - [TEST_CASE][PASSED] - Test Cases/APAC_Universities/SEO_PAGES/Edith_Cowan_University/Reusable_Testcases/Navigate_HomePage: Test Cases/APAC_Universities/SEO_PAGES/Edith_Cowan_University/Reusable_Testcases/Navigate_HomePage

22-10-2024T16:17:59 - [TEST_STEP][PASSED] - waitForElementClickable(findTestObject("Object Repository/APAC_University/Edith_Cowan_University/Image_Homepage"), 10): Object 'Object Repository/APAC_University/Edith_Cowan_University/Image_Homepage' is clickable

22-10-2024T16:17:59 - [MESSAGE][PASSED] - Object 'Object Repository/APAC_University/Edith_Cowan_University/Image_Homepage' is clickable

22-10-2024T16:17:59 - [TEST_STEP][PASSED] - click(findTestObject("Object Repository/APAC_University/Edith_Cowan_University/Image_Homepage")): Object: 'Object Repository/APAC_University/Edith_Cowan_University/Image_Homepage' is clicked on

22-10-2024T16:18:00 - [MESSAGE][PASSED] - Object: 'Object Repository/APAC_University/Edith_Cowan_University/Image_Homepage' is clicked on

22-10-2024T16:18:00 - [MESSAGE][PASSED] - Call Test Case 'Test Cases/APAC_Universities/SEO_PAGES/Edith_Cowan_University/Reusable_Testcases/Navigate_HomePage' successfully

22-10-2024T16:18:00 - [TEST_STEP][PASSED] - callTestCase(findTestCase("Test Cases/APAC_Universities/SEO_PAGES/Edith_Cowan_University/Reusable_Testcases/Lead_Form"), [:], STOP_ON_FAILURE): Call Test Case 'Test Cases/APAC_Universities/SEO_PAGES/Edith_Cowan_University/Reusable_Testcases/Lead_Form' successfully

22-10-2024T16:18:00 - [TEST_CASE][PASSED] - Test Cases/APAC_Universities/SEO_PAGES/Edith_Cowan_University/Reusable_Testcases/Lead_Form: Test Cases/APAC_Universities/SEO_PAGES/Edith_Cowan_University/Reusable_Testcases/Lead_Form

22-10-2024T16:18:00 - [TEST_STEP][PASSED] - program = findTestObject("Object Repository/APAC_University/Edith_Cowan_University/Dropdown_Program"): null

22-10-2024T16:18:00 - [TEST_STEP][PASSED] - selectOptionByIndex(program, keyPathPackage.customKeywords.selectRandomOptionFromDropdown()): All options with index in [2] are selected on object 'Object Repository/APAC_University/Edith_Cowan_University/Dropdown_Program'

22-10-2024T16:18:00 - [MESSAGE][PASSED] - keyPathPackage.customKeywords.selectRandomOptionFromDropdown is PASSED

22-10-2024T16:18:02 - [MESSAGE][PASSED] - All options with index in [2] are selected on object 'Object Repository/APAC_University/Edith_Cowan_University/Dropdown_Program'

22-10-2024T16:18:02 - [TEST_STEP][PASSED] - FirstName = keyPathPackage.customKeywords.generateRandomFirstName(): keyPathPackage.customKeywords.generateRandomFirstName is PASSED

22-10-2024T16:18:02 - [MESSAGE][PASSED] - keyPathPackage.customKeywords.generateRandomFirstName is PASSED

22-10-2024T16:18:02 - [TEST_STEP][PASSED] - setText(findTestObject("Object Repository/APAC_University/Edith_Cowan_University/Field_Firstname"), FirstName): Text 'Erik' is set on object 'Object Repository/APAC_University/Edith_Cowan_University/Field_Firstname'

22-10-2024T16:18:03 - [MESSAGE][PASSED] - Text 'Erik' is set on object 'Object Repository/APAC_University/Edith_Cowan_University/Field_Firstname'

22-10-2024T16:18:03 - [TEST_STEP][PASSED] - LastName = keyPathPackage.customKeywords.generateRandomLastName(): keyPathPackage.customKeywords.generateRandomLastName is PASSED

22-10-2024T16:18:03 - [MESSAGE][PASSED] - keyPathPackage.customKeywords.generateRandomLastName is PASSED

22-10-2024T16:18:03 - [TEST_STEP][PASSED] - setText(findTestObject("Object Repository/APAC_University/Edith_Cowan_University/Field_Lastname"), LastName): Text 'Testing Auer' is set on object 'Object Repository/APAC_University/Edith_Cowan_University/Field_Lastname'

22-10-2024T16:18:03 - [MESSAGE][PASSED] - Text 'Testing Auer' is set on object 'Object Repository/APAC_University/Edith_Cowan_University/Field_Lastname'

22-10-2024T16:18:03 - [TEST_STEP][PASSED] - waitForElementClickable(findTestObject("Object Repository/APAC_University/Edith_Cowan_University/Button_NextStep2"), 10): Object 'Object Repository/APAC_University/Edith_Cowan_University/Button_NextStep2' is clickable

22-10-2024T16:18:04 - [MESSAGE][PASSED] - Object 'Object Repository/APAC_University/Edith_Cowan_University/Button_NextStep2' is clickable

22-10-2024T16:18:04 - [TEST_STEP][PASSED] - click(findTestObject("Object Repository/APAC_University/Edith_Cowan_University/Button_NextStep2")): Object: 'Object Repository/APAC_University/Edith_Cowan_University/Button_NextStep2' is clicked on

22-10-2024T16:18:04 - [MESSAGE][PASSED] - Object: 'Object Repository/APAC_University/Edith_Cowan_University/Button_NextStep2' is clicked on

22-10-2024T16:18:04 - [TEST_STEP][PASSED] - startdate = findTestObject("Object Repository/APAC_University/Edith_Cowan_University/Dropdown_Startdate"): null

22-10-2024T16:18:04 - [TEST_STEP][PASSED] - selectOptionByIndex(startdate, keyPathPackage.customKeywords.selectRandomOptionFromDropdown()): All options with index in [1] are selected on object 'Object Repository/APAC_University/Edith_Cowan_University/Dropdown_Startdate'

22-10-2024T16:18:04 - [MESSAGE][PASSED] - keyPathPackage.customKeywords.selectRandomOptionFromDropdown is PASSED

22-10-2024T16:18:05 - [MESSAGE][PASSED] - All options with index in [1] are selected on object 'Object Repository/APAC_University/Edith_Cowan_University/Dropdown_Startdate'

22-10-2024T16:18:05 - [TEST_STEP][PASSED] - Enquiryreason = findTestObject("Object Repository/APAC_University/Edith_Cowan_University/Dropdown_Enquiry"): null

22-10-2024T16:18:05 - [TEST_STEP][PASSED] - selectOptionByIndex(Enquiryreason, keyPathPackage.customKeywords.selectRandomOptionFromDropdown()): All options with index in [2] are selected on object 'Object Repository/APAC_University/Edith_Cowan_University/Dropdown_Enquiry'

22-10-2024T16:18:05 - [MESSAGE][PASSED] - keyPathPackage.customKeywords.selectRandomOptionFromDropdown is PASSED

22-10-2024T16:18:06 - [MESSAGE][PASSED] - All options with index in [2] are selected on object 'Object Repository/APAC_University/Edith_Cowan_University/Dropdown_Enquiry'

22-10-2024T16:18:06 - [TEST_STEP][PASSED] - selectOptionByValue(findTestObject("Object Repository/APAC_University/Edith_Cowan_University/Dropdown_Highereducation"), Education_Level, false): All options with value 'Postgraduate diploma' are selected in object 'Object Repository/APAC_University/Edith_Cowan_University/Dropdown_Highereducation' 

22-10-2024T16:18:06 - [MESSAGE][PASSED] - All options with value 'Postgraduate diploma' are selected in object 'Object Repository/APAC_University/Edith_Cowan_University/Dropdown_Highereducation' 

22-10-2024T16:18:06 - [TEST_STEP][PASSED] - Workexperience = findTestObject("Object Repository/APAC_University/Edith_Cowan_University/Dropdown_Workexperience"): null

22-10-2024T16:18:06 - [TEST_STEP][PASSED] - selectOptionByIndex(Workexperience, keyPathPackage.customKeywords.selectRandomOptionFromDropdown()): All options with index in [2] are selected on object 'Object Repository/APAC_University/Edith_Cowan_University/Dropdown_Workexperience'

22-10-2024T16:18:06 - [MESSAGE][PASSED] - keyPathPackage.customKeywords.selectRandomOptionFromDropdown is PASSED

22-10-2024T16:18:07 - [MESSAGE][PASSED] - All options with index in [2] are selected on object 'Object Repository/APAC_University/Edith_Cowan_University/Dropdown_Workexperience'

22-10-2024T16:18:07 - [TEST_STEP][PASSED] - waitForElementClickable(findTestObject("Object Repository/APAC_University/Edith_Cowan_University/Button_NextStep3"), 10): Object 'Object Repository/APAC_University/Edith_Cowan_University/Button_NextStep3' is clickable

22-10-2024T16:18:07 - [MESSAGE][PASSED] - Object 'Object Repository/APAC_University/Edith_Cowan_University/Button_NextStep3' is clickable

22-10-2024T16:18:07 - [TEST_STEP][PASSED] - click(findTestObject("Object Repository/APAC_University/Edith_Cowan_University/Button_NextStep3")): Object: 'Object Repository/APAC_University/Edith_Cowan_University/Button_NextStep3' is clicked on

22-10-2024T16:18:07 - [MESSAGE][PASSED] - Object: 'Object Repository/APAC_University/Edith_Cowan_University/Button_NextStep3' is clicked on

22-10-2024T16:18:07 - [TEST_STEP][PASSED] - Phonenumber = keyPathPackage.customKeywords.generateRandomAustralianPhoneNumber(): keyPathPackage.customKeywords.generateRandomAustralianPhoneNumber is PASSED

22-10-2024T16:18:07 - [MESSAGE][PASSED] - keyPathPackage.customKeywords.generateRandomAustralianPhoneNumber is PASSED

22-10-2024T16:18:07 - [TEST_STEP][PASSED] - setText(findTestObject("Object Repository/APAC_University/Edith_Cowan_University/Field_Phonenumber"), Phonenumber): Text '0447978858' is set on object 'Object Repository/APAC_University/Edith_Cowan_University/Field_Phonenumber'

22-10-2024T16:18:08 - [MESSAGE][PASSED] - Text '0447978858' is set on object 'Object Repository/APAC_University/Edith_Cowan_University/Field_Phonenumber'

22-10-2024T16:18:08 - [TEST_STEP][PASSED] - Email = keyPathPackage.customKeywords.generateRandomEmail(): keyPathPackage.customKeywords.generateRandomEmail is PASSED

22-10-2024T16:18:08 - [MESSAGE][PASSED] - keyPathPackage.customKeywords.generateRandomEmail is PASSED

22-10-2024T16:18:08 - [TEST_STEP][PASSED] - setText(findTestObject("Object Repository/APAC_University/Edith_Cowan_University/Field_Email"), Email): Text 'simon.marvin@gmail.com' is set on object 'Object Repository/APAC_University/Edith_Cowan_University/Field_Email'

22-10-2024T16:18:09 - [MESSAGE][PASSED] - Text 'simon.marvin@gmail.com' is set on object 'Object Repository/APAC_University/Edith_Cowan_University/Field_Email'

22-10-2024T16:18:09 - [TEST_STEP][PASSED] - Postcode = keyPathPackage.customKeywords.selectRandomPostCode(): keyPathPackage.customKeywords.selectRandomPostCode is PASSED

22-10-2024T16:18:09 - [MESSAGE][PASSED] - keyPathPackage.customKeywords.selectRandomPostCode is PASSED

22-10-2024T16:18:09 - [TEST_STEP][PASSED] - setText(findTestObject("Object Repository/APAC_University/Edith_Cowan_University/Field_Postcode"), Postcode): Text '1285' is set on object 'Object Repository/APAC_University/Edith_Cowan_University/Field_Postcode'

22-10-2024T16:18:09 - [MESSAGE][PASSED] - Text '1285' is set on object 'Object Repository/APAC_University/Edith_Cowan_University/Field_Postcode'

22-10-2024T16:18:09 - [TEST_STEP][PASSED] - waitForElementClickable(findTestObject("Object Repository/APAC_University/Edith_Cowan_University/Button_Submit"), 10): Object 'Object Repository/APAC_University/Edith_Cowan_University/Button_Submit' is clickable

22-10-2024T16:18:09 - [MESSAGE][PASSED] - Object 'Object Repository/APAC_University/Edith_Cowan_University/Button_Submit' is clickable

22-10-2024T16:18:09 - [TEST_STEP][PASSED] - click(findTestObject("Object Repository/APAC_University/Edith_Cowan_University/Button_Submit")): Object: 'Object Repository/APAC_University/Edith_Cowan_University/Button_Submit' is clicked on

22-10-2024T16:18:10 - [MESSAGE][PASSED] - Object: 'Object Repository/APAC_University/Edith_Cowan_University/Button_Submit' is clicked on

22-10-2024T16:18:10 - [TEST_STEP][PASSED] - delay(5): Delayed 5 second(s)

22-10-2024T16:18:15 - [MESSAGE][PASSED] - Delayed 5 second(s)

22-10-2024T16:18:15 - [TEST_STEP][PASSED] - verifyElementText(findTestObject("Object Repository/APAC_University/Edith_Cowan_University/Verify_Content"), "Thanks for your enquiry"): Actual text and expected text of test object 'Object Repository/APAC_University/Edith_Cowan_University/Verify_Content' are matched.

22-10-2024T16:18:15 - [MESSAGE][PASSED] - Actual text and expected text of test object 'Object Repository/APAC_University/Edith_Cowan_University/Verify_Content' are matched.

22-10-2024T16:18:15 - [MESSAGE][PASSED] - Call Test Case 'Test Cases/APAC_Universities/SEO_PAGES/Edith_Cowan_University/Reusable_Testcases/Lead_Form' successfully

22-10-2024T16:18:15 - [TEST_STEP][PASSED] - closeBrowser(): Browser is closed

22-10-2024T16:18:15 - [MESSAGE][PASSED] - Browser is closed]]></system-out>
         <system-err><![CDATA[]]></system-err>
      </testcase>
      <testcase name="Test Cases/APAC_Universities/SEO_PAGES/MBS_University/Degree_Programs" time="23.863" classname="Test Cases/APAC_Universities/SEO_PAGES/MBS_University/Degree_Programs" status="PASSED">
         <system-out><![CDATA[22-10-2024T16:18:15 - [TEST_CASE][PASSED] - Test Cases/APAC_Universities/SEO_PAGES/MBS_University/Degree_Programs: Test Cases/APAC_Universities/SEO_PAGES/MBS_University/Degree_Programs

22-10-2024T16:18:15 - [TEST_STEP][PASSED] - callTestCase(findTestCase("Test Cases/APAC_Universities/SEO_PAGES/MBS_University/Resuable_Testcases/Navigate_URL"), [:], STOP_ON_FAILURE): Call Test Case 'Test Cases/APAC_Universities/SEO_PAGES/MBS_University/Resuable_Testcases/Navigate_URL' successfully

22-10-2024T16:18:15 - [TEST_CASE][PASSED] - Test Cases/APAC_Universities/SEO_PAGES/MBS_University/Resuable_Testcases/Navigate_URL: Test Cases/APAC_Universities/SEO_PAGES/MBS_University/Resuable_Testcases/Navigate_URL

22-10-2024T16:18:15 - [TEST_STEP][PASSED] - openBrowser(""): Browser is opened with url: ''

22-10-2024T16:18:15 - [MESSAGE][INFO] - Starting 'Chrome' driver

22-10-2024T16:18:15 - [MESSAGE][INFO] - Action delay is set to 0 milliseconds

22-10-2024T16:18:16 - [MESSAGE][PASSED] - Browser is opened with url: ''

22-10-2024T16:18:16 - [TEST_STEP][PASSED] - navigateToUrl(University_MBS): Navigate to 'https://key:path@dev-mbs-mkt.pantheonsite.io/' successfully

22-10-2024T16:18:16 - [MESSAGE][PASSED] - Navigate to 'https://key:path@dev-mbs-mkt.pantheonsite.io/' successfully

22-10-2024T16:18:16 - [TEST_STEP][PASSED] - maximizeWindow(): Current window maximized

22-10-2024T16:18:18 - [MESSAGE][PASSED] - Current window maximized

22-10-2024T16:18:18 - [MESSAGE][PASSED] - Call Test Case 'Test Cases/APAC_Universities/SEO_PAGES/MBS_University/Resuable_Testcases/Navigate_URL' successfully

22-10-2024T16:18:18 - [TEST_STEP][PASSED] - buttonObject = findTestObject("Object Repository/APAC_University/MBS_University/Degree Program/List_DegreePrograms"): null

22-10-2024T16:18:18 - [TEST_STEP][PASSED] - mouseOver(buttonObject): Object: 'Object Repository/APAC_University/MBS_University/Degree Program/List_DegreePrograms' is hovered

22-10-2024T16:18:18 - [MESSAGE][PASSED] - Object: 'Object Repository/APAC_University/MBS_University/Degree Program/List_DegreePrograms' is hovered

22-10-2024T16:18:18 - [TEST_STEP][PASSED] - list1 = findTestObject("Object Repository/APAC_University/MBS_University/Degree Program/DegreePrograms_ListOne"): null

22-10-2024T16:18:18 - [TEST_STEP][PASSED] - list2 = findTestObject("Object Repository/APAC_University/MBS_University/Degree Program/DegreePrograms_Listtwo"): null

22-10-2024T16:18:18 - [TEST_STEP][PASSED] - list3 = findTestObject("Object Repository/APAC_University/MBS_University/Degree Program/DegreePrograms_Listthree"): null

22-10-2024T16:18:18 - [TEST_STEP][PASSED] - list4 = findTestObject("Object Repository/APAC_University/MBS_University/Degree Program/DegreePrograms_Listfour"): null

22-10-2024T16:18:18 - [TEST_STEP][PASSED] - lists = [list1, list2, list3, list4]: null

22-10-2024T16:18:18 - [TEST_STEP][PASSED] - rand = new java.util.Random(): null

22-10-2024T16:18:18 - [TEST_STEP][PASSED] - randomListIndex = rand.nextInt(lists.size()): null

22-10-2024T16:18:18 - [TEST_STEP][PASSED] - selectedList = lists.get(randomListIndex): null

22-10-2024T16:18:18 - [TEST_STEP][PASSED] - waitForElementVisible(selectedList, 10): Object 'Object Repository/APAC_University/MBS_University/Degree Program/DegreePrograms_Listthree' is visible

22-10-2024T16:18:20 - [MESSAGE][PASSED] - Object 'Object Repository/APAC_University/MBS_University/Degree Program/DegreePrograms_Listthree' is visible

22-10-2024T16:18:20 - [TEST_STEP][PASSED] - listItems = findWebElements(selectedList, 30): Found web elements by test object Object Repository/APAC_University/MBS_University/Degree Program/DegreePrograms_Listthree

22-10-2024T16:18:21 - [MESSAGE][PASSED] - Found web elements by test object Object Repository/APAC_University/MBS_University/Degree Program/DegreePrograms_Listthree

22-10-2024T16:18:21 - [TEST_STEP][PASSED] - if (listItems.size() > 0): null

22-10-2024T16:18:21 - [TEST_STEP][PASSED] - randomItemIndex = rand.nextInt(listItems.size()): null

22-10-2024T16:18:21 - [TEST_STEP][PASSED] - randomItem = listItems.get(randomItemIndex): null

22-10-2024T16:18:21 - [TEST_STEP][PASSED] - randomItem.click(): null

22-10-2024T16:18:24 - [TEST_STEP][PASSED] - FirstName = keyPathPackage.customKeywords.generateRandomFirstName(): keyPathPackage.customKeywords.generateRandomFirstName is PASSED

22-10-2024T16:18:24 - [MESSAGE][PASSED] - keyPathPackage.customKeywords.generateRandomFirstName is PASSED

22-10-2024T16:18:24 - [TEST_STEP][PASSED] - setText(findTestObject("Object Repository/APAC_University/MBS_University/Degree Program/Field_Firstname"), FirstName): Text 'Jeremiah' is set on object 'Object Repository/APAC_University/MBS_University/Degree Program/Field_Firstname'

22-10-2024T16:18:27 - [MESSAGE][PASSED] - Text 'Jeremiah' is set on object 'Object Repository/APAC_University/MBS_University/Degree Program/Field_Firstname'

22-10-2024T16:18:27 - [TEST_STEP][PASSED] - LastName = keyPathPackage.customKeywords.generateRandomLastName(): keyPathPackage.customKeywords.generateRandomLastName is PASSED

22-10-2024T16:18:27 - [MESSAGE][PASSED] - keyPathPackage.customKeywords.generateRandomLastName is PASSED

22-10-2024T16:18:27 - [TEST_STEP][PASSED] - setText(findTestObject("Object Repository/APAC_University/MBS_University/Degree Program/Field_Lastname"), LastName): Text 'Testing Wolff' is set on object 'Object Repository/APAC_University/MBS_University/Degree Program/Field_Lastname'

22-10-2024T16:18:27 - [MESSAGE][PASSED] - Text 'Testing Wolff' is set on object 'Object Repository/APAC_University/MBS_University/Degree Program/Field_Lastname'

22-10-2024T16:18:27 - [TEST_STEP][PASSED] - click(findTestObject("Object Repository/APAC_University/MBS_University/Degree Program/Button_NextStep2")): Object: 'Object Repository/APAC_University/MBS_University/Degree Program/Button_NextStep2' is clicked on

22-10-2024T16:18:28 - [MESSAGE][PASSED] - Object: 'Object Repository/APAC_University/MBS_University/Degree Program/Button_NextStep2' is clicked on

22-10-2024T16:18:28 - [TEST_STEP][PASSED] - dropdown = findTestObject("Object Repository/APAC_University/MBS_University/Degree Program/Dropdown_Bachelor_Experience"): null

22-10-2024T16:18:28 - [TEST_STEP][PASSED] - options = ["yes", "no"]: null

22-10-2024T16:18:28 - [TEST_STEP][PASSED] - randomOption = options[Random().nextInt(length)]: null

22-10-2024T16:18:28 - [TEST_STEP][PASSED] - selectOptionByValue(dropdown, randomOption, true): All options with value 'yes' are selected in object 'Object Repository/APAC_University/MBS_University/Degree Program/Dropdown_Bachelor_Experience'  using regular expression

22-10-2024T16:18:30 - [MESSAGE][PASSED] - All options with value 'yes' are selected in object 'Object Repository/APAC_University/MBS_University/Degree Program/Dropdown_Bachelor_Experience'  using regular expression

22-10-2024T16:18:30 - [TEST_STEP][PASSED] - if (randomOption.equals("no")): null

22-10-2024T16:18:30 - [TEST_STEP][PASSED] - startdate = findTestObject("Object Repository/APAC_University/MBS_University/Degree Program/Dropdown_Startdate"): null

22-10-2024T16:18:30 - [TEST_STEP][PASSED] - selectOptionByIndex(startdate, keyPathPackage.customKeywords.selectRandomOptionFromDropdown()): All options with index in [2] are selected on object 'Object Repository/APAC_University/MBS_University/Degree Program/Dropdown_Startdate'

22-10-2024T16:18:30 - [MESSAGE][PASSED] - keyPathPackage.customKeywords.selectRandomOptionFromDropdown is PASSED

22-10-2024T16:18:31 - [MESSAGE][PASSED] - All options with index in [2] are selected on object 'Object Repository/APAC_University/MBS_University/Degree Program/Dropdown_Startdate'

22-10-2024T16:18:31 - [TEST_STEP][PASSED] - Enquiryreason = findTestObject("Object Repository/APAC_University/MBS_University/Degree Program/Dropdown_Enquiry"): null

22-10-2024T16:18:31 - [TEST_STEP][PASSED] - selectOptionByIndex(Enquiryreason, keyPathPackage.customKeywords.selectRandomOptionFromDropdown()): All options with index in [2] are selected on object 'Object Repository/APAC_University/MBS_University/Degree Program/Dropdown_Enquiry'

22-10-2024T16:18:31 - [MESSAGE][PASSED] - keyPathPackage.customKeywords.selectRandomOptionFromDropdown is PASSED

22-10-2024T16:18:32 - [MESSAGE][PASSED] - All options with index in [2] are selected on object 'Object Repository/APAC_University/MBS_University/Degree Program/Dropdown_Enquiry'

22-10-2024T16:18:32 - [TEST_STEP][PASSED] - delay(2): Delayed 2 second(s)

22-10-2024T16:18:34 - [MESSAGE][PASSED] - Delayed 2 second(s)

22-10-2024T16:18:34 - [TEST_STEP][PASSED] - scrollToElement(findTestObject("Object Repository/APAC_University/MBS_University/Degree Program/Button_NextStep3"), 3): Scroll to object 'Object Repository/APAC_University/MBS_University/Degree Program/Button_NextStep3' successfully

22-10-2024T16:18:34 - [MESSAGE][PASSED] - Scroll to object 'Object Repository/APAC_University/MBS_University/Degree Program/Button_NextStep3' successfully

22-10-2024T16:18:34 - [TEST_STEP][PASSED] - click(findTestObject("Object Repository/APAC_University/MBS_University/Degree Program/Button_NextStep3")): Object: 'Object Repository/APAC_University/MBS_University/Degree Program/Button_NextStep3' is clicked on

22-10-2024T16:18:34 - [MESSAGE][PASSED] - Object: 'Object Repository/APAC_University/MBS_University/Degree Program/Button_NextStep3' is clicked on

22-10-2024T16:18:34 - [TEST_STEP][PASSED] - Email = keyPathPackage.customKeywords.generateRandomEmail(): keyPathPackage.customKeywords.generateRandomEmail is PASSED

22-10-2024T16:18:34 - [MESSAGE][PASSED] - keyPathPackage.customKeywords.generateRandomEmail is PASSED

22-10-2024T16:18:34 - [TEST_STEP][PASSED] - setText(findTestObject("Object Repository/APAC_University/MBS_University/Degree Program/Field_Email"), Email): Text 'svetlana.leuschke@hotmail.com' is set on object 'Object Repository/APAC_University/MBS_University/Degree Program/Field_Email'

22-10-2024T16:18:36 - [MESSAGE][PASSED] - Text 'svetlana.leuschke@hotmail.com' is set on object 'Object Repository/APAC_University/MBS_University/Degree Program/Field_Email'

22-10-2024T16:18:36 - [TEST_STEP][PASSED] - Phonenumber = keyPathPackage.customKeywords.generateRandomAustralianPhoneNumber(): keyPathPackage.customKeywords.generateRandomAustralianPhoneNumber is PASSED

22-10-2024T16:18:36 - [MESSAGE][PASSED] - keyPathPackage.customKeywords.generateRandomAustralianPhoneNumber is PASSED

22-10-2024T16:18:36 - [TEST_STEP][PASSED] - setText(findTestObject("Object Repository/APAC_University/MBS_University/Degree Program/Field_Phonenumber"), Phonenumber): Text '0461463110' is set on object 'Object Repository/APAC_University/MBS_University/Degree Program/Field_Phonenumber'

22-10-2024T16:18:37 - [MESSAGE][PASSED] - Text '0461463110' is set on object 'Object Repository/APAC_University/MBS_University/Degree Program/Field_Phonenumber'

22-10-2024T16:18:37 - [TEST_STEP][PASSED] - Postcode = keyPathPackage.customKeywords.selectRandomPostCode(): keyPathPackage.customKeywords.selectRandomPostCode is PASSED

22-10-2024T16:18:37 - [MESSAGE][PASSED] - keyPathPackage.customKeywords.selectRandomPostCode is PASSED

22-10-2024T16:18:37 - [TEST_STEP][PASSED] - setText(findTestObject("Object Repository/APAC_University/MBS_University/Degree Program/Field_Postcode"), Postcode): Text '2442' is set on object 'Object Repository/APAC_University/MBS_University/Degree Program/Field_Postcode'

22-10-2024T16:18:38 - [MESSAGE][PASSED] - Text '2442' is set on object 'Object Repository/APAC_University/MBS_University/Degree Program/Field_Postcode'

22-10-2024T16:18:38 - [TEST_STEP][PASSED] - setText(findTestObject("Object Repository/APAC_University/MBS_University/Degree Program/Field_Postcode"), Postcode): Text '2442' is set on object 'Object Repository/APAC_University/MBS_University/Degree Program/Field_Postcode'

22-10-2024T16:18:38 - [MESSAGE][PASSED] - Text '2442' is set on object 'Object Repository/APAC_University/MBS_University/Degree Program/Field_Postcode'

22-10-2024T16:18:38 - [TEST_STEP][PASSED] - click(findTestObject("Object Repository/APAC_University/MBS_University/Degree Program/Button_Downloadbrochure")): Object: 'Object Repository/APAC_University/MBS_University/Degree Program/Button_Downloadbrochure' is clicked on

22-10-2024T16:18:39 - [MESSAGE][PASSED] - Object: 'Object Repository/APAC_University/MBS_University/Degree Program/Button_Downloadbrochure' is clicked on]]></system-out>
         <system-err><![CDATA[]]></system-err>
      </testcase>
      <testcase name="Test Cases/APAC_Universities/SEO_PAGES/MBS_University/Short_Courses" time="16.354" classname="Test Cases/APAC_Universities/SEO_PAGES/MBS_University/Short_Courses" status="ERROR">
         <error type="ERROR" message="Test Cases/APAC_Universities/SEO_PAGES/MBS_University/Short_Courses FAILED.&#xa;Reason:&#xa;org.openqa.selenium.ElementNotInteractableException: element not interactable&#xa;  (Session info: chrome=129.0.6668.101)&#xa;Build info: version: '3.141.59', revision: 'unknown', time: 'unknown'&#xa;System info: host: 'Madhans-MacBook-Pro.local', ip: '2401:d002:ab04:5000:1c35:1f0d:a1a9:763a%en0', os.name: 'Mac OS X', os.arch: 'aarch64', os.version: '14.3.1', java.version: '17.0.7'&#xa;Driver info: com.kms.katalon.selenium.driver.CChromeDriver&#xa;Capabilities {acceptInsecureCerts: false, browserName: chrome, browserVersion: 129.0.6668.101, chrome: {chromedriverVersion: 128.0.6613.84 (606aa55c7d68..., userDataDir: /var/folders/81/jk91fm7j2_5...}, fedcm:accounts: true, goog:chromeOptions: {debuggerAddress: localhost:63532}, javascriptEnabled: true, networkConnectionEnabled: false, pageLoadStrategy: normal, platform: MAC, platformName: MAC, proxy: Proxy(), setWindowRect: true, strictFileInteractability: false, timeouts: {implicit: 0, pageLoad: 300000, script: 30000}, unhandledPromptBehavior: dismiss and notify, webauthn:extension:credBlob: true, webauthn:extension:largeBlob: true, webauthn:extension:minPinLength: true, webauthn:extension:prf: true, webauthn:virtualAuthenticators: true}&#xa;Session ID: ce869d36a46c7d037b9cad08197c9a5a&#xa;	at java.base/jdk.internal.reflect.NativeConstructorAccessorImpl.newInstance0(Native Method)&#xa;	at java.base/jdk.internal.reflect.NativeConstructorAccessorImpl.newInstance(NativeConstructorAccessorImpl.java:77)&#xa;	at java.base/jdk.internal.reflect.DelegatingConstructorAccessorImpl.newInstance(DelegatingConstructorAccessorImpl.java:45)&#xa;	at org.openqa.selenium.remote.http.W3CHttpResponseCodec.createException(W3CHttpResponseCodec.java:187)&#xa;	at org.openqa.selenium.remote.http.W3CHttpResponseCodec.decode(W3CHttpResponseCodec.java:122)&#xa;	at org.openqa.selenium.remote.http.W3CHttpResponseCodec.decode(W3CHttpResponseCodec.java:49)&#xa;	at org.openqa.selenium.remote.HttpCommandExecutor.execute(HttpCommandExecutor.java:158)&#xa;	at org.openqa.selenium.remote.service.DriverCommandExecutor.execute(DriverCommandExecutor.java:83)&#xa;	at org.openqa.selenium.remote.RemoteWebDriver.execute(RemoteWebDriver.java:552)&#xa;	at com.kms.katalon.selenium.driver.CChromeDriver.execute(CChromeDriver.java:19)&#xa;	at org.openqa.selenium.remote.RemoteWebElement.execute(RemoteWebElement.java:285)&#xa;	at org.openqa.selenium.remote.RemoteWebElement.click(RemoteWebElement.java:84)&#xa;	at jdk.internal.reflect.GeneratedMethodAccessor16.invoke(Unknown Source)&#xa;	at java.base/jdk.internal.reflect.DelegatingMethodAccessorImpl.invoke(DelegatingMethodAccessorImpl.java:43)&#xa;	at org.openqa.selenium.support.events.EventFiringWebDriver$EventFiringWebElement.lambda$new$0(EventFiringWebDriver.java:404)&#xa;	at jdk.proxy2/jdk.proxy2.$Proxy24.click(Unknown Source)&#xa;	at org.openqa.selenium.support.events.EventFiringWebDriver$EventFiringWebElement.click(EventFiringWebDriver.java:417)&#xa;	at Short_Courses.run(Short_Courses:55)&#xa;	at com.kms.katalon.core.main.ScriptEngine.run(ScriptEngine.java:194)&#xa;	at com.kms.katalon.core.main.ScriptEngine.runScriptAsRawText(ScriptEngine.java:119)&#xa;	at com.kms.katalon.core.main.TestCaseExecutor.runScript(TestCaseExecutor.java:448)&#xa;	at com.kms.katalon.core.main.TestCaseExecutor.doExecute(TestCaseExecutor.java:439)&#xa;	at com.kms.katalon.core.main.TestCaseExecutor.processExecutionPhase(TestCaseExecutor.java:418)&#xa;	at com.kms.katalon.core.main.TestCaseExecutor.accessMainPhase(TestCaseExecutor.java:410)&#xa;	at com.kms.katalon.core.main.TestCaseExecutor.execute(TestCaseExecutor.java:285)&#xa;	at com.kms.katalon.core.common.CommonExecutor.accessTestCaseMainPhase(CommonExecutor.java:65)&#xa;	at com.kms.katalon.core.main.TestSuiteExecutor.accessTestSuiteMainPhase(TestSuiteExecutor.java:150)&#xa;	at com.kms.katalon.core.main.TestSuiteExecutor.execute(TestSuiteExecutor.java:106)&#xa;	at com.kms.katalon.core.main.TestCaseMain.startTestSuite(TestCaseMain.java:180)&#xa;	at TempTestSuite1729573882564.run(TempTestSuite1729573882564.groovy:35)&#xa;	at java.base/jdk.internal.reflect.NativeMethodAccessorImpl.invoke0(Native Method)&#xa;	at java.base/jdk.internal.reflect.NativeMethodAccessorImpl.invoke(NativeMethodAccessorImpl.java:77)&#xa;	at java.base/jdk.internal.reflect.DelegatingMethodAccessorImpl.invoke(DelegatingMethodAccessorImpl.java:43)&#xa;"/>
         <system-out><![CDATA[22-10-2024T16:18:39 - [TEST_CASE][ERROR] - Test Cases/APAC_Universities/SEO_PAGES/MBS_University/Short_Courses: Test Cases/APAC_Universities/SEO_PAGES/MBS_University/Short_Courses FAILED.
Reason:
org.openqa.selenium.ElementNotInteractableException: element not interactable
  (Session info: chrome=129.0.6668.101)
Build info: version: '3.141.59', revision: 'unknown', time: 'unknown'
System info: host: 'Madhans-MacBook-Pro.local', ip: '2401:d002:ab04:5000:1c35:1f0d:a1a9:763a%en0', os.name: 'Mac OS X', os.arch: 'aarch64', os.version: '14.3.1', java.version: '17.0.7'
Driver info: com.kms.katalon.selenium.driver.CChromeDriver
Capabilities {acceptInsecureCerts: false, browserName: chrome, browserVersion: 129.0.6668.101, chrome: {chromedriverVersion: 128.0.6613.84 (606aa55c7d68..., userDataDir: /var/folders/81/jk91fm7j2_5...}, fedcm:accounts: true, goog:chromeOptions: {debuggerAddress: localhost:63532}, javascriptEnabled: true, networkConnectionEnabled: false, pageLoadStrategy: normal, platform: MAC, platformName: MAC, proxy: Proxy(), setWindowRect: true, strictFileInteractability: false, timeouts: {implicit: 0, pageLoad: 300000, script: 30000}, unhandledPromptBehavior: dismiss and notify, webauthn:extension:credBlob: true, webauthn:extension:largeBlob: true, webauthn:extension:minPinLength: true, webauthn:extension:prf: true, webauthn:virtualAuthenticators: true}
Session ID: ce869d36a46c7d037b9cad08197c9a5a
	at java.base/jdk.internal.reflect.NativeConstructorAccessorImpl.newInstance0(Native Method)
	at java.base/jdk.internal.reflect.NativeConstructorAccessorImpl.newInstance(NativeConstructorAccessorImpl.java:77)
	at java.base/jdk.internal.reflect.DelegatingConstructorAccessorImpl.newInstance(DelegatingConstructorAccessorImpl.java:45)
	at org.openqa.selenium.remote.http.W3CHttpResponseCodec.createException(W3CHttpResponseCodec.java:187)
	at org.openqa.selenium.remote.http.W3CHttpResponseCodec.decode(W3CHttpResponseCodec.java:122)
	at org.openqa.selenium.remote.http.W3CHttpResponseCodec.decode(W3CHttpResponseCodec.java:49)
	at org.openqa.selenium.remote.HttpCommandExecutor.execute(HttpCommandExecutor.java:158)
	at org.openqa.selenium.remote.service.DriverCommandExecutor.execute(DriverCommandExecutor.java:83)
	at org.openqa.selenium.remote.RemoteWebDriver.execute(RemoteWebDriver.java:552)
	at com.kms.katalon.selenium.driver.CChromeDriver.execute(CChromeDriver.java:19)
	at org.openqa.selenium.remote.RemoteWebElement.execute(RemoteWebElement.java:285)
	at org.openqa.selenium.remote.RemoteWebElement.click(RemoteWebElement.java:84)
	at jdk.internal.reflect.GeneratedMethodAccessor16.invoke(Unknown Source)
	at java.base/jdk.internal.reflect.DelegatingMethodAccessorImpl.invoke(DelegatingMethodAccessorImpl.java:43)
	at org.openqa.selenium.support.events.EventFiringWebDriver$EventFiringWebElement.lambda$new$0(EventFiringWebDriver.java:404)
	at jdk.proxy2/jdk.proxy2.$Proxy24.click(Unknown Source)
	at org.openqa.selenium.support.events.EventFiringWebDriver$EventFiringWebElement.click(EventFiringWebDriver.java:417)
	at Short_Courses.run(Short_Courses:55)
	at com.kms.katalon.core.main.ScriptEngine.run(ScriptEngine.java:194)
	at com.kms.katalon.core.main.ScriptEngine.runScriptAsRawText(ScriptEngine.java:119)
	at com.kms.katalon.core.main.TestCaseExecutor.runScript(TestCaseExecutor.java:448)
	at com.kms.katalon.core.main.TestCaseExecutor.doExecute(TestCaseExecutor.java:439)
	at com.kms.katalon.core.main.TestCaseExecutor.processExecutionPhase(TestCaseExecutor.java:418)
	at com.kms.katalon.core.main.TestCaseExecutor.accessMainPhase(TestCaseExecutor.java:410)
	at com.kms.katalon.core.main.TestCaseExecutor.execute(TestCaseExecutor.java:285)
	at com.kms.katalon.core.common.CommonExecutor.accessTestCaseMainPhase(CommonExecutor.java:65)
	at com.kms.katalon.core.main.TestSuiteExecutor.accessTestSuiteMainPhase(TestSuiteExecutor.java:150)
	at com.kms.katalon.core.main.TestSuiteExecutor.execute(TestSuiteExecutor.java:106)
	at com.kms.katalon.core.main.TestCaseMain.startTestSuite(TestCaseMain.java:180)
	at TempTestSuite1729573882564.run(TempTestSuite1729573882564.groovy:35)
	at java.base/jdk.internal.reflect.NativeMethodAccessorImpl.invoke0(Native Method)
	at java.base/jdk.internal.reflect.NativeMethodAccessorImpl.invoke(NativeMethodAccessorImpl.java:77)
	at java.base/jdk.internal.reflect.DelegatingMethodAccessorImpl.invoke(DelegatingMethodAccessorImpl.java:43)


22-10-2024T16:18:39 - [TEST_STEP][PASSED] - buttonObject = findTestObject("Object Repository/APAC_University/MBS_University/Short_Courses/List_ShortCourses"): null

22-10-2024T16:18:39 - [TEST_STEP][PASSED] - mouseOver(buttonObject): Object: 'Object Repository/APAC_University/MBS_University/Short_Courses/List_ShortCourses' is hovered

22-10-2024T16:18:44 - [MESSAGE][PASSED] - Object: 'Object Repository/APAC_University/MBS_University/Short_Courses/List_ShortCourses' is hovered

22-10-2024T16:18:44 - [TEST_STEP][PASSED] - list1 = findTestObject("Object Repository/APAC_University/MBS_University/Short_Courses/Shortcourse_Listone"): null

22-10-2024T16:18:44 - [TEST_STEP][PASSED] - list2 = findTestObject("Object Repository/APAC_University/MBS_University/Short_Courses/Shortcourse_Listtwo"): null

22-10-2024T16:18:44 - [TEST_STEP][PASSED] - list3 = findTestObject("Object Repository/APAC_University/MBS_University/Short_Courses/Shortcourse_Listthree"): null

22-10-2024T16:18:44 - [TEST_STEP][PASSED] - lists = [list1, list2, list3]: null

22-10-2024T16:18:44 - [TEST_STEP][PASSED] - rand = new java.util.Random(): null

22-10-2024T16:18:44 - [TEST_STEP][PASSED] - randomListIndex = rand.nextInt(lists.size()): null

22-10-2024T16:18:44 - [TEST_STEP][PASSED] - selectedList = lists.get(randomListIndex): null

22-10-2024T16:18:44 - [TEST_STEP][PASSED] - waitForElementVisible(selectedList, 10): Object 'Object Repository/APAC_University/MBS_University/Short_Courses/Shortcourse_Listone' is not visible after 10 second(s)

22-10-2024T16:18:55 - [MESSAGE][WARNING] - Object 'Object Repository/APAC_University/MBS_University/Short_Courses/Shortcourse_Listone' is not visible after 10 second(s)

22-10-2024T16:18:55 - [TEST_STEP][PASSED] - listItems = findWebElements(selectedList, 30): Found web elements by test object Object Repository/APAC_University/MBS_University/Short_Courses/Shortcourse_Listone

22-10-2024T16:18:55 - [MESSAGE][PASSED] - Found web elements by test object Object Repository/APAC_University/MBS_University/Short_Courses/Shortcourse_Listone

22-10-2024T16:18:55 - [TEST_STEP][ERROR] - if (listItems.size() > 0): Test Cases/APAC_Universities/SEO_PAGES/MBS_University/Short_Courses FAILED.
Reason:
org.openqa.selenium.ElementNotInteractableException: element not interactable
  (Session info: chrome=129.0.6668.101)
Build info: version: '3.141.59', revision: 'unknown', time: 'unknown'
System info: host: 'Madhans-MacBook-Pro.local', ip: '2401:d002:ab04:5000:1c35:1f0d:a1a9:763a%en0', os.name: 'Mac OS X', os.arch: 'aarch64', os.version: '14.3.1', java.version: '17.0.7'
Driver info: com.kms.katalon.selenium.driver.CChromeDriver
Capabilities {acceptInsecureCerts: false, browserName: chrome, browserVersion: 129.0.6668.101, chrome: {chromedriverVersion: 128.0.6613.84 (606aa55c7d68..., userDataDir: /var/folders/81/jk91fm7j2_5...}, fedcm:accounts: true, goog:chromeOptions: {debuggerAddress: localhost:63532}, javascriptEnabled: true, networkConnectionEnabled: false, pageLoadStrategy: normal, platform: MAC, platformName: MAC, proxy: Proxy(), setWindowRect: true, strictFileInteractability: false, timeouts: {implicit: 0, pageLoad: 300000, script: 30000}, unhandledPromptBehavior: dismiss and notify, webauthn:extension:credBlob: true, webauthn:extension:largeBlob: true, webauthn:extension:minPinLength: true, webauthn:extension:prf: true, webauthn:virtualAuthenticators: true}
Session ID: ce869d36a46c7d037b9cad08197c9a5a
	at java.base/jdk.internal.reflect.NativeConstructorAccessorImpl.newInstance0(Native Method)
	at java.base/jdk.internal.reflect.NativeConstructorAccessorImpl.newInstance(NativeConstructorAccessorImpl.java:77)
	at java.base/jdk.internal.reflect.DelegatingConstructorAccessorImpl.newInstance(DelegatingConstructorAccessorImpl.java:45)
	at org.openqa.selenium.remote.http.W3CHttpResponseCodec.createException(W3CHttpResponseCodec.java:187)
	at org.openqa.selenium.remote.http.W3CHttpResponseCodec.decode(W3CHttpResponseCodec.java:122)
	at org.openqa.selenium.remote.http.W3CHttpResponseCodec.decode(W3CHttpResponseCodec.java:49)
	at org.openqa.selenium.remote.HttpCommandExecutor.execute(HttpCommandExecutor.java:158)
	at org.openqa.selenium.remote.service.DriverCommandExecutor.execute(DriverCommandExecutor.java:83)
	at org.openqa.selenium.remote.RemoteWebDriver.execute(RemoteWebDriver.java:552)
	at com.kms.katalon.selenium.driver.CChromeDriver.execute(CChromeDriver.java:19)
	at org.openqa.selenium.remote.RemoteWebElement.execute(RemoteWebElement.java:285)
	at org.openqa.selenium.remote.RemoteWebElement.click(RemoteWebElement.java:84)
	at jdk.internal.reflect.GeneratedMethodAccessor16.invoke(Unknown Source)
	at java.base/jdk.internal.reflect.DelegatingMethodAccessorImpl.invoke(DelegatingMethodAccessorImpl.java:43)
	at org.openqa.selenium.support.events.EventFiringWebDriver$EventFiringWebElement.lambda$new$0(EventFiringWebDriver.java:404)
	at jdk.proxy2/jdk.proxy2.$Proxy24.click(Unknown Source)
	at org.openqa.selenium.support.events.EventFiringWebDriver$EventFiringWebElement.click(EventFiringWebDriver.java:417)
	at Short_Courses.run(Short_Courses:55)
	at com.kms.katalon.core.main.ScriptEngine.run(ScriptEngine.java:194)
	at com.kms.katalon.core.main.ScriptEngine.runScriptAsRawText(ScriptEngine.java:119)
	at com.kms.katalon.core.main.TestCaseExecutor.runScript(TestCaseExecutor.java:448)
	at com.kms.katalon.core.main.TestCaseExecutor.doExecute(TestCaseExecutor.java:439)
	at com.kms.katalon.core.main.TestCaseExecutor.processExecutionPhase(TestCaseExecutor.java:418)
	at com.kms.katalon.core.main.TestCaseExecutor.accessMainPhase(TestCaseExecutor.java:410)
	at com.kms.katalon.core.main.TestCaseExecutor.execute(TestCaseExecutor.java:285)
	at com.kms.katalon.core.common.CommonExecutor.accessTestCaseMainPhase(CommonExecutor.java:65)
	at com.kms.katalon.core.main.TestSuiteExecutor.accessTestSuiteMainPhase(TestSuiteExecutor.java:150)
	at com.kms.katalon.core.main.TestSuiteExecutor.execute(TestSuiteExecutor.java:106)
	at com.kms.katalon.core.main.TestCaseMain.startTestSuite(TestCaseMain.java:180)
	at TempTestSuite1729573882564.run(TempTestSuite1729573882564.groovy:35)
	at java.base/jdk.internal.reflect.NativeMethodAccessorImpl.invoke0(Native Method)
	at java.base/jdk.internal.reflect.NativeMethodAccessorImpl.invoke(NativeMethodAccessorImpl.java:77)
	at java.base/jdk.internal.reflect.DelegatingMethodAccessorImpl.invoke(DelegatingMethodAccessorImpl.java:43)


22-10-2024T16:18:55 - [TEST_STEP][PASSED] - randomItemIndex = rand.nextInt(listItems.size()): null

22-10-2024T16:18:55 - [TEST_STEP][PASSED] - randomItem = listItems.get(randomItemIndex): null

22-10-2024T16:18:55 - [TEST_STEP][ERROR] - randomItem.click(): Test Cases/APAC_Universities/SEO_PAGES/MBS_University/Short_Courses FAILED.
Reason:
org.openqa.selenium.ElementNotInteractableException: element not interactable
  (Session info: chrome=129.0.6668.101)
Build info: version: '3.141.59', revision: 'unknown', time: 'unknown'
System info: host: 'Madhans-MacBook-Pro.local', ip: '2401:d002:ab04:5000:1c35:1f0d:a1a9:763a%en0', os.name: 'Mac OS X', os.arch: 'aarch64', os.version: '14.3.1', java.version: '17.0.7'
Driver info: com.kms.katalon.selenium.driver.CChromeDriver
Capabilities {acceptInsecureCerts: false, browserName: chrome, browserVersion: 129.0.6668.101, chrome: {chromedriverVersion: 128.0.6613.84 (606aa55c7d68..., userDataDir: /var/folders/81/jk91fm7j2_5...}, fedcm:accounts: true, goog:chromeOptions: {debuggerAddress: localhost:63532}, javascriptEnabled: true, networkConnectionEnabled: false, pageLoadStrategy: normal, platform: MAC, platformName: MAC, proxy: Proxy(), setWindowRect: true, strictFileInteractability: false, timeouts: {implicit: 0, pageLoad: 300000, script: 30000}, unhandledPromptBehavior: dismiss and notify, webauthn:extension:credBlob: true, webauthn:extension:largeBlob: true, webauthn:extension:minPinLength: true, webauthn:extension:prf: true, webauthn:virtualAuthenticators: true}
Session ID: ce869d36a46c7d037b9cad08197c9a5a
	at java.base/jdk.internal.reflect.NativeConstructorAccessorImpl.newInstance0(Native Method)
	at java.base/jdk.internal.reflect.NativeConstructorAccessorImpl.newInstance(NativeConstructorAccessorImpl.java:77)
	at java.base/jdk.internal.reflect.DelegatingConstructorAccessorImpl.newInstance(DelegatingConstructorAccessorImpl.java:45)
	at org.openqa.selenium.remote.http.W3CHttpResponseCodec.createException(W3CHttpResponseCodec.java:187)
	at org.openqa.selenium.remote.http.W3CHttpResponseCodec.decode(W3CHttpResponseCodec.java:122)
	at org.openqa.selenium.remote.http.W3CHttpResponseCodec.decode(W3CHttpResponseCodec.java:49)
	at org.openqa.selenium.remote.HttpCommandExecutor.execute(HttpCommandExecutor.java:158)
	at org.openqa.selenium.remote.service.DriverCommandExecutor.execute(DriverCommandExecutor.java:83)
	at org.openqa.selenium.remote.RemoteWebDriver.execute(RemoteWebDriver.java:552)
	at com.kms.katalon.selenium.driver.CChromeDriver.execute(CChromeDriver.java:19)
	at org.openqa.selenium.remote.RemoteWebElement.execute(RemoteWebElement.java:285)
	at org.openqa.selenium.remote.RemoteWebElement.click(RemoteWebElement.java:84)
	at jdk.internal.reflect.GeneratedMethodAccessor16.invoke(Unknown Source)
	at java.base/jdk.internal.reflect.DelegatingMethodAccessorImpl.invoke(DelegatingMethodAccessorImpl.java:43)
	at org.openqa.selenium.support.events.EventFiringWebDriver$EventFiringWebElement.lambda$new$0(EventFiringWebDriver.java:404)
	at jdk.proxy2/jdk.proxy2.$Proxy24.click(Unknown Source)
	at org.openqa.selenium.support.events.EventFiringWebDriver$EventFiringWebElement.click(EventFiringWebDriver.java:417)
	at Short_Courses.run(Short_Courses:55)
	at com.kms.katalon.core.main.ScriptEngine.run(ScriptEngine.java:194)
	at com.kms.katalon.core.main.ScriptEngine.runScriptAsRawText(ScriptEngine.java:119)
	at com.kms.katalon.core.main.TestCaseExecutor.runScript(TestCaseExecutor.java:448)
	at com.kms.katalon.core.main.TestCaseExecutor.doExecute(TestCaseExecutor.java:439)
	at com.kms.katalon.core.main.TestCaseExecutor.processExecutionPhase(TestCaseExecutor.java:418)
	at com.kms.katalon.core.main.TestCaseExecutor.accessMainPhase(TestCaseExecutor.java:410)
	at com.kms.katalon.core.main.TestCaseExecutor.execute(TestCaseExecutor.java:285)
	at com.kms.katalon.core.common.CommonExecutor.accessTestCaseMainPhase(CommonExecutor.java:65)
	at com.kms.katalon.core.main.TestSuiteExecutor.accessTestSuiteMainPhase(TestSuiteExecutor.java:150)
	at com.kms.katalon.core.main.TestSuiteExecutor.execute(TestSuiteExecutor.java:106)
	at com.kms.katalon.core.main.TestCaseMain.startTestSuite(TestCaseMain.java:180)
	at TempTestSuite1729573882564.run(TempTestSuite1729573882564.groovy:35)
	at java.base/jdk.internal.reflect.NativeMethodAccessorImpl.invoke0(Native Method)
	at java.base/jdk.internal.reflect.NativeMethodAccessorImpl.invoke(NativeMethodAccessorImpl.java:77)
	at java.base/jdk.internal.reflect.DelegatingMethodAccessorImpl.invoke(DelegatingMethodAccessorImpl.java:43)


22-10-2024T16:18:55 - [MESSAGE][ERROR] - Test Cases/APAC_Universities/SEO_PAGES/MBS_University/Short_Courses FAILED.
Reason:
org.openqa.selenium.ElementNotInteractableException: element not interactable
  (Session info: chrome=129.0.6668.101)
Build info: version: '3.141.59', revision: 'unknown', time: 'unknown'
System info: host: 'Madhans-MacBook-Pro.local', ip: '2401:d002:ab04:5000:1c35:1f0d:a1a9:763a%en0', os.name: 'Mac OS X', os.arch: 'aarch64', os.version: '14.3.1', java.version: '17.0.7'
Driver info: com.kms.katalon.selenium.driver.CChromeDriver
Capabilities {acceptInsecureCerts: false, browserName: chrome, browserVersion: 129.0.6668.101, chrome: {chromedriverVersion: 128.0.6613.84 (606aa55c7d68..., userDataDir: /var/folders/81/jk91fm7j2_5...}, fedcm:accounts: true, goog:chromeOptions: {debuggerAddress: localhost:63532}, javascriptEnabled: true, networkConnectionEnabled: false, pageLoadStrategy: normal, platform: MAC, platformName: MAC, proxy: Proxy(), setWindowRect: true, strictFileInteractability: false, timeouts: {implicit: 0, pageLoad: 300000, script: 30000}, unhandledPromptBehavior: dismiss and notify, webauthn:extension:credBlob: true, webauthn:extension:largeBlob: true, webauthn:extension:minPinLength: true, webauthn:extension:prf: true, webauthn:virtualAuthenticators: true}
Session ID: ce869d36a46c7d037b9cad08197c9a5a
	at java.base/jdk.internal.reflect.NativeConstructorAccessorImpl.newInstance0(Native Method)
	at java.base/jdk.internal.reflect.NativeConstructorAccessorImpl.newInstance(NativeConstructorAccessorImpl.java:77)
	at java.base/jdk.internal.reflect.DelegatingConstructorAccessorImpl.newInstance(DelegatingConstructorAccessorImpl.java:45)
	at org.openqa.selenium.remote.http.W3CHttpResponseCodec.createException(W3CHttpResponseCodec.java:187)
	at org.openqa.selenium.remote.http.W3CHttpResponseCodec.decode(W3CHttpResponseCodec.java:122)
	at org.openqa.selenium.remote.http.W3CHttpResponseCodec.decode(W3CHttpResponseCodec.java:49)
	at org.openqa.selenium.remote.HttpCommandExecutor.execute(HttpCommandExecutor.java:158)
	at org.openqa.selenium.remote.service.DriverCommandExecutor.execute(DriverCommandExecutor.java:83)
	at org.openqa.selenium.remote.RemoteWebDriver.execute(RemoteWebDriver.java:552)
	at com.kms.katalon.selenium.driver.CChromeDriver.execute(CChromeDriver.java:19)
	at org.openqa.selenium.remote.RemoteWebElement.execute(RemoteWebElement.java:285)
	at org.openqa.selenium.remote.RemoteWebElement.click(RemoteWebElement.java:84)
	at jdk.internal.reflect.GeneratedMethodAccessor16.invoke(Unknown Source)
	at java.base/jdk.internal.reflect.DelegatingMethodAccessorImpl.invoke(DelegatingMethodAccessorImpl.java:43)
	at org.openqa.selenium.support.events.EventFiringWebDriver$EventFiringWebElement.lambda$new$0(EventFiringWebDriver.java:404)
	at jdk.proxy2/jdk.proxy2.$Proxy24.click(Unknown Source)
	at org.openqa.selenium.support.events.EventFiringWebDriver$EventFiringWebElement.click(EventFiringWebDriver.java:417)
	at Short_Courses.run(Short_Courses:55)
	at com.kms.katalon.core.main.ScriptEngine.run(ScriptEngine.java:194)
	at com.kms.katalon.core.main.ScriptEngine.runScriptAsRawText(ScriptEngine.java:119)
	at com.kms.katalon.core.main.TestCaseExecutor.runScript(TestCaseExecutor.java:448)
	at com.kms.katalon.core.main.TestCaseExecutor.doExecute(TestCaseExecutor.java:439)
	at com.kms.katalon.core.main.TestCaseExecutor.processExecutionPhase(TestCaseExecutor.java:418)
	at com.kms.katalon.core.main.TestCaseExecutor.accessMainPhase(TestCaseExecutor.java:410)
	at com.kms.katalon.core.main.TestCaseExecutor.execute(TestCaseExecutor.java:285)
	at com.kms.katalon.core.common.CommonExecutor.accessTestCaseMainPhase(CommonExecutor.java:65)
	at com.kms.katalon.core.main.TestSuiteExecutor.accessTestSuiteMainPhase(TestSuiteExecutor.java:150)
	at com.kms.katalon.core.main.TestSuiteExecutor.execute(TestSuiteExecutor.java:106)
	at com.kms.katalon.core.main.TestCaseMain.startTestSuite(TestCaseMain.java:180)
	at TempTestSuite1729573882564.run(TempTestSuite1729573882564.groovy:35)
	at java.base/jdk.internal.reflect.NativeMethodAccessorImpl.invoke0(Native Method)
	at java.base/jdk.internal.reflect.NativeMethodAccessorImpl.invoke(NativeMethodAccessorImpl.java:77)
	at java.base/jdk.internal.reflect.DelegatingMethodAccessorImpl.invoke(DelegatingMethodAccessorImpl.java:43)]]></system-out>
         <system-err><![CDATA[22-10-2024T16:18:39 - [TEST_CASE][ERROR] - Test Cases/APAC_Universities/SEO_PAGES/MBS_University/Short_Courses: Test Cases/APAC_Universities/SEO_PAGES/MBS_University/Short_Courses FAILED.
Reason:
org.openqa.selenium.ElementNotInteractableException: element not interactable
  (Session info: chrome=129.0.6668.101)
Build info: version: '3.141.59', revision: 'unknown', time: 'unknown'
System info: host: 'Madhans-MacBook-Pro.local', ip: '2401:d002:ab04:5000:1c35:1f0d:a1a9:763a%en0', os.name: 'Mac OS X', os.arch: 'aarch64', os.version: '14.3.1', java.version: '17.0.7'
Driver info: com.kms.katalon.selenium.driver.CChromeDriver
Capabilities {acceptInsecureCerts: false, browserName: chrome, browserVersion: 129.0.6668.101, chrome: {chromedriverVersion: 128.0.6613.84 (606aa55c7d68..., userDataDir: /var/folders/81/jk91fm7j2_5...}, fedcm:accounts: true, goog:chromeOptions: {debuggerAddress: localhost:63532}, javascriptEnabled: true, networkConnectionEnabled: false, pageLoadStrategy: normal, platform: MAC, platformName: MAC, proxy: Proxy(), setWindowRect: true, strictFileInteractability: false, timeouts: {implicit: 0, pageLoad: 300000, script: 30000}, unhandledPromptBehavior: dismiss and notify, webauthn:extension:credBlob: true, webauthn:extension:largeBlob: true, webauthn:extension:minPinLength: true, webauthn:extension:prf: true, webauthn:virtualAuthenticators: true}
Session ID: ce869d36a46c7d037b9cad08197c9a5a
	at java.base/jdk.internal.reflect.NativeConstructorAccessorImpl.newInstance0(Native Method)
	at java.base/jdk.internal.reflect.NativeConstructorAccessorImpl.newInstance(NativeConstructorAccessorImpl.java:77)
	at java.base/jdk.internal.reflect.DelegatingConstructorAccessorImpl.newInstance(DelegatingConstructorAccessorImpl.java:45)
	at org.openqa.selenium.remote.http.W3CHttpResponseCodec.createException(W3CHttpResponseCodec.java:187)
	at org.openqa.selenium.remote.http.W3CHttpResponseCodec.decode(W3CHttpResponseCodec.java:122)
	at org.openqa.selenium.remote.http.W3CHttpResponseCodec.decode(W3CHttpResponseCodec.java:49)
	at org.openqa.selenium.remote.HttpCommandExecutor.execute(HttpCommandExecutor.java:158)
	at org.openqa.selenium.remote.service.DriverCommandExecutor.execute(DriverCommandExecutor.java:83)
	at org.openqa.selenium.remote.RemoteWebDriver.execute(RemoteWebDriver.java:552)
	at com.kms.katalon.selenium.driver.CChromeDriver.execute(CChromeDriver.java:19)
	at org.openqa.selenium.remote.RemoteWebElement.execute(RemoteWebElement.java:285)
	at org.openqa.selenium.remote.RemoteWebElement.click(RemoteWebElement.java:84)
	at jdk.internal.reflect.GeneratedMethodAccessor16.invoke(Unknown Source)
	at java.base/jdk.internal.reflect.DelegatingMethodAccessorImpl.invoke(DelegatingMethodAccessorImpl.java:43)
	at org.openqa.selenium.support.events.EventFiringWebDriver$EventFiringWebElement.lambda$new$0(EventFiringWebDriver.java:404)
	at jdk.proxy2/jdk.proxy2.$Proxy24.click(Unknown Source)
	at org.openqa.selenium.support.events.EventFiringWebDriver$EventFiringWebElement.click(EventFiringWebDriver.java:417)
	at Short_Courses.run(Short_Courses:55)
	at com.kms.katalon.core.main.ScriptEngine.run(ScriptEngine.java:194)
	at com.kms.katalon.core.main.ScriptEngine.runScriptAsRawText(ScriptEngine.java:119)
	at com.kms.katalon.core.main.TestCaseExecutor.runScript(TestCaseExecutor.java:448)
	at com.kms.katalon.core.main.TestCaseExecutor.doExecute(TestCaseExecutor.java:439)
	at com.kms.katalon.core.main.TestCaseExecutor.processExecutionPhase(TestCaseExecutor.java:418)
	at com.kms.katalon.core.main.TestCaseExecutor.accessMainPhase(TestCaseExecutor.java:410)
	at com.kms.katalon.core.main.TestCaseExecutor.execute(TestCaseExecutor.java:285)
	at com.kms.katalon.core.common.CommonExecutor.accessTestCaseMainPhase(CommonExecutor.java:65)
	at com.kms.katalon.core.main.TestSuiteExecutor.accessTestSuiteMainPhase(TestSuiteExecutor.java:150)
	at com.kms.katalon.core.main.TestSuiteExecutor.execute(TestSuiteExecutor.java:106)
	at com.kms.katalon.core.main.TestCaseMain.startTestSuite(TestCaseMain.java:180)
	at TempTestSuite1729573882564.run(TempTestSuite1729573882564.groovy:35)
	at java.base/jdk.internal.reflect.NativeMethodAccessorImpl.invoke0(Native Method)
	at java.base/jdk.internal.reflect.NativeMethodAccessorImpl.invoke(NativeMethodAccessorImpl.java:77)
	at java.base/jdk.internal.reflect.DelegatingMethodAccessorImpl.invoke(DelegatingMethodAccessorImpl.java:43)]]></system-err>
      </testcase>
      <testcase name="Test Cases/APAC_Universities/SEO_PAGES/MBS_University/Enrol_Now" time="11.21" classname="Test Cases/APAC_Universities/SEO_PAGES/MBS_University/Enrol_Now" status="ERROR">
         <error type="ERROR" message="Test Cases/APAC_Universities/SEO_PAGES/MBS_University/Enrol_Now FAILED.&#xa;Reason:&#xa;org.openqa.selenium.ElementNotInteractableException: element not interactable&#xa;  (Session info: chrome=129.0.6668.101)&#xa;Build info: version: '3.141.59', revision: 'unknown', time: 'unknown'&#xa;System info: host: 'Madhans-MacBook-Pro.local', ip: '2401:d002:ab04:5000:1c35:1f0d:a1a9:763a%en0', os.name: 'Mac OS X', os.arch: 'aarch64', os.version: '14.3.1', java.version: '17.0.7'&#xa;Driver info: com.kms.katalon.selenium.driver.CChromeDriver&#xa;Capabilities {acceptInsecureCerts: false, browserName: chrome, browserVersion: 129.0.6668.101, chrome: {chromedriverVersion: 128.0.6613.84 (606aa55c7d68..., userDataDir: /var/folders/81/jk91fm7j2_5...}, fedcm:accounts: true, goog:chromeOptions: {debuggerAddress: localhost:63532}, javascriptEnabled: true, networkConnectionEnabled: false, pageLoadStrategy: normal, platform: MAC, platformName: MAC, proxy: Proxy(), setWindowRect: true, strictFileInteractability: false, timeouts: {implicit: 0, pageLoad: 300000, script: 30000}, unhandledPromptBehavior: dismiss and notify, webauthn:extension:credBlob: true, webauthn:extension:largeBlob: true, webauthn:extension:minPinLength: true, webauthn:extension:prf: true, webauthn:virtualAuthenticators: true}&#xa;Session ID: ce869d36a46c7d037b9cad08197c9a5a&#xa;	at java.base/jdk.internal.reflect.NativeConstructorAccessorImpl.newInstance0(Native Method)&#xa;	at java.base/jdk.internal.reflect.NativeConstructorAccessorImpl.newInstance(NativeConstructorAccessorImpl.java:77)&#xa;	at java.base/jdk.internal.reflect.DelegatingConstructorAccessorImpl.newInstance(DelegatingConstructorAccessorImpl.java:45)&#xa;	at org.openqa.selenium.remote.http.W3CHttpResponseCodec.createException(W3CHttpResponseCodec.java:187)&#xa;	at org.openqa.selenium.remote.http.W3CHttpResponseCodec.decode(W3CHttpResponseCodec.java:122)&#xa;	at org.openqa.selenium.remote.http.W3CHttpResponseCodec.decode(W3CHttpResponseCodec.java:49)&#xa;	at org.openqa.selenium.remote.HttpCommandExecutor.execute(HttpCommandExecutor.java:158)&#xa;	at org.openqa.selenium.remote.service.DriverCommandExecutor.execute(DriverCommandExecutor.java:83)&#xa;	at org.openqa.selenium.remote.RemoteWebDriver.execute(RemoteWebDriver.java:552)&#xa;	at com.kms.katalon.selenium.driver.CChromeDriver.execute(CChromeDriver.java:19)&#xa;	at org.openqa.selenium.remote.RemoteWebElement.execute(RemoteWebElement.java:285)&#xa;	at org.openqa.selenium.remote.RemoteWebElement.click(RemoteWebElement.java:84)&#xa;	at jdk.internal.reflect.GeneratedMethodAccessor16.invoke(Unknown Source)&#xa;	at java.base/jdk.internal.reflect.DelegatingMethodAccessorImpl.invoke(DelegatingMethodAccessorImpl.java:43)&#xa;	at org.openqa.selenium.support.events.EventFiringWebDriver$EventFiringWebElement.lambda$new$0(EventFiringWebDriver.java:404)&#xa;	at jdk.proxy2/jdk.proxy2.$Proxy24.click(Unknown Source)&#xa;	at org.openqa.selenium.support.events.EventFiringWebDriver$EventFiringWebElement.click(EventFiringWebDriver.java:417)&#xa;	at Enrol_Now.run(Enrol_Now:56)&#xa;	at com.kms.katalon.core.main.ScriptEngine.run(ScriptEngine.java:194)&#xa;	at com.kms.katalon.core.main.ScriptEngine.runScriptAsRawText(ScriptEngine.java:119)&#xa;	at com.kms.katalon.core.main.TestCaseExecutor.runScript(TestCaseExecutor.java:448)&#xa;	at com.kms.katalon.core.main.TestCaseExecutor.doExecute(TestCaseExecutor.java:439)&#xa;	at com.kms.katalon.core.main.TestCaseExecutor.processExecutionPhase(TestCaseExecutor.java:418)&#xa;	at com.kms.katalon.core.main.TestCaseExecutor.accessMainPhase(TestCaseExecutor.java:410)&#xa;	at com.kms.katalon.core.main.TestCaseExecutor.execute(TestCaseExecutor.java:285)&#xa;	at com.kms.katalon.core.common.CommonExecutor.accessTestCaseMainPhase(CommonExecutor.java:65)&#xa;	at com.kms.katalon.core.main.TestSuiteExecutor.accessTestSuiteMainPhase(TestSuiteExecutor.java:150)&#xa;	at com.kms.katalon.core.main.TestSuiteExecutor.execute(TestSuiteExecutor.java:106)&#xa;	at com.kms.katalon.core.main.TestCaseMain.startTestSuite(TestCaseMain.java:180)&#xa;	at TempTestSuite1729573882564.run(TempTestSuite1729573882564.groovy:35)&#xa;	at java.base/jdk.internal.reflect.NativeMethodAccessorImpl.invoke0(Native Method)&#xa;	at java.base/jdk.internal.reflect.NativeMethodAccessorImpl.invoke(NativeMethodAccessorImpl.java:77)&#xa;	at java.base/jdk.internal.reflect.DelegatingMethodAccessorImpl.invoke(DelegatingMethodAccessorImpl.java:43)&#xa;"/>
         <system-out><![CDATA[22-10-2024T16:18:55 - [TEST_CASE][ERROR] - Test Cases/APAC_Universities/SEO_PAGES/MBS_University/Enrol_Now: Test Cases/APAC_Universities/SEO_PAGES/MBS_University/Enrol_Now FAILED.
Reason:
org.openqa.selenium.ElementNotInteractableException: element not interactable
  (Session info: chrome=129.0.6668.101)
Build info: version: '3.141.59', revision: 'unknown', time: 'unknown'
System info: host: 'Madhans-MacBook-Pro.local', ip: '2401:d002:ab04:5000:1c35:1f0d:a1a9:763a%en0', os.name: 'Mac OS X', os.arch: 'aarch64', os.version: '14.3.1', java.version: '17.0.7'
Driver info: com.kms.katalon.selenium.driver.CChromeDriver
Capabilities {acceptInsecureCerts: false, browserName: chrome, browserVersion: 129.0.6668.101, chrome: {chromedriverVersion: 128.0.6613.84 (606aa55c7d68..., userDataDir: /var/folders/81/jk91fm7j2_5...}, fedcm:accounts: true, goog:chromeOptions: {debuggerAddress: localhost:63532}, javascriptEnabled: true, networkConnectionEnabled: false, pageLoadStrategy: normal, platform: MAC, platformName: MAC, proxy: Proxy(), setWindowRect: true, strictFileInteractability: false, timeouts: {implicit: 0, pageLoad: 300000, script: 30000}, unhandledPromptBehavior: dismiss and notify, webauthn:extension:credBlob: true, webauthn:extension:largeBlob: true, webauthn:extension:minPinLength: true, webauthn:extension:prf: true, webauthn:virtualAuthenticators: true}
Session ID: ce869d36a46c7d037b9cad08197c9a5a
	at java.base/jdk.internal.reflect.NativeConstructorAccessorImpl.newInstance0(Native Method)
	at java.base/jdk.internal.reflect.NativeConstructorAccessorImpl.newInstance(NativeConstructorAccessorImpl.java:77)
	at java.base/jdk.internal.reflect.DelegatingConstructorAccessorImpl.newInstance(DelegatingConstructorAccessorImpl.java:45)
	at org.openqa.selenium.remote.http.W3CHttpResponseCodec.createException(W3CHttpResponseCodec.java:187)
	at org.openqa.selenium.remote.http.W3CHttpResponseCodec.decode(W3CHttpResponseCodec.java:122)
	at org.openqa.selenium.remote.http.W3CHttpResponseCodec.decode(W3CHttpResponseCodec.java:49)
	at org.openqa.selenium.remote.HttpCommandExecutor.execute(HttpCommandExecutor.java:158)
	at org.openqa.selenium.remote.service.DriverCommandExecutor.execute(DriverCommandExecutor.java:83)
	at org.openqa.selenium.remote.RemoteWebDriver.execute(RemoteWebDriver.java:552)
	at com.kms.katalon.selenium.driver.CChromeDriver.execute(CChromeDriver.java:19)
	at org.openqa.selenium.remote.RemoteWebElement.execute(RemoteWebElement.java:285)
	at org.openqa.selenium.remote.RemoteWebElement.click(RemoteWebElement.java:84)
	at jdk.internal.reflect.GeneratedMethodAccessor16.invoke(Unknown Source)
	at java.base/jdk.internal.reflect.DelegatingMethodAccessorImpl.invoke(DelegatingMethodAccessorImpl.java:43)
	at org.openqa.selenium.support.events.EventFiringWebDriver$EventFiringWebElement.lambda$new$0(EventFiringWebDriver.java:404)
	at jdk.proxy2/jdk.proxy2.$Proxy24.click(Unknown Source)
	at org.openqa.selenium.support.events.EventFiringWebDriver$EventFiringWebElement.click(EventFiringWebDriver.java:417)
	at Enrol_Now.run(Enrol_Now:56)
	at com.kms.katalon.core.main.ScriptEngine.run(ScriptEngine.java:194)
	at com.kms.katalon.core.main.ScriptEngine.runScriptAsRawText(ScriptEngine.java:119)
	at com.kms.katalon.core.main.TestCaseExecutor.runScript(TestCaseExecutor.java:448)
	at com.kms.katalon.core.main.TestCaseExecutor.doExecute(TestCaseExecutor.java:439)
	at com.kms.katalon.core.main.TestCaseExecutor.processExecutionPhase(TestCaseExecutor.java:418)
	at com.kms.katalon.core.main.TestCaseExecutor.accessMainPhase(TestCaseExecutor.java:410)
	at com.kms.katalon.core.main.TestCaseExecutor.execute(TestCaseExecutor.java:285)
	at com.kms.katalon.core.common.CommonExecutor.accessTestCaseMainPhase(CommonExecutor.java:65)
	at com.kms.katalon.core.main.TestSuiteExecutor.accessTestSuiteMainPhase(TestSuiteExecutor.java:150)
	at com.kms.katalon.core.main.TestSuiteExecutor.execute(TestSuiteExecutor.java:106)
	at com.kms.katalon.core.main.TestCaseMain.startTestSuite(TestCaseMain.java:180)
	at TempTestSuite1729573882564.run(TempTestSuite1729573882564.groovy:35)
	at java.base/jdk.internal.reflect.NativeMethodAccessorImpl.invoke0(Native Method)
	at java.base/jdk.internal.reflect.NativeMethodAccessorImpl.invoke(NativeMethodAccessorImpl.java:77)
	at java.base/jdk.internal.reflect.DelegatingMethodAccessorImpl.invoke(DelegatingMethodAccessorImpl.java:43)


22-10-2024T16:18:55 - [TEST_STEP][PASSED] - buttonObject = findTestObject("Object Repository/APAC_University/MBS_University/Short_Courses/List_ShortCourses"): null

22-10-2024T16:18:55 - [TEST_STEP][PASSED] - mouseOver(buttonObject): Object: 'Object Repository/APAC_University/MBS_University/Short_Courses/List_ShortCourses' is hovered

22-10-2024T16:18:56 - [MESSAGE][PASSED] - Object: 'Object Repository/APAC_University/MBS_University/Short_Courses/List_ShortCourses' is hovered

22-10-2024T16:18:56 - [TEST_STEP][PASSED] - list1 = findTestObject("Object Repository/APAC_University/MBS_University/Short_Courses/Shortcourse_Listone"): null

22-10-2024T16:18:56 - [TEST_STEP][PASSED] - list2 = findTestObject("Object Repository/APAC_University/MBS_University/Short_Courses/Shortcourse_Listtwo"): null

22-10-2024T16:18:56 - [TEST_STEP][PASSED] - list3 = findTestObject("Object Repository/APAC_University/MBS_University/Short_Courses/Shortcourse_Listthree"): null

22-10-2024T16:18:56 - [TEST_STEP][PASSED] - lists = [list1, list2, list3]: null

22-10-2024T16:18:56 - [TEST_STEP][PASSED] - rand = new java.util.Random(): null

22-10-2024T16:18:56 - [TEST_STEP][PASSED] - randomListIndex = rand.nextInt(lists.size()): null

22-10-2024T16:18:56 - [TEST_STEP][PASSED] - selectedList = lists.get(randomListIndex): null

22-10-2024T16:18:56 - [TEST_STEP][PASSED] - waitForElementVisible(selectedList, 10): Object 'Object Repository/APAC_University/MBS_University/Short_Courses/Shortcourse_Listone' is not visible after 10 second(s)

22-10-2024T16:19:06 - [MESSAGE][WARNING] - Object 'Object Repository/APAC_University/MBS_University/Short_Courses/Shortcourse_Listone' is not visible after 10 second(s)

22-10-2024T16:19:06 - [TEST_STEP][PASSED] - listItems = findWebElements(selectedList, 30): Found web elements by test object Object Repository/APAC_University/MBS_University/Short_Courses/Shortcourse_Listone

22-10-2024T16:19:06 - [MESSAGE][PASSED] - Found web elements by test object Object Repository/APAC_University/MBS_University/Short_Courses/Shortcourse_Listone

22-10-2024T16:19:06 - [TEST_STEP][ERROR] - if (listItems.size() > 0): Test Cases/APAC_Universities/SEO_PAGES/MBS_University/Enrol_Now FAILED.
Reason:
org.openqa.selenium.ElementNotInteractableException: element not interactable
  (Session info: chrome=129.0.6668.101)
Build info: version: '3.141.59', revision: 'unknown', time: 'unknown'
System info: host: 'Madhans-MacBook-Pro.local', ip: '2401:d002:ab04:5000:1c35:1f0d:a1a9:763a%en0', os.name: 'Mac OS X', os.arch: 'aarch64', os.version: '14.3.1', java.version: '17.0.7'
Driver info: com.kms.katalon.selenium.driver.CChromeDriver
Capabilities {acceptInsecureCerts: false, browserName: chrome, browserVersion: 129.0.6668.101, chrome: {chromedriverVersion: 128.0.6613.84 (606aa55c7d68..., userDataDir: /var/folders/81/jk91fm7j2_5...}, fedcm:accounts: true, goog:chromeOptions: {debuggerAddress: localhost:63532}, javascriptEnabled: true, networkConnectionEnabled: false, pageLoadStrategy: normal, platform: MAC, platformName: MAC, proxy: Proxy(), setWindowRect: true, strictFileInteractability: false, timeouts: {implicit: 0, pageLoad: 300000, script: 30000}, unhandledPromptBehavior: dismiss and notify, webauthn:extension:credBlob: true, webauthn:extension:largeBlob: true, webauthn:extension:minPinLength: true, webauthn:extension:prf: true, webauthn:virtualAuthenticators: true}
Session ID: ce869d36a46c7d037b9cad08197c9a5a
	at java.base/jdk.internal.reflect.NativeConstructorAccessorImpl.newInstance0(Native Method)
	at java.base/jdk.internal.reflect.NativeConstructorAccessorImpl.newInstance(NativeConstructorAccessorImpl.java:77)
	at java.base/jdk.internal.reflect.DelegatingConstructorAccessorImpl.newInstance(DelegatingConstructorAccessorImpl.java:45)
	at org.openqa.selenium.remote.http.W3CHttpResponseCodec.createException(W3CHttpResponseCodec.java:187)
	at org.openqa.selenium.remote.http.W3CHttpResponseCodec.decode(W3CHttpResponseCodec.java:122)
	at org.openqa.selenium.remote.http.W3CHttpResponseCodec.decode(W3CHttpResponseCodec.java:49)
	at org.openqa.selenium.remote.HttpCommandExecutor.execute(HttpCommandExecutor.java:158)
	at org.openqa.selenium.remote.service.DriverCommandExecutor.execute(DriverCommandExecutor.java:83)
	at org.openqa.selenium.remote.RemoteWebDriver.execute(RemoteWebDriver.java:552)
	at com.kms.katalon.selenium.driver.CChromeDriver.execute(CChromeDriver.java:19)
	at org.openqa.selenium.remote.RemoteWebElement.execute(RemoteWebElement.java:285)
	at org.openqa.selenium.remote.RemoteWebElement.click(RemoteWebElement.java:84)
	at jdk.internal.reflect.GeneratedMethodAccessor16.invoke(Unknown Source)
	at java.base/jdk.internal.reflect.DelegatingMethodAccessorImpl.invoke(DelegatingMethodAccessorImpl.java:43)
	at org.openqa.selenium.support.events.EventFiringWebDriver$EventFiringWebElement.lambda$new$0(EventFiringWebDriver.java:404)
	at jdk.proxy2/jdk.proxy2.$Proxy24.click(Unknown Source)
	at org.openqa.selenium.support.events.EventFiringWebDriver$EventFiringWebElement.click(EventFiringWebDriver.java:417)
	at Enrol_Now.run(Enrol_Now:56)
	at com.kms.katalon.core.main.ScriptEngine.run(ScriptEngine.java:194)
	at com.kms.katalon.core.main.ScriptEngine.runScriptAsRawText(ScriptEngine.java:119)
	at com.kms.katalon.core.main.TestCaseExecutor.runScript(TestCaseExecutor.java:448)
	at com.kms.katalon.core.main.TestCaseExecutor.doExecute(TestCaseExecutor.java:439)
	at com.kms.katalon.core.main.TestCaseExecutor.processExecutionPhase(TestCaseExecutor.java:418)
	at com.kms.katalon.core.main.TestCaseExecutor.accessMainPhase(TestCaseExecutor.java:410)
	at com.kms.katalon.core.main.TestCaseExecutor.execute(TestCaseExecutor.java:285)
	at com.kms.katalon.core.common.CommonExecutor.accessTestCaseMainPhase(CommonExecutor.java:65)
	at com.kms.katalon.core.main.TestSuiteExecutor.accessTestSuiteMainPhase(TestSuiteExecutor.java:150)
	at com.kms.katalon.core.main.TestSuiteExecutor.execute(TestSuiteExecutor.java:106)
	at com.kms.katalon.core.main.TestCaseMain.startTestSuite(TestCaseMain.java:180)
	at TempTestSuite1729573882564.run(TempTestSuite1729573882564.groovy:35)
	at java.base/jdk.internal.reflect.NativeMethodAccessorImpl.invoke0(Native Method)
	at java.base/jdk.internal.reflect.NativeMethodAccessorImpl.invoke(NativeMethodAccessorImpl.java:77)
	at java.base/jdk.internal.reflect.DelegatingMethodAccessorImpl.invoke(DelegatingMethodAccessorImpl.java:43)


22-10-2024T16:19:06 - [TEST_STEP][PASSED] - randomItemIndex = rand.nextInt(listItems.size()): null

22-10-2024T16:19:06 - [TEST_STEP][PASSED] - randomItem = listItems.get(randomItemIndex): null

22-10-2024T16:19:06 - [TEST_STEP][ERROR] - randomItem.click(): Test Cases/APAC_Universities/SEO_PAGES/MBS_University/Enrol_Now FAILED.
Reason:
org.openqa.selenium.ElementNotInteractableException: element not interactable
  (Session info: chrome=129.0.6668.101)
Build info: version: '3.141.59', revision: 'unknown', time: 'unknown'
System info: host: 'Madhans-MacBook-Pro.local', ip: '2401:d002:ab04:5000:1c35:1f0d:a1a9:763a%en0', os.name: 'Mac OS X', os.arch: 'aarch64', os.version: '14.3.1', java.version: '17.0.7'
Driver info: com.kms.katalon.selenium.driver.CChromeDriver
Capabilities {acceptInsecureCerts: false, browserName: chrome, browserVersion: 129.0.6668.101, chrome: {chromedriverVersion: 128.0.6613.84 (606aa55c7d68..., userDataDir: /var/folders/81/jk91fm7j2_5...}, fedcm:accounts: true, goog:chromeOptions: {debuggerAddress: localhost:63532}, javascriptEnabled: true, networkConnectionEnabled: false, pageLoadStrategy: normal, platform: MAC, platformName: MAC, proxy: Proxy(), setWindowRect: true, strictFileInteractability: false, timeouts: {implicit: 0, pageLoad: 300000, script: 30000}, unhandledPromptBehavior: dismiss and notify, webauthn:extension:credBlob: true, webauthn:extension:largeBlob: true, webauthn:extension:minPinLength: true, webauthn:extension:prf: true, webauthn:virtualAuthenticators: true}
Session ID: ce869d36a46c7d037b9cad08197c9a5a
	at java.base/jdk.internal.reflect.NativeConstructorAccessorImpl.newInstance0(Native Method)
	at java.base/jdk.internal.reflect.NativeConstructorAccessorImpl.newInstance(NativeConstructorAccessorImpl.java:77)
	at java.base/jdk.internal.reflect.DelegatingConstructorAccessorImpl.newInstance(DelegatingConstructorAccessorImpl.java:45)
	at org.openqa.selenium.remote.http.W3CHttpResponseCodec.createException(W3CHttpResponseCodec.java:187)
	at org.openqa.selenium.remote.http.W3CHttpResponseCodec.decode(W3CHttpResponseCodec.java:122)
	at org.openqa.selenium.remote.http.W3CHttpResponseCodec.decode(W3CHttpResponseCodec.java:49)
	at org.openqa.selenium.remote.HttpCommandExecutor.execute(HttpCommandExecutor.java:158)
	at org.openqa.selenium.remote.service.DriverCommandExecutor.execute(DriverCommandExecutor.java:83)
	at org.openqa.selenium.remote.RemoteWebDriver.execute(RemoteWebDriver.java:552)
	at com.kms.katalon.selenium.driver.CChromeDriver.execute(CChromeDriver.java:19)
	at org.openqa.selenium.remote.RemoteWebElement.execute(RemoteWebElement.java:285)
	at org.openqa.selenium.remote.RemoteWebElement.click(RemoteWebElement.java:84)
	at jdk.internal.reflect.GeneratedMethodAccessor16.invoke(Unknown Source)
	at java.base/jdk.internal.reflect.DelegatingMethodAccessorImpl.invoke(DelegatingMethodAccessorImpl.java:43)
	at org.openqa.selenium.support.events.EventFiringWebDriver$EventFiringWebElement.lambda$new$0(EventFiringWebDriver.java:404)
	at jdk.proxy2/jdk.proxy2.$Proxy24.click(Unknown Source)
	at org.openqa.selenium.support.events.EventFiringWebDriver$EventFiringWebElement.click(EventFiringWebDriver.java:417)
	at Enrol_Now.run(Enrol_Now:56)
	at com.kms.katalon.core.main.ScriptEngine.run(ScriptEngine.java:194)
	at com.kms.katalon.core.main.ScriptEngine.runScriptAsRawText(ScriptEngine.java:119)
	at com.kms.katalon.core.main.TestCaseExecutor.runScript(TestCaseExecutor.java:448)
	at com.kms.katalon.core.main.TestCaseExecutor.doExecute(TestCaseExecutor.java:439)
	at com.kms.katalon.core.main.TestCaseExecutor.processExecutionPhase(TestCaseExecutor.java:418)
	at com.kms.katalon.core.main.TestCaseExecutor.accessMainPhase(TestCaseExecutor.java:410)
	at com.kms.katalon.core.main.TestCaseExecutor.execute(TestCaseExecutor.java:285)
	at com.kms.katalon.core.common.CommonExecutor.accessTestCaseMainPhase(CommonExecutor.java:65)
	at com.kms.katalon.core.main.TestSuiteExecutor.accessTestSuiteMainPhase(TestSuiteExecutor.java:150)
	at com.kms.katalon.core.main.TestSuiteExecutor.execute(TestSuiteExecutor.java:106)
	at com.kms.katalon.core.main.TestCaseMain.startTestSuite(TestCaseMain.java:180)
	at TempTestSuite1729573882564.run(TempTestSuite1729573882564.groovy:35)
	at java.base/jdk.internal.reflect.NativeMethodAccessorImpl.invoke0(Native Method)
	at java.base/jdk.internal.reflect.NativeMethodAccessorImpl.invoke(NativeMethodAccessorImpl.java:77)
	at java.base/jdk.internal.reflect.DelegatingMethodAccessorImpl.invoke(DelegatingMethodAccessorImpl.java:43)


22-10-2024T16:19:06 - [MESSAGE][ERROR] - Test Cases/APAC_Universities/SEO_PAGES/MBS_University/Enrol_Now FAILED.
Reason:
org.openqa.selenium.ElementNotInteractableException: element not interactable
  (Session info: chrome=129.0.6668.101)
Build info: version: '3.141.59', revision: 'unknown', time: 'unknown'
System info: host: 'Madhans-MacBook-Pro.local', ip: '2401:d002:ab04:5000:1c35:1f0d:a1a9:763a%en0', os.name: 'Mac OS X', os.arch: 'aarch64', os.version: '14.3.1', java.version: '17.0.7'
Driver info: com.kms.katalon.selenium.driver.CChromeDriver
Capabilities {acceptInsecureCerts: false, browserName: chrome, browserVersion: 129.0.6668.101, chrome: {chromedriverVersion: 128.0.6613.84 (606aa55c7d68..., userDataDir: /var/folders/81/jk91fm7j2_5...}, fedcm:accounts: true, goog:chromeOptions: {debuggerAddress: localhost:63532}, javascriptEnabled: true, networkConnectionEnabled: false, pageLoadStrategy: normal, platform: MAC, platformName: MAC, proxy: Proxy(), setWindowRect: true, strictFileInteractability: false, timeouts: {implicit: 0, pageLoad: 300000, script: 30000}, unhandledPromptBehavior: dismiss and notify, webauthn:extension:credBlob: true, webauthn:extension:largeBlob: true, webauthn:extension:minPinLength: true, webauthn:extension:prf: true, webauthn:virtualAuthenticators: true}
Session ID: ce869d36a46c7d037b9cad08197c9a5a
	at java.base/jdk.internal.reflect.NativeConstructorAccessorImpl.newInstance0(Native Method)
	at java.base/jdk.internal.reflect.NativeConstructorAccessorImpl.newInstance(NativeConstructorAccessorImpl.java:77)
	at java.base/jdk.internal.reflect.DelegatingConstructorAccessorImpl.newInstance(DelegatingConstructorAccessorImpl.java:45)
	at org.openqa.selenium.remote.http.W3CHttpResponseCodec.createException(W3CHttpResponseCodec.java:187)
	at org.openqa.selenium.remote.http.W3CHttpResponseCodec.decode(W3CHttpResponseCodec.java:122)
	at org.openqa.selenium.remote.http.W3CHttpResponseCodec.decode(W3CHttpResponseCodec.java:49)
	at org.openqa.selenium.remote.HttpCommandExecutor.execute(HttpCommandExecutor.java:158)
	at org.openqa.selenium.remote.service.DriverCommandExecutor.execute(DriverCommandExecutor.java:83)
	at org.openqa.selenium.remote.RemoteWebDriver.execute(RemoteWebDriver.java:552)
	at com.kms.katalon.selenium.driver.CChromeDriver.execute(CChromeDriver.java:19)
	at org.openqa.selenium.remote.RemoteWebElement.execute(RemoteWebElement.java:285)
	at org.openqa.selenium.remote.RemoteWebElement.click(RemoteWebElement.java:84)
	at jdk.internal.reflect.GeneratedMethodAccessor16.invoke(Unknown Source)
	at java.base/jdk.internal.reflect.DelegatingMethodAccessorImpl.invoke(DelegatingMethodAccessorImpl.java:43)
	at org.openqa.selenium.support.events.EventFiringWebDriver$EventFiringWebElement.lambda$new$0(EventFiringWebDriver.java:404)
	at jdk.proxy2/jdk.proxy2.$Proxy24.click(Unknown Source)
	at org.openqa.selenium.support.events.EventFiringWebDriver$EventFiringWebElement.click(EventFiringWebDriver.java:417)
	at Enrol_Now.run(Enrol_Now:56)
	at com.kms.katalon.core.main.ScriptEngine.run(ScriptEngine.java:194)
	at com.kms.katalon.core.main.ScriptEngine.runScriptAsRawText(ScriptEngine.java:119)
	at com.kms.katalon.core.main.TestCaseExecutor.runScript(TestCaseExecutor.java:448)
	at com.kms.katalon.core.main.TestCaseExecutor.doExecute(TestCaseExecutor.java:439)
	at com.kms.katalon.core.main.TestCaseExecutor.processExecutionPhase(TestCaseExecutor.java:418)
	at com.kms.katalon.core.main.TestCaseExecutor.accessMainPhase(TestCaseExecutor.java:410)
	at com.kms.katalon.core.main.TestCaseExecutor.execute(TestCaseExecutor.java:285)
	at com.kms.katalon.core.common.CommonExecutor.accessTestCaseMainPhase(CommonExecutor.java:65)
	at com.kms.katalon.core.main.TestSuiteExecutor.accessTestSuiteMainPhase(TestSuiteExecutor.java:150)
	at com.kms.katalon.core.main.TestSuiteExecutor.execute(TestSuiteExecutor.java:106)
	at com.kms.katalon.core.main.TestCaseMain.startTestSuite(TestCaseMain.java:180)
	at TempTestSuite1729573882564.run(TempTestSuite1729573882564.groovy:35)
	at java.base/jdk.internal.reflect.NativeMethodAccessorImpl.invoke0(Native Method)
	at java.base/jdk.internal.reflect.NativeMethodAccessorImpl.invoke(NativeMethodAccessorImpl.java:77)
	at java.base/jdk.internal.reflect.DelegatingMethodAccessorImpl.invoke(DelegatingMethodAccessorImpl.java:43)]]></system-out>
         <system-err><![CDATA[22-10-2024T16:18:55 - [TEST_CASE][ERROR] - Test Cases/APAC_Universities/SEO_PAGES/MBS_University/Enrol_Now: Test Cases/APAC_Universities/SEO_PAGES/MBS_University/Enrol_Now FAILED.
Reason:
org.openqa.selenium.ElementNotInteractableException: element not interactable
  (Session info: chrome=129.0.6668.101)
Build info: version: '3.141.59', revision: 'unknown', time: 'unknown'
System info: host: 'Madhans-MacBook-Pro.local', ip: '2401:d002:ab04:5000:1c35:1f0d:a1a9:763a%en0', os.name: 'Mac OS X', os.arch: 'aarch64', os.version: '14.3.1', java.version: '17.0.7'
Driver info: com.kms.katalon.selenium.driver.CChromeDriver
Capabilities {acceptInsecureCerts: false, browserName: chrome, browserVersion: 129.0.6668.101, chrome: {chromedriverVersion: 128.0.6613.84 (606aa55c7d68..., userDataDir: /var/folders/81/jk91fm7j2_5...}, fedcm:accounts: true, goog:chromeOptions: {debuggerAddress: localhost:63532}, javascriptEnabled: true, networkConnectionEnabled: false, pageLoadStrategy: normal, platform: MAC, platformName: MAC, proxy: Proxy(), setWindowRect: true, strictFileInteractability: false, timeouts: {implicit: 0, pageLoad: 300000, script: 30000}, unhandledPromptBehavior: dismiss and notify, webauthn:extension:credBlob: true, webauthn:extension:largeBlob: true, webauthn:extension:minPinLength: true, webauthn:extension:prf: true, webauthn:virtualAuthenticators: true}
Session ID: ce869d36a46c7d037b9cad08197c9a5a
	at java.base/jdk.internal.reflect.NativeConstructorAccessorImpl.newInstance0(Native Method)
	at java.base/jdk.internal.reflect.NativeConstructorAccessorImpl.newInstance(NativeConstructorAccessorImpl.java:77)
	at java.base/jdk.internal.reflect.DelegatingConstructorAccessorImpl.newInstance(DelegatingConstructorAccessorImpl.java:45)
	at org.openqa.selenium.remote.http.W3CHttpResponseCodec.createException(W3CHttpResponseCodec.java:187)
	at org.openqa.selenium.remote.http.W3CHttpResponseCodec.decode(W3CHttpResponseCodec.java:122)
	at org.openqa.selenium.remote.http.W3CHttpResponseCodec.decode(W3CHttpResponseCodec.java:49)
	at org.openqa.selenium.remote.HttpCommandExecutor.execute(HttpCommandExecutor.java:158)
	at org.openqa.selenium.remote.service.DriverCommandExecutor.execute(DriverCommandExecutor.java:83)
	at org.openqa.selenium.remote.RemoteWebDriver.execute(RemoteWebDriver.java:552)
	at com.kms.katalon.selenium.driver.CChromeDriver.execute(CChromeDriver.java:19)
	at org.openqa.selenium.remote.RemoteWebElement.execute(RemoteWebElement.java:285)
	at org.openqa.selenium.remote.RemoteWebElement.click(RemoteWebElement.java:84)
	at jdk.internal.reflect.GeneratedMethodAccessor16.invoke(Unknown Source)
	at java.base/jdk.internal.reflect.DelegatingMethodAccessorImpl.invoke(DelegatingMethodAccessorImpl.java:43)
	at org.openqa.selenium.support.events.EventFiringWebDriver$EventFiringWebElement.lambda$new$0(EventFiringWebDriver.java:404)
	at jdk.proxy2/jdk.proxy2.$Proxy24.click(Unknown Source)
	at org.openqa.selenium.support.events.EventFiringWebDriver$EventFiringWebElement.click(EventFiringWebDriver.java:417)
	at Enrol_Now.run(Enrol_Now:56)
	at com.kms.katalon.core.main.ScriptEngine.run(ScriptEngine.java:194)
	at com.kms.katalon.core.main.ScriptEngine.runScriptAsRawText(ScriptEngine.java:119)
	at com.kms.katalon.core.main.TestCaseExecutor.runScript(TestCaseExecutor.java:448)
	at com.kms.katalon.core.main.TestCaseExecutor.doExecute(TestCaseExecutor.java:439)
	at com.kms.katalon.core.main.TestCaseExecutor.processExecutionPhase(TestCaseExecutor.java:418)
	at com.kms.katalon.core.main.TestCaseExecutor.accessMainPhase(TestCaseExecutor.java:410)
	at com.kms.katalon.core.main.TestCaseExecutor.execute(TestCaseExecutor.java:285)
	at com.kms.katalon.core.common.CommonExecutor.accessTestCaseMainPhase(CommonExecutor.java:65)
	at com.kms.katalon.core.main.TestSuiteExecutor.accessTestSuiteMainPhase(TestSuiteExecutor.java:150)
	at com.kms.katalon.core.main.TestSuiteExecutor.execute(TestSuiteExecutor.java:106)
	at com.kms.katalon.core.main.TestCaseMain.startTestSuite(TestCaseMain.java:180)
	at TempTestSuite1729573882564.run(TempTestSuite1729573882564.groovy:35)
	at java.base/jdk.internal.reflect.NativeMethodAccessorImpl.invoke0(Native Method)
	at java.base/jdk.internal.reflect.NativeMethodAccessorImpl.invoke(NativeMethodAccessorImpl.java:77)
	at java.base/jdk.internal.reflect.DelegatingMethodAccessorImpl.invoke(DelegatingMethodAccessorImpl.java:43)]]></system-err>
      </testcase>
      <testcase name="Test Cases/APAC_Universities/SEO_PAGES/James_Cook_University/Enquiry_Now" time="26.975" classname="Test Cases/APAC_Universities/SEO_PAGES/James_Cook_University/Enquiry_Now" status="PASSED">
         <system-out><![CDATA[22-10-2024T16:19:06 - [TEST_CASE][PASSED] - Test Cases/APAC_Universities/SEO_PAGES/James_Cook_University/Enquiry_Now: Test Cases/APAC_Universities/SEO_PAGES/James_Cook_University/Enquiry_Now

22-10-2024T16:19:06 - [TEST_STEP][PASSED] - callTestCase(findTestCase("Test Cases/APAC_Universities/SEO_PAGES/James_Cook_University/Reusable_Testcases/Navigate_URL"), [:], STOP_ON_FAILURE): Call Test Case 'Test Cases/APAC_Universities/SEO_PAGES/James_Cook_University/Reusable_Testcases/Navigate_URL' successfully

22-10-2024T16:19:06 - [TEST_CASE][PASSED] - Test Cases/APAC_Universities/SEO_PAGES/James_Cook_University/Reusable_Testcases/Navigate_URL: Test Cases/APAC_Universities/SEO_PAGES/James_Cook_University/Reusable_Testcases/Navigate_URL

22-10-2024T16:19:06 - [TEST_STEP][PASSED] - openBrowser(""): Browser is opened with url: ''

22-10-2024T16:19:06 - [MESSAGE][WARNING] - A browser is already opened. Closing browser and opening a new one

22-10-2024T16:19:07 - [MESSAGE][INFO] - Starting 'Chrome' driver

22-10-2024T16:19:07 - [MESSAGE][INFO] - Action delay is set to 0 milliseconds

22-10-2024T16:19:07 - [MESSAGE][PASSED] - Browser is opened with url: ''

22-10-2024T16:19:07 - [TEST_STEP][PASSED] - navigateToUrl(University_JCU): Navigate to 'https://key:path@dev-jcu-opm.pantheonsite.io/' successfully

22-10-2024T16:19:09 - [MESSAGE][PASSED] - Navigate to 'https://key:path@dev-jcu-opm.pantheonsite.io/' successfully

22-10-2024T16:19:09 - [TEST_STEP][PASSED] - maximizeWindow(): Current window maximized

22-10-2024T16:19:13 - [MESSAGE][PASSED] - Current window maximized

22-10-2024T16:19:13 - [MESSAGE][PASSED] - Call Test Case 'Test Cases/APAC_Universities/SEO_PAGES/James_Cook_University/Reusable_Testcases/Navigate_URL' successfully

22-10-2024T16:19:13 - [TEST_STEP][PASSED] - waitForElementClickable(findTestObject("Object Repository/APAC_University/James_Cook_University/Button_Enquiry_Now"), 10): Object 'Object Repository/APAC_University/James_Cook_University/Button_Enquiry_Now' is clickable

22-10-2024T16:19:13 - [MESSAGE][PASSED] - Object 'Object Repository/APAC_University/James_Cook_University/Button_Enquiry_Now' is clickable

22-10-2024T16:19:13 - [TEST_STEP][PASSED] - click(findTestObject("Object Repository/APAC_University/James_Cook_University/Button_Enquiry_Now")): Object: 'Object Repository/APAC_University/James_Cook_University/Button_Enquiry_Now' is clicked on

22-10-2024T16:19:14 - [MESSAGE][PASSED] - Object: 'Object Repository/APAC_University/James_Cook_University/Button_Enquiry_Now' is clicked on

22-10-2024T16:19:14 - [TEST_STEP][PASSED] - callTestCase(findTestCase("Test Cases/APAC_Universities/SEO_PAGES/James_Cook_University/Reusable_Testcases/Lead_Form"), [:], STOP_ON_FAILURE): Call Test Case 'Test Cases/APAC_Universities/SEO_PAGES/James_Cook_University/Reusable_Testcases/Lead_Form' successfully

22-10-2024T16:19:14 - [TEST_CASE][PASSED] - Test Cases/APAC_Universities/SEO_PAGES/James_Cook_University/Reusable_Testcases/Lead_Form: Test Cases/APAC_Universities/SEO_PAGES/James_Cook_University/Reusable_Testcases/Lead_Form

22-10-2024T16:19:14 - [TEST_STEP][PASSED] - program = findTestObject("Object Repository/APAC_University/James_Cook_University/Dropdown_Program"): null

22-10-2024T16:19:14 - [TEST_STEP][PASSED] - selectOptionByIndex(program, keyPathPackage.customKeywords.selectRandomOptionFromDropdown()): All options with index in [1] are selected on object 'Object Repository/APAC_University/James_Cook_University/Dropdown_Program'

22-10-2024T16:19:14 - [MESSAGE][PASSED] - keyPathPackage.customKeywords.selectRandomOptionFromDropdown is PASSED

22-10-2024T16:19:16 - [MESSAGE][PASSED] - All options with index in [1] are selected on object 'Object Repository/APAC_University/James_Cook_University/Dropdown_Program'

22-10-2024T16:19:16 - [TEST_STEP][PASSED] - FirstName = keyPathPackage.customKeywords.generateRandomFirstName(): keyPathPackage.customKeywords.generateRandomFirstName is PASSED

22-10-2024T16:19:16 - [MESSAGE][PASSED] - keyPathPackage.customKeywords.generateRandomFirstName is PASSED

22-10-2024T16:19:16 - [TEST_STEP][PASSED] - setText(findTestObject("Object Repository/APAC_University/James_Cook_University/Field_Firstname"), FirstName): Text 'Kimberly' is set on object 'Object Repository/APAC_University/James_Cook_University/Field_Firstname'

22-10-2024T16:19:17 - [MESSAGE][PASSED] - Text 'Kimberly' is set on object 'Object Repository/APAC_University/James_Cook_University/Field_Firstname'

22-10-2024T16:19:17 - [TEST_STEP][PASSED] - LastName = keyPathPackage.customKeywords.generateRandomLastName(): keyPathPackage.customKeywords.generateRandomLastName is PASSED

22-10-2024T16:19:17 - [MESSAGE][PASSED] - keyPathPackage.customKeywords.generateRandomLastName is PASSED

22-10-2024T16:19:17 - [TEST_STEP][PASSED] - setText(findTestObject("Object Repository/APAC_University/James_Cook_University/Field_Lastname"), LastName): Text 'Testing Ortiz' is set on object 'Object Repository/APAC_University/James_Cook_University/Field_Lastname'

22-10-2024T16:19:17 - [MESSAGE][PASSED] - Text 'Testing Ortiz' is set on object 'Object Repository/APAC_University/James_Cook_University/Field_Lastname'

22-10-2024T16:19:17 - [TEST_STEP][PASSED] - waitForElementClickable(findTestObject("Object Repository/APAC_University/James_Cook_University/Button_Nextstep2"), 10): Object 'Object Repository/APAC_University/James_Cook_University/Button_Nextstep2' is clickable

22-10-2024T16:19:17 - [MESSAGE][PASSED] - Object 'Object Repository/APAC_University/James_Cook_University/Button_Nextstep2' is clickable

22-10-2024T16:19:17 - [TEST_STEP][PASSED] - click(findTestObject("Object Repository/APAC_University/James_Cook_University/Button_Nextstep2")): Object: 'Object Repository/APAC_University/James_Cook_University/Button_Nextstep2' is clicked on

22-10-2024T16:19:18 - [MESSAGE][PASSED] - Object: 'Object Repository/APAC_University/James_Cook_University/Button_Nextstep2' is clicked on

22-10-2024T16:19:18 - [TEST_STEP][PASSED] - startdate = findTestObject("Object Repository/APAC_University/James_Cook_University/Dropdown_Startdate"): null

22-10-2024T16:19:18 - [TEST_STEP][PASSED] - selectOptionByIndex(startdate, keyPathPackage.customKeywords.selectRandomOptionFromDropdown()): All options with index in [2] are selected on object 'Object Repository/APAC_University/James_Cook_University/Dropdown_Startdate'

22-10-2024T16:19:18 - [MESSAGE][PASSED] - keyPathPackage.customKeywords.selectRandomOptionFromDropdown is PASSED

22-10-2024T16:19:18 - [MESSAGE][PASSED] - All options with index in [2] are selected on object 'Object Repository/APAC_University/James_Cook_University/Dropdown_Startdate'

22-10-2024T16:19:18 - [TEST_STEP][PASSED] - selectOptionByValue(findTestObject("Object Repository/APAC_University/James_Cook_University/Dropdown_Highereducation"), Education_Level, false): All options with value 'Postgraduate diploma' are selected in object 'Object Repository/APAC_University/James_Cook_University/Dropdown_Highereducation' 

22-10-2024T16:19:19 - [MESSAGE][PASSED] - All options with value 'Postgraduate diploma' are selected in object 'Object Repository/APAC_University/James_Cook_University/Dropdown_Highereducation' 

22-10-2024T16:19:19 - [TEST_STEP][PASSED] - Workexperience = findTestObject("Object Repository/APAC_University/James_Cook_University/Dropdown_Workexperience"): null

22-10-2024T16:19:19 - [TEST_STEP][PASSED] - selectOptionByIndex(Workexperience, keyPathPackage.customKeywords.selectRandomOptionFromDropdown()): All options with index in [1] are selected on object 'Object Repository/APAC_University/James_Cook_University/Dropdown_Workexperience'

22-10-2024T16:19:19 - [MESSAGE][PASSED] - keyPathPackage.customKeywords.selectRandomOptionFromDropdown is PASSED

22-10-2024T16:19:20 - [MESSAGE][PASSED] - All options with index in [1] are selected on object 'Object Repository/APAC_University/James_Cook_University/Dropdown_Workexperience'

22-10-2024T16:19:20 - [TEST_STEP][PASSED] - Enquiryreason = findTestObject("Object Repository/APAC_University/James_Cook_University/Dropdown_Enquiry"): null

22-10-2024T16:19:20 - [TEST_STEP][PASSED] - selectOptionByIndex(Enquiryreason, keyPathPackage.customKeywords.selectRandomOptionFromDropdown()): All options with index in [2] are selected on object 'Object Repository/APAC_University/James_Cook_University/Dropdown_Enquiry'

22-10-2024T16:19:20 - [MESSAGE][PASSED] - keyPathPackage.customKeywords.selectRandomOptionFromDropdown is PASSED

22-10-2024T16:19:20 - [MESSAGE][PASSED] - All options with index in [2] are selected on object 'Object Repository/APAC_University/James_Cook_University/Dropdown_Enquiry'

22-10-2024T16:19:20 - [TEST_STEP][PASSED] - waitForElementClickable(findTestObject("Object Repository/APAC_University/James_Cook_University/Button_Nextstep3"), 10): Object 'Object Repository/APAC_University/James_Cook_University/Button_Nextstep3' is clickable

22-10-2024T16:19:21 - [MESSAGE][PASSED] - Object 'Object Repository/APAC_University/James_Cook_University/Button_Nextstep3' is clickable

22-10-2024T16:19:21 - [TEST_STEP][PASSED] - click(findTestObject("Object Repository/APAC_University/James_Cook_University/Button_Nextstep3")): Object: 'Object Repository/APAC_University/James_Cook_University/Button_Nextstep3' is clicked on

22-10-2024T16:19:21 - [MESSAGE][PASSED] - Object: 'Object Repository/APAC_University/James_Cook_University/Button_Nextstep3' is clicked on

22-10-2024T16:19:21 - [TEST_STEP][PASSED] - Email = keyPathPackage.customKeywords.generateRandomEmail(): keyPathPackage.customKeywords.generateRandomEmail is PASSED

22-10-2024T16:19:21 - [MESSAGE][PASSED] - keyPathPackage.customKeywords.generateRandomEmail is PASSED

22-10-2024T16:19:21 - [TEST_STEP][PASSED] - setText(findTestObject("Object Repository/APAC_University/James_Cook_University/Field_Email"), Email): Text 'harris.huels@hotmail.com' is set on object 'Object Repository/APAC_University/James_Cook_University/Field_Email'

22-10-2024T16:19:21 - [MESSAGE][PASSED] - Text 'harris.huels@hotmail.com' is set on object 'Object Repository/APAC_University/James_Cook_University/Field_Email'

22-10-2024T16:19:21 - [TEST_STEP][PASSED] - Phonenumber = keyPathPackage.customKeywords.generateRandomAustralianPhoneNumber(): keyPathPackage.customKeywords.generateRandomAustralianPhoneNumber is PASSED

22-10-2024T16:19:21 - [MESSAGE][PASSED] - keyPathPackage.customKeywords.generateRandomAustralianPhoneNumber is PASSED

22-10-2024T16:19:21 - [TEST_STEP][PASSED] - setText(findTestObject("Object Repository/APAC_University/James_Cook_University/Field_Phonenumber"), Phonenumber): Text '0497246161' is set on object 'Object Repository/APAC_University/James_Cook_University/Field_Phonenumber'

22-10-2024T16:19:22 - [MESSAGE][PASSED] - Text '0497246161' is set on object 'Object Repository/APAC_University/James_Cook_University/Field_Phonenumber'

22-10-2024T16:19:22 - [TEST_STEP][PASSED] - selectOptionByValue(findTestObject("Object Repository/APAC_University/James_Cook_University/Dropdown_Country"), "AU", true): All options with value 'AU' are selected in object 'Object Repository/APAC_University/James_Cook_University/Dropdown_Country'  using regular expression

22-10-2024T16:19:24 - [MESSAGE][PASSED] - All options with value 'AU' are selected in object 'Object Repository/APAC_University/James_Cook_University/Dropdown_Country'  using regular expression

22-10-2024T16:19:24 - [TEST_STEP][PASSED] - delay(3): Delayed 3 second(s)

22-10-2024T16:19:27 - [MESSAGE][PASSED] - Delayed 3 second(s)

22-10-2024T16:19:27 - [TEST_STEP][PASSED] - Postcode = keyPathPackage.customKeywords.selectRandomPostCode(): keyPathPackage.customKeywords.selectRandomPostCode is PASSED

22-10-2024T16:19:27 - [MESSAGE][PASSED] - keyPathPackage.customKeywords.selectRandomPostCode is PASSED

22-10-2024T16:19:27 - [TEST_STEP][PASSED] - setText(findTestObject("Object Repository/APAC_University/James_Cook_University/Field_Postcode"), Postcode): Text '4125' is set on object 'Object Repository/APAC_University/James_Cook_University/Field_Postcode'

22-10-2024T16:19:27 - [MESSAGE][PASSED] - Text '4125' is set on object 'Object Repository/APAC_University/James_Cook_University/Field_Postcode'

22-10-2024T16:19:27 - [TEST_STEP][PASSED] - setText(findTestObject("Object Repository/APAC_University/James_Cook_University/Field_Postcode"), Postcode): Text '4125' is set on object 'Object Repository/APAC_University/James_Cook_University/Field_Postcode'

22-10-2024T16:19:28 - [MESSAGE][PASSED] - Text '4125' is set on object 'Object Repository/APAC_University/James_Cook_University/Field_Postcode'

22-10-2024T16:19:28 - [TEST_STEP][PASSED] - waitForElementClickable(findTestObject("Object Repository/APAC_University/James_Cook_University/Button_Submit"), 10): Object 'Object Repository/APAC_University/James_Cook_University/Button_Submit' is clickable

22-10-2024T16:19:28 - [MESSAGE][PASSED] - Object 'Object Repository/APAC_University/James_Cook_University/Button_Submit' is clickable

22-10-2024T16:19:28 - [TEST_STEP][PASSED] - click(findTestObject("Object Repository/APAC_University/James_Cook_University/Button_Submit")): Object: 'Object Repository/APAC_University/James_Cook_University/Button_Submit' is clicked on

22-10-2024T16:19:28 - [MESSAGE][PASSED] - Object: 'Object Repository/APAC_University/James_Cook_University/Button_Submit' is clicked on

22-10-2024T16:19:28 - [TEST_STEP][PASSED] - delay(5): Delayed 5 second(s)

22-10-2024T16:19:33 - [MESSAGE][PASSED] - Delayed 5 second(s)

22-10-2024T16:19:33 - [TEST_STEP][PASSED] - verifyElementText(findTestObject("Object Repository/APAC_University/James_Cook_University/Verify_Message"), "Thank you"): Actual text and expected text of test object 'Object Repository/APAC_University/James_Cook_University/Verify_Message' are matched.

22-10-2024T16:19:33 - [MESSAGE][PASSED] - Actual text and expected text of test object 'Object Repository/APAC_University/James_Cook_University/Verify_Message' are matched.

22-10-2024T16:19:33 - [MESSAGE][PASSED] - Call Test Case 'Test Cases/APAC_Universities/SEO_PAGES/James_Cook_University/Reusable_Testcases/Lead_Form' successfully]]></system-out>
         <system-err><![CDATA[]]></system-err>
      </testcase>
      <testcase name="Test Cases/APAC_Universities/SEO_PAGES/James_Cook_University/Main_Page" time="21.754" classname="Test Cases/APAC_Universities/SEO_PAGES/James_Cook_University/Main_Page" status="PASSED">
         <system-out><![CDATA[22-10-2024T16:19:33 - [TEST_CASE][PASSED] - Test Cases/APAC_Universities/SEO_PAGES/James_Cook_University/Main_Page: Test Cases/APAC_Universities/SEO_PAGES/James_Cook_University/Main_Page

22-10-2024T16:19:33 - [TEST_STEP][PASSED] - callTestCase(findTestCase("Test Cases/APAC_Universities/SEO_PAGES/James_Cook_University/Reusable_Testcases/Navigate_Homepage"), [:], STOP_ON_FAILURE): Call Test Case 'Test Cases/APAC_Universities/SEO_PAGES/James_Cook_University/Reusable_Testcases/Navigate_Homepage' successfully

22-10-2024T16:19:33 - [TEST_CASE][PASSED] - Test Cases/APAC_Universities/SEO_PAGES/James_Cook_University/Reusable_Testcases/Navigate_Homepage: Test Cases/APAC_Universities/SEO_PAGES/James_Cook_University/Reusable_Testcases/Navigate_Homepage

22-10-2024T16:19:33 - [TEST_STEP][PASSED] - waitForElementClickable(findTestObject("Object Repository/APAC_University/James_Cook_University/Button_Homepage"), 10): Object 'Object Repository/APAC_University/James_Cook_University/Button_Homepage' is clickable

22-10-2024T16:19:34 - [MESSAGE][PASSED] - Object 'Object Repository/APAC_University/James_Cook_University/Button_Homepage' is clickable

22-10-2024T16:19:34 - [TEST_STEP][PASSED] - click(findTestObject("Object Repository/APAC_University/James_Cook_University/Button_Homepage")): Object: 'Object Repository/APAC_University/James_Cook_University/Button_Homepage' is clicked on

22-10-2024T16:19:35 - [MESSAGE][PASSED] - Object: 'Object Repository/APAC_University/James_Cook_University/Button_Homepage' is clicked on

22-10-2024T16:19:35 - [MESSAGE][PASSED] - Call Test Case 'Test Cases/APAC_Universities/SEO_PAGES/James_Cook_University/Reusable_Testcases/Navigate_Homepage' successfully

22-10-2024T16:19:35 - [TEST_STEP][PASSED] - callTestCase(findTestCase("Test Cases/APAC_Universities/SEO_PAGES/James_Cook_University/Reusable_Testcases/Lead_Form"), [:], STOP_ON_FAILURE): Call Test Case 'Test Cases/APAC_Universities/SEO_PAGES/James_Cook_University/Reusable_Testcases/Lead_Form' successfully

22-10-2024T16:19:35 - [TEST_CASE][PASSED] - Test Cases/APAC_Universities/SEO_PAGES/James_Cook_University/Reusable_Testcases/Lead_Form: Test Cases/APAC_Universities/SEO_PAGES/James_Cook_University/Reusable_Testcases/Lead_Form

22-10-2024T16:19:35 - [TEST_STEP][PASSED] - program = findTestObject("Object Repository/APAC_University/James_Cook_University/Dropdown_Program"): null

22-10-2024T16:19:35 - [TEST_STEP][PASSED] - selectOptionByIndex(program, keyPathPackage.customKeywords.selectRandomOptionFromDropdown()): All options with index in [1] are selected on object 'Object Repository/APAC_University/James_Cook_University/Dropdown_Program'

22-10-2024T16:19:35 - [MESSAGE][PASSED] - keyPathPackage.customKeywords.selectRandomOptionFromDropdown is PASSED

22-10-2024T16:19:37 - [MESSAGE][PASSED] - All options with index in [1] are selected on object 'Object Repository/APAC_University/James_Cook_University/Dropdown_Program'

22-10-2024T16:19:37 - [TEST_STEP][PASSED] - FirstName = keyPathPackage.customKeywords.generateRandomFirstName(): keyPathPackage.customKeywords.generateRandomFirstName is PASSED

22-10-2024T16:19:37 - [MESSAGE][PASSED] - keyPathPackage.customKeywords.generateRandomFirstName is PASSED

22-10-2024T16:19:37 - [TEST_STEP][PASSED] - setText(findTestObject("Object Repository/APAC_University/James_Cook_University/Field_Firstname"), FirstName): Text 'Sallie' is set on object 'Object Repository/APAC_University/James_Cook_University/Field_Firstname'

22-10-2024T16:19:38 - [MESSAGE][PASSED] - Text 'Sallie' is set on object 'Object Repository/APAC_University/James_Cook_University/Field_Firstname'

22-10-2024T16:19:38 - [TEST_STEP][PASSED] - LastName = keyPathPackage.customKeywords.generateRandomLastName(): keyPathPackage.customKeywords.generateRandomLastName is PASSED

22-10-2024T16:19:38 - [MESSAGE][PASSED] - keyPathPackage.customKeywords.generateRandomLastName is PASSED

22-10-2024T16:19:38 - [TEST_STEP][PASSED] - setText(findTestObject("Object Repository/APAC_University/James_Cook_University/Field_Lastname"), LastName): Text 'Testing Kuhic' is set on object 'Object Repository/APAC_University/James_Cook_University/Field_Lastname'

22-10-2024T16:19:39 - [MESSAGE][PASSED] - Text 'Testing Kuhic' is set on object 'Object Repository/APAC_University/James_Cook_University/Field_Lastname'

22-10-2024T16:19:39 - [TEST_STEP][PASSED] - waitForElementClickable(findTestObject("Object Repository/APAC_University/James_Cook_University/Button_Nextstep2"), 10): Object 'Object Repository/APAC_University/James_Cook_University/Button_Nextstep2' is clickable

22-10-2024T16:19:39 - [MESSAGE][PASSED] - Object 'Object Repository/APAC_University/James_Cook_University/Button_Nextstep2' is clickable

22-10-2024T16:19:39 - [TEST_STEP][PASSED] - click(findTestObject("Object Repository/APAC_University/James_Cook_University/Button_Nextstep2")): Object: 'Object Repository/APAC_University/James_Cook_University/Button_Nextstep2' is clicked on

22-10-2024T16:19:39 - [MESSAGE][PASSED] - Object: 'Object Repository/APAC_University/James_Cook_University/Button_Nextstep2' is clicked on

22-10-2024T16:19:39 - [TEST_STEP][PASSED] - startdate = findTestObject("Object Repository/APAC_University/James_Cook_University/Dropdown_Startdate"): null

22-10-2024T16:19:39 - [TEST_STEP][PASSED] - selectOptionByIndex(startdate, keyPathPackage.customKeywords.selectRandomOptionFromDropdown()): All options with index in [1] are selected on object 'Object Repository/APAC_University/James_Cook_University/Dropdown_Startdate'

22-10-2024T16:19:39 - [MESSAGE][PASSED] - keyPathPackage.customKeywords.selectRandomOptionFromDropdown is PASSED

22-10-2024T16:19:40 - [MESSAGE][PASSED] - All options with index in [1] are selected on object 'Object Repository/APAC_University/James_Cook_University/Dropdown_Startdate'

22-10-2024T16:19:40 - [TEST_STEP][PASSED] - selectOptionByValue(findTestObject("Object Repository/APAC_University/James_Cook_University/Dropdown_Highereducation"), Education_Level, false): All options with value 'Postgraduate diploma' are selected in object 'Object Repository/APAC_University/James_Cook_University/Dropdown_Highereducation' 

22-10-2024T16:19:40 - [MESSAGE][PASSED] - All options with value 'Postgraduate diploma' are selected in object 'Object Repository/APAC_University/James_Cook_University/Dropdown_Highereducation' 

22-10-2024T16:19:40 - [TEST_STEP][PASSED] - Workexperience = findTestObject("Object Repository/APAC_University/James_Cook_University/Dropdown_Workexperience"): null

22-10-2024T16:19:40 - [TEST_STEP][PASSED] - selectOptionByIndex(Workexperience, keyPathPackage.customKeywords.selectRandomOptionFromDropdown()): All options with index in [1] are selected on object 'Object Repository/APAC_University/James_Cook_University/Dropdown_Workexperience'

22-10-2024T16:19:40 - [MESSAGE][PASSED] - keyPathPackage.customKeywords.selectRandomOptionFromDropdown is PASSED

22-10-2024T16:19:41 - [MESSAGE][PASSED] - All options with index in [1] are selected on object 'Object Repository/APAC_University/James_Cook_University/Dropdown_Workexperience'

22-10-2024T16:19:41 - [TEST_STEP][PASSED] - Enquiryreason = findTestObject("Object Repository/APAC_University/James_Cook_University/Dropdown_Enquiry"): null

22-10-2024T16:19:41 - [TEST_STEP][PASSED] - selectOptionByIndex(Enquiryreason, keyPathPackage.customKeywords.selectRandomOptionFromDropdown()): All options with index in [2] are selected on object 'Object Repository/APAC_University/James_Cook_University/Dropdown_Enquiry'

22-10-2024T16:19:41 - [MESSAGE][PASSED] - keyPathPackage.customKeywords.selectRandomOptionFromDropdown is PASSED

22-10-2024T16:19:42 - [MESSAGE][PASSED] - All options with index in [2] are selected on object 'Object Repository/APAC_University/James_Cook_University/Dropdown_Enquiry'

22-10-2024T16:19:42 - [TEST_STEP][PASSED] - waitForElementClickable(findTestObject("Object Repository/APAC_University/James_Cook_University/Button_Nextstep3"), 10): Object 'Object Repository/APAC_University/James_Cook_University/Button_Nextstep3' is clickable

22-10-2024T16:19:42 - [MESSAGE][PASSED] - Object 'Object Repository/APAC_University/James_Cook_University/Button_Nextstep3' is clickable

22-10-2024T16:19:42 - [TEST_STEP][PASSED] - click(findTestObject("Object Repository/APAC_University/James_Cook_University/Button_Nextstep3")): Object: 'Object Repository/APAC_University/James_Cook_University/Button_Nextstep3' is clicked on

22-10-2024T16:19:43 - [MESSAGE][PASSED] - Object: 'Object Repository/APAC_University/James_Cook_University/Button_Nextstep3' is clicked on

22-10-2024T16:19:43 - [TEST_STEP][PASSED] - Email = keyPathPackage.customKeywords.generateRandomEmail(): keyPathPackage.customKeywords.generateRandomEmail is PASSED

22-10-2024T16:19:43 - [MESSAGE][PASSED] - keyPathPackage.customKeywords.generateRandomEmail is PASSED

22-10-2024T16:19:43 - [TEST_STEP][PASSED] - setText(findTestObject("Object Repository/APAC_University/James_Cook_University/Field_Email"), Email): Text 'stacey.prohaska@gmail.com' is set on object 'Object Repository/APAC_University/James_Cook_University/Field_Email'

22-10-2024T16:19:43 - [MESSAGE][PASSED] - Text 'stacey.prohaska@gmail.com' is set on object 'Object Repository/APAC_University/James_Cook_University/Field_Email'

22-10-2024T16:19:43 - [TEST_STEP][PASSED] - Phonenumber = keyPathPackage.customKeywords.generateRandomAustralianPhoneNumber(): keyPathPackage.customKeywords.generateRandomAustralianPhoneNumber is PASSED

22-10-2024T16:19:43 - [MESSAGE][PASSED] - keyPathPackage.customKeywords.generateRandomAustralianPhoneNumber is PASSED

22-10-2024T16:19:43 - [TEST_STEP][PASSED] - setText(findTestObject("Object Repository/APAC_University/James_Cook_University/Field_Phonenumber"), Phonenumber): Text '0463618874' is set on object 'Object Repository/APAC_University/James_Cook_University/Field_Phonenumber'

22-10-2024T16:19:44 - [MESSAGE][PASSED] - Text '0463618874' is set on object 'Object Repository/APAC_University/James_Cook_University/Field_Phonenumber'

22-10-2024T16:19:44 - [TEST_STEP][PASSED] - selectOptionByValue(findTestObject("Object Repository/APAC_University/James_Cook_University/Dropdown_Country"), "AU", true): All options with value 'AU' are selected in object 'Object Repository/APAC_University/James_Cook_University/Dropdown_Country'  using regular expression

22-10-2024T16:19:45 - [MESSAGE][PASSED] - All options with value 'AU' are selected in object 'Object Repository/APAC_University/James_Cook_University/Dropdown_Country'  using regular expression

22-10-2024T16:19:45 - [TEST_STEP][PASSED] - delay(3): Delayed 3 second(s)

22-10-2024T16:19:48 - [MESSAGE][PASSED] - Delayed 3 second(s)

22-10-2024T16:19:48 - [TEST_STEP][PASSED] - Postcode = keyPathPackage.customKeywords.selectRandomPostCode(): keyPathPackage.customKeywords.selectRandomPostCode is PASSED

22-10-2024T16:19:48 - [MESSAGE][PASSED] - keyPathPackage.customKeywords.selectRandomPostCode is PASSED

22-10-2024T16:19:48 - [TEST_STEP][PASSED] - setText(findTestObject("Object Repository/APAC_University/James_Cook_University/Field_Postcode"), Postcode): Text '4219' is set on object 'Object Repository/APAC_University/James_Cook_University/Field_Postcode'

22-10-2024T16:19:49 - [MESSAGE][PASSED] - Text '4219' is set on object 'Object Repository/APAC_University/James_Cook_University/Field_Postcode'

22-10-2024T16:19:49 - [TEST_STEP][PASSED] - setText(findTestObject("Object Repository/APAC_University/James_Cook_University/Field_Postcode"), Postcode): Text '4219' is set on object 'Object Repository/APAC_University/James_Cook_University/Field_Postcode'

22-10-2024T16:19:49 - [MESSAGE][PASSED] - Text '4219' is set on object 'Object Repository/APAC_University/James_Cook_University/Field_Postcode'

22-10-2024T16:19:49 - [TEST_STEP][PASSED] - waitForElementClickable(findTestObject("Object Repository/APAC_University/James_Cook_University/Button_Submit"), 10): Object 'Object Repository/APAC_University/James_Cook_University/Button_Submit' is clickable

22-10-2024T16:19:50 - [MESSAGE][PASSED] - Object 'Object Repository/APAC_University/James_Cook_University/Button_Submit' is clickable

22-10-2024T16:19:50 - [TEST_STEP][PASSED] - click(findTestObject("Object Repository/APAC_University/James_Cook_University/Button_Submit")): Object: 'Object Repository/APAC_University/James_Cook_University/Button_Submit' is clicked on

22-10-2024T16:19:50 - [MESSAGE][PASSED] - Object: 'Object Repository/APAC_University/James_Cook_University/Button_Submit' is clicked on

22-10-2024T16:19:50 - [TEST_STEP][PASSED] - delay(5): Delayed 5 second(s)

22-10-2024T16:19:55 - [MESSAGE][PASSED] - Delayed 5 second(s)

22-10-2024T16:19:55 - [TEST_STEP][PASSED] - verifyElementText(findTestObject("Object Repository/APAC_University/James_Cook_University/Verify_Message"), "Thank you"): Actual text and expected text of test object 'Object Repository/APAC_University/James_Cook_University/Verify_Message' are matched.

22-10-2024T16:19:55 - [MESSAGE][PASSED] - Actual text and expected text of test object 'Object Repository/APAC_University/James_Cook_University/Verify_Message' are matched.

22-10-2024T16:19:55 - [MESSAGE][PASSED] - Call Test Case 'Test Cases/APAC_Universities/SEO_PAGES/James_Cook_University/Reusable_Testcases/Lead_Form' successfully]]></system-out>
         <system-err><![CDATA[]]></system-err>
      </testcase>
      <testcase name="Test Cases/APAC_Universities/SEO_PAGES/James_Cook_University/Contact_Us" time="23.919" classname="Test Cases/APAC_Universities/SEO_PAGES/James_Cook_University/Contact_Us" status="PASSED">
         <system-out><![CDATA[22-10-2024T16:19:55 - [TEST_CASE][PASSED] - Test Cases/APAC_Universities/SEO_PAGES/James_Cook_University/Contact_Us: Test Cases/APAC_Universities/SEO_PAGES/James_Cook_University/Contact_Us

22-10-2024T16:19:55 - [TEST_STEP][PASSED] - callTestCase(findTestCase("Test Cases/APAC_Universities/SEO_PAGES/James_Cook_University/Reusable_Testcases/Navigate_Homepage"), [:], STOP_ON_FAILURE): Call Test Case 'Test Cases/APAC_Universities/SEO_PAGES/James_Cook_University/Reusable_Testcases/Navigate_Homepage' successfully

22-10-2024T16:19:55 - [TEST_CASE][PASSED] - Test Cases/APAC_Universities/SEO_PAGES/James_Cook_University/Reusable_Testcases/Navigate_Homepage: Test Cases/APAC_Universities/SEO_PAGES/James_Cook_University/Reusable_Testcases/Navigate_Homepage

22-10-2024T16:19:55 - [TEST_STEP][PASSED] - waitForElementClickable(findTestObject("Object Repository/APAC_University/James_Cook_University/Button_Homepage"), 10): Object 'Object Repository/APAC_University/James_Cook_University/Button_Homepage' is clickable

22-10-2024T16:19:55 - [MESSAGE][PASSED] - Object 'Object Repository/APAC_University/James_Cook_University/Button_Homepage' is clickable

22-10-2024T16:19:55 - [TEST_STEP][PASSED] - click(findTestObject("Object Repository/APAC_University/James_Cook_University/Button_Homepage")): Object: 'Object Repository/APAC_University/James_Cook_University/Button_Homepage' is clicked on

22-10-2024T16:19:56 - [MESSAGE][PASSED] - Object: 'Object Repository/APAC_University/James_Cook_University/Button_Homepage' is clicked on

22-10-2024T16:19:56 - [MESSAGE][PASSED] - Call Test Case 'Test Cases/APAC_Universities/SEO_PAGES/James_Cook_University/Reusable_Testcases/Navigate_Homepage' successfully

22-10-2024T16:19:56 - [TEST_STEP][PASSED] - scrollToElement(findTestObject("Object Repository/APAC_University/James_Cook_University/Button_ContactUs"), 3): Scroll to object 'Object Repository/APAC_University/James_Cook_University/Button_ContactUs' successfully

22-10-2024T16:19:57 - [MESSAGE][PASSED] - Scroll to object 'Object Repository/APAC_University/James_Cook_University/Button_ContactUs' successfully

22-10-2024T16:19:57 - [TEST_STEP][PASSED] - waitForElementClickable(findTestObject("Object Repository/APAC_University/James_Cook_University/Button_ContactUs"), 10): Object 'Object Repository/APAC_University/James_Cook_University/Button_ContactUs' is clickable

22-10-2024T16:19:58 - [MESSAGE][PASSED] - Object 'Object Repository/APAC_University/James_Cook_University/Button_ContactUs' is clickable

22-10-2024T16:19:58 - [TEST_STEP][PASSED] - click(findTestObject("Object Repository/APAC_University/James_Cook_University/Button_ContactUs")): Object: 'Object Repository/APAC_University/James_Cook_University/Button_ContactUs' is clicked on

22-10-2024T16:19:58 - [MESSAGE][PASSED] - Object: 'Object Repository/APAC_University/James_Cook_University/Button_ContactUs' is clicked on

22-10-2024T16:19:58 - [TEST_STEP][PASSED] - callTestCase(findTestCase("Test Cases/APAC_Universities/SEO_PAGES/James_Cook_University/Reusable_Testcases/Lead_Form"), [:], STOP_ON_FAILURE): Call Test Case 'Test Cases/APAC_Universities/SEO_PAGES/James_Cook_University/Reusable_Testcases/Lead_Form' successfully

22-10-2024T16:19:58 - [TEST_CASE][PASSED] - Test Cases/APAC_Universities/SEO_PAGES/James_Cook_University/Reusable_Testcases/Lead_Form: Test Cases/APAC_Universities/SEO_PAGES/James_Cook_University/Reusable_Testcases/Lead_Form

22-10-2024T16:19:58 - [TEST_STEP][PASSED] - program = findTestObject("Object Repository/APAC_University/James_Cook_University/Dropdown_Program"): null

22-10-2024T16:19:58 - [TEST_STEP][PASSED] - selectOptionByIndex(program, keyPathPackage.customKeywords.selectRandomOptionFromDropdown()): All options with index in [1] are selected on object 'Object Repository/APAC_University/James_Cook_University/Dropdown_Program'

22-10-2024T16:19:58 - [MESSAGE][PASSED] - keyPathPackage.customKeywords.selectRandomOptionFromDropdown is PASSED

22-10-2024T16:20:01 - [MESSAGE][PASSED] - All options with index in [1] are selected on object 'Object Repository/APAC_University/James_Cook_University/Dropdown_Program'

22-10-2024T16:20:01 - [TEST_STEP][PASSED] - FirstName = keyPathPackage.customKeywords.generateRandomFirstName(): keyPathPackage.customKeywords.generateRandomFirstName is PASSED

22-10-2024T16:20:01 - [MESSAGE][PASSED] - keyPathPackage.customKeywords.generateRandomFirstName is PASSED

22-10-2024T16:20:01 - [TEST_STEP][PASSED] - setText(findTestObject("Object Repository/APAC_University/James_Cook_University/Field_Firstname"), FirstName): Text 'Shellie' is set on object 'Object Repository/APAC_University/James_Cook_University/Field_Firstname'

22-10-2024T16:20:02 - [MESSAGE][PASSED] - Text 'Shellie' is set on object 'Object Repository/APAC_University/James_Cook_University/Field_Firstname'

22-10-2024T16:20:02 - [TEST_STEP][PASSED] - LastName = keyPathPackage.customKeywords.generateRandomLastName(): keyPathPackage.customKeywords.generateRandomLastName is PASSED

22-10-2024T16:20:02 - [MESSAGE][PASSED] - keyPathPackage.customKeywords.generateRandomLastName is PASSED

22-10-2024T16:20:02 - [TEST_STEP][PASSED] - setText(findTestObject("Object Repository/APAC_University/James_Cook_University/Field_Lastname"), LastName): Text 'Testing Senger' is set on object 'Object Repository/APAC_University/James_Cook_University/Field_Lastname'

22-10-2024T16:20:02 - [MESSAGE][PASSED] - Text 'Testing Senger' is set on object 'Object Repository/APAC_University/James_Cook_University/Field_Lastname'

22-10-2024T16:20:02 - [TEST_STEP][PASSED] - waitForElementClickable(findTestObject("Object Repository/APAC_University/James_Cook_University/Button_Nextstep2"), 10): Object 'Object Repository/APAC_University/James_Cook_University/Button_Nextstep2' is clickable

22-10-2024T16:20:02 - [MESSAGE][PASSED] - Object 'Object Repository/APAC_University/James_Cook_University/Button_Nextstep2' is clickable

22-10-2024T16:20:02 - [TEST_STEP][PASSED] - click(findTestObject("Object Repository/APAC_University/James_Cook_University/Button_Nextstep2")): Object: 'Object Repository/APAC_University/James_Cook_University/Button_Nextstep2' is clicked on

22-10-2024T16:20:03 - [MESSAGE][PASSED] - Object: 'Object Repository/APAC_University/James_Cook_University/Button_Nextstep2' is clicked on

22-10-2024T16:20:03 - [TEST_STEP][PASSED] - startdate = findTestObject("Object Repository/APAC_University/James_Cook_University/Dropdown_Startdate"): null

22-10-2024T16:20:03 - [TEST_STEP][PASSED] - selectOptionByIndex(startdate, keyPathPackage.customKeywords.selectRandomOptionFromDropdown()): All options with index in [1] are selected on object 'Object Repository/APAC_University/James_Cook_University/Dropdown_Startdate'

22-10-2024T16:20:03 - [MESSAGE][PASSED] - keyPathPackage.customKeywords.selectRandomOptionFromDropdown is PASSED

22-10-2024T16:20:04 - [MESSAGE][PASSED] - All options with index in [1] are selected on object 'Object Repository/APAC_University/James_Cook_University/Dropdown_Startdate'

22-10-2024T16:20:04 - [TEST_STEP][PASSED] - selectOptionByValue(findTestObject("Object Repository/APAC_University/James_Cook_University/Dropdown_Highereducation"), Education_Level, false): All options with value 'Postgraduate diploma' are selected in object 'Object Repository/APAC_University/James_Cook_University/Dropdown_Highereducation' 

22-10-2024T16:20:04 - [MESSAGE][PASSED] - All options with value 'Postgraduate diploma' are selected in object 'Object Repository/APAC_University/James_Cook_University/Dropdown_Highereducation' 

22-10-2024T16:20:04 - [TEST_STEP][PASSED] - Workexperience = findTestObject("Object Repository/APAC_University/James_Cook_University/Dropdown_Workexperience"): null

22-10-2024T16:20:04 - [TEST_STEP][PASSED] - selectOptionByIndex(Workexperience, keyPathPackage.customKeywords.selectRandomOptionFromDropdown()): All options with index in [2] are selected on object 'Object Repository/APAC_University/James_Cook_University/Dropdown_Workexperience'

22-10-2024T16:20:04 - [MESSAGE][PASSED] - keyPathPackage.customKeywords.selectRandomOptionFromDropdown is PASSED

22-10-2024T16:20:05 - [MESSAGE][PASSED] - All options with index in [2] are selected on object 'Object Repository/APAC_University/James_Cook_University/Dropdown_Workexperience'

22-10-2024T16:20:05 - [TEST_STEP][PASSED] - Enquiryreason = findTestObject("Object Repository/APAC_University/James_Cook_University/Dropdown_Enquiry"): null

22-10-2024T16:20:05 - [TEST_STEP][PASSED] - selectOptionByIndex(Enquiryreason, keyPathPackage.customKeywords.selectRandomOptionFromDropdown()): All options with index in [2] are selected on object 'Object Repository/APAC_University/James_Cook_University/Dropdown_Enquiry'

22-10-2024T16:20:05 - [MESSAGE][PASSED] - keyPathPackage.customKeywords.selectRandomOptionFromDropdown is PASSED

22-10-2024T16:20:06 - [MESSAGE][PASSED] - All options with index in [2] are selected on object 'Object Repository/APAC_University/James_Cook_University/Dropdown_Enquiry'

22-10-2024T16:20:06 - [TEST_STEP][PASSED] - waitForElementClickable(findTestObject("Object Repository/APAC_University/James_Cook_University/Button_Nextstep3"), 10): Object 'Object Repository/APAC_University/James_Cook_University/Button_Nextstep3' is clickable

22-10-2024T16:20:06 - [MESSAGE][PASSED] - Object 'Object Repository/APAC_University/James_Cook_University/Button_Nextstep3' is clickable

22-10-2024T16:20:06 - [TEST_STEP][PASSED] - click(findTestObject("Object Repository/APAC_University/James_Cook_University/Button_Nextstep3")): Object: 'Object Repository/APAC_University/James_Cook_University/Button_Nextstep3' is clicked on

22-10-2024T16:20:06 - [MESSAGE][PASSED] - Object: 'Object Repository/APAC_University/James_Cook_University/Button_Nextstep3' is clicked on

22-10-2024T16:20:06 - [TEST_STEP][PASSED] - Email = keyPathPackage.customKeywords.generateRandomEmail(): keyPathPackage.customKeywords.generateRandomEmail is PASSED

22-10-2024T16:20:06 - [MESSAGE][PASSED] - keyPathPackage.customKeywords.generateRandomEmail is PASSED

22-10-2024T16:20:06 - [TEST_STEP][PASSED] - setText(findTestObject("Object Repository/APAC_University/James_Cook_University/Field_Email"), Email): Text 'daryl.mclaughlin@gmail.com' is set on object 'Object Repository/APAC_University/James_Cook_University/Field_Email'

22-10-2024T16:20:07 - [MESSAGE][PASSED] - Text 'daryl.mclaughlin@gmail.com' is set on object 'Object Repository/APAC_University/James_Cook_University/Field_Email'

22-10-2024T16:20:07 - [TEST_STEP][PASSED] - Phonenumber = keyPathPackage.customKeywords.generateRandomAustralianPhoneNumber(): keyPathPackage.customKeywords.generateRandomAustralianPhoneNumber is PASSED

22-10-2024T16:20:07 - [MESSAGE][PASSED] - keyPathPackage.customKeywords.generateRandomAustralianPhoneNumber is PASSED

22-10-2024T16:20:07 - [TEST_STEP][PASSED] - setText(findTestObject("Object Repository/APAC_University/James_Cook_University/Field_Phonenumber"), Phonenumber): Text '0469809941' is set on object 'Object Repository/APAC_University/James_Cook_University/Field_Phonenumber'

22-10-2024T16:20:07 - [MESSAGE][PASSED] - Text '0469809941' is set on object 'Object Repository/APAC_University/James_Cook_University/Field_Phonenumber'

22-10-2024T16:20:07 - [TEST_STEP][PASSED] - selectOptionByValue(findTestObject("Object Repository/APAC_University/James_Cook_University/Dropdown_Country"), "AU", true): All options with value 'AU' are selected in object 'Object Repository/APAC_University/James_Cook_University/Dropdown_Country'  using regular expression

22-10-2024T16:20:09 - [MESSAGE][PASSED] - All options with value 'AU' are selected in object 'Object Repository/APAC_University/James_Cook_University/Dropdown_Country'  using regular expression

22-10-2024T16:20:09 - [TEST_STEP][PASSED] - delay(3): Delayed 3 second(s)

22-10-2024T16:20:12 - [MESSAGE][PASSED] - Delayed 3 second(s)

22-10-2024T16:20:12 - [TEST_STEP][PASSED] - Postcode = keyPathPackage.customKeywords.selectRandomPostCode(): keyPathPackage.customKeywords.selectRandomPostCode is PASSED

22-10-2024T16:20:12 - [MESSAGE][PASSED] - keyPathPackage.customKeywords.selectRandomPostCode is PASSED

22-10-2024T16:20:12 - [TEST_STEP][PASSED] - setText(findTestObject("Object Repository/APAC_University/James_Cook_University/Field_Postcode"), Postcode): Text '9730' is set on object 'Object Repository/APAC_University/James_Cook_University/Field_Postcode'

22-10-2024T16:20:13 - [MESSAGE][PASSED] - Text '9730' is set on object 'Object Repository/APAC_University/James_Cook_University/Field_Postcode'

22-10-2024T16:20:13 - [TEST_STEP][PASSED] - setText(findTestObject("Object Repository/APAC_University/James_Cook_University/Field_Postcode"), Postcode): Text '9730' is set on object 'Object Repository/APAC_University/James_Cook_University/Field_Postcode'

22-10-2024T16:20:13 - [MESSAGE][PASSED] - Text '9730' is set on object 'Object Repository/APAC_University/James_Cook_University/Field_Postcode'

22-10-2024T16:20:13 - [TEST_STEP][PASSED] - waitForElementClickable(findTestObject("Object Repository/APAC_University/James_Cook_University/Button_Submit"), 10): Object 'Object Repository/APAC_University/James_Cook_University/Button_Submit' is clickable

22-10-2024T16:20:13 - [MESSAGE][PASSED] - Object 'Object Repository/APAC_University/James_Cook_University/Button_Submit' is clickable

22-10-2024T16:20:13 - [TEST_STEP][PASSED] - click(findTestObject("Object Repository/APAC_University/James_Cook_University/Button_Submit")): Object: 'Object Repository/APAC_University/James_Cook_University/Button_Submit' is clicked on

22-10-2024T16:20:14 - [MESSAGE][PASSED] - Object: 'Object Repository/APAC_University/James_Cook_University/Button_Submit' is clicked on

22-10-2024T16:20:14 - [TEST_STEP][PASSED] - delay(5): Delayed 5 second(s)

22-10-2024T16:20:19 - [MESSAGE][PASSED] - Delayed 5 second(s)

22-10-2024T16:20:19 - [TEST_STEP][PASSED] - verifyElementText(findTestObject("Object Repository/APAC_University/James_Cook_University/Verify_Message"), "Thank you"): Actual text and expected text of test object 'Object Repository/APAC_University/James_Cook_University/Verify_Message' are matched.

22-10-2024T16:20:19 - [MESSAGE][PASSED] - Actual text and expected text of test object 'Object Repository/APAC_University/James_Cook_University/Verify_Message' are matched.

22-10-2024T16:20:19 - [MESSAGE][PASSED] - Call Test Case 'Test Cases/APAC_Universities/SEO_PAGES/James_Cook_University/Reusable_Testcases/Lead_Form' successfully

22-10-2024T16:20:19 - [TEST_STEP][PASSED] - closeBrowser(): Browser is closed

22-10-2024T16:20:19 - [MESSAGE][PASSED] - Browser is closed]]></system-out>
         <system-err><![CDATA[]]></system-err>
      </testcase>
      <testcase name="Test Cases/APAC_Universities/SEO_PAGES/UNSW_University/Main_Page" time="32.377" classname="Test Cases/APAC_Universities/SEO_PAGES/UNSW_University/Main_Page" status="PASSED">
         <system-out><![CDATA[22-10-2024T16:20:19 - [TEST_CASE][PASSED] - Test Cases/APAC_Universities/SEO_PAGES/UNSW_University/Main_Page: Test Cases/APAC_Universities/SEO_PAGES/UNSW_University/Main_Page

22-10-2024T16:20:19 - [TEST_STEP][PASSED] - callTestCase(findTestCase("Test Cases/APAC_Universities/SEO_PAGES/UNSW_University/Reusable_Testcases/Navigate_URL"), [:], STOP_ON_FAILURE): Call Test Case 'Test Cases/APAC_Universities/SEO_PAGES/UNSW_University/Reusable_Testcases/Navigate_URL' successfully

22-10-2024T16:20:19 - [TEST_CASE][PASSED] - Test Cases/APAC_Universities/SEO_PAGES/UNSW_University/Reusable_Testcases/Navigate_URL: Test Cases/APAC_Universities/SEO_PAGES/UNSW_University/Reusable_Testcases/Navigate_URL

22-10-2024T16:20:19 - [TEST_STEP][PASSED] - openBrowser(""): Browser is opened with url: ''

22-10-2024T16:20:19 - [MESSAGE][INFO] - Starting 'Chrome' driver

22-10-2024T16:20:19 - [MESSAGE][INFO] - Action delay is set to 0 milliseconds

22-10-2024T16:20:20 - [MESSAGE][PASSED] - Browser is opened with url: ''

22-10-2024T16:20:20 - [TEST_STEP][PASSED] - navigateToUrl(University_UNSW): Navigate to 'https://key:path@dev-unsw-opm.pantheonsite.io/' successfully

22-10-2024T16:20:23 - [MESSAGE][PASSED] - Navigate to 'https://key:path@dev-unsw-opm.pantheonsite.io/' successfully

22-10-2024T16:20:23 - [TEST_STEP][PASSED] - maximizeWindow(): Current window maximized

22-10-2024T16:20:23 - [MESSAGE][PASSED] - Current window maximized

22-10-2024T16:20:23 - [MESSAGE][PASSED] - Call Test Case 'Test Cases/APAC_Universities/SEO_PAGES/UNSW_University/Reusable_Testcases/Navigate_URL' successfully

22-10-2024T16:20:23 - [TEST_STEP][PASSED] - callTestCase(findTestCase("Test Cases/APAC_Universities/SEO_PAGES/UNSW_University/Reusable_Testcases/Lead_Form"), [:], STOP_ON_FAILURE): Call Test Case 'Test Cases/APAC_Universities/SEO_PAGES/UNSW_University/Reusable_Testcases/Lead_Form' successfully

22-10-2024T16:20:23 - [TEST_CASE][PASSED] - Test Cases/APAC_Universities/SEO_PAGES/UNSW_University/Reusable_Testcases/Lead_Form: Test Cases/APAC_Universities/SEO_PAGES/UNSW_University/Reusable_Testcases/Lead_Form

22-10-2024T16:20:23 - [TEST_STEP][PASSED] - program = findTestObject("Object Repository/APAC_University/UNSW_University/Dropdown_Program"): null

22-10-2024T16:20:23 - [TEST_STEP][PASSED] - selectOptionByIndex(program, keyPathPackage.customKeywords.selectRandomOptionFromDropdown()): All options with index in [1] are selected on object 'Object Repository/APAC_University/UNSW_University/Dropdown_Program'

22-10-2024T16:20:23 - [MESSAGE][PASSED] - keyPathPackage.customKeywords.selectRandomOptionFromDropdown is PASSED

22-10-2024T16:20:35 - [MESSAGE][PASSED] - All options with index in [1] are selected on object 'Object Repository/APAC_University/UNSW_University/Dropdown_Program'

22-10-2024T16:20:35 - [TEST_STEP][PASSED] - FirstName = keyPathPackage.customKeywords.generateRandomFirstName(): keyPathPackage.customKeywords.generateRandomFirstName is PASSED

22-10-2024T16:20:35 - [MESSAGE][PASSED] - keyPathPackage.customKeywords.generateRandomFirstName is PASSED

22-10-2024T16:20:35 - [TEST_STEP][PASSED] - setText(findTestObject("Object Repository/APAC_University/UNSW_University/Field_Firstname"), FirstName): Text 'Stephan' is set on object 'Object Repository/APAC_University/UNSW_University/Field_Firstname'

22-10-2024T16:20:36 - [MESSAGE][PASSED] - Text 'Stephan' is set on object 'Object Repository/APAC_University/UNSW_University/Field_Firstname'

22-10-2024T16:20:36 - [TEST_STEP][PASSED] - LastName = keyPathPackage.customKeywords.generateRandomLastName(): keyPathPackage.customKeywords.generateRandomLastName is PASSED

22-10-2024T16:20:36 - [MESSAGE][PASSED] - keyPathPackage.customKeywords.generateRandomLastName is PASSED

22-10-2024T16:20:36 - [TEST_STEP][PASSED] - setText(findTestObject("Object Repository/APAC_University/UNSW_University/Field_Lastname"), LastName): Text 'Testing Carroll' is set on object 'Object Repository/APAC_University/UNSW_University/Field_Lastname'

22-10-2024T16:20:36 - [MESSAGE][PASSED] - Text 'Testing Carroll' is set on object 'Object Repository/APAC_University/UNSW_University/Field_Lastname'

22-10-2024T16:20:36 - [TEST_STEP][PASSED] - waitForElementClickable(findTestObject("Object Repository/APAC_University/UNSW_University/Button_NextStep2"), 10): Object 'Object Repository/APAC_University/UNSW_University/Button_NextStep2' is clickable

22-10-2024T16:20:37 - [MESSAGE][PASSED] - Object 'Object Repository/APAC_University/UNSW_University/Button_NextStep2' is clickable

22-10-2024T16:20:37 - [TEST_STEP][PASSED] - click(findTestObject("Object Repository/APAC_University/UNSW_University/Button_NextStep2")): Object: 'Object Repository/APAC_University/UNSW_University/Button_NextStep2' is clicked on

22-10-2024T16:20:37 - [MESSAGE][PASSED] - Object: 'Object Repository/APAC_University/UNSW_University/Button_NextStep2' is clicked on

22-10-2024T16:20:37 - [TEST_STEP][PASSED] - startdate = findTestObject("Object Repository/APAC_University/UNSW_University/Dropdown_Startdate"): null

22-10-2024T16:20:37 - [TEST_STEP][PASSED] - selectOptionByIndex(startdate, keyPathPackage.customKeywords.selectRandomOptionFromDropdown()): All options with index in [2] are selected on object 'Object Repository/APAC_University/UNSW_University/Dropdown_Startdate'

22-10-2024T16:20:37 - [MESSAGE][PASSED] - keyPathPackage.customKeywords.selectRandomOptionFromDropdown is PASSED

22-10-2024T16:20:38 - [MESSAGE][PASSED] - All options with index in [2] are selected on object 'Object Repository/APAC_University/UNSW_University/Dropdown_Startdate'

22-10-2024T16:20:38 - [TEST_STEP][PASSED] - selectOptionByValue(findTestObject("Object Repository/APAC_University/UNSW_University/Dropdown_Highereducation"), Education_Level, false): All options with value 'Postgraduate diploma' are selected in object 'Object Repository/APAC_University/UNSW_University/Dropdown_Highereducation' 

22-10-2024T16:20:38 - [MESSAGE][PASSED] - All options with value 'Postgraduate diploma' are selected in object 'Object Repository/APAC_University/UNSW_University/Dropdown_Highereducation' 

22-10-2024T16:20:38 - [TEST_STEP][PASSED] - Workexperience = findTestObject("Object Repository/APAC_University/UNSW_University/Dropdown_Workexperience"): null

22-10-2024T16:20:38 - [TEST_STEP][PASSED] - selectOptionByIndex(Workexperience, keyPathPackage.customKeywords.selectRandomOptionFromDropdown()): All options with index in [1] are selected on object 'Object Repository/APAC_University/UNSW_University/Dropdown_Workexperience'

22-10-2024T16:20:38 - [MESSAGE][PASSED] - keyPathPackage.customKeywords.selectRandomOptionFromDropdown is PASSED

22-10-2024T16:20:39 - [MESSAGE][PASSED] - All options with index in [1] are selected on object 'Object Repository/APAC_University/UNSW_University/Dropdown_Workexperience'

22-10-2024T16:20:39 - [TEST_STEP][PASSED] - Enquiryreason = findTestObject("Object Repository/APAC_University/UNSW_University/Dropdown_Enquiry"): null

22-10-2024T16:20:39 - [TEST_STEP][PASSED] - selectOptionByIndex(Enquiryreason, keyPathPackage.customKeywords.selectRandomOptionFromDropdown()): All options with index in [1] are selected on object 'Object Repository/APAC_University/UNSW_University/Dropdown_Enquiry'

22-10-2024T16:20:39 - [MESSAGE][PASSED] - keyPathPackage.customKeywords.selectRandomOptionFromDropdown is PASSED

22-10-2024T16:20:40 - [MESSAGE][PASSED] - All options with index in [1] are selected on object 'Object Repository/APAC_University/UNSW_University/Dropdown_Enquiry'

22-10-2024T16:20:40 - [TEST_STEP][PASSED] - waitForElementClickable(findTestObject("Object Repository/APAC_University/UNSW_University/Button_NextStep3"), 10): Object 'Object Repository/APAC_University/UNSW_University/Button_NextStep3' is clickable

22-10-2024T16:20:40 - [MESSAGE][PASSED] - Object 'Object Repository/APAC_University/UNSW_University/Button_NextStep3' is clickable

22-10-2024T16:20:40 - [TEST_STEP][PASSED] - click(findTestObject("Object Repository/APAC_University/UNSW_University/Button_NextStep3")): Object: 'Object Repository/APAC_University/UNSW_University/Button_NextStep3' is clicked on

22-10-2024T16:20:40 - [MESSAGE][PASSED] - Object: 'Object Repository/APAC_University/UNSW_University/Button_NextStep3' is clicked on

22-10-2024T16:20:40 - [TEST_STEP][PASSED] - Phonenumber = keyPathPackage.customKeywords.generateRandomAustralianPhoneNumber(): keyPathPackage.customKeywords.generateRandomAustralianPhoneNumber is PASSED

22-10-2024T16:20:40 - [MESSAGE][PASSED] - keyPathPackage.customKeywords.generateRandomAustralianPhoneNumber is PASSED

22-10-2024T16:20:40 - [TEST_STEP][PASSED] - setText(findTestObject("Object Repository/APAC_University/UNSW_University/Field_Phonenumber"), Phonenumber): Text '0481858792' is set on object 'Object Repository/APAC_University/UNSW_University/Field_Phonenumber'

22-10-2024T16:20:41 - [MESSAGE][PASSED] - Text '0481858792' is set on object 'Object Repository/APAC_University/UNSW_University/Field_Phonenumber'

22-10-2024T16:20:41 - [TEST_STEP][PASSED] - Email = keyPathPackage.customKeywords.generateRandomEmail(): keyPathPackage.customKeywords.generateRandomEmail is PASSED

22-10-2024T16:20:41 - [MESSAGE][PASSED] - keyPathPackage.customKeywords.generateRandomEmail is PASSED

22-10-2024T16:20:41 - [TEST_STEP][PASSED] - setText(findTestObject("Object Repository/APAC_University/UNSW_University/Field_Email"), Email): Text 'desmond.nolan@yahoo.com' is set on object 'Object Repository/APAC_University/UNSW_University/Field_Email'

22-10-2024T16:20:42 - [MESSAGE][PASSED] - Text 'desmond.nolan@yahoo.com' is set on object 'Object Repository/APAC_University/UNSW_University/Field_Email'

22-10-2024T16:20:42 - [TEST_STEP][PASSED] - selectOptionByLabel(findTestObject("Object Repository/APAC_University/UNSW_University/Dropdown_Country"), "Australia", false): All options with label 'Australia' are selected in object 'Object Repository/APAC_University/UNSW_University/Dropdown_Country' 

22-10-2024T16:20:42 - [MESSAGE][PASSED] - All options with label 'Australia' are selected in object 'Object Repository/APAC_University/UNSW_University/Dropdown_Country' 

22-10-2024T16:20:42 - [TEST_STEP][PASSED] - delay(3): Delayed 3 second(s)

22-10-2024T16:20:45 - [MESSAGE][PASSED] - Delayed 3 second(s)

22-10-2024T16:20:45 - [TEST_STEP][PASSED] - Postcode = keyPathPackage.customKeywords.selectRandomPostCode(): keyPathPackage.customKeywords.selectRandomPostCode is PASSED

22-10-2024T16:20:45 - [MESSAGE][PASSED] - keyPathPackage.customKeywords.selectRandomPostCode is PASSED

22-10-2024T16:20:45 - [TEST_STEP][PASSED] - setText(findTestObject("Object Repository/APAC_University/UNSW_University/Field_Postcode"), Postcode): Text '4079' is set on object 'Object Repository/APAC_University/UNSW_University/Field_Postcode'

22-10-2024T16:20:46 - [MESSAGE][PASSED] - Text '4079' is set on object 'Object Repository/APAC_University/UNSW_University/Field_Postcode'

22-10-2024T16:20:46 - [TEST_STEP][PASSED] - waitForElementClickable(findTestObject("Object Repository/APAC_University/UNSW_University/Button_Submit"), 10): Object 'Object Repository/APAC_University/UNSW_University/Button_Submit' is clickable

22-10-2024T16:20:46 - [MESSAGE][PASSED] - Object 'Object Repository/APAC_University/UNSW_University/Button_Submit' is clickable

22-10-2024T16:20:46 - [TEST_STEP][PASSED] - click(findTestObject("Object Repository/APAC_University/UNSW_University/Button_Submit")): Object: 'Object Repository/APAC_University/UNSW_University/Button_Submit' is clicked on

22-10-2024T16:20:46 - [MESSAGE][PASSED] - Object: 'Object Repository/APAC_University/UNSW_University/Button_Submit' is clicked on

22-10-2024T16:20:46 - [TEST_STEP][PASSED] - delay(5): Delayed 5 second(s)

22-10-2024T16:20:51 - [MESSAGE][PASSED] - Delayed 5 second(s)

22-10-2024T16:20:51 - [TEST_STEP][PASSED] - verifyElementText(findTestObject("Object Repository/APAC_University/UNSW_University/Verfy_Content"), "Thank you for your enquiry"): Actual text and expected text of test object 'Object Repository/APAC_University/UNSW_University/Verfy_Content' are matched.

22-10-2024T16:20:51 - [MESSAGE][PASSED] - Actual text and expected text of test object 'Object Repository/APAC_University/UNSW_University/Verfy_Content' are matched.

22-10-2024T16:20:51 - [MESSAGE][PASSED] - Call Test Case 'Test Cases/APAC_Universities/SEO_PAGES/UNSW_University/Reusable_Testcases/Lead_Form' successfully]]></system-out>
         <system-err><![CDATA[]]></system-err>
      </testcase>
      <testcase name="Test Cases/APAC_Universities/SEO_PAGES/UNSW_University/Enquiry_Now" time="21.499" classname="Test Cases/APAC_Universities/SEO_PAGES/UNSW_University/Enquiry_Now" status="PASSED">
         <system-out><![CDATA[22-10-2024T16:20:51 - [TEST_CASE][PASSED] - Test Cases/APAC_Universities/SEO_PAGES/UNSW_University/Enquiry_Now: Test Cases/APAC_Universities/SEO_PAGES/UNSW_University/Enquiry_Now

22-10-2024T16:20:51 - [TEST_STEP][PASSED] - callTestCase(findTestCase("Test Cases/APAC_Universities/SEO_PAGES/UNSW_University/Reusable_Testcases/Navigate_HomePage"), [:], STOP_ON_FAILURE): Call Test Case 'Test Cases/APAC_Universities/SEO_PAGES/UNSW_University/Reusable_Testcases/Navigate_HomePage' successfully

22-10-2024T16:20:51 - [TEST_CASE][PASSED] - Test Cases/APAC_Universities/SEO_PAGES/UNSW_University/Reusable_Testcases/Navigate_HomePage: Test Cases/APAC_Universities/SEO_PAGES/UNSW_University/Reusable_Testcases/Navigate_HomePage

22-10-2024T16:20:51 - [TEST_STEP][PASSED] - waitForElementClickable(findTestObject("Object Repository/APAC_University/UNSW_University/Button_home"), 10): Object 'Object Repository/APAC_University/UNSW_University/Button_home' is clickable

22-10-2024T16:20:52 - [MESSAGE][PASSED] - Object 'Object Repository/APAC_University/UNSW_University/Button_home' is clickable

22-10-2024T16:20:52 - [TEST_STEP][PASSED] - click(findTestObject("Object Repository/APAC_University/UNSW_University/Button_home")): Object: 'Object Repository/APAC_University/UNSW_University/Button_home' is clicked on

22-10-2024T16:20:54 - [MESSAGE][PASSED] - Object: 'Object Repository/APAC_University/UNSW_University/Button_home' is clicked on

22-10-2024T16:20:54 - [MESSAGE][PASSED] - Call Test Case 'Test Cases/APAC_Universities/SEO_PAGES/UNSW_University/Reusable_Testcases/Navigate_HomePage' successfully

22-10-2024T16:20:54 - [TEST_STEP][PASSED] - waitForElementClickable(findTestObject("Object Repository/APAC_University/UNSW_University/Button_EnquiryNow"), 10): Object 'Object Repository/APAC_University/UNSW_University/Button_EnquiryNow' is clickable

22-10-2024T16:20:55 - [MESSAGE][PASSED] - Object 'Object Repository/APAC_University/UNSW_University/Button_EnquiryNow' is clickable

22-10-2024T16:20:55 - [TEST_STEP][PASSED] - click(findTestObject("Object Repository/APAC_University/UNSW_University/Button_EnquiryNow")): Object: 'Object Repository/APAC_University/UNSW_University/Button_EnquiryNow' is clicked on

22-10-2024T16:20:55 - [MESSAGE][PASSED] - Object: 'Object Repository/APAC_University/UNSW_University/Button_EnquiryNow' is clicked on

22-10-2024T16:20:55 - [TEST_STEP][PASSED] - callTestCase(findTestCase("Test Cases/APAC_Universities/SEO_PAGES/UNSW_University/Reusable_Testcases/Lead_Form"), [:], STOP_ON_FAILURE): Call Test Case 'Test Cases/APAC_Universities/SEO_PAGES/UNSW_University/Reusable_Testcases/Lead_Form' successfully

22-10-2024T16:20:56 - [TEST_CASE][PASSED] - Test Cases/APAC_Universities/SEO_PAGES/UNSW_University/Reusable_Testcases/Lead_Form: Test Cases/APAC_Universities/SEO_PAGES/UNSW_University/Reusable_Testcases/Lead_Form

22-10-2024T16:20:56 - [TEST_STEP][PASSED] - program = findTestObject("Object Repository/APAC_University/UNSW_University/Dropdown_Program"): null

22-10-2024T16:20:56 - [TEST_STEP][PASSED] - selectOptionByIndex(program, keyPathPackage.customKeywords.selectRandomOptionFromDropdown()): All options with index in [1] are selected on object 'Object Repository/APAC_University/UNSW_University/Dropdown_Program'

22-10-2024T16:20:56 - [MESSAGE][PASSED] - keyPathPackage.customKeywords.selectRandomOptionFromDropdown is PASSED

22-10-2024T16:20:57 - [MESSAGE][PASSED] - All options with index in [1] are selected on object 'Object Repository/APAC_University/UNSW_University/Dropdown_Program'

22-10-2024T16:20:57 - [TEST_STEP][PASSED] - FirstName = keyPathPackage.customKeywords.generateRandomFirstName(): keyPathPackage.customKeywords.generateRandomFirstName is PASSED

22-10-2024T16:20:57 - [MESSAGE][PASSED] - keyPathPackage.customKeywords.generateRandomFirstName is PASSED

22-10-2024T16:20:57 - [TEST_STEP][PASSED] - setText(findTestObject("Object Repository/APAC_University/UNSW_University/Field_Firstname"), FirstName): Text 'Lorena' is set on object 'Object Repository/APAC_University/UNSW_University/Field_Firstname'

22-10-2024T16:20:57 - [MESSAGE][PASSED] - Text 'Lorena' is set on object 'Object Repository/APAC_University/UNSW_University/Field_Firstname'

22-10-2024T16:20:57 - [TEST_STEP][PASSED] - LastName = keyPathPackage.customKeywords.generateRandomLastName(): keyPathPackage.customKeywords.generateRandomLastName is PASSED

22-10-2024T16:20:57 - [MESSAGE][PASSED] - keyPathPackage.customKeywords.generateRandomLastName is PASSED

22-10-2024T16:20:57 - [TEST_STEP][PASSED] - setText(findTestObject("Object Repository/APAC_University/UNSW_University/Field_Lastname"), LastName): Text 'Testing Lebsack' is set on object 'Object Repository/APAC_University/UNSW_University/Field_Lastname'

22-10-2024T16:20:58 - [MESSAGE][PASSED] - Text 'Testing Lebsack' is set on object 'Object Repository/APAC_University/UNSW_University/Field_Lastname'

22-10-2024T16:20:58 - [TEST_STEP][PASSED] - waitForElementClickable(findTestObject("Object Repository/APAC_University/UNSW_University/Button_NextStep2"), 10): Object 'Object Repository/APAC_University/UNSW_University/Button_NextStep2' is clickable

22-10-2024T16:20:58 - [MESSAGE][PASSED] - Object 'Object Repository/APAC_University/UNSW_University/Button_NextStep2' is clickable

22-10-2024T16:20:58 - [TEST_STEP][PASSED] - click(findTestObject("Object Repository/APAC_University/UNSW_University/Button_NextStep2")): Object: 'Object Repository/APAC_University/UNSW_University/Button_NextStep2' is clicked on

22-10-2024T16:20:58 - [MESSAGE][PASSED] - Object: 'Object Repository/APAC_University/UNSW_University/Button_NextStep2' is clicked on

22-10-2024T16:20:58 - [TEST_STEP][PASSED] - startdate = findTestObject("Object Repository/APAC_University/UNSW_University/Dropdown_Startdate"): null

22-10-2024T16:20:58 - [TEST_STEP][PASSED] - selectOptionByIndex(startdate, keyPathPackage.customKeywords.selectRandomOptionFromDropdown()): All options with index in [1] are selected on object 'Object Repository/APAC_University/UNSW_University/Dropdown_Startdate'

22-10-2024T16:20:58 - [MESSAGE][PASSED] - keyPathPackage.customKeywords.selectRandomOptionFromDropdown is PASSED

22-10-2024T16:20:59 - [MESSAGE][PASSED] - All options with index in [1] are selected on object 'Object Repository/APAC_University/UNSW_University/Dropdown_Startdate'

22-10-2024T16:20:59 - [TEST_STEP][PASSED] - selectOptionByValue(findTestObject("Object Repository/APAC_University/UNSW_University/Dropdown_Highereducation"), Education_Level, false): All options with value 'Postgraduate diploma' are selected in object 'Object Repository/APAC_University/UNSW_University/Dropdown_Highereducation' 

22-10-2024T16:21:00 - [MESSAGE][PASSED] - All options with value 'Postgraduate diploma' are selected in object 'Object Repository/APAC_University/UNSW_University/Dropdown_Highereducation' 

22-10-2024T16:21:00 - [TEST_STEP][PASSED] - Workexperience = findTestObject("Object Repository/APAC_University/UNSW_University/Dropdown_Workexperience"): null

22-10-2024T16:21:00 - [TEST_STEP][PASSED] - selectOptionByIndex(Workexperience, keyPathPackage.customKeywords.selectRandomOptionFromDropdown()): All options with index in [2] are selected on object 'Object Repository/APAC_University/UNSW_University/Dropdown_Workexperience'

22-10-2024T16:21:00 - [MESSAGE][PASSED] - keyPathPackage.customKeywords.selectRandomOptionFromDropdown is PASSED

22-10-2024T16:21:00 - [MESSAGE][PASSED] - All options with index in [2] are selected on object 'Object Repository/APAC_University/UNSW_University/Dropdown_Workexperience'

22-10-2024T16:21:00 - [TEST_STEP][PASSED] - Enquiryreason = findTestObject("Object Repository/APAC_University/UNSW_University/Dropdown_Enquiry"): null

22-10-2024T16:21:00 - [TEST_STEP][PASSED] - selectOptionByIndex(Enquiryreason, keyPathPackage.customKeywords.selectRandomOptionFromDropdown()): All options with index in [1] are selected on object 'Object Repository/APAC_University/UNSW_University/Dropdown_Enquiry'

22-10-2024T16:21:00 - [MESSAGE][PASSED] - keyPathPackage.customKeywords.selectRandomOptionFromDropdown is PASSED

22-10-2024T16:21:01 - [MESSAGE][PASSED] - All options with index in [1] are selected on object 'Object Repository/APAC_University/UNSW_University/Dropdown_Enquiry'

22-10-2024T16:21:01 - [TEST_STEP][PASSED] - waitForElementClickable(findTestObject("Object Repository/APAC_University/UNSW_University/Button_NextStep3"), 10): Object 'Object Repository/APAC_University/UNSW_University/Button_NextStep3' is clickable

22-10-2024T16:21:01 - [MESSAGE][PASSED] - Object 'Object Repository/APAC_University/UNSW_University/Button_NextStep3' is clickable

22-10-2024T16:21:01 - [TEST_STEP][PASSED] - click(findTestObject("Object Repository/APAC_University/UNSW_University/Button_NextStep3")): Object: 'Object Repository/APAC_University/UNSW_University/Button_NextStep3' is clicked on

22-10-2024T16:21:02 - [MESSAGE][PASSED] - Object: 'Object Repository/APAC_University/UNSW_University/Button_NextStep3' is clicked on

22-10-2024T16:21:02 - [TEST_STEP][PASSED] - Phonenumber = keyPathPackage.customKeywords.generateRandomAustralianPhoneNumber(): keyPathPackage.customKeywords.generateRandomAustralianPhoneNumber is PASSED

22-10-2024T16:21:02 - [MESSAGE][PASSED] - keyPathPackage.customKeywords.generateRandomAustralianPhoneNumber is PASSED

22-10-2024T16:21:02 - [TEST_STEP][PASSED] - setText(findTestObject("Object Repository/APAC_University/UNSW_University/Field_Phonenumber"), Phonenumber): Text '0426784248' is set on object 'Object Repository/APAC_University/UNSW_University/Field_Phonenumber'

22-10-2024T16:21:02 - [MESSAGE][PASSED] - Text '0426784248' is set on object 'Object Repository/APAC_University/UNSW_University/Field_Phonenumber'

22-10-2024T16:21:02 - [TEST_STEP][PASSED] - Email = keyPathPackage.customKeywords.generateRandomEmail(): keyPathPackage.customKeywords.generateRandomEmail is PASSED

22-10-2024T16:21:02 - [MESSAGE][PASSED] - keyPathPackage.customKeywords.generateRandomEmail is PASSED

22-10-2024T16:21:02 - [TEST_STEP][PASSED] - setText(findTestObject("Object Repository/APAC_University/UNSW_University/Field_Email"), Email): Text 'rosalinda.stanton@gmail.com' is set on object 'Object Repository/APAC_University/UNSW_University/Field_Email'

22-10-2024T16:21:03 - [MESSAGE][PASSED] - Text 'rosalinda.stanton@gmail.com' is set on object 'Object Repository/APAC_University/UNSW_University/Field_Email'

22-10-2024T16:21:03 - [TEST_STEP][PASSED] - selectOptionByLabel(findTestObject("Object Repository/APAC_University/UNSW_University/Dropdown_Country"), "Australia", false): All options with label 'Australia' are selected in object 'Object Repository/APAC_University/UNSW_University/Dropdown_Country' 

22-10-2024T16:21:04 - [MESSAGE][PASSED] - All options with label 'Australia' are selected in object 'Object Repository/APAC_University/UNSW_University/Dropdown_Country' 

22-10-2024T16:21:04 - [TEST_STEP][PASSED] - delay(3): Delayed 3 second(s)

22-10-2024T16:21:07 - [MESSAGE][PASSED] - Delayed 3 second(s)

22-10-2024T16:21:07 - [TEST_STEP][PASSED] - Postcode = keyPathPackage.customKeywords.selectRandomPostCode(): keyPathPackage.customKeywords.selectRandomPostCode is PASSED

22-10-2024T16:21:07 - [MESSAGE][PASSED] - keyPathPackage.customKeywords.selectRandomPostCode is PASSED

22-10-2024T16:21:07 - [TEST_STEP][PASSED] - setText(findTestObject("Object Repository/APAC_University/UNSW_University/Field_Postcode"), Postcode): Text '9864' is set on object 'Object Repository/APAC_University/UNSW_University/Field_Postcode'

22-10-2024T16:21:07 - [MESSAGE][PASSED] - Text '9864' is set on object 'Object Repository/APAC_University/UNSW_University/Field_Postcode'

22-10-2024T16:21:07 - [TEST_STEP][PASSED] - waitForElementClickable(findTestObject("Object Repository/APAC_University/UNSW_University/Button_Submit"), 10): Object 'Object Repository/APAC_University/UNSW_University/Button_Submit' is clickable

22-10-2024T16:21:07 - [MESSAGE][PASSED] - Object 'Object Repository/APAC_University/UNSW_University/Button_Submit' is clickable

22-10-2024T16:21:07 - [TEST_STEP][PASSED] - click(findTestObject("Object Repository/APAC_University/UNSW_University/Button_Submit")): Object: 'Object Repository/APAC_University/UNSW_University/Button_Submit' is clicked on

22-10-2024T16:21:08 - [MESSAGE][PASSED] - Object: 'Object Repository/APAC_University/UNSW_University/Button_Submit' is clicked on

22-10-2024T16:21:08 - [TEST_STEP][PASSED] - delay(5): Delayed 5 second(s)

22-10-2024T16:21:13 - [MESSAGE][PASSED] - Delayed 5 second(s)

22-10-2024T16:21:13 - [TEST_STEP][PASSED] - verifyElementText(findTestObject("Object Repository/APAC_University/UNSW_University/Verfy_Content"), "Thank you for your enquiry"): Actual text and expected text of test object 'Object Repository/APAC_University/UNSW_University/Verfy_Content' are matched.

22-10-2024T16:21:13 - [MESSAGE][PASSED] - Actual text and expected text of test object 'Object Repository/APAC_University/UNSW_University/Verfy_Content' are matched.

22-10-2024T16:21:13 - [MESSAGE][PASSED] - Call Test Case 'Test Cases/APAC_Universities/SEO_PAGES/UNSW_University/Reusable_Testcases/Lead_Form' successfully

22-10-2024T16:21:13 - [TEST_STEP][PASSED] - closeBrowser(): Browser is closed

22-10-2024T16:21:13 - [MESSAGE][PASSED] - Browser is closed]]></system-out>
         <system-err><![CDATA[]]></system-err>
      </testcase>
      <testcase name="Test Cases/APAC_Universities/SEO_PAGES/SCU_University/Enquiry_Now" time="25.318" classname="Test Cases/APAC_Universities/SEO_PAGES/SCU_University/Enquiry_Now" status="FAILED">
         <failure type="FAILED" message="Test Cases/APAC_Universities/SEO_PAGES/SCU_University/Enquiry_Now FAILED.&#xa;Reason:&#xa;com.kms.katalon.core.exception.StepFailedException: Unable to select option by index '2' of object 'Object Repository/APAC_University/SCU_University/Enquiry_Now/Dropdown_Startdate'&#xa;	at com.kms.katalon.core.webui.keyword.internal.WebUIKeywordMain.stepFailed(WebUIKeywordMain.groovy:64)&#xa;	at com.kms.katalon.core.webui.keyword.internal.WebUIKeywordMain.runKeyword(WebUIKeywordMain.groovy:26)&#xa;	at com.kms.katalon.core.webui.keyword.builtin.SelectOptionByIndexKeyword.selectOptionByIndex(SelectOptionByIndexKeyword.groovy:93)&#xa;	at com.kms.katalon.core.webui.keyword.builtin.SelectOptionByIndexKeyword.execute(SelectOptionByIndexKeyword.groovy:68)&#xa;	at com.kms.katalon.core.keyword.internal.KeywordExecutor.executeKeywordForPlatform(KeywordExecutor.groovy:74)&#xa;	at com.kms.katalon.core.webui.keyword.WebUiBuiltInKeywords.selectOptionByIndex(WebUiBuiltInKeywords.groovy:1172)&#xa;	at Enquiry_Now.run(Enquiry_Now:71)&#xa;	at com.kms.katalon.core.main.ScriptEngine.run(ScriptEngine.java:194)&#xa;	at com.kms.katalon.core.main.ScriptEngine.runScriptAsRawText(ScriptEngine.java:119)&#xa;	at com.kms.katalon.core.main.TestCaseExecutor.runScript(TestCaseExecutor.java:448)&#xa;	at com.kms.katalon.core.main.TestCaseExecutor.doExecute(TestCaseExecutor.java:439)&#xa;	at com.kms.katalon.core.main.TestCaseExecutor.processExecutionPhase(TestCaseExecutor.java:418)&#xa;	at com.kms.katalon.core.main.TestCaseExecutor.accessMainPhase(TestCaseExecutor.java:410)&#xa;	at com.kms.katalon.core.main.TestCaseExecutor.execute(TestCaseExecutor.java:285)&#xa;	at com.kms.katalon.core.common.CommonExecutor.accessTestCaseMainPhase(CommonExecutor.java:65)&#xa;	at com.kms.katalon.core.main.TestSuiteExecutor.accessTestSuiteMainPhase(TestSuiteExecutor.java:150)&#xa;	at com.kms.katalon.core.main.TestSuiteExecutor.execute(TestSuiteExecutor.java:106)&#xa;	at com.kms.katalon.core.main.TestCaseMain.startTestSuite(TestCaseMain.java:180)&#xa;	at TempTestSuite1729573882564.run(TempTestSuite1729573882564.groovy:35)&#xa;	at java.base/jdk.internal.reflect.NativeMethodAccessorImpl.invoke0(Native Method)&#xa;	at java.base/jdk.internal.reflect.NativeMethodAccessorImpl.invoke(NativeMethodAccessorImpl.java:77)&#xa;	at java.base/jdk.internal.reflect.DelegatingMethodAccessorImpl.invoke(DelegatingMethodAccessorImpl.java:43)&#xa;Caused by: org.openqa.selenium.JavascriptException: javascript error: {&quot;status&quot;:11,&quot;value&quot;:&quot;Element is not currently visible and may not be manipulated&quot;}&#xa;  (Session info: chrome=129.0.6668.101)&#xa;Build info: version: '3.141.59', revision: 'unknown', time: 'unknown'&#xa;System info: host: 'Madhans-MacBook-Pro.local', ip: '2401:d002:ab04:5000:1c35:1f0d:a1a9:763a%en0', os.name: 'Mac OS X', os.arch: 'aarch64', os.version: '14.3.1', java.version: '17.0.7'&#xa;Driver info: com.kms.katalon.selenium.driver.CChromeDriver&#xa;Capabilities {acceptInsecureCerts: false, browserName: chrome, browserVersion: 129.0.6668.101, chrome: {chromedriverVersion: 128.0.6613.84 (606aa55c7d68..., userDataDir: /var/folders/81/jk91fm7j2_5...}, fedcm:accounts: true, goog:chromeOptions: {debuggerAddress: localhost:63814}, javascriptEnabled: true, networkConnectionEnabled: false, pageLoadStrategy: normal, platform: MAC, platformName: MAC, proxy: Proxy(), setWindowRect: true, strictFileInteractability: false, timeouts: {implicit: 0, pageLoad: 300000, script: 30000}, unhandledPromptBehavior: dismiss and notify, webauthn:extension:credBlob: true, webauthn:extension:largeBlob: true, webauthn:extension:minPinLength: true, webauthn:extension:prf: true, webauthn:virtualAuthenticators: true}&#xa;Session ID: 009e9ddd86a4ac199bc8fba4332cd82a&#xa;	at java.base/jdk.internal.reflect.NativeConstructorAccessorImpl.newInstance0(Native Method)&#xa;	at java.base/jdk.internal.reflect.NativeConstructorAccessorImpl.newInstance(NativeConstructorAccessorImpl.java:77)&#xa;	at java.base/jdk.internal.reflect.DelegatingConstructorAccessorImpl.newInstance(DelegatingConstructorAccessorImpl.java:45)&#xa;	at org.openqa.selenium.remote.http.W3CHttpResponseCodec.createException(W3CHttpResponseCodec.java:187)&#xa;	at org.openqa.selenium.remote.http.W3CHttpResponseCodec.decode(W3CHttpResponseCodec.java:122)&#xa;	at org.openqa.selenium.remote.http.W3CHttpResponseCodec.decode(W3CHttpResponseCodec.java:49)&#xa;	at org.openqa.selenium.remote.HttpCommandExecutor.execute(HttpCommandExecutor.java:158)&#xa;	at org.openqa.selenium.remote.service.DriverCommandExecutor.execute(DriverCommandExecutor.java:83)&#xa;	at org.openqa.selenium.remote.RemoteWebDriver.execute(RemoteWebDriver.java:552)&#xa;	at com.kms.katalon.selenium.driver.CChromeDriver.execute(CChromeDriver.java:19)&#xa;	at org.openqa.selenium.remote.RemoteWebElement.execute(RemoteWebElement.java:285)&#xa;	at org.openqa.selenium.remote.RemoteWebElement.click(RemoteWebElement.java:84)&#xa;	at jdk.internal.reflect.GeneratedMethodAccessor16.invoke(Unknown Source)&#xa;	at java.base/jdk.internal.reflect.DelegatingMethodAccessorImpl.invoke(DelegatingMethodAccessorImpl.java:43)&#xa;	at org.openqa.selenium.support.events.EventFiringWebDriver$EventFiringWebElement.lambda$new$0(EventFiringWebDriver.java:404)&#xa;	at jdk.proxy2/jdk.proxy2.$Proxy24.click(Unknown Source)&#xa;	at org.openqa.selenium.support.events.EventFiringWebDriver$EventFiringWebElement.click(EventFiringWebDriver.java:417)&#xa;	at org.openqa.selenium.support.ui.Select.setSelected(Select.java:311)&#xa;	at org.openqa.selenium.support.ui.Select.setSelectedByIndex(Select.java:293)&#xa;	at org.openqa.selenium.support.ui.Select.selectByIndex(Select.java:172)&#xa;	at com.kms.katalon.core.webui.common.WebUiCommonHelper.selectOrDeselectOptionsByIndex(WebUiCommonHelper.java:245)&#xa;	at com.kms.katalon.core.webui.keyword.builtin.SelectOptionByIndexKeyword$_selectOptionByIndex_closure1.doCall(SelectOptionByIndexKeyword.groovy:85)&#xa;	at com.kms.katalon.core.webui.keyword.builtin.SelectOptionByIndexKeyword$_selectOptionByIndex_closure1.call(SelectOptionByIndexKeyword.groovy)&#xa;	at com.kms.katalon.core.webui.keyword.internal.WebUIKeywordMain.runKeyword(WebUIKeywordMain.groovy:20)&#xa;	... 20 more&#xa;"/>
         <system-out><![CDATA[22-10-2024T16:21:13 - [TEST_CASE][FAILED] - Test Cases/APAC_Universities/SEO_PAGES/SCU_University/Enquiry_Now: Test Cases/APAC_Universities/SEO_PAGES/SCU_University/Enquiry_Now FAILED.
Reason:
com.kms.katalon.core.exception.StepFailedException: Unable to select option by index '2' of object 'Object Repository/APAC_University/SCU_University/Enquiry_Now/Dropdown_Startdate'
	at com.kms.katalon.core.webui.keyword.internal.WebUIKeywordMain.stepFailed(WebUIKeywordMain.groovy:64)
	at com.kms.katalon.core.webui.keyword.internal.WebUIKeywordMain.runKeyword(WebUIKeywordMain.groovy:26)
	at com.kms.katalon.core.webui.keyword.builtin.SelectOptionByIndexKeyword.selectOptionByIndex(SelectOptionByIndexKeyword.groovy:93)
	at com.kms.katalon.core.webui.keyword.builtin.SelectOptionByIndexKeyword.execute(SelectOptionByIndexKeyword.groovy:68)
	at com.kms.katalon.core.keyword.internal.KeywordExecutor.executeKeywordForPlatform(KeywordExecutor.groovy:74)
	at com.kms.katalon.core.webui.keyword.WebUiBuiltInKeywords.selectOptionByIndex(WebUiBuiltInKeywords.groovy:1172)
	at Enquiry_Now.run(Enquiry_Now:71)
	at com.kms.katalon.core.main.ScriptEngine.run(ScriptEngine.java:194)
	at com.kms.katalon.core.main.ScriptEngine.runScriptAsRawText(ScriptEngine.java:119)
	at com.kms.katalon.core.main.TestCaseExecutor.runScript(TestCaseExecutor.java:448)
	at com.kms.katalon.core.main.TestCaseExecutor.doExecute(TestCaseExecutor.java:439)
	at com.kms.katalon.core.main.TestCaseExecutor.processExecutionPhase(TestCaseExecutor.java:418)
	at com.kms.katalon.core.main.TestCaseExecutor.accessMainPhase(TestCaseExecutor.java:410)
	at com.kms.katalon.core.main.TestCaseExecutor.execute(TestCaseExecutor.java:285)
	at com.kms.katalon.core.common.CommonExecutor.accessTestCaseMainPhase(CommonExecutor.java:65)
	at com.kms.katalon.core.main.TestSuiteExecutor.accessTestSuiteMainPhase(TestSuiteExecutor.java:150)
	at com.kms.katalon.core.main.TestSuiteExecutor.execute(TestSuiteExecutor.java:106)
	at com.kms.katalon.core.main.TestCaseMain.startTestSuite(TestCaseMain.java:180)
	at TempTestSuite1729573882564.run(TempTestSuite1729573882564.groovy:35)
	at java.base/jdk.internal.reflect.NativeMethodAccessorImpl.invoke0(Native Method)
	at java.base/jdk.internal.reflect.NativeMethodAccessorImpl.invoke(NativeMethodAccessorImpl.java:77)
	at java.base/jdk.internal.reflect.DelegatingMethodAccessorImpl.invoke(DelegatingMethodAccessorImpl.java:43)
Caused by: org.openqa.selenium.JavascriptException: javascript error: {"status":11,"value":"Element is not currently visible and may not be manipulated"}
  (Session info: chrome=129.0.6668.101)
Build info: version: '3.141.59', revision: 'unknown', time: 'unknown'
System info: host: 'Madhans-MacBook-Pro.local', ip: '2401:d002:ab04:5000:1c35:1f0d:a1a9:763a%en0', os.name: 'Mac OS X', os.arch: 'aarch64', os.version: '14.3.1', java.version: '17.0.7'
Driver info: com.kms.katalon.selenium.driver.CChromeDriver
Capabilities {acceptInsecureCerts: false, browserName: chrome, browserVersion: 129.0.6668.101, chrome: {chromedriverVersion: 128.0.6613.84 (606aa55c7d68..., userDataDir: /var/folders/81/jk91fm7j2_5...}, fedcm:accounts: true, goog:chromeOptions: {debuggerAddress: localhost:63814}, javascriptEnabled: true, networkConnectionEnabled: false, pageLoadStrategy: normal, platform: MAC, platformName: MAC, proxy: Proxy(), setWindowRect: true, strictFileInteractability: false, timeouts: {implicit: 0, pageLoad: 300000, script: 30000}, unhandledPromptBehavior: dismiss and notify, webauthn:extension:credBlob: true, webauthn:extension:largeBlob: true, webauthn:extension:minPinLength: true, webauthn:extension:prf: true, webauthn:virtualAuthenticators: true}
Session ID: 009e9ddd86a4ac199bc8fba4332cd82a
	at java.base/jdk.internal.reflect.NativeConstructorAccessorImpl.newInstance0(Native Method)
	at java.base/jdk.internal.reflect.NativeConstructorAccessorImpl.newInstance(NativeConstructorAccessorImpl.java:77)
	at java.base/jdk.internal.reflect.DelegatingConstructorAccessorImpl.newInstance(DelegatingConstructorAccessorImpl.java:45)
	at org.openqa.selenium.remote.http.W3CHttpResponseCodec.createException(W3CHttpResponseCodec.java:187)
	at org.openqa.selenium.remote.http.W3CHttpResponseCodec.decode(W3CHttpResponseCodec.java:122)
	at org.openqa.selenium.remote.http.W3CHttpResponseCodec.decode(W3CHttpResponseCodec.java:49)
	at org.openqa.selenium.remote.HttpCommandExecutor.execute(HttpCommandExecutor.java:158)
	at org.openqa.selenium.remote.service.DriverCommandExecutor.execute(DriverCommandExecutor.java:83)
	at org.openqa.selenium.remote.RemoteWebDriver.execute(RemoteWebDriver.java:552)
	at com.kms.katalon.selenium.driver.CChromeDriver.execute(CChromeDriver.java:19)
	at org.openqa.selenium.remote.RemoteWebElement.execute(RemoteWebElement.java:285)
	at org.openqa.selenium.remote.RemoteWebElement.click(RemoteWebElement.java:84)
	at jdk.internal.reflect.GeneratedMethodAccessor16.invoke(Unknown Source)
	at java.base/jdk.internal.reflect.DelegatingMethodAccessorImpl.invoke(DelegatingMethodAccessorImpl.java:43)
	at org.openqa.selenium.support.events.EventFiringWebDriver$EventFiringWebElement.lambda$new$0(EventFiringWebDriver.java:404)
	at jdk.proxy2/jdk.proxy2.$Proxy24.click(Unknown Source)
	at org.openqa.selenium.support.events.EventFiringWebDriver$EventFiringWebElement.click(EventFiringWebDriver.java:417)
	at org.openqa.selenium.support.ui.Select.setSelected(Select.java:311)
	at org.openqa.selenium.support.ui.Select.setSelectedByIndex(Select.java:293)
	at org.openqa.selenium.support.ui.Select.selectByIndex(Select.java:172)
	at com.kms.katalon.core.webui.common.WebUiCommonHelper.selectOrDeselectOptionsByIndex(WebUiCommonHelper.java:245)
	at com.kms.katalon.core.webui.keyword.builtin.SelectOptionByIndexKeyword$_selectOptionByIndex_closure1.doCall(SelectOptionByIndexKeyword.groovy:85)
	at com.kms.katalon.core.webui.keyword.builtin.SelectOptionByIndexKeyword$_selectOptionByIndex_closure1.call(SelectOptionByIndexKeyword.groovy)
	at com.kms.katalon.core.webui.keyword.internal.WebUIKeywordMain.runKeyword(WebUIKeywordMain.groovy:20)
	... 20 more


22-10-2024T16:21:13 - [TEST_STEP][PASSED] - callTestCase(findTestCase("Test Cases/APAC_Universities/SEO_PAGES/SCU_University/Reusable_Testcases/Navigate_URL"), [:], STOP_ON_FAILURE): Call Test Case 'Test Cases/APAC_Universities/SEO_PAGES/SCU_University/Reusable_Testcases/Navigate_URL' successfully

22-10-2024T16:21:13 - [TEST_CASE][PASSED] - Test Cases/APAC_Universities/SEO_PAGES/SCU_University/Reusable_Testcases/Navigate_URL: Test Cases/APAC_Universities/SEO_PAGES/SCU_University/Reusable_Testcases/Navigate_URL

22-10-2024T16:21:13 - [TEST_STEP][PASSED] - openBrowser(""): Browser is opened with url: ''

22-10-2024T16:21:13 - [MESSAGE][INFO] - Starting 'Chrome' driver

22-10-2024T16:21:13 - [MESSAGE][INFO] - Action delay is set to 0 milliseconds

22-10-2024T16:21:14 - [MESSAGE][PASSED] - Browser is opened with url: ''

22-10-2024T16:21:14 - [TEST_STEP][PASSED] - navigateToUrl(University_SCU): Navigate to 'https://key:path@dev-scu-opm.pantheonsite.io/' successfully

22-10-2024T16:21:30 - [MESSAGE][PASSED] - Navigate to 'https://key:path@dev-scu-opm.pantheonsite.io/' successfully

22-10-2024T16:21:30 - [TEST_STEP][PASSED] - maximizeWindow(): Current window maximized

22-10-2024T16:21:30 - [MESSAGE][PASSED] - Current window maximized

22-10-2024T16:21:30 - [MESSAGE][PASSED] - Call Test Case 'Test Cases/APAC_Universities/SEO_PAGES/SCU_University/Reusable_Testcases/Navigate_URL' successfully

22-10-2024T16:21:30 - [TEST_STEP][PASSED] - waitForElementClickable(findTestObject("Object Repository/APAC_University/SCU_University/Main_Page/Button_Enquiry_Now"), 10): Object 'Object Repository/APAC_University/SCU_University/Main_Page/Button_Enquiry_Now' is clickable

22-10-2024T16:21:33 - [MESSAGE][PASSED] - Object 'Object Repository/APAC_University/SCU_University/Main_Page/Button_Enquiry_Now' is clickable

22-10-2024T16:21:33 - [TEST_STEP][PASSED] - click(findTestObject("Object Repository/APAC_University/SCU_University/Main_Page/Button_Enquiry_Now")): Object: 'Object Repository/APAC_University/SCU_University/Main_Page/Button_Enquiry_Now' is clicked on

22-10-2024T16:21:34 - [MESSAGE][PASSED] - Object: 'Object Repository/APAC_University/SCU_University/Main_Page/Button_Enquiry_Now' is clicked on

22-10-2024T16:21:34 - [TEST_STEP][PASSED] - waitForElementVisible(findTestObject("Object Repository/APAC_University/SCU_University/Main_Page/Modal_Dialog"), 10): Object 'Object Repository/APAC_University/SCU_University/Main_Page/Modal_Dialog' is visible

22-10-2024T16:21:34 - [MESSAGE][PASSED] - Object 'Object Repository/APAC_University/SCU_University/Main_Page/Modal_Dialog' is visible

22-10-2024T16:21:34 - [TEST_STEP][PASSED] - selectTestObject = findTestObject("Object Repository/APAC_University/SCU_University/Enquiry_Now/Dropdown_Course"): null

22-10-2024T16:21:34 - [TEST_STEP][PASSED] - selectElement = findWebElement(selectTestObject, 0): Found web element by test object Object Repository/APAC_University/SCU_University/Enquiry_Now/Dropdown_Course

22-10-2024T16:21:34 - [MESSAGE][WARNING] - Timeout '0' is invalid. Using default page load timeout: '30'

22-10-2024T16:21:35 - [MESSAGE][PASSED] - Found web element by test object Object Repository/APAC_University/SCU_University/Enquiry_Now/Dropdown_Course

22-10-2024T16:21:35 - [TEST_STEP][PASSED] - select = new org.openqa.selenium.support.ui.Select(selectElement): null

22-10-2024T16:21:35 - [TEST_STEP][PASSED] - options = select.getOptions(): null

22-10-2024T16:21:35 - [TEST_STEP][PASSED] - validOptions = options.findAll({ -> ... }): null

22-10-2024T16:21:35 - [TEST_STEP][PASSED] - random = new java.util.Random(): null

22-10-2024T16:21:35 - [TEST_STEP][PASSED] - randomOption = validOptions[random.nextInt(validOptions.size())]: null

22-10-2024T16:21:35 - [TEST_STEP][PASSED] - select.selectByValue(randomOption.getAttribute("value")): null

22-10-2024T16:21:35 - [TEST_STEP][PASSED] - FirstName = keyPathPackage.customKeywords.generateRandomFirstName(): keyPathPackage.customKeywords.generateRandomFirstName is PASSED

22-10-2024T16:21:35 - [MESSAGE][PASSED] - keyPathPackage.customKeywords.generateRandomFirstName is PASSED

22-10-2024T16:21:35 - [TEST_STEP][PASSED] - setText(findTestObject("Object Repository/APAC_University/SCU_University/Enquiry_Now/Field_FirstName"), FirstName): Text 'Odis' is set on object 'Object Repository/APAC_University/SCU_University/Enquiry_Now/Field_FirstName'

22-10-2024T16:21:36 - [MESSAGE][PASSED] - Text 'Odis' is set on object 'Object Repository/APAC_University/SCU_University/Enquiry_Now/Field_FirstName'

22-10-2024T16:21:36 - [TEST_STEP][PASSED] - LastName = keyPathPackage.customKeywords.generateRandomLastName(): keyPathPackage.customKeywords.generateRandomLastName is PASSED

22-10-2024T16:21:36 - [MESSAGE][PASSED] - keyPathPackage.customKeywords.generateRandomLastName is PASSED

22-10-2024T16:21:36 - [TEST_STEP][PASSED] - setText(findTestObject("Object Repository/APAC_University/SCU_University/Enquiry_Now/Field_LastName"), LastName): Text 'Testing Block' is set on object 'Object Repository/APAC_University/SCU_University/Enquiry_Now/Field_LastName'

22-10-2024T16:21:36 - [MESSAGE][PASSED] - Text 'Testing Block' is set on object 'Object Repository/APAC_University/SCU_University/Enquiry_Now/Field_LastName'

22-10-2024T16:21:36 - [TEST_STEP][PASSED] - waitForElementClickable(findTestObject("Object Repository/APAC_University/SCU_University/Enquiry_Now/Button_Nextstep1"), 10): Object 'Object Repository/APAC_University/SCU_University/Enquiry_Now/Button_Nextstep1' is clickable

22-10-2024T16:21:37 - [MESSAGE][PASSED] - Object 'Object Repository/APAC_University/SCU_University/Enquiry_Now/Button_Nextstep1' is clickable

22-10-2024T16:21:37 - [TEST_STEP][PASSED] - click(findTestObject("Object Repository/APAC_University/SCU_University/Enquiry_Now/Button_Nextstep1")): Object: 'Object Repository/APAC_University/SCU_University/Enquiry_Now/Button_Nextstep1' is clicked on

22-10-2024T16:21:37 - [MESSAGE][PASSED] - Object: 'Object Repository/APAC_University/SCU_University/Enquiry_Now/Button_Nextstep1' is clicked on

22-10-2024T16:21:37 - [TEST_STEP][PASSED] - startdate = findTestObject("Object Repository/APAC_University/SCU_University/Enquiry_Now/Dropdown_Startdate"): null

22-10-2024T16:21:37 - [TEST_STEP][FAILED] - selectOptionByIndex(startdate, keyPathPackage.customKeywords.selectRandomOptionFromDropdown()): Unable to select option by index '2' of object 'Object Repository/APAC_University/SCU_University/Enquiry_Now/Dropdown_Startdate' (Root cause: com.kms.katalon.core.exception.StepFailedException: Unable to select option by index '2' of object 'Object Repository/APAC_University/SCU_University/Enquiry_Now/Dropdown_Startdate'
	at com.kms.katalon.core.webui.keyword.internal.WebUIKeywordMain.stepFailed(WebUIKeywordMain.groovy:64)
	at com.kms.katalon.core.webui.keyword.internal.WebUIKeywordMain.runKeyword(WebUIKeywordMain.groovy:26)
	at com.kms.katalon.core.webui.keyword.builtin.SelectOptionByIndexKeyword.selectOptionByIndex(SelectOptionByIndexKeyword.groovy:93)
	at com.kms.katalon.core.webui.keyword.builtin.SelectOptionByIndexKeyword.execute(SelectOptionByIndexKeyword.groovy:68)
	at com.kms.katalon.core.keyword.internal.KeywordExecutor.executeKeywordForPlatform(KeywordExecutor.groovy:74)
	at com.kms.katalon.core.webui.keyword.WebUiBuiltInKeywords.selectOptionByIndex(WebUiBuiltInKeywords.groovy:1172)
	at Enquiry_Now.run(Enquiry_Now:71)
	at com.kms.katalon.core.main.ScriptEngine.run(ScriptEngine.java:194)
	at com.kms.katalon.core.main.ScriptEngine.runScriptAsRawText(ScriptEngine.java:119)
	at com.kms.katalon.core.main.TestCaseExecutor.runScript(TestCaseExecutor.java:448)
	at com.kms.katalon.core.main.TestCaseExecutor.doExecute(TestCaseExecutor.java:439)
	at com.kms.katalon.core.main.TestCaseExecutor.processExecutionPhase(TestCaseExecutor.java:418)
	at com.kms.katalon.core.main.TestCaseExecutor.accessMainPhase(TestCaseExecutor.java:410)
	at com.kms.katalon.core.main.TestCaseExecutor.execute(TestCaseExecutor.java:285)
	at com.kms.katalon.core.common.CommonExecutor.accessTestCaseMainPhase(CommonExecutor.java:65)
	at com.kms.katalon.core.main.TestSuiteExecutor.accessTestSuiteMainPhase(TestSuiteExecutor.java:150)
	at com.kms.katalon.core.main.TestSuiteExecutor.execute(TestSuiteExecutor.java:106)
	at com.kms.katalon.core.main.TestCaseMain.startTestSuite(TestCaseMain.java:180)
	at TempTestSuite1729573882564.run(TempTestSuite1729573882564.groovy:35)
	at java.base/jdk.internal.reflect.NativeMethodAccessorImpl.invoke0(Native Method)
	at java.base/jdk.internal.reflect.NativeMethodAccessorImpl.invoke(NativeMethodAccessorImpl.java:77)
	at java.base/jdk.internal.reflect.DelegatingMethodAccessorImpl.invoke(DelegatingMethodAccessorImpl.java:43)
Caused by: org.openqa.selenium.JavascriptException: javascript error: {"status":11,"value":"Element is not currently visible and may not be manipulated"}
  (Session info: chrome=129.0.6668.101)
Build info: version: '3.141.59', revision: 'unknown', time: 'unknown'
System info: host: 'Madhans-MacBook-Pro.local', ip: '2401:d002:ab04:5000:1c35:1f0d:a1a9:763a%en0', os.name: 'Mac OS X', os.arch: 'aarch64', os.version: '14.3.1', java.version: '17.0.7'
Driver info: com.kms.katalon.selenium.driver.CChromeDriver
Capabilities {acceptInsecureCerts: false, browserName: chrome, browserVersion: 129.0.6668.101, chrome: {chromedriverVersion: 128.0.6613.84 (606aa55c7d68..., userDataDir: /var/folders/81/jk91fm7j2_5...}, fedcm:accounts: true, goog:chromeOptions: {debuggerAddress: localhost:63814}, javascriptEnabled: true, networkConnectionEnabled: false, pageLoadStrategy: normal, platform: MAC, platformName: MAC, proxy: Proxy(), setWindowRect: true, strictFileInteractability: false, timeouts: {implicit: 0, pageLoad: 300000, script: 30000}, unhandledPromptBehavior: dismiss and notify, webauthn:extension:credBlob: true, webauthn:extension:largeBlob: true, webauthn:extension:minPinLength: true, webauthn:extension:prf: true, webauthn:virtualAuthenticators: true}
Session ID: 009e9ddd86a4ac199bc8fba4332cd82a
	at java.base/jdk.internal.reflect.NativeConstructorAccessorImpl.newInstance0(Native Method)
	at java.base/jdk.internal.reflect.NativeConstructorAccessorImpl.newInstance(NativeConstructorAccessorImpl.java:77)
	at java.base/jdk.internal.reflect.DelegatingConstructorAccessorImpl.newInstance(DelegatingConstructorAccessorImpl.java:45)
	at org.openqa.selenium.remote.http.W3CHttpResponseCodec.createException(W3CHttpResponseCodec.java:187)
	at org.openqa.selenium.remote.http.W3CHttpResponseCodec.decode(W3CHttpResponseCodec.java:122)
	at org.openqa.selenium.remote.http.W3CHttpResponseCodec.decode(W3CHttpResponseCodec.java:49)
	at org.openqa.selenium.remote.HttpCommandExecutor.execute(HttpCommandExecutor.java:158)
	at org.openqa.selenium.remote.service.DriverCommandExecutor.execute(DriverCommandExecutor.java:83)
	at org.openqa.selenium.remote.RemoteWebDriver.execute(RemoteWebDriver.java:552)
	at com.kms.katalon.selenium.driver.CChromeDriver.execute(CChromeDriver.java:19)
	at org.openqa.selenium.remote.RemoteWebElement.execute(RemoteWebElement.java:285)
	at org.openqa.selenium.remote.RemoteWebElement.click(RemoteWebElement.java:84)
	at jdk.internal.reflect.GeneratedMethodAccessor16.invoke(Unknown Source)
	at java.base/jdk.internal.reflect.DelegatingMethodAccessorImpl.invoke(DelegatingMethodAccessorImpl.java:43)
	at org.openqa.selenium.support.events.EventFiringWebDriver$EventFiringWebElement.lambda$new$0(EventFiringWebDriver.java:404)
	at jdk.proxy2/jdk.proxy2.$Proxy24.click(Unknown Source)
	at org.openqa.selenium.support.events.EventFiringWebDriver$EventFiringWebElement.click(EventFiringWebDriver.java:417)
	at org.openqa.selenium.support.ui.Select.setSelected(Select.java:311)
	at org.openqa.selenium.support.ui.Select.setSelectedByIndex(Select.java:293)
	at org.openqa.selenium.support.ui.Select.selectByIndex(Select.java:172)
	at com.kms.katalon.core.webui.common.WebUiCommonHelper.selectOrDeselectOptionsByIndex(WebUiCommonHelper.java:245)
	at com.kms.katalon.core.webui.keyword.builtin.SelectOptionByIndexKeyword$_selectOptionByIndex_closure1.doCall(SelectOptionByIndexKeyword.groovy:85)
	at com.kms.katalon.core.webui.keyword.builtin.SelectOptionByIndexKeyword$_selectOptionByIndex_closure1.call(SelectOptionByIndexKeyword.groovy)
	at com.kms.katalon.core.webui.keyword.internal.WebUIKeywordMain.runKeyword(WebUIKeywordMain.groovy:20)
	at com.kms.katalon.core.webui.keyword.builtin.SelectOptionByIndexKeyword.selectOptionByIndex(SelectOptionByIndexKeyword.groovy:93)
	at com.kms.katalon.core.webui.keyword.builtin.SelectOptionByIndexKeyword.execute(SelectOptionByIndexKeyword.groovy:68)
	at com.kms.katalon.core.keyword.internal.KeywordExecutor.executeKeywordForPlatform(KeywordExecutor.groovy:74)
	at com.kms.katalon.core.webui.keyword.WebUiBuiltInKeywords.selectOptionByIndex(WebUiBuiltInKeywords.groovy:1172)
	at Script1720582261422.run(Script1720582261422.groovy:71)
	... 15 more
)

22-10-2024T16:21:37 - [MESSAGE][PASSED] - keyPathPackage.customKeywords.selectRandomOptionFromDropdown is PASSED

22-10-2024T16:21:38 - [MESSAGE][FAILED] - Unable to select option by index '2' of object 'Object Repository/APAC_University/SCU_University/Enquiry_Now/Dropdown_Startdate' (Root cause: com.kms.katalon.core.exception.StepFailedException: Unable to select option by index '2' of object 'Object Repository/APAC_University/SCU_University/Enquiry_Now/Dropdown_Startdate'
	at com.kms.katalon.core.webui.keyword.internal.WebUIKeywordMain.stepFailed(WebUIKeywordMain.groovy:64)
	at com.kms.katalon.core.webui.keyword.internal.WebUIKeywordMain.runKeyword(WebUIKeywordMain.groovy:26)
	at com.kms.katalon.core.webui.keyword.builtin.SelectOptionByIndexKeyword.selectOptionByIndex(SelectOptionByIndexKeyword.groovy:93)
	at com.kms.katalon.core.webui.keyword.builtin.SelectOptionByIndexKeyword.execute(SelectOptionByIndexKeyword.groovy:68)
	at com.kms.katalon.core.keyword.internal.KeywordExecutor.executeKeywordForPlatform(KeywordExecutor.groovy:74)
	at com.kms.katalon.core.webui.keyword.WebUiBuiltInKeywords.selectOptionByIndex(WebUiBuiltInKeywords.groovy:1172)
	at Enquiry_Now.run(Enquiry_Now:71)
	at com.kms.katalon.core.main.ScriptEngine.run(ScriptEngine.java:194)
	at com.kms.katalon.core.main.ScriptEngine.runScriptAsRawText(ScriptEngine.java:119)
	at com.kms.katalon.core.main.TestCaseExecutor.runScript(TestCaseExecutor.java:448)
	at com.kms.katalon.core.main.TestCaseExecutor.doExecute(TestCaseExecutor.java:439)
	at com.kms.katalon.core.main.TestCaseExecutor.processExecutionPhase(TestCaseExecutor.java:418)
	at com.kms.katalon.core.main.TestCaseExecutor.accessMainPhase(TestCaseExecutor.java:410)
	at com.kms.katalon.core.main.TestCaseExecutor.execute(TestCaseExecutor.java:285)
	at com.kms.katalon.core.common.CommonExecutor.accessTestCaseMainPhase(CommonExecutor.java:65)
	at com.kms.katalon.core.main.TestSuiteExecutor.accessTestSuiteMainPhase(TestSuiteExecutor.java:150)
	at com.kms.katalon.core.main.TestSuiteExecutor.execute(TestSuiteExecutor.java:106)
	at com.kms.katalon.core.main.TestCaseMain.startTestSuite(TestCaseMain.java:180)
	at TempTestSuite1729573882564.run(TempTestSuite1729573882564.groovy:35)
	at java.base/jdk.internal.reflect.NativeMethodAccessorImpl.invoke0(Native Method)
	at java.base/jdk.internal.reflect.NativeMethodAccessorImpl.invoke(NativeMethodAccessorImpl.java:77)
	at java.base/jdk.internal.reflect.DelegatingMethodAccessorImpl.invoke(DelegatingMethodAccessorImpl.java:43)
Caused by: org.openqa.selenium.JavascriptException: javascript error: {"status":11,"value":"Element is not currently visible and may not be manipulated"}
  (Session info: chrome=129.0.6668.101)
Build info: version: '3.141.59', revision: 'unknown', time: 'unknown'
System info: host: 'Madhans-MacBook-Pro.local', ip: '2401:d002:ab04:5000:1c35:1f0d:a1a9:763a%en0', os.name: 'Mac OS X', os.arch: 'aarch64', os.version: '14.3.1', java.version: '17.0.7'
Driver info: com.kms.katalon.selenium.driver.CChromeDriver
Capabilities {acceptInsecureCerts: false, browserName: chrome, browserVersion: 129.0.6668.101, chrome: {chromedriverVersion: 128.0.6613.84 (606aa55c7d68..., userDataDir: /var/folders/81/jk91fm7j2_5...}, fedcm:accounts: true, goog:chromeOptions: {debuggerAddress: localhost:63814}, javascriptEnabled: true, networkConnectionEnabled: false, pageLoadStrategy: normal, platform: MAC, platformName: MAC, proxy: Proxy(), setWindowRect: true, strictFileInteractability: false, timeouts: {implicit: 0, pageLoad: 300000, script: 30000}, unhandledPromptBehavior: dismiss and notify, webauthn:extension:credBlob: true, webauthn:extension:largeBlob: true, webauthn:extension:minPinLength: true, webauthn:extension:prf: true, webauthn:virtualAuthenticators: true}
Session ID: 009e9ddd86a4ac199bc8fba4332cd82a
	at java.base/jdk.internal.reflect.NativeConstructorAccessorImpl.newInstance0(Native Method)
	at java.base/jdk.internal.reflect.NativeConstructorAccessorImpl.newInstance(NativeConstructorAccessorImpl.java:77)
	at java.base/jdk.internal.reflect.DelegatingConstructorAccessorImpl.newInstance(DelegatingConstructorAccessorImpl.java:45)
	at org.openqa.selenium.remote.http.W3CHttpResponseCodec.createException(W3CHttpResponseCodec.java:187)
	at org.openqa.selenium.remote.http.W3CHttpResponseCodec.decode(W3CHttpResponseCodec.java:122)
	at org.openqa.selenium.remote.http.W3CHttpResponseCodec.decode(W3CHttpResponseCodec.java:49)
	at org.openqa.selenium.remote.HttpCommandExecutor.execute(HttpCommandExecutor.java:158)
	at org.openqa.selenium.remote.service.DriverCommandExecutor.execute(DriverCommandExecutor.java:83)
	at org.openqa.selenium.remote.RemoteWebDriver.execute(RemoteWebDriver.java:552)
	at com.kms.katalon.selenium.driver.CChromeDriver.execute(CChromeDriver.java:19)
	at org.openqa.selenium.remote.RemoteWebElement.execute(RemoteWebElement.java:285)
	at org.openqa.selenium.remote.RemoteWebElement.click(RemoteWebElement.java:84)
	at jdk.internal.reflect.GeneratedMethodAccessor16.invoke(Unknown Source)
	at java.base/jdk.internal.reflect.DelegatingMethodAccessorImpl.invoke(DelegatingMethodAccessorImpl.java:43)
	at org.openqa.selenium.support.events.EventFiringWebDriver$EventFiringWebElement.lambda$new$0(EventFiringWebDriver.java:404)
	at jdk.proxy2/jdk.proxy2.$Proxy24.click(Unknown Source)
	at org.openqa.selenium.support.events.EventFiringWebDriver$EventFiringWebElement.click(EventFiringWebDriver.java:417)
	at org.openqa.selenium.support.ui.Select.setSelected(Select.java:311)
	at org.openqa.selenium.support.ui.Select.setSelectedByIndex(Select.java:293)
	at org.openqa.selenium.support.ui.Select.selectByIndex(Select.java:172)
	at com.kms.katalon.core.webui.common.WebUiCommonHelper.selectOrDeselectOptionsByIndex(WebUiCommonHelper.java:245)
	at com.kms.katalon.core.webui.keyword.builtin.SelectOptionByIndexKeyword$_selectOptionByIndex_closure1.doCall(SelectOptionByIndexKeyword.groovy:85)
	at com.kms.katalon.core.webui.keyword.builtin.SelectOptionByIndexKeyword$_selectOptionByIndex_closure1.call(SelectOptionByIndexKeyword.groovy)
	at com.kms.katalon.core.webui.keyword.internal.WebUIKeywordMain.runKeyword(WebUIKeywordMain.groovy:20)
	at com.kms.katalon.core.webui.keyword.builtin.SelectOptionByIndexKeyword.selectOptionByIndex(SelectOptionByIndexKeyword.groovy:93)
	at com.kms.katalon.core.webui.keyword.builtin.SelectOptionByIndexKeyword.execute(SelectOptionByIndexKeyword.groovy:68)
	at com.kms.katalon.core.keyword.internal.KeywordExecutor.executeKeywordForPlatform(KeywordExecutor.groovy:74)
	at com.kms.katalon.core.webui.keyword.WebUiBuiltInKeywords.selectOptionByIndex(WebUiBuiltInKeywords.groovy:1172)
	at Script1720582261422.run(Script1720582261422.groovy:71)
	... 15 more
)
[[ATTACHMENT|/Users/madhansivaraj/git/Keypath_Automation_Testing_Mster/Reports/20241022_161121/Keypath_Testsuite_APAC_SEO/20241022_161122/1729574498226.png]]]]></system-out>
         <system-err><![CDATA[22-10-2024T16:21:13 - [TEST_CASE][FAILED] - Test Cases/APAC_Universities/SEO_PAGES/SCU_University/Enquiry_Now: Test Cases/APAC_Universities/SEO_PAGES/SCU_University/Enquiry_Now FAILED.
Reason:
com.kms.katalon.core.exception.StepFailedException: Unable to select option by index '2' of object 'Object Repository/APAC_University/SCU_University/Enquiry_Now/Dropdown_Startdate'
	at com.kms.katalon.core.webui.keyword.internal.WebUIKeywordMain.stepFailed(WebUIKeywordMain.groovy:64)
	at com.kms.katalon.core.webui.keyword.internal.WebUIKeywordMain.runKeyword(WebUIKeywordMain.groovy:26)
	at com.kms.katalon.core.webui.keyword.builtin.SelectOptionByIndexKeyword.selectOptionByIndex(SelectOptionByIndexKeyword.groovy:93)
	at com.kms.katalon.core.webui.keyword.builtin.SelectOptionByIndexKeyword.execute(SelectOptionByIndexKeyword.groovy:68)
	at com.kms.katalon.core.keyword.internal.KeywordExecutor.executeKeywordForPlatform(KeywordExecutor.groovy:74)
	at com.kms.katalon.core.webui.keyword.WebUiBuiltInKeywords.selectOptionByIndex(WebUiBuiltInKeywords.groovy:1172)
	at Enquiry_Now.run(Enquiry_Now:71)
	at com.kms.katalon.core.main.ScriptEngine.run(ScriptEngine.java:194)
	at com.kms.katalon.core.main.ScriptEngine.runScriptAsRawText(ScriptEngine.java:119)
	at com.kms.katalon.core.main.TestCaseExecutor.runScript(TestCaseExecutor.java:448)
	at com.kms.katalon.core.main.TestCaseExecutor.doExecute(TestCaseExecutor.java:439)
	at com.kms.katalon.core.main.TestCaseExecutor.processExecutionPhase(TestCaseExecutor.java:418)
	at com.kms.katalon.core.main.TestCaseExecutor.accessMainPhase(TestCaseExecutor.java:410)
	at com.kms.katalon.core.main.TestCaseExecutor.execute(TestCaseExecutor.java:285)
	at com.kms.katalon.core.common.CommonExecutor.accessTestCaseMainPhase(CommonExecutor.java:65)
	at com.kms.katalon.core.main.TestSuiteExecutor.accessTestSuiteMainPhase(TestSuiteExecutor.java:150)
	at com.kms.katalon.core.main.TestSuiteExecutor.execute(TestSuiteExecutor.java:106)
	at com.kms.katalon.core.main.TestCaseMain.startTestSuite(TestCaseMain.java:180)
	at TempTestSuite1729573882564.run(TempTestSuite1729573882564.groovy:35)
	at java.base/jdk.internal.reflect.NativeMethodAccessorImpl.invoke0(Native Method)
	at java.base/jdk.internal.reflect.NativeMethodAccessorImpl.invoke(NativeMethodAccessorImpl.java:77)
	at java.base/jdk.internal.reflect.DelegatingMethodAccessorImpl.invoke(DelegatingMethodAccessorImpl.java:43)
Caused by: org.openqa.selenium.JavascriptException: javascript error: {"status":11,"value":"Element is not currently visible and may not be manipulated"}
  (Session info: chrome=129.0.6668.101)
Build info: version: '3.141.59', revision: 'unknown', time: 'unknown'
System info: host: 'Madhans-MacBook-Pro.local', ip: '2401:d002:ab04:5000:1c35:1f0d:a1a9:763a%en0', os.name: 'Mac OS X', os.arch: 'aarch64', os.version: '14.3.1', java.version: '17.0.7'
Driver info: com.kms.katalon.selenium.driver.CChromeDriver
Capabilities {acceptInsecureCerts: false, browserName: chrome, browserVersion: 129.0.6668.101, chrome: {chromedriverVersion: 128.0.6613.84 (606aa55c7d68..., userDataDir: /var/folders/81/jk91fm7j2_5...}, fedcm:accounts: true, goog:chromeOptions: {debuggerAddress: localhost:63814}, javascriptEnabled: true, networkConnectionEnabled: false, pageLoadStrategy: normal, platform: MAC, platformName: MAC, proxy: Proxy(), setWindowRect: true, strictFileInteractability: false, timeouts: {implicit: 0, pageLoad: 300000, script: 30000}, unhandledPromptBehavior: dismiss and notify, webauthn:extension:credBlob: true, webauthn:extension:largeBlob: true, webauthn:extension:minPinLength: true, webauthn:extension:prf: true, webauthn:virtualAuthenticators: true}
Session ID: 009e9ddd86a4ac199bc8fba4332cd82a
	at java.base/jdk.internal.reflect.NativeConstructorAccessorImpl.newInstance0(Native Method)
	at java.base/jdk.internal.reflect.NativeConstructorAccessorImpl.newInstance(NativeConstructorAccessorImpl.java:77)
	at java.base/jdk.internal.reflect.DelegatingConstructorAccessorImpl.newInstance(DelegatingConstructorAccessorImpl.java:45)
	at org.openqa.selenium.remote.http.W3CHttpResponseCodec.createException(W3CHttpResponseCodec.java:187)
	at org.openqa.selenium.remote.http.W3CHttpResponseCodec.decode(W3CHttpResponseCodec.java:122)
	at org.openqa.selenium.remote.http.W3CHttpResponseCodec.decode(W3CHttpResponseCodec.java:49)
	at org.openqa.selenium.remote.HttpCommandExecutor.execute(HttpCommandExecutor.java:158)
	at org.openqa.selenium.remote.service.DriverCommandExecutor.execute(DriverCommandExecutor.java:83)
	at org.openqa.selenium.remote.RemoteWebDriver.execute(RemoteWebDriver.java:552)
	at com.kms.katalon.selenium.driver.CChromeDriver.execute(CChromeDriver.java:19)
	at org.openqa.selenium.remote.RemoteWebElement.execute(RemoteWebElement.java:285)
	at org.openqa.selenium.remote.RemoteWebElement.click(RemoteWebElement.java:84)
	at jdk.internal.reflect.GeneratedMethodAccessor16.invoke(Unknown Source)
	at java.base/jdk.internal.reflect.DelegatingMethodAccessorImpl.invoke(DelegatingMethodAccessorImpl.java:43)
	at org.openqa.selenium.support.events.EventFiringWebDriver$EventFiringWebElement.lambda$new$0(EventFiringWebDriver.java:404)
	at jdk.proxy2/jdk.proxy2.$Proxy24.click(Unknown Source)
	at org.openqa.selenium.support.events.EventFiringWebDriver$EventFiringWebElement.click(EventFiringWebDriver.java:417)
	at org.openqa.selenium.support.ui.Select.setSelected(Select.java:311)
	at org.openqa.selenium.support.ui.Select.setSelectedByIndex(Select.java:293)
	at org.openqa.selenium.support.ui.Select.selectByIndex(Select.java:172)
	at com.kms.katalon.core.webui.common.WebUiCommonHelper.selectOrDeselectOptionsByIndex(WebUiCommonHelper.java:245)
	at com.kms.katalon.core.webui.keyword.builtin.SelectOptionByIndexKeyword$_selectOptionByIndex_closure1.doCall(SelectOptionByIndexKeyword.groovy:85)
	at com.kms.katalon.core.webui.keyword.builtin.SelectOptionByIndexKeyword$_selectOptionByIndex_closure1.call(SelectOptionByIndexKeyword.groovy)
	at com.kms.katalon.core.webui.keyword.internal.WebUIKeywordMain.runKeyword(WebUIKeywordMain.groovy:20)
	... 20 more]]></system-err>
      </testcase>
      <testcase name="Test Cases/APAC_Universities/SEO_PAGES/SCU_University/Main_Page" time="11.746" classname="Test Cases/APAC_Universities/SEO_PAGES/SCU_University/Main_Page" status="FAILED">
         <failure type="FAILED" message="Test Cases/APAC_Universities/SEO_PAGES/SCU_University/Main_Page FAILED.&#xa;Reason:&#xa;com.kms.katalon.core.exception.StepFailedException: Unable to select option by index '2' of object 'Object Repository/APAC_University/SCU_University/Main_Page/Dropdown_StartDate'&#xa;	at com.kms.katalon.core.webui.keyword.internal.WebUIKeywordMain.stepFailed(WebUIKeywordMain.groovy:64)&#xa;	at com.kms.katalon.core.webui.keyword.internal.WebUIKeywordMain.runKeyword(WebUIKeywordMain.groovy:26)&#xa;	at com.kms.katalon.core.webui.keyword.builtin.SelectOptionByIndexKeyword.selectOptionByIndex(SelectOptionByIndexKeyword.groovy:93)&#xa;	at com.kms.katalon.core.webui.keyword.builtin.SelectOptionByIndexKeyword.execute(SelectOptionByIndexKeyword.groovy:68)&#xa;	at com.kms.katalon.core.keyword.internal.KeywordExecutor.executeKeywordForPlatform(KeywordExecutor.groovy:74)&#xa;	at com.kms.katalon.core.webui.keyword.WebUiBuiltInKeywords.selectOptionByIndex(WebUiBuiltInKeywords.groovy:1172)&#xa;	at Main_Page.run(Main_Page:65)&#xa;	at com.kms.katalon.core.main.ScriptEngine.run(ScriptEngine.java:194)&#xa;	at com.kms.katalon.core.main.ScriptEngine.runScriptAsRawText(ScriptEngine.java:119)&#xa;	at com.kms.katalon.core.main.TestCaseExecutor.runScript(TestCaseExecutor.java:448)&#xa;	at com.kms.katalon.core.main.TestCaseExecutor.doExecute(TestCaseExecutor.java:439)&#xa;	at com.kms.katalon.core.main.TestCaseExecutor.processExecutionPhase(TestCaseExecutor.java:418)&#xa;	at com.kms.katalon.core.main.TestCaseExecutor.accessMainPhase(TestCaseExecutor.java:410)&#xa;	at com.kms.katalon.core.main.TestCaseExecutor.execute(TestCaseExecutor.java:285)&#xa;	at com.kms.katalon.core.common.CommonExecutor.accessTestCaseMainPhase(CommonExecutor.java:65)&#xa;	at com.kms.katalon.core.main.TestSuiteExecutor.accessTestSuiteMainPhase(TestSuiteExecutor.java:150)&#xa;	at com.kms.katalon.core.main.TestSuiteExecutor.execute(TestSuiteExecutor.java:106)&#xa;	at com.kms.katalon.core.main.TestCaseMain.startTestSuite(TestCaseMain.java:180)&#xa;	at TempTestSuite1729573882564.run(TempTestSuite1729573882564.groovy:35)&#xa;	at java.base/jdk.internal.reflect.NativeMethodAccessorImpl.invoke0(Native Method)&#xa;	at java.base/jdk.internal.reflect.NativeMethodAccessorImpl.invoke(NativeMethodAccessorImpl.java:77)&#xa;	at java.base/jdk.internal.reflect.DelegatingMethodAccessorImpl.invoke(DelegatingMethodAccessorImpl.java:43)&#xa;Caused by: org.openqa.selenium.JavascriptException: javascript error: {&quot;status&quot;:11,&quot;value&quot;:&quot;Element is not currently visible and may not be manipulated&quot;}&#xa;  (Session info: chrome=129.0.6668.101)&#xa;Build info: version: '3.141.59', revision: 'unknown', time: 'unknown'&#xa;System info: host: 'Madhans-MacBook-Pro.local', ip: '2401:d002:ab04:5000:1c35:1f0d:a1a9:763a%en0', os.name: 'Mac OS X', os.arch: 'aarch64', os.version: '14.3.1', java.version: '17.0.7'&#xa;Driver info: com.kms.katalon.selenium.driver.CChromeDriver&#xa;Capabilities {acceptInsecureCerts: false, browserName: chrome, browserVersion: 129.0.6668.101, chrome: {chromedriverVersion: 128.0.6613.84 (606aa55c7d68..., userDataDir: /var/folders/81/jk91fm7j2_5...}, fedcm:accounts: true, goog:chromeOptions: {debuggerAddress: localhost:63891}, javascriptEnabled: true, networkConnectionEnabled: false, pageLoadStrategy: normal, platform: MAC, platformName: MAC, proxy: Proxy(), setWindowRect: true, strictFileInteractability: false, timeouts: {implicit: 0, pageLoad: 300000, script: 30000}, unhandledPromptBehavior: dismiss and notify, webauthn:extension:credBlob: true, webauthn:extension:largeBlob: true, webauthn:extension:minPinLength: true, webauthn:extension:prf: true, webauthn:virtualAuthenticators: true}&#xa;Session ID: d42a49e11d46ee72f293d07ee6e88b13&#xa;	at java.base/jdk.internal.reflect.NativeConstructorAccessorImpl.newInstance0(Native Method)&#xa;	at java.base/jdk.internal.reflect.NativeConstructorAccessorImpl.newInstance(NativeConstructorAccessorImpl.java:77)&#xa;	at java.base/jdk.internal.reflect.DelegatingConstructorAccessorImpl.newInstance(DelegatingConstructorAccessorImpl.java:45)&#xa;	at org.openqa.selenium.remote.http.W3CHttpResponseCodec.createException(W3CHttpResponseCodec.java:187)&#xa;	at org.openqa.selenium.remote.http.W3CHttpResponseCodec.decode(W3CHttpResponseCodec.java:122)&#xa;	at org.openqa.selenium.remote.http.W3CHttpResponseCodec.decode(W3CHttpResponseCodec.java:49)&#xa;	at org.openqa.selenium.remote.HttpCommandExecutor.execute(HttpCommandExecutor.java:158)&#xa;	at org.openqa.selenium.remote.service.DriverCommandExecutor.execute(DriverCommandExecutor.java:83)&#xa;	at org.openqa.selenium.remote.RemoteWebDriver.execute(RemoteWebDriver.java:552)&#xa;	at com.kms.katalon.selenium.driver.CChromeDriver.execute(CChromeDriver.java:19)&#xa;	at org.openqa.selenium.remote.RemoteWebElement.execute(RemoteWebElement.java:285)&#xa;	at org.openqa.selenium.remote.RemoteWebElement.click(RemoteWebElement.java:84)&#xa;	at jdk.internal.reflect.GeneratedMethodAccessor16.invoke(Unknown Source)&#xa;	at java.base/jdk.internal.reflect.DelegatingMethodAccessorImpl.invoke(DelegatingMethodAccessorImpl.java:43)&#xa;	at org.openqa.selenium.support.events.EventFiringWebDriver$EventFiringWebElement.lambda$new$0(EventFiringWebDriver.java:404)&#xa;	at jdk.proxy2/jdk.proxy2.$Proxy24.click(Unknown Source)&#xa;	at org.openqa.selenium.support.events.EventFiringWebDriver$EventFiringWebElement.click(EventFiringWebDriver.java:417)&#xa;	at org.openqa.selenium.support.ui.Select.setSelected(Select.java:311)&#xa;	at org.openqa.selenium.support.ui.Select.setSelectedByIndex(Select.java:293)&#xa;	at org.openqa.selenium.support.ui.Select.selectByIndex(Select.java:172)&#xa;	at com.kms.katalon.core.webui.common.WebUiCommonHelper.selectOrDeselectOptionsByIndex(WebUiCommonHelper.java:245)&#xa;	at com.kms.katalon.core.webui.keyword.builtin.SelectOptionByIndexKeyword$_selectOptionByIndex_closure1.doCall(SelectOptionByIndexKeyword.groovy:85)&#xa;	at com.kms.katalon.core.webui.keyword.builtin.SelectOptionByIndexKeyword$_selectOptionByIndex_closure1.call(SelectOptionByIndexKeyword.groovy)&#xa;	at com.kms.katalon.core.webui.keyword.internal.WebUIKeywordMain.runKeyword(WebUIKeywordMain.groovy:20)&#xa;	... 20 more&#xa;"/>
         <system-out><![CDATA[22-10-2024T16:21:38 - [TEST_CASE][FAILED] - Test Cases/APAC_Universities/SEO_PAGES/SCU_University/Main_Page: Test Cases/APAC_Universities/SEO_PAGES/SCU_University/Main_Page FAILED.
Reason:
com.kms.katalon.core.exception.StepFailedException: Unable to select option by index '2' of object 'Object Repository/APAC_University/SCU_University/Main_Page/Dropdown_StartDate'
	at com.kms.katalon.core.webui.keyword.internal.WebUIKeywordMain.stepFailed(WebUIKeywordMain.groovy:64)
	at com.kms.katalon.core.webui.keyword.internal.WebUIKeywordMain.runKeyword(WebUIKeywordMain.groovy:26)
	at com.kms.katalon.core.webui.keyword.builtin.SelectOptionByIndexKeyword.selectOptionByIndex(SelectOptionByIndexKeyword.groovy:93)
	at com.kms.katalon.core.webui.keyword.builtin.SelectOptionByIndexKeyword.execute(SelectOptionByIndexKeyword.groovy:68)
	at com.kms.katalon.core.keyword.internal.KeywordExecutor.executeKeywordForPlatform(KeywordExecutor.groovy:74)
	at com.kms.katalon.core.webui.keyword.WebUiBuiltInKeywords.selectOptionByIndex(WebUiBuiltInKeywords.groovy:1172)
	at Main_Page.run(Main_Page:65)
	at com.kms.katalon.core.main.ScriptEngine.run(ScriptEngine.java:194)
	at com.kms.katalon.core.main.ScriptEngine.runScriptAsRawText(ScriptEngine.java:119)
	at com.kms.katalon.core.main.TestCaseExecutor.runScript(TestCaseExecutor.java:448)
	at com.kms.katalon.core.main.TestCaseExecutor.doExecute(TestCaseExecutor.java:439)
	at com.kms.katalon.core.main.TestCaseExecutor.processExecutionPhase(TestCaseExecutor.java:418)
	at com.kms.katalon.core.main.TestCaseExecutor.accessMainPhase(TestCaseExecutor.java:410)
	at com.kms.katalon.core.main.TestCaseExecutor.execute(TestCaseExecutor.java:285)
	at com.kms.katalon.core.common.CommonExecutor.accessTestCaseMainPhase(CommonExecutor.java:65)
	at com.kms.katalon.core.main.TestSuiteExecutor.accessTestSuiteMainPhase(TestSuiteExecutor.java:150)
	at com.kms.katalon.core.main.TestSuiteExecutor.execute(TestSuiteExecutor.java:106)
	at com.kms.katalon.core.main.TestCaseMain.startTestSuite(TestCaseMain.java:180)
	at TempTestSuite1729573882564.run(TempTestSuite1729573882564.groovy:35)
	at java.base/jdk.internal.reflect.NativeMethodAccessorImpl.invoke0(Native Method)
	at java.base/jdk.internal.reflect.NativeMethodAccessorImpl.invoke(NativeMethodAccessorImpl.java:77)
	at java.base/jdk.internal.reflect.DelegatingMethodAccessorImpl.invoke(DelegatingMethodAccessorImpl.java:43)
Caused by: org.openqa.selenium.JavascriptException: javascript error: {"status":11,"value":"Element is not currently visible and may not be manipulated"}
  (Session info: chrome=129.0.6668.101)
Build info: version: '3.141.59', revision: 'unknown', time: 'unknown'
System info: host: 'Madhans-MacBook-Pro.local', ip: '2401:d002:ab04:5000:1c35:1f0d:a1a9:763a%en0', os.name: 'Mac OS X', os.arch: 'aarch64', os.version: '14.3.1', java.version: '17.0.7'
Driver info: com.kms.katalon.selenium.driver.CChromeDriver
Capabilities {acceptInsecureCerts: false, browserName: chrome, browserVersion: 129.0.6668.101, chrome: {chromedriverVersion: 128.0.6613.84 (606aa55c7d68..., userDataDir: /var/folders/81/jk91fm7j2_5...}, fedcm:accounts: true, goog:chromeOptions: {debuggerAddress: localhost:63891}, javascriptEnabled: true, networkConnectionEnabled: false, pageLoadStrategy: normal, platform: MAC, platformName: MAC, proxy: Proxy(), setWindowRect: true, strictFileInteractability: false, timeouts: {implicit: 0, pageLoad: 300000, script: 30000}, unhandledPromptBehavior: dismiss and notify, webauthn:extension:credBlob: true, webauthn:extension:largeBlob: true, webauthn:extension:minPinLength: true, webauthn:extension:prf: true, webauthn:virtualAuthenticators: true}
Session ID: d42a49e11d46ee72f293d07ee6e88b13
	at java.base/jdk.internal.reflect.NativeConstructorAccessorImpl.newInstance0(Native Method)
	at java.base/jdk.internal.reflect.NativeConstructorAccessorImpl.newInstance(NativeConstructorAccessorImpl.java:77)
	at java.base/jdk.internal.reflect.DelegatingConstructorAccessorImpl.newInstance(DelegatingConstructorAccessorImpl.java:45)
	at org.openqa.selenium.remote.http.W3CHttpResponseCodec.createException(W3CHttpResponseCodec.java:187)
	at org.openqa.selenium.remote.http.W3CHttpResponseCodec.decode(W3CHttpResponseCodec.java:122)
	at org.openqa.selenium.remote.http.W3CHttpResponseCodec.decode(W3CHttpResponseCodec.java:49)
	at org.openqa.selenium.remote.HttpCommandExecutor.execute(HttpCommandExecutor.java:158)
	at org.openqa.selenium.remote.service.DriverCommandExecutor.execute(DriverCommandExecutor.java:83)
	at org.openqa.selenium.remote.RemoteWebDriver.execute(RemoteWebDriver.java:552)
	at com.kms.katalon.selenium.driver.CChromeDriver.execute(CChromeDriver.java:19)
	at org.openqa.selenium.remote.RemoteWebElement.execute(RemoteWebElement.java:285)
	at org.openqa.selenium.remote.RemoteWebElement.click(RemoteWebElement.java:84)
	at jdk.internal.reflect.GeneratedMethodAccessor16.invoke(Unknown Source)
	at java.base/jdk.internal.reflect.DelegatingMethodAccessorImpl.invoke(DelegatingMethodAccessorImpl.java:43)
	at org.openqa.selenium.support.events.EventFiringWebDriver$EventFiringWebElement.lambda$new$0(EventFiringWebDriver.java:404)
	at jdk.proxy2/jdk.proxy2.$Proxy24.click(Unknown Source)
	at org.openqa.selenium.support.events.EventFiringWebDriver$EventFiringWebElement.click(EventFiringWebDriver.java:417)
	at org.openqa.selenium.support.ui.Select.setSelected(Select.java:311)
	at org.openqa.selenium.support.ui.Select.setSelectedByIndex(Select.java:293)
	at org.openqa.selenium.support.ui.Select.selectByIndex(Select.java:172)
	at com.kms.katalon.core.webui.common.WebUiCommonHelper.selectOrDeselectOptionsByIndex(WebUiCommonHelper.java:245)
	at com.kms.katalon.core.webui.keyword.builtin.SelectOptionByIndexKeyword$_selectOptionByIndex_closure1.doCall(SelectOptionByIndexKeyword.groovy:85)
	at com.kms.katalon.core.webui.keyword.builtin.SelectOptionByIndexKeyword$_selectOptionByIndex_closure1.call(SelectOptionByIndexKeyword.groovy)
	at com.kms.katalon.core.webui.keyword.internal.WebUIKeywordMain.runKeyword(WebUIKeywordMain.groovy:20)
	... 20 more


22-10-2024T16:21:38 - [TEST_STEP][PASSED] - callTestCase(findTestCase("Test Cases/APAC_Universities/SEO_PAGES/SCU_University/Reusable_Testcases/Navigate_URL"), [:], STOP_ON_FAILURE): Call Test Case 'Test Cases/APAC_Universities/SEO_PAGES/SCU_University/Reusable_Testcases/Navigate_URL' successfully

22-10-2024T16:21:38 - [TEST_CASE][PASSED] - Test Cases/APAC_Universities/SEO_PAGES/SCU_University/Reusable_Testcases/Navigate_URL: Test Cases/APAC_Universities/SEO_PAGES/SCU_University/Reusable_Testcases/Navigate_URL

22-10-2024T16:21:38 - [TEST_STEP][PASSED] - openBrowser(""): Browser is opened with url: ''

22-10-2024T16:21:38 - [MESSAGE][WARNING] - A browser is already opened. Closing browser and opening a new one

22-10-2024T16:21:38 - [MESSAGE][INFO] - Starting 'Chrome' driver

22-10-2024T16:21:38 - [MESSAGE][INFO] - Action delay is set to 0 milliseconds

22-10-2024T16:21:39 - [MESSAGE][PASSED] - Browser is opened with url: ''

22-10-2024T16:21:39 - [TEST_STEP][PASSED] - navigateToUrl(University_SCU): Navigate to 'https://key:path@dev-scu-opm.pantheonsite.io/' successfully

22-10-2024T16:21:40 - [MESSAGE][PASSED] - Navigate to 'https://key:path@dev-scu-opm.pantheonsite.io/' successfully

22-10-2024T16:21:40 - [TEST_STEP][PASSED] - maximizeWindow(): Current window maximized

22-10-2024T16:21:41 - [MESSAGE][PASSED] - Current window maximized

22-10-2024T16:21:41 - [MESSAGE][PASSED] - Call Test Case 'Test Cases/APAC_Universities/SEO_PAGES/SCU_University/Reusable_Testcases/Navigate_URL' successfully

22-10-2024T16:21:41 - [TEST_STEP][PASSED] - selectTestObject = findTestObject("Object Repository/APAC_University/SCU_University/Main_Page/Dropdown_Course"): null

22-10-2024T16:21:41 - [TEST_STEP][PASSED] - selectElement = findWebElement(selectTestObject, 0): Found web element by test object Object Repository/APAC_University/SCU_University/Main_Page/Dropdown_Course

22-10-2024T16:21:41 - [MESSAGE][WARNING] - Timeout '0' is invalid. Using default page load timeout: '30'

22-10-2024T16:21:41 - [MESSAGE][PASSED] - Found web element by test object Object Repository/APAC_University/SCU_University/Main_Page/Dropdown_Course

22-10-2024T16:21:41 - [TEST_STEP][PASSED] - select = new org.openqa.selenium.support.ui.Select(selectElement): null

22-10-2024T16:21:41 - [TEST_STEP][PASSED] - options = select.getOptions(): null

22-10-2024T16:21:41 - [TEST_STEP][PASSED] - validOptions = options.findAll({ -> ... }): null

22-10-2024T16:21:41 - [TEST_STEP][PASSED] - random = new java.util.Random(): null

22-10-2024T16:21:41 - [TEST_STEP][PASSED] - randomOption = validOptions[random.nextInt(validOptions.size())]: null

22-10-2024T16:21:41 - [TEST_STEP][PASSED] - select.selectByValue(randomOption.getAttribute("value")): null

22-10-2024T16:21:47 - [TEST_STEP][PASSED] - FirstName = keyPathPackage.customKeywords.generateRandomFirstName(): keyPathPackage.customKeywords.generateRandomFirstName is PASSED

22-10-2024T16:21:47 - [MESSAGE][PASSED] - keyPathPackage.customKeywords.generateRandomFirstName is PASSED

22-10-2024T16:21:47 - [TEST_STEP][PASSED] - setText(findTestObject("Object Repository/APAC_University/SCU_University/Main_Page/Field_Firstname"), FirstName): Text 'Wei' is set on object 'Object Repository/APAC_University/SCU_University/Main_Page/Field_Firstname'

22-10-2024T16:21:47 - [MESSAGE][PASSED] - Text 'Wei' is set on object 'Object Repository/APAC_University/SCU_University/Main_Page/Field_Firstname'

22-10-2024T16:21:47 - [TEST_STEP][PASSED] - LastName = keyPathPackage.customKeywords.generateRandomLastName(): keyPathPackage.customKeywords.generateRandomLastName is PASSED

22-10-2024T16:21:47 - [MESSAGE][PASSED] - keyPathPackage.customKeywords.generateRandomLastName is PASSED

22-10-2024T16:21:47 - [TEST_STEP][PASSED] - setText(findTestObject("Object Repository/APAC_University/SCU_University/Main_Page/Field_Lastname"), LastName): Text 'Testing Williamson' is set on object 'Object Repository/APAC_University/SCU_University/Main_Page/Field_Lastname'

22-10-2024T16:21:48 - [MESSAGE][PASSED] - Text 'Testing Williamson' is set on object 'Object Repository/APAC_University/SCU_University/Main_Page/Field_Lastname'

22-10-2024T16:21:48 - [TEST_STEP][PASSED] - waitForElementClickable(findTestObject("Object Repository/APAC_University/SCU_University/Main_Page/Button_Nextstep1"), 10): Object 'Object Repository/APAC_University/SCU_University/Main_Page/Button_Nextstep1' is clickable

22-10-2024T16:21:48 - [MESSAGE][PASSED] - Object 'Object Repository/APAC_University/SCU_University/Main_Page/Button_Nextstep1' is clickable

22-10-2024T16:21:48 - [TEST_STEP][PASSED] - click(findTestObject("Object Repository/APAC_University/SCU_University/Main_Page/Button_Nextstep1")): Object: 'Object Repository/APAC_University/SCU_University/Main_Page/Button_Nextstep1' is clicked on

22-10-2024T16:21:48 - [MESSAGE][PASSED] - Object: 'Object Repository/APAC_University/SCU_University/Main_Page/Button_Nextstep1' is clicked on

22-10-2024T16:21:49 - [TEST_STEP][PASSED] - startdate = findTestObject("Object Repository/APAC_University/SCU_University/Main_Page/Dropdown_StartDate"): null

22-10-2024T16:21:49 - [TEST_STEP][FAILED] - selectOptionByIndex(startdate, keyPathPackage.customKeywords.selectRandomOptionFromDropdown()): Unable to select option by index '2' of object 'Object Repository/APAC_University/SCU_University/Main_Page/Dropdown_StartDate' (Root cause: com.kms.katalon.core.exception.StepFailedException: Unable to select option by index '2' of object 'Object Repository/APAC_University/SCU_University/Main_Page/Dropdown_StartDate'
	at com.kms.katalon.core.webui.keyword.internal.WebUIKeywordMain.stepFailed(WebUIKeywordMain.groovy:64)
	at com.kms.katalon.core.webui.keyword.internal.WebUIKeywordMain.runKeyword(WebUIKeywordMain.groovy:26)
	at com.kms.katalon.core.webui.keyword.builtin.SelectOptionByIndexKeyword.selectOptionByIndex(SelectOptionByIndexKeyword.groovy:93)
	at com.kms.katalon.core.webui.keyword.builtin.SelectOptionByIndexKeyword.execute(SelectOptionByIndexKeyword.groovy:68)
	at com.kms.katalon.core.keyword.internal.KeywordExecutor.executeKeywordForPlatform(KeywordExecutor.groovy:74)
	at com.kms.katalon.core.webui.keyword.WebUiBuiltInKeywords.selectOptionByIndex(WebUiBuiltInKeywords.groovy:1172)
	at Main_Page.run(Main_Page:65)
	at com.kms.katalon.core.main.ScriptEngine.run(ScriptEngine.java:194)
	at com.kms.katalon.core.main.ScriptEngine.runScriptAsRawText(ScriptEngine.java:119)
	at com.kms.katalon.core.main.TestCaseExecutor.runScript(TestCaseExecutor.java:448)
	at com.kms.katalon.core.main.TestCaseExecutor.doExecute(TestCaseExecutor.java:439)
	at com.kms.katalon.core.main.TestCaseExecutor.processExecutionPhase(TestCaseExecutor.java:418)
	at com.kms.katalon.core.main.TestCaseExecutor.accessMainPhase(TestCaseExecutor.java:410)
	at com.kms.katalon.core.main.TestCaseExecutor.execute(TestCaseExecutor.java:285)
	at com.kms.katalon.core.common.CommonExecutor.accessTestCaseMainPhase(CommonExecutor.java:65)
	at com.kms.katalon.core.main.TestSuiteExecutor.accessTestSuiteMainPhase(TestSuiteExecutor.java:150)
	at com.kms.katalon.core.main.TestSuiteExecutor.execute(TestSuiteExecutor.java:106)
	at com.kms.katalon.core.main.TestCaseMain.startTestSuite(TestCaseMain.java:180)
	at TempTestSuite1729573882564.run(TempTestSuite1729573882564.groovy:35)
	at java.base/jdk.internal.reflect.NativeMethodAccessorImpl.invoke0(Native Method)
	at java.base/jdk.internal.reflect.NativeMethodAccessorImpl.invoke(NativeMethodAccessorImpl.java:77)
	at java.base/jdk.internal.reflect.DelegatingMethodAccessorImpl.invoke(DelegatingMethodAccessorImpl.java:43)
Caused by: org.openqa.selenium.JavascriptException: javascript error: {"status":11,"value":"Element is not currently visible and may not be manipulated"}
  (Session info: chrome=129.0.6668.101)
Build info: version: '3.141.59', revision: 'unknown', time: 'unknown'
System info: host: 'Madhans-MacBook-Pro.local', ip: '2401:d002:ab04:5000:1c35:1f0d:a1a9:763a%en0', os.name: 'Mac OS X', os.arch: 'aarch64', os.version: '14.3.1', java.version: '17.0.7'
Driver info: com.kms.katalon.selenium.driver.CChromeDriver
Capabilities {acceptInsecureCerts: false, browserName: chrome, browserVersion: 129.0.6668.101, chrome: {chromedriverVersion: 128.0.6613.84 (606aa55c7d68..., userDataDir: /var/folders/81/jk91fm7j2_5...}, fedcm:accounts: true, goog:chromeOptions: {debuggerAddress: localhost:63891}, javascriptEnabled: true, networkConnectionEnabled: false, pageLoadStrategy: normal, platform: MAC, platformName: MAC, proxy: Proxy(), setWindowRect: true, strictFileInteractability: false, timeouts: {implicit: 0, pageLoad: 300000, script: 30000}, unhandledPromptBehavior: dismiss and notify, webauthn:extension:credBlob: true, webauthn:extension:largeBlob: true, webauthn:extension:minPinLength: true, webauthn:extension:prf: true, webauthn:virtualAuthenticators: true}
Session ID: d42a49e11d46ee72f293d07ee6e88b13
	at java.base/jdk.internal.reflect.NativeConstructorAccessorImpl.newInstance0(Native Method)
	at java.base/jdk.internal.reflect.NativeConstructorAccessorImpl.newInstance(NativeConstructorAccessorImpl.java:77)
	at java.base/jdk.internal.reflect.DelegatingConstructorAccessorImpl.newInstance(DelegatingConstructorAccessorImpl.java:45)
	at org.openqa.selenium.remote.http.W3CHttpResponseCodec.createException(W3CHttpResponseCodec.java:187)
	at org.openqa.selenium.remote.http.W3CHttpResponseCodec.decode(W3CHttpResponseCodec.java:122)
	at org.openqa.selenium.remote.http.W3CHttpResponseCodec.decode(W3CHttpResponseCodec.java:49)
	at org.openqa.selenium.remote.HttpCommandExecutor.execute(HttpCommandExecutor.java:158)
	at org.openqa.selenium.remote.service.DriverCommandExecutor.execute(DriverCommandExecutor.java:83)
	at org.openqa.selenium.remote.RemoteWebDriver.execute(RemoteWebDriver.java:552)
	at com.kms.katalon.selenium.driver.CChromeDriver.execute(CChromeDriver.java:19)
	at org.openqa.selenium.remote.RemoteWebElement.execute(RemoteWebElement.java:285)
	at org.openqa.selenium.remote.RemoteWebElement.click(RemoteWebElement.java:84)
	at jdk.internal.reflect.GeneratedMethodAccessor16.invoke(Unknown Source)
	at java.base/jdk.internal.reflect.DelegatingMethodAccessorImpl.invoke(DelegatingMethodAccessorImpl.java:43)
	at org.openqa.selenium.support.events.EventFiringWebDriver$EventFiringWebElement.lambda$new$0(EventFiringWebDriver.java:404)
	at jdk.proxy2/jdk.proxy2.$Proxy24.click(Unknown Source)
	at org.openqa.selenium.support.events.EventFiringWebDriver$EventFiringWebElement.click(EventFiringWebDriver.java:417)
	at org.openqa.selenium.support.ui.Select.setSelected(Select.java:311)
	at org.openqa.selenium.support.ui.Select.setSelectedByIndex(Select.java:293)
	at org.openqa.selenium.support.ui.Select.selectByIndex(Select.java:172)
	at com.kms.katalon.core.webui.common.WebUiCommonHelper.selectOrDeselectOptionsByIndex(WebUiCommonHelper.java:245)
	at com.kms.katalon.core.webui.keyword.builtin.SelectOptionByIndexKeyword$_selectOptionByIndex_closure1.doCall(SelectOptionByIndexKeyword.groovy:85)
	at com.kms.katalon.core.webui.keyword.builtin.SelectOptionByIndexKeyword$_selectOptionByIndex_closure1.call(SelectOptionByIndexKeyword.groovy)
	at com.kms.katalon.core.webui.keyword.internal.WebUIKeywordMain.runKeyword(WebUIKeywordMain.groovy:20)
	at com.kms.katalon.core.webui.keyword.builtin.SelectOptionByIndexKeyword.selectOptionByIndex(SelectOptionByIndexKeyword.groovy:93)
	at com.kms.katalon.core.webui.keyword.builtin.SelectOptionByIndexKeyword.execute(SelectOptionByIndexKeyword.groovy:68)
	at com.kms.katalon.core.keyword.internal.KeywordExecutor.executeKeywordForPlatform(KeywordExecutor.groovy:74)
	at com.kms.katalon.core.webui.keyword.WebUiBuiltInKeywords.selectOptionByIndex(WebUiBuiltInKeywords.groovy:1172)
	at Script1720582273375.run(Script1720582273375.groovy:65)
	... 15 more
)

22-10-2024T16:21:49 - [MESSAGE][PASSED] - keyPathPackage.customKeywords.selectRandomOptionFromDropdown is PASSED

22-10-2024T16:21:50 - [MESSAGE][FAILED] - Unable to select option by index '2' of object 'Object Repository/APAC_University/SCU_University/Main_Page/Dropdown_StartDate' (Root cause: com.kms.katalon.core.exception.StepFailedException: Unable to select option by index '2' of object 'Object Repository/APAC_University/SCU_University/Main_Page/Dropdown_StartDate'
	at com.kms.katalon.core.webui.keyword.internal.WebUIKeywordMain.stepFailed(WebUIKeywordMain.groovy:64)
	at com.kms.katalon.core.webui.keyword.internal.WebUIKeywordMain.runKeyword(WebUIKeywordMain.groovy:26)
	at com.kms.katalon.core.webui.keyword.builtin.SelectOptionByIndexKeyword.selectOptionByIndex(SelectOptionByIndexKeyword.groovy:93)
	at com.kms.katalon.core.webui.keyword.builtin.SelectOptionByIndexKeyword.execute(SelectOptionByIndexKeyword.groovy:68)
	at com.kms.katalon.core.keyword.internal.KeywordExecutor.executeKeywordForPlatform(KeywordExecutor.groovy:74)
	at com.kms.katalon.core.webui.keyword.WebUiBuiltInKeywords.selectOptionByIndex(WebUiBuiltInKeywords.groovy:1172)
	at Main_Page.run(Main_Page:65)
	at com.kms.katalon.core.main.ScriptEngine.run(ScriptEngine.java:194)
	at com.kms.katalon.core.main.ScriptEngine.runScriptAsRawText(ScriptEngine.java:119)
	at com.kms.katalon.core.main.TestCaseExecutor.runScript(TestCaseExecutor.java:448)
	at com.kms.katalon.core.main.TestCaseExecutor.doExecute(TestCaseExecutor.java:439)
	at com.kms.katalon.core.main.TestCaseExecutor.processExecutionPhase(TestCaseExecutor.java:418)
	at com.kms.katalon.core.main.TestCaseExecutor.accessMainPhase(TestCaseExecutor.java:410)
	at com.kms.katalon.core.main.TestCaseExecutor.execute(TestCaseExecutor.java:285)
	at com.kms.katalon.core.common.CommonExecutor.accessTestCaseMainPhase(CommonExecutor.java:65)
	at com.kms.katalon.core.main.TestSuiteExecutor.accessTestSuiteMainPhase(TestSuiteExecutor.java:150)
	at com.kms.katalon.core.main.TestSuiteExecutor.execute(TestSuiteExecutor.java:106)
	at com.kms.katalon.core.main.TestCaseMain.startTestSuite(TestCaseMain.java:180)
	at TempTestSuite1729573882564.run(TempTestSuite1729573882564.groovy:35)
	at java.base/jdk.internal.reflect.NativeMethodAccessorImpl.invoke0(Native Method)
	at java.base/jdk.internal.reflect.NativeMethodAccessorImpl.invoke(NativeMethodAccessorImpl.java:77)
	at java.base/jdk.internal.reflect.DelegatingMethodAccessorImpl.invoke(DelegatingMethodAccessorImpl.java:43)
Caused by: org.openqa.selenium.JavascriptException: javascript error: {"status":11,"value":"Element is not currently visible and may not be manipulated"}
  (Session info: chrome=129.0.6668.101)
Build info: version: '3.141.59', revision: 'unknown', time: 'unknown'
System info: host: 'Madhans-MacBook-Pro.local', ip: '2401:d002:ab04:5000:1c35:1f0d:a1a9:763a%en0', os.name: 'Mac OS X', os.arch: 'aarch64', os.version: '14.3.1', java.version: '17.0.7'
Driver info: com.kms.katalon.selenium.driver.CChromeDriver
Capabilities {acceptInsecureCerts: false, browserName: chrome, browserVersion: 129.0.6668.101, chrome: {chromedriverVersion: 128.0.6613.84 (606aa55c7d68..., userDataDir: /var/folders/81/jk91fm7j2_5...}, fedcm:accounts: true, goog:chromeOptions: {debuggerAddress: localhost:63891}, javascriptEnabled: true, networkConnectionEnabled: false, pageLoadStrategy: normal, platform: MAC, platformName: MAC, proxy: Proxy(), setWindowRect: true, strictFileInteractability: false, timeouts: {implicit: 0, pageLoad: 300000, script: 30000}, unhandledPromptBehavior: dismiss and notify, webauthn:extension:credBlob: true, webauthn:extension:largeBlob: true, webauthn:extension:minPinLength: true, webauthn:extension:prf: true, webauthn:virtualAuthenticators: true}
Session ID: d42a49e11d46ee72f293d07ee6e88b13
	at java.base/jdk.internal.reflect.NativeConstructorAccessorImpl.newInstance0(Native Method)
	at java.base/jdk.internal.reflect.NativeConstructorAccessorImpl.newInstance(NativeConstructorAccessorImpl.java:77)
	at java.base/jdk.internal.reflect.DelegatingConstructorAccessorImpl.newInstance(DelegatingConstructorAccessorImpl.java:45)
	at org.openqa.selenium.remote.http.W3CHttpResponseCodec.createException(W3CHttpResponseCodec.java:187)
	at org.openqa.selenium.remote.http.W3CHttpResponseCodec.decode(W3CHttpResponseCodec.java:122)
	at org.openqa.selenium.remote.http.W3CHttpResponseCodec.decode(W3CHttpResponseCodec.java:49)
	at org.openqa.selenium.remote.HttpCommandExecutor.execute(HttpCommandExecutor.java:158)
	at org.openqa.selenium.remote.service.DriverCommandExecutor.execute(DriverCommandExecutor.java:83)
	at org.openqa.selenium.remote.RemoteWebDriver.execute(RemoteWebDriver.java:552)
	at com.kms.katalon.selenium.driver.CChromeDriver.execute(CChromeDriver.java:19)
	at org.openqa.selenium.remote.RemoteWebElement.execute(RemoteWebElement.java:285)
	at org.openqa.selenium.remote.RemoteWebElement.click(RemoteWebElement.java:84)
	at jdk.internal.reflect.GeneratedMethodAccessor16.invoke(Unknown Source)
	at java.base/jdk.internal.reflect.DelegatingMethodAccessorImpl.invoke(DelegatingMethodAccessorImpl.java:43)
	at org.openqa.selenium.support.events.EventFiringWebDriver$EventFiringWebElement.lambda$new$0(EventFiringWebDriver.java:404)
	at jdk.proxy2/jdk.proxy2.$Proxy24.click(Unknown Source)
	at org.openqa.selenium.support.events.EventFiringWebDriver$EventFiringWebElement.click(EventFiringWebDriver.java:417)
	at org.openqa.selenium.support.ui.Select.setSelected(Select.java:311)
	at org.openqa.selenium.support.ui.Select.setSelectedByIndex(Select.java:293)
	at org.openqa.selenium.support.ui.Select.selectByIndex(Select.java:172)
	at com.kms.katalon.core.webui.common.WebUiCommonHelper.selectOrDeselectOptionsByIndex(WebUiCommonHelper.java:245)
	at com.kms.katalon.core.webui.keyword.builtin.SelectOptionByIndexKeyword$_selectOptionByIndex_closure1.doCall(SelectOptionByIndexKeyword.groovy:85)
	at com.kms.katalon.core.webui.keyword.builtin.SelectOptionByIndexKeyword$_selectOptionByIndex_closure1.call(SelectOptionByIndexKeyword.groovy)
	at com.kms.katalon.core.webui.keyword.internal.WebUIKeywordMain.runKeyword(WebUIKeywordMain.groovy:20)
	at com.kms.katalon.core.webui.keyword.builtin.SelectOptionByIndexKeyword.selectOptionByIndex(SelectOptionByIndexKeyword.groovy:93)
	at com.kms.katalon.core.webui.keyword.builtin.SelectOptionByIndexKeyword.execute(SelectOptionByIndexKeyword.groovy:68)
	at com.kms.katalon.core.keyword.internal.KeywordExecutor.executeKeywordForPlatform(KeywordExecutor.groovy:74)
	at com.kms.katalon.core.webui.keyword.WebUiBuiltInKeywords.selectOptionByIndex(WebUiBuiltInKeywords.groovy:1172)
	at Script1720582273375.run(Script1720582273375.groovy:65)
	... 15 more
)
[[ATTACHMENT|/Users/madhansivaraj/git/Keypath_Automation_Testing_Mster/Reports/20241022_161121/Keypath_Testsuite_APAC_SEO/20241022_161122/1729574509913.png]]]]></system-out>
         <system-err><![CDATA[22-10-2024T16:21:38 - [TEST_CASE][FAILED] - Test Cases/APAC_Universities/SEO_PAGES/SCU_University/Main_Page: Test Cases/APAC_Universities/SEO_PAGES/SCU_University/Main_Page FAILED.
Reason:
com.kms.katalon.core.exception.StepFailedException: Unable to select option by index '2' of object 'Object Repository/APAC_University/SCU_University/Main_Page/Dropdown_StartDate'
	at com.kms.katalon.core.webui.keyword.internal.WebUIKeywordMain.stepFailed(WebUIKeywordMain.groovy:64)
	at com.kms.katalon.core.webui.keyword.internal.WebUIKeywordMain.runKeyword(WebUIKeywordMain.groovy:26)
	at com.kms.katalon.core.webui.keyword.builtin.SelectOptionByIndexKeyword.selectOptionByIndex(SelectOptionByIndexKeyword.groovy:93)
	at com.kms.katalon.core.webui.keyword.builtin.SelectOptionByIndexKeyword.execute(SelectOptionByIndexKeyword.groovy:68)
	at com.kms.katalon.core.keyword.internal.KeywordExecutor.executeKeywordForPlatform(KeywordExecutor.groovy:74)
	at com.kms.katalon.core.webui.keyword.WebUiBuiltInKeywords.selectOptionByIndex(WebUiBuiltInKeywords.groovy:1172)
	at Main_Page.run(Main_Page:65)
	at com.kms.katalon.core.main.ScriptEngine.run(ScriptEngine.java:194)
	at com.kms.katalon.core.main.ScriptEngine.runScriptAsRawText(ScriptEngine.java:119)
	at com.kms.katalon.core.main.TestCaseExecutor.runScript(TestCaseExecutor.java:448)
	at com.kms.katalon.core.main.TestCaseExecutor.doExecute(TestCaseExecutor.java:439)
	at com.kms.katalon.core.main.TestCaseExecutor.processExecutionPhase(TestCaseExecutor.java:418)
	at com.kms.katalon.core.main.TestCaseExecutor.accessMainPhase(TestCaseExecutor.java:410)
	at com.kms.katalon.core.main.TestCaseExecutor.execute(TestCaseExecutor.java:285)
	at com.kms.katalon.core.common.CommonExecutor.accessTestCaseMainPhase(CommonExecutor.java:65)
	at com.kms.katalon.core.main.TestSuiteExecutor.accessTestSuiteMainPhase(TestSuiteExecutor.java:150)
	at com.kms.katalon.core.main.TestSuiteExecutor.execute(TestSuiteExecutor.java:106)
	at com.kms.katalon.core.main.TestCaseMain.startTestSuite(TestCaseMain.java:180)
	at TempTestSuite1729573882564.run(TempTestSuite1729573882564.groovy:35)
	at java.base/jdk.internal.reflect.NativeMethodAccessorImpl.invoke0(Native Method)
	at java.base/jdk.internal.reflect.NativeMethodAccessorImpl.invoke(NativeMethodAccessorImpl.java:77)
	at java.base/jdk.internal.reflect.DelegatingMethodAccessorImpl.invoke(DelegatingMethodAccessorImpl.java:43)
Caused by: org.openqa.selenium.JavascriptException: javascript error: {"status":11,"value":"Element is not currently visible and may not be manipulated"}
  (Session info: chrome=129.0.6668.101)
Build info: version: '3.141.59', revision: 'unknown', time: 'unknown'
System info: host: 'Madhans-MacBook-Pro.local', ip: '2401:d002:ab04:5000:1c35:1f0d:a1a9:763a%en0', os.name: 'Mac OS X', os.arch: 'aarch64', os.version: '14.3.1', java.version: '17.0.7'
Driver info: com.kms.katalon.selenium.driver.CChromeDriver
Capabilities {acceptInsecureCerts: false, browserName: chrome, browserVersion: 129.0.6668.101, chrome: {chromedriverVersion: 128.0.6613.84 (606aa55c7d68..., userDataDir: /var/folders/81/jk91fm7j2_5...}, fedcm:accounts: true, goog:chromeOptions: {debuggerAddress: localhost:63891}, javascriptEnabled: true, networkConnectionEnabled: false, pageLoadStrategy: normal, platform: MAC, platformName: MAC, proxy: Proxy(), setWindowRect: true, strictFileInteractability: false, timeouts: {implicit: 0, pageLoad: 300000, script: 30000}, unhandledPromptBehavior: dismiss and notify, webauthn:extension:credBlob: true, webauthn:extension:largeBlob: true, webauthn:extension:minPinLength: true, webauthn:extension:prf: true, webauthn:virtualAuthenticators: true}
Session ID: d42a49e11d46ee72f293d07ee6e88b13
	at java.base/jdk.internal.reflect.NativeConstructorAccessorImpl.newInstance0(Native Method)
	at java.base/jdk.internal.reflect.NativeConstructorAccessorImpl.newInstance(NativeConstructorAccessorImpl.java:77)
	at java.base/jdk.internal.reflect.DelegatingConstructorAccessorImpl.newInstance(DelegatingConstructorAccessorImpl.java:45)
	at org.openqa.selenium.remote.http.W3CHttpResponseCodec.createException(W3CHttpResponseCodec.java:187)
	at org.openqa.selenium.remote.http.W3CHttpResponseCodec.decode(W3CHttpResponseCodec.java:122)
	at org.openqa.selenium.remote.http.W3CHttpResponseCodec.decode(W3CHttpResponseCodec.java:49)
	at org.openqa.selenium.remote.HttpCommandExecutor.execute(HttpCommandExecutor.java:158)
	at org.openqa.selenium.remote.service.DriverCommandExecutor.execute(DriverCommandExecutor.java:83)
	at org.openqa.selenium.remote.RemoteWebDriver.execute(RemoteWebDriver.java:552)
	at com.kms.katalon.selenium.driver.CChromeDriver.execute(CChromeDriver.java:19)
	at org.openqa.selenium.remote.RemoteWebElement.execute(RemoteWebElement.java:285)
	at org.openqa.selenium.remote.RemoteWebElement.click(RemoteWebElement.java:84)
	at jdk.internal.reflect.GeneratedMethodAccessor16.invoke(Unknown Source)
	at java.base/jdk.internal.reflect.DelegatingMethodAccessorImpl.invoke(DelegatingMethodAccessorImpl.java:43)
	at org.openqa.selenium.support.events.EventFiringWebDriver$EventFiringWebElement.lambda$new$0(EventFiringWebDriver.java:404)
	at jdk.proxy2/jdk.proxy2.$Proxy24.click(Unknown Source)
	at org.openqa.selenium.support.events.EventFiringWebDriver$EventFiringWebElement.click(EventFiringWebDriver.java:417)
	at org.openqa.selenium.support.ui.Select.setSelected(Select.java:311)
	at org.openqa.selenium.support.ui.Select.setSelectedByIndex(Select.java:293)
	at org.openqa.selenium.support.ui.Select.selectByIndex(Select.java:172)
	at com.kms.katalon.core.webui.common.WebUiCommonHelper.selectOrDeselectOptionsByIndex(WebUiCommonHelper.java:245)
	at com.kms.katalon.core.webui.keyword.builtin.SelectOptionByIndexKeyword$_selectOptionByIndex_closure1.doCall(SelectOptionByIndexKeyword.groovy:85)
	at com.kms.katalon.core.webui.keyword.builtin.SelectOptionByIndexKeyword$_selectOptionByIndex_closure1.call(SelectOptionByIndexKeyword.groovy)
	at com.kms.katalon.core.webui.keyword.internal.WebUIKeywordMain.runKeyword(WebUIKeywordMain.groovy:20)
	... 20 more]]></system-err>
      </testcase>
      <testcase name="Test Cases/APAC_Universities/SEO_PAGES/Help_University/Main_Page" time="36.208" classname="Test Cases/APAC_Universities/SEO_PAGES/Help_University/Main_Page" status="PASSED">
         <system-out><![CDATA[22-10-2024T16:21:50 - [TEST_CASE][PASSED] - Test Cases/APAC_Universities/SEO_PAGES/Help_University/Main_Page: Test Cases/APAC_Universities/SEO_PAGES/Help_University/Main_Page

22-10-2024T16:21:50 - [TEST_STEP][PASSED] - callTestCase(findTestCase("Test Cases/APAC_Universities/SEO_PAGES/Help_University/Resuable_Testcases/Navigate_URL"), [:], STOP_ON_FAILURE): Call Test Case 'Test Cases/APAC_Universities/SEO_PAGES/Help_University/Resuable_Testcases/Navigate_URL' successfully

22-10-2024T16:21:50 - [TEST_CASE][PASSED] - Test Cases/APAC_Universities/SEO_PAGES/Help_University/Resuable_Testcases/Navigate_URL: Test Cases/APAC_Universities/SEO_PAGES/Help_University/Resuable_Testcases/Navigate_URL

22-10-2024T16:21:50 - [TEST_STEP][PASSED] - openBrowser(""): Browser is opened with url: ''

22-10-2024T16:21:50 - [MESSAGE][WARNING] - A browser is already opened. Closing browser and opening a new one

22-10-2024T16:21:50 - [MESSAGE][INFO] - Starting 'Chrome' driver

22-10-2024T16:21:50 - [MESSAGE][INFO] - Action delay is set to 0 milliseconds

22-10-2024T16:21:51 - [MESSAGE][PASSED] - Browser is opened with url: ''

22-10-2024T16:21:51 - [TEST_STEP][PASSED] - navigateToUrl(University_HELP): Navigate to 'https://key:path@dev-rdistro-help-opm.pantheonsite.io/' successfully

22-10-2024T16:22:10 - [MESSAGE][PASSED] - Navigate to 'https://key:path@dev-rdistro-help-opm.pantheonsite.io/' successfully

22-10-2024T16:22:10 - [TEST_STEP][PASSED] - maximizeWindow(): Current window maximized

22-10-2024T16:22:11 - [MESSAGE][PASSED] - Current window maximized

22-10-2024T16:22:11 - [MESSAGE][PASSED] - Call Test Case 'Test Cases/APAC_Universities/SEO_PAGES/Help_University/Resuable_Testcases/Navigate_URL' successfully

22-10-2024T16:22:11 - [TEST_STEP][PASSED] - logger = new com.kms.katalon.core.logging.KeywordLogger(): null

22-10-2024T16:22:11 - [TEST_STEP][PASSED] - testObject = findTestObject("Object Repository/APAC_University/Help_University/Program_Info"): null

22-10-2024T16:22:11 - [TEST_STEP][PASSED] - isElementPresent = verifyElementPresent(testObject, 10, CONTINUE_ON_FAILURE): Object 'Object Repository/APAC_University/Help_University/Program_Info' is present

22-10-2024T16:22:11 - [MESSAGE][PASSED] - Object 'Object Repository/APAC_University/Help_University/Program_Info' is present

22-10-2024T16:22:11 - [TEST_STEP][PASSED] - if (isElementPresent): Scroll to object 'Object Repository/APAC_University/Help_University/Program_Info' successfully

22-10-2024T16:22:11 - [TEST_STEP][PASSED] - logger.logPassed("Element is present. Scrolling to the element."): Element is present. Scrolling to the element.

22-10-2024T16:22:11 - [MESSAGE][PASSED] - Element is present. Scrolling to the element.

22-10-2024T16:22:11 - [TEST_STEP][PASSED] - scrollToElement(testObject, 10): Scroll to object 'Object Repository/APAC_University/Help_University/Program_Info' successfully

22-10-2024T16:22:11 - [MESSAGE][PASSED] - Scroll to object 'Object Repository/APAC_University/Help_University/Program_Info' successfully

22-10-2024T16:22:11 - [TEST_STEP][PASSED] - callTestCase(findTestCase("Test Cases/APAC_Universities/SEO_PAGES/Help_University/Resuable_Testcases/Lead_Form"), [:], STOP_ON_FAILURE): Call Test Case 'Test Cases/APAC_Universities/SEO_PAGES/Help_University/Resuable_Testcases/Lead_Form' successfully

22-10-2024T16:22:11 - [TEST_CASE][PASSED] - Test Cases/APAC_Universities/SEO_PAGES/Help_University/Resuable_Testcases/Lead_Form: Test Cases/APAC_Universities/SEO_PAGES/Help_University/Resuable_Testcases/Lead_Form

22-10-2024T16:22:11 - [TEST_STEP][PASSED] - Email = keyPathPackage.customKeywords.generateRandomEmail(): keyPathPackage.customKeywords.generateRandomEmail is PASSED

22-10-2024T16:22:11 - [MESSAGE][PASSED] - keyPathPackage.customKeywords.generateRandomEmail is PASSED

22-10-2024T16:22:11 - [TEST_STEP][PASSED] - setText(findTestObject("Object Repository/APAC_University/Help_University/Field_Email"), Email): Text 'kera.bogisich@hotmail.com' is set on object 'Object Repository/APAC_University/Help_University/Field_Email'

22-10-2024T16:22:12 - [MESSAGE][PASSED] - Text 'kera.bogisich@hotmail.com' is set on object 'Object Repository/APAC_University/Help_University/Field_Email'

22-10-2024T16:22:12 - [TEST_STEP][PASSED] - Postcode = keyPathPackage.customKeywords.selectRandomPostCodes(): keyPathPackage.customKeywords.selectRandomPostCodes is PASSED

22-10-2024T16:22:12 - [MESSAGE][PASSED] - keyPathPackage.customKeywords.selectRandomPostCodes is PASSED

22-10-2024T16:22:12 - [TEST_STEP][PASSED] - setText(findTestObject("Object Repository/APAC_University/Help_University/Field_Postcode"), Postcode): Text '91167' is set on object 'Object Repository/APAC_University/Help_University/Field_Postcode'

22-10-2024T16:22:13 - [MESSAGE][PASSED] - Text '91167' is set on object 'Object Repository/APAC_University/Help_University/Field_Postcode'

22-10-2024T16:22:13 - [TEST_STEP][PASSED] - buttonObject = findTestObject("Object Repository/APAC_University/Help_University/Button_Nextstep1"): null

22-10-2024T16:22:13 - [TEST_STEP][PASSED] - mouseOver(buttonObject): Object: 'Object Repository/APAC_University/Help_University/Button_Nextstep1' is hovered

22-10-2024T16:22:13 - [MESSAGE][PASSED] - Object: 'Object Repository/APAC_University/Help_University/Button_Nextstep1' is hovered

22-10-2024T16:22:13 - [TEST_STEP][PASSED] - waitForElementClickable(findTestObject("Object Repository/APAC_University/Help_University/Button_Nextstep1"), 10): Object 'Object Repository/APAC_University/Help_University/Button_Nextstep1' is clickable

22-10-2024T16:22:13 - [MESSAGE][PASSED] - Object 'Object Repository/APAC_University/Help_University/Button_Nextstep1' is clickable

22-10-2024T16:22:13 - [TEST_STEP][PASSED] - click(findTestObject("Object Repository/APAC_University/Help_University/Button_Nextstep1")): Object: 'Object Repository/APAC_University/Help_University/Button_Nextstep1' is clicked on

22-10-2024T16:22:13 - [MESSAGE][PASSED] - Object: 'Object Repository/APAC_University/Help_University/Button_Nextstep1' is clicked on

22-10-2024T16:22:13 - [TEST_STEP][PASSED] - dropdown = findTestObject("Object Repository/APAC_University/Help_University/Dropdown_Highereducation"): null

22-10-2024T16:22:13 - [TEST_STEP][PASSED] - options = ["High school", "Diploma", "Bachelors degree", "Masters Degree"]: null

22-10-2024T16:22:13 - [TEST_STEP][PASSED] - randomOption = options[Random().nextInt(length)]: null

22-10-2024T16:22:13 - [TEST_STEP][PASSED] - selectOptionByValue(dropdown, randomOption, true): All options with value 'Diploma' are selected in object 'Object Repository/APAC_University/Help_University/Dropdown_Highereducation'  using regular expression

22-10-2024T16:22:16 - [MESSAGE][PASSED] - All options with value 'Diploma' are selected in object 'Object Repository/APAC_University/Help_University/Dropdown_Highereducation'  using regular expression

22-10-2024T16:22:16 - [TEST_STEP][PASSED] - if (randomOption.equals("Diploma")): All options with value 'No' are selected in object 'Object Repository/APAC_University/Help_University/Dropdown_Apel'  using regular expression

22-10-2024T16:22:16 - [TEST_STEP][PASSED] - delay(3): Delayed 3 second(s)

22-10-2024T16:22:19 - [MESSAGE][PASSED] - Delayed 3 second(s)

22-10-2024T16:22:19 - [TEST_STEP][PASSED] - APELdropdown = findTestObject("Object Repository/APAC_University/Help_University/Dropdown_Apel"): null

22-10-2024T16:22:19 - [TEST_STEP][PASSED] - APELoptions = ["Yes", "No", "Unsure"]: null

22-10-2024T16:22:19 - [TEST_STEP][PASSED] - APELrandomOption = APELoptions[Random().nextInt(length)]: null

22-10-2024T16:22:19 - [TEST_STEP][PASSED] - selectOptionByValue(APELdropdown, APELrandomOption, true): All options with value 'No' are selected in object 'Object Repository/APAC_University/Help_University/Dropdown_Apel'  using regular expression

22-10-2024T16:22:20 - [MESSAGE][PASSED] - All options with value 'No' are selected in object 'Object Repository/APAC_University/Help_University/Dropdown_Apel'  using regular expression

22-10-2024T16:22:20 - [TEST_STEP][PASSED] - startdate = findTestObject("Object Repository/APAC_University/Help_University/Dropdown_Startdate"): null

22-10-2024T16:22:20 - [TEST_STEP][PASSED] - selectOptionByIndex(startdate, keyPathPackage.customKeywords.selectRandomOptionFromDropdown()): All options with index in [1] are selected on object 'Object Repository/APAC_University/Help_University/Dropdown_Startdate'

22-10-2024T16:22:20 - [MESSAGE][PASSED] - keyPathPackage.customKeywords.selectRandomOptionFromDropdown is PASSED

22-10-2024T16:22:20 - [MESSAGE][PASSED] - All options with index in [1] are selected on object 'Object Repository/APAC_University/Help_University/Dropdown_Startdate'

22-10-2024T16:22:20 - [TEST_STEP][PASSED] - Englishlevel = findTestObject("Object Repository/APAC_University/Help_University/Dropdown_Englishlevel"): null

22-10-2024T16:22:20 - [TEST_STEP][PASSED] - selectOptionByIndex(Englishlevel, keyPathPackage.customKeywords.selectRandomOptionFromDropdown()): All options with index in [2] are selected on object 'Object Repository/APAC_University/Help_University/Dropdown_Englishlevel'

22-10-2024T16:22:20 - [MESSAGE][PASSED] - keyPathPackage.customKeywords.selectRandomOptionFromDropdown is PASSED

22-10-2024T16:22:21 - [MESSAGE][PASSED] - All options with index in [2] are selected on object 'Object Repository/APAC_University/Help_University/Dropdown_Englishlevel'

22-10-2024T16:22:21 - [TEST_STEP][PASSED] - Workexperience = findTestObject("Object Repository/APAC_University/Help_University/Dropdown_Workexperience"): null

22-10-2024T16:22:21 - [TEST_STEP][PASSED] - selectOptionByIndex(Workexperience, keyPathPackage.customKeywords.selectRandomOptionFromDropdown()): All options with index in [1] are selected on object 'Object Repository/APAC_University/Help_University/Dropdown_Workexperience'

22-10-2024T16:22:21 - [MESSAGE][PASSED] - keyPathPackage.customKeywords.selectRandomOptionFromDropdown is PASSED

22-10-2024T16:22:22 - [MESSAGE][PASSED] - All options with index in [1] are selected on object 'Object Repository/APAC_University/Help_University/Dropdown_Workexperience'

22-10-2024T16:22:22 - [TEST_STEP][PASSED] - Enquiry = findTestObject("Object Repository/APAC_University/Help_University/Dropdown_Enquiry"): null

22-10-2024T16:22:22 - [TEST_STEP][PASSED] - selectOptionByIndex(Enquiry, keyPathPackage.customKeywords.selectRandomOptionFromDropdown()): All options with index in [2] are selected on object 'Object Repository/APAC_University/Help_University/Dropdown_Enquiry'

22-10-2024T16:22:22 - [MESSAGE][PASSED] - keyPathPackage.customKeywords.selectRandomOptionFromDropdown is PASSED

22-10-2024T16:22:23 - [MESSAGE][PASSED] - All options with index in [2] are selected on object 'Object Repository/APAC_University/Help_University/Dropdown_Enquiry'

22-10-2024T16:22:23 - [TEST_STEP][PASSED] - waitForElementClickable(findTestObject("Object Repository/APAC_University/Help_University/Button_Nextstep2"), 10): Object 'Object Repository/APAC_University/Help_University/Button_Nextstep2' is clickable

22-10-2024T16:22:23 - [MESSAGE][PASSED] - Object 'Object Repository/APAC_University/Help_University/Button_Nextstep2' is clickable

22-10-2024T16:22:23 - [TEST_STEP][PASSED] - click(findTestObject("Object Repository/APAC_University/Help_University/Button_Nextstep2")): Object: 'Object Repository/APAC_University/Help_University/Button_Nextstep2' is clicked on

22-10-2024T16:22:23 - [MESSAGE][PASSED] - Object: 'Object Repository/APAC_University/Help_University/Button_Nextstep2' is clicked on

22-10-2024T16:22:23 - [TEST_STEP][PASSED] - FirstName = keyPathPackage.customKeywords.generateRandomFirstName(): keyPathPackage.customKeywords.generateRandomFirstName is PASSED

22-10-2024T16:22:23 - [MESSAGE][PASSED] - keyPathPackage.customKeywords.generateRandomFirstName is PASSED

22-10-2024T16:22:23 - [TEST_STEP][PASSED] - setText(findTestObject("Object Repository/APAC_University/Help_University/Field_Firstname"), FirstName): Text 'Shella' is set on object 'Object Repository/APAC_University/Help_University/Field_Firstname'

22-10-2024T16:22:24 - [MESSAGE][PASSED] - Text 'Shella' is set on object 'Object Repository/APAC_University/Help_University/Field_Firstname'

22-10-2024T16:22:24 - [TEST_STEP][PASSED] - LastName = keyPathPackage.customKeywords.generateRandomLastName(): keyPathPackage.customKeywords.generateRandomLastName is PASSED

22-10-2024T16:22:24 - [MESSAGE][PASSED] - keyPathPackage.customKeywords.generateRandomLastName is PASSED

22-10-2024T16:22:24 - [TEST_STEP][PASSED] - setText(findTestObject("Object Repository/APAC_University/Help_University/Field_lastname"), LastName): Text 'Testing O'Kon' is set on object 'Object Repository/APAC_University/Help_University/Field_lastname'

22-10-2024T16:22:25 - [MESSAGE][PASSED] - Text 'Testing O'Kon' is set on object 'Object Repository/APAC_University/Help_University/Field_lastname'

22-10-2024T16:22:25 - [TEST_STEP][PASSED] - Phonenumber = keyPathPackage.customKeywords.generateRandomMalaysianPhoneNumber(): keyPathPackage.customKeywords.generateRandomMalaysianPhoneNumber is PASSED

22-10-2024T16:22:25 - [MESSAGE][PASSED] - keyPathPackage.customKeywords.generateRandomMalaysianPhoneNumber is PASSED

22-10-2024T16:22:25 - [TEST_STEP][PASSED] - setText(findTestObject("Object Repository/APAC_University/MBS_University/Degree Program/Field_Phonenumber"), Phonenumber): Text '122558045' is set on object 'Object Repository/APAC_University/MBS_University/Degree Program/Field_Phonenumber'

22-10-2024T16:22:25 - [MESSAGE][PASSED] - Text '122558045' is set on object 'Object Repository/APAC_University/MBS_University/Degree Program/Field_Phonenumber'

22-10-2024T16:22:25 - [TEST_STEP][PASSED] - waitForElementClickable(findTestObject("Object Repository/APAC_University/Help_University/Button_Submit"), 10): Object 'Object Repository/APAC_University/Help_University/Button_Submit' is clickable

22-10-2024T16:22:26 - [MESSAGE][PASSED] - Object 'Object Repository/APAC_University/Help_University/Button_Submit' is clickable

22-10-2024T16:22:26 - [TEST_STEP][PASSED] - click(findTestObject("Object Repository/APAC_University/Help_University/Button_Submit")): Object: 'Object Repository/APAC_University/Help_University/Button_Submit' is clicked on

22-10-2024T16:22:26 - [MESSAGE][PASSED] - Object: 'Object Repository/APAC_University/Help_University/Button_Submit' is clicked on

22-10-2024T16:22:26 - [MESSAGE][PASSED] - Call Test Case 'Test Cases/APAC_Universities/SEO_PAGES/Help_University/Resuable_Testcases/Lead_Form' successfully]]></system-out>
         <system-err><![CDATA[]]></system-err>
      </testcase>
      <testcase name="Test Cases/APAC_Universities/SEO_PAGES/Help_University/Enquiry_Now" time="18.843" classname="Test Cases/APAC_Universities/SEO_PAGES/Help_University/Enquiry_Now" status="PASSED">
         <system-out><![CDATA[22-10-2024T16:22:26 - [TEST_CASE][PASSED] - Test Cases/APAC_Universities/SEO_PAGES/Help_University/Enquiry_Now: Test Cases/APAC_Universities/SEO_PAGES/Help_University/Enquiry_Now

22-10-2024T16:22:26 - [TEST_STEP][PASSED] - waitForElementClickable(findTestObject("Object Repository/APAC_University/Help_University/Button_Enquirenow"), 10): Object 'Object Repository/APAC_University/Help_University/Button_Enquirenow' is clickable

22-10-2024T16:22:31 - [MESSAGE][PASSED] - Object 'Object Repository/APAC_University/Help_University/Button_Enquirenow' is clickable

22-10-2024T16:22:31 - [TEST_STEP][PASSED] - click(findTestObject("Object Repository/APAC_University/Help_University/Button_Enquirenow")): Object: 'Object Repository/APAC_University/Help_University/Button_Enquirenow' is clicked on

22-10-2024T16:22:35 - [MESSAGE][PASSED] - Object: 'Object Repository/APAC_University/Help_University/Button_Enquirenow' is clicked on

22-10-2024T16:22:35 - [TEST_STEP][PASSED] - callTestCase(findTestCase("Test Cases/APAC_Universities/SEO_PAGES/Help_University/Resuable_Testcases/Lead_Form"), [:], STOP_ON_FAILURE): Call Test Case 'Test Cases/APAC_Universities/SEO_PAGES/Help_University/Resuable_Testcases/Lead_Form' successfully

22-10-2024T16:22:35 - [TEST_CASE][PASSED] - Test Cases/APAC_Universities/SEO_PAGES/Help_University/Resuable_Testcases/Lead_Form: Test Cases/APAC_Universities/SEO_PAGES/Help_University/Resuable_Testcases/Lead_Form

22-10-2024T16:22:35 - [TEST_STEP][PASSED] - Email = keyPathPackage.customKeywords.generateRandomEmail(): keyPathPackage.customKeywords.generateRandomEmail is PASSED

22-10-2024T16:22:35 - [MESSAGE][PASSED] - keyPathPackage.customKeywords.generateRandomEmail is PASSED

22-10-2024T16:22:35 - [TEST_STEP][PASSED] - setText(findTestObject("Object Repository/APAC_University/Help_University/Field_Email"), Email): Text 'blanch.koelpin@gmail.com' is set on object 'Object Repository/APAC_University/Help_University/Field_Email'

22-10-2024T16:22:35 - [MESSAGE][PASSED] - Text 'blanch.koelpin@gmail.com' is set on object 'Object Repository/APAC_University/Help_University/Field_Email'

22-10-2024T16:22:35 - [TEST_STEP][PASSED] - Postcode = keyPathPackage.customKeywords.selectRandomPostCodes(): keyPathPackage.customKeywords.selectRandomPostCodes is PASSED

22-10-2024T16:22:35 - [MESSAGE][PASSED] - keyPathPackage.customKeywords.selectRandomPostCodes is PASSED

22-10-2024T16:22:35 - [TEST_STEP][PASSED] - setText(findTestObject("Object Repository/APAC_University/Help_University/Field_Postcode"), Postcode): Text '50412' is set on object 'Object Repository/APAC_University/Help_University/Field_Postcode'

22-10-2024T16:22:36 - [MESSAGE][PASSED] - Text '50412' is set on object 'Object Repository/APAC_University/Help_University/Field_Postcode'

22-10-2024T16:22:36 - [TEST_STEP][PASSED] - buttonObject = findTestObject("Object Repository/APAC_University/Help_University/Button_Nextstep1"): null

22-10-2024T16:22:36 - [TEST_STEP][PASSED] - mouseOver(buttonObject): Object: 'Object Repository/APAC_University/Help_University/Button_Nextstep1' is hovered

22-10-2024T16:22:37 - [MESSAGE][PASSED] - Object: 'Object Repository/APAC_University/Help_University/Button_Nextstep1' is hovered

22-10-2024T16:22:37 - [TEST_STEP][PASSED] - waitForElementClickable(findTestObject("Object Repository/APAC_University/Help_University/Button_Nextstep1"), 10): Object 'Object Repository/APAC_University/Help_University/Button_Nextstep1' is clickable

22-10-2024T16:22:37 - [MESSAGE][PASSED] - Object 'Object Repository/APAC_University/Help_University/Button_Nextstep1' is clickable

22-10-2024T16:22:37 - [TEST_STEP][PASSED] - click(findTestObject("Object Repository/APAC_University/Help_University/Button_Nextstep1")): Object: 'Object Repository/APAC_University/Help_University/Button_Nextstep1' is clicked on

22-10-2024T16:22:37 - [MESSAGE][PASSED] - Object: 'Object Repository/APAC_University/Help_University/Button_Nextstep1' is clicked on

22-10-2024T16:22:37 - [TEST_STEP][PASSED] - dropdown = findTestObject("Object Repository/APAC_University/Help_University/Dropdown_Highereducation"): null

22-10-2024T16:22:37 - [TEST_STEP][PASSED] - options = ["High school", "Diploma", "Bachelors degree", "Masters Degree"]: null

22-10-2024T16:22:37 - [TEST_STEP][PASSED] - randomOption = options[Random().nextInt(length)]: null

22-10-2024T16:22:37 - [TEST_STEP][PASSED] - selectOptionByValue(dropdown, randomOption, true): All options with value 'Masters Degree' are selected in object 'Object Repository/APAC_University/Help_University/Dropdown_Highereducation'  using regular expression

22-10-2024T16:22:39 - [MESSAGE][PASSED] - All options with value 'Masters Degree' are selected in object 'Object Repository/APAC_University/Help_University/Dropdown_Highereducation'  using regular expression

22-10-2024T16:22:39 - [TEST_STEP][PASSED] - if (randomOption.equals("Diploma")): null

22-10-2024T16:22:39 - [TEST_STEP][PASSED] - startdate = findTestObject("Object Repository/APAC_University/Help_University/Dropdown_Startdate"): null

22-10-2024T16:22:39 - [TEST_STEP][PASSED] - selectOptionByIndex(startdate, keyPathPackage.customKeywords.selectRandomOptionFromDropdown()): All options with index in [2] are selected on object 'Object Repository/APAC_University/Help_University/Dropdown_Startdate'

22-10-2024T16:22:39 - [MESSAGE][PASSED] - keyPathPackage.customKeywords.selectRandomOptionFromDropdown is PASSED

22-10-2024T16:22:39 - [MESSAGE][PASSED] - All options with index in [2] are selected on object 'Object Repository/APAC_University/Help_University/Dropdown_Startdate'

22-10-2024T16:22:39 - [TEST_STEP][PASSED] - Englishlevel = findTestObject("Object Repository/APAC_University/Help_University/Dropdown_Englishlevel"): null

22-10-2024T16:22:39 - [TEST_STEP][PASSED] - selectOptionByIndex(Englishlevel, keyPathPackage.customKeywords.selectRandomOptionFromDropdown()): All options with index in [2] are selected on object 'Object Repository/APAC_University/Help_University/Dropdown_Englishlevel'

22-10-2024T16:22:39 - [MESSAGE][PASSED] - keyPathPackage.customKeywords.selectRandomOptionFromDropdown is PASSED

22-10-2024T16:22:40 - [MESSAGE][PASSED] - All options with index in [2] are selected on object 'Object Repository/APAC_University/Help_University/Dropdown_Englishlevel'

22-10-2024T16:22:40 - [TEST_STEP][PASSED] - Workexperience = findTestObject("Object Repository/APAC_University/Help_University/Dropdown_Workexperience"): null

22-10-2024T16:22:40 - [TEST_STEP][PASSED] - selectOptionByIndex(Workexperience, keyPathPackage.customKeywords.selectRandomOptionFromDropdown()): All options with index in [2] are selected on object 'Object Repository/APAC_University/Help_University/Dropdown_Workexperience'

22-10-2024T16:22:40 - [MESSAGE][PASSED] - keyPathPackage.customKeywords.selectRandomOptionFromDropdown is PASSED

22-10-2024T16:22:41 - [MESSAGE][PASSED] - All options with index in [2] are selected on object 'Object Repository/APAC_University/Help_University/Dropdown_Workexperience'

22-10-2024T16:22:41 - [TEST_STEP][PASSED] - Enquiry = findTestObject("Object Repository/APAC_University/Help_University/Dropdown_Enquiry"): null

22-10-2024T16:22:41 - [TEST_STEP][PASSED] - selectOptionByIndex(Enquiry, keyPathPackage.customKeywords.selectRandomOptionFromDropdown()): All options with index in [1] are selected on object 'Object Repository/APAC_University/Help_University/Dropdown_Enquiry'

22-10-2024T16:22:41 - [MESSAGE][PASSED] - keyPathPackage.customKeywords.selectRandomOptionFromDropdown is PASSED

22-10-2024T16:22:41 - [MESSAGE][PASSED] - All options with index in [1] are selected on object 'Object Repository/APAC_University/Help_University/Dropdown_Enquiry'

22-10-2024T16:22:41 - [TEST_STEP][PASSED] - waitForElementClickable(findTestObject("Object Repository/APAC_University/Help_University/Button_Nextstep2"), 10): Object 'Object Repository/APAC_University/Help_University/Button_Nextstep2' is clickable

22-10-2024T16:22:42 - [MESSAGE][PASSED] - Object 'Object Repository/APAC_University/Help_University/Button_Nextstep2' is clickable

22-10-2024T16:22:42 - [TEST_STEP][PASSED] - click(findTestObject("Object Repository/APAC_University/Help_University/Button_Nextstep2")): Object: 'Object Repository/APAC_University/Help_University/Button_Nextstep2' is clicked on

22-10-2024T16:22:42 - [MESSAGE][PASSED] - Object: 'Object Repository/APAC_University/Help_University/Button_Nextstep2' is clicked on

22-10-2024T16:22:42 - [TEST_STEP][PASSED] - FirstName = keyPathPackage.customKeywords.generateRandomFirstName(): keyPathPackage.customKeywords.generateRandomFirstName is PASSED

22-10-2024T16:22:42 - [MESSAGE][PASSED] - keyPathPackage.customKeywords.generateRandomFirstName is PASSED

22-10-2024T16:22:42 - [TEST_STEP][PASSED] - setText(findTestObject("Object Repository/APAC_University/Help_University/Field_Firstname"), FirstName): Text 'Adam' is set on object 'Object Repository/APAC_University/Help_University/Field_Firstname'

22-10-2024T16:22:43 - [MESSAGE][PASSED] - Text 'Adam' is set on object 'Object Repository/APAC_University/Help_University/Field_Firstname'

22-10-2024T16:22:43 - [TEST_STEP][PASSED] - LastName = keyPathPackage.customKeywords.generateRandomLastName(): keyPathPackage.customKeywords.generateRandomLastName is PASSED

22-10-2024T16:22:43 - [MESSAGE][PASSED] - keyPathPackage.customKeywords.generateRandomLastName is PASSED

22-10-2024T16:22:43 - [TEST_STEP][PASSED] - setText(findTestObject("Object Repository/APAC_University/Help_University/Field_lastname"), LastName): Text 'Testing Jaskolski' is set on object 'Object Repository/APAC_University/Help_University/Field_lastname'

22-10-2024T16:22:44 - [MESSAGE][PASSED] - Text 'Testing Jaskolski' is set on object 'Object Repository/APAC_University/Help_University/Field_lastname'

22-10-2024T16:22:44 - [TEST_STEP][PASSED] - Phonenumber = keyPathPackage.customKeywords.generateRandomMalaysianPhoneNumber(): keyPathPackage.customKeywords.generateRandomMalaysianPhoneNumber is PASSED

22-10-2024T16:22:44 - [MESSAGE][PASSED] - keyPathPackage.customKeywords.generateRandomMalaysianPhoneNumber is PASSED

22-10-2024T16:22:44 - [TEST_STEP][PASSED] - setText(findTestObject("Object Repository/APAC_University/MBS_University/Degree Program/Field_Phonenumber"), Phonenumber): Text '125707775' is set on object 'Object Repository/APAC_University/MBS_University/Degree Program/Field_Phonenumber'

22-10-2024T16:22:44 - [MESSAGE][PASSED] - Text '125707775' is set on object 'Object Repository/APAC_University/MBS_University/Degree Program/Field_Phonenumber'

22-10-2024T16:22:44 - [TEST_STEP][PASSED] - waitForElementClickable(findTestObject("Object Repository/APAC_University/Help_University/Button_Submit"), 10): Object 'Object Repository/APAC_University/Help_University/Button_Submit' is clickable

22-10-2024T16:22:45 - [MESSAGE][PASSED] - Object 'Object Repository/APAC_University/Help_University/Button_Submit' is clickable

22-10-2024T16:22:45 - [TEST_STEP][PASSED] - click(findTestObject("Object Repository/APAC_University/Help_University/Button_Submit")): Object: 'Object Repository/APAC_University/Help_University/Button_Submit' is clicked on

22-10-2024T16:22:45 - [MESSAGE][PASSED] - Object: 'Object Repository/APAC_University/Help_University/Button_Submit' is clicked on

22-10-2024T16:22:45 - [MESSAGE][PASSED] - Call Test Case 'Test Cases/APAC_Universities/SEO_PAGES/Help_University/Resuable_Testcases/Lead_Form' successfully

22-10-2024T16:22:45 - [TEST_STEP][PASSED] - closeBrowser(): Browser is closed

22-10-2024T16:22:45 - [MESSAGE][PASSED] - Browser is closed]]></system-out>
         <system-err><![CDATA[]]></system-err>
      </testcase>
      <testcase name="Test Cases/APAC_Universities/SEO_PAGES/Sunway_University/Main_Page" time="35.969" classname="Test Cases/APAC_Universities/SEO_PAGES/Sunway_University/Main_Page" status="PASSED">
         <system-out><![CDATA[22-10-2024T16:22:45 - [TEST_CASE][PASSED] - Test Cases/APAC_Universities/SEO_PAGES/Sunway_University/Main_Page: Test Cases/APAC_Universities/SEO_PAGES/Sunway_University/Main_Page

22-10-2024T16:22:45 - [TEST_STEP][PASSED] - callTestCase(findTestCase("Test Cases/APAC_Universities/SEO_PAGES/Sunway_University/Resuable_Testcases/Navigate_To_URL"), [:], STOP_ON_FAILURE): Call Test Case 'Test Cases/APAC_Universities/SEO_PAGES/Sunway_University/Resuable_Testcases/Navigate_To_URL' successfully

22-10-2024T16:22:45 - [TEST_CASE][PASSED] - Test Cases/APAC_Universities/SEO_PAGES/Sunway_University/Resuable_Testcases/Navigate_To_URL: Test Cases/APAC_Universities/SEO_PAGES/Sunway_University/Resuable_Testcases/Navigate_To_URL

22-10-2024T16:22:45 - [TEST_STEP][PASSED] - openBrowser(""): Browser is opened with url: ''

22-10-2024T16:22:45 - [MESSAGE][INFO] - Starting 'Chrome' driver

22-10-2024T16:22:45 - [MESSAGE][INFO] - Action delay is set to 0 milliseconds

22-10-2024T16:22:46 - [MESSAGE][PASSED] - Browser is opened with url: ''

22-10-2024T16:22:46 - [TEST_STEP][PASSED] - navigateToUrl(University_SUN): Navigate to 'https://key:path@dev-sun-opm.pantheonsite.io/' successfully

22-10-2024T16:22:59 - [MESSAGE][PASSED] - Navigate to 'https://key:path@dev-sun-opm.pantheonsite.io/' successfully

22-10-2024T16:22:59 - [TEST_STEP][PASSED] - maximizeWindow(): Current window maximized

22-10-2024T16:23:01 - [MESSAGE][PASSED] - Current window maximized

22-10-2024T16:23:01 - [MESSAGE][PASSED] - Call Test Case 'Test Cases/APAC_Universities/SEO_PAGES/Sunway_University/Resuable_Testcases/Navigate_To_URL' successfully

22-10-2024T16:23:01 - [TEST_STEP][PASSED] - callTestCase(findTestCase("Test Cases/APAC_Universities/SEO_PAGES/Sunway_University/Resuable_Testcases/Lead_Form"), [:], STOP_ON_FAILURE): Call Test Case 'Test Cases/APAC_Universities/SEO_PAGES/Sunway_University/Resuable_Testcases/Lead_Form' successfully

22-10-2024T16:23:01 - [TEST_CASE][PASSED] - Test Cases/APAC_Universities/SEO_PAGES/Sunway_University/Resuable_Testcases/Lead_Form: Test Cases/APAC_Universities/SEO_PAGES/Sunway_University/Resuable_Testcases/Lead_Form

22-10-2024T16:23:01 - [TEST_STEP][PASSED] - selectTestObject = findTestObject("Object Repository/APAC_University/SUN_University/Dropdown_Program"): null

22-10-2024T16:23:01 - [TEST_STEP][PASSED] - selectElement = findWebElement(selectTestObject, 0): Found web element by test object Object Repository/APAC_University/SUN_University/Dropdown_Program

22-10-2024T16:23:01 - [MESSAGE][WARNING] - Timeout '0' is invalid. Using default page load timeout: '30'

22-10-2024T16:23:01 - [MESSAGE][PASSED] - Found web element by test object Object Repository/APAC_University/SUN_University/Dropdown_Program

22-10-2024T16:23:01 - [TEST_STEP][PASSED] - select = new org.openqa.selenium.support.ui.Select(selectElement): null

22-10-2024T16:23:01 - [TEST_STEP][PASSED] - optionsrandom = select.getOptions(): null

22-10-2024T16:23:03 - [TEST_STEP][PASSED] - validOptions = optionsrandom.findAll({ -> ... }): null

22-10-2024T16:23:03 - [TEST_STEP][PASSED] - randomdropdown = new java.util.Random(): null

22-10-2024T16:23:03 - [TEST_STEP][PASSED] - randomOptiondropdown = validOptions[randomdropdown.nextInt(validOptions.size())]: null

22-10-2024T16:23:03 - [TEST_STEP][PASSED] - select.selectByValue(randomOptiondropdown.getAttribute("value")): null

22-10-2024T16:23:04 - [TEST_STEP][PASSED] - Email = keyPathPackage.customKeywords.generateRandomEmail(): keyPathPackage.customKeywords.generateRandomEmail is PASSED

22-10-2024T16:23:04 - [MESSAGE][PASSED] - keyPathPackage.customKeywords.generateRandomEmail is PASSED

22-10-2024T16:23:04 - [TEST_STEP][PASSED] - setText(findTestObject("Object Repository/APAC_University/SUN_University/Field_Email"), Email): Text 'katherine.mccullough@hotmail.com' is set on object 'Object Repository/APAC_University/SUN_University/Field_Email'

22-10-2024T16:23:05 - [MESSAGE][PASSED] - Text 'katherine.mccullough@hotmail.com' is set on object 'Object Repository/APAC_University/SUN_University/Field_Email'

22-10-2024T16:23:05 - [TEST_STEP][PASSED] - Postcode = keyPathPackage.customKeywords.selectRandomPostCodes(): keyPathPackage.customKeywords.selectRandomPostCodes is PASSED

22-10-2024T16:23:05 - [MESSAGE][PASSED] - keyPathPackage.customKeywords.selectRandomPostCodes is PASSED

22-10-2024T16:23:05 - [TEST_STEP][PASSED] - setText(findTestObject("Object Repository/APAC_University/SUN_University/Field_Postcode"), Postcode): Text '36521' is set on object 'Object Repository/APAC_University/SUN_University/Field_Postcode'

22-10-2024T16:23:05 - [MESSAGE][PASSED] - Text '36521' is set on object 'Object Repository/APAC_University/SUN_University/Field_Postcode'

22-10-2024T16:23:05 - [TEST_STEP][PASSED] - waitForElementClickable(findTestObject("Object Repository/APAC_University/SUN_University/Button_Nextstep1"), 10): Object 'Object Repository/APAC_University/SUN_University/Button_Nextstep1' is clickable

22-10-2024T16:23:06 - [MESSAGE][PASSED] - Object 'Object Repository/APAC_University/SUN_University/Button_Nextstep1' is clickable

22-10-2024T16:23:06 - [TEST_STEP][PASSED] - click(findTestObject("Object Repository/APAC_University/SUN_University/Button_Nextstep1")): Object: 'Object Repository/APAC_University/SUN_University/Button_Nextstep1' is clicked on

22-10-2024T16:23:06 - [MESSAGE][PASSED] - Object: 'Object Repository/APAC_University/SUN_University/Button_Nextstep1' is clicked on

22-10-2024T16:23:06 - [TEST_STEP][PASSED] - dropdown = findTestObject("Object Repository/APAC_University/SUN_University/Dropdown_highereducation"): null

22-10-2024T16:23:06 - [TEST_STEP][PASSED] - options = ["High school", "Diploma", "Bachelors degree", "Masters Degree"]: null

22-10-2024T16:23:06 - [TEST_STEP][PASSED] - randomOption = options[Random().nextInt(length)]: null

22-10-2024T16:23:06 - [TEST_STEP][PASSED] - selectOptionByValue(dropdown, randomOption, true): All options with value 'Masters Degree' are selected in object 'Object Repository/APAC_University/SUN_University/Dropdown_highereducation'  using regular expression

22-10-2024T16:23:07 - [MESSAGE][PASSED] - All options with value 'Masters Degree' are selected in object 'Object Repository/APAC_University/SUN_University/Dropdown_highereducation'  using regular expression

22-10-2024T16:23:07 - [TEST_STEP][PASSED] - if (randomOption.equals("Diploma")): null

22-10-2024T16:23:07 - [TEST_STEP][PASSED] - startdate = findTestObject("Object Repository/APAC_University/SUN_University/Dropdown_Startdate"): null

22-10-2024T16:23:07 - [TEST_STEP][PASSED] - selectOptionByIndex(startdate, keyPathPackage.customKeywords.selectRandomOptionFromDropdown()): All options with index in [1] are selected on object 'Object Repository/APAC_University/SUN_University/Dropdown_Startdate'

22-10-2024T16:23:07 - [MESSAGE][PASSED] - keyPathPackage.customKeywords.selectRandomOptionFromDropdown is PASSED

22-10-2024T16:23:08 - [MESSAGE][PASSED] - All options with index in [1] are selected on object 'Object Repository/APAC_University/SUN_University/Dropdown_Startdate'

22-10-2024T16:23:08 - [TEST_STEP][PASSED] - Englishlevel = findTestObject("Object Repository/APAC_University/SUN_University/Dropdown_Englishlevel"): null

22-10-2024T16:23:08 - [TEST_STEP][PASSED] - selectOptionByIndex(Englishlevel, keyPathPackage.customKeywords.selectRandomOptionFromDropdown()): All options with index in [1] are selected on object 'Object Repository/APAC_University/SUN_University/Dropdown_Englishlevel'

22-10-2024T16:23:08 - [MESSAGE][PASSED] - keyPathPackage.customKeywords.selectRandomOptionFromDropdown is PASSED

22-10-2024T16:23:08 - [MESSAGE][PASSED] - All options with index in [1] are selected on object 'Object Repository/APAC_University/SUN_University/Dropdown_Englishlevel'

22-10-2024T16:23:08 - [TEST_STEP][PASSED] - Workexperience = findTestObject("Object Repository/APAC_University/SUN_University/Dropdown_Workexperience"): null

22-10-2024T16:23:08 - [TEST_STEP][PASSED] - selectOptionByIndex(Workexperience, keyPathPackage.customKeywords.selectRandomOptionFromDropdown()): All options with index in [2] are selected on object 'Object Repository/APAC_University/SUN_University/Dropdown_Workexperience'

22-10-2024T16:23:08 - [MESSAGE][PASSED] - keyPathPackage.customKeywords.selectRandomOptionFromDropdown is PASSED

22-10-2024T16:23:09 - [MESSAGE][PASSED] - All options with index in [2] are selected on object 'Object Repository/APAC_University/SUN_University/Dropdown_Workexperience'

22-10-2024T16:23:09 - [TEST_STEP][PASSED] - Enquiry = findTestObject("Object Repository/APAC_University/SUN_University/Dropdown_Enquiry"): null

22-10-2024T16:23:09 - [TEST_STEP][PASSED] - selectOptionByIndex(Enquiry, keyPathPackage.customKeywords.selectRandomOptionFromDropdown()): All options with index in [2] are selected on object 'Object Repository/APAC_University/SUN_University/Dropdown_Enquiry'

22-10-2024T16:23:09 - [MESSAGE][PASSED] - keyPathPackage.customKeywords.selectRandomOptionFromDropdown is PASSED

22-10-2024T16:23:10 - [MESSAGE][PASSED] - All options with index in [2] are selected on object 'Object Repository/APAC_University/SUN_University/Dropdown_Enquiry'

22-10-2024T16:23:10 - [TEST_STEP][PASSED] - waitForElementClickable(findTestObject("Object Repository/APAC_University/SUN_University/Button_Nextstep2"), 10): Object 'Object Repository/APAC_University/SUN_University/Button_Nextstep2' is clickable

22-10-2024T16:23:10 - [MESSAGE][PASSED] - Object 'Object Repository/APAC_University/SUN_University/Button_Nextstep2' is clickable

22-10-2024T16:23:10 - [TEST_STEP][PASSED] - click(findTestObject("Object Repository/APAC_University/SUN_University/Button_Nextstep2")): Object: 'Object Repository/APAC_University/SUN_University/Button_Nextstep2' is clicked on

22-10-2024T16:23:10 - [MESSAGE][PASSED] - Object: 'Object Repository/APAC_University/SUN_University/Button_Nextstep2' is clicked on

22-10-2024T16:23:10 - [TEST_STEP][PASSED] - delay(5): Delayed 5 second(s)

22-10-2024T16:23:15 - [MESSAGE][PASSED] - Delayed 5 second(s)

22-10-2024T16:23:15 - [TEST_STEP][PASSED] - waitForElementPresent(findTestObject("Object Repository/APAC_University/SUN_University/Field_Firstname"), 10): Object 'Object Repository/APAC_University/SUN_University/Field_Firstname' is present

22-10-2024T16:23:16 - [MESSAGE][PASSED] - Object 'Object Repository/APAC_University/SUN_University/Field_Firstname' is present

22-10-2024T16:23:16 - [TEST_STEP][PASSED] - FirstName = keyPathPackage.customKeywords.generateRandomFirstName(): keyPathPackage.customKeywords.generateRandomFirstName is PASSED

22-10-2024T16:23:16 - [MESSAGE][PASSED] - keyPathPackage.customKeywords.generateRandomFirstName is PASSED

22-10-2024T16:23:16 - [TEST_STEP][PASSED] - setText(findTestObject("Object Repository/APAC_University/SUN_University/Field_Firstname"), FirstName): Text 'Ashley' is set on object 'Object Repository/APAC_University/SUN_University/Field_Firstname'

22-10-2024T16:23:16 - [MESSAGE][PASSED] - Text 'Ashley' is set on object 'Object Repository/APAC_University/SUN_University/Field_Firstname'

22-10-2024T16:23:16 - [TEST_STEP][PASSED] - LastName = keyPathPackage.customKeywords.generateRandomLastName(): keyPathPackage.customKeywords.generateRandomLastName is PASSED

22-10-2024T16:23:16 - [MESSAGE][PASSED] - keyPathPackage.customKeywords.generateRandomLastName is PASSED

22-10-2024T16:23:16 - [TEST_STEP][PASSED] - setText(findTestObject("Object Repository/APAC_University/SUN_University/Field_lastname"), LastName): Text 'Testing Miller' is set on object 'Object Repository/APAC_University/SUN_University/Field_lastname'

22-10-2024T16:23:17 - [MESSAGE][PASSED] - Text 'Testing Miller' is set on object 'Object Repository/APAC_University/SUN_University/Field_lastname'

22-10-2024T16:23:17 - [TEST_STEP][PASSED] - Phonenumber = keyPathPackage.customKeywords.generateRandomMalaysianPhoneNumber(): keyPathPackage.customKeywords.generateRandomMalaysianPhoneNumber is PASSED

22-10-2024T16:23:17 - [MESSAGE][PASSED] - keyPathPackage.customKeywords.generateRandomMalaysianPhoneNumber is PASSED

22-10-2024T16:23:17 - [TEST_STEP][PASSED] - setText(findTestObject("Object Repository/APAC_University/SUN_University/Field_Phonenumber"), Phonenumber): Text '123310084' is set on object 'Object Repository/APAC_University/SUN_University/Field_Phonenumber'

22-10-2024T16:23:17 - [MESSAGE][PASSED] - Text '123310084' is set on object 'Object Repository/APAC_University/SUN_University/Field_Phonenumber'

22-10-2024T16:23:17 - [TEST_STEP][PASSED] - waitForElementClickable(findTestObject("Object Repository/APAC_University/SUN_University/Button_Submit"), 10): Object 'Object Repository/APAC_University/SUN_University/Button_Submit' is clickable

22-10-2024T16:23:18 - [MESSAGE][PASSED] - Object 'Object Repository/APAC_University/SUN_University/Button_Submit' is clickable

22-10-2024T16:23:18 - [TEST_STEP][PASSED] - click(findTestObject("Object Repository/APAC_University/SUN_University/Button_Submit")): Object: 'Object Repository/APAC_University/SUN_University/Button_Submit' is clicked on

22-10-2024T16:23:18 - [MESSAGE][PASSED] - Object: 'Object Repository/APAC_University/SUN_University/Button_Submit' is clicked on

22-10-2024T16:23:18 - [TEST_STEP][PASSED] - delay(3): Delayed 3 second(s)

22-10-2024T16:23:21 - [MESSAGE][PASSED] - Delayed 3 second(s)

22-10-2024T16:23:21 - [MESSAGE][PASSED] - Call Test Case 'Test Cases/APAC_Universities/SEO_PAGES/Sunway_University/Resuable_Testcases/Lead_Form' successfully]]></system-out>
         <system-err><![CDATA[]]></system-err>
      </testcase>
      <testcase name="Test Cases/APAC_Universities/SEO_PAGES/Sunway_University/Enquiry_Now" time="21.395" classname="Test Cases/APAC_Universities/SEO_PAGES/Sunway_University/Enquiry_Now" status="PASSED">
         <system-out><![CDATA[22-10-2024T16:23:21 - [TEST_CASE][PASSED] - Test Cases/APAC_Universities/SEO_PAGES/Sunway_University/Enquiry_Now: Test Cases/APAC_Universities/SEO_PAGES/Sunway_University/Enquiry_Now

22-10-2024T16:23:21 - [TEST_STEP][PASSED] - callTestCase(findTestCase("Test Cases/APAC_Universities/SEO_PAGES/Sunway_University/Resuable_Testcases/Navigate_to_Homepage"), [:], STOP_ON_FAILURE): Call Test Case 'Test Cases/APAC_Universities/SEO_PAGES/Sunway_University/Resuable_Testcases/Navigate_to_Homepage' successfully

22-10-2024T16:23:21 - [TEST_CASE][PASSED] - Test Cases/APAC_Universities/SEO_PAGES/Sunway_University/Resuable_Testcases/Navigate_to_Homepage: Test Cases/APAC_Universities/SEO_PAGES/Sunway_University/Resuable_Testcases/Navigate_to_Homepage

22-10-2024T16:23:21 - [TEST_STEP][PASSED] - waitForElementClickable(findTestObject("Object Repository/APAC_University/SUN_University/Button_Homepage"), 10): Object 'Object Repository/APAC_University/SUN_University/Button_Homepage' is clickable

22-10-2024T16:23:21 - [MESSAGE][PASSED] - Object 'Object Repository/APAC_University/SUN_University/Button_Homepage' is clickable

22-10-2024T16:23:21 - [TEST_STEP][PASSED] - click(findTestObject("Object Repository/APAC_University/SUN_University/Button_Homepage")): Object: 'Object Repository/APAC_University/SUN_University/Button_Homepage' is clicked on

22-10-2024T16:23:23 - [MESSAGE][PASSED] - Object: 'Object Repository/APAC_University/SUN_University/Button_Homepage' is clicked on

22-10-2024T16:23:23 - [MESSAGE][PASSED] - Call Test Case 'Test Cases/APAC_Universities/SEO_PAGES/Sunway_University/Resuable_Testcases/Navigate_to_Homepage' successfully

22-10-2024T16:23:23 - [TEST_STEP][PASSED] - waitForElementClickable(findTestObject("Object Repository/APAC_University/SUN_University/Button_EnquireNow"), 10): Object 'Object Repository/APAC_University/SUN_University/Button_EnquireNow' is clickable

22-10-2024T16:23:24 - [MESSAGE][PASSED] - Object 'Object Repository/APAC_University/SUN_University/Button_EnquireNow' is clickable

22-10-2024T16:23:24 - [TEST_STEP][PASSED] - click(findTestObject("Object Repository/APAC_University/SUN_University/Button_EnquireNow")): Object: 'Object Repository/APAC_University/SUN_University/Button_EnquireNow' is clicked on

22-10-2024T16:23:24 - [MESSAGE][PASSED] - Object: 'Object Repository/APAC_University/SUN_University/Button_EnquireNow' is clicked on

22-10-2024T16:23:24 - [TEST_STEP][PASSED] - callTestCase(findTestCase("Test Cases/APAC_Universities/SEO_PAGES/Sunway_University/Resuable_Testcases/Lead_Form"), [:], STOP_ON_FAILURE): Call Test Case 'Test Cases/APAC_Universities/SEO_PAGES/Sunway_University/Resuable_Testcases/Lead_Form' successfully

22-10-2024T16:23:25 - [TEST_CASE][PASSED] - Test Cases/APAC_Universities/SEO_PAGES/Sunway_University/Resuable_Testcases/Lead_Form: Test Cases/APAC_Universities/SEO_PAGES/Sunway_University/Resuable_Testcases/Lead_Form

22-10-2024T16:23:25 - [TEST_STEP][PASSED] - selectTestObject = findTestObject("Object Repository/APAC_University/SUN_University/Dropdown_Program"): null

22-10-2024T16:23:25 - [TEST_STEP][PASSED] - selectElement = findWebElement(selectTestObject, 0): Found web element by test object Object Repository/APAC_University/SUN_University/Dropdown_Program

22-10-2024T16:23:25 - [MESSAGE][WARNING] - Timeout '0' is invalid. Using default page load timeout: '30'

22-10-2024T16:23:25 - [MESSAGE][PASSED] - Found web element by test object Object Repository/APAC_University/SUN_University/Dropdown_Program

22-10-2024T16:23:25 - [TEST_STEP][PASSED] - select = new org.openqa.selenium.support.ui.Select(selectElement): null

22-10-2024T16:23:25 - [TEST_STEP][PASSED] - optionsrandom = select.getOptions(): null

22-10-2024T16:23:26 - [TEST_STEP][PASSED] - validOptions = optionsrandom.findAll({ -> ... }): null

22-10-2024T16:23:26 - [TEST_STEP][PASSED] - randomdropdown = new java.util.Random(): null

22-10-2024T16:23:26 - [TEST_STEP][PASSED] - randomOptiondropdown = validOptions[randomdropdown.nextInt(validOptions.size())]: null

22-10-2024T16:23:26 - [TEST_STEP][PASSED] - select.selectByValue(randomOptiondropdown.getAttribute("value")): null

22-10-2024T16:23:26 - [TEST_STEP][PASSED] - Email = keyPathPackage.customKeywords.generateRandomEmail(): keyPathPackage.customKeywords.generateRandomEmail is PASSED

22-10-2024T16:23:26 - [MESSAGE][PASSED] - keyPathPackage.customKeywords.generateRandomEmail is PASSED

22-10-2024T16:23:26 - [TEST_STEP][PASSED] - setText(findTestObject("Object Repository/APAC_University/SUN_University/Field_Email"), Email): Text 'marion.borer@yahoo.com' is set on object 'Object Repository/APAC_University/SUN_University/Field_Email'

22-10-2024T16:23:26 - [MESSAGE][PASSED] - Text 'marion.borer@yahoo.com' is set on object 'Object Repository/APAC_University/SUN_University/Field_Email'

22-10-2024T16:23:26 - [TEST_STEP][PASSED] - Postcode = keyPathPackage.customKeywords.selectRandomPostCodes(): keyPathPackage.customKeywords.selectRandomPostCodes is PASSED

22-10-2024T16:23:26 - [MESSAGE][PASSED] - keyPathPackage.customKeywords.selectRandomPostCodes is PASSED

22-10-2024T16:23:26 - [TEST_STEP][PASSED] - setText(findTestObject("Object Repository/APAC_University/SUN_University/Field_Postcode"), Postcode): Text '69332' is set on object 'Object Repository/APAC_University/SUN_University/Field_Postcode'

22-10-2024T16:23:27 - [MESSAGE][PASSED] - Text '69332' is set on object 'Object Repository/APAC_University/SUN_University/Field_Postcode'

22-10-2024T16:23:27 - [TEST_STEP][PASSED] - waitForElementClickable(findTestObject("Object Repository/APAC_University/SUN_University/Button_Nextstep1"), 10): Object 'Object Repository/APAC_University/SUN_University/Button_Nextstep1' is clickable

22-10-2024T16:23:27 - [MESSAGE][PASSED] - Object 'Object Repository/APAC_University/SUN_University/Button_Nextstep1' is clickable

22-10-2024T16:23:27 - [TEST_STEP][PASSED] - click(findTestObject("Object Repository/APAC_University/SUN_University/Button_Nextstep1")): Object: 'Object Repository/APAC_University/SUN_University/Button_Nextstep1' is clicked on

22-10-2024T16:23:27 - [MESSAGE][PASSED] - Object: 'Object Repository/APAC_University/SUN_University/Button_Nextstep1' is clicked on

22-10-2024T16:23:27 - [TEST_STEP][PASSED] - dropdown = findTestObject("Object Repository/APAC_University/SUN_University/Dropdown_highereducation"): null

22-10-2024T16:23:27 - [TEST_STEP][PASSED] - options = ["High school", "Diploma", "Bachelors degree", "Masters Degree"]: null

22-10-2024T16:23:27 - [TEST_STEP][PASSED] - randomOption = options[Random().nextInt(length)]: null

22-10-2024T16:23:27 - [TEST_STEP][PASSED] - selectOptionByValue(dropdown, randomOption, true): All options with value 'Masters Degree' are selected in object 'Object Repository/APAC_University/SUN_University/Dropdown_highereducation'  using regular expression

22-10-2024T16:23:28 - [MESSAGE][PASSED] - All options with value 'Masters Degree' are selected in object 'Object Repository/APAC_University/SUN_University/Dropdown_highereducation'  using regular expression

22-10-2024T16:23:28 - [TEST_STEP][PASSED] - if (randomOption.equals("Diploma")): null

22-10-2024T16:23:28 - [TEST_STEP][PASSED] - startdate = findTestObject("Object Repository/APAC_University/SUN_University/Dropdown_Startdate"): null

22-10-2024T16:23:28 - [TEST_STEP][PASSED] - selectOptionByIndex(startdate, keyPathPackage.customKeywords.selectRandomOptionFromDropdown()): All options with index in [1] are selected on object 'Object Repository/APAC_University/SUN_University/Dropdown_Startdate'

22-10-2024T16:23:28 - [MESSAGE][PASSED] - keyPathPackage.customKeywords.selectRandomOptionFromDropdown is PASSED

22-10-2024T16:23:29 - [MESSAGE][PASSED] - All options with index in [1] are selected on object 'Object Repository/APAC_University/SUN_University/Dropdown_Startdate'

22-10-2024T16:23:29 - [TEST_STEP][PASSED] - Englishlevel = findTestObject("Object Repository/APAC_University/SUN_University/Dropdown_Englishlevel"): null

22-10-2024T16:23:29 - [TEST_STEP][PASSED] - selectOptionByIndex(Englishlevel, keyPathPackage.customKeywords.selectRandomOptionFromDropdown()): All options with index in [2] are selected on object 'Object Repository/APAC_University/SUN_University/Dropdown_Englishlevel'

22-10-2024T16:23:29 - [MESSAGE][PASSED] - keyPathPackage.customKeywords.selectRandomOptionFromDropdown is PASSED

22-10-2024T16:23:30 - [MESSAGE][PASSED] - All options with index in [2] are selected on object 'Object Repository/APAC_University/SUN_University/Dropdown_Englishlevel'

22-10-2024T16:23:30 - [TEST_STEP][PASSED] - Workexperience = findTestObject("Object Repository/APAC_University/SUN_University/Dropdown_Workexperience"): null

22-10-2024T16:23:30 - [TEST_STEP][PASSED] - selectOptionByIndex(Workexperience, keyPathPackage.customKeywords.selectRandomOptionFromDropdown()): All options with index in [1] are selected on object 'Object Repository/APAC_University/SUN_University/Dropdown_Workexperience'

22-10-2024T16:23:30 - [MESSAGE][PASSED] - keyPathPackage.customKeywords.selectRandomOptionFromDropdown is PASSED

22-10-2024T16:23:31 - [MESSAGE][PASSED] - All options with index in [1] are selected on object 'Object Repository/APAC_University/SUN_University/Dropdown_Workexperience'

22-10-2024T16:23:31 - [TEST_STEP][PASSED] - Enquiry = findTestObject("Object Repository/APAC_University/SUN_University/Dropdown_Enquiry"): null

22-10-2024T16:23:31 - [TEST_STEP][PASSED] - selectOptionByIndex(Enquiry, keyPathPackage.customKeywords.selectRandomOptionFromDropdown()): All options with index in [2] are selected on object 'Object Repository/APAC_University/SUN_University/Dropdown_Enquiry'

22-10-2024T16:23:31 - [MESSAGE][PASSED] - keyPathPackage.customKeywords.selectRandomOptionFromDropdown is PASSED

22-10-2024T16:23:31 - [MESSAGE][PASSED] - All options with index in [2] are selected on object 'Object Repository/APAC_University/SUN_University/Dropdown_Enquiry'

22-10-2024T16:23:31 - [TEST_STEP][PASSED] - waitForElementClickable(findTestObject("Object Repository/APAC_University/SUN_University/Button_Nextstep2"), 10): Object 'Object Repository/APAC_University/SUN_University/Button_Nextstep2' is clickable

22-10-2024T16:23:32 - [MESSAGE][PASSED] - Object 'Object Repository/APAC_University/SUN_University/Button_Nextstep2' is clickable

22-10-2024T16:23:32 - [TEST_STEP][PASSED] - click(findTestObject("Object Repository/APAC_University/SUN_University/Button_Nextstep2")): Object: 'Object Repository/APAC_University/SUN_University/Button_Nextstep2' is clicked on

22-10-2024T16:23:32 - [MESSAGE][PASSED] - Object: 'Object Repository/APAC_University/SUN_University/Button_Nextstep2' is clicked on

22-10-2024T16:23:32 - [TEST_STEP][PASSED] - delay(5): Delayed 5 second(s)

22-10-2024T16:23:37 - [MESSAGE][PASSED] - Delayed 5 second(s)

22-10-2024T16:23:37 - [TEST_STEP][PASSED] - waitForElementPresent(findTestObject("Object Repository/APAC_University/SUN_University/Field_Firstname"), 10): Object 'Object Repository/APAC_University/SUN_University/Field_Firstname' is present

22-10-2024T16:23:37 - [MESSAGE][PASSED] - Object 'Object Repository/APAC_University/SUN_University/Field_Firstname' is present

22-10-2024T16:23:37 - [TEST_STEP][PASSED] - FirstName = keyPathPackage.customKeywords.generateRandomFirstName(): keyPathPackage.customKeywords.generateRandomFirstName is PASSED

22-10-2024T16:23:37 - [MESSAGE][PASSED] - keyPathPackage.customKeywords.generateRandomFirstName is PASSED

22-10-2024T16:23:37 - [TEST_STEP][PASSED] - setText(findTestObject("Object Repository/APAC_University/SUN_University/Field_Firstname"), FirstName): Text 'Roman' is set on object 'Object Repository/APAC_University/SUN_University/Field_Firstname'

22-10-2024T16:23:38 - [MESSAGE][PASSED] - Text 'Roman' is set on object 'Object Repository/APAC_University/SUN_University/Field_Firstname'

22-10-2024T16:23:38 - [TEST_STEP][PASSED] - LastName = keyPathPackage.customKeywords.generateRandomLastName(): keyPathPackage.customKeywords.generateRandomLastName is PASSED

22-10-2024T16:23:38 - [MESSAGE][PASSED] - keyPathPackage.customKeywords.generateRandomLastName is PASSED

22-10-2024T16:23:38 - [TEST_STEP][PASSED] - setText(findTestObject("Object Repository/APAC_University/SUN_University/Field_lastname"), LastName): Text 'Testing Sporer' is set on object 'Object Repository/APAC_University/SUN_University/Field_lastname'

22-10-2024T16:23:38 - [MESSAGE][PASSED] - Text 'Testing Sporer' is set on object 'Object Repository/APAC_University/SUN_University/Field_lastname'

22-10-2024T16:23:38 - [TEST_STEP][PASSED] - Phonenumber = keyPathPackage.customKeywords.generateRandomMalaysianPhoneNumber(): keyPathPackage.customKeywords.generateRandomMalaysianPhoneNumber is PASSED

22-10-2024T16:23:38 - [MESSAGE][PASSED] - keyPathPackage.customKeywords.generateRandomMalaysianPhoneNumber is PASSED

22-10-2024T16:23:38 - [TEST_STEP][PASSED] - setText(findTestObject("Object Repository/APAC_University/SUN_University/Field_Phonenumber"), Phonenumber): Text '121738493' is set on object 'Object Repository/APAC_University/SUN_University/Field_Phonenumber'

22-10-2024T16:23:39 - [MESSAGE][PASSED] - Text '121738493' is set on object 'Object Repository/APAC_University/SUN_University/Field_Phonenumber'

22-10-2024T16:23:39 - [TEST_STEP][PASSED] - waitForElementClickable(findTestObject("Object Repository/APAC_University/SUN_University/Button_Submit"), 10): Object 'Object Repository/APAC_University/SUN_University/Button_Submit' is clickable

22-10-2024T16:23:39 - [MESSAGE][PASSED] - Object 'Object Repository/APAC_University/SUN_University/Button_Submit' is clickable

22-10-2024T16:23:39 - [TEST_STEP][PASSED] - click(findTestObject("Object Repository/APAC_University/SUN_University/Button_Submit")): Object: 'Object Repository/APAC_University/SUN_University/Button_Submit' is clicked on

22-10-2024T16:23:39 - [MESSAGE][PASSED] - Object: 'Object Repository/APAC_University/SUN_University/Button_Submit' is clicked on

22-10-2024T16:23:39 - [TEST_STEP][PASSED] - delay(3): Delayed 3 second(s)

22-10-2024T16:23:42 - [MESSAGE][PASSED] - Delayed 3 second(s)

22-10-2024T16:23:42 - [MESSAGE][PASSED] - Call Test Case 'Test Cases/APAC_Universities/SEO_PAGES/Sunway_University/Resuable_Testcases/Lead_Form' successfully

22-10-2024T16:23:42 - [TEST_STEP][PASSED] - closeBrowser(): Browser is closed

22-10-2024T16:23:42 - [MESSAGE][PASSED] - Browser is closed]]></system-out>
         <system-err><![CDATA[]]></system-err>
      </testcase>
      <testcase name="Test Cases/APAC_Universities/SEO_PAGES/SIM_University/Main_Page" time="35.852" classname="Test Cases/APAC_Universities/SEO_PAGES/SIM_University/Main_Page" status="PASSED">
         <system-out><![CDATA[22-10-2024T16:23:42 - [TEST_CASE][PASSED] - Test Cases/APAC_Universities/SEO_PAGES/SIM_University/Main_Page: Test Cases/APAC_Universities/SEO_PAGES/SIM_University/Main_Page

22-10-2024T16:23:42 - [TEST_STEP][PASSED] - callTestCase(findTestCase("Test Cases/APAC_Universities/SEO_PAGES/SIM_University/Resuable_Testcases/Navigate_URL"), [:], STOP_ON_FAILURE): Call Test Case 'Test Cases/APAC_Universities/SEO_PAGES/SIM_University/Resuable_Testcases/Navigate_URL' successfully

22-10-2024T16:23:42 - [TEST_CASE][PASSED] - Test Cases/APAC_Universities/SEO_PAGES/SIM_University/Resuable_Testcases/Navigate_URL: Test Cases/APAC_Universities/SEO_PAGES/SIM_University/Resuable_Testcases/Navigate_URL

22-10-2024T16:23:42 - [TEST_STEP][PASSED] - openBrowser(""): Browser is opened with url: ''

22-10-2024T16:23:42 - [MESSAGE][INFO] - Starting 'Chrome' driver

22-10-2024T16:23:42 - [MESSAGE][INFO] - Action delay is set to 0 milliseconds

22-10-2024T16:23:43 - [MESSAGE][PASSED] - Browser is opened with url: ''

22-10-2024T16:23:43 - [TEST_STEP][PASSED] - navigateToUrl("https://dev-sim-opm.pantheonsite.io/"): Navigate to 'https://dev-sim-opm.pantheonsite.io/' successfully

22-10-2024T16:24:03 - [MESSAGE][PASSED] - Navigate to 'https://dev-sim-opm.pantheonsite.io/' successfully

22-10-2024T16:24:03 - [TEST_STEP][PASSED] - maximizeWindow(): Current window maximized

22-10-2024T16:24:03 - [MESSAGE][PASSED] - Current window maximized

22-10-2024T16:24:03 - [MESSAGE][PASSED] - Call Test Case 'Test Cases/APAC_Universities/SEO_PAGES/SIM_University/Resuable_Testcases/Navigate_URL' successfully

22-10-2024T16:24:03 - [TEST_STEP][PASSED] - callTestCase(findTestCase("Test Cases/APAC_Universities/SEO_PAGES/SIM_University/Resuable_Testcases/Lead_Form"), [:], STOP_ON_FAILURE): Call Test Case 'Test Cases/APAC_Universities/SEO_PAGES/SIM_University/Resuable_Testcases/Lead_Form' successfully

22-10-2024T16:24:03 - [TEST_CASE][PASSED] - Test Cases/APAC_Universities/SEO_PAGES/SIM_University/Resuable_Testcases/Lead_Form: Test Cases/APAC_Universities/SEO_PAGES/SIM_University/Resuable_Testcases/Lead_Form

22-10-2024T16:24:03 - [TEST_STEP][PASSED] - selectTestObject = findTestObject("Object Repository/APAC_University/SIM_University/Dropdown_Program"): null

22-10-2024T16:24:03 - [TEST_STEP][PASSED] - selectElement = findWebElement(selectTestObject, 0): Found web element by test object Object Repository/APAC_University/SIM_University/Dropdown_Program

22-10-2024T16:24:03 - [MESSAGE][WARNING] - Timeout '0' is invalid. Using default page load timeout: '30'

22-10-2024T16:24:05 - [MESSAGE][PASSED] - Found web element by test object Object Repository/APAC_University/SIM_University/Dropdown_Program

22-10-2024T16:24:05 - [TEST_STEP][PASSED] - select = new org.openqa.selenium.support.ui.Select(selectElement): null

22-10-2024T16:24:05 - [TEST_STEP][PASSED] - optionsrandom = select.getOptions(): null

22-10-2024T16:24:06 - [TEST_STEP][PASSED] - validOptions = optionsrandom.findAll({ -> ... }): null

22-10-2024T16:24:06 - [TEST_STEP][PASSED] - randomdropdown = new java.util.Random(): null

22-10-2024T16:24:06 - [TEST_STEP][PASSED] - randomOptiondropdown = validOptions[randomdropdown.nextInt(validOptions.size())]: null

22-10-2024T16:24:06 - [TEST_STEP][PASSED] - select.selectByValue(randomOptiondropdown.getAttribute("value")): null

22-10-2024T16:24:06 - [TEST_STEP][PASSED] - delay(3): Delayed 3 second(s)

22-10-2024T16:24:09 - [MESSAGE][PASSED] - Delayed 3 second(s)

22-10-2024T16:24:09 - [TEST_STEP][PASSED] - FirstName = keyPathPackage.customKeywords.generateRandomFirstName(): keyPathPackage.customKeywords.generateRandomFirstName is PASSED

22-10-2024T16:24:09 - [MESSAGE][PASSED] - keyPathPackage.customKeywords.generateRandomFirstName is PASSED

22-10-2024T16:24:09 - [TEST_STEP][PASSED] - setText(findTestObject("Object Repository/APAC_University/SIM_University/Field_Firstname"), FirstName): Text 'Brock' is set on object 'Object Repository/APAC_University/SIM_University/Field_Firstname'

22-10-2024T16:24:10 - [MESSAGE][PASSED] - Text 'Brock' is set on object 'Object Repository/APAC_University/SIM_University/Field_Firstname'

22-10-2024T16:24:10 - [TEST_STEP][PASSED] - LastName = keyPathPackage.customKeywords.generateRandomLastName(): keyPathPackage.customKeywords.generateRandomLastName is PASSED

22-10-2024T16:24:10 - [MESSAGE][PASSED] - keyPathPackage.customKeywords.generateRandomLastName is PASSED

22-10-2024T16:24:10 - [TEST_STEP][PASSED] - setText(findTestObject("Object Repository/APAC_University/SIM_University/Field_Lastname"), LastName): Text 'Testing Klocko' is set on object 'Object Repository/APAC_University/SIM_University/Field_Lastname'

22-10-2024T16:24:11 - [MESSAGE][PASSED] - Text 'Testing Klocko' is set on object 'Object Repository/APAC_University/SIM_University/Field_Lastname'

22-10-2024T16:24:11 - [TEST_STEP][PASSED] - waitForElementClickable(findTestObject("Object Repository/APAC_University/SIM_University/Button_Nextstep1"), 10): Object 'Object Repository/APAC_University/SIM_University/Button_Nextstep1' is clickable

22-10-2024T16:24:11 - [MESSAGE][PASSED] - Object 'Object Repository/APAC_University/SIM_University/Button_Nextstep1' is clickable

22-10-2024T16:24:11 - [TEST_STEP][PASSED] - click(findTestObject("Object Repository/APAC_University/SIM_University/Button_Nextstep1")): Object: 'Object Repository/APAC_University/SIM_University/Button_Nextstep1' is clicked on

22-10-2024T16:24:11 - [MESSAGE][PASSED] - Object: 'Object Repository/APAC_University/SIM_University/Button_Nextstep1' is clicked on

22-10-2024T16:24:11 - [TEST_STEP][PASSED] - startdate = findTestObject("Object Repository/APAC_University/SIM_University/Dropdown_Startdate"): null

22-10-2024T16:24:11 - [TEST_STEP][PASSED] - selectOptionByIndex(startdate, keyPathPackage.customKeywords.selectRandomOptionFromDropdown()): All options with index in [1] are selected on object 'Object Repository/APAC_University/SIM_University/Dropdown_Startdate'

22-10-2024T16:24:11 - [MESSAGE][PASSED] - keyPathPackage.customKeywords.selectRandomOptionFromDropdown is PASSED

22-10-2024T16:24:12 - [MESSAGE][PASSED] - All options with index in [1] are selected on object 'Object Repository/APAC_University/SIM_University/Dropdown_Startdate'

22-10-2024T16:24:12 - [TEST_STEP][PASSED] - Enquiry = findTestObject("Object Repository/APAC_University/SIM_University/Dropdown_Enquiry"): null

22-10-2024T16:24:12 - [TEST_STEP][PASSED] - selectOptionByIndex(Enquiry, keyPathPackage.customKeywords.selectRandomOptionFromDropdown()): All options with index in [2] are selected on object 'Object Repository/APAC_University/SIM_University/Dropdown_Enquiry'

22-10-2024T16:24:12 - [MESSAGE][PASSED] - keyPathPackage.customKeywords.selectRandomOptionFromDropdown is PASSED

22-10-2024T16:24:13 - [MESSAGE][PASSED] - All options with index in [2] are selected on object 'Object Repository/APAC_University/SIM_University/Dropdown_Enquiry'

22-10-2024T16:24:13 - [TEST_STEP][PASSED] - dropdown = findTestObject("Object Repository/APAC_University/SIM_University/Dropdown_Education"): null

22-10-2024T16:24:13 - [TEST_STEP][PASSED] - options = ["High school", "Diploma", "Bachelors degree", "Postgraduate diploma", "Masters Degree"]: null

22-10-2024T16:24:13 - [TEST_STEP][PASSED] - randomOption = options[Random().nextInt(length)]: null

22-10-2024T16:24:13 - [TEST_STEP][PASSED] - selectOptionByValue(dropdown, randomOption, true): All options with value 'Postgraduate diploma' are selected in object 'Object Repository/APAC_University/SIM_University/Dropdown_Education'  using regular expression

22-10-2024T16:24:14 - [MESSAGE][PASSED] - All options with value 'Postgraduate diploma' are selected in object 'Object Repository/APAC_University/SIM_University/Dropdown_Education'  using regular expression

22-10-2024T16:24:14 - [TEST_STEP][PASSED] - Workexperience = findTestObject("Object Repository/APAC_University/SIM_University/Dropdown_Experience"): null

22-10-2024T16:24:14 - [TEST_STEP][PASSED] - selectOptionByIndex(Workexperience, keyPathPackage.customKeywords.selectRandomOptionFromDropdown()): All options with index in [1] are selected on object 'Object Repository/APAC_University/SIM_University/Dropdown_Experience'

22-10-2024T16:24:14 - [MESSAGE][PASSED] - keyPathPackage.customKeywords.selectRandomOptionFromDropdown is PASSED

22-10-2024T16:24:14 - [MESSAGE][PASSED] - All options with index in [1] are selected on object 'Object Repository/APAC_University/SIM_University/Dropdown_Experience'

22-10-2024T16:24:14 - [TEST_STEP][PASSED] - Englishlevel = findTestObject("Object Repository/APAC_University/SIM_University/Dropdown_English"): null

22-10-2024T16:24:14 - [TEST_STEP][PASSED] - selectOptionByIndex(Englishlevel, keyPathPackage.customKeywords.selectRandomOptionFromDropdown()): All options with index in [1] are selected on object 'Object Repository/APAC_University/SIM_University/Dropdown_English'

22-10-2024T16:24:14 - [MESSAGE][PASSED] - keyPathPackage.customKeywords.selectRandomOptionFromDropdown is PASSED

22-10-2024T16:24:15 - [MESSAGE][PASSED] - All options with index in [1] are selected on object 'Object Repository/APAC_University/SIM_University/Dropdown_English'

22-10-2024T16:24:15 - [TEST_STEP][PASSED] - radioButtonGroup = findTestObject("Object Repository/APAC_University/SIM_University/Radiobutton_Years"): null

22-10-2024T16:24:15 - [TEST_STEP][PASSED] - radioButtons = findWebElements(radioButtonGroup, 30): Found web elements by test object Object Repository/APAC_University/SIM_University/Radiobutton_Years

22-10-2024T16:24:15 - [MESSAGE][PASSED] - Found web elements by test object Object Repository/APAC_University/SIM_University/Radiobutton_Years

22-10-2024T16:24:15 - [TEST_STEP][PASSED] - if (radioButtons.size() == 2): null

22-10-2024T16:24:15 - [TEST_STEP][PASSED] - random = new java.util.Random(): null

22-10-2024T16:24:15 - [TEST_STEP][PASSED] - randomIndex = random.nextInt(2): null

22-10-2024T16:24:15 - [TEST_STEP][PASSED] - randomRadioButton = radioButtons.get(randomIndex): null

22-10-2024T16:24:15 - [TEST_STEP][PASSED] - randomRadioButton.click(): null

22-10-2024T16:24:15 - [TEST_STEP][PASSED] - waitForElementClickable(findTestObject("Object Repository/APAC_University/SIM_University/Button_Nextstep2"), 10): Object 'Object Repository/APAC_University/SIM_University/Button_Nextstep2' is clickable

22-10-2024T16:24:16 - [MESSAGE][PASSED] - Object 'Object Repository/APAC_University/SIM_University/Button_Nextstep2' is clickable

22-10-2024T16:24:16 - [TEST_STEP][PASSED] - click(findTestObject("Object Repository/APAC_University/SIM_University/Button_Nextstep2")): Object: 'Object Repository/APAC_University/SIM_University/Button_Nextstep2' is clicked on

22-10-2024T16:24:16 - [MESSAGE][PASSED] - Object: 'Object Repository/APAC_University/SIM_University/Button_Nextstep2' is clicked on

22-10-2024T16:24:16 - [TEST_STEP][PASSED] - Phonenumber = keyPathPackage.customKeywords.generateRandomMalaysianPhoneNumber(): keyPathPackage.customKeywords.generateRandomMalaysianPhoneNumber is PASSED

22-10-2024T16:24:16 - [MESSAGE][PASSED] - keyPathPackage.customKeywords.generateRandomMalaysianPhoneNumber is PASSED

22-10-2024T16:24:16 - [TEST_STEP][PASSED] - setText(findTestObject("Object Repository/APAC_University/SIM_University/Field_Phonenumber"), Phonenumber): Text '126727443' is set on object 'Object Repository/APAC_University/SIM_University/Field_Phonenumber'

22-10-2024T16:24:16 - [MESSAGE][PASSED] - Text '126727443' is set on object 'Object Repository/APAC_University/SIM_University/Field_Phonenumber'

22-10-2024T16:24:16 - [TEST_STEP][PASSED] - Email = keyPathPackage.customKeywords.generateRandomEmail(): keyPathPackage.customKeywords.generateRandomEmail is PASSED

22-10-2024T16:24:17 - [MESSAGE][PASSED] - keyPathPackage.customKeywords.generateRandomEmail is PASSED

22-10-2024T16:24:17 - [TEST_STEP][PASSED] - setText(findTestObject("Object Repository/APAC_University/SIM_University/Field_Email"), Email): Text 'buck.lesch@hotmail.com' is set on object 'Object Repository/APAC_University/SIM_University/Field_Email'

22-10-2024T16:24:17 - [MESSAGE][PASSED] - Text 'buck.lesch@hotmail.com' is set on object 'Object Repository/APAC_University/SIM_University/Field_Email'

22-10-2024T16:24:17 - [TEST_STEP][PASSED] - Postcode = keyPathPackage.customKeywords.selectRandomSingaporePostCode(): keyPathPackage.customKeywords.selectRandomSingaporePostCode is PASSED

22-10-2024T16:24:17 - [MESSAGE][PASSED] - keyPathPackage.customKeywords.selectRandomSingaporePostCode is PASSED

22-10-2024T16:24:17 - [TEST_STEP][PASSED] - setText(findTestObject("Object Repository/APAC_University/SIM_University/Field_Postcode"), Postcode): Text '691526' is set on object 'Object Repository/APAC_University/SIM_University/Field_Postcode'

22-10-2024T16:24:18 - [MESSAGE][PASSED] - Text '691526' is set on object 'Object Repository/APAC_University/SIM_University/Field_Postcode'

22-10-2024T16:24:18 - [TEST_STEP][PASSED] - waitForElementClickable(findTestObject("Object Repository/APAC_University/SIM_University/Button_Submit"), 10): Object 'Object Repository/APAC_University/SIM_University/Button_Submit' is clickable

22-10-2024T16:24:18 - [MESSAGE][PASSED] - Object 'Object Repository/APAC_University/SIM_University/Button_Submit' is clickable

22-10-2024T16:24:18 - [TEST_STEP][PASSED] - click(findTestObject("Object Repository/APAC_University/SIM_University/Button_Submit")): Object: 'Object Repository/APAC_University/SIM_University/Button_Submit' is clicked on

22-10-2024T16:24:18 - [MESSAGE][PASSED] - Object: 'Object Repository/APAC_University/SIM_University/Button_Submit' is clicked on

22-10-2024T16:24:18 - [MESSAGE][PASSED] - Call Test Case 'Test Cases/APAC_Universities/SEO_PAGES/SIM_University/Resuable_Testcases/Lead_Form' successfully]]></system-out>
         <system-err><![CDATA[]]></system-err>
      </testcase>
      <testcase name="Test Cases/APAC_Universities/SEO_PAGES/SIM_University/Enquiry_Now" time="19.402" classname="Test Cases/APAC_Universities/SEO_PAGES/SIM_University/Enquiry_Now" status="PASSED">
         <system-out><![CDATA[22-10-2024T16:24:18 - [TEST_CASE][PASSED] - Test Cases/APAC_Universities/SEO_PAGES/SIM_University/Enquiry_Now: Test Cases/APAC_Universities/SEO_PAGES/SIM_University/Enquiry_Now

22-10-2024T16:24:18 - [TEST_STEP][PASSED] - callTestCase(findTestCase("Test Cases/APAC_Universities/SEO_PAGES/SIM_University/Resuable_Testcases/Navigate_Homepage"), [:], STOP_ON_FAILURE): Call Test Case 'Test Cases/APAC_Universities/SEO_PAGES/SIM_University/Resuable_Testcases/Navigate_Homepage' successfully

22-10-2024T16:24:18 - [TEST_CASE][PASSED] - Test Cases/APAC_Universities/SEO_PAGES/SIM_University/Resuable_Testcases/Navigate_Homepage: Test Cases/APAC_Universities/SEO_PAGES/SIM_University/Resuable_Testcases/Navigate_Homepage

22-10-2024T16:24:18 - [TEST_STEP][PASSED] - waitForElementClickable(findTestObject("Object Repository/APAC_University/SIM_University/Button_Homepage"), 10): Object 'Object Repository/APAC_University/SIM_University/Button_Homepage' is clickable

22-10-2024T16:24:22 - [MESSAGE][PASSED] - Object 'Object Repository/APAC_University/SIM_University/Button_Homepage' is clickable

22-10-2024T16:24:22 - [TEST_STEP][PASSED] - click(findTestObject("Object Repository/APAC_University/SIM_University/Button_Homepage")): Object: 'Object Repository/APAC_University/SIM_University/Button_Homepage' is clicked on

22-10-2024T16:24:23 - [MESSAGE][PASSED] - Object: 'Object Repository/APAC_University/SIM_University/Button_Homepage' is clicked on

22-10-2024T16:24:23 - [MESSAGE][PASSED] - Call Test Case 'Test Cases/APAC_Universities/SEO_PAGES/SIM_University/Resuable_Testcases/Navigate_Homepage' successfully

22-10-2024T16:24:23 - [TEST_STEP][PASSED] - waitForElementClickable(findTestObject("Object Repository/APAC_University/SIM_University/Button_Enquiry"), 10): Object 'Object Repository/APAC_University/SIM_University/Button_Enquiry' is clickable

22-10-2024T16:24:24 - [MESSAGE][PASSED] - Object 'Object Repository/APAC_University/SIM_University/Button_Enquiry' is clickable

22-10-2024T16:24:24 - [TEST_STEP][PASSED] - click(findTestObject("Object Repository/APAC_University/SIM_University/Button_Enquiry")): Object: 'Object Repository/APAC_University/SIM_University/Button_Enquiry' is clicked on

22-10-2024T16:24:25 - [MESSAGE][PASSED] - Object: 'Object Repository/APAC_University/SIM_University/Button_Enquiry' is clicked on

22-10-2024T16:24:25 - [TEST_STEP][PASSED] - callTestCase(findTestCase("Test Cases/APAC_Universities/SEO_PAGES/SIM_University/Resuable_Testcases/Lead_Form"), [:], STOP_ON_FAILURE): Call Test Case 'Test Cases/APAC_Universities/SEO_PAGES/SIM_University/Resuable_Testcases/Lead_Form' successfully

22-10-2024T16:24:25 - [TEST_CASE][PASSED] - Test Cases/APAC_Universities/SEO_PAGES/SIM_University/Resuable_Testcases/Lead_Form: Test Cases/APAC_Universities/SEO_PAGES/SIM_University/Resuable_Testcases/Lead_Form

22-10-2024T16:24:25 - [TEST_STEP][PASSED] - selectTestObject = findTestObject("Object Repository/APAC_University/SIM_University/Dropdown_Program"): null

22-10-2024T16:24:25 - [TEST_STEP][PASSED] - selectElement = findWebElement(selectTestObject, 0): Found web element by test object Object Repository/APAC_University/SIM_University/Dropdown_Program

22-10-2024T16:24:25 - [MESSAGE][WARNING] - Timeout '0' is invalid. Using default page load timeout: '30'

22-10-2024T16:24:25 - [MESSAGE][PASSED] - Found web element by test object Object Repository/APAC_University/SIM_University/Dropdown_Program

22-10-2024T16:24:25 - [TEST_STEP][PASSED] - select = new org.openqa.selenium.support.ui.Select(selectElement): null

22-10-2024T16:24:25 - [TEST_STEP][PASSED] - optionsrandom = select.getOptions(): null

22-10-2024T16:24:26 - [TEST_STEP][PASSED] - validOptions = optionsrandom.findAll({ -> ... }): null

22-10-2024T16:24:26 - [TEST_STEP][PASSED] - randomdropdown = new java.util.Random(): null

22-10-2024T16:24:26 - [TEST_STEP][PASSED] - randomOptiondropdown = validOptions[randomdropdown.nextInt(validOptions.size())]: null

22-10-2024T16:24:26 - [TEST_STEP][PASSED] - select.selectByValue(randomOptiondropdown.getAttribute("value")): null

22-10-2024T16:24:26 - [TEST_STEP][PASSED] - delay(3): Delayed 3 second(s)

22-10-2024T16:24:29 - [MESSAGE][PASSED] - Delayed 3 second(s)

22-10-2024T16:24:29 - [TEST_STEP][PASSED] - FirstName = keyPathPackage.customKeywords.generateRandomFirstName(): keyPathPackage.customKeywords.generateRandomFirstName is PASSED

22-10-2024T16:24:29 - [MESSAGE][PASSED] - keyPathPackage.customKeywords.generateRandomFirstName is PASSED

22-10-2024T16:24:29 - [TEST_STEP][PASSED] - setText(findTestObject("Object Repository/APAC_University/SIM_University/Field_Firstname"), FirstName): Text 'Lupe' is set on object 'Object Repository/APAC_University/SIM_University/Field_Firstname'

22-10-2024T16:24:29 - [MESSAGE][PASSED] - Text 'Lupe' is set on object 'Object Repository/APAC_University/SIM_University/Field_Firstname'

22-10-2024T16:24:29 - [TEST_STEP][PASSED] - LastName = keyPathPackage.customKeywords.generateRandomLastName(): keyPathPackage.customKeywords.generateRandomLastName is PASSED

22-10-2024T16:24:29 - [MESSAGE][PASSED] - keyPathPackage.customKeywords.generateRandomLastName is PASSED

22-10-2024T16:24:29 - [TEST_STEP][PASSED] - setText(findTestObject("Object Repository/APAC_University/SIM_University/Field_Lastname"), LastName): Text 'Testing Labadie' is set on object 'Object Repository/APAC_University/SIM_University/Field_Lastname'

22-10-2024T16:24:30 - [MESSAGE][PASSED] - Text 'Testing Labadie' is set on object 'Object Repository/APAC_University/SIM_University/Field_Lastname'

22-10-2024T16:24:30 - [TEST_STEP][PASSED] - waitForElementClickable(findTestObject("Object Repository/APAC_University/SIM_University/Button_Nextstep1"), 10): Object 'Object Repository/APAC_University/SIM_University/Button_Nextstep1' is clickable

22-10-2024T16:24:30 - [MESSAGE][PASSED] - Object 'Object Repository/APAC_University/SIM_University/Button_Nextstep1' is clickable

22-10-2024T16:24:30 - [TEST_STEP][PASSED] - click(findTestObject("Object Repository/APAC_University/SIM_University/Button_Nextstep1")): Object: 'Object Repository/APAC_University/SIM_University/Button_Nextstep1' is clicked on

22-10-2024T16:24:30 - [MESSAGE][PASSED] - Object: 'Object Repository/APAC_University/SIM_University/Button_Nextstep1' is clicked on

22-10-2024T16:24:30 - [TEST_STEP][PASSED] - startdate = findTestObject("Object Repository/APAC_University/SIM_University/Dropdown_Startdate"): null

22-10-2024T16:24:30 - [TEST_STEP][PASSED] - selectOptionByIndex(startdate, keyPathPackage.customKeywords.selectRandomOptionFromDropdown()): All options with index in [2] are selected on object 'Object Repository/APAC_University/SIM_University/Dropdown_Startdate'

22-10-2024T16:24:30 - [MESSAGE][PASSED] - keyPathPackage.customKeywords.selectRandomOptionFromDropdown is PASSED

22-10-2024T16:24:31 - [MESSAGE][PASSED] - All options with index in [2] are selected on object 'Object Repository/APAC_University/SIM_University/Dropdown_Startdate'

22-10-2024T16:24:31 - [TEST_STEP][PASSED] - Enquiry = findTestObject("Object Repository/APAC_University/SIM_University/Dropdown_Enquiry"): null

22-10-2024T16:24:31 - [TEST_STEP][PASSED] - selectOptionByIndex(Enquiry, keyPathPackage.customKeywords.selectRandomOptionFromDropdown()): All options with index in [1] are selected on object 'Object Repository/APAC_University/SIM_University/Dropdown_Enquiry'

22-10-2024T16:24:31 - [MESSAGE][PASSED] - keyPathPackage.customKeywords.selectRandomOptionFromDropdown is PASSED

22-10-2024T16:24:32 - [MESSAGE][PASSED] - All options with index in [1] are selected on object 'Object Repository/APAC_University/SIM_University/Dropdown_Enquiry'

22-10-2024T16:24:32 - [TEST_STEP][PASSED] - dropdown = findTestObject("Object Repository/APAC_University/SIM_University/Dropdown_Education"): null

22-10-2024T16:24:32 - [TEST_STEP][PASSED] - options = ["High school", "Diploma", "Bachelors degree", "Postgraduate diploma", "Masters Degree"]: null

22-10-2024T16:24:32 - [TEST_STEP][PASSED] - randomOption = options[Random().nextInt(length)]: null

22-10-2024T16:24:32 - [TEST_STEP][PASSED] - selectOptionByValue(dropdown, randomOption, true): All options with value 'High school' are selected in object 'Object Repository/APAC_University/SIM_University/Dropdown_Education'  using regular expression

22-10-2024T16:24:33 - [MESSAGE][PASSED] - All options with value 'High school' are selected in object 'Object Repository/APAC_University/SIM_University/Dropdown_Education'  using regular expression

22-10-2024T16:24:33 - [TEST_STEP][PASSED] - Workexperience = findTestObject("Object Repository/APAC_University/SIM_University/Dropdown_Experience"): null

22-10-2024T16:24:33 - [TEST_STEP][PASSED] - selectOptionByIndex(Workexperience, keyPathPackage.customKeywords.selectRandomOptionFromDropdown()): All options with index in [1] are selected on object 'Object Repository/APAC_University/SIM_University/Dropdown_Experience'

22-10-2024T16:24:33 - [MESSAGE][PASSED] - keyPathPackage.customKeywords.selectRandomOptionFromDropdown is PASSED

22-10-2024T16:24:34 - [MESSAGE][PASSED] - All options with index in [1] are selected on object 'Object Repository/APAC_University/SIM_University/Dropdown_Experience'

22-10-2024T16:24:34 - [TEST_STEP][PASSED] - Englishlevel = findTestObject("Object Repository/APAC_University/SIM_University/Dropdown_English"): null

22-10-2024T16:24:34 - [TEST_STEP][PASSED] - selectOptionByIndex(Englishlevel, keyPathPackage.customKeywords.selectRandomOptionFromDropdown()): All options with index in [2] are selected on object 'Object Repository/APAC_University/SIM_University/Dropdown_English'

22-10-2024T16:24:34 - [MESSAGE][PASSED] - keyPathPackage.customKeywords.selectRandomOptionFromDropdown is PASSED

22-10-2024T16:24:34 - [MESSAGE][PASSED] - All options with index in [2] are selected on object 'Object Repository/APAC_University/SIM_University/Dropdown_English'

22-10-2024T16:24:34 - [TEST_STEP][PASSED] - radioButtonGroup = findTestObject("Object Repository/APAC_University/SIM_University/Radiobutton_Years"): null

22-10-2024T16:24:34 - [TEST_STEP][PASSED] - radioButtons = findWebElements(radioButtonGroup, 30): Found web elements by test object Object Repository/APAC_University/SIM_University/Radiobutton_Years

22-10-2024T16:24:35 - [MESSAGE][PASSED] - Found web elements by test object Object Repository/APAC_University/SIM_University/Radiobutton_Years

22-10-2024T16:24:35 - [TEST_STEP][PASSED] - if (radioButtons.size() == 2): null

22-10-2024T16:24:35 - [TEST_STEP][PASSED] - random = new java.util.Random(): null

22-10-2024T16:24:35 - [TEST_STEP][PASSED] - randomIndex = random.nextInt(2): null

22-10-2024T16:24:35 - [TEST_STEP][PASSED] - randomRadioButton = radioButtons.get(randomIndex): null

22-10-2024T16:24:35 - [TEST_STEP][PASSED] - randomRadioButton.click(): null

22-10-2024T16:24:35 - [TEST_STEP][PASSED] - waitForElementClickable(findTestObject("Object Repository/APAC_University/SIM_University/Button_Nextstep2"), 10): Object 'Object Repository/APAC_University/SIM_University/Button_Nextstep2' is clickable

22-10-2024T16:24:35 - [MESSAGE][PASSED] - Object 'Object Repository/APAC_University/SIM_University/Button_Nextstep2' is clickable

22-10-2024T16:24:35 - [TEST_STEP][PASSED] - click(findTestObject("Object Repository/APAC_University/SIM_University/Button_Nextstep2")): Object: 'Object Repository/APAC_University/SIM_University/Button_Nextstep2' is clicked on

22-10-2024T16:24:35 - [MESSAGE][PASSED] - Object: 'Object Repository/APAC_University/SIM_University/Button_Nextstep2' is clicked on

22-10-2024T16:24:35 - [TEST_STEP][PASSED] - Phonenumber = keyPathPackage.customKeywords.generateRandomMalaysianPhoneNumber(): keyPathPackage.customKeywords.generateRandomMalaysianPhoneNumber is PASSED

22-10-2024T16:24:35 - [MESSAGE][PASSED] - keyPathPackage.customKeywords.generateRandomMalaysianPhoneNumber is PASSED

22-10-2024T16:24:35 - [TEST_STEP][PASSED] - setText(findTestObject("Object Repository/APAC_University/SIM_University/Field_Phonenumber"), Phonenumber): Text '125862321' is set on object 'Object Repository/APAC_University/SIM_University/Field_Phonenumber'

22-10-2024T16:24:36 - [MESSAGE][PASSED] - Text '125862321' is set on object 'Object Repository/APAC_University/SIM_University/Field_Phonenumber'

22-10-2024T16:24:36 - [TEST_STEP][PASSED] - Email = keyPathPackage.customKeywords.generateRandomEmail(): keyPathPackage.customKeywords.generateRandomEmail is PASSED

22-10-2024T16:24:36 - [MESSAGE][PASSED] - keyPathPackage.customKeywords.generateRandomEmail is PASSED

22-10-2024T16:24:36 - [TEST_STEP][PASSED] - setText(findTestObject("Object Repository/APAC_University/SIM_University/Field_Email"), Email): Text 'gordon.schuster@hotmail.com' is set on object 'Object Repository/APAC_University/SIM_University/Field_Email'

22-10-2024T16:24:37 - [MESSAGE][PASSED] - Text 'gordon.schuster@hotmail.com' is set on object 'Object Repository/APAC_University/SIM_University/Field_Email'

22-10-2024T16:24:37 - [TEST_STEP][PASSED] - Postcode = keyPathPackage.customKeywords.selectRandomSingaporePostCode(): keyPathPackage.customKeywords.selectRandomSingaporePostCode is PASSED

22-10-2024T16:24:37 - [MESSAGE][PASSED] - keyPathPackage.customKeywords.selectRandomSingaporePostCode is PASSED

22-10-2024T16:24:37 - [TEST_STEP][PASSED] - setText(findTestObject("Object Repository/APAC_University/SIM_University/Field_Postcode"), Postcode): Text '868775' is set on object 'Object Repository/APAC_University/SIM_University/Field_Postcode'

22-10-2024T16:24:37 - [MESSAGE][PASSED] - Text '868775' is set on object 'Object Repository/APAC_University/SIM_University/Field_Postcode'

22-10-2024T16:24:37 - [TEST_STEP][PASSED] - waitForElementClickable(findTestObject("Object Repository/APAC_University/SIM_University/Button_Submit"), 10): Object 'Object Repository/APAC_University/SIM_University/Button_Submit' is clickable

22-10-2024T16:24:37 - [MESSAGE][PASSED] - Object 'Object Repository/APAC_University/SIM_University/Button_Submit' is clickable

22-10-2024T16:24:37 - [TEST_STEP][PASSED] - click(findTestObject("Object Repository/APAC_University/SIM_University/Button_Submit")): Object: 'Object Repository/APAC_University/SIM_University/Button_Submit' is clicked on

22-10-2024T16:24:38 - [MESSAGE][PASSED] - Object: 'Object Repository/APAC_University/SIM_University/Button_Submit' is clicked on

22-10-2024T16:24:38 - [MESSAGE][PASSED] - Call Test Case 'Test Cases/APAC_Universities/SEO_PAGES/SIM_University/Resuable_Testcases/Lead_Form' successfully

22-10-2024T16:24:38 - [TEST_STEP][PASSED] - closeBrowser(): Browser is closed

22-10-2024T16:24:38 - [MESSAGE][PASSED] - Browser is closed]]></system-out>
         <system-err><![CDATA[]]></system-err>
      </testcase>
      <system-out><![CDATA[22-10-2024T16:11:27 - [TEST_SUITE][FAILED] - Keypath_Testsuite_APAC_SEO: Test Cases/APAC_Universities/SEO_PAGES/University_of_Canberra/Enquiry_Form FAILED.
Reason:
com.kms.katalon.core.exception.StepFailedException: Unable to click on object 'Object Repository/APAC_University/University_of_Canberra/Button_Enquiry_Now'
	at com.kms.katalon.core.webui.keyword.internal.WebUIKeywordMain.stepFailed(WebUIKeywordMain.groovy:64)
	at com.kms.katalon.core.webui.keyword.internal.WebUIKeywordMain.runKeyword(WebUIKeywordMain.groovy:26)
	at com.kms.katalon.core.webui.keyword.builtin.ClickKeyword.click(ClickKeyword.groovy:74)
	at com.kms.katalon.core.webui.keyword.builtin.ClickKeyword.execute(ClickKeyword.groovy:40)
	at com.kms.katalon.core.keyword.internal.KeywordExecutor.executeKeywordForPlatform(KeywordExecutor.groovy:74)
	at com.kms.katalon.core.webui.keyword.WebUiBuiltInKeywords.click(WebUiBuiltInKeywords.groovy:659)
	at Enquiry_Form.run(Enquiry_Form:28)
	at com.kms.katalon.core.main.ScriptEngine.run(ScriptEngine.java:194)
	at com.kms.katalon.core.main.ScriptEngine.runScriptAsRawText(ScriptEngine.java:119)
	at com.kms.katalon.core.main.TestCaseExecutor.runScript(TestCaseExecutor.java:448)
	at com.kms.katalon.core.main.TestCaseExecutor.doExecute(TestCaseExecutor.java:439)
	at com.kms.katalon.core.main.TestCaseExecutor.processExecutionPhase(TestCaseExecutor.java:418)
	at com.kms.katalon.core.main.TestCaseExecutor.accessMainPhase(TestCaseExecutor.java:410)
	at com.kms.katalon.core.main.TestCaseExecutor.execute(TestCaseExecutor.java:285)
	at com.kms.katalon.core.common.CommonExecutor.accessTestCaseMainPhase(CommonExecutor.java:65)
	at com.kms.katalon.core.main.TestSuiteExecutor.accessTestSuiteMainPhase(TestSuiteExecutor.java:150)
	at com.kms.katalon.core.main.TestSuiteExecutor.execute(TestSuiteExecutor.java:106)
	at com.kms.katalon.core.main.TestCaseMain.startTestSuite(TestCaseMain.java:180)
	at TempTestSuite1729573882564.run(TempTestSuite1729573882564.groovy:35)
	at java.base/jdk.internal.reflect.NativeMethodAccessorImpl.invoke0(Native Method)
	at java.base/jdk.internal.reflect.NativeMethodAccessorImpl.invoke(NativeMethodAccessorImpl.java:77)
	at java.base/jdk.internal.reflect.DelegatingMethodAccessorImpl.invoke(DelegatingMethodAccessorImpl.java:43)
Caused by: com.kms.katalon.core.webui.exception.WebElementNotFoundException: Web element with id: 'Object Repository/APAC_University/University_of_Canberra/Button_Enquiry_Now' located by '//*[@class="openenquire buttonsecondary sf-depth-1 nolink"]' not found
	at com.kms.katalon.core.webui.common.WebUiCommonHelper.findWebElement(WebUiCommonHelper.java:1426)
	at com.kms.katalon.core.webui.keyword.internal.WebUIAbstractKeyword.findWebElement(WebUIAbstractKeyword.groovy:27)
	at com.kms.katalon.core.webui.keyword.builtin.ClickKeyword$_click_closure1.doCall(ClickKeyword.groovy:65)
	at com.kms.katalon.core.webui.keyword.builtin.ClickKeyword$_click_closure1.call(ClickKeyword.groovy)
	at com.kms.katalon.core.webui.keyword.internal.WebUIKeywordMain.runKeyword(WebUIKeywordMain.groovy:20)
	... 20 more]]></system-out>
      <system-err><![CDATA[22-10-2024T16:11:27 - [TEST_SUITE][FAILED] - Keypath_Testsuite_APAC_SEO: Test Cases/APAC_Universities/SEO_PAGES/University_of_Canberra/Enquiry_Form FAILED.
Reason:
com.kms.katalon.core.exception.StepFailedException: Unable to click on object 'Object Repository/APAC_University/University_of_Canberra/Button_Enquiry_Now'
	at com.kms.katalon.core.webui.keyword.internal.WebUIKeywordMain.stepFailed(WebUIKeywordMain.groovy:64)
	at com.kms.katalon.core.webui.keyword.internal.WebUIKeywordMain.runKeyword(WebUIKeywordMain.groovy:26)
	at com.kms.katalon.core.webui.keyword.builtin.ClickKeyword.click(ClickKeyword.groovy:74)
	at com.kms.katalon.core.webui.keyword.builtin.ClickKeyword.execute(ClickKeyword.groovy:40)
	at com.kms.katalon.core.keyword.internal.KeywordExecutor.executeKeywordForPlatform(KeywordExecutor.groovy:74)
	at com.kms.katalon.core.webui.keyword.WebUiBuiltInKeywords.click(WebUiBuiltInKeywords.groovy:659)
	at Enquiry_Form.run(Enquiry_Form:28)
	at com.kms.katalon.core.main.ScriptEngine.run(ScriptEngine.java:194)
	at com.kms.katalon.core.main.ScriptEngine.runScriptAsRawText(ScriptEngine.java:119)
	at com.kms.katalon.core.main.TestCaseExecutor.runScript(TestCaseExecutor.java:448)
	at com.kms.katalon.core.main.TestCaseExecutor.doExecute(TestCaseExecutor.java:439)
	at com.kms.katalon.core.main.TestCaseExecutor.processExecutionPhase(TestCaseExecutor.java:418)
	at com.kms.katalon.core.main.TestCaseExecutor.accessMainPhase(TestCaseExecutor.java:410)
	at com.kms.katalon.core.main.TestCaseExecutor.execute(TestCaseExecutor.java:285)
	at com.kms.katalon.core.common.CommonExecutor.accessTestCaseMainPhase(CommonExecutor.java:65)
	at com.kms.katalon.core.main.TestSuiteExecutor.accessTestSuiteMainPhase(TestSuiteExecutor.java:150)
	at com.kms.katalon.core.main.TestSuiteExecutor.execute(TestSuiteExecutor.java:106)
	at com.kms.katalon.core.main.TestCaseMain.startTestSuite(TestCaseMain.java:180)
	at TempTestSuite1729573882564.run(TempTestSuite1729573882564.groovy:35)
	at java.base/jdk.internal.reflect.NativeMethodAccessorImpl.invoke0(Native Method)
	at java.base/jdk.internal.reflect.NativeMethodAccessorImpl.invoke(NativeMethodAccessorImpl.java:77)
	at java.base/jdk.internal.reflect.DelegatingMethodAccessorImpl.invoke(DelegatingMethodAccessorImpl.java:43)
Caused by: com.kms.katalon.core.webui.exception.WebElementNotFoundException: Web element with id: 'Object Repository/APAC_University/University_of_Canberra/Button_Enquiry_Now' located by '//*[@class="openenquire buttonsecondary sf-depth-1 nolink"]' not found
	at com.kms.katalon.core.webui.common.WebUiCommonHelper.findWebElement(WebUiCommonHelper.java:1426)
	at com.kms.katalon.core.webui.keyword.internal.WebUIAbstractKeyword.findWebElement(WebUIAbstractKeyword.groovy:27)
	at com.kms.katalon.core.webui.keyword.builtin.ClickKeyword$_click_closure1.doCall(ClickKeyword.groovy:65)
	at com.kms.katalon.core.webui.keyword.builtin.ClickKeyword$_click_closure1.call(ClickKeyword.groovy)
	at com.kms.katalon.core.webui.keyword.internal.WebUIKeywordMain.runKeyword(WebUIKeywordMain.groovy:20)
	... 20 more]]></system-err>
   </testsuite>
</testsuites>
