<?xml version="1.0" encoding="UTF-8"?>
<testsuites name="Keypath_Testsuite_APAC_SEO" time="676.248" tests="28" failures="2" errors="2">
   <testsuite name="Keypath_Testsuite_APAC_SEO" tests="28" failures="2" errors="2" time="676.248" skipped="0" timestamp="24-10-2024T13:20:22" hostname="madhansivaraj - 192.168.4.22" id="Test Suites/Keypath_Testsuite_APAC_SEO">
      <properties>
         <property name="deviceName" value=""/>
         <property name="devicePlatform"/>
         <property name="logFolder" value="/Users/madhansivaraj/git/Keypath_Automation_Testing_Mster/Reports/20241024_132018/Keypath_Testsuite_APAC_SEO/20241024_132018"/>
         <property name="logFiles" value="/Users/madhansivaraj/git/Keypath_Automation_Testing_Mster/Reports/20241024_132018/Keypath_Testsuite_APAC_SEO/20241024_132018/execution0.log"/>
         <property name="attachments" value="/Users/madhansivaraj/git/Keypath_Automation_Testing_Mster/Reports/20241024_132018/Keypath_Testsuite_APAC_SEO/20241024_132018/1729736939606.png, /Users/madhansivaraj/git/Keypath_Automation_Testing_Mster/Reports/20241024_132018/Keypath_Testsuite_APAC_SEO/20241024_132018/1729736948501.png"/>
         <property name="hostName" value="madhansivaraj - 192.168.4.22"/>
         <property name="os" value="Mac OS X 64bit"/>
         <property name="katalonVersion" value="9.6.0.217"/>
         <property name="browser" value="Chrome 130.0.0.0"/>
         <property name="hostAddress" value="192.168.4.22"/>
         <property name="sessionId" value="884ddb0bae7f1df5b91acc97aee0bebc"/>
         <property name="seleniumVersion" value="3.141.59"/>
         <property name="proxyInformation" value="ProxyInformation { proxyOption=NO_PROXY, proxyServerType=HTTP, username=, password=********, proxyServerAddress=, proxyServerPort=0, executionList=&quot;&quot;, isApplyToDesiredCapabilities=true }"/>
         <property name="platform" value="Mac OS X"/>
      </properties>
      <testcase name="Test Cases/APAC_Universities/SEO_PAGES/RMIT_University/Enquiry_Form" time="37.305" classname="Test Cases/APAC_Universities/SEO_PAGES/RMIT_University/Enquiry_Form" status="PASSED">
         <system-out><![CDATA[24-10-2024T13:20:23 - [TEST_CASE][PASSED] - Test Cases/APAC_Universities/SEO_PAGES/RMIT_University/Enquiry_Form: Test Cases/APAC_Universities/SEO_PAGES/RMIT_University/Enquiry_Form

24-10-2024T13:20:23 - [TEST_STEP][PASSED] - callTestCase(findTestCase("Test Cases/APAC_Universities/SEO_PAGES/RMIT_University/Reusuable_Testcases/Naviigate_Url"), [:], STOP_ON_FAILURE): Call Test Case 'Test Cases/APAC_Universities/SEO_PAGES/RMIT_University/Reusuable_Testcases/Naviigate_Url' successfully

24-10-2024T13:20:23 - [TEST_CASE][PASSED] - Test Cases/APAC_Universities/SEO_PAGES/RMIT_University/Reusuable_Testcases/Naviigate_Url: Test Cases/APAC_Universities/SEO_PAGES/RMIT_University/Reusuable_Testcases/Naviigate_Url

24-10-2024T13:20:23 - [TEST_STEP][PASSED] - openBrowser(""): Browser is opened with url: ''

24-10-2024T13:20:23 - [MESSAGE][INFO] - Starting 'Chrome' driver

24-10-2024T13:20:23 - [MESSAGE][INFO] - Action delay is set to 0 milliseconds

24-10-2024T13:20:24 - [MESSAGE][PASSED] - Browser is opened with url: ''

24-10-2024T13:20:24 - [TEST_STEP][PASSED] - navigateToUrl(University_RMIT): Navigate to 'https://key:path@dev-rmit-opm.pantheonsite.io' successfully

24-10-2024T13:20:40 - [MESSAGE][PASSED] - Navigate to 'https://key:path@dev-rmit-opm.pantheonsite.io' successfully

24-10-2024T13:20:40 - [TEST_STEP][PASSED] - maximizeWindow(): Current window maximized

24-10-2024T13:20:40 - [MESSAGE][PASSED] - Current window maximized

24-10-2024T13:20:40 - [MESSAGE][PASSED] - Call Test Case 'Test Cases/APAC_Universities/SEO_PAGES/RMIT_University/Reusuable_Testcases/Naviigate_Url' successfully

24-10-2024T13:20:40 - [TEST_STEP][PASSED] - waitForElementClickable(findTestObject("Object Repository/APAC_University/Rmit_University/Enquiry_Now/Button_Enquiry_Now"), 10): Object 'Object Repository/APAC_University/Rmit_University/Enquiry_Now/Button_Enquiry_Now' is clickable

24-10-2024T13:20:40 - [MESSAGE][PASSED] - Object 'Object Repository/APAC_University/Rmit_University/Enquiry_Now/Button_Enquiry_Now' is clickable

24-10-2024T13:20:40 - [TEST_STEP][PASSED] - click(findTestObject("Object Repository/APAC_University/Rmit_University/Enquiry_Now/Button_Enquiry_Now")): Object: 'Object Repository/APAC_University/Rmit_University/Enquiry_Now/Button_Enquiry_Now' is clicked on

24-10-2024T13:20:42 - [MESSAGE][PASSED] - Object: 'Object Repository/APAC_University/Rmit_University/Enquiry_Now/Button_Enquiry_Now' is clicked on

24-10-2024T13:20:42 - [TEST_STEP][PASSED] - program = findTestObject("Object Repository/APAC_University/Rmit_University/Enquiry_Now/Dropdown_Enquiry_Program"): null

24-10-2024T13:20:42 - [TEST_STEP][PASSED] - selectOptionByIndex(program, keyPathPackage.customKeywords.selectRandomOptionFromDropdown()): All options with index in [1] are selected on object 'Object Repository/APAC_University/Rmit_University/Enquiry_Now/Dropdown_Enquiry_Program'

24-10-2024T13:20:42 - [MESSAGE][PASSED] - keyPathPackage.customKeywords.selectRandomOptionFromDropdown is PASSED

24-10-2024T13:20:44 - [MESSAGE][PASSED] - All options with index in [1] are selected on object 'Object Repository/APAC_University/Rmit_University/Enquiry_Now/Dropdown_Enquiry_Program'

24-10-2024T13:20:44 - [TEST_STEP][PASSED] - FirstName = keyPathPackage.customKeywords.generateRandomFirstName(): keyPathPackage.customKeywords.generateRandomFirstName is PASSED

24-10-2024T13:20:44 - [MESSAGE][PASSED] - keyPathPackage.customKeywords.generateRandomFirstName is PASSED

24-10-2024T13:20:44 - [TEST_STEP][PASSED] - setText(findTestObject("Object Repository/APAC_University/Rmit_University/Enquiry_Now/Field_FirstName"), FirstName): Text 'Cristobal' is set on object 'Object Repository/APAC_University/Rmit_University/Enquiry_Now/Field_FirstName'

24-10-2024T13:20:44 - [MESSAGE][PASSED] - Text 'Cristobal' is set on object 'Object Repository/APAC_University/Rmit_University/Enquiry_Now/Field_FirstName'

24-10-2024T13:20:44 - [TEST_STEP][PASSED] - LastName = keyPathPackage.customKeywords.generateRandomLastName(): keyPathPackage.customKeywords.generateRandomLastName is PASSED

24-10-2024T13:20:45 - [MESSAGE][PASSED] - keyPathPackage.customKeywords.generateRandomLastName is PASSED

24-10-2024T13:20:45 - [TEST_STEP][PASSED] - setText(findTestObject("Object Repository/APAC_University/Rmit_University/Enquiry_Now/Field_SecondName"), LastName): Text 'Testing Legros' is set on object 'Object Repository/APAC_University/Rmit_University/Enquiry_Now/Field_SecondName'

24-10-2024T13:20:45 - [MESSAGE][PASSED] - Text 'Testing Legros' is set on object 'Object Repository/APAC_University/Rmit_University/Enquiry_Now/Field_SecondName'

24-10-2024T13:20:45 - [TEST_STEP][PASSED] - waitForElementClickable(findTestObject("Object Repository/APAC_University/Rmit_University/Enquiry_Now/Button_Nextstep2"), 10): Object 'Object Repository/APAC_University/Rmit_University/Enquiry_Now/Button_Nextstep2' is clickable

24-10-2024T13:20:45 - [MESSAGE][PASSED] - Object 'Object Repository/APAC_University/Rmit_University/Enquiry_Now/Button_Nextstep2' is clickable

24-10-2024T13:20:45 - [TEST_STEP][PASSED] - click(findTestObject("Object Repository/APAC_University/Rmit_University/Enquiry_Now/Button_Nextstep2")): Object: 'Object Repository/APAC_University/Rmit_University/Enquiry_Now/Button_Nextstep2' is clicked on

24-10-2024T13:20:46 - [MESSAGE][PASSED] - Object: 'Object Repository/APAC_University/Rmit_University/Enquiry_Now/Button_Nextstep2' is clicked on

24-10-2024T13:20:46 - [TEST_STEP][PASSED] - Phonenumber = keyPathPackage.customKeywords.generateRandomAustralianPhoneNumber(): keyPathPackage.customKeywords.generateRandomAustralianPhoneNumber is PASSED

24-10-2024T13:20:46 - [MESSAGE][PASSED] - keyPathPackage.customKeywords.generateRandomAustralianPhoneNumber is PASSED

24-10-2024T13:20:46 - [TEST_STEP][PASSED] - setText(findTestObject("Object Repository/APAC_University/Rmit_University/Enquiry_Now/Field_Phonenumber"), Phonenumber): Text '0411613212' is set on object 'Object Repository/APAC_University/Rmit_University/Enquiry_Now/Field_Phonenumber'

24-10-2024T13:20:46 - [MESSAGE][PASSED] - Text '0411613212' is set on object 'Object Repository/APAC_University/Rmit_University/Enquiry_Now/Field_Phonenumber'

24-10-2024T13:20:46 - [TEST_STEP][PASSED] - Email = keyPathPackage.customKeywords.generateRandomEmail(): keyPathPackage.customKeywords.generateRandomEmail is PASSED

24-10-2024T13:20:46 - [MESSAGE][PASSED] - keyPathPackage.customKeywords.generateRandomEmail is PASSED

24-10-2024T13:20:46 - [TEST_STEP][PASSED] - setText(findTestObject("Object Repository/APAC_University/Rmit_University/Enquiry_Now/Field_Email"), Email): Text 'wilber.bosco@hotmail.com' is set on object 'Object Repository/APAC_University/Rmit_University/Enquiry_Now/Field_Email'

24-10-2024T13:20:47 - [MESSAGE][PASSED] - Text 'wilber.bosco@hotmail.com' is set on object 'Object Repository/APAC_University/Rmit_University/Enquiry_Now/Field_Email'

24-10-2024T13:20:47 - [TEST_STEP][PASSED] - waitForElementClickable(findTestObject("Object Repository/APAC_University/Rmit_University/Enquiry_Now/Button_Nextstep3"), 10): Object 'Object Repository/APAC_University/Rmit_University/Enquiry_Now/Button_Nextstep3' is clickable

24-10-2024T13:20:47 - [MESSAGE][PASSED] - Object 'Object Repository/APAC_University/Rmit_University/Enquiry_Now/Button_Nextstep3' is clickable

24-10-2024T13:20:47 - [TEST_STEP][PASSED] - click(findTestObject("Object Repository/APAC_University/Rmit_University/Enquiry_Now/Button_Nextstep3")): Object: 'Object Repository/APAC_University/Rmit_University/Enquiry_Now/Button_Nextstep3' is clicked on

24-10-2024T13:20:47 - [MESSAGE][PASSED] - Object: 'Object Repository/APAC_University/Rmit_University/Enquiry_Now/Button_Nextstep3' is clicked on

24-10-2024T13:20:47 - [TEST_STEP][PASSED] - selectOptionByLabel(findTestObject("Object Repository/APAC_University/Rmit_University/Enquiry_Now/Dropdown_Country"), "Australia", false): All options with label 'Australia' are selected in object 'Object Repository/APAC_University/Rmit_University/Enquiry_Now/Dropdown_Country' 

24-10-2024T13:20:48 - [MESSAGE][PASSED] - All options with label 'Australia' are selected in object 'Object Repository/APAC_University/Rmit_University/Enquiry_Now/Dropdown_Country' 

24-10-2024T13:20:48 - [TEST_STEP][PASSED] - delay(3): Delayed 3 second(s)

24-10-2024T13:20:51 - [MESSAGE][PASSED] - Delayed 3 second(s)

24-10-2024T13:20:51 - [TEST_STEP][PASSED] - Postcode = keyPathPackage.customKeywords.selectRandomPostCode(): keyPathPackage.customKeywords.selectRandomPostCode is PASSED

24-10-2024T13:20:51 - [MESSAGE][PASSED] - keyPathPackage.customKeywords.selectRandomPostCode is PASSED

24-10-2024T13:20:51 - [TEST_STEP][PASSED] - setText(findTestObject("Object Repository/APAC_University/Rmit_University/Enquiry_Now/Field_Pincode"), Postcode): Text '4713' is set on object 'Object Repository/APAC_University/Rmit_University/Enquiry_Now/Field_Pincode'

24-10-2024T13:20:52 - [MESSAGE][PASSED] - Text '4713' is set on object 'Object Repository/APAC_University/Rmit_University/Enquiry_Now/Field_Pincode'

24-10-2024T13:20:52 - [TEST_STEP][PASSED] - setText(findTestObject("Object Repository/APAC_University/Rmit_University/Enquiry_Now/Field_Pincode"), Postcode): Text '4713' is set on object 'Object Repository/APAC_University/Rmit_University/Enquiry_Now/Field_Pincode'

24-10-2024T13:20:52 - [MESSAGE][PASSED] - Text '4713' is set on object 'Object Repository/APAC_University/Rmit_University/Enquiry_Now/Field_Pincode'

24-10-2024T13:20:52 - [TEST_STEP][PASSED] - waitForElementClickable(findTestObject("Object Repository/APAC_University/Rmit_University/Enquiry_Now/Button_GetStarted"), 10): Object 'Object Repository/APAC_University/Rmit_University/Enquiry_Now/Button_GetStarted' is clickable

24-10-2024T13:20:52 - [MESSAGE][PASSED] - Object 'Object Repository/APAC_University/Rmit_University/Enquiry_Now/Button_GetStarted' is clickable

24-10-2024T13:20:52 - [TEST_STEP][PASSED] - click(findTestObject("Object Repository/APAC_University/Rmit_University/Enquiry_Now/Button_GetStarted")): Object: 'Object Repository/APAC_University/Rmit_University/Enquiry_Now/Button_GetStarted' is clicked on

24-10-2024T13:20:53 - [MESSAGE][PASSED] - Object: 'Object Repository/APAC_University/Rmit_University/Enquiry_Now/Button_GetStarted' is clicked on

24-10-2024T13:20:53 - [TEST_STEP][PASSED] - delay(5): Delayed 5 second(s)

24-10-2024T13:20:58 - [MESSAGE][PASSED] - Delayed 5 second(s)

24-10-2024T13:20:58 - [TEST_STEP][PASSED] - verifyElementText(findTestObject("Object Repository/APAC_University/Rmit_University/Main_Page/Verify_Message"), "Thank you for enquiring"): Actual text and expected text of test object 'Object Repository/APAC_University/Rmit_University/Main_Page/Verify_Message' are matched.

24-10-2024T13:21:00 - [MESSAGE][PASSED] - Actual text and expected text of test object 'Object Repository/APAC_University/Rmit_University/Main_Page/Verify_Message' are matched.]]></system-out>
         <system-err><![CDATA[]]></system-err>
      </testcase>
      <testcase name="Test Cases/APAC_Universities/SEO_PAGES/RMIT_University/Main_Page" time="17.765" classname="Test Cases/APAC_Universities/SEO_PAGES/RMIT_University/Main_Page" status="PASSED">
         <system-out><![CDATA[24-10-2024T13:21:00 - [TEST_CASE][PASSED] - Test Cases/APAC_Universities/SEO_PAGES/RMIT_University/Main_Page: Test Cases/APAC_Universities/SEO_PAGES/RMIT_University/Main_Page

24-10-2024T13:21:00 - [TEST_STEP][PASSED] - callTestCase(findTestCase("Test Cases/APAC_Universities/SEO_PAGES/RMIT_University/Reusuable_Testcases/Navigate to home page"), [:], STOP_ON_FAILURE): Call Test Case 'Test Cases/APAC_Universities/SEO_PAGES/RMIT_University/Reusuable_Testcases/Navigate to home page' successfully

24-10-2024T13:21:00 - [TEST_CASE][PASSED] - Test Cases/APAC_Universities/SEO_PAGES/RMIT_University/Reusuable_Testcases/Navigate to home page: Test Cases/APAC_Universities/SEO_PAGES/RMIT_University/Reusuable_Testcases/Navigate to home page

24-10-2024T13:21:00 - [TEST_STEP][PASSED] - waitForElementClickable(findTestObject("Object Repository/APAC_University/Rmit_University/Main_Page/Image_Homepage"), 10): Object 'Object Repository/APAC_University/Rmit_University/Main_Page/Image_Homepage' is clickable

24-10-2024T13:21:00 - [MESSAGE][PASSED] - Object 'Object Repository/APAC_University/Rmit_University/Main_Page/Image_Homepage' is clickable

24-10-2024T13:21:00 - [TEST_STEP][PASSED] - click(findTestObject("Object Repository/APAC_University/Rmit_University/Main_Page/Image_Homepage")): Object: 'Object Repository/APAC_University/Rmit_University/Main_Page/Image_Homepage' is clicked on

24-10-2024T13:21:00 - [MESSAGE][PASSED] - Object: 'Object Repository/APAC_University/Rmit_University/Main_Page/Image_Homepage' is clicked on

24-10-2024T13:21:00 - [MESSAGE][PASSED] - Call Test Case 'Test Cases/APAC_Universities/SEO_PAGES/RMIT_University/Reusuable_Testcases/Navigate to home page' successfully

24-10-2024T13:21:00 - [TEST_STEP][PASSED] - callTestCase(findTestCase("Test Cases/APAC_Universities/SEO_PAGES/RMIT_University/Reusuable_Testcases/Lead_Form"), [:], STOP_ON_FAILURE): Call Test Case 'Test Cases/APAC_Universities/SEO_PAGES/RMIT_University/Reusuable_Testcases/Lead_Form' successfully

24-10-2024T13:21:01 - [TEST_CASE][PASSED] - Test Cases/APAC_Universities/SEO_PAGES/RMIT_University/Reusuable_Testcases/Lead_Form: Test Cases/APAC_Universities/SEO_PAGES/RMIT_University/Reusuable_Testcases/Lead_Form

24-10-2024T13:21:01 - [TEST_STEP][PASSED] - program = findTestObject("Object Repository/APAC_University/Rmit_University/Main_Page/Dropdown_Program"): null

24-10-2024T13:21:01 - [TEST_STEP][PASSED] - selectOptionByIndex(program, keyPathPackage.customKeywords.selectRandomOptionFromDropdown()): All options with index in [1] are selected on object 'Object Repository/APAC_University/Rmit_University/Main_Page/Dropdown_Program'

24-10-2024T13:21:01 - [MESSAGE][PASSED] - keyPathPackage.customKeywords.selectRandomOptionFromDropdown is PASSED

24-10-2024T13:21:04 - [MESSAGE][PASSED] - All options with index in [1] are selected on object 'Object Repository/APAC_University/Rmit_University/Main_Page/Dropdown_Program'

24-10-2024T13:21:04 - [TEST_STEP][PASSED] - FirstName = keyPathPackage.customKeywords.generateRandomFirstName(): keyPathPackage.customKeywords.generateRandomFirstName is PASSED

24-10-2024T13:21:04 - [MESSAGE][PASSED] - keyPathPackage.customKeywords.generateRandomFirstName is PASSED

24-10-2024T13:21:04 - [TEST_STEP][PASSED] - setText(findTestObject("Object Repository/APAC_University/Rmit_University/Main_Page/Field_FirstName"), FirstName): Text 'Quincy' is set on object 'Object Repository/APAC_University/Rmit_University/Main_Page/Field_FirstName'

24-10-2024T13:21:04 - [MESSAGE][PASSED] - Text 'Quincy' is set on object 'Object Repository/APAC_University/Rmit_University/Main_Page/Field_FirstName'

24-10-2024T13:21:04 - [TEST_STEP][PASSED] - LastName = keyPathPackage.customKeywords.generateRandomLastName(): keyPathPackage.customKeywords.generateRandomLastName is PASSED

24-10-2024T13:21:04 - [MESSAGE][PASSED] - keyPathPackage.customKeywords.generateRandomLastName is PASSED

24-10-2024T13:21:04 - [TEST_STEP][PASSED] - setText(findTestObject("Object Repository/APAC_University/Rmit_University/Main_Page/Field_LastName"), LastName): Text 'Testing Trantow' is set on object 'Object Repository/APAC_University/Rmit_University/Main_Page/Field_LastName'

24-10-2024T13:21:05 - [MESSAGE][PASSED] - Text 'Testing Trantow' is set on object 'Object Repository/APAC_University/Rmit_University/Main_Page/Field_LastName'

24-10-2024T13:21:05 - [TEST_STEP][PASSED] - waitForElementClickable(findTestObject("Object Repository/APAC_University/Rmit_University/Main_Page/Button_Nextstep2"), 10): Object 'Object Repository/APAC_University/Rmit_University/Main_Page/Button_Nextstep2' is clickable

24-10-2024T13:21:05 - [MESSAGE][PASSED] - Object 'Object Repository/APAC_University/Rmit_University/Main_Page/Button_Nextstep2' is clickable

24-10-2024T13:21:05 - [TEST_STEP][PASSED] - click(findTestObject("Object Repository/APAC_University/Rmit_University/Main_Page/Button_Nextstep2")): Object: 'Object Repository/APAC_University/Rmit_University/Main_Page/Button_Nextstep2' is clicked on

24-10-2024T13:21:05 - [MESSAGE][PASSED] - Object: 'Object Repository/APAC_University/Rmit_University/Main_Page/Button_Nextstep2' is clicked on

24-10-2024T13:21:05 - [TEST_STEP][PASSED] - startdate = findTestObject("Object Repository/APAC_University/Rmit_University/Main_Page/Dropdown_Enquiry_StartDate"): null

24-10-2024T13:21:05 - [TEST_STEP][PASSED] - selectOptionByIndex(startdate, keyPathPackage.customKeywords.selectRandomOptionFromDropdown()): All options with index in [1] are selected on object 'Object Repository/APAC_University/Rmit_University/Main_Page/Dropdown_Enquiry_StartDate'

24-10-2024T13:21:05 - [MESSAGE][PASSED] - keyPathPackage.customKeywords.selectRandomOptionFromDropdown is PASSED

24-10-2024T13:21:06 - [MESSAGE][PASSED] - All options with index in [1] are selected on object 'Object Repository/APAC_University/Rmit_University/Main_Page/Dropdown_Enquiry_StartDate'

24-10-2024T13:21:06 - [TEST_STEP][PASSED] - Enquiryreason = findTestObject("Object Repository/APAC_University/Rmit_University/Main_Page/Dropdown_EnquiryReason"): null

24-10-2024T13:21:06 - [TEST_STEP][PASSED] - selectOptionByIndex(Enquiryreason, keyPathPackage.customKeywords.selectRandomOptionFromDropdown()): All options with index in [2] are selected on object 'Object Repository/APAC_University/Rmit_University/Main_Page/Dropdown_EnquiryReason'

24-10-2024T13:21:06 - [MESSAGE][PASSED] - keyPathPackage.customKeywords.selectRandomOptionFromDropdown is PASSED

24-10-2024T13:21:07 - [MESSAGE][PASSED] - All options with index in [2] are selected on object 'Object Repository/APAC_University/Rmit_University/Main_Page/Dropdown_EnquiryReason'

24-10-2024T13:21:07 - [TEST_STEP][PASSED] - selectOptionByValue(findTestObject("Object Repository/APAC_University/Rmit_University/Main_Page/Dropdown_Enquiry_Leveleducation"), Education_Level, false): All options with value 'Postgraduate diploma' are selected in object 'Object Repository/APAC_University/Rmit_University/Main_Page/Dropdown_Enquiry_Leveleducation' 

24-10-2024T13:21:08 - [MESSAGE][PASSED] - All options with value 'Postgraduate diploma' are selected in object 'Object Repository/APAC_University/Rmit_University/Main_Page/Dropdown_Enquiry_Leveleducation' 

24-10-2024T13:21:08 - [TEST_STEP][PASSED] - Workexperience = findTestObject("Object Repository/APAC_University/Rmit_University/Main_Page/Field_Enquiry_Workexperience"): null

24-10-2024T13:21:08 - [TEST_STEP][PASSED] - selectOptionByIndex(Workexperience, keyPathPackage.customKeywords.selectRandomOptionFromDropdown()): All options with index in [1] are selected on object 'Object Repository/APAC_University/Rmit_University/Main_Page/Field_Enquiry_Workexperience'

24-10-2024T13:21:08 - [MESSAGE][PASSED] - keyPathPackage.customKeywords.selectRandomOptionFromDropdown is PASSED

24-10-2024T13:21:08 - [MESSAGE][PASSED] - All options with index in [1] are selected on object 'Object Repository/APAC_University/Rmit_University/Main_Page/Field_Enquiry_Workexperience'

24-10-2024T13:21:08 - [TEST_STEP][PASSED] - waitForElementClickable(findTestObject("Object Repository/APAC_University/Rmit_University/Main_Page/Button_Nextstep3"), 10): Object 'Object Repository/APAC_University/Rmit_University/Main_Page/Button_Nextstep3' is clickable

24-10-2024T13:21:08 - [MESSAGE][PASSED] - Object 'Object Repository/APAC_University/Rmit_University/Main_Page/Button_Nextstep3' is clickable

24-10-2024T13:21:08 - [TEST_STEP][PASSED] - click(findTestObject("Object Repository/APAC_University/Rmit_University/Main_Page/Button_Nextstep3")): Object: 'Object Repository/APAC_University/Rmit_University/Main_Page/Button_Nextstep3' is clicked on

24-10-2024T13:21:09 - [MESSAGE][PASSED] - Object: 'Object Repository/APAC_University/Rmit_University/Main_Page/Button_Nextstep3' is clicked on

24-10-2024T13:21:09 - [TEST_STEP][PASSED] - Phonenumber = keyPathPackage.customKeywords.generateRandomAustralianPhoneNumber(): keyPathPackage.customKeywords.generateRandomAustralianPhoneNumber is PASSED

24-10-2024T13:21:09 - [MESSAGE][PASSED] - keyPathPackage.customKeywords.generateRandomAustralianPhoneNumber is PASSED

24-10-2024T13:21:09 - [TEST_STEP][PASSED] - setText(findTestObject("Object Repository/APAC_University/Rmit_University/Main_Page/Field_Phonenumber"), Phonenumber): Text '0439751689' is set on object 'Object Repository/APAC_University/Rmit_University/Main_Page/Field_Phonenumber'

24-10-2024T13:21:09 - [MESSAGE][PASSED] - Text '0439751689' is set on object 'Object Repository/APAC_University/Rmit_University/Main_Page/Field_Phonenumber'

24-10-2024T13:21:09 - [TEST_STEP][PASSED] - Email = keyPathPackage.customKeywords.generateRandomEmail(): keyPathPackage.customKeywords.generateRandomEmail is PASSED

24-10-2024T13:21:10 - [MESSAGE][PASSED] - keyPathPackage.customKeywords.generateRandomEmail is PASSED

24-10-2024T13:21:10 - [TEST_STEP][PASSED] - setText(findTestObject("Object Repository/APAC_University/Rmit_University/Main_Page/Field_Email"), Email): Text 'nathanial.smith@gmail.com' is set on object 'Object Repository/APAC_University/Rmit_University/Main_Page/Field_Email'

24-10-2024T13:21:10 - [MESSAGE][PASSED] - Text 'nathanial.smith@gmail.com' is set on object 'Object Repository/APAC_University/Rmit_University/Main_Page/Field_Email'

24-10-2024T13:21:10 - [TEST_STEP][PASSED] - selectOptionByLabel(findTestObject("Object Repository/APAC_University/Rmit_University/Main_Page/Dropdown_Country"), "Australia", false): All options with label 'Australia' are selected in object 'Object Repository/APAC_University/Rmit_University/Main_Page/Dropdown_Country' 

24-10-2024T13:21:11 - [MESSAGE][PASSED] - All options with label 'Australia' are selected in object 'Object Repository/APAC_University/Rmit_University/Main_Page/Dropdown_Country' 

24-10-2024T13:21:11 - [TEST_STEP][PASSED] - Postcode = keyPathPackage.customKeywords.selectRandomPostCode(): keyPathPackage.customKeywords.selectRandomPostCode is PASSED

24-10-2024T13:21:11 - [MESSAGE][PASSED] - keyPathPackage.customKeywords.selectRandomPostCode is PASSED

24-10-2024T13:21:11 - [TEST_STEP][PASSED] - setText(findTestObject("Object Repository/APAC_University/Rmit_University/Main_Page/Dropdown_Zipcode"), Postcode): Text '9876' is set on object 'Object Repository/APAC_University/Rmit_University/Main_Page/Dropdown_Zipcode'

24-10-2024T13:21:11 - [MESSAGE][PASSED] - Text '9876' is set on object 'Object Repository/APAC_University/Rmit_University/Main_Page/Dropdown_Zipcode'

24-10-2024T13:21:11 - [TEST_STEP][PASSED] - setText(findTestObject("Object Repository/APAC_University/Rmit_University/Main_Page/Dropdown_Zipcode"), Postcode): Text '9876' is set on object 'Object Repository/APAC_University/Rmit_University/Main_Page/Dropdown_Zipcode'

24-10-2024T13:21:12 - [MESSAGE][PASSED] - Text '9876' is set on object 'Object Repository/APAC_University/Rmit_University/Main_Page/Dropdown_Zipcode'

24-10-2024T13:21:12 - [TEST_STEP][PASSED] - waitForElementClickable(findTestObject("Object Repository/APAC_University/Rmit_University/Main_Page/Button_Download"), 10): Object 'Object Repository/APAC_University/Rmit_University/Main_Page/Button_Download' is clickable

24-10-2024T13:21:12 - [MESSAGE][PASSED] - Object 'Object Repository/APAC_University/Rmit_University/Main_Page/Button_Download' is clickable

24-10-2024T13:21:12 - [TEST_STEP][PASSED] - click(findTestObject("Object Repository/APAC_University/Rmit_University/Main_Page/Button_Download")): Object: 'Object Repository/APAC_University/Rmit_University/Main_Page/Button_Download' is clicked on

24-10-2024T13:21:12 - [MESSAGE][PASSED] - Object: 'Object Repository/APAC_University/Rmit_University/Main_Page/Button_Download' is clicked on

24-10-2024T13:21:12 - [TEST_STEP][PASSED] - delay(5): Delayed 5 second(s)

24-10-2024T13:21:17 - [MESSAGE][PASSED] - Delayed 5 second(s)

24-10-2024T13:21:17 - [TEST_STEP][PASSED] - verifyElementText(findTestObject("Object Repository/APAC_University/Rmit_University/Main_Page/Verify_Message"), "Thank you for enquiring"): Actual text and expected text of test object 'Object Repository/APAC_University/Rmit_University/Main_Page/Verify_Message' are matched.

24-10-2024T13:21:17 - [MESSAGE][PASSED] - Actual text and expected text of test object 'Object Repository/APAC_University/Rmit_University/Main_Page/Verify_Message' are matched.

24-10-2024T13:21:17 - [MESSAGE][PASSED] - Call Test Case 'Test Cases/APAC_Universities/SEO_PAGES/RMIT_University/Reusuable_Testcases/Lead_Form' successfully

24-10-2024T13:21:17 - [TEST_STEP][PASSED] - closeBrowser(): Browser is closed

24-10-2024T13:21:18 - [MESSAGE][PASSED] - Browser is closed]]></system-out>
         <system-err><![CDATA[]]></system-err>
      </testcase>
      <testcase name="Test Cases/APAC_Universities/SEO_PAGES/Deakin_University/Enquiry_Now" time="31.334" classname="Test Cases/APAC_Universities/SEO_PAGES/Deakin_University/Enquiry_Now" status="PASSED">
         <system-out><![CDATA[24-10-2024T13:21:18 - [TEST_CASE][PASSED] - Test Cases/APAC_Universities/SEO_PAGES/Deakin_University/Enquiry_Now: Test Cases/APAC_Universities/SEO_PAGES/Deakin_University/Enquiry_Now

24-10-2024T13:21:18 - [TEST_STEP][PASSED] - callTestCase(findTestCase("Test Cases/APAC_Universities/SEO_PAGES/Deakin_University/Resuable_Testcases/Navigate_URL"), [:], STOP_ON_FAILURE): Call Test Case 'Test Cases/APAC_Universities/SEO_PAGES/Deakin_University/Resuable_Testcases/Navigate_URL' successfully

24-10-2024T13:21:18 - [TEST_CASE][PASSED] - Test Cases/APAC_Universities/SEO_PAGES/Deakin_University/Resuable_Testcases/Navigate_URL: Test Cases/APAC_Universities/SEO_PAGES/Deakin_University/Resuable_Testcases/Navigate_URL

24-10-2024T13:21:18 - [TEST_STEP][PASSED] - openBrowser(""): Browser is opened with url: ''

24-10-2024T13:21:18 - [MESSAGE][INFO] - Starting 'Chrome' driver

24-10-2024T13:21:18 - [MESSAGE][INFO] - Action delay is set to 0 milliseconds

24-10-2024T13:21:18 - [MESSAGE][PASSED] - Browser is opened with url: ''

24-10-2024T13:21:18 - [TEST_STEP][PASSED] - navigateToUrl(University_Deakin_URL): Navigate to 'https://key:path@dev-du-opm.pantheonsite.io/' successfully

24-10-2024T13:21:36 - [MESSAGE][PASSED] - Navigate to 'https://key:path@dev-du-opm.pantheonsite.io/' successfully

24-10-2024T13:21:36 - [TEST_STEP][PASSED] - maximizeWindow(): Current window maximized

24-10-2024T13:21:38 - [MESSAGE][PASSED] - Current window maximized

24-10-2024T13:21:38 - [MESSAGE][PASSED] - Call Test Case 'Test Cases/APAC_Universities/SEO_PAGES/Deakin_University/Resuable_Testcases/Navigate_URL' successfully

24-10-2024T13:21:38 - [TEST_STEP][PASSED] - waitForElementClickable(findTestObject("Object Repository/APAC_University/Deakin_University/Button_Enquiry_Now"), 10): Object 'Object Repository/APAC_University/Deakin_University/Button_Enquiry_Now' is clickable

24-10-2024T13:21:38 - [MESSAGE][PASSED] - Object 'Object Repository/APAC_University/Deakin_University/Button_Enquiry_Now' is clickable

24-10-2024T13:21:38 - [TEST_STEP][PASSED] - click(findTestObject("Object Repository/APAC_University/Deakin_University/Button_Enquiry_Now")): Object: 'Object Repository/APAC_University/Deakin_University/Button_Enquiry_Now' is clicked on

24-10-2024T13:21:39 - [MESSAGE][PASSED] - Object: 'Object Repository/APAC_University/Deakin_University/Button_Enquiry_Now' is clicked on

24-10-2024T13:21:39 - [TEST_STEP][PASSED] - program = findTestObject("Object Repository/APAC_University/Deakin_University/Dropdown_Program"): null

24-10-2024T13:21:39 - [TEST_STEP][PASSED] - selectOptionByIndex(program, keyPathPackage.customKeywords.selectRandomOptionFromDropdown()): All options with index in [1] are selected on object 'Object Repository/APAC_University/Deakin_University/Dropdown_Program'

24-10-2024T13:21:39 - [MESSAGE][PASSED] - keyPathPackage.customKeywords.selectRandomOptionFromDropdown is PASSED

24-10-2024T13:21:42 - [MESSAGE][PASSED] - All options with index in [1] are selected on object 'Object Repository/APAC_University/Deakin_University/Dropdown_Program'

24-10-2024T13:21:42 - [TEST_STEP][PASSED] - FirstName = keyPathPackage.customKeywords.generateRandomFirstName(): keyPathPackage.customKeywords.generateRandomFirstName is PASSED

24-10-2024T13:21:42 - [MESSAGE][PASSED] - keyPathPackage.customKeywords.generateRandomFirstName is PASSED

24-10-2024T13:21:42 - [TEST_STEP][PASSED] - setText(findTestObject("Object Repository/APAC_University/Deakin_University/Field_Firstname"), FirstName): Text 'Spring' is set on object 'Object Repository/APAC_University/Deakin_University/Field_Firstname'

24-10-2024T13:21:42 - [MESSAGE][PASSED] - Text 'Spring' is set on object 'Object Repository/APAC_University/Deakin_University/Field_Firstname'

24-10-2024T13:21:42 - [TEST_STEP][PASSED] - LastName = keyPathPackage.customKeywords.generateRandomLastName(): keyPathPackage.customKeywords.generateRandomLastName is PASSED

24-10-2024T13:21:42 - [MESSAGE][PASSED] - keyPathPackage.customKeywords.generateRandomLastName is PASSED

24-10-2024T13:21:42 - [TEST_STEP][PASSED] - setText(findTestObject("Object Repository/APAC_University/Deakin_University/Field_Lastname"), LastName): Text 'Testing DuBuque' is set on object 'Object Repository/APAC_University/Deakin_University/Field_Lastname'

24-10-2024T13:21:43 - [MESSAGE][PASSED] - Text 'Testing DuBuque' is set on object 'Object Repository/APAC_University/Deakin_University/Field_Lastname'

24-10-2024T13:21:43 - [TEST_STEP][PASSED] - Email = keyPathPackage.customKeywords.generateRandomEmail(): keyPathPackage.customKeywords.generateRandomEmail is PASSED

24-10-2024T13:21:43 - [MESSAGE][PASSED] - keyPathPackage.customKeywords.generateRandomEmail is PASSED

24-10-2024T13:21:43 - [TEST_STEP][PASSED] - setText(findTestObject("Object Repository/APAC_University/Deakin_University/Field_Email"), Email): Text 'edie.koch@gmail.com' is set on object 'Object Repository/APAC_University/Deakin_University/Field_Email'

24-10-2024T13:21:43 - [MESSAGE][PASSED] - Text 'edie.koch@gmail.com' is set on object 'Object Repository/APAC_University/Deakin_University/Field_Email'

24-10-2024T13:21:43 - [TEST_STEP][PASSED] - Phonenumber = keyPathPackage.customKeywords.generateRandomAustralianPhoneNumber(): keyPathPackage.customKeywords.generateRandomAustralianPhoneNumber is PASSED

24-10-2024T13:21:43 - [MESSAGE][PASSED] - keyPathPackage.customKeywords.generateRandomAustralianPhoneNumber is PASSED

24-10-2024T13:21:43 - [TEST_STEP][PASSED] - setText(findTestObject("Object Repository/APAC_University/Deakin_University/Field_Phonenumber"), Phonenumber): Text '0480885201' is set on object 'Object Repository/APAC_University/Deakin_University/Field_Phonenumber'

24-10-2024T13:21:44 - [MESSAGE][PASSED] - Text '0480885201' is set on object 'Object Repository/APAC_University/Deakin_University/Field_Phonenumber'

24-10-2024T13:21:44 - [TEST_STEP][PASSED] - startdate = findTestObject("Object Repository/APAC_University/Deakin_University/Dropdown_Startdate"): null

24-10-2024T13:21:44 - [TEST_STEP][PASSED] - selectOptionByIndex(startdate, keyPathPackage.customKeywords.selectRandomOptionFromDropdown()): All options with index in [1] are selected on object 'Object Repository/APAC_University/Deakin_University/Dropdown_Startdate'

24-10-2024T13:21:44 - [MESSAGE][PASSED] - keyPathPackage.customKeywords.selectRandomOptionFromDropdown is PASSED

24-10-2024T13:21:45 - [MESSAGE][PASSED] - All options with index in [1] are selected on object 'Object Repository/APAC_University/Deakin_University/Dropdown_Startdate'

24-10-2024T13:21:45 - [TEST_STEP][PASSED] - selectOptionByValue(findTestObject("Object Repository/APAC_University/Deakin_University/Dropdown_Highereducation"), Education_Level, false): All options with value 'Postgraduate diploma' are selected in object 'Object Repository/APAC_University/Deakin_University/Dropdown_Highereducation' 

24-10-2024T13:21:45 - [MESSAGE][PASSED] - All options with value 'Postgraduate diploma' are selected in object 'Object Repository/APAC_University/Deakin_University/Dropdown_Highereducation' 

24-10-2024T13:21:45 - [TEST_STEP][PASSED] - Workexperience = findTestObject("Object Repository/APAC_University/Deakin_University/Dropdown_Workexperience"): null

24-10-2024T13:21:45 - [TEST_STEP][PASSED] - selectOptionByIndex(Workexperience, keyPathPackage.customKeywords.selectRandomOptionFromDropdown()): All options with index in [1] are selected on object 'Object Repository/APAC_University/Deakin_University/Dropdown_Workexperience'

24-10-2024T13:21:45 - [MESSAGE][PASSED] - keyPathPackage.customKeywords.selectRandomOptionFromDropdown is PASSED

24-10-2024T13:21:46 - [MESSAGE][PASSED] - All options with index in [1] are selected on object 'Object Repository/APAC_University/Deakin_University/Dropdown_Workexperience'

24-10-2024T13:21:46 - [TEST_STEP][PASSED] - Enquiryreason = findTestObject("Object Repository/APAC_University/Deakin_University/Dropdown_Enquiry"): null

24-10-2024T13:21:46 - [TEST_STEP][PASSED] - selectOptionByIndex(Enquiryreason, keyPathPackage.customKeywords.selectRandomOptionFromDropdown()): All options with index in [2] are selected on object 'Object Repository/APAC_University/Deakin_University/Dropdown_Enquiry'

24-10-2024T13:21:46 - [MESSAGE][PASSED] - keyPathPackage.customKeywords.selectRandomOptionFromDropdown is PASSED

24-10-2024T13:21:47 - [MESSAGE][PASSED] - All options with index in [2] are selected on object 'Object Repository/APAC_University/Deakin_University/Dropdown_Enquiry'

24-10-2024T13:21:47 - [TEST_STEP][PASSED] - selectOptionByLabel(findTestObject("Object Repository/APAC_University/Deakin_University/Dropdown_Country"), "Australia", false): All options with label 'Australia' are selected in object 'Object Repository/APAC_University/Deakin_University/Dropdown_Country' 

24-10-2024T13:21:47 - [MESSAGE][PASSED] - All options with label 'Australia' are selected in object 'Object Repository/APAC_University/Deakin_University/Dropdown_Country' 

24-10-2024T13:21:47 - [TEST_STEP][PASSED] - Postcode = keyPathPackage.customKeywords.selectRandomPostCode(): keyPathPackage.customKeywords.selectRandomPostCode is PASSED

24-10-2024T13:21:47 - [MESSAGE][PASSED] - keyPathPackage.customKeywords.selectRandomPostCode is PASSED

24-10-2024T13:21:47 - [TEST_STEP][PASSED] - setText(findTestObject("Object Repository/APAC_University/Deakin_University/Field_Postcode"), Postcode): Text '2946' is set on object 'Object Repository/APAC_University/Deakin_University/Field_Postcode'

24-10-2024T13:21:48 - [MESSAGE][PASSED] - Text '2946' is set on object 'Object Repository/APAC_University/Deakin_University/Field_Postcode'

24-10-2024T13:21:48 - [TEST_STEP][PASSED] - setText(findTestObject("Object Repository/APAC_University/Deakin_University/Field_Postcode"), Postcode): Text '2946' is set on object 'Object Repository/APAC_University/Deakin_University/Field_Postcode'

24-10-2024T13:21:48 - [MESSAGE][PASSED] - Text '2946' is set on object 'Object Repository/APAC_University/Deakin_University/Field_Postcode'

24-10-2024T13:21:48 - [TEST_STEP][PASSED] - waitForElementClickable(findTestObject("Object Repository/APAC_University/Deakin_University/Button_Submit"), 10): Object 'Object Repository/APAC_University/Deakin_University/Button_Submit' is clickable

24-10-2024T13:21:49 - [MESSAGE][PASSED] - Object 'Object Repository/APAC_University/Deakin_University/Button_Submit' is clickable

24-10-2024T13:21:49 - [TEST_STEP][PASSED] - click(findTestObject("Object Repository/APAC_University/Deakin_University/Button_Submit")): Object: 'Object Repository/APAC_University/Deakin_University/Button_Submit' is clicked on

24-10-2024T13:21:49 - [MESSAGE][PASSED] - Object: 'Object Repository/APAC_University/Deakin_University/Button_Submit' is clicked on]]></system-out>
         <system-err><![CDATA[]]></system-err>
      </testcase>
      <testcase name="Test Cases/APAC_Universities/SEO_PAGES/Deakin_University/Main_page" time="19.024" classname="Test Cases/APAC_Universities/SEO_PAGES/Deakin_University/Main_page" status="PASSED">
         <system-out><![CDATA[24-10-2024T13:21:49 - [TEST_CASE][PASSED] - Test Cases/APAC_Universities/SEO_PAGES/Deakin_University/Main_page: Test Cases/APAC_Universities/SEO_PAGES/Deakin_University/Main_page

24-10-2024T13:21:49 - [TEST_STEP][PASSED] - callTestCase(findTestCase("Test Cases/APAC_Universities/SEO_PAGES/Deakin_University/Resuable_Testcases/Navigate_HomePage"), [:], STOP_ON_FAILURE): Call Test Case 'Test Cases/APAC_Universities/SEO_PAGES/Deakin_University/Resuable_Testcases/Navigate_HomePage' successfully

24-10-2024T13:21:49 - [TEST_CASE][PASSED] - Test Cases/APAC_Universities/SEO_PAGES/Deakin_University/Resuable_Testcases/Navigate_HomePage: Test Cases/APAC_Universities/SEO_PAGES/Deakin_University/Resuable_Testcases/Navigate_HomePage

24-10-2024T13:21:49 - [TEST_STEP][PASSED] - waitForElementClickable(findTestObject("Object Repository/APAC_University/Deakin_University/Image_Homepage"), 10): Object 'Object Repository/APAC_University/Deakin_University/Image_Homepage' is clickable

24-10-2024T13:21:51 - [MESSAGE][PASSED] - Object 'Object Repository/APAC_University/Deakin_University/Image_Homepage' is clickable

24-10-2024T13:21:51 - [TEST_STEP][PASSED] - click(findTestObject("Object Repository/APAC_University/Deakin_University/Image_Homepage")): Object: 'Object Repository/APAC_University/Deakin_University/Image_Homepage' is clicked on

24-10-2024T13:21:53 - [MESSAGE][PASSED] - Object: 'Object Repository/APAC_University/Deakin_University/Image_Homepage' is clicked on

24-10-2024T13:21:53 - [MESSAGE][PASSED] - Call Test Case 'Test Cases/APAC_Universities/SEO_PAGES/Deakin_University/Resuable_Testcases/Navigate_HomePage' successfully

24-10-2024T13:21:53 - [TEST_STEP][PASSED] - program = findTestObject("Object Repository/APAC_University/Deakin_University/Dropdown_Program"): null

24-10-2024T13:21:53 - [TEST_STEP][PASSED] - selectOptionByIndex(program, keyPathPackage.customKeywords.selectRandomOptionFromDropdown()): All options with index in [1] are selected on object 'Object Repository/APAC_University/Deakin_University/Dropdown_Program'

24-10-2024T13:21:53 - [MESSAGE][PASSED] - keyPathPackage.customKeywords.selectRandomOptionFromDropdown is PASSED

24-10-2024T13:21:54 - [MESSAGE][PASSED] - All options with index in [1] are selected on object 'Object Repository/APAC_University/Deakin_University/Dropdown_Program'

24-10-2024T13:21:54 - [TEST_STEP][PASSED] - FirstName = keyPathPackage.customKeywords.generateRandomFirstName(): keyPathPackage.customKeywords.generateRandomFirstName is PASSED

24-10-2024T13:21:54 - [MESSAGE][PASSED] - keyPathPackage.customKeywords.generateRandomFirstName is PASSED

24-10-2024T13:21:54 - [TEST_STEP][PASSED] - setText(findTestObject("Object Repository/APAC_University/Deakin_University/Field_Firstname"), FirstName): Text 'Kirk' is set on object 'Object Repository/APAC_University/Deakin_University/Field_Firstname'

24-10-2024T13:21:55 - [MESSAGE][PASSED] - Text 'Kirk' is set on object 'Object Repository/APAC_University/Deakin_University/Field_Firstname'

24-10-2024T13:21:55 - [TEST_STEP][PASSED] - LastName = keyPathPackage.customKeywords.generateRandomLastName(): keyPathPackage.customKeywords.generateRandomLastName is PASSED

24-10-2024T13:21:55 - [MESSAGE][PASSED] - keyPathPackage.customKeywords.generateRandomLastName is PASSED

24-10-2024T13:21:55 - [TEST_STEP][PASSED] - setText(findTestObject("Object Repository/APAC_University/Deakin_University/Field_Lastname"), LastName): Text 'Testing Franecki' is set on object 'Object Repository/APAC_University/Deakin_University/Field_Lastname'

24-10-2024T13:21:55 - [MESSAGE][PASSED] - Text 'Testing Franecki' is set on object 'Object Repository/APAC_University/Deakin_University/Field_Lastname'

24-10-2024T13:21:55 - [TEST_STEP][PASSED] - waitForElementClickable(findTestObject("Object Repository/APAC_University/Deakin_University/Button_NextStep2"), 10): Object 'Object Repository/APAC_University/Deakin_University/Button_NextStep2' is clickable

24-10-2024T13:21:56 - [MESSAGE][PASSED] - Object 'Object Repository/APAC_University/Deakin_University/Button_NextStep2' is clickable

24-10-2024T13:21:56 - [TEST_STEP][PASSED] - click(findTestObject("Object Repository/APAC_University/Deakin_University/Button_NextStep2")): Object: 'Object Repository/APAC_University/Deakin_University/Button_NextStep2' is clicked on

24-10-2024T13:21:56 - [MESSAGE][PASSED] - Object: 'Object Repository/APAC_University/Deakin_University/Button_NextStep2' is clicked on

24-10-2024T13:21:56 - [TEST_STEP][PASSED] - startdate = findTestObject("Object Repository/APAC_University/Deakin_University/Dropdown_Startdate"): null

24-10-2024T13:21:56 - [TEST_STEP][PASSED] - selectOptionByIndex(startdate, keyPathPackage.customKeywords.selectRandomOptionFromDropdown()): All options with index in [1] are selected on object 'Object Repository/APAC_University/Deakin_University/Dropdown_Startdate'

24-10-2024T13:21:56 - [MESSAGE][PASSED] - keyPathPackage.customKeywords.selectRandomOptionFromDropdown is PASSED

24-10-2024T13:21:57 - [MESSAGE][PASSED] - All options with index in [1] are selected on object 'Object Repository/APAC_University/Deakin_University/Dropdown_Startdate'

24-10-2024T13:21:57 - [TEST_STEP][PASSED] - Enquiryreason = findTestObject("Object Repository/APAC_University/Deakin_University/Dropdown_Enquiry"): null

24-10-2024T13:21:57 - [TEST_STEP][PASSED] - selectOptionByIndex(Enquiryreason, keyPathPackage.customKeywords.selectRandomOptionFromDropdown()): All options with index in [2] are selected on object 'Object Repository/APAC_University/Deakin_University/Dropdown_Enquiry'

24-10-2024T13:21:57 - [MESSAGE][PASSED] - keyPathPackage.customKeywords.selectRandomOptionFromDropdown is PASSED

24-10-2024T13:21:57 - [MESSAGE][PASSED] - All options with index in [2] are selected on object 'Object Repository/APAC_University/Deakin_University/Dropdown_Enquiry'

24-10-2024T13:21:57 - [TEST_STEP][PASSED] - selectOptionByValue(findTestObject("Object Repository/APAC_University/Deakin_University/Dropdown_Highereducation"), Education_Level, false): All options with value 'Postgraduate diploma' are selected in object 'Object Repository/APAC_University/Deakin_University/Dropdown_Highereducation' 

24-10-2024T13:21:58 - [MESSAGE][PASSED] - All options with value 'Postgraduate diploma' are selected in object 'Object Repository/APAC_University/Deakin_University/Dropdown_Highereducation' 

24-10-2024T13:21:58 - [TEST_STEP][PASSED] - Workexperience = findTestObject("Object Repository/APAC_University/Deakin_University/Dropdown_Workexperience"): null

24-10-2024T13:21:58 - [TEST_STEP][PASSED] - selectOptionByIndex(Workexperience, keyPathPackage.customKeywords.selectRandomOptionFromDropdown()): All options with index in [1] are selected on object 'Object Repository/APAC_University/Deakin_University/Dropdown_Workexperience'

24-10-2024T13:21:58 - [MESSAGE][PASSED] - keyPathPackage.customKeywords.selectRandomOptionFromDropdown is PASSED

24-10-2024T13:21:59 - [MESSAGE][PASSED] - All options with index in [1] are selected on object 'Object Repository/APAC_University/Deakin_University/Dropdown_Workexperience'

24-10-2024T13:21:59 - [TEST_STEP][PASSED] - waitForElementClickable(findTestObject("Object Repository/APAC_University/Deakin_University/Button_Nextstep3"), 10): Object 'Object Repository/APAC_University/Deakin_University/Button_Nextstep3' is clickable

24-10-2024T13:21:59 - [MESSAGE][PASSED] - Object 'Object Repository/APAC_University/Deakin_University/Button_Nextstep3' is clickable

24-10-2024T13:21:59 - [TEST_STEP][PASSED] - click(findTestObject("Object Repository/APAC_University/Deakin_University/Button_Nextstep3")): Object: 'Object Repository/APAC_University/Deakin_University/Button_Nextstep3' is clicked on

24-10-2024T13:21:59 - [MESSAGE][PASSED] - Object: 'Object Repository/APAC_University/Deakin_University/Button_Nextstep3' is clicked on

24-10-2024T13:21:59 - [TEST_STEP][PASSED] - Email = keyPathPackage.customKeywords.generateRandomEmail(): keyPathPackage.customKeywords.generateRandomEmail is PASSED

24-10-2024T13:21:59 - [MESSAGE][PASSED] - keyPathPackage.customKeywords.generateRandomEmail is PASSED

24-10-2024T13:21:59 - [TEST_STEP][PASSED] - setText(findTestObject("Object Repository/APAC_University/Deakin_University/Field_Email"), Email): Text 'annett.brakus@yahoo.com' is set on object 'Object Repository/APAC_University/Deakin_University/Field_Email'

24-10-2024T13:22:00 - [MESSAGE][PASSED] - Text 'annett.brakus@yahoo.com' is set on object 'Object Repository/APAC_University/Deakin_University/Field_Email'

24-10-2024T13:22:00 - [TEST_STEP][PASSED] - Phonenumber = keyPathPackage.customKeywords.generateRandomAustralianPhoneNumber(): keyPathPackage.customKeywords.generateRandomAustralianPhoneNumber is PASSED

24-10-2024T13:22:00 - [MESSAGE][PASSED] - keyPathPackage.customKeywords.generateRandomAustralianPhoneNumber is PASSED

24-10-2024T13:22:00 - [TEST_STEP][PASSED] - setText(findTestObject("Object Repository/APAC_University/Deakin_University/Field_Phonenumber"), Phonenumber): Text '0491291976' is set on object 'Object Repository/APAC_University/Deakin_University/Field_Phonenumber'

24-10-2024T13:22:00 - [MESSAGE][PASSED] - Text '0491291976' is set on object 'Object Repository/APAC_University/Deakin_University/Field_Phonenumber'

24-10-2024T13:22:00 - [TEST_STEP][PASSED] - selectOptionByLabel(findTestObject("Object Repository/APAC_University/Deakin_University/Dropdown_Country"), "Australia", false): All options with label 'Australia' are selected in object 'Object Repository/APAC_University/Deakin_University/Dropdown_Country' 

24-10-2024T13:22:01 - [MESSAGE][PASSED] - All options with label 'Australia' are selected in object 'Object Repository/APAC_University/Deakin_University/Dropdown_Country' 

24-10-2024T13:22:01 - [TEST_STEP][PASSED] - Postcode = keyPathPackage.customKeywords.selectRandomPostCode(): keyPathPackage.customKeywords.selectRandomPostCode is PASSED

24-10-2024T13:22:01 - [MESSAGE][PASSED] - keyPathPackage.customKeywords.selectRandomPostCode is PASSED

24-10-2024T13:22:01 - [TEST_STEP][PASSED] - setText(findTestObject("Object Repository/APAC_University/Deakin_University/Field_Postcode"), Postcode): Text '0980' is set on object 'Object Repository/APAC_University/Deakin_University/Field_Postcode'

24-10-2024T13:22:02 - [MESSAGE][PASSED] - Text '0980' is set on object 'Object Repository/APAC_University/Deakin_University/Field_Postcode'

24-10-2024T13:22:02 - [TEST_STEP][PASSED] - setText(findTestObject("Object Repository/APAC_University/Deakin_University/Field_Postcode"), Postcode): Text '0980' is set on object 'Object Repository/APAC_University/Deakin_University/Field_Postcode'

24-10-2024T13:22:02 - [MESSAGE][PASSED] - Text '0980' is set on object 'Object Repository/APAC_University/Deakin_University/Field_Postcode'

24-10-2024T13:22:02 - [TEST_STEP][PASSED] - waitForElementClickable(findTestObject("Object Repository/APAC_University/Deakin_University/Button_Enquiry_Submit"), 10): Object 'Object Repository/APAC_University/Deakin_University/Button_Enquiry_Submit' is clickable

24-10-2024T13:22:02 - [MESSAGE][PASSED] - Object 'Object Repository/APAC_University/Deakin_University/Button_Enquiry_Submit' is clickable

24-10-2024T13:22:02 - [TEST_STEP][PASSED] - click(findTestObject("Object Repository/APAC_University/Deakin_University/Button_Enquiry_Submit")): Object: 'Object Repository/APAC_University/Deakin_University/Button_Enquiry_Submit' is clicked on

24-10-2024T13:22:03 - [MESSAGE][PASSED] - Object: 'Object Repository/APAC_University/Deakin_University/Button_Enquiry_Submit' is clicked on

24-10-2024T13:22:03 - [TEST_STEP][PASSED] - delay(5): Delayed 5 second(s)

24-10-2024T13:22:08 - [MESSAGE][PASSED] - Delayed 5 second(s)

24-10-2024T13:22:08 - [TEST_STEP][PASSED] - verifyElementText(findTestObject("Object Repository/APAC_University/Deakin_University/Verify_Content"), "Thanks - we’ll be in touch soon!"): Actual text and expected text of test object 'Object Repository/APAC_University/Deakin_University/Verify_Content' are matched.

24-10-2024T13:22:08 - [MESSAGE][PASSED] - Actual text and expected text of test object 'Object Repository/APAC_University/Deakin_University/Verify_Content' are matched.

24-10-2024T13:22:08 - [TEST_STEP][PASSED] - closeBrowser(): Browser is closed

24-10-2024T13:22:08 - [MESSAGE][PASSED] - Browser is closed]]></system-out>
         <system-err><![CDATA[]]></system-err>
      </testcase>
      <testcase name="Test Cases/APAC_Universities/SEO_PAGES/University_of_Canberra/Enquiry_Form" time="33.117" classname="Test Cases/APAC_Universities/SEO_PAGES/University_of_Canberra/Enquiry_Form" status="PASSED">
         <system-out><![CDATA[24-10-2024T13:22:08 - [TEST_CASE][PASSED] - Test Cases/APAC_Universities/SEO_PAGES/University_of_Canberra/Enquiry_Form: Test Cases/APAC_Universities/SEO_PAGES/University_of_Canberra/Enquiry_Form

24-10-2024T13:22:08 - [TEST_STEP][PASSED] - callTestCase(findTestCase("Test Cases/APAC_Universities/SEO_PAGES/University_of_Canberra/Resuable_Testcases/Navigate_Url"), [:], STOP_ON_FAILURE): Call Test Case 'Test Cases/APAC_Universities/SEO_PAGES/University_of_Canberra/Resuable_Testcases/Navigate_Url' successfully

24-10-2024T13:22:08 - [TEST_CASE][PASSED] - Test Cases/APAC_Universities/SEO_PAGES/University_of_Canberra/Resuable_Testcases/Navigate_Url: Test Cases/APAC_Universities/SEO_PAGES/University_of_Canberra/Resuable_Testcases/Navigate_Url

24-10-2024T13:22:08 - [TEST_STEP][PASSED] - openBrowser(""): Browser is opened with url: ''

24-10-2024T13:22:08 - [MESSAGE][INFO] - Starting 'Chrome' driver

24-10-2024T13:22:08 - [MESSAGE][INFO] - Action delay is set to 0 milliseconds

24-10-2024T13:22:09 - [MESSAGE][PASSED] - Browser is opened with url: ''

24-10-2024T13:22:09 - [TEST_STEP][PASSED] - navigateToUrl(University_Canberra_URL): Navigate to 'https://key:path@dev-uc-opm.pantheonsite.io/' successfully

24-10-2024T13:22:24 - [MESSAGE][PASSED] - Navigate to 'https://key:path@dev-uc-opm.pantheonsite.io/' successfully

24-10-2024T13:22:24 - [TEST_STEP][PASSED] - maximizeWindow(): Current window maximized

24-10-2024T13:22:24 - [MESSAGE][PASSED] - Current window maximized

24-10-2024T13:22:24 - [MESSAGE][PASSED] - Call Test Case 'Test Cases/APAC_Universities/SEO_PAGES/University_of_Canberra/Resuable_Testcases/Navigate_Url' successfully

24-10-2024T13:22:24 - [TEST_STEP][PASSED] - waitForElementClickable(findTestObject("Object Repository/APAC_University/University_of_Canberra/Button_Enquiry_Now"), 10): Object 'Object Repository/APAC_University/University_of_Canberra/Button_Enquiry_Now' is clickable

24-10-2024T13:22:26 - [MESSAGE][PASSED] - Object 'Object Repository/APAC_University/University_of_Canberra/Button_Enquiry_Now' is clickable

24-10-2024T13:22:26 - [TEST_STEP][PASSED] - click(findTestObject("Object Repository/APAC_University/University_of_Canberra/Button_Enquiry_Now")): Object: 'Object Repository/APAC_University/University_of_Canberra/Button_Enquiry_Now' is clicked on

24-10-2024T13:22:27 - [MESSAGE][PASSED] - Object: 'Object Repository/APAC_University/University_of_Canberra/Button_Enquiry_Now' is clicked on

24-10-2024T13:22:27 - [TEST_STEP][PASSED] - callTestCase(findTestCase("Test Cases/APAC_Universities/SEO_PAGES/University_of_Canberra/Resuable_Testcases/Lead_Form"), [:], STOP_ON_FAILURE): Call Test Case 'Test Cases/APAC_Universities/SEO_PAGES/University_of_Canberra/Resuable_Testcases/Lead_Form' successfully

24-10-2024T13:22:27 - [TEST_CASE][PASSED] - Test Cases/APAC_Universities/SEO_PAGES/University_of_Canberra/Resuable_Testcases/Lead_Form: Test Cases/APAC_Universities/SEO_PAGES/University_of_Canberra/Resuable_Testcases/Lead_Form

24-10-2024T13:22:27 - [TEST_STEP][PASSED] - program = findTestObject("Object Repository/APAC_University/University_of_Canberra/Dropdown_Enquiry_Program"): null

24-10-2024T13:22:27 - [TEST_STEP][PASSED] - selectOptionByIndex(program, keyPathPackage.customKeywords.selectRandomOptionFromDropdown()): All options with index in [1] are selected on object 'Object Repository/APAC_University/University_of_Canberra/Dropdown_Enquiry_Program'

24-10-2024T13:22:27 - [MESSAGE][PASSED] - keyPathPackage.customKeywords.selectRandomOptionFromDropdown is PASSED

24-10-2024T13:22:28 - [MESSAGE][PASSED] - All options with index in [1] are selected on object 'Object Repository/APAC_University/University_of_Canberra/Dropdown_Enquiry_Program'

24-10-2024T13:22:28 - [TEST_STEP][PASSED] - FirstName = keyPathPackage.customKeywords.generateRandomFirstName(): keyPathPackage.customKeywords.generateRandomFirstName is PASSED

24-10-2024T13:22:28 - [MESSAGE][PASSED] - keyPathPackage.customKeywords.generateRandomFirstName is PASSED

24-10-2024T13:22:28 - [TEST_STEP][PASSED] - setText(findTestObject("Object Repository/APAC_University/University_of_Canberra/Field_FirstName"), FirstName): Text 'Tamie' is set on object 'Object Repository/APAC_University/University_of_Canberra/Field_FirstName'

24-10-2024T13:22:29 - [MESSAGE][PASSED] - Text 'Tamie' is set on object 'Object Repository/APAC_University/University_of_Canberra/Field_FirstName'

24-10-2024T13:22:29 - [TEST_STEP][PASSED] - LastName = keyPathPackage.customKeywords.generateRandomLastName(): keyPathPackage.customKeywords.generateRandomLastName is PASSED

24-10-2024T13:22:29 - [MESSAGE][PASSED] - keyPathPackage.customKeywords.generateRandomLastName is PASSED

24-10-2024T13:22:29 - [TEST_STEP][PASSED] - setText(findTestObject("Object Repository/APAC_University/University_of_Canberra/Field_SecondName"), LastName): Text 'Testing Legros' is set on object 'Object Repository/APAC_University/University_of_Canberra/Field_SecondName'

24-10-2024T13:22:29 - [MESSAGE][PASSED] - Text 'Testing Legros' is set on object 'Object Repository/APAC_University/University_of_Canberra/Field_SecondName'

24-10-2024T13:22:29 - [TEST_STEP][PASSED] - waitForElementClickable(findTestObject("Object Repository/APAC_University/University_of_Canberra/Button_Nextstep2"), 10): Object 'Object Repository/APAC_University/University_of_Canberra/Button_Nextstep2' is clickable

24-10-2024T13:22:30 - [MESSAGE][PASSED] - Object 'Object Repository/APAC_University/University_of_Canberra/Button_Nextstep2' is clickable

24-10-2024T13:22:30 - [TEST_STEP][PASSED] - click(findTestObject("Object Repository/APAC_University/University_of_Canberra/Button_Nextstep2")): Object: 'Object Repository/APAC_University/University_of_Canberra/Button_Nextstep2' is clicked on

24-10-2024T13:22:30 - [MESSAGE][PASSED] - Object: 'Object Repository/APAC_University/University_of_Canberra/Button_Nextstep2' is clicked on

24-10-2024T13:22:30 - [TEST_STEP][PASSED] - startdate = findTestObject("Object Repository/APAC_University/University_of_Canberra/Dropdown_Enquiry_StartDate"): null

24-10-2024T13:22:30 - [TEST_STEP][PASSED] - selectOptionByIndex(startdate, keyPathPackage.customKeywords.selectRandomOptionFromDropdown()): All options with index in [2] are selected on object 'Object Repository/APAC_University/University_of_Canberra/Dropdown_Enquiry_StartDate'

24-10-2024T13:22:30 - [MESSAGE][PASSED] - keyPathPackage.customKeywords.selectRandomOptionFromDropdown is PASSED

24-10-2024T13:22:31 - [MESSAGE][PASSED] - All options with index in [2] are selected on object 'Object Repository/APAC_University/University_of_Canberra/Dropdown_Enquiry_StartDate'

24-10-2024T13:22:31 - [TEST_STEP][PASSED] - Enquiryreason = findTestObject("Object Repository/APAC_University/University_of_Canberra/Dropdown_EnquiryReason"): null

24-10-2024T13:22:31 - [TEST_STEP][PASSED] - selectOptionByIndex(Enquiryreason, keyPathPackage.customKeywords.selectRandomOptionFromDropdown()): All options with index in [2] are selected on object 'Object Repository/APAC_University/University_of_Canberra/Dropdown_EnquiryReason'

24-10-2024T13:22:31 - [MESSAGE][PASSED] - keyPathPackage.customKeywords.selectRandomOptionFromDropdown is PASSED

24-10-2024T13:22:32 - [MESSAGE][PASSED] - All options with index in [2] are selected on object 'Object Repository/APAC_University/University_of_Canberra/Dropdown_EnquiryReason'

24-10-2024T13:22:32 - [TEST_STEP][PASSED] - selectOptionByValue(findTestObject("Object Repository/APAC_University/University_of_Canberra/Dropdown_Enquiry_Leveleducation"), Education_Level, false): All options with value 'Postgraduate diploma' are selected in object 'Object Repository/APAC_University/University_of_Canberra/Dropdown_Enquiry_Leveleducation' 

24-10-2024T13:22:32 - [MESSAGE][PASSED] - All options with value 'Postgraduate diploma' are selected in object 'Object Repository/APAC_University/University_of_Canberra/Dropdown_Enquiry_Leveleducation' 

24-10-2024T13:22:32 - [TEST_STEP][PASSED] - Workexperience = findTestObject("Object Repository/APAC_University/University_of_Canberra/Field_Enquiry_Workexperience"): null

24-10-2024T13:22:32 - [TEST_STEP][PASSED] - selectOptionByIndex(Workexperience, keyPathPackage.customKeywords.selectRandomOptionFromDropdown()): All options with index in [2] are selected on object 'Object Repository/APAC_University/University_of_Canberra/Field_Enquiry_Workexperience'

24-10-2024T13:22:32 - [MESSAGE][PASSED] - keyPathPackage.customKeywords.selectRandomOptionFromDropdown is PASSED

24-10-2024T13:22:33 - [MESSAGE][PASSED] - All options with index in [2] are selected on object 'Object Repository/APAC_University/University_of_Canberra/Field_Enquiry_Workexperience'

24-10-2024T13:22:33 - [TEST_STEP][PASSED] - waitForElementClickable(findTestObject("Object Repository/APAC_University/University_of_Canberra/Button_Nextstep3"), 10): Object 'Object Repository/APAC_University/University_of_Canberra/Button_Nextstep3' is clickable

24-10-2024T13:22:33 - [MESSAGE][PASSED] - Object 'Object Repository/APAC_University/University_of_Canberra/Button_Nextstep3' is clickable

24-10-2024T13:22:33 - [TEST_STEP][PASSED] - click(findTestObject("Object Repository/APAC_University/University_of_Canberra/Button_Nextstep3")): Object: 'Object Repository/APAC_University/University_of_Canberra/Button_Nextstep3' is clicked on

24-10-2024T13:22:33 - [MESSAGE][PASSED] - Object: 'Object Repository/APAC_University/University_of_Canberra/Button_Nextstep3' is clicked on

24-10-2024T13:22:33 - [TEST_STEP][PASSED] - Phonenumber = keyPathPackage.customKeywords.generateRandomAustralianPhoneNumber(): keyPathPackage.customKeywords.generateRandomAustralianPhoneNumber is PASSED

24-10-2024T13:22:33 - [MESSAGE][PASSED] - keyPathPackage.customKeywords.generateRandomAustralianPhoneNumber is PASSED

24-10-2024T13:22:33 - [TEST_STEP][PASSED] - setText(findTestObject("Object Repository/APAC_University/University_of_Canberra/Field_Phonenumber"), Phonenumber): Text '0405243601' is set on object 'Object Repository/APAC_University/University_of_Canberra/Field_Phonenumber'

24-10-2024T13:22:34 - [MESSAGE][PASSED] - Text '0405243601' is set on object 'Object Repository/APAC_University/University_of_Canberra/Field_Phonenumber'

24-10-2024T13:22:34 - [TEST_STEP][PASSED] - Email = keyPathPackage.customKeywords.generateRandomEmail(): keyPathPackage.customKeywords.generateRandomEmail is PASSED

24-10-2024T13:22:34 - [MESSAGE][PASSED] - keyPathPackage.customKeywords.generateRandomEmail is PASSED

24-10-2024T13:22:34 - [TEST_STEP][PASSED] - setText(findTestObject("Object Repository/APAC_University/University_of_Canberra/Field_Email"), Email): Text 'ron.beahan@yahoo.com' is set on object 'Object Repository/APAC_University/University_of_Canberra/Field_Email'

24-10-2024T13:22:35 - [MESSAGE][PASSED] - Text 'ron.beahan@yahoo.com' is set on object 'Object Repository/APAC_University/University_of_Canberra/Field_Email'

24-10-2024T13:22:35 - [TEST_STEP][PASSED] - Postcode = keyPathPackage.customKeywords.selectRandomPostCode(): keyPathPackage.customKeywords.selectRandomPostCode is PASSED

24-10-2024T13:22:35 - [MESSAGE][PASSED] - keyPathPackage.customKeywords.selectRandomPostCode is PASSED

24-10-2024T13:22:35 - [TEST_STEP][PASSED] - setText(findTestObject("Object Repository/APAC_University/University_of_Canberra/Field_Postcode"), Postcode): Text '7051' is set on object 'Object Repository/APAC_University/University_of_Canberra/Field_Postcode'

24-10-2024T13:22:35 - [MESSAGE][PASSED] - Text '7051' is set on object 'Object Repository/APAC_University/University_of_Canberra/Field_Postcode'

24-10-2024T13:22:35 - [TEST_STEP][PASSED] - waitForElementClickable(findTestObject("Object Repository/APAC_University/University_of_Canberra/Button_Submit"), 10): Object 'Object Repository/APAC_University/University_of_Canberra/Button_Submit' is clickable

24-10-2024T13:22:36 - [MESSAGE][PASSED] - Object 'Object Repository/APAC_University/University_of_Canberra/Button_Submit' is clickable

24-10-2024T13:22:36 - [TEST_STEP][PASSED] - click(findTestObject("Object Repository/APAC_University/University_of_Canberra/Button_Submit")): Object: 'Object Repository/APAC_University/University_of_Canberra/Button_Submit' is clicked on

24-10-2024T13:22:36 - [MESSAGE][PASSED] - Object: 'Object Repository/APAC_University/University_of_Canberra/Button_Submit' is clicked on

24-10-2024T13:22:36 - [TEST_STEP][PASSED] - delay(5): Delayed 5 second(s)

24-10-2024T13:22:41 - [MESSAGE][PASSED] - Delayed 5 second(s)

24-10-2024T13:22:41 - [TEST_STEP][PASSED] - verifyElementText(findTestObject("Object Repository/APAC_University/University_of_Canberra/Verify_Content"), "Thank you for your enquiry!"): Actual text and expected text of test object 'Object Repository/APAC_University/University_of_Canberra/Verify_Content' are matched.

24-10-2024T13:22:41 - [MESSAGE][PASSED] - Actual text and expected text of test object 'Object Repository/APAC_University/University_of_Canberra/Verify_Content' are matched.

24-10-2024T13:22:41 - [MESSAGE][PASSED] - Call Test Case 'Test Cases/APAC_Universities/SEO_PAGES/University_of_Canberra/Resuable_Testcases/Lead_Form' successfully]]></system-out>
         <system-err><![CDATA[]]></system-err>
      </testcase>
      <testcase name="Test Cases/APAC_Universities/SEO_PAGES/University_of_Canberra/Main_Page" time="15.97" classname="Test Cases/APAC_Universities/SEO_PAGES/University_of_Canberra/Main_Page" status="PASSED">
         <system-out><![CDATA[24-10-2024T13:22:41 - [TEST_CASE][PASSED] - Test Cases/APAC_Universities/SEO_PAGES/University_of_Canberra/Main_Page: Test Cases/APAC_Universities/SEO_PAGES/University_of_Canberra/Main_Page

24-10-2024T13:22:41 - [TEST_STEP][PASSED] - callTestCase(findTestCase("Test Cases/APAC_Universities/SEO_PAGES/University_of_Canberra/Resuable_Testcases/Navigate_Homepage"), [:], STOP_ON_FAILURE): Call Test Case 'Test Cases/APAC_Universities/SEO_PAGES/University_of_Canberra/Resuable_Testcases/Navigate_Homepage' successfully

24-10-2024T13:22:41 - [TEST_CASE][PASSED] - Test Cases/APAC_Universities/SEO_PAGES/University_of_Canberra/Resuable_Testcases/Navigate_Homepage: Test Cases/APAC_Universities/SEO_PAGES/University_of_Canberra/Resuable_Testcases/Navigate_Homepage

24-10-2024T13:22:41 - [TEST_STEP][PASSED] - waitForElementClickable(findTestObject("Object Repository/APAC_University/University_of_Canberra/Image_Homepage"), 10): Object 'Object Repository/APAC_University/University_of_Canberra/Image_Homepage' is clickable

24-10-2024T13:22:41 - [MESSAGE][PASSED] - Object 'Object Repository/APAC_University/University_of_Canberra/Image_Homepage' is clickable

24-10-2024T13:22:41 - [TEST_STEP][PASSED] - click(findTestObject("Object Repository/APAC_University/University_of_Canberra/Image_Homepage")): Object: 'Object Repository/APAC_University/University_of_Canberra/Image_Homepage' is clicked on

24-10-2024T13:22:42 - [MESSAGE][PASSED] - Object: 'Object Repository/APAC_University/University_of_Canberra/Image_Homepage' is clicked on

24-10-2024T13:22:42 - [MESSAGE][PASSED] - Call Test Case 'Test Cases/APAC_Universities/SEO_PAGES/University_of_Canberra/Resuable_Testcases/Navigate_Homepage' successfully

24-10-2024T13:22:42 - [TEST_STEP][PASSED] - callTestCase(findTestCase("Test Cases/APAC_Universities/SEO_PAGES/University_of_Canberra/Resuable_Testcases/Lead_Form"), [:], STOP_ON_FAILURE): Call Test Case 'Test Cases/APAC_Universities/SEO_PAGES/University_of_Canberra/Resuable_Testcases/Lead_Form' successfully

24-10-2024T13:22:42 - [TEST_CASE][PASSED] - Test Cases/APAC_Universities/SEO_PAGES/University_of_Canberra/Resuable_Testcases/Lead_Form: Test Cases/APAC_Universities/SEO_PAGES/University_of_Canberra/Resuable_Testcases/Lead_Form

24-10-2024T13:22:42 - [TEST_STEP][PASSED] - program = findTestObject("Object Repository/APAC_University/University_of_Canberra/Dropdown_Enquiry_Program"): null

24-10-2024T13:22:42 - [TEST_STEP][PASSED] - selectOptionByIndex(program, keyPathPackage.customKeywords.selectRandomOptionFromDropdown()): All options with index in [1] are selected on object 'Object Repository/APAC_University/University_of_Canberra/Dropdown_Enquiry_Program'

24-10-2024T13:22:42 - [MESSAGE][PASSED] - keyPathPackage.customKeywords.selectRandomOptionFromDropdown is PASSED

24-10-2024T13:22:44 - [MESSAGE][PASSED] - All options with index in [1] are selected on object 'Object Repository/APAC_University/University_of_Canberra/Dropdown_Enquiry_Program'

24-10-2024T13:22:44 - [TEST_STEP][PASSED] - FirstName = keyPathPackage.customKeywords.generateRandomFirstName(): keyPathPackage.customKeywords.generateRandomFirstName is PASSED

24-10-2024T13:22:44 - [MESSAGE][PASSED] - keyPathPackage.customKeywords.generateRandomFirstName is PASSED

24-10-2024T13:22:44 - [TEST_STEP][PASSED] - setText(findTestObject("Object Repository/APAC_University/University_of_Canberra/Field_FirstName"), FirstName): Text 'Stevie' is set on object 'Object Repository/APAC_University/University_of_Canberra/Field_FirstName'

24-10-2024T13:22:45 - [MESSAGE][PASSED] - Text 'Stevie' is set on object 'Object Repository/APAC_University/University_of_Canberra/Field_FirstName'

24-10-2024T13:22:45 - [TEST_STEP][PASSED] - LastName = keyPathPackage.customKeywords.generateRandomLastName(): keyPathPackage.customKeywords.generateRandomLastName is PASSED

24-10-2024T13:22:45 - [MESSAGE][PASSED] - keyPathPackage.customKeywords.generateRandomLastName is PASSED

24-10-2024T13:22:45 - [TEST_STEP][PASSED] - setText(findTestObject("Object Repository/APAC_University/University_of_Canberra/Field_SecondName"), LastName): Text 'Testing Treutel' is set on object 'Object Repository/APAC_University/University_of_Canberra/Field_SecondName'

24-10-2024T13:22:45 - [MESSAGE][PASSED] - Text 'Testing Treutel' is set on object 'Object Repository/APAC_University/University_of_Canberra/Field_SecondName'

24-10-2024T13:22:45 - [TEST_STEP][PASSED] - waitForElementClickable(findTestObject("Object Repository/APAC_University/University_of_Canberra/Button_Nextstep2"), 10): Object 'Object Repository/APAC_University/University_of_Canberra/Button_Nextstep2' is clickable

24-10-2024T13:22:46 - [MESSAGE][PASSED] - Object 'Object Repository/APAC_University/University_of_Canberra/Button_Nextstep2' is clickable

24-10-2024T13:22:46 - [TEST_STEP][PASSED] - click(findTestObject("Object Repository/APAC_University/University_of_Canberra/Button_Nextstep2")): Object: 'Object Repository/APAC_University/University_of_Canberra/Button_Nextstep2' is clicked on

24-10-2024T13:22:46 - [MESSAGE][PASSED] - Object: 'Object Repository/APAC_University/University_of_Canberra/Button_Nextstep2' is clicked on

24-10-2024T13:22:46 - [TEST_STEP][PASSED] - startdate = findTestObject("Object Repository/APAC_University/University_of_Canberra/Dropdown_Enquiry_StartDate"): null

24-10-2024T13:22:46 - [TEST_STEP][PASSED] - selectOptionByIndex(startdate, keyPathPackage.customKeywords.selectRandomOptionFromDropdown()): All options with index in [2] are selected on object 'Object Repository/APAC_University/University_of_Canberra/Dropdown_Enquiry_StartDate'

24-10-2024T13:22:46 - [MESSAGE][PASSED] - keyPathPackage.customKeywords.selectRandomOptionFromDropdown is PASSED

24-10-2024T13:22:47 - [MESSAGE][PASSED] - All options with index in [2] are selected on object 'Object Repository/APAC_University/University_of_Canberra/Dropdown_Enquiry_StartDate'

24-10-2024T13:22:47 - [TEST_STEP][PASSED] - Enquiryreason = findTestObject("Object Repository/APAC_University/University_of_Canberra/Dropdown_EnquiryReason"): null

24-10-2024T13:22:47 - [TEST_STEP][PASSED] - selectOptionByIndex(Enquiryreason, keyPathPackage.customKeywords.selectRandomOptionFromDropdown()): All options with index in [1] are selected on object 'Object Repository/APAC_University/University_of_Canberra/Dropdown_EnquiryReason'

24-10-2024T13:22:47 - [MESSAGE][PASSED] - keyPathPackage.customKeywords.selectRandomOptionFromDropdown is PASSED

24-10-2024T13:22:48 - [MESSAGE][PASSED] - All options with index in [1] are selected on object 'Object Repository/APAC_University/University_of_Canberra/Dropdown_EnquiryReason'

24-10-2024T13:22:48 - [TEST_STEP][PASSED] - selectOptionByValue(findTestObject("Object Repository/APAC_University/University_of_Canberra/Dropdown_Enquiry_Leveleducation"), Education_Level, false): All options with value 'Postgraduate diploma' are selected in object 'Object Repository/APAC_University/University_of_Canberra/Dropdown_Enquiry_Leveleducation' 

24-10-2024T13:22:48 - [MESSAGE][PASSED] - All options with value 'Postgraduate diploma' are selected in object 'Object Repository/APAC_University/University_of_Canberra/Dropdown_Enquiry_Leveleducation' 

24-10-2024T13:22:48 - [TEST_STEP][PASSED] - Workexperience = findTestObject("Object Repository/APAC_University/University_of_Canberra/Field_Enquiry_Workexperience"): null

24-10-2024T13:22:48 - [TEST_STEP][PASSED] - selectOptionByIndex(Workexperience, keyPathPackage.customKeywords.selectRandomOptionFromDropdown()): All options with index in [1] are selected on object 'Object Repository/APAC_University/University_of_Canberra/Field_Enquiry_Workexperience'

24-10-2024T13:22:48 - [MESSAGE][PASSED] - keyPathPackage.customKeywords.selectRandomOptionFromDropdown is PASSED

24-10-2024T13:22:49 - [MESSAGE][PASSED] - All options with index in [1] are selected on object 'Object Repository/APAC_University/University_of_Canberra/Field_Enquiry_Workexperience'

24-10-2024T13:22:49 - [TEST_STEP][PASSED] - waitForElementClickable(findTestObject("Object Repository/APAC_University/University_of_Canberra/Button_Nextstep3"), 10): Object 'Object Repository/APAC_University/University_of_Canberra/Button_Nextstep3' is clickable

24-10-2024T13:22:49 - [MESSAGE][PASSED] - Object 'Object Repository/APAC_University/University_of_Canberra/Button_Nextstep3' is clickable

24-10-2024T13:22:49 - [TEST_STEP][PASSED] - click(findTestObject("Object Repository/APAC_University/University_of_Canberra/Button_Nextstep3")): Object: 'Object Repository/APAC_University/University_of_Canberra/Button_Nextstep3' is clicked on

24-10-2024T13:22:49 - [MESSAGE][PASSED] - Object: 'Object Repository/APAC_University/University_of_Canberra/Button_Nextstep3' is clicked on

24-10-2024T13:22:49 - [TEST_STEP][PASSED] - Phonenumber = keyPathPackage.customKeywords.generateRandomAustralianPhoneNumber(): keyPathPackage.customKeywords.generateRandomAustralianPhoneNumber is PASSED

24-10-2024T13:22:49 - [MESSAGE][PASSED] - keyPathPackage.customKeywords.generateRandomAustralianPhoneNumber is PASSED

24-10-2024T13:22:49 - [TEST_STEP][PASSED] - setText(findTestObject("Object Repository/APAC_University/University_of_Canberra/Field_Phonenumber"), Phonenumber): Text '0425059059' is set on object 'Object Repository/APAC_University/University_of_Canberra/Field_Phonenumber'

24-10-2024T13:22:50 - [MESSAGE][PASSED] - Text '0425059059' is set on object 'Object Repository/APAC_University/University_of_Canberra/Field_Phonenumber'

24-10-2024T13:22:50 - [TEST_STEP][PASSED] - Email = keyPathPackage.customKeywords.generateRandomEmail(): keyPathPackage.customKeywords.generateRandomEmail is PASSED

24-10-2024T13:22:50 - [MESSAGE][PASSED] - keyPathPackage.customKeywords.generateRandomEmail is PASSED

24-10-2024T13:22:50 - [TEST_STEP][PASSED] - setText(findTestObject("Object Repository/APAC_University/University_of_Canberra/Field_Email"), Email): Text 'erma.spencer@yahoo.com' is set on object 'Object Repository/APAC_University/University_of_Canberra/Field_Email'

24-10-2024T13:22:51 - [MESSAGE][PASSED] - Text 'erma.spencer@yahoo.com' is set on object 'Object Repository/APAC_University/University_of_Canberra/Field_Email'

24-10-2024T13:22:51 - [TEST_STEP][PASSED] - Postcode = keyPathPackage.customKeywords.selectRandomPostCode(): keyPathPackage.customKeywords.selectRandomPostCode is PASSED

24-10-2024T13:22:51 - [MESSAGE][PASSED] - keyPathPackage.customKeywords.selectRandomPostCode is PASSED

24-10-2024T13:22:51 - [TEST_STEP][PASSED] - setText(findTestObject("Object Repository/APAC_University/University_of_Canberra/Field_Postcode"), Postcode): Text '2912' is set on object 'Object Repository/APAC_University/University_of_Canberra/Field_Postcode'

24-10-2024T13:22:51 - [MESSAGE][PASSED] - Text '2912' is set on object 'Object Repository/APAC_University/University_of_Canberra/Field_Postcode'

24-10-2024T13:22:51 - [TEST_STEP][PASSED] - waitForElementClickable(findTestObject("Object Repository/APAC_University/University_of_Canberra/Button_Submit"), 10): Object 'Object Repository/APAC_University/University_of_Canberra/Button_Submit' is clickable

24-10-2024T13:22:51 - [MESSAGE][PASSED] - Object 'Object Repository/APAC_University/University_of_Canberra/Button_Submit' is clickable

24-10-2024T13:22:51 - [TEST_STEP][PASSED] - click(findTestObject("Object Repository/APAC_University/University_of_Canberra/Button_Submit")): Object: 'Object Repository/APAC_University/University_of_Canberra/Button_Submit' is clicked on

24-10-2024T13:22:52 - [MESSAGE][PASSED] - Object: 'Object Repository/APAC_University/University_of_Canberra/Button_Submit' is clicked on

24-10-2024T13:22:52 - [TEST_STEP][PASSED] - delay(5): Delayed 5 second(s)

24-10-2024T13:22:57 - [MESSAGE][PASSED] - Delayed 5 second(s)

24-10-2024T13:22:57 - [TEST_STEP][PASSED] - verifyElementText(findTestObject("Object Repository/APAC_University/University_of_Canberra/Verify_Content"), "Thank you for your enquiry!"): Actual text and expected text of test object 'Object Repository/APAC_University/University_of_Canberra/Verify_Content' are matched.

24-10-2024T13:22:57 - [MESSAGE][PASSED] - Actual text and expected text of test object 'Object Repository/APAC_University/University_of_Canberra/Verify_Content' are matched.

24-10-2024T13:22:57 - [MESSAGE][PASSED] - Call Test Case 'Test Cases/APAC_Universities/SEO_PAGES/University_of_Canberra/Resuable_Testcases/Lead_Form' successfully

24-10-2024T13:22:57 - [TEST_STEP][PASSED] - closeBrowser(): Browser is closed

24-10-2024T13:22:57 - [MESSAGE][PASSED] - Browser is closed]]></system-out>
         <system-err><![CDATA[]]></system-err>
      </testcase>
      <testcase name="Test Cases/APAC_Universities/SEO_PAGES/Victorian_University/Main_Page" time="25.587" classname="Test Cases/APAC_Universities/SEO_PAGES/Victorian_University/Main_Page" status="PASSED">
         <system-out><![CDATA[24-10-2024T13:22:57 - [TEST_CASE][PASSED] - Test Cases/APAC_Universities/SEO_PAGES/Victorian_University/Main_Page: Test Cases/APAC_Universities/SEO_PAGES/Victorian_University/Main_Page

24-10-2024T13:22:57 - [TEST_STEP][PASSED] - callTestCase(findTestCase("Test Cases/APAC_Universities/SEO_PAGES/Victorian_University/Reusuable_Testcases/Navigate_URL"), [:], STOP_ON_FAILURE): Call Test Case 'Test Cases/APAC_Universities/SEO_PAGES/Victorian_University/Reusuable_Testcases/Navigate_URL' successfully

24-10-2024T13:22:57 - [TEST_CASE][PASSED] - Test Cases/APAC_Universities/SEO_PAGES/Victorian_University/Reusuable_Testcases/Navigate_URL: Test Cases/APAC_Universities/SEO_PAGES/Victorian_University/Reusuable_Testcases/Navigate_URL

24-10-2024T13:22:57 - [TEST_STEP][PASSED] - openBrowser(""): Browser is opened with url: ''

24-10-2024T13:22:57 - [MESSAGE][INFO] - Starting 'Chrome' driver

24-10-2024T13:22:57 - [MESSAGE][INFO] - Action delay is set to 0 milliseconds

24-10-2024T13:22:58 - [MESSAGE][PASSED] - Browser is opened with url: ''

24-10-2024T13:22:58 - [TEST_STEP][PASSED] - navigateToUrl(University_VC): Navigate to 'https://key:path@test-vu-opm.pantheonsite.io' successfully

24-10-2024T13:23:13 - [MESSAGE][PASSED] - Navigate to 'https://key:path@test-vu-opm.pantheonsite.io' successfully

24-10-2024T13:23:13 - [TEST_STEP][PASSED] - maximizeWindow(): Current window maximized

24-10-2024T13:23:13 - [MESSAGE][PASSED] - Current window maximized

24-10-2024T13:23:13 - [MESSAGE][PASSED] - Call Test Case 'Test Cases/APAC_Universities/SEO_PAGES/Victorian_University/Reusuable_Testcases/Navigate_URL' successfully

24-10-2024T13:23:13 - [TEST_STEP][PASSED] - callTestCase(findTestCase("Test Cases/APAC_Universities/SEO_PAGES/Victorian_University/Reusuable_Testcases/Lead_Form"), [:], STOP_ON_FAILURE): Call Test Case 'Test Cases/APAC_Universities/SEO_PAGES/Victorian_University/Reusuable_Testcases/Lead_Form' successfully

24-10-2024T13:23:13 - [TEST_CASE][PASSED] - Test Cases/APAC_Universities/SEO_PAGES/Victorian_University/Reusuable_Testcases/Lead_Form: Test Cases/APAC_Universities/SEO_PAGES/Victorian_University/Reusuable_Testcases/Lead_Form

24-10-2024T13:23:13 - [TEST_STEP][PASSED] - program = findTestObject("Object Repository/APAC_University/Victoria_University/Dropdown_Program"): null

24-10-2024T13:23:13 - [TEST_STEP][PASSED] - selectOptionByIndex(program, keyPathPackage.customKeywords.selectRandomOptionFromDropdown()): All options with index in [2] are selected on object 'Object Repository/APAC_University/Victoria_University/Dropdown_Program'

24-10-2024T13:23:13 - [MESSAGE][PASSED] - keyPathPackage.customKeywords.selectRandomOptionFromDropdown is PASSED

24-10-2024T13:23:17 - [MESSAGE][PASSED] - All options with index in [2] are selected on object 'Object Repository/APAC_University/Victoria_University/Dropdown_Program'

24-10-2024T13:23:17 - [TEST_STEP][PASSED] - FirstName = keyPathPackage.customKeywords.generateRandomFirstName(): keyPathPackage.customKeywords.generateRandomFirstName is PASSED

24-10-2024T13:23:17 - [MESSAGE][PASSED] - keyPathPackage.customKeywords.generateRandomFirstName is PASSED

24-10-2024T13:23:17 - [TEST_STEP][PASSED] - setText(findTestObject("Object Repository/APAC_University/Victoria_University/Field_Firstname"), FirstName): Text 'Jay' is set on object 'Object Repository/APAC_University/Victoria_University/Field_Firstname'

24-10-2024T13:23:18 - [MESSAGE][PASSED] - Text 'Jay' is set on object 'Object Repository/APAC_University/Victoria_University/Field_Firstname'

24-10-2024T13:23:18 - [TEST_STEP][PASSED] - LastName = keyPathPackage.customKeywords.generateRandomLastName(): keyPathPackage.customKeywords.generateRandomLastName is PASSED

24-10-2024T13:23:18 - [MESSAGE][PASSED] - keyPathPackage.customKeywords.generateRandomLastName is PASSED

24-10-2024T13:23:18 - [TEST_STEP][PASSED] - setText(findTestObject("Object Repository/APAC_University/Victoria_University/Field_Lastname"), LastName): Text 'Testing Hermann' is set on object 'Object Repository/APAC_University/Victoria_University/Field_Lastname'

24-10-2024T13:23:19 - [MESSAGE][PASSED] - Text 'Testing Hermann' is set on object 'Object Repository/APAC_University/Victoria_University/Field_Lastname'

24-10-2024T13:23:19 - [TEST_STEP][PASSED] - dropdown = findTestObject("Object Repository/APAC_University/Victoria_University/Dropdown_Citizen_Qualify"): null

24-10-2024T13:23:19 - [TEST_STEP][PASSED] - options = ["yes", "no"]: null

24-10-2024T13:23:19 - [TEST_STEP][PASSED] - randomOption = options[Random().nextInt(length)]: null

24-10-2024T13:23:19 - [TEST_STEP][PASSED] - selectOptionByValue(dropdown, randomOption, true): All options with value 'no' are selected in object 'Object Repository/APAC_University/Victoria_University/Dropdown_Citizen_Qualify'  using regular expression

24-10-2024T13:23:19 - [MESSAGE][PASSED] - All options with value 'no' are selected in object 'Object Repository/APAC_University/Victoria_University/Dropdown_Citizen_Qualify'  using regular expression

24-10-2024T13:23:19 - [TEST_STEP][PASSED] - if (randomOption.equals("no")): Browser is closed

24-10-2024T13:23:19 - [TEST_STEP][PASSED] - delay(3): Delayed 3 second(s)

24-10-2024T13:23:22 - [MESSAGE][PASSED] - Delayed 3 second(s)

24-10-2024T13:23:22 - [TEST_STEP][PASSED] - verifyElementText(findTestObject("Object Repository/APAC_University/Victoria_University/Verify_Popup_Message"), "This course is available to Australian citizens and permanent residents only."): Actual text and expected text of test object 'Object Repository/APAC_University/Victoria_University/Verify_Popup_Message' are matched.

24-10-2024T13:23:23 - [MESSAGE][PASSED] - Actual text and expected text of test object 'Object Repository/APAC_University/Victoria_University/Verify_Popup_Message' are matched.

24-10-2024T13:23:23 - [TEST_STEP][PASSED] - closeBrowser(): Browser is closed

24-10-2024T13:23:23 - [MESSAGE][PASSED] - Browser is closed

24-10-2024T13:23:23 - [MESSAGE][PASSED] - Call Test Case 'Test Cases/APAC_Universities/SEO_PAGES/Victorian_University/Reusuable_Testcases/Lead_Form' successfully]]></system-out>
         <system-err><![CDATA[]]></system-err>
      </testcase>
      <testcase name="Test Cases/APAC_Universities/SEO_PAGES/Victorian_University/Enquiry_Form" time="14.428" classname="Test Cases/APAC_Universities/SEO_PAGES/Victorian_University/Enquiry_Form" status="PASSED">
         <system-out><![CDATA[24-10-2024T13:23:23 - [TEST_CASE][PASSED] - Test Cases/APAC_Universities/SEO_PAGES/Victorian_University/Enquiry_Form: Test Cases/APAC_Universities/SEO_PAGES/Victorian_University/Enquiry_Form

24-10-2024T13:23:23 - [TEST_STEP][PASSED] - callTestCase(findTestCase("Test Cases/APAC_Universities/SEO_PAGES/Victorian_University/Reusuable_Testcases/Navigate_URL"), [:], STOP_ON_FAILURE): Call Test Case 'Test Cases/APAC_Universities/SEO_PAGES/Victorian_University/Reusuable_Testcases/Navigate_URL' successfully

24-10-2024T13:23:23 - [TEST_CASE][PASSED] - Test Cases/APAC_Universities/SEO_PAGES/Victorian_University/Reusuable_Testcases/Navigate_URL: Test Cases/APAC_Universities/SEO_PAGES/Victorian_University/Reusuable_Testcases/Navigate_URL

24-10-2024T13:23:23 - [TEST_STEP][PASSED] - openBrowser(""): Browser is opened with url: ''

24-10-2024T13:23:23 - [MESSAGE][INFO] - Starting 'Chrome' driver

24-10-2024T13:23:23 - [MESSAGE][INFO] - Action delay is set to 0 milliseconds

24-10-2024T13:23:23 - [MESSAGE][PASSED] - Browser is opened with url: ''

24-10-2024T13:23:23 - [TEST_STEP][PASSED] - navigateToUrl(University_VC): Navigate to 'https://key:path@test-vu-opm.pantheonsite.io' successfully

24-10-2024T13:23:26 - [MESSAGE][PASSED] - Navigate to 'https://key:path@test-vu-opm.pantheonsite.io' successfully

24-10-2024T13:23:26 - [TEST_STEP][PASSED] - maximizeWindow(): Current window maximized

24-10-2024T13:23:26 - [MESSAGE][PASSED] - Current window maximized

24-10-2024T13:23:26 - [MESSAGE][PASSED] - Call Test Case 'Test Cases/APAC_Universities/SEO_PAGES/Victorian_University/Reusuable_Testcases/Navigate_URL' successfully

24-10-2024T13:23:26 - [TEST_STEP][PASSED] - callTestCase(findTestCase("Test Cases/APAC_Universities/SEO_PAGES/Victorian_University/Reusuable_Testcases/Navigate_HomePage"), [:], STOP_ON_FAILURE): Call Test Case 'Test Cases/APAC_Universities/SEO_PAGES/Victorian_University/Reusuable_Testcases/Navigate_HomePage' successfully

24-10-2024T13:23:26 - [TEST_CASE][PASSED] - Test Cases/APAC_Universities/SEO_PAGES/Victorian_University/Reusuable_Testcases/Navigate_HomePage: Test Cases/APAC_Universities/SEO_PAGES/Victorian_University/Reusuable_Testcases/Navigate_HomePage

24-10-2024T13:23:26 - [TEST_STEP][PASSED] - waitForElementClickable(findTestObject("Object Repository/APAC_University/Victoria_University/Image_Homepage"), 10): Object 'Object Repository/APAC_University/Victoria_University/Image_Homepage' is clickable

24-10-2024T13:23:27 - [MESSAGE][PASSED] - Object 'Object Repository/APAC_University/Victoria_University/Image_Homepage' is clickable

24-10-2024T13:23:27 - [TEST_STEP][PASSED] - click(findTestObject("Object Repository/APAC_University/Victoria_University/Image_Homepage")): Object: 'Object Repository/APAC_University/Victoria_University/Image_Homepage' is clicked on

24-10-2024T13:23:28 - [MESSAGE][PASSED] - Object: 'Object Repository/APAC_University/Victoria_University/Image_Homepage' is clicked on

24-10-2024T13:23:28 - [MESSAGE][PASSED] - Call Test Case 'Test Cases/APAC_Universities/SEO_PAGES/Victorian_University/Reusuable_Testcases/Navigate_HomePage' successfully

24-10-2024T13:23:28 - [TEST_STEP][PASSED] - waitForElementClickable(findTestObject("Object Repository/APAC_University/Victoria_University/Button_Enquiry_Now"), 10): Object 'Object Repository/APAC_University/Victoria_University/Button_Enquiry_Now' is clickable

24-10-2024T13:23:29 - [MESSAGE][PASSED] - Object 'Object Repository/APAC_University/Victoria_University/Button_Enquiry_Now' is clickable

24-10-2024T13:23:29 - [TEST_STEP][PASSED] - click(findTestObject("Object Repository/APAC_University/Victoria_University/Button_Enquiry_Now")): Object: 'Object Repository/APAC_University/Victoria_University/Button_Enquiry_Now' is clicked on

24-10-2024T13:23:30 - [MESSAGE][PASSED] - Object: 'Object Repository/APAC_University/Victoria_University/Button_Enquiry_Now' is clicked on

24-10-2024T13:23:30 - [TEST_STEP][PASSED] - program = findTestObject("Object Repository/APAC_University/Victoria_University/Dropdown_Program"): null

24-10-2024T13:23:30 - [TEST_STEP][PASSED] - selectOptionByIndex(program, keyPathPackage.customKeywords.selectRandomOptionFromDropdown()): All options with index in [2] are selected on object 'Object Repository/APAC_University/Victoria_University/Dropdown_Program'

24-10-2024T13:23:30 - [MESSAGE][PASSED] - keyPathPackage.customKeywords.selectRandomOptionFromDropdown is PASSED

24-10-2024T13:23:33 - [MESSAGE][PASSED] - All options with index in [2] are selected on object 'Object Repository/APAC_University/Victoria_University/Dropdown_Program'

24-10-2024T13:23:33 - [TEST_STEP][PASSED] - dropdown = findTestObject("Object Repository/APAC_University/Victoria_University/Dropdown_Citizen_Qualify"): null

24-10-2024T13:23:33 - [TEST_STEP][PASSED] - options = ["yes", "no"]: null

24-10-2024T13:23:33 - [TEST_STEP][PASSED] - randomOption = options[Random().nextInt(length)]: null

24-10-2024T13:23:33 - [TEST_STEP][PASSED] - selectOptionByValue(dropdown, randomOption, true): All options with value 'no' are selected in object 'Object Repository/APAC_University/Victoria_University/Dropdown_Citizen_Qualify'  using regular expression

24-10-2024T13:23:34 - [MESSAGE][PASSED] - All options with value 'no' are selected in object 'Object Repository/APAC_University/Victoria_University/Dropdown_Citizen_Qualify'  using regular expression

24-10-2024T13:23:34 - [TEST_STEP][PASSED] - if (randomOption.equals("no")): Browser is closed

24-10-2024T13:23:34 - [TEST_STEP][PASSED] - delay(3): Delayed 3 second(s)

24-10-2024T13:23:37 - [MESSAGE][PASSED] - Delayed 3 second(s)

24-10-2024T13:23:37 - [TEST_STEP][PASSED] - verifyElementText(findTestObject("Object Repository/APAC_University/Victoria_University/Verify_Popup_Message"), "This course is available to Australian citizens and permanent residents only."): Actual text and expected text of test object 'Object Repository/APAC_University/Victoria_University/Verify_Popup_Message' are matched.

24-10-2024T13:23:37 - [MESSAGE][PASSED] - Actual text and expected text of test object 'Object Repository/APAC_University/Victoria_University/Verify_Popup_Message' are matched.

24-10-2024T13:23:37 - [TEST_STEP][PASSED] - closeBrowser(): Browser is closed

24-10-2024T13:23:37 - [MESSAGE][PASSED] - Browser is closed]]></system-out>
         <system-err><![CDATA[]]></system-err>
      </testcase>
      <testcase name="Test Cases/APAC_Universities/SEO_PAGES/UTS_University/Enquiry_Now" time="44.813" classname="Test Cases/APAC_Universities/SEO_PAGES/UTS_University/Enquiry_Now" status="PASSED">
         <system-out><![CDATA[24-10-2024T13:23:37 - [TEST_CASE][PASSED] - Test Cases/APAC_Universities/SEO_PAGES/UTS_University/Enquiry_Now: Test Cases/APAC_Universities/SEO_PAGES/UTS_University/Enquiry_Now

24-10-2024T13:23:37 - [TEST_STEP][PASSED] - callTestCase(findTestCase("Test Cases/APAC_Universities/SEO_PAGES/UTS_University/Resuable_Testcases/Navigate_URL"), [:], STOP_ON_FAILURE): Call Test Case 'Test Cases/APAC_Universities/SEO_PAGES/UTS_University/Resuable_Testcases/Navigate_URL' successfully

24-10-2024T13:23:37 - [TEST_CASE][PASSED] - Test Cases/APAC_Universities/SEO_PAGES/UTS_University/Resuable_Testcases/Navigate_URL: Test Cases/APAC_Universities/SEO_PAGES/UTS_University/Resuable_Testcases/Navigate_URL

24-10-2024T13:23:37 - [TEST_STEP][PASSED] - openBrowser(""): Browser is opened with url: ''

24-10-2024T13:23:37 - [MESSAGE][INFO] - Starting 'Chrome' driver

24-10-2024T13:23:37 - [MESSAGE][INFO] - Action delay is set to 0 milliseconds

24-10-2024T13:23:38 - [MESSAGE][PASSED] - Browser is opened with url: ''

24-10-2024T13:23:38 - [TEST_STEP][PASSED] - navigateToUrl(University_UTS): Navigate to 'https://key:path@dev-uts-opm.pantheonsite.io/' successfully

24-10-2024T13:23:55 - [MESSAGE][PASSED] - Navigate to 'https://key:path@dev-uts-opm.pantheonsite.io/' successfully

24-10-2024T13:23:55 - [TEST_STEP][PASSED] - maximizeWindow(): Current window maximized

24-10-2024T13:24:05 - [MESSAGE][PASSED] - Current window maximized

24-10-2024T13:24:05 - [MESSAGE][PASSED] - Call Test Case 'Test Cases/APAC_Universities/SEO_PAGES/UTS_University/Resuable_Testcases/Navigate_URL' successfully

24-10-2024T13:24:05 - [TEST_STEP][PASSED] - waitForElementClickable(findTestObject("Object Repository/APAC_University/UTS_University/Button_Enquiry_Now"), 10): Object 'Object Repository/APAC_University/UTS_University/Button_Enquiry_Now' is clickable

24-10-2024T13:24:07 - [MESSAGE][PASSED] - Object 'Object Repository/APAC_University/UTS_University/Button_Enquiry_Now' is clickable

24-10-2024T13:24:07 - [TEST_STEP][PASSED] - click(findTestObject("Object Repository/APAC_University/UTS_University/Button_Enquiry_Now")): Object: 'Object Repository/APAC_University/UTS_University/Button_Enquiry_Now' is clicked on

24-10-2024T13:24:07 - [MESSAGE][PASSED] - Object: 'Object Repository/APAC_University/UTS_University/Button_Enquiry_Now' is clicked on

24-10-2024T13:24:07 - [TEST_STEP][PASSED] - callTestCase(findTestCase("Test Cases/APAC_Universities/SEO_PAGES/UTS_University/Resuable_Testcases/Lead_Form"), [:], STOP_ON_FAILURE): Call Test Case 'Test Cases/APAC_Universities/SEO_PAGES/UTS_University/Resuable_Testcases/Lead_Form' successfully

24-10-2024T13:24:07 - [TEST_CASE][PASSED] - Test Cases/APAC_Universities/SEO_PAGES/UTS_University/Resuable_Testcases/Lead_Form: Test Cases/APAC_Universities/SEO_PAGES/UTS_University/Resuable_Testcases/Lead_Form

24-10-2024T13:24:07 - [TEST_STEP][PASSED] - program = findTestObject("Object Repository/APAC_University/UTS_University/Dropdown_Program"): null

24-10-2024T13:24:07 - [TEST_STEP][PASSED] - selectOptionByIndex(program, keyPathPackage.customKeywords.selectRandomOptionFromDropdown()): All options with index in [2] are selected on object 'Object Repository/APAC_University/UTS_University/Dropdown_Program'

24-10-2024T13:24:07 - [MESSAGE][PASSED] - keyPathPackage.customKeywords.selectRandomOptionFromDropdown is PASSED

24-10-2024T13:24:08 - [MESSAGE][PASSED] - All options with index in [2] are selected on object 'Object Repository/APAC_University/UTS_University/Dropdown_Program'

24-10-2024T13:24:08 - [TEST_STEP][PASSED] - FirstName = keyPathPackage.customKeywords.generateRandomFirstName(): keyPathPackage.customKeywords.generateRandomFirstName is PASSED

24-10-2024T13:24:08 - [MESSAGE][PASSED] - keyPathPackage.customKeywords.generateRandomFirstName is PASSED

24-10-2024T13:24:08 - [TEST_STEP][PASSED] - setText(findTestObject("Object Repository/APAC_University/UTS_University/Field_Firstname"), FirstName): Text 'Dion' is set on object 'Object Repository/APAC_University/UTS_University/Field_Firstname'

24-10-2024T13:24:08 - [MESSAGE][PASSED] - Text 'Dion' is set on object 'Object Repository/APAC_University/UTS_University/Field_Firstname'

24-10-2024T13:24:08 - [TEST_STEP][PASSED] - LastName = keyPathPackage.customKeywords.generateRandomLastName(): keyPathPackage.customKeywords.generateRandomLastName is PASSED

24-10-2024T13:24:08 - [MESSAGE][PASSED] - keyPathPackage.customKeywords.generateRandomLastName is PASSED

24-10-2024T13:24:08 - [TEST_STEP][PASSED] - setText(findTestObject("Object Repository/APAC_University/UTS_University/Field_Lastname"), LastName): Text 'Testing Stanton' is set on object 'Object Repository/APAC_University/UTS_University/Field_Lastname'

24-10-2024T13:24:09 - [MESSAGE][PASSED] - Text 'Testing Stanton' is set on object 'Object Repository/APAC_University/UTS_University/Field_Lastname'

24-10-2024T13:24:09 - [TEST_STEP][PASSED] - selectOptionByLabel(findTestObject("Object Repository/APAC_University/UTS_University/Dropdown_Registered_Nurse"), "Yes", false): All options with label 'Yes' are selected in object 'Object Repository/APAC_University/UTS_University/Dropdown_Registered_Nurse' 

24-10-2024T13:24:09 - [MESSAGE][PASSED] - All options with label 'Yes' are selected in object 'Object Repository/APAC_University/UTS_University/Dropdown_Registered_Nurse' 

24-10-2024T13:24:09 - [TEST_STEP][PASSED] - waitForElementClickable(findTestObject("Object Repository/APAC_University/UTS_University/Button_Nextstep1"), 10): Object 'Object Repository/APAC_University/UTS_University/Button_Nextstep1' is clickable

24-10-2024T13:24:10 - [MESSAGE][PASSED] - Object 'Object Repository/APAC_University/UTS_University/Button_Nextstep1' is clickable

24-10-2024T13:24:10 - [TEST_STEP][PASSED] - click(findTestObject("Object Repository/APAC_University/UTS_University/Button_Nextstep1")): Object: 'Object Repository/APAC_University/UTS_University/Button_Nextstep1' is clicked on

24-10-2024T13:24:10 - [MESSAGE][PASSED] - Object: 'Object Repository/APAC_University/UTS_University/Button_Nextstep1' is clicked on

24-10-2024T13:24:10 - [TEST_STEP][PASSED] - startdate = findTestObject("Object Repository/APAC_University/UTS_University/Dropdown_Startdate"): null

24-10-2024T13:24:10 - [TEST_STEP][PASSED] - selectOptionByIndex(startdate, keyPathPackage.customKeywords.selectRandomOptionFromDropdown()): All options with index in [1] are selected on object 'Object Repository/APAC_University/UTS_University/Dropdown_Startdate'

24-10-2024T13:24:10 - [MESSAGE][PASSED] - keyPathPackage.customKeywords.selectRandomOptionFromDropdown is PASSED

24-10-2024T13:24:11 - [MESSAGE][PASSED] - All options with index in [1] are selected on object 'Object Repository/APAC_University/UTS_University/Dropdown_Startdate'

24-10-2024T13:24:11 - [TEST_STEP][PASSED] - selectOptionByValue(findTestObject("Object Repository/APAC_University/UTS_University/Dropdown_Highereducation"), Education_Level, false): All options with value 'Postgraduate diploma' are selected in object 'Object Repository/APAC_University/UTS_University/Dropdown_Highereducation' 

24-10-2024T13:24:11 - [MESSAGE][PASSED] - All options with value 'Postgraduate diploma' are selected in object 'Object Repository/APAC_University/UTS_University/Dropdown_Highereducation' 

24-10-2024T13:24:11 - [TEST_STEP][PASSED] - Workexperience = findTestObject("Object Repository/APAC_University/UTS_University/Dropdown_Workexperience"): null

24-10-2024T13:24:11 - [TEST_STEP][PASSED] - selectOptionByIndex(Workexperience, keyPathPackage.customKeywords.selectRandomOptionFromDropdown()): All options with index in [1] are selected on object 'Object Repository/APAC_University/UTS_University/Dropdown_Workexperience'

24-10-2024T13:24:11 - [MESSAGE][PASSED] - keyPathPackage.customKeywords.selectRandomOptionFromDropdown is PASSED

24-10-2024T13:24:12 - [MESSAGE][PASSED] - All options with index in [1] are selected on object 'Object Repository/APAC_University/UTS_University/Dropdown_Workexperience'

24-10-2024T13:24:12 - [TEST_STEP][PASSED] - Enquiryreason = findTestObject("Object Repository/APAC_University/UTS_University/Dropdown_Enquiry"): null

24-10-2024T13:24:12 - [TEST_STEP][PASSED] - selectOptionByIndex(Enquiryreason, keyPathPackage.customKeywords.selectRandomOptionFromDropdown()): All options with index in [1] are selected on object 'Object Repository/APAC_University/UTS_University/Dropdown_Enquiry'

24-10-2024T13:24:12 - [MESSAGE][PASSED] - keyPathPackage.customKeywords.selectRandomOptionFromDropdown is PASSED

24-10-2024T13:24:13 - [MESSAGE][PASSED] - All options with index in [1] are selected on object 'Object Repository/APAC_University/UTS_University/Dropdown_Enquiry'

24-10-2024T13:24:13 - [TEST_STEP][PASSED] - selectOptionByLabel(findTestObject("Object Repository/APAC_University/UTS_University/Dropdown_Country"), "Australia", false): All options with label 'Australia' are selected in object 'Object Repository/APAC_University/UTS_University/Dropdown_Country' 

24-10-2024T13:24:13 - [MESSAGE][PASSED] - All options with label 'Australia' are selected in object 'Object Repository/APAC_University/UTS_University/Dropdown_Country' 

24-10-2024T13:24:13 - [TEST_STEP][PASSED] - waitForElementClickable(findTestObject("Object Repository/APAC_University/UTS_University/Button_NextStep2"), 10): Object 'Object Repository/APAC_University/UTS_University/Button_NextStep2' is clickable

24-10-2024T13:24:13 - [MESSAGE][PASSED] - Object 'Object Repository/APAC_University/UTS_University/Button_NextStep2' is clickable

24-10-2024T13:24:13 - [TEST_STEP][PASSED] - click(findTestObject("Object Repository/APAC_University/UTS_University/Button_NextStep2")): Object: 'Object Repository/APAC_University/UTS_University/Button_NextStep2' is clicked on

24-10-2024T13:24:14 - [MESSAGE][PASSED] - Object: 'Object Repository/APAC_University/UTS_University/Button_NextStep2' is clicked on

24-10-2024T13:24:14 - [TEST_STEP][PASSED] - Phonenumber = keyPathPackage.customKeywords.generateRandomAustralianPhoneNumber(): keyPathPackage.customKeywords.generateRandomAustralianPhoneNumber is PASSED

24-10-2024T13:24:14 - [MESSAGE][PASSED] - keyPathPackage.customKeywords.generateRandomAustralianPhoneNumber is PASSED

24-10-2024T13:24:14 - [TEST_STEP][PASSED] - setText(findTestObject("Object Repository/APAC_University/UTS_University/Field_Phonenumber"), Phonenumber): Text '0462705328' is set on object 'Object Repository/APAC_University/UTS_University/Field_Phonenumber'

24-10-2024T13:24:15 - [MESSAGE][PASSED] - Text '0462705328' is set on object 'Object Repository/APAC_University/UTS_University/Field_Phonenumber'

24-10-2024T13:24:15 - [TEST_STEP][PASSED] - Email = keyPathPackage.customKeywords.generateRandomEmail(): keyPathPackage.customKeywords.generateRandomEmail is PASSED

24-10-2024T13:24:15 - [MESSAGE][PASSED] - keyPathPackage.customKeywords.generateRandomEmail is PASSED

24-10-2024T13:24:15 - [TEST_STEP][PASSED] - setText(findTestObject("Object Repository/APAC_University/UTS_University/Field_Email"), Email): Text 'petronila.bartoletti@hotmail.com' is set on object 'Object Repository/APAC_University/UTS_University/Field_Email'

24-10-2024T13:24:16 - [MESSAGE][PASSED] - Text 'petronila.bartoletti@hotmail.com' is set on object 'Object Repository/APAC_University/UTS_University/Field_Email'

24-10-2024T13:24:16 - [TEST_STEP][PASSED] - Postcode = keyPathPackage.customKeywords.selectRandomPostCode(): keyPathPackage.customKeywords.selectRandomPostCode is PASSED

24-10-2024T13:24:16 - [MESSAGE][PASSED] - keyPathPackage.customKeywords.selectRandomPostCode is PASSED

24-10-2024T13:24:16 - [TEST_STEP][PASSED] - setText(findTestObject("Object Repository/APAC_University/UTS_University/Field_Postcode"), Postcode): Text '8285' is set on object 'Object Repository/APAC_University/UTS_University/Field_Postcode'

24-10-2024T13:24:16 - [MESSAGE][PASSED] - Text '8285' is set on object 'Object Repository/APAC_University/UTS_University/Field_Postcode'

24-10-2024T13:24:16 - [TEST_STEP][PASSED] - waitForElementClickable(findTestObject("Object Repository/APAC_University/UTS_University/Button_Request_a_Call"), 10): Object 'Object Repository/APAC_University/UTS_University/Button_Request_a_Call' is clickable

24-10-2024T13:24:16 - [MESSAGE][PASSED] - Object 'Object Repository/APAC_University/UTS_University/Button_Request_a_Call' is clickable

24-10-2024T13:24:16 - [TEST_STEP][PASSED] - click(findTestObject("Object Repository/APAC_University/UTS_University/Button_Request_a_Call")): Object: 'Object Repository/APAC_University/UTS_University/Button_Request_a_Call' is clicked on

24-10-2024T13:24:17 - [MESSAGE][PASSED] - Object: 'Object Repository/APAC_University/UTS_University/Button_Request_a_Call' is clicked on

24-10-2024T13:24:17 - [TEST_STEP][PASSED] - delay(5): Delayed 5 second(s)

24-10-2024T13:24:22 - [MESSAGE][PASSED] - Delayed 5 second(s)

24-10-2024T13:24:22 - [TEST_STEP][PASSED] - verifyElementText(findTestObject("Object Repository/APAC_University/UTS_University/Verify_Welcome_Message"), "Thank you for your enquiry"): Actual text and expected text of test object 'Object Repository/APAC_University/UTS_University/Verify_Welcome_Message' are matched.

24-10-2024T13:24:22 - [MESSAGE][PASSED] - Actual text and expected text of test object 'Object Repository/APAC_University/UTS_University/Verify_Welcome_Message' are matched.

24-10-2024T13:24:22 - [MESSAGE][PASSED] - Call Test Case 'Test Cases/APAC_Universities/SEO_PAGES/UTS_University/Resuable_Testcases/Lead_Form' successfully]]></system-out>
         <system-err><![CDATA[]]></system-err>
      </testcase>
      <testcase name="Test Cases/APAC_Universities/SEO_PAGES/UTS_University/Main_Page" time="17.062" classname="Test Cases/APAC_Universities/SEO_PAGES/UTS_University/Main_Page" status="PASSED">
         <system-out><![CDATA[24-10-2024T13:24:22 - [TEST_CASE][PASSED] - Test Cases/APAC_Universities/SEO_PAGES/UTS_University/Main_Page: Test Cases/APAC_Universities/SEO_PAGES/UTS_University/Main_Page

24-10-2024T13:24:22 - [TEST_STEP][PASSED] - callTestCase(findTestCase("Test Cases/APAC_Universities/SEO_PAGES/UTS_University/Resuable_Testcases/Navigate_Homepage"), [:], STOP_ON_FAILURE): Call Test Case 'Test Cases/APAC_Universities/SEO_PAGES/UTS_University/Resuable_Testcases/Navigate_Homepage' successfully

24-10-2024T13:24:22 - [TEST_CASE][PASSED] - Test Cases/APAC_Universities/SEO_PAGES/UTS_University/Resuable_Testcases/Navigate_Homepage: Test Cases/APAC_Universities/SEO_PAGES/UTS_University/Resuable_Testcases/Navigate_Homepage

24-10-2024T13:24:22 - [TEST_STEP][PASSED] - waitForElementClickable(findTestObject("Object Repository/APAC_University/UTS_University/Button_Homepage"), 10): Object 'Object Repository/APAC_University/UTS_University/Button_Homepage' is clickable

24-10-2024T13:24:22 - [MESSAGE][PASSED] - Object 'Object Repository/APAC_University/UTS_University/Button_Homepage' is clickable

24-10-2024T13:24:22 - [TEST_STEP][PASSED] - click(findTestObject("Object Repository/APAC_University/UTS_University/Button_Homepage")): Object: 'Object Repository/APAC_University/UTS_University/Button_Homepage' is clicked on

24-10-2024T13:24:23 - [MESSAGE][PASSED] - Object: 'Object Repository/APAC_University/UTS_University/Button_Homepage' is clicked on

24-10-2024T13:24:23 - [MESSAGE][PASSED] - Call Test Case 'Test Cases/APAC_Universities/SEO_PAGES/UTS_University/Resuable_Testcases/Navigate_Homepage' successfully

24-10-2024T13:24:23 - [TEST_STEP][PASSED] - callTestCase(findTestCase("Test Cases/APAC_Universities/SEO_PAGES/UTS_University/Resuable_Testcases/Lead_Form"), [:], STOP_ON_FAILURE): Call Test Case 'Test Cases/APAC_Universities/SEO_PAGES/UTS_University/Resuable_Testcases/Lead_Form' successfully

24-10-2024T13:24:23 - [TEST_CASE][PASSED] - Test Cases/APAC_Universities/SEO_PAGES/UTS_University/Resuable_Testcases/Lead_Form: Test Cases/APAC_Universities/SEO_PAGES/UTS_University/Resuable_Testcases/Lead_Form

24-10-2024T13:24:23 - [TEST_STEP][PASSED] - program = findTestObject("Object Repository/APAC_University/UTS_University/Dropdown_Program"): null

24-10-2024T13:24:23 - [TEST_STEP][PASSED] - selectOptionByIndex(program, keyPathPackage.customKeywords.selectRandomOptionFromDropdown()): All options with index in [2] are selected on object 'Object Repository/APAC_University/UTS_University/Dropdown_Program'

24-10-2024T13:24:23 - [MESSAGE][PASSED] - keyPathPackage.customKeywords.selectRandomOptionFromDropdown is PASSED

24-10-2024T13:24:25 - [MESSAGE][PASSED] - All options with index in [2] are selected on object 'Object Repository/APAC_University/UTS_University/Dropdown_Program'

24-10-2024T13:24:25 - [TEST_STEP][PASSED] - FirstName = keyPathPackage.customKeywords.generateRandomFirstName(): keyPathPackage.customKeywords.generateRandomFirstName is PASSED

24-10-2024T13:24:25 - [MESSAGE][PASSED] - keyPathPackage.customKeywords.generateRandomFirstName is PASSED

24-10-2024T13:24:25 - [TEST_STEP][PASSED] - setText(findTestObject("Object Repository/APAC_University/UTS_University/Field_Firstname"), FirstName): Text 'Letha' is set on object 'Object Repository/APAC_University/UTS_University/Field_Firstname'

24-10-2024T13:24:26 - [MESSAGE][PASSED] - Text 'Letha' is set on object 'Object Repository/APAC_University/UTS_University/Field_Firstname'

24-10-2024T13:24:26 - [TEST_STEP][PASSED] - LastName = keyPathPackage.customKeywords.generateRandomLastName(): keyPathPackage.customKeywords.generateRandomLastName is PASSED

24-10-2024T13:24:26 - [MESSAGE][PASSED] - keyPathPackage.customKeywords.generateRandomLastName is PASSED

24-10-2024T13:24:26 - [TEST_STEP][PASSED] - setText(findTestObject("Object Repository/APAC_University/UTS_University/Field_Lastname"), LastName): Text 'Testing Schaden' is set on object 'Object Repository/APAC_University/UTS_University/Field_Lastname'

24-10-2024T13:24:26 - [MESSAGE][PASSED] - Text 'Testing Schaden' is set on object 'Object Repository/APAC_University/UTS_University/Field_Lastname'

24-10-2024T13:24:26 - [TEST_STEP][PASSED] - selectOptionByLabel(findTestObject("Object Repository/APAC_University/UTS_University/Dropdown_Registered_Nurse"), "Yes", false): All options with label 'Yes' are selected in object 'Object Repository/APAC_University/UTS_University/Dropdown_Registered_Nurse' 

24-10-2024T13:24:27 - [MESSAGE][PASSED] - All options with label 'Yes' are selected in object 'Object Repository/APAC_University/UTS_University/Dropdown_Registered_Nurse' 

24-10-2024T13:24:27 - [TEST_STEP][PASSED] - waitForElementClickable(findTestObject("Object Repository/APAC_University/UTS_University/Button_Nextstep1"), 10): Object 'Object Repository/APAC_University/UTS_University/Button_Nextstep1' is clickable

24-10-2024T13:24:27 - [MESSAGE][PASSED] - Object 'Object Repository/APAC_University/UTS_University/Button_Nextstep1' is clickable

24-10-2024T13:24:27 - [TEST_STEP][PASSED] - click(findTestObject("Object Repository/APAC_University/UTS_University/Button_Nextstep1")): Object: 'Object Repository/APAC_University/UTS_University/Button_Nextstep1' is clicked on

24-10-2024T13:24:27 - [MESSAGE][PASSED] - Object: 'Object Repository/APAC_University/UTS_University/Button_Nextstep1' is clicked on

24-10-2024T13:24:27 - [TEST_STEP][PASSED] - startdate = findTestObject("Object Repository/APAC_University/UTS_University/Dropdown_Startdate"): null

24-10-2024T13:24:27 - [TEST_STEP][PASSED] - selectOptionByIndex(startdate, keyPathPackage.customKeywords.selectRandomOptionFromDropdown()): All options with index in [1] are selected on object 'Object Repository/APAC_University/UTS_University/Dropdown_Startdate'

24-10-2024T13:24:27 - [MESSAGE][PASSED] - keyPathPackage.customKeywords.selectRandomOptionFromDropdown is PASSED

24-10-2024T13:24:28 - [MESSAGE][PASSED] - All options with index in [1] are selected on object 'Object Repository/APAC_University/UTS_University/Dropdown_Startdate'

24-10-2024T13:24:28 - [TEST_STEP][PASSED] - selectOptionByValue(findTestObject("Object Repository/APAC_University/UTS_University/Dropdown_Highereducation"), Education_Level, false): All options with value 'Postgraduate diploma' are selected in object 'Object Repository/APAC_University/UTS_University/Dropdown_Highereducation' 

24-10-2024T13:24:29 - [MESSAGE][PASSED] - All options with value 'Postgraduate diploma' are selected in object 'Object Repository/APAC_University/UTS_University/Dropdown_Highereducation' 

24-10-2024T13:24:29 - [TEST_STEP][PASSED] - Workexperience = findTestObject("Object Repository/APAC_University/UTS_University/Dropdown_Workexperience"): null

24-10-2024T13:24:29 - [TEST_STEP][PASSED] - selectOptionByIndex(Workexperience, keyPathPackage.customKeywords.selectRandomOptionFromDropdown()): All options with index in [1] are selected on object 'Object Repository/APAC_University/UTS_University/Dropdown_Workexperience'

24-10-2024T13:24:29 - [MESSAGE][PASSED] - keyPathPackage.customKeywords.selectRandomOptionFromDropdown is PASSED

24-10-2024T13:24:30 - [MESSAGE][PASSED] - All options with index in [1] are selected on object 'Object Repository/APAC_University/UTS_University/Dropdown_Workexperience'

24-10-2024T13:24:30 - [TEST_STEP][PASSED] - Enquiryreason = findTestObject("Object Repository/APAC_University/UTS_University/Dropdown_Enquiry"): null

24-10-2024T13:24:30 - [TEST_STEP][PASSED] - selectOptionByIndex(Enquiryreason, keyPathPackage.customKeywords.selectRandomOptionFromDropdown()): All options with index in [1] are selected on object 'Object Repository/APAC_University/UTS_University/Dropdown_Enquiry'

24-10-2024T13:24:30 - [MESSAGE][PASSED] - keyPathPackage.customKeywords.selectRandomOptionFromDropdown is PASSED

24-10-2024T13:24:30 - [MESSAGE][PASSED] - All options with index in [1] are selected on object 'Object Repository/APAC_University/UTS_University/Dropdown_Enquiry'

24-10-2024T13:24:30 - [TEST_STEP][PASSED] - selectOptionByLabel(findTestObject("Object Repository/APAC_University/UTS_University/Dropdown_Country"), "Australia", false): All options with label 'Australia' are selected in object 'Object Repository/APAC_University/UTS_University/Dropdown_Country' 

24-10-2024T13:24:31 - [MESSAGE][PASSED] - All options with label 'Australia' are selected in object 'Object Repository/APAC_University/UTS_University/Dropdown_Country' 

24-10-2024T13:24:31 - [TEST_STEP][PASSED] - waitForElementClickable(findTestObject("Object Repository/APAC_University/UTS_University/Button_NextStep2"), 10): Object 'Object Repository/APAC_University/UTS_University/Button_NextStep2' is clickable

24-10-2024T13:24:31 - [MESSAGE][PASSED] - Object 'Object Repository/APAC_University/UTS_University/Button_NextStep2' is clickable

24-10-2024T13:24:31 - [TEST_STEP][PASSED] - click(findTestObject("Object Repository/APAC_University/UTS_University/Button_NextStep2")): Object: 'Object Repository/APAC_University/UTS_University/Button_NextStep2' is clicked on

24-10-2024T13:24:31 - [MESSAGE][PASSED] - Object: 'Object Repository/APAC_University/UTS_University/Button_NextStep2' is clicked on

24-10-2024T13:24:31 - [TEST_STEP][PASSED] - Phonenumber = keyPathPackage.customKeywords.generateRandomAustralianPhoneNumber(): keyPathPackage.customKeywords.generateRandomAustralianPhoneNumber is PASSED

24-10-2024T13:24:31 - [MESSAGE][PASSED] - keyPathPackage.customKeywords.generateRandomAustralianPhoneNumber is PASSED

24-10-2024T13:24:31 - [TEST_STEP][PASSED] - setText(findTestObject("Object Repository/APAC_University/UTS_University/Field_Phonenumber"), Phonenumber): Text '0404556176' is set on object 'Object Repository/APAC_University/UTS_University/Field_Phonenumber'

24-10-2024T13:24:32 - [MESSAGE][PASSED] - Text '0404556176' is set on object 'Object Repository/APAC_University/UTS_University/Field_Phonenumber'

24-10-2024T13:24:32 - [TEST_STEP][PASSED] - Email = keyPathPackage.customKeywords.generateRandomEmail(): keyPathPackage.customKeywords.generateRandomEmail is PASSED

24-10-2024T13:24:32 - [MESSAGE][PASSED] - keyPathPackage.customKeywords.generateRandomEmail is PASSED

24-10-2024T13:24:32 - [TEST_STEP][PASSED] - setText(findTestObject("Object Repository/APAC_University/UTS_University/Field_Email"), Email): Text 'buffy.hahn@gmail.com' is set on object 'Object Repository/APAC_University/UTS_University/Field_Email'

24-10-2024T13:24:33 - [MESSAGE][PASSED] - Text 'buffy.hahn@gmail.com' is set on object 'Object Repository/APAC_University/UTS_University/Field_Email'

24-10-2024T13:24:33 - [TEST_STEP][PASSED] - Postcode = keyPathPackage.customKeywords.selectRandomPostCode(): keyPathPackage.customKeywords.selectRandomPostCode is PASSED

24-10-2024T13:24:33 - [MESSAGE][PASSED] - keyPathPackage.customKeywords.selectRandomPostCode is PASSED

24-10-2024T13:24:33 - [TEST_STEP][PASSED] - setText(findTestObject("Object Repository/APAC_University/UTS_University/Field_Postcode"), Postcode): Text '6259' is set on object 'Object Repository/APAC_University/UTS_University/Field_Postcode'

24-10-2024T13:24:33 - [MESSAGE][PASSED] - Text '6259' is set on object 'Object Repository/APAC_University/UTS_University/Field_Postcode'

24-10-2024T13:24:33 - [TEST_STEP][PASSED] - waitForElementClickable(findTestObject("Object Repository/APAC_University/UTS_University/Button_Request_a_Call"), 10): Object 'Object Repository/APAC_University/UTS_University/Button_Request_a_Call' is clickable

24-10-2024T13:24:33 - [MESSAGE][PASSED] - Object 'Object Repository/APAC_University/UTS_University/Button_Request_a_Call' is clickable

24-10-2024T13:24:33 - [TEST_STEP][PASSED] - click(findTestObject("Object Repository/APAC_University/UTS_University/Button_Request_a_Call")): Object: 'Object Repository/APAC_University/UTS_University/Button_Request_a_Call' is clicked on

24-10-2024T13:24:34 - [MESSAGE][PASSED] - Object: 'Object Repository/APAC_University/UTS_University/Button_Request_a_Call' is clicked on

24-10-2024T13:24:34 - [TEST_STEP][PASSED] - delay(5): Delayed 5 second(s)

24-10-2024T13:24:39 - [MESSAGE][PASSED] - Delayed 5 second(s)

24-10-2024T13:24:39 - [TEST_STEP][PASSED] - verifyElementText(findTestObject("Object Repository/APAC_University/UTS_University/Verify_Welcome_Message"), "Thank you for your enquiry"): Actual text and expected text of test object 'Object Repository/APAC_University/UTS_University/Verify_Welcome_Message' are matched.

24-10-2024T13:24:39 - [MESSAGE][PASSED] - Actual text and expected text of test object 'Object Repository/APAC_University/UTS_University/Verify_Welcome_Message' are matched.

24-10-2024T13:24:39 - [MESSAGE][PASSED] - Call Test Case 'Test Cases/APAC_Universities/SEO_PAGES/UTS_University/Resuable_Testcases/Lead_Form' successfully

24-10-2024T13:24:39 - [TEST_STEP][PASSED] - closeBrowser(): Browser is closed

24-10-2024T13:24:39 - [MESSAGE][PASSED] - Browser is closed]]></system-out>
         <system-err><![CDATA[]]></system-err>
      </testcase>
      <testcase name="Test Cases/APAC_Universities/SEO_PAGES/Edith_Cowan_University/Enquiry_Now" time="34.951" classname="Test Cases/APAC_Universities/SEO_PAGES/Edith_Cowan_University/Enquiry_Now" status="PASSED">
         <system-out><![CDATA[24-10-2024T13:24:39 - [TEST_CASE][PASSED] - Test Cases/APAC_Universities/SEO_PAGES/Edith_Cowan_University/Enquiry_Now: Test Cases/APAC_Universities/SEO_PAGES/Edith_Cowan_University/Enquiry_Now

24-10-2024T13:24:39 - [TEST_STEP][PASSED] - callTestCase(findTestCase("Test Cases/APAC_Universities/SEO_PAGES/Edith_Cowan_University/Reusable_Testcases/Navigate_URL"), [:], STOP_ON_FAILURE): Call Test Case 'Test Cases/APAC_Universities/SEO_PAGES/Edith_Cowan_University/Reusable_Testcases/Navigate_URL' successfully

24-10-2024T13:24:39 - [TEST_CASE][PASSED] - Test Cases/APAC_Universities/SEO_PAGES/Edith_Cowan_University/Reusable_Testcases/Navigate_URL: Test Cases/APAC_Universities/SEO_PAGES/Edith_Cowan_University/Reusable_Testcases/Navigate_URL

24-10-2024T13:24:39 - [TEST_STEP][PASSED] - openBrowser(""): Browser is opened with url: ''

24-10-2024T13:24:39 - [MESSAGE][INFO] - Starting 'Chrome' driver

24-10-2024T13:24:39 - [MESSAGE][INFO] - Action delay is set to 0 milliseconds

24-10-2024T13:24:40 - [MESSAGE][PASSED] - Browser is opened with url: ''

24-10-2024T13:24:40 - [TEST_STEP][PASSED] - navigateToUrl(University_ECU): Navigate to 'https://key:path@dev-ecu-opm.pantheonsite.io/' successfully

24-10-2024T13:24:57 - [MESSAGE][PASSED] - Navigate to 'https://key:path@dev-ecu-opm.pantheonsite.io/' successfully

24-10-2024T13:24:57 - [TEST_STEP][PASSED] - maximizeWindow(): Current window maximized

24-10-2024T13:24:57 - [MESSAGE][PASSED] - Current window maximized

24-10-2024T13:24:57 - [MESSAGE][PASSED] - Call Test Case 'Test Cases/APAC_Universities/SEO_PAGES/Edith_Cowan_University/Reusable_Testcases/Navigate_URL' successfully

24-10-2024T13:24:57 - [TEST_STEP][PASSED] - waitForElementClickable(findTestObject("Object Repository/APAC_University/Edith_Cowan_University/Button_Enquiry_Now"), 10): Object 'Object Repository/APAC_University/Edith_Cowan_University/Button_Enquiry_Now' is clickable

24-10-2024T13:24:58 - [MESSAGE][PASSED] - Object 'Object Repository/APAC_University/Edith_Cowan_University/Button_Enquiry_Now' is clickable

24-10-2024T13:24:58 - [TEST_STEP][PASSED] - click(findTestObject("Object Repository/APAC_University/Edith_Cowan_University/Button_Enquiry_Now")): Object: 'Object Repository/APAC_University/Edith_Cowan_University/Button_Enquiry_Now' is clicked on

24-10-2024T13:24:59 - [MESSAGE][PASSED] - Object: 'Object Repository/APAC_University/Edith_Cowan_University/Button_Enquiry_Now' is clicked on

24-10-2024T13:24:59 - [TEST_STEP][PASSED] - callTestCase(findTestCase("Test Cases/APAC_Universities/SEO_PAGES/Edith_Cowan_University/Reusable_Testcases/Lead_Form"), [:], STOP_ON_FAILURE): Call Test Case 'Test Cases/APAC_Universities/SEO_PAGES/Edith_Cowan_University/Reusable_Testcases/Lead_Form' successfully

24-10-2024T13:24:59 - [TEST_CASE][PASSED] - Test Cases/APAC_Universities/SEO_PAGES/Edith_Cowan_University/Reusable_Testcases/Lead_Form: Test Cases/APAC_Universities/SEO_PAGES/Edith_Cowan_University/Reusable_Testcases/Lead_Form

24-10-2024T13:24:59 - [TEST_STEP][PASSED] - program = findTestObject("Object Repository/APAC_University/Edith_Cowan_University/Dropdown_Program"): null

24-10-2024T13:24:59 - [TEST_STEP][PASSED] - selectOptionByIndex(program, keyPathPackage.customKeywords.selectRandomOptionFromDropdown()): All options with index in [1] are selected on object 'Object Repository/APAC_University/Edith_Cowan_University/Dropdown_Program'

24-10-2024T13:24:59 - [MESSAGE][PASSED] - keyPathPackage.customKeywords.selectRandomOptionFromDropdown is PASSED

24-10-2024T13:25:01 - [MESSAGE][PASSED] - All options with index in [1] are selected on object 'Object Repository/APAC_University/Edith_Cowan_University/Dropdown_Program'

24-10-2024T13:25:01 - [TEST_STEP][PASSED] - FirstName = keyPathPackage.customKeywords.generateRandomFirstName(): keyPathPackage.customKeywords.generateRandomFirstName is PASSED

24-10-2024T13:25:01 - [MESSAGE][PASSED] - keyPathPackage.customKeywords.generateRandomFirstName is PASSED

24-10-2024T13:25:01 - [TEST_STEP][PASSED] - setText(findTestObject("Object Repository/APAC_University/Edith_Cowan_University/Field_Firstname"), FirstName): Text 'Romeo' is set on object 'Object Repository/APAC_University/Edith_Cowan_University/Field_Firstname'

24-10-2024T13:25:02 - [MESSAGE][PASSED] - Text 'Romeo' is set on object 'Object Repository/APAC_University/Edith_Cowan_University/Field_Firstname'

24-10-2024T13:25:02 - [TEST_STEP][PASSED] - LastName = keyPathPackage.customKeywords.generateRandomLastName(): keyPathPackage.customKeywords.generateRandomLastName is PASSED

24-10-2024T13:25:02 - [MESSAGE][PASSED] - keyPathPackage.customKeywords.generateRandomLastName is PASSED

24-10-2024T13:25:02 - [TEST_STEP][PASSED] - setText(findTestObject("Object Repository/APAC_University/Edith_Cowan_University/Field_Lastname"), LastName): Text 'Testing Cole' is set on object 'Object Repository/APAC_University/Edith_Cowan_University/Field_Lastname'

24-10-2024T13:25:02 - [MESSAGE][PASSED] - Text 'Testing Cole' is set on object 'Object Repository/APAC_University/Edith_Cowan_University/Field_Lastname'

24-10-2024T13:25:02 - [TEST_STEP][PASSED] - waitForElementClickable(findTestObject("Object Repository/APAC_University/Edith_Cowan_University/Button_NextStep2"), 10): Object 'Object Repository/APAC_University/Edith_Cowan_University/Button_NextStep2' is clickable

24-10-2024T13:25:02 - [MESSAGE][PASSED] - Object 'Object Repository/APAC_University/Edith_Cowan_University/Button_NextStep2' is clickable

24-10-2024T13:25:02 - [TEST_STEP][PASSED] - click(findTestObject("Object Repository/APAC_University/Edith_Cowan_University/Button_NextStep2")): Object: 'Object Repository/APAC_University/Edith_Cowan_University/Button_NextStep2' is clicked on

24-10-2024T13:25:03 - [MESSAGE][PASSED] - Object: 'Object Repository/APAC_University/Edith_Cowan_University/Button_NextStep2' is clicked on

24-10-2024T13:25:03 - [TEST_STEP][PASSED] - startdate = findTestObject("Object Repository/APAC_University/Edith_Cowan_University/Dropdown_Startdate"): null

24-10-2024T13:25:03 - [TEST_STEP][PASSED] - selectOptionByIndex(startdate, keyPathPackage.customKeywords.selectRandomOptionFromDropdown()): All options with index in [1] are selected on object 'Object Repository/APAC_University/Edith_Cowan_University/Dropdown_Startdate'

24-10-2024T13:25:03 - [MESSAGE][PASSED] - keyPathPackage.customKeywords.selectRandomOptionFromDropdown is PASSED

24-10-2024T13:25:04 - [MESSAGE][PASSED] - All options with index in [1] are selected on object 'Object Repository/APAC_University/Edith_Cowan_University/Dropdown_Startdate'

24-10-2024T13:25:04 - [TEST_STEP][PASSED] - Enquiryreason = findTestObject("Object Repository/APAC_University/Edith_Cowan_University/Dropdown_Enquiry"): null

24-10-2024T13:25:04 - [TEST_STEP][PASSED] - selectOptionByIndex(Enquiryreason, keyPathPackage.customKeywords.selectRandomOptionFromDropdown()): All options with index in [2] are selected on object 'Object Repository/APAC_University/Edith_Cowan_University/Dropdown_Enquiry'

24-10-2024T13:25:04 - [MESSAGE][PASSED] - keyPathPackage.customKeywords.selectRandomOptionFromDropdown is PASSED

24-10-2024T13:25:04 - [MESSAGE][PASSED] - All options with index in [2] are selected on object 'Object Repository/APAC_University/Edith_Cowan_University/Dropdown_Enquiry'

24-10-2024T13:25:04 - [TEST_STEP][PASSED] - selectOptionByValue(findTestObject("Object Repository/APAC_University/Edith_Cowan_University/Dropdown_Highereducation"), Education_Level, false): All options with value 'Postgraduate diploma' are selected in object 'Object Repository/APAC_University/Edith_Cowan_University/Dropdown_Highereducation' 

24-10-2024T13:25:05 - [MESSAGE][PASSED] - All options with value 'Postgraduate diploma' are selected in object 'Object Repository/APAC_University/Edith_Cowan_University/Dropdown_Highereducation' 

24-10-2024T13:25:05 - [TEST_STEP][PASSED] - Workexperience = findTestObject("Object Repository/APAC_University/Edith_Cowan_University/Dropdown_Workexperience"): null

24-10-2024T13:25:05 - [TEST_STEP][PASSED] - selectOptionByIndex(Workexperience, keyPathPackage.customKeywords.selectRandomOptionFromDropdown()): All options with index in [2] are selected on object 'Object Repository/APAC_University/Edith_Cowan_University/Dropdown_Workexperience'

24-10-2024T13:25:05 - [MESSAGE][PASSED] - keyPathPackage.customKeywords.selectRandomOptionFromDropdown is PASSED

24-10-2024T13:25:06 - [MESSAGE][PASSED] - All options with index in [2] are selected on object 'Object Repository/APAC_University/Edith_Cowan_University/Dropdown_Workexperience'

24-10-2024T13:25:06 - [TEST_STEP][PASSED] - waitForElementClickable(findTestObject("Object Repository/APAC_University/Edith_Cowan_University/Button_NextStep3"), 10): Object 'Object Repository/APAC_University/Edith_Cowan_University/Button_NextStep3' is clickable

24-10-2024T13:25:06 - [MESSAGE][PASSED] - Object 'Object Repository/APAC_University/Edith_Cowan_University/Button_NextStep3' is clickable

24-10-2024T13:25:06 - [TEST_STEP][PASSED] - click(findTestObject("Object Repository/APAC_University/Edith_Cowan_University/Button_NextStep3")): Object: 'Object Repository/APAC_University/Edith_Cowan_University/Button_NextStep3' is clicked on

24-10-2024T13:25:06 - [MESSAGE][PASSED] - Object: 'Object Repository/APAC_University/Edith_Cowan_University/Button_NextStep3' is clicked on

24-10-2024T13:25:06 - [TEST_STEP][PASSED] - Phonenumber = keyPathPackage.customKeywords.generateRandomAustralianPhoneNumber(): keyPathPackage.customKeywords.generateRandomAustralianPhoneNumber is PASSED

24-10-2024T13:25:06 - [MESSAGE][PASSED] - keyPathPackage.customKeywords.generateRandomAustralianPhoneNumber is PASSED

24-10-2024T13:25:06 - [TEST_STEP][PASSED] - setText(findTestObject("Object Repository/APAC_University/Edith_Cowan_University/Field_Phonenumber"), Phonenumber): Text '0477898291' is set on object 'Object Repository/APAC_University/Edith_Cowan_University/Field_Phonenumber'

24-10-2024T13:25:07 - [MESSAGE][PASSED] - Text '0477898291' is set on object 'Object Repository/APAC_University/Edith_Cowan_University/Field_Phonenumber'

24-10-2024T13:25:07 - [TEST_STEP][PASSED] - Email = keyPathPackage.customKeywords.generateRandomEmail(): keyPathPackage.customKeywords.generateRandomEmail is PASSED

24-10-2024T13:25:07 - [MESSAGE][PASSED] - keyPathPackage.customKeywords.generateRandomEmail is PASSED

24-10-2024T13:25:07 - [TEST_STEP][PASSED] - setText(findTestObject("Object Repository/APAC_University/Edith_Cowan_University/Field_Email"), Email): Text 'philip.crona@hotmail.com' is set on object 'Object Repository/APAC_University/Edith_Cowan_University/Field_Email'

24-10-2024T13:25:08 - [MESSAGE][PASSED] - Text 'philip.crona@hotmail.com' is set on object 'Object Repository/APAC_University/Edith_Cowan_University/Field_Email'

24-10-2024T13:25:08 - [TEST_STEP][PASSED] - Postcode = keyPathPackage.customKeywords.selectRandomPostCode(): keyPathPackage.customKeywords.selectRandomPostCode is PASSED

24-10-2024T13:25:08 - [MESSAGE][PASSED] - keyPathPackage.customKeywords.selectRandomPostCode is PASSED

24-10-2024T13:25:08 - [TEST_STEP][PASSED] - setText(findTestObject("Object Repository/APAC_University/Edith_Cowan_University/Field_Postcode"), Postcode): Text '1284' is set on object 'Object Repository/APAC_University/Edith_Cowan_University/Field_Postcode'

24-10-2024T13:25:08 - [MESSAGE][PASSED] - Text '1284' is set on object 'Object Repository/APAC_University/Edith_Cowan_University/Field_Postcode'

24-10-2024T13:25:08 - [TEST_STEP][PASSED] - waitForElementClickable(findTestObject("Object Repository/APAC_University/Edith_Cowan_University/Button_Submit"), 10): Object 'Object Repository/APAC_University/Edith_Cowan_University/Button_Submit' is clickable

24-10-2024T13:25:08 - [MESSAGE][PASSED] - Object 'Object Repository/APAC_University/Edith_Cowan_University/Button_Submit' is clickable

24-10-2024T13:25:08 - [TEST_STEP][PASSED] - click(findTestObject("Object Repository/APAC_University/Edith_Cowan_University/Button_Submit")): Object: 'Object Repository/APAC_University/Edith_Cowan_University/Button_Submit' is clicked on

24-10-2024T13:25:09 - [MESSAGE][PASSED] - Object: 'Object Repository/APAC_University/Edith_Cowan_University/Button_Submit' is clicked on

24-10-2024T13:25:09 - [TEST_STEP][PASSED] - delay(5): Delayed 5 second(s)

24-10-2024T13:25:14 - [MESSAGE][PASSED] - Delayed 5 second(s)

24-10-2024T13:25:14 - [TEST_STEP][PASSED] - verifyElementText(findTestObject("Object Repository/APAC_University/Edith_Cowan_University/Verify_Content"), "Thanks for your enquiry"): Actual text and expected text of test object 'Object Repository/APAC_University/Edith_Cowan_University/Verify_Content' are matched.

24-10-2024T13:25:14 - [MESSAGE][PASSED] - Actual text and expected text of test object 'Object Repository/APAC_University/Edith_Cowan_University/Verify_Content' are matched.

24-10-2024T13:25:14 - [MESSAGE][PASSED] - Call Test Case 'Test Cases/APAC_Universities/SEO_PAGES/Edith_Cowan_University/Reusable_Testcases/Lead_Form' successfully]]></system-out>
         <system-err><![CDATA[]]></system-err>
      </testcase>
      <testcase name="Test Cases/APAC_Universities/SEO_PAGES/Edith_Cowan_University/Main_Page" time="16.232" classname="Test Cases/APAC_Universities/SEO_PAGES/Edith_Cowan_University/Main_Page" status="PASSED">
         <system-out><![CDATA[24-10-2024T13:25:14 - [TEST_CASE][PASSED] - Test Cases/APAC_Universities/SEO_PAGES/Edith_Cowan_University/Main_Page: Test Cases/APAC_Universities/SEO_PAGES/Edith_Cowan_University/Main_Page

24-10-2024T13:25:14 - [TEST_STEP][PASSED] - callTestCase(findTestCase("Test Cases/APAC_Universities/SEO_PAGES/Edith_Cowan_University/Reusable_Testcases/Navigate_HomePage"), [:], STOP_ON_FAILURE): Call Test Case 'Test Cases/APAC_Universities/SEO_PAGES/Edith_Cowan_University/Reusable_Testcases/Navigate_HomePage' successfully

24-10-2024T13:25:14 - [TEST_CASE][PASSED] - Test Cases/APAC_Universities/SEO_PAGES/Edith_Cowan_University/Reusable_Testcases/Navigate_HomePage: Test Cases/APAC_Universities/SEO_PAGES/Edith_Cowan_University/Reusable_Testcases/Navigate_HomePage

24-10-2024T13:25:14 - [TEST_STEP][PASSED] - waitForElementClickable(findTestObject("Object Repository/APAC_University/Edith_Cowan_University/Image_Homepage"), 10): Object 'Object Repository/APAC_University/Edith_Cowan_University/Image_Homepage' is clickable

24-10-2024T13:25:14 - [MESSAGE][PASSED] - Object 'Object Repository/APAC_University/Edith_Cowan_University/Image_Homepage' is clickable

24-10-2024T13:25:14 - [TEST_STEP][PASSED] - click(findTestObject("Object Repository/APAC_University/Edith_Cowan_University/Image_Homepage")): Object: 'Object Repository/APAC_University/Edith_Cowan_University/Image_Homepage' is clicked on

24-10-2024T13:25:16 - [MESSAGE][PASSED] - Object: 'Object Repository/APAC_University/Edith_Cowan_University/Image_Homepage' is clicked on

24-10-2024T13:25:16 - [MESSAGE][PASSED] - Call Test Case 'Test Cases/APAC_Universities/SEO_PAGES/Edith_Cowan_University/Reusable_Testcases/Navigate_HomePage' successfully

24-10-2024T13:25:16 - [TEST_STEP][PASSED] - callTestCase(findTestCase("Test Cases/APAC_Universities/SEO_PAGES/Edith_Cowan_University/Reusable_Testcases/Lead_Form"), [:], STOP_ON_FAILURE): Call Test Case 'Test Cases/APAC_Universities/SEO_PAGES/Edith_Cowan_University/Reusable_Testcases/Lead_Form' successfully

24-10-2024T13:25:16 - [TEST_CASE][PASSED] - Test Cases/APAC_Universities/SEO_PAGES/Edith_Cowan_University/Reusable_Testcases/Lead_Form: Test Cases/APAC_Universities/SEO_PAGES/Edith_Cowan_University/Reusable_Testcases/Lead_Form

24-10-2024T13:25:16 - [TEST_STEP][PASSED] - program = findTestObject("Object Repository/APAC_University/Edith_Cowan_University/Dropdown_Program"): null

24-10-2024T13:25:16 - [TEST_STEP][PASSED] - selectOptionByIndex(program, keyPathPackage.customKeywords.selectRandomOptionFromDropdown()): All options with index in [1] are selected on object 'Object Repository/APAC_University/Edith_Cowan_University/Dropdown_Program'

24-10-2024T13:25:16 - [MESSAGE][PASSED] - keyPathPackage.customKeywords.selectRandomOptionFromDropdown is PASSED

24-10-2024T13:25:17 - [MESSAGE][PASSED] - All options with index in [1] are selected on object 'Object Repository/APAC_University/Edith_Cowan_University/Dropdown_Program'

24-10-2024T13:25:17 - [TEST_STEP][PASSED] - FirstName = keyPathPackage.customKeywords.generateRandomFirstName(): keyPathPackage.customKeywords.generateRandomFirstName is PASSED

24-10-2024T13:25:17 - [MESSAGE][PASSED] - keyPathPackage.customKeywords.generateRandomFirstName is PASSED

24-10-2024T13:25:17 - [TEST_STEP][PASSED] - setText(findTestObject("Object Repository/APAC_University/Edith_Cowan_University/Field_Firstname"), FirstName): Text 'Steve' is set on object 'Object Repository/APAC_University/Edith_Cowan_University/Field_Firstname'

24-10-2024T13:25:18 - [MESSAGE][PASSED] - Text 'Steve' is set on object 'Object Repository/APAC_University/Edith_Cowan_University/Field_Firstname'

24-10-2024T13:25:18 - [TEST_STEP][PASSED] - LastName = keyPathPackage.customKeywords.generateRandomLastName(): keyPathPackage.customKeywords.generateRandomLastName is PASSED

24-10-2024T13:25:18 - [MESSAGE][PASSED] - keyPathPackage.customKeywords.generateRandomLastName is PASSED

24-10-2024T13:25:18 - [TEST_STEP][PASSED] - setText(findTestObject("Object Repository/APAC_University/Edith_Cowan_University/Field_Lastname"), LastName): Text 'Testing Gulgowski' is set on object 'Object Repository/APAC_University/Edith_Cowan_University/Field_Lastname'

24-10-2024T13:25:19 - [MESSAGE][PASSED] - Text 'Testing Gulgowski' is set on object 'Object Repository/APAC_University/Edith_Cowan_University/Field_Lastname'

24-10-2024T13:25:19 - [TEST_STEP][PASSED] - waitForElementClickable(findTestObject("Object Repository/APAC_University/Edith_Cowan_University/Button_NextStep2"), 10): Object 'Object Repository/APAC_University/Edith_Cowan_University/Button_NextStep2' is clickable

24-10-2024T13:25:19 - [MESSAGE][PASSED] - Object 'Object Repository/APAC_University/Edith_Cowan_University/Button_NextStep2' is clickable

24-10-2024T13:25:19 - [TEST_STEP][PASSED] - click(findTestObject("Object Repository/APAC_University/Edith_Cowan_University/Button_NextStep2")): Object: 'Object Repository/APAC_University/Edith_Cowan_University/Button_NextStep2' is clicked on

24-10-2024T13:25:19 - [MESSAGE][PASSED] - Object: 'Object Repository/APAC_University/Edith_Cowan_University/Button_NextStep2' is clicked on

24-10-2024T13:25:19 - [TEST_STEP][PASSED] - startdate = findTestObject("Object Repository/APAC_University/Edith_Cowan_University/Dropdown_Startdate"): null

24-10-2024T13:25:19 - [TEST_STEP][PASSED] - selectOptionByIndex(startdate, keyPathPackage.customKeywords.selectRandomOptionFromDropdown()): All options with index in [2] are selected on object 'Object Repository/APAC_University/Edith_Cowan_University/Dropdown_Startdate'

24-10-2024T13:25:19 - [MESSAGE][PASSED] - keyPathPackage.customKeywords.selectRandomOptionFromDropdown is PASSED

24-10-2024T13:25:20 - [MESSAGE][PASSED] - All options with index in [2] are selected on object 'Object Repository/APAC_University/Edith_Cowan_University/Dropdown_Startdate'

24-10-2024T13:25:20 - [TEST_STEP][PASSED] - Enquiryreason = findTestObject("Object Repository/APAC_University/Edith_Cowan_University/Dropdown_Enquiry"): null

24-10-2024T13:25:20 - [TEST_STEP][PASSED] - selectOptionByIndex(Enquiryreason, keyPathPackage.customKeywords.selectRandomOptionFromDropdown()): All options with index in [1] are selected on object 'Object Repository/APAC_University/Edith_Cowan_University/Dropdown_Enquiry'

24-10-2024T13:25:20 - [MESSAGE][PASSED] - keyPathPackage.customKeywords.selectRandomOptionFromDropdown is PASSED

24-10-2024T13:25:21 - [MESSAGE][PASSED] - All options with index in [1] are selected on object 'Object Repository/APAC_University/Edith_Cowan_University/Dropdown_Enquiry'

24-10-2024T13:25:21 - [TEST_STEP][PASSED] - selectOptionByValue(findTestObject("Object Repository/APAC_University/Edith_Cowan_University/Dropdown_Highereducation"), Education_Level, false): All options with value 'Postgraduate diploma' are selected in object 'Object Repository/APAC_University/Edith_Cowan_University/Dropdown_Highereducation' 

24-10-2024T13:25:21 - [MESSAGE][PASSED] - All options with value 'Postgraduate diploma' are selected in object 'Object Repository/APAC_University/Edith_Cowan_University/Dropdown_Highereducation' 

24-10-2024T13:25:21 - [TEST_STEP][PASSED] - Workexperience = findTestObject("Object Repository/APAC_University/Edith_Cowan_University/Dropdown_Workexperience"): null

24-10-2024T13:25:21 - [TEST_STEP][PASSED] - selectOptionByIndex(Workexperience, keyPathPackage.customKeywords.selectRandomOptionFromDropdown()): All options with index in [2] are selected on object 'Object Repository/APAC_University/Edith_Cowan_University/Dropdown_Workexperience'

24-10-2024T13:25:21 - [MESSAGE][PASSED] - keyPathPackage.customKeywords.selectRandomOptionFromDropdown is PASSED

24-10-2024T13:25:22 - [MESSAGE][PASSED] - All options with index in [2] are selected on object 'Object Repository/APAC_University/Edith_Cowan_University/Dropdown_Workexperience'

24-10-2024T13:25:22 - [TEST_STEP][PASSED] - waitForElementClickable(findTestObject("Object Repository/APAC_University/Edith_Cowan_University/Button_NextStep3"), 10): Object 'Object Repository/APAC_University/Edith_Cowan_University/Button_NextStep3' is clickable

24-10-2024T13:25:22 - [MESSAGE][PASSED] - Object 'Object Repository/APAC_University/Edith_Cowan_University/Button_NextStep3' is clickable

24-10-2024T13:25:22 - [TEST_STEP][PASSED] - click(findTestObject("Object Repository/APAC_University/Edith_Cowan_University/Button_NextStep3")): Object: 'Object Repository/APAC_University/Edith_Cowan_University/Button_NextStep3' is clicked on

24-10-2024T13:25:22 - [MESSAGE][PASSED] - Object: 'Object Repository/APAC_University/Edith_Cowan_University/Button_NextStep3' is clicked on

24-10-2024T13:25:22 - [TEST_STEP][PASSED] - Phonenumber = keyPathPackage.customKeywords.generateRandomAustralianPhoneNumber(): keyPathPackage.customKeywords.generateRandomAustralianPhoneNumber is PASSED

24-10-2024T13:25:22 - [MESSAGE][PASSED] - keyPathPackage.customKeywords.generateRandomAustralianPhoneNumber is PASSED

24-10-2024T13:25:22 - [TEST_STEP][PASSED] - setText(findTestObject("Object Repository/APAC_University/Edith_Cowan_University/Field_Phonenumber"), Phonenumber): Text '0457333765' is set on object 'Object Repository/APAC_University/Edith_Cowan_University/Field_Phonenumber'

24-10-2024T13:25:23 - [MESSAGE][PASSED] - Text '0457333765' is set on object 'Object Repository/APAC_University/Edith_Cowan_University/Field_Phonenumber'

24-10-2024T13:25:23 - [TEST_STEP][PASSED] - Email = keyPathPackage.customKeywords.generateRandomEmail(): keyPathPackage.customKeywords.generateRandomEmail is PASSED

24-10-2024T13:25:23 - [MESSAGE][PASSED] - keyPathPackage.customKeywords.generateRandomEmail is PASSED

24-10-2024T13:25:23 - [TEST_STEP][PASSED] - setText(findTestObject("Object Repository/APAC_University/Edith_Cowan_University/Field_Email"), Email): Text 'harvey.lynch@gmail.com' is set on object 'Object Repository/APAC_University/Edith_Cowan_University/Field_Email'

24-10-2024T13:25:24 - [MESSAGE][PASSED] - Text 'harvey.lynch@gmail.com' is set on object 'Object Repository/APAC_University/Edith_Cowan_University/Field_Email'

24-10-2024T13:25:24 - [TEST_STEP][PASSED] - Postcode = keyPathPackage.customKeywords.selectRandomPostCode(): keyPathPackage.customKeywords.selectRandomPostCode is PASSED

24-10-2024T13:25:24 - [MESSAGE][PASSED] - keyPathPackage.customKeywords.selectRandomPostCode is PASSED

24-10-2024T13:25:24 - [TEST_STEP][PASSED] - setText(findTestObject("Object Repository/APAC_University/Edith_Cowan_University/Field_Postcode"), Postcode): Text '8664' is set on object 'Object Repository/APAC_University/Edith_Cowan_University/Field_Postcode'

24-10-2024T13:25:24 - [MESSAGE][PASSED] - Text '8664' is set on object 'Object Repository/APAC_University/Edith_Cowan_University/Field_Postcode'

24-10-2024T13:25:24 - [TEST_STEP][PASSED] - waitForElementClickable(findTestObject("Object Repository/APAC_University/Edith_Cowan_University/Button_Submit"), 10): Object 'Object Repository/APAC_University/Edith_Cowan_University/Button_Submit' is clickable

24-10-2024T13:25:25 - [MESSAGE][PASSED] - Object 'Object Repository/APAC_University/Edith_Cowan_University/Button_Submit' is clickable

24-10-2024T13:25:25 - [TEST_STEP][PASSED] - click(findTestObject("Object Repository/APAC_University/Edith_Cowan_University/Button_Submit")): Object: 'Object Repository/APAC_University/Edith_Cowan_University/Button_Submit' is clicked on

24-10-2024T13:25:25 - [MESSAGE][PASSED] - Object: 'Object Repository/APAC_University/Edith_Cowan_University/Button_Submit' is clicked on

24-10-2024T13:25:25 - [TEST_STEP][PASSED] - delay(5): Delayed 5 second(s)

24-10-2024T13:25:30 - [MESSAGE][PASSED] - Delayed 5 second(s)

24-10-2024T13:25:30 - [TEST_STEP][PASSED] - verifyElementText(findTestObject("Object Repository/APAC_University/Edith_Cowan_University/Verify_Content"), "Thanks for your enquiry"): Actual text and expected text of test object 'Object Repository/APAC_University/Edith_Cowan_University/Verify_Content' are matched.

24-10-2024T13:25:30 - [MESSAGE][PASSED] - Actual text and expected text of test object 'Object Repository/APAC_University/Edith_Cowan_University/Verify_Content' are matched.

24-10-2024T13:25:30 - [MESSAGE][PASSED] - Call Test Case 'Test Cases/APAC_Universities/SEO_PAGES/Edith_Cowan_University/Reusable_Testcases/Lead_Form' successfully

24-10-2024T13:25:30 - [TEST_STEP][PASSED] - closeBrowser(): Browser is closed

24-10-2024T13:25:30 - [MESSAGE][PASSED] - Browser is closed]]></system-out>
         <system-err><![CDATA[]]></system-err>
      </testcase>
      <testcase name="Test Cases/APAC_Universities/SEO_PAGES/MBS_University/Degree_Programs" time="28.523" classname="Test Cases/APAC_Universities/SEO_PAGES/MBS_University/Degree_Programs" status="PASSED">
         <system-out><![CDATA[24-10-2024T13:25:30 - [TEST_CASE][PASSED] - Test Cases/APAC_Universities/SEO_PAGES/MBS_University/Degree_Programs: Test Cases/APAC_Universities/SEO_PAGES/MBS_University/Degree_Programs

24-10-2024T13:25:30 - [TEST_STEP][PASSED] - callTestCase(findTestCase("Test Cases/APAC_Universities/SEO_PAGES/MBS_University/Resuable_Testcases/Navigate_URL"), [:], STOP_ON_FAILURE): Call Test Case 'Test Cases/APAC_Universities/SEO_PAGES/MBS_University/Resuable_Testcases/Navigate_URL' successfully

24-10-2024T13:25:30 - [TEST_CASE][PASSED] - Test Cases/APAC_Universities/SEO_PAGES/MBS_University/Resuable_Testcases/Navigate_URL: Test Cases/APAC_Universities/SEO_PAGES/MBS_University/Resuable_Testcases/Navigate_URL

24-10-2024T13:25:30 - [TEST_STEP][PASSED] - openBrowser(""): Browser is opened with url: ''

24-10-2024T13:25:30 - [MESSAGE][INFO] - Starting 'Chrome' driver

24-10-2024T13:25:30 - [MESSAGE][INFO] - Action delay is set to 0 milliseconds

24-10-2024T13:25:31 - [MESSAGE][PASSED] - Browser is opened with url: ''

24-10-2024T13:25:31 - [TEST_STEP][PASSED] - navigateToUrl(University_MBS): Navigate to 'https://key:path@dev-mbs-mkt.pantheonsite.io/' successfully

24-10-2024T13:25:34 - [MESSAGE][PASSED] - Navigate to 'https://key:path@dev-mbs-mkt.pantheonsite.io/' successfully

24-10-2024T13:25:34 - [TEST_STEP][PASSED] - maximizeWindow(): Current window maximized

24-10-2024T13:25:35 - [MESSAGE][PASSED] - Current window maximized

24-10-2024T13:25:35 - [MESSAGE][PASSED] - Call Test Case 'Test Cases/APAC_Universities/SEO_PAGES/MBS_University/Resuable_Testcases/Navigate_URL' successfully

24-10-2024T13:25:35 - [TEST_STEP][PASSED] - buttonObject = findTestObject("Object Repository/APAC_University/MBS_University/Degree Program/List_DegreePrograms"): null

24-10-2024T13:25:35 - [TEST_STEP][PASSED] - mouseOver(buttonObject): Object: 'Object Repository/APAC_University/MBS_University/Degree Program/List_DegreePrograms' is hovered

24-10-2024T13:25:35 - [MESSAGE][PASSED] - Object: 'Object Repository/APAC_University/MBS_University/Degree Program/List_DegreePrograms' is hovered

24-10-2024T13:25:35 - [TEST_STEP][PASSED] - list1 = findTestObject("Object Repository/APAC_University/MBS_University/Degree Program/DegreePrograms_ListOne"): null

24-10-2024T13:25:35 - [TEST_STEP][PASSED] - list2 = findTestObject("Object Repository/APAC_University/MBS_University/Degree Program/DegreePrograms_Listtwo"): null

24-10-2024T13:25:35 - [TEST_STEP][PASSED] - list3 = findTestObject("Object Repository/APAC_University/MBS_University/Degree Program/DegreePrograms_Listthree"): null

24-10-2024T13:25:35 - [TEST_STEP][PASSED] - list4 = findTestObject("Object Repository/APAC_University/MBS_University/Degree Program/DegreePrograms_Listfour"): null

24-10-2024T13:25:35 - [TEST_STEP][PASSED] - lists = [list1, list2, list3, list4]: null

24-10-2024T13:25:35 - [TEST_STEP][PASSED] - rand = new java.util.Random(): null

24-10-2024T13:25:35 - [TEST_STEP][PASSED] - randomListIndex = rand.nextInt(lists.size()): null

24-10-2024T13:25:35 - [TEST_STEP][PASSED] - selectedList = lists.get(randomListIndex): null

24-10-2024T13:25:35 - [TEST_STEP][PASSED] - waitForElementVisible(selectedList, 10): Object 'Object Repository/APAC_University/MBS_University/Degree Program/DegreePrograms_Listthree' is visible

24-10-2024T13:25:36 - [MESSAGE][PASSED] - Object 'Object Repository/APAC_University/MBS_University/Degree Program/DegreePrograms_Listthree' is visible

24-10-2024T13:25:36 - [TEST_STEP][PASSED] - listItems = findWebElements(selectedList, 30): Found web elements by test object Object Repository/APAC_University/MBS_University/Degree Program/DegreePrograms_Listthree

24-10-2024T13:25:37 - [MESSAGE][PASSED] - Found web elements by test object Object Repository/APAC_University/MBS_University/Degree Program/DegreePrograms_Listthree

24-10-2024T13:25:37 - [TEST_STEP][PASSED] - if (listItems.size() > 0): null

24-10-2024T13:25:37 - [TEST_STEP][PASSED] - randomItemIndex = rand.nextInt(listItems.size()): null

24-10-2024T13:25:37 - [TEST_STEP][PASSED] - randomItem = listItems.get(randomItemIndex): null

24-10-2024T13:25:37 - [TEST_STEP][PASSED] - randomItem.click(): null

24-10-2024T13:25:40 - [TEST_STEP][PASSED] - FirstName = keyPathPackage.customKeywords.generateRandomFirstName(): keyPathPackage.customKeywords.generateRandomFirstName is PASSED

24-10-2024T13:25:40 - [MESSAGE][PASSED] - keyPathPackage.customKeywords.generateRandomFirstName is PASSED

24-10-2024T13:25:40 - [TEST_STEP][PASSED] - setText(findTestObject("Object Repository/APAC_University/MBS_University/Degree Program/Field_Firstname"), FirstName): Text 'Denna' is set on object 'Object Repository/APAC_University/MBS_University/Degree Program/Field_Firstname'

24-10-2024T13:25:43 - [MESSAGE][PASSED] - Text 'Denna' is set on object 'Object Repository/APAC_University/MBS_University/Degree Program/Field_Firstname'

24-10-2024T13:25:43 - [TEST_STEP][PASSED] - LastName = keyPathPackage.customKeywords.generateRandomLastName(): keyPathPackage.customKeywords.generateRandomLastName is PASSED

24-10-2024T13:25:43 - [MESSAGE][PASSED] - keyPathPackage.customKeywords.generateRandomLastName is PASSED

24-10-2024T13:25:43 - [TEST_STEP][PASSED] - setText(findTestObject("Object Repository/APAC_University/MBS_University/Degree Program/Field_Lastname"), LastName): Text 'Testing Prohaska' is set on object 'Object Repository/APAC_University/MBS_University/Degree Program/Field_Lastname'

24-10-2024T13:25:44 - [MESSAGE][PASSED] - Text 'Testing Prohaska' is set on object 'Object Repository/APAC_University/MBS_University/Degree Program/Field_Lastname'

24-10-2024T13:25:44 - [TEST_STEP][PASSED] - click(findTestObject("Object Repository/APAC_University/MBS_University/Degree Program/Button_NextStep2")): Object: 'Object Repository/APAC_University/MBS_University/Degree Program/Button_NextStep2' is clicked on

24-10-2024T13:25:44 - [MESSAGE][PASSED] - Object: 'Object Repository/APAC_University/MBS_University/Degree Program/Button_NextStep2' is clicked on

24-10-2024T13:25:44 - [TEST_STEP][PASSED] - dropdown = findTestObject("Object Repository/APAC_University/MBS_University/Degree Program/Dropdown_Bachelor_Experience"): null

24-10-2024T13:25:44 - [TEST_STEP][PASSED] - options = ["yes", "no"]: null

24-10-2024T13:25:44 - [TEST_STEP][PASSED] - randomOption = options[Random().nextInt(length)]: null

24-10-2024T13:25:44 - [TEST_STEP][PASSED] - selectOptionByValue(dropdown, randomOption, true): All options with value 'no' are selected in object 'Object Repository/APAC_University/MBS_University/Degree Program/Dropdown_Bachelor_Experience'  using regular expression

24-10-2024T13:25:47 - [MESSAGE][PASSED] - All options with value 'no' are selected in object 'Object Repository/APAC_University/MBS_University/Degree Program/Dropdown_Bachelor_Experience'  using regular expression

24-10-2024T13:25:47 - [TEST_STEP][PASSED] - if (randomOption.equals("no")): All options with index in [1] are selected on object 'Object Repository/APAC_University/MBS_University/Degree Program/Dropdown_Workexperience'

24-10-2024T13:25:47 - [TEST_STEP][PASSED] - delay(3): Delayed 3 second(s)

24-10-2024T13:25:50 - [MESSAGE][PASSED] - Delayed 3 second(s)

24-10-2024T13:25:50 - [TEST_STEP][PASSED] - WorkExperience = findTestObject("Object Repository/APAC_University/MBS_University/Degree Program/Dropdown_Workexperience"): null

24-10-2024T13:25:50 - [TEST_STEP][PASSED] - selectOptionByIndex(WorkExperience, 1): All options with index in [1] are selected on object 'Object Repository/APAC_University/MBS_University/Degree Program/Dropdown_Workexperience'

24-10-2024T13:25:50 - [MESSAGE][PASSED] - All options with index in [1] are selected on object 'Object Repository/APAC_University/MBS_University/Degree Program/Dropdown_Workexperience'

24-10-2024T13:25:50 - [TEST_STEP][PASSED] - startdate = findTestObject("Object Repository/APAC_University/MBS_University/Degree Program/Dropdown_Startdate"): null

24-10-2024T13:25:50 - [TEST_STEP][PASSED] - selectOptionByIndex(startdate, keyPathPackage.customKeywords.selectRandomOptionFromDropdown()): All options with index in [1] are selected on object 'Object Repository/APAC_University/MBS_University/Degree Program/Dropdown_Startdate'

24-10-2024T13:25:50 - [MESSAGE][PASSED] - keyPathPackage.customKeywords.selectRandomOptionFromDropdown is PASSED

24-10-2024T13:25:51 - [MESSAGE][PASSED] - All options with index in [1] are selected on object 'Object Repository/APAC_University/MBS_University/Degree Program/Dropdown_Startdate'

24-10-2024T13:25:51 - [TEST_STEP][PASSED] - Enquiryreason = findTestObject("Object Repository/APAC_University/MBS_University/Degree Program/Dropdown_Enquiry"): null

24-10-2024T13:25:51 - [TEST_STEP][PASSED] - selectOptionByIndex(Enquiryreason, keyPathPackage.customKeywords.selectRandomOptionFromDropdown()): All options with index in [1] are selected on object 'Object Repository/APAC_University/MBS_University/Degree Program/Dropdown_Enquiry'

24-10-2024T13:25:51 - [MESSAGE][PASSED] - keyPathPackage.customKeywords.selectRandomOptionFromDropdown is PASSED

24-10-2024T13:25:52 - [MESSAGE][PASSED] - All options with index in [1] are selected on object 'Object Repository/APAC_University/MBS_University/Degree Program/Dropdown_Enquiry'

24-10-2024T13:25:52 - [TEST_STEP][PASSED] - delay(2): Delayed 2 second(s)

24-10-2024T13:25:54 - [MESSAGE][PASSED] - Delayed 2 second(s)

24-10-2024T13:25:54 - [TEST_STEP][PASSED] - scrollToElement(findTestObject("Object Repository/APAC_University/MBS_University/Degree Program/Button_NextStep3"), 3): Scroll to object 'Object Repository/APAC_University/MBS_University/Degree Program/Button_NextStep3' successfully

24-10-2024T13:25:54 - [MESSAGE][PASSED] - Scroll to object 'Object Repository/APAC_University/MBS_University/Degree Program/Button_NextStep3' successfully

24-10-2024T13:25:54 - [TEST_STEP][PASSED] - click(findTestObject("Object Repository/APAC_University/MBS_University/Degree Program/Button_NextStep3")): Object: 'Object Repository/APAC_University/MBS_University/Degree Program/Button_NextStep3' is clicked on

24-10-2024T13:25:54 - [MESSAGE][PASSED] - Object: 'Object Repository/APAC_University/MBS_University/Degree Program/Button_NextStep3' is clicked on

24-10-2024T13:25:54 - [TEST_STEP][PASSED] - Email = keyPathPackage.customKeywords.generateRandomEmail(): keyPathPackage.customKeywords.generateRandomEmail is PASSED

24-10-2024T13:25:54 - [MESSAGE][PASSED] - keyPathPackage.customKeywords.generateRandomEmail is PASSED

24-10-2024T13:25:54 - [TEST_STEP][PASSED] - setText(findTestObject("Object Repository/APAC_University/MBS_University/Degree Program/Field_Email"), Email): Text 'kaye.boyer@hotmail.com' is set on object 'Object Repository/APAC_University/MBS_University/Degree Program/Field_Email'

24-10-2024T13:25:56 - [MESSAGE][PASSED] - Text 'kaye.boyer@hotmail.com' is set on object 'Object Repository/APAC_University/MBS_University/Degree Program/Field_Email'

24-10-2024T13:25:56 - [TEST_STEP][PASSED] - Phonenumber = keyPathPackage.customKeywords.generateRandomAustralianPhoneNumber(): keyPathPackage.customKeywords.generateRandomAustralianPhoneNumber is PASSED

24-10-2024T13:25:56 - [MESSAGE][PASSED] - keyPathPackage.customKeywords.generateRandomAustralianPhoneNumber is PASSED

24-10-2024T13:25:56 - [TEST_STEP][PASSED] - setText(findTestObject("Object Repository/APAC_University/MBS_University/Degree Program/Field_Phonenumber"), Phonenumber): Text '0483041807' is set on object 'Object Repository/APAC_University/MBS_University/Degree Program/Field_Phonenumber'

24-10-2024T13:25:57 - [MESSAGE][PASSED] - Text '0483041807' is set on object 'Object Repository/APAC_University/MBS_University/Degree Program/Field_Phonenumber'

24-10-2024T13:25:57 - [TEST_STEP][PASSED] - Postcode = keyPathPackage.customKeywords.selectRandomPostCode(): keyPathPackage.customKeywords.selectRandomPostCode is PASSED

24-10-2024T13:25:57 - [MESSAGE][PASSED] - keyPathPackage.customKeywords.selectRandomPostCode is PASSED

24-10-2024T13:25:57 - [TEST_STEP][PASSED] - setText(findTestObject("Object Repository/APAC_University/MBS_University/Degree Program/Field_Postcode"), Postcode): Text '3821' is set on object 'Object Repository/APAC_University/MBS_University/Degree Program/Field_Postcode'

24-10-2024T13:25:57 - [MESSAGE][PASSED] - Text '3821' is set on object 'Object Repository/APAC_University/MBS_University/Degree Program/Field_Postcode'

24-10-2024T13:25:57 - [TEST_STEP][PASSED] - setText(findTestObject("Object Repository/APAC_University/MBS_University/Degree Program/Field_Postcode"), Postcode): Text '3821' is set on object 'Object Repository/APAC_University/MBS_University/Degree Program/Field_Postcode'

24-10-2024T13:25:58 - [MESSAGE][PASSED] - Text '3821' is set on object 'Object Repository/APAC_University/MBS_University/Degree Program/Field_Postcode'

24-10-2024T13:25:58 - [TEST_STEP][PASSED] - click(findTestObject("Object Repository/APAC_University/MBS_University/Degree Program/Button_Downloadbrochure")): Object: 'Object Repository/APAC_University/MBS_University/Degree Program/Button_Downloadbrochure' is clicked on

24-10-2024T13:25:59 - [MESSAGE][PASSED] - Object: 'Object Repository/APAC_University/MBS_University/Degree Program/Button_Downloadbrochure' is clicked on]]></system-out>
         <system-err><![CDATA[]]></system-err>
      </testcase>
      <testcase name="Test Cases/APAC_Universities/SEO_PAGES/MBS_University/Short_Courses" time="15.852" classname="Test Cases/APAC_Universities/SEO_PAGES/MBS_University/Short_Courses" status="ERROR">
         <error type="ERROR" message="Test Cases/APAC_Universities/SEO_PAGES/MBS_University/Short_Courses FAILED.&#xa;Reason:&#xa;org.openqa.selenium.ElementNotInteractableException: element not interactable&#xa;  (Session info: chrome=130.0.6723.59)&#xa;Build info: version: '3.141.59', revision: 'unknown', time: 'unknown'&#xa;System info: host: 'Madhans-MacBook-Pro.local', ip: '2401:d002:ab04:5000:a403:b65e:885e:e485%en0', os.name: 'Mac OS X', os.arch: 'aarch64', os.version: '14.3.1', java.version: '17.0.7'&#xa;Driver info: com.kms.katalon.selenium.driver.CChromeDriver&#xa;Capabilities {acceptInsecureCerts: false, browserName: chrome, browserVersion: 130.0.6723.59, chrome: {chromedriverVersion: 130.0.6723.69 (3ec172b971b9..., userDataDir: /var/folders/81/jk91fm7j2_5...}, fedcm:accounts: true, goog:chromeOptions: {debuggerAddress: localhost:59459}, javascriptEnabled: true, networkConnectionEnabled: false, pageLoadStrategy: normal, platform: MAC, platformName: MAC, proxy: Proxy(), setWindowRect: true, strictFileInteractability: false, timeouts: {implicit: 0, pageLoad: 300000, script: 30000}, unhandledPromptBehavior: dismiss and notify, webauthn:extension:credBlob: true, webauthn:extension:largeBlob: true, webauthn:extension:minPinLength: true, webauthn:extension:prf: true, webauthn:virtualAuthenticators: true}&#xa;Session ID: bc47c46b10f8e833141387eee15a1bf5&#xa;	at java.base/jdk.internal.reflect.NativeConstructorAccessorImpl.newInstance0(Native Method)&#xa;	at java.base/jdk.internal.reflect.NativeConstructorAccessorImpl.newInstance(NativeConstructorAccessorImpl.java:77)&#xa;	at java.base/jdk.internal.reflect.DelegatingConstructorAccessorImpl.newInstance(DelegatingConstructorAccessorImpl.java:45)&#xa;	at org.openqa.selenium.remote.http.W3CHttpResponseCodec.createException(W3CHttpResponseCodec.java:187)&#xa;	at org.openqa.selenium.remote.http.W3CHttpResponseCodec.decode(W3CHttpResponseCodec.java:122)&#xa;	at org.openqa.selenium.remote.http.W3CHttpResponseCodec.decode(W3CHttpResponseCodec.java:49)&#xa;	at org.openqa.selenium.remote.HttpCommandExecutor.execute(HttpCommandExecutor.java:158)&#xa;	at org.openqa.selenium.remote.service.DriverCommandExecutor.execute(DriverCommandExecutor.java:83)&#xa;	at org.openqa.selenium.remote.RemoteWebDriver.execute(RemoteWebDriver.java:552)&#xa;	at com.kms.katalon.selenium.driver.CChromeDriver.execute(CChromeDriver.java:19)&#xa;	at org.openqa.selenium.remote.RemoteWebElement.execute(RemoteWebElement.java:285)&#xa;	at org.openqa.selenium.remote.RemoteWebElement.click(RemoteWebElement.java:84)&#xa;	at jdk.internal.reflect.GeneratedMethodAccessor16.invoke(Unknown Source)&#xa;	at java.base/jdk.internal.reflect.DelegatingMethodAccessorImpl.invoke(DelegatingMethodAccessorImpl.java:43)&#xa;	at org.openqa.selenium.support.events.EventFiringWebDriver$EventFiringWebElement.lambda$new$0(EventFiringWebDriver.java:404)&#xa;	at jdk.proxy2/jdk.proxy2.$Proxy24.click(Unknown Source)&#xa;	at org.openqa.selenium.support.events.EventFiringWebDriver$EventFiringWebElement.click(EventFiringWebDriver.java:417)&#xa;	at Short_Courses.run(Short_Courses:55)&#xa;	at com.kms.katalon.core.main.ScriptEngine.run(ScriptEngine.java:194)&#xa;	at com.kms.katalon.core.main.ScriptEngine.runScriptAsRawText(ScriptEngine.java:119)&#xa;	at com.kms.katalon.core.main.TestCaseExecutor.runScript(TestCaseExecutor.java:448)&#xa;	at com.kms.katalon.core.main.TestCaseExecutor.doExecute(TestCaseExecutor.java:439)&#xa;	at com.kms.katalon.core.main.TestCaseExecutor.processExecutionPhase(TestCaseExecutor.java:418)&#xa;	at com.kms.katalon.core.main.TestCaseExecutor.accessMainPhase(TestCaseExecutor.java:410)&#xa;	at com.kms.katalon.core.main.TestCaseExecutor.execute(TestCaseExecutor.java:285)&#xa;	at com.kms.katalon.core.common.CommonExecutor.accessTestCaseMainPhase(CommonExecutor.java:65)&#xa;	at com.kms.katalon.core.main.TestSuiteExecutor.accessTestSuiteMainPhase(TestSuiteExecutor.java:150)&#xa;	at com.kms.katalon.core.main.TestSuiteExecutor.execute(TestSuiteExecutor.java:106)&#xa;	at com.kms.katalon.core.main.TestCaseMain.startTestSuite(TestCaseMain.java:180)&#xa;	at TempTestSuite1729736418037.run(TempTestSuite1729736418037.groovy:35)&#xa;	at java.base/jdk.internal.reflect.NativeMethodAccessorImpl.invoke0(Native Method)&#xa;	at java.base/jdk.internal.reflect.NativeMethodAccessorImpl.invoke(NativeMethodAccessorImpl.java:77)&#xa;	at java.base/jdk.internal.reflect.DelegatingMethodAccessorImpl.invoke(DelegatingMethodAccessorImpl.java:43)&#xa;"/>
         <system-out><![CDATA[24-10-2024T13:25:59 - [TEST_CASE][ERROR] - Test Cases/APAC_Universities/SEO_PAGES/MBS_University/Short_Courses: Test Cases/APAC_Universities/SEO_PAGES/MBS_University/Short_Courses FAILED.
Reason:
org.openqa.selenium.ElementNotInteractableException: element not interactable
  (Session info: chrome=130.0.6723.59)
Build info: version: '3.141.59', revision: 'unknown', time: 'unknown'
System info: host: 'Madhans-MacBook-Pro.local', ip: '2401:d002:ab04:5000:a403:b65e:885e:e485%en0', os.name: 'Mac OS X', os.arch: 'aarch64', os.version: '14.3.1', java.version: '17.0.7'
Driver info: com.kms.katalon.selenium.driver.CChromeDriver
Capabilities {acceptInsecureCerts: false, browserName: chrome, browserVersion: 130.0.6723.59, chrome: {chromedriverVersion: 130.0.6723.69 (3ec172b971b9..., userDataDir: /var/folders/81/jk91fm7j2_5...}, fedcm:accounts: true, goog:chromeOptions: {debuggerAddress: localhost:59459}, javascriptEnabled: true, networkConnectionEnabled: false, pageLoadStrategy: normal, platform: MAC, platformName: MAC, proxy: Proxy(), setWindowRect: true, strictFileInteractability: false, timeouts: {implicit: 0, pageLoad: 300000, script: 30000}, unhandledPromptBehavior: dismiss and notify, webauthn:extension:credBlob: true, webauthn:extension:largeBlob: true, webauthn:extension:minPinLength: true, webauthn:extension:prf: true, webauthn:virtualAuthenticators: true}
Session ID: bc47c46b10f8e833141387eee15a1bf5
	at java.base/jdk.internal.reflect.NativeConstructorAccessorImpl.newInstance0(Native Method)
	at java.base/jdk.internal.reflect.NativeConstructorAccessorImpl.newInstance(NativeConstructorAccessorImpl.java:77)
	at java.base/jdk.internal.reflect.DelegatingConstructorAccessorImpl.newInstance(DelegatingConstructorAccessorImpl.java:45)
	at org.openqa.selenium.remote.http.W3CHttpResponseCodec.createException(W3CHttpResponseCodec.java:187)
	at org.openqa.selenium.remote.http.W3CHttpResponseCodec.decode(W3CHttpResponseCodec.java:122)
	at org.openqa.selenium.remote.http.W3CHttpResponseCodec.decode(W3CHttpResponseCodec.java:49)
	at org.openqa.selenium.remote.HttpCommandExecutor.execute(HttpCommandExecutor.java:158)
	at org.openqa.selenium.remote.service.DriverCommandExecutor.execute(DriverCommandExecutor.java:83)
	at org.openqa.selenium.remote.RemoteWebDriver.execute(RemoteWebDriver.java:552)
	at com.kms.katalon.selenium.driver.CChromeDriver.execute(CChromeDriver.java:19)
	at org.openqa.selenium.remote.RemoteWebElement.execute(RemoteWebElement.java:285)
	at org.openqa.selenium.remote.RemoteWebElement.click(RemoteWebElement.java:84)
	at jdk.internal.reflect.GeneratedMethodAccessor16.invoke(Unknown Source)
	at java.base/jdk.internal.reflect.DelegatingMethodAccessorImpl.invoke(DelegatingMethodAccessorImpl.java:43)
	at org.openqa.selenium.support.events.EventFiringWebDriver$EventFiringWebElement.lambda$new$0(EventFiringWebDriver.java:404)
	at jdk.proxy2/jdk.proxy2.$Proxy24.click(Unknown Source)
	at org.openqa.selenium.support.events.EventFiringWebDriver$EventFiringWebElement.click(EventFiringWebDriver.java:417)
	at Short_Courses.run(Short_Courses:55)
	at com.kms.katalon.core.main.ScriptEngine.run(ScriptEngine.java:194)
	at com.kms.katalon.core.main.ScriptEngine.runScriptAsRawText(ScriptEngine.java:119)
	at com.kms.katalon.core.main.TestCaseExecutor.runScript(TestCaseExecutor.java:448)
	at com.kms.katalon.core.main.TestCaseExecutor.doExecute(TestCaseExecutor.java:439)
	at com.kms.katalon.core.main.TestCaseExecutor.processExecutionPhase(TestCaseExecutor.java:418)
	at com.kms.katalon.core.main.TestCaseExecutor.accessMainPhase(TestCaseExecutor.java:410)
	at com.kms.katalon.core.main.TestCaseExecutor.execute(TestCaseExecutor.java:285)
	at com.kms.katalon.core.common.CommonExecutor.accessTestCaseMainPhase(CommonExecutor.java:65)
	at com.kms.katalon.core.main.TestSuiteExecutor.accessTestSuiteMainPhase(TestSuiteExecutor.java:150)
	at com.kms.katalon.core.main.TestSuiteExecutor.execute(TestSuiteExecutor.java:106)
	at com.kms.katalon.core.main.TestCaseMain.startTestSuite(TestCaseMain.java:180)
	at TempTestSuite1729736418037.run(TempTestSuite1729736418037.groovy:35)
	at java.base/jdk.internal.reflect.NativeMethodAccessorImpl.invoke0(Native Method)
	at java.base/jdk.internal.reflect.NativeMethodAccessorImpl.invoke(NativeMethodAccessorImpl.java:77)
	at java.base/jdk.internal.reflect.DelegatingMethodAccessorImpl.invoke(DelegatingMethodAccessorImpl.java:43)


24-10-2024T13:25:59 - [TEST_STEP][PASSED] - buttonObject = findTestObject("Object Repository/APAC_University/MBS_University/Short_Courses/List_ShortCourses"): null

24-10-2024T13:25:59 - [TEST_STEP][PASSED] - mouseOver(buttonObject): Object: 'Object Repository/APAC_University/MBS_University/Short_Courses/List_ShortCourses' is hovered

24-10-2024T13:26:03 - [MESSAGE][PASSED] - Object: 'Object Repository/APAC_University/MBS_University/Short_Courses/List_ShortCourses' is hovered

24-10-2024T13:26:03 - [TEST_STEP][PASSED] - list1 = findTestObject("Object Repository/APAC_University/MBS_University/Short_Courses/Shortcourse_Listone"): null

24-10-2024T13:26:03 - [TEST_STEP][PASSED] - list2 = findTestObject("Object Repository/APAC_University/MBS_University/Short_Courses/Shortcourse_Listtwo"): null

24-10-2024T13:26:03 - [TEST_STEP][PASSED] - list3 = findTestObject("Object Repository/APAC_University/MBS_University/Short_Courses/Shortcourse_Listthree"): null

24-10-2024T13:26:03 - [TEST_STEP][PASSED] - lists = [list1, list2, list3]: null

24-10-2024T13:26:03 - [TEST_STEP][PASSED] - rand = new java.util.Random(): null

24-10-2024T13:26:03 - [TEST_STEP][PASSED] - randomListIndex = rand.nextInt(lists.size()): null

24-10-2024T13:26:03 - [TEST_STEP][PASSED] - selectedList = lists.get(randomListIndex): null

24-10-2024T13:26:03 - [TEST_STEP][PASSED] - waitForElementVisible(selectedList, 10): Object 'Object Repository/APAC_University/MBS_University/Short_Courses/Shortcourse_Listtwo' is not visible after 10 second(s)

24-10-2024T13:26:14 - [MESSAGE][WARNING] - Object 'Object Repository/APAC_University/MBS_University/Short_Courses/Shortcourse_Listtwo' is not visible after 10 second(s)

24-10-2024T13:26:14 - [TEST_STEP][PASSED] - listItems = findWebElements(selectedList, 30): Found web elements by test object Object Repository/APAC_University/MBS_University/Short_Courses/Shortcourse_Listtwo

24-10-2024T13:26:15 - [MESSAGE][PASSED] - Found web elements by test object Object Repository/APAC_University/MBS_University/Short_Courses/Shortcourse_Listtwo

24-10-2024T13:26:15 - [TEST_STEP][ERROR] - if (listItems.size() > 0): Test Cases/APAC_Universities/SEO_PAGES/MBS_University/Short_Courses FAILED.
Reason:
org.openqa.selenium.ElementNotInteractableException: element not interactable
  (Session info: chrome=130.0.6723.59)
Build info: version: '3.141.59', revision: 'unknown', time: 'unknown'
System info: host: 'Madhans-MacBook-Pro.local', ip: '2401:d002:ab04:5000:a403:b65e:885e:e485%en0', os.name: 'Mac OS X', os.arch: 'aarch64', os.version: '14.3.1', java.version: '17.0.7'
Driver info: com.kms.katalon.selenium.driver.CChromeDriver
Capabilities {acceptInsecureCerts: false, browserName: chrome, browserVersion: 130.0.6723.59, chrome: {chromedriverVersion: 130.0.6723.69 (3ec172b971b9..., userDataDir: /var/folders/81/jk91fm7j2_5...}, fedcm:accounts: true, goog:chromeOptions: {debuggerAddress: localhost:59459}, javascriptEnabled: true, networkConnectionEnabled: false, pageLoadStrategy: normal, platform: MAC, platformName: MAC, proxy: Proxy(), setWindowRect: true, strictFileInteractability: false, timeouts: {implicit: 0, pageLoad: 300000, script: 30000}, unhandledPromptBehavior: dismiss and notify, webauthn:extension:credBlob: true, webauthn:extension:largeBlob: true, webauthn:extension:minPinLength: true, webauthn:extension:prf: true, webauthn:virtualAuthenticators: true}
Session ID: bc47c46b10f8e833141387eee15a1bf5
	at java.base/jdk.internal.reflect.NativeConstructorAccessorImpl.newInstance0(Native Method)
	at java.base/jdk.internal.reflect.NativeConstructorAccessorImpl.newInstance(NativeConstructorAccessorImpl.java:77)
	at java.base/jdk.internal.reflect.DelegatingConstructorAccessorImpl.newInstance(DelegatingConstructorAccessorImpl.java:45)
	at org.openqa.selenium.remote.http.W3CHttpResponseCodec.createException(W3CHttpResponseCodec.java:187)
	at org.openqa.selenium.remote.http.W3CHttpResponseCodec.decode(W3CHttpResponseCodec.java:122)
	at org.openqa.selenium.remote.http.W3CHttpResponseCodec.decode(W3CHttpResponseCodec.java:49)
	at org.openqa.selenium.remote.HttpCommandExecutor.execute(HttpCommandExecutor.java:158)
	at org.openqa.selenium.remote.service.DriverCommandExecutor.execute(DriverCommandExecutor.java:83)
	at org.openqa.selenium.remote.RemoteWebDriver.execute(RemoteWebDriver.java:552)
	at com.kms.katalon.selenium.driver.CChromeDriver.execute(CChromeDriver.java:19)
	at org.openqa.selenium.remote.RemoteWebElement.execute(RemoteWebElement.java:285)
	at org.openqa.selenium.remote.RemoteWebElement.click(RemoteWebElement.java:84)
	at jdk.internal.reflect.GeneratedMethodAccessor16.invoke(Unknown Source)
	at java.base/jdk.internal.reflect.DelegatingMethodAccessorImpl.invoke(DelegatingMethodAccessorImpl.java:43)
	at org.openqa.selenium.support.events.EventFiringWebDriver$EventFiringWebElement.lambda$new$0(EventFiringWebDriver.java:404)
	at jdk.proxy2/jdk.proxy2.$Proxy24.click(Unknown Source)
	at org.openqa.selenium.support.events.EventFiringWebDriver$EventFiringWebElement.click(EventFiringWebDriver.java:417)
	at Short_Courses.run(Short_Courses:55)
	at com.kms.katalon.core.main.ScriptEngine.run(ScriptEngine.java:194)
	at com.kms.katalon.core.main.ScriptEngine.runScriptAsRawText(ScriptEngine.java:119)
	at com.kms.katalon.core.main.TestCaseExecutor.runScript(TestCaseExecutor.java:448)
	at com.kms.katalon.core.main.TestCaseExecutor.doExecute(TestCaseExecutor.java:439)
	at com.kms.katalon.core.main.TestCaseExecutor.processExecutionPhase(TestCaseExecutor.java:418)
	at com.kms.katalon.core.main.TestCaseExecutor.accessMainPhase(TestCaseExecutor.java:410)
	at com.kms.katalon.core.main.TestCaseExecutor.execute(TestCaseExecutor.java:285)
	at com.kms.katalon.core.common.CommonExecutor.accessTestCaseMainPhase(CommonExecutor.java:65)
	at com.kms.katalon.core.main.TestSuiteExecutor.accessTestSuiteMainPhase(TestSuiteExecutor.java:150)
	at com.kms.katalon.core.main.TestSuiteExecutor.execute(TestSuiteExecutor.java:106)
	at com.kms.katalon.core.main.TestCaseMain.startTestSuite(TestCaseMain.java:180)
	at TempTestSuite1729736418037.run(TempTestSuite1729736418037.groovy:35)
	at java.base/jdk.internal.reflect.NativeMethodAccessorImpl.invoke0(Native Method)
	at java.base/jdk.internal.reflect.NativeMethodAccessorImpl.invoke(NativeMethodAccessorImpl.java:77)
	at java.base/jdk.internal.reflect.DelegatingMethodAccessorImpl.invoke(DelegatingMethodAccessorImpl.java:43)


24-10-2024T13:26:15 - [TEST_STEP][PASSED] - randomItemIndex = rand.nextInt(listItems.size()): null

24-10-2024T13:26:15 - [TEST_STEP][PASSED] - randomItem = listItems.get(randomItemIndex): null

24-10-2024T13:26:15 - [TEST_STEP][ERROR] - randomItem.click(): Test Cases/APAC_Universities/SEO_PAGES/MBS_University/Short_Courses FAILED.
Reason:
org.openqa.selenium.ElementNotInteractableException: element not interactable
  (Session info: chrome=130.0.6723.59)
Build info: version: '3.141.59', revision: 'unknown', time: 'unknown'
System info: host: 'Madhans-MacBook-Pro.local', ip: '2401:d002:ab04:5000:a403:b65e:885e:e485%en0', os.name: 'Mac OS X', os.arch: 'aarch64', os.version: '14.3.1', java.version: '17.0.7'
Driver info: com.kms.katalon.selenium.driver.CChromeDriver
Capabilities {acceptInsecureCerts: false, browserName: chrome, browserVersion: 130.0.6723.59, chrome: {chromedriverVersion: 130.0.6723.69 (3ec172b971b9..., userDataDir: /var/folders/81/jk91fm7j2_5...}, fedcm:accounts: true, goog:chromeOptions: {debuggerAddress: localhost:59459}, javascriptEnabled: true, networkConnectionEnabled: false, pageLoadStrategy: normal, platform: MAC, platformName: MAC, proxy: Proxy(), setWindowRect: true, strictFileInteractability: false, timeouts: {implicit: 0, pageLoad: 300000, script: 30000}, unhandledPromptBehavior: dismiss and notify, webauthn:extension:credBlob: true, webauthn:extension:largeBlob: true, webauthn:extension:minPinLength: true, webauthn:extension:prf: true, webauthn:virtualAuthenticators: true}
Session ID: bc47c46b10f8e833141387eee15a1bf5
	at java.base/jdk.internal.reflect.NativeConstructorAccessorImpl.newInstance0(Native Method)
	at java.base/jdk.internal.reflect.NativeConstructorAccessorImpl.newInstance(NativeConstructorAccessorImpl.java:77)
	at java.base/jdk.internal.reflect.DelegatingConstructorAccessorImpl.newInstance(DelegatingConstructorAccessorImpl.java:45)
	at org.openqa.selenium.remote.http.W3CHttpResponseCodec.createException(W3CHttpResponseCodec.java:187)
	at org.openqa.selenium.remote.http.W3CHttpResponseCodec.decode(W3CHttpResponseCodec.java:122)
	at org.openqa.selenium.remote.http.W3CHttpResponseCodec.decode(W3CHttpResponseCodec.java:49)
	at org.openqa.selenium.remote.HttpCommandExecutor.execute(HttpCommandExecutor.java:158)
	at org.openqa.selenium.remote.service.DriverCommandExecutor.execute(DriverCommandExecutor.java:83)
	at org.openqa.selenium.remote.RemoteWebDriver.execute(RemoteWebDriver.java:552)
	at com.kms.katalon.selenium.driver.CChromeDriver.execute(CChromeDriver.java:19)
	at org.openqa.selenium.remote.RemoteWebElement.execute(RemoteWebElement.java:285)
	at org.openqa.selenium.remote.RemoteWebElement.click(RemoteWebElement.java:84)
	at jdk.internal.reflect.GeneratedMethodAccessor16.invoke(Unknown Source)
	at java.base/jdk.internal.reflect.DelegatingMethodAccessorImpl.invoke(DelegatingMethodAccessorImpl.java:43)
	at org.openqa.selenium.support.events.EventFiringWebDriver$EventFiringWebElement.lambda$new$0(EventFiringWebDriver.java:404)
	at jdk.proxy2/jdk.proxy2.$Proxy24.click(Unknown Source)
	at org.openqa.selenium.support.events.EventFiringWebDriver$EventFiringWebElement.click(EventFiringWebDriver.java:417)
	at Short_Courses.run(Short_Courses:55)
	at com.kms.katalon.core.main.ScriptEngine.run(ScriptEngine.java:194)
	at com.kms.katalon.core.main.ScriptEngine.runScriptAsRawText(ScriptEngine.java:119)
	at com.kms.katalon.core.main.TestCaseExecutor.runScript(TestCaseExecutor.java:448)
	at com.kms.katalon.core.main.TestCaseExecutor.doExecute(TestCaseExecutor.java:439)
	at com.kms.katalon.core.main.TestCaseExecutor.processExecutionPhase(TestCaseExecutor.java:418)
	at com.kms.katalon.core.main.TestCaseExecutor.accessMainPhase(TestCaseExecutor.java:410)
	at com.kms.katalon.core.main.TestCaseExecutor.execute(TestCaseExecutor.java:285)
	at com.kms.katalon.core.common.CommonExecutor.accessTestCaseMainPhase(CommonExecutor.java:65)
	at com.kms.katalon.core.main.TestSuiteExecutor.accessTestSuiteMainPhase(TestSuiteExecutor.java:150)
	at com.kms.katalon.core.main.TestSuiteExecutor.execute(TestSuiteExecutor.java:106)
	at com.kms.katalon.core.main.TestCaseMain.startTestSuite(TestCaseMain.java:180)
	at TempTestSuite1729736418037.run(TempTestSuite1729736418037.groovy:35)
	at java.base/jdk.internal.reflect.NativeMethodAccessorImpl.invoke0(Native Method)
	at java.base/jdk.internal.reflect.NativeMethodAccessorImpl.invoke(NativeMethodAccessorImpl.java:77)
	at java.base/jdk.internal.reflect.DelegatingMethodAccessorImpl.invoke(DelegatingMethodAccessorImpl.java:43)


24-10-2024T13:26:15 - [MESSAGE][ERROR] - Test Cases/APAC_Universities/SEO_PAGES/MBS_University/Short_Courses FAILED.
Reason:
org.openqa.selenium.ElementNotInteractableException: element not interactable
  (Session info: chrome=130.0.6723.59)
Build info: version: '3.141.59', revision: 'unknown', time: 'unknown'
System info: host: 'Madhans-MacBook-Pro.local', ip: '2401:d002:ab04:5000:a403:b65e:885e:e485%en0', os.name: 'Mac OS X', os.arch: 'aarch64', os.version: '14.3.1', java.version: '17.0.7'
Driver info: com.kms.katalon.selenium.driver.CChromeDriver
Capabilities {acceptInsecureCerts: false, browserName: chrome, browserVersion: 130.0.6723.59, chrome: {chromedriverVersion: 130.0.6723.69 (3ec172b971b9..., userDataDir: /var/folders/81/jk91fm7j2_5...}, fedcm:accounts: true, goog:chromeOptions: {debuggerAddress: localhost:59459}, javascriptEnabled: true, networkConnectionEnabled: false, pageLoadStrategy: normal, platform: MAC, platformName: MAC, proxy: Proxy(), setWindowRect: true, strictFileInteractability: false, timeouts: {implicit: 0, pageLoad: 300000, script: 30000}, unhandledPromptBehavior: dismiss and notify, webauthn:extension:credBlob: true, webauthn:extension:largeBlob: true, webauthn:extension:minPinLength: true, webauthn:extension:prf: true, webauthn:virtualAuthenticators: true}
Session ID: bc47c46b10f8e833141387eee15a1bf5
	at java.base/jdk.internal.reflect.NativeConstructorAccessorImpl.newInstance0(Native Method)
	at java.base/jdk.internal.reflect.NativeConstructorAccessorImpl.newInstance(NativeConstructorAccessorImpl.java:77)
	at java.base/jdk.internal.reflect.DelegatingConstructorAccessorImpl.newInstance(DelegatingConstructorAccessorImpl.java:45)
	at org.openqa.selenium.remote.http.W3CHttpResponseCodec.createException(W3CHttpResponseCodec.java:187)
	at org.openqa.selenium.remote.http.W3CHttpResponseCodec.decode(W3CHttpResponseCodec.java:122)
	at org.openqa.selenium.remote.http.W3CHttpResponseCodec.decode(W3CHttpResponseCodec.java:49)
	at org.openqa.selenium.remote.HttpCommandExecutor.execute(HttpCommandExecutor.java:158)
	at org.openqa.selenium.remote.service.DriverCommandExecutor.execute(DriverCommandExecutor.java:83)
	at org.openqa.selenium.remote.RemoteWebDriver.execute(RemoteWebDriver.java:552)
	at com.kms.katalon.selenium.driver.CChromeDriver.execute(CChromeDriver.java:19)
	at org.openqa.selenium.remote.RemoteWebElement.execute(RemoteWebElement.java:285)
	at org.openqa.selenium.remote.RemoteWebElement.click(RemoteWebElement.java:84)
	at jdk.internal.reflect.GeneratedMethodAccessor16.invoke(Unknown Source)
	at java.base/jdk.internal.reflect.DelegatingMethodAccessorImpl.invoke(DelegatingMethodAccessorImpl.java:43)
	at org.openqa.selenium.support.events.EventFiringWebDriver$EventFiringWebElement.lambda$new$0(EventFiringWebDriver.java:404)
	at jdk.proxy2/jdk.proxy2.$Proxy24.click(Unknown Source)
	at org.openqa.selenium.support.events.EventFiringWebDriver$EventFiringWebElement.click(EventFiringWebDriver.java:417)
	at Short_Courses.run(Short_Courses:55)
	at com.kms.katalon.core.main.ScriptEngine.run(ScriptEngine.java:194)
	at com.kms.katalon.core.main.ScriptEngine.runScriptAsRawText(ScriptEngine.java:119)
	at com.kms.katalon.core.main.TestCaseExecutor.runScript(TestCaseExecutor.java:448)
	at com.kms.katalon.core.main.TestCaseExecutor.doExecute(TestCaseExecutor.java:439)
	at com.kms.katalon.core.main.TestCaseExecutor.processExecutionPhase(TestCaseExecutor.java:418)
	at com.kms.katalon.core.main.TestCaseExecutor.accessMainPhase(TestCaseExecutor.java:410)
	at com.kms.katalon.core.main.TestCaseExecutor.execute(TestCaseExecutor.java:285)
	at com.kms.katalon.core.common.CommonExecutor.accessTestCaseMainPhase(CommonExecutor.java:65)
	at com.kms.katalon.core.main.TestSuiteExecutor.accessTestSuiteMainPhase(TestSuiteExecutor.java:150)
	at com.kms.katalon.core.main.TestSuiteExecutor.execute(TestSuiteExecutor.java:106)
	at com.kms.katalon.core.main.TestCaseMain.startTestSuite(TestCaseMain.java:180)
	at TempTestSuite1729736418037.run(TempTestSuite1729736418037.groovy:35)
	at java.base/jdk.internal.reflect.NativeMethodAccessorImpl.invoke0(Native Method)
	at java.base/jdk.internal.reflect.NativeMethodAccessorImpl.invoke(NativeMethodAccessorImpl.java:77)
	at java.base/jdk.internal.reflect.DelegatingMethodAccessorImpl.invoke(DelegatingMethodAccessorImpl.java:43)]]></system-out>
         <system-err><![CDATA[24-10-2024T13:25:59 - [TEST_CASE][ERROR] - Test Cases/APAC_Universities/SEO_PAGES/MBS_University/Short_Courses: Test Cases/APAC_Universities/SEO_PAGES/MBS_University/Short_Courses FAILED.
Reason:
org.openqa.selenium.ElementNotInteractableException: element not interactable
  (Session info: chrome=130.0.6723.59)
Build info: version: '3.141.59', revision: 'unknown', time: 'unknown'
System info: host: 'Madhans-MacBook-Pro.local', ip: '2401:d002:ab04:5000:a403:b65e:885e:e485%en0', os.name: 'Mac OS X', os.arch: 'aarch64', os.version: '14.3.1', java.version: '17.0.7'
Driver info: com.kms.katalon.selenium.driver.CChromeDriver
Capabilities {acceptInsecureCerts: false, browserName: chrome, browserVersion: 130.0.6723.59, chrome: {chromedriverVersion: 130.0.6723.69 (3ec172b971b9..., userDataDir: /var/folders/81/jk91fm7j2_5...}, fedcm:accounts: true, goog:chromeOptions: {debuggerAddress: localhost:59459}, javascriptEnabled: true, networkConnectionEnabled: false, pageLoadStrategy: normal, platform: MAC, platformName: MAC, proxy: Proxy(), setWindowRect: true, strictFileInteractability: false, timeouts: {implicit: 0, pageLoad: 300000, script: 30000}, unhandledPromptBehavior: dismiss and notify, webauthn:extension:credBlob: true, webauthn:extension:largeBlob: true, webauthn:extension:minPinLength: true, webauthn:extension:prf: true, webauthn:virtualAuthenticators: true}
Session ID: bc47c46b10f8e833141387eee15a1bf5
	at java.base/jdk.internal.reflect.NativeConstructorAccessorImpl.newInstance0(Native Method)
	at java.base/jdk.internal.reflect.NativeConstructorAccessorImpl.newInstance(NativeConstructorAccessorImpl.java:77)
	at java.base/jdk.internal.reflect.DelegatingConstructorAccessorImpl.newInstance(DelegatingConstructorAccessorImpl.java:45)
	at org.openqa.selenium.remote.http.W3CHttpResponseCodec.createException(W3CHttpResponseCodec.java:187)
	at org.openqa.selenium.remote.http.W3CHttpResponseCodec.decode(W3CHttpResponseCodec.java:122)
	at org.openqa.selenium.remote.http.W3CHttpResponseCodec.decode(W3CHttpResponseCodec.java:49)
	at org.openqa.selenium.remote.HttpCommandExecutor.execute(HttpCommandExecutor.java:158)
	at org.openqa.selenium.remote.service.DriverCommandExecutor.execute(DriverCommandExecutor.java:83)
	at org.openqa.selenium.remote.RemoteWebDriver.execute(RemoteWebDriver.java:552)
	at com.kms.katalon.selenium.driver.CChromeDriver.execute(CChromeDriver.java:19)
	at org.openqa.selenium.remote.RemoteWebElement.execute(RemoteWebElement.java:285)
	at org.openqa.selenium.remote.RemoteWebElement.click(RemoteWebElement.java:84)
	at jdk.internal.reflect.GeneratedMethodAccessor16.invoke(Unknown Source)
	at java.base/jdk.internal.reflect.DelegatingMethodAccessorImpl.invoke(DelegatingMethodAccessorImpl.java:43)
	at org.openqa.selenium.support.events.EventFiringWebDriver$EventFiringWebElement.lambda$new$0(EventFiringWebDriver.java:404)
	at jdk.proxy2/jdk.proxy2.$Proxy24.click(Unknown Source)
	at org.openqa.selenium.support.events.EventFiringWebDriver$EventFiringWebElement.click(EventFiringWebDriver.java:417)
	at Short_Courses.run(Short_Courses:55)
	at com.kms.katalon.core.main.ScriptEngine.run(ScriptEngine.java:194)
	at com.kms.katalon.core.main.ScriptEngine.runScriptAsRawText(ScriptEngine.java:119)
	at com.kms.katalon.core.main.TestCaseExecutor.runScript(TestCaseExecutor.java:448)
	at com.kms.katalon.core.main.TestCaseExecutor.doExecute(TestCaseExecutor.java:439)
	at com.kms.katalon.core.main.TestCaseExecutor.processExecutionPhase(TestCaseExecutor.java:418)
	at com.kms.katalon.core.main.TestCaseExecutor.accessMainPhase(TestCaseExecutor.java:410)
	at com.kms.katalon.core.main.TestCaseExecutor.execute(TestCaseExecutor.java:285)
	at com.kms.katalon.core.common.CommonExecutor.accessTestCaseMainPhase(CommonExecutor.java:65)
	at com.kms.katalon.core.main.TestSuiteExecutor.accessTestSuiteMainPhase(TestSuiteExecutor.java:150)
	at com.kms.katalon.core.main.TestSuiteExecutor.execute(TestSuiteExecutor.java:106)
	at com.kms.katalon.core.main.TestCaseMain.startTestSuite(TestCaseMain.java:180)
	at TempTestSuite1729736418037.run(TempTestSuite1729736418037.groovy:35)
	at java.base/jdk.internal.reflect.NativeMethodAccessorImpl.invoke0(Native Method)
	at java.base/jdk.internal.reflect.NativeMethodAccessorImpl.invoke(NativeMethodAccessorImpl.java:77)
	at java.base/jdk.internal.reflect.DelegatingMethodAccessorImpl.invoke(DelegatingMethodAccessorImpl.java:43)]]></system-err>
      </testcase>
      <testcase name="Test Cases/APAC_Universities/SEO_PAGES/MBS_University/Enrol_Now" time="11.289" classname="Test Cases/APAC_Universities/SEO_PAGES/MBS_University/Enrol_Now" status="ERROR">
         <error type="ERROR" message="Test Cases/APAC_Universities/SEO_PAGES/MBS_University/Enrol_Now FAILED.&#xa;Reason:&#xa;org.openqa.selenium.ElementNotInteractableException: element not interactable&#xa;  (Session info: chrome=130.0.6723.59)&#xa;Build info: version: '3.141.59', revision: 'unknown', time: 'unknown'&#xa;System info: host: 'Madhans-MacBook-Pro.local', ip: '2401:d002:ab04:5000:a403:b65e:885e:e485%en0', os.name: 'Mac OS X', os.arch: 'aarch64', os.version: '14.3.1', java.version: '17.0.7'&#xa;Driver info: com.kms.katalon.selenium.driver.CChromeDriver&#xa;Capabilities {acceptInsecureCerts: false, browserName: chrome, browserVersion: 130.0.6723.59, chrome: {chromedriverVersion: 130.0.6723.69 (3ec172b971b9..., userDataDir: /var/folders/81/jk91fm7j2_5...}, fedcm:accounts: true, goog:chromeOptions: {debuggerAddress: localhost:59459}, javascriptEnabled: true, networkConnectionEnabled: false, pageLoadStrategy: normal, platform: MAC, platformName: MAC, proxy: Proxy(), setWindowRect: true, strictFileInteractability: false, timeouts: {implicit: 0, pageLoad: 300000, script: 30000}, unhandledPromptBehavior: dismiss and notify, webauthn:extension:credBlob: true, webauthn:extension:largeBlob: true, webauthn:extension:minPinLength: true, webauthn:extension:prf: true, webauthn:virtualAuthenticators: true}&#xa;Session ID: bc47c46b10f8e833141387eee15a1bf5&#xa;	at java.base/jdk.internal.reflect.NativeConstructorAccessorImpl.newInstance0(Native Method)&#xa;	at java.base/jdk.internal.reflect.NativeConstructorAccessorImpl.newInstance(NativeConstructorAccessorImpl.java:77)&#xa;	at java.base/jdk.internal.reflect.DelegatingConstructorAccessorImpl.newInstance(DelegatingConstructorAccessorImpl.java:45)&#xa;	at org.openqa.selenium.remote.http.W3CHttpResponseCodec.createException(W3CHttpResponseCodec.java:187)&#xa;	at org.openqa.selenium.remote.http.W3CHttpResponseCodec.decode(W3CHttpResponseCodec.java:122)&#xa;	at org.openqa.selenium.remote.http.W3CHttpResponseCodec.decode(W3CHttpResponseCodec.java:49)&#xa;	at org.openqa.selenium.remote.HttpCommandExecutor.execute(HttpCommandExecutor.java:158)&#xa;	at org.openqa.selenium.remote.service.DriverCommandExecutor.execute(DriverCommandExecutor.java:83)&#xa;	at org.openqa.selenium.remote.RemoteWebDriver.execute(RemoteWebDriver.java:552)&#xa;	at com.kms.katalon.selenium.driver.CChromeDriver.execute(CChromeDriver.java:19)&#xa;	at org.openqa.selenium.remote.RemoteWebElement.execute(RemoteWebElement.java:285)&#xa;	at org.openqa.selenium.remote.RemoteWebElement.click(RemoteWebElement.java:84)&#xa;	at jdk.internal.reflect.GeneratedMethodAccessor16.invoke(Unknown Source)&#xa;	at java.base/jdk.internal.reflect.DelegatingMethodAccessorImpl.invoke(DelegatingMethodAccessorImpl.java:43)&#xa;	at org.openqa.selenium.support.events.EventFiringWebDriver$EventFiringWebElement.lambda$new$0(EventFiringWebDriver.java:404)&#xa;	at jdk.proxy2/jdk.proxy2.$Proxy24.click(Unknown Source)&#xa;	at org.openqa.selenium.support.events.EventFiringWebDriver$EventFiringWebElement.click(EventFiringWebDriver.java:417)&#xa;	at Enrol_Now.run(Enrol_Now:56)&#xa;	at com.kms.katalon.core.main.ScriptEngine.run(ScriptEngine.java:194)&#xa;	at com.kms.katalon.core.main.ScriptEngine.runScriptAsRawText(ScriptEngine.java:119)&#xa;	at com.kms.katalon.core.main.TestCaseExecutor.runScript(TestCaseExecutor.java:448)&#xa;	at com.kms.katalon.core.main.TestCaseExecutor.doExecute(TestCaseExecutor.java:439)&#xa;	at com.kms.katalon.core.main.TestCaseExecutor.processExecutionPhase(TestCaseExecutor.java:418)&#xa;	at com.kms.katalon.core.main.TestCaseExecutor.accessMainPhase(TestCaseExecutor.java:410)&#xa;	at com.kms.katalon.core.main.TestCaseExecutor.execute(TestCaseExecutor.java:285)&#xa;	at com.kms.katalon.core.common.CommonExecutor.accessTestCaseMainPhase(CommonExecutor.java:65)&#xa;	at com.kms.katalon.core.main.TestSuiteExecutor.accessTestSuiteMainPhase(TestSuiteExecutor.java:150)&#xa;	at com.kms.katalon.core.main.TestSuiteExecutor.execute(TestSuiteExecutor.java:106)&#xa;	at com.kms.katalon.core.main.TestCaseMain.startTestSuite(TestCaseMain.java:180)&#xa;	at TempTestSuite1729736418037.run(TempTestSuite1729736418037.groovy:35)&#xa;	at java.base/jdk.internal.reflect.NativeMethodAccessorImpl.invoke0(Native Method)&#xa;	at java.base/jdk.internal.reflect.NativeMethodAccessorImpl.invoke(NativeMethodAccessorImpl.java:77)&#xa;	at java.base/jdk.internal.reflect.DelegatingMethodAccessorImpl.invoke(DelegatingMethodAccessorImpl.java:43)&#xa;"/>
         <system-out><![CDATA[24-10-2024T13:26:15 - [TEST_CASE][ERROR] - Test Cases/APAC_Universities/SEO_PAGES/MBS_University/Enrol_Now: Test Cases/APAC_Universities/SEO_PAGES/MBS_University/Enrol_Now FAILED.
Reason:
org.openqa.selenium.ElementNotInteractableException: element not interactable
  (Session info: chrome=130.0.6723.59)
Build info: version: '3.141.59', revision: 'unknown', time: 'unknown'
System info: host: 'Madhans-MacBook-Pro.local', ip: '2401:d002:ab04:5000:a403:b65e:885e:e485%en0', os.name: 'Mac OS X', os.arch: 'aarch64', os.version: '14.3.1', java.version: '17.0.7'
Driver info: com.kms.katalon.selenium.driver.CChromeDriver
Capabilities {acceptInsecureCerts: false, browserName: chrome, browserVersion: 130.0.6723.59, chrome: {chromedriverVersion: 130.0.6723.69 (3ec172b971b9..., userDataDir: /var/folders/81/jk91fm7j2_5...}, fedcm:accounts: true, goog:chromeOptions: {debuggerAddress: localhost:59459}, javascriptEnabled: true, networkConnectionEnabled: false, pageLoadStrategy: normal, platform: MAC, platformName: MAC, proxy: Proxy(), setWindowRect: true, strictFileInteractability: false, timeouts: {implicit: 0, pageLoad: 300000, script: 30000}, unhandledPromptBehavior: dismiss and notify, webauthn:extension:credBlob: true, webauthn:extension:largeBlob: true, webauthn:extension:minPinLength: true, webauthn:extension:prf: true, webauthn:virtualAuthenticators: true}
Session ID: bc47c46b10f8e833141387eee15a1bf5
	at java.base/jdk.internal.reflect.NativeConstructorAccessorImpl.newInstance0(Native Method)
	at java.base/jdk.internal.reflect.NativeConstructorAccessorImpl.newInstance(NativeConstructorAccessorImpl.java:77)
	at java.base/jdk.internal.reflect.DelegatingConstructorAccessorImpl.newInstance(DelegatingConstructorAccessorImpl.java:45)
	at org.openqa.selenium.remote.http.W3CHttpResponseCodec.createException(W3CHttpResponseCodec.java:187)
	at org.openqa.selenium.remote.http.W3CHttpResponseCodec.decode(W3CHttpResponseCodec.java:122)
	at org.openqa.selenium.remote.http.W3CHttpResponseCodec.decode(W3CHttpResponseCodec.java:49)
	at org.openqa.selenium.remote.HttpCommandExecutor.execute(HttpCommandExecutor.java:158)
	at org.openqa.selenium.remote.service.DriverCommandExecutor.execute(DriverCommandExecutor.java:83)
	at org.openqa.selenium.remote.RemoteWebDriver.execute(RemoteWebDriver.java:552)
	at com.kms.katalon.selenium.driver.CChromeDriver.execute(CChromeDriver.java:19)
	at org.openqa.selenium.remote.RemoteWebElement.execute(RemoteWebElement.java:285)
	at org.openqa.selenium.remote.RemoteWebElement.click(RemoteWebElement.java:84)
	at jdk.internal.reflect.GeneratedMethodAccessor16.invoke(Unknown Source)
	at java.base/jdk.internal.reflect.DelegatingMethodAccessorImpl.invoke(DelegatingMethodAccessorImpl.java:43)
	at org.openqa.selenium.support.events.EventFiringWebDriver$EventFiringWebElement.lambda$new$0(EventFiringWebDriver.java:404)
	at jdk.proxy2/jdk.proxy2.$Proxy24.click(Unknown Source)
	at org.openqa.selenium.support.events.EventFiringWebDriver$EventFiringWebElement.click(EventFiringWebDriver.java:417)
	at Enrol_Now.run(Enrol_Now:56)
	at com.kms.katalon.core.main.ScriptEngine.run(ScriptEngine.java:194)
	at com.kms.katalon.core.main.ScriptEngine.runScriptAsRawText(ScriptEngine.java:119)
	at com.kms.katalon.core.main.TestCaseExecutor.runScript(TestCaseExecutor.java:448)
	at com.kms.katalon.core.main.TestCaseExecutor.doExecute(TestCaseExecutor.java:439)
	at com.kms.katalon.core.main.TestCaseExecutor.processExecutionPhase(TestCaseExecutor.java:418)
	at com.kms.katalon.core.main.TestCaseExecutor.accessMainPhase(TestCaseExecutor.java:410)
	at com.kms.katalon.core.main.TestCaseExecutor.execute(TestCaseExecutor.java:285)
	at com.kms.katalon.core.common.CommonExecutor.accessTestCaseMainPhase(CommonExecutor.java:65)
	at com.kms.katalon.core.main.TestSuiteExecutor.accessTestSuiteMainPhase(TestSuiteExecutor.java:150)
	at com.kms.katalon.core.main.TestSuiteExecutor.execute(TestSuiteExecutor.java:106)
	at com.kms.katalon.core.main.TestCaseMain.startTestSuite(TestCaseMain.java:180)
	at TempTestSuite1729736418037.run(TempTestSuite1729736418037.groovy:35)
	at java.base/jdk.internal.reflect.NativeMethodAccessorImpl.invoke0(Native Method)
	at java.base/jdk.internal.reflect.NativeMethodAccessorImpl.invoke(NativeMethodAccessorImpl.java:77)
	at java.base/jdk.internal.reflect.DelegatingMethodAccessorImpl.invoke(DelegatingMethodAccessorImpl.java:43)


24-10-2024T13:26:15 - [TEST_STEP][PASSED] - buttonObject = findTestObject("Object Repository/APAC_University/MBS_University/Short_Courses/List_ShortCourses"): null

24-10-2024T13:26:15 - [TEST_STEP][PASSED] - mouseOver(buttonObject): Object: 'Object Repository/APAC_University/MBS_University/Short_Courses/List_ShortCourses' is hovered

24-10-2024T13:26:15 - [MESSAGE][PASSED] - Object: 'Object Repository/APAC_University/MBS_University/Short_Courses/List_ShortCourses' is hovered

24-10-2024T13:26:15 - [TEST_STEP][PASSED] - list1 = findTestObject("Object Repository/APAC_University/MBS_University/Short_Courses/Shortcourse_Listone"): null

24-10-2024T13:26:15 - [TEST_STEP][PASSED] - list2 = findTestObject("Object Repository/APAC_University/MBS_University/Short_Courses/Shortcourse_Listtwo"): null

24-10-2024T13:26:15 - [TEST_STEP][PASSED] - list3 = findTestObject("Object Repository/APAC_University/MBS_University/Short_Courses/Shortcourse_Listthree"): null

24-10-2024T13:26:15 - [TEST_STEP][PASSED] - lists = [list1, list2, list3]: null

24-10-2024T13:26:15 - [TEST_STEP][PASSED] - rand = new java.util.Random(): null

24-10-2024T13:26:15 - [TEST_STEP][PASSED] - randomListIndex = rand.nextInt(lists.size()): null

24-10-2024T13:26:15 - [TEST_STEP][PASSED] - selectedList = lists.get(randomListIndex): null

24-10-2024T13:26:15 - [TEST_STEP][PASSED] - waitForElementVisible(selectedList, 10): Object 'Object Repository/APAC_University/MBS_University/Short_Courses/Shortcourse_Listthree' is not visible after 10 second(s)

24-10-2024T13:26:26 - [MESSAGE][WARNING] - Object 'Object Repository/APAC_University/MBS_University/Short_Courses/Shortcourse_Listthree' is not visible after 10 second(s)

24-10-2024T13:26:26 - [TEST_STEP][PASSED] - listItems = findWebElements(selectedList, 30): Found web elements by test object Object Repository/APAC_University/MBS_University/Short_Courses/Shortcourse_Listthree

24-10-2024T13:26:26 - [MESSAGE][PASSED] - Found web elements by test object Object Repository/APAC_University/MBS_University/Short_Courses/Shortcourse_Listthree

24-10-2024T13:26:26 - [TEST_STEP][ERROR] - if (listItems.size() > 0): Test Cases/APAC_Universities/SEO_PAGES/MBS_University/Enrol_Now FAILED.
Reason:
org.openqa.selenium.ElementNotInteractableException: element not interactable
  (Session info: chrome=130.0.6723.59)
Build info: version: '3.141.59', revision: 'unknown', time: 'unknown'
System info: host: 'Madhans-MacBook-Pro.local', ip: '2401:d002:ab04:5000:a403:b65e:885e:e485%en0', os.name: 'Mac OS X', os.arch: 'aarch64', os.version: '14.3.1', java.version: '17.0.7'
Driver info: com.kms.katalon.selenium.driver.CChromeDriver
Capabilities {acceptInsecureCerts: false, browserName: chrome, browserVersion: 130.0.6723.59, chrome: {chromedriverVersion: 130.0.6723.69 (3ec172b971b9..., userDataDir: /var/folders/81/jk91fm7j2_5...}, fedcm:accounts: true, goog:chromeOptions: {debuggerAddress: localhost:59459}, javascriptEnabled: true, networkConnectionEnabled: false, pageLoadStrategy: normal, platform: MAC, platformName: MAC, proxy: Proxy(), setWindowRect: true, strictFileInteractability: false, timeouts: {implicit: 0, pageLoad: 300000, script: 30000}, unhandledPromptBehavior: dismiss and notify, webauthn:extension:credBlob: true, webauthn:extension:largeBlob: true, webauthn:extension:minPinLength: true, webauthn:extension:prf: true, webauthn:virtualAuthenticators: true}
Session ID: bc47c46b10f8e833141387eee15a1bf5
	at java.base/jdk.internal.reflect.NativeConstructorAccessorImpl.newInstance0(Native Method)
	at java.base/jdk.internal.reflect.NativeConstructorAccessorImpl.newInstance(NativeConstructorAccessorImpl.java:77)
	at java.base/jdk.internal.reflect.DelegatingConstructorAccessorImpl.newInstance(DelegatingConstructorAccessorImpl.java:45)
	at org.openqa.selenium.remote.http.W3CHttpResponseCodec.createException(W3CHttpResponseCodec.java:187)
	at org.openqa.selenium.remote.http.W3CHttpResponseCodec.decode(W3CHttpResponseCodec.java:122)
	at org.openqa.selenium.remote.http.W3CHttpResponseCodec.decode(W3CHttpResponseCodec.java:49)
	at org.openqa.selenium.remote.HttpCommandExecutor.execute(HttpCommandExecutor.java:158)
	at org.openqa.selenium.remote.service.DriverCommandExecutor.execute(DriverCommandExecutor.java:83)
	at org.openqa.selenium.remote.RemoteWebDriver.execute(RemoteWebDriver.java:552)
	at com.kms.katalon.selenium.driver.CChromeDriver.execute(CChromeDriver.java:19)
	at org.openqa.selenium.remote.RemoteWebElement.execute(RemoteWebElement.java:285)
	at org.openqa.selenium.remote.RemoteWebElement.click(RemoteWebElement.java:84)
	at jdk.internal.reflect.GeneratedMethodAccessor16.invoke(Unknown Source)
	at java.base/jdk.internal.reflect.DelegatingMethodAccessorImpl.invoke(DelegatingMethodAccessorImpl.java:43)
	at org.openqa.selenium.support.events.EventFiringWebDriver$EventFiringWebElement.lambda$new$0(EventFiringWebDriver.java:404)
	at jdk.proxy2/jdk.proxy2.$Proxy24.click(Unknown Source)
	at org.openqa.selenium.support.events.EventFiringWebDriver$EventFiringWebElement.click(EventFiringWebDriver.java:417)
	at Enrol_Now.run(Enrol_Now:56)
	at com.kms.katalon.core.main.ScriptEngine.run(ScriptEngine.java:194)
	at com.kms.katalon.core.main.ScriptEngine.runScriptAsRawText(ScriptEngine.java:119)
	at com.kms.katalon.core.main.TestCaseExecutor.runScript(TestCaseExecutor.java:448)
	at com.kms.katalon.core.main.TestCaseExecutor.doExecute(TestCaseExecutor.java:439)
	at com.kms.katalon.core.main.TestCaseExecutor.processExecutionPhase(TestCaseExecutor.java:418)
	at com.kms.katalon.core.main.TestCaseExecutor.accessMainPhase(TestCaseExecutor.java:410)
	at com.kms.katalon.core.main.TestCaseExecutor.execute(TestCaseExecutor.java:285)
	at com.kms.katalon.core.common.CommonExecutor.accessTestCaseMainPhase(CommonExecutor.java:65)
	at com.kms.katalon.core.main.TestSuiteExecutor.accessTestSuiteMainPhase(TestSuiteExecutor.java:150)
	at com.kms.katalon.core.main.TestSuiteExecutor.execute(TestSuiteExecutor.java:106)
	at com.kms.katalon.core.main.TestCaseMain.startTestSuite(TestCaseMain.java:180)
	at TempTestSuite1729736418037.run(TempTestSuite1729736418037.groovy:35)
	at java.base/jdk.internal.reflect.NativeMethodAccessorImpl.invoke0(Native Method)
	at java.base/jdk.internal.reflect.NativeMethodAccessorImpl.invoke(NativeMethodAccessorImpl.java:77)
	at java.base/jdk.internal.reflect.DelegatingMethodAccessorImpl.invoke(DelegatingMethodAccessorImpl.java:43)


24-10-2024T13:26:26 - [TEST_STEP][PASSED] - randomItemIndex = rand.nextInt(listItems.size()): null

24-10-2024T13:26:26 - [TEST_STEP][PASSED] - randomItem = listItems.get(randomItemIndex): null

24-10-2024T13:26:26 - [TEST_STEP][ERROR] - randomItem.click(): Test Cases/APAC_Universities/SEO_PAGES/MBS_University/Enrol_Now FAILED.
Reason:
org.openqa.selenium.ElementNotInteractableException: element not interactable
  (Session info: chrome=130.0.6723.59)
Build info: version: '3.141.59', revision: 'unknown', time: 'unknown'
System info: host: 'Madhans-MacBook-Pro.local', ip: '2401:d002:ab04:5000:a403:b65e:885e:e485%en0', os.name: 'Mac OS X', os.arch: 'aarch64', os.version: '14.3.1', java.version: '17.0.7'
Driver info: com.kms.katalon.selenium.driver.CChromeDriver
Capabilities {acceptInsecureCerts: false, browserName: chrome, browserVersion: 130.0.6723.59, chrome: {chromedriverVersion: 130.0.6723.69 (3ec172b971b9..., userDataDir: /var/folders/81/jk91fm7j2_5...}, fedcm:accounts: true, goog:chromeOptions: {debuggerAddress: localhost:59459}, javascriptEnabled: true, networkConnectionEnabled: false, pageLoadStrategy: normal, platform: MAC, platformName: MAC, proxy: Proxy(), setWindowRect: true, strictFileInteractability: false, timeouts: {implicit: 0, pageLoad: 300000, script: 30000}, unhandledPromptBehavior: dismiss and notify, webauthn:extension:credBlob: true, webauthn:extension:largeBlob: true, webauthn:extension:minPinLength: true, webauthn:extension:prf: true, webauthn:virtualAuthenticators: true}
Session ID: bc47c46b10f8e833141387eee15a1bf5
	at java.base/jdk.internal.reflect.NativeConstructorAccessorImpl.newInstance0(Native Method)
	at java.base/jdk.internal.reflect.NativeConstructorAccessorImpl.newInstance(NativeConstructorAccessorImpl.java:77)
	at java.base/jdk.internal.reflect.DelegatingConstructorAccessorImpl.newInstance(DelegatingConstructorAccessorImpl.java:45)
	at org.openqa.selenium.remote.http.W3CHttpResponseCodec.createException(W3CHttpResponseCodec.java:187)
	at org.openqa.selenium.remote.http.W3CHttpResponseCodec.decode(W3CHttpResponseCodec.java:122)
	at org.openqa.selenium.remote.http.W3CHttpResponseCodec.decode(W3CHttpResponseCodec.java:49)
	at org.openqa.selenium.remote.HttpCommandExecutor.execute(HttpCommandExecutor.java:158)
	at org.openqa.selenium.remote.service.DriverCommandExecutor.execute(DriverCommandExecutor.java:83)
	at org.openqa.selenium.remote.RemoteWebDriver.execute(RemoteWebDriver.java:552)
	at com.kms.katalon.selenium.driver.CChromeDriver.execute(CChromeDriver.java:19)
	at org.openqa.selenium.remote.RemoteWebElement.execute(RemoteWebElement.java:285)
	at org.openqa.selenium.remote.RemoteWebElement.click(RemoteWebElement.java:84)
	at jdk.internal.reflect.GeneratedMethodAccessor16.invoke(Unknown Source)
	at java.base/jdk.internal.reflect.DelegatingMethodAccessorImpl.invoke(DelegatingMethodAccessorImpl.java:43)
	at org.openqa.selenium.support.events.EventFiringWebDriver$EventFiringWebElement.lambda$new$0(EventFiringWebDriver.java:404)
	at jdk.proxy2/jdk.proxy2.$Proxy24.click(Unknown Source)
	at org.openqa.selenium.support.events.EventFiringWebDriver$EventFiringWebElement.click(EventFiringWebDriver.java:417)
	at Enrol_Now.run(Enrol_Now:56)
	at com.kms.katalon.core.main.ScriptEngine.run(ScriptEngine.java:194)
	at com.kms.katalon.core.main.ScriptEngine.runScriptAsRawText(ScriptEngine.java:119)
	at com.kms.katalon.core.main.TestCaseExecutor.runScript(TestCaseExecutor.java:448)
	at com.kms.katalon.core.main.TestCaseExecutor.doExecute(TestCaseExecutor.java:439)
	at com.kms.katalon.core.main.TestCaseExecutor.processExecutionPhase(TestCaseExecutor.java:418)
	at com.kms.katalon.core.main.TestCaseExecutor.accessMainPhase(TestCaseExecutor.java:410)
	at com.kms.katalon.core.main.TestCaseExecutor.execute(TestCaseExecutor.java:285)
	at com.kms.katalon.core.common.CommonExecutor.accessTestCaseMainPhase(CommonExecutor.java:65)
	at com.kms.katalon.core.main.TestSuiteExecutor.accessTestSuiteMainPhase(TestSuiteExecutor.java:150)
	at com.kms.katalon.core.main.TestSuiteExecutor.execute(TestSuiteExecutor.java:106)
	at com.kms.katalon.core.main.TestCaseMain.startTestSuite(TestCaseMain.java:180)
	at TempTestSuite1729736418037.run(TempTestSuite1729736418037.groovy:35)
	at java.base/jdk.internal.reflect.NativeMethodAccessorImpl.invoke0(Native Method)
	at java.base/jdk.internal.reflect.NativeMethodAccessorImpl.invoke(NativeMethodAccessorImpl.java:77)
	at java.base/jdk.internal.reflect.DelegatingMethodAccessorImpl.invoke(DelegatingMethodAccessorImpl.java:43)


24-10-2024T13:26:26 - [MESSAGE][ERROR] - Test Cases/APAC_Universities/SEO_PAGES/MBS_University/Enrol_Now FAILED.
Reason:
org.openqa.selenium.ElementNotInteractableException: element not interactable
  (Session info: chrome=130.0.6723.59)
Build info: version: '3.141.59', revision: 'unknown', time: 'unknown'
System info: host: 'Madhans-MacBook-Pro.local', ip: '2401:d002:ab04:5000:a403:b65e:885e:e485%en0', os.name: 'Mac OS X', os.arch: 'aarch64', os.version: '14.3.1', java.version: '17.0.7'
Driver info: com.kms.katalon.selenium.driver.CChromeDriver
Capabilities {acceptInsecureCerts: false, browserName: chrome, browserVersion: 130.0.6723.59, chrome: {chromedriverVersion: 130.0.6723.69 (3ec172b971b9..., userDataDir: /var/folders/81/jk91fm7j2_5...}, fedcm:accounts: true, goog:chromeOptions: {debuggerAddress: localhost:59459}, javascriptEnabled: true, networkConnectionEnabled: false, pageLoadStrategy: normal, platform: MAC, platformName: MAC, proxy: Proxy(), setWindowRect: true, strictFileInteractability: false, timeouts: {implicit: 0, pageLoad: 300000, script: 30000}, unhandledPromptBehavior: dismiss and notify, webauthn:extension:credBlob: true, webauthn:extension:largeBlob: true, webauthn:extension:minPinLength: true, webauthn:extension:prf: true, webauthn:virtualAuthenticators: true}
Session ID: bc47c46b10f8e833141387eee15a1bf5
	at java.base/jdk.internal.reflect.NativeConstructorAccessorImpl.newInstance0(Native Method)
	at java.base/jdk.internal.reflect.NativeConstructorAccessorImpl.newInstance(NativeConstructorAccessorImpl.java:77)
	at java.base/jdk.internal.reflect.DelegatingConstructorAccessorImpl.newInstance(DelegatingConstructorAccessorImpl.java:45)
	at org.openqa.selenium.remote.http.W3CHttpResponseCodec.createException(W3CHttpResponseCodec.java:187)
	at org.openqa.selenium.remote.http.W3CHttpResponseCodec.decode(W3CHttpResponseCodec.java:122)
	at org.openqa.selenium.remote.http.W3CHttpResponseCodec.decode(W3CHttpResponseCodec.java:49)
	at org.openqa.selenium.remote.HttpCommandExecutor.execute(HttpCommandExecutor.java:158)
	at org.openqa.selenium.remote.service.DriverCommandExecutor.execute(DriverCommandExecutor.java:83)
	at org.openqa.selenium.remote.RemoteWebDriver.execute(RemoteWebDriver.java:552)
	at com.kms.katalon.selenium.driver.CChromeDriver.execute(CChromeDriver.java:19)
	at org.openqa.selenium.remote.RemoteWebElement.execute(RemoteWebElement.java:285)
	at org.openqa.selenium.remote.RemoteWebElement.click(RemoteWebElement.java:84)
	at jdk.internal.reflect.GeneratedMethodAccessor16.invoke(Unknown Source)
	at java.base/jdk.internal.reflect.DelegatingMethodAccessorImpl.invoke(DelegatingMethodAccessorImpl.java:43)
	at org.openqa.selenium.support.events.EventFiringWebDriver$EventFiringWebElement.lambda$new$0(EventFiringWebDriver.java:404)
	at jdk.proxy2/jdk.proxy2.$Proxy24.click(Unknown Source)
	at org.openqa.selenium.support.events.EventFiringWebDriver$EventFiringWebElement.click(EventFiringWebDriver.java:417)
	at Enrol_Now.run(Enrol_Now:56)
	at com.kms.katalon.core.main.ScriptEngine.run(ScriptEngine.java:194)
	at com.kms.katalon.core.main.ScriptEngine.runScriptAsRawText(ScriptEngine.java:119)
	at com.kms.katalon.core.main.TestCaseExecutor.runScript(TestCaseExecutor.java:448)
	at com.kms.katalon.core.main.TestCaseExecutor.doExecute(TestCaseExecutor.java:439)
	at com.kms.katalon.core.main.TestCaseExecutor.processExecutionPhase(TestCaseExecutor.java:418)
	at com.kms.katalon.core.main.TestCaseExecutor.accessMainPhase(TestCaseExecutor.java:410)
	at com.kms.katalon.core.main.TestCaseExecutor.execute(TestCaseExecutor.java:285)
	at com.kms.katalon.core.common.CommonExecutor.accessTestCaseMainPhase(CommonExecutor.java:65)
	at com.kms.katalon.core.main.TestSuiteExecutor.accessTestSuiteMainPhase(TestSuiteExecutor.java:150)
	at com.kms.katalon.core.main.TestSuiteExecutor.execute(TestSuiteExecutor.java:106)
	at com.kms.katalon.core.main.TestCaseMain.startTestSuite(TestCaseMain.java:180)
	at TempTestSuite1729736418037.run(TempTestSuite1729736418037.groovy:35)
	at java.base/jdk.internal.reflect.NativeMethodAccessorImpl.invoke0(Native Method)
	at java.base/jdk.internal.reflect.NativeMethodAccessorImpl.invoke(NativeMethodAccessorImpl.java:77)
	at java.base/jdk.internal.reflect.DelegatingMethodAccessorImpl.invoke(DelegatingMethodAccessorImpl.java:43)]]></system-out>
         <system-err><![CDATA[24-10-2024T13:26:15 - [TEST_CASE][ERROR] - Test Cases/APAC_Universities/SEO_PAGES/MBS_University/Enrol_Now: Test Cases/APAC_Universities/SEO_PAGES/MBS_University/Enrol_Now FAILED.
Reason:
org.openqa.selenium.ElementNotInteractableException: element not interactable
  (Session info: chrome=130.0.6723.59)
Build info: version: '3.141.59', revision: 'unknown', time: 'unknown'
System info: host: 'Madhans-MacBook-Pro.local', ip: '2401:d002:ab04:5000:a403:b65e:885e:e485%en0', os.name: 'Mac OS X', os.arch: 'aarch64', os.version: '14.3.1', java.version: '17.0.7'
Driver info: com.kms.katalon.selenium.driver.CChromeDriver
Capabilities {acceptInsecureCerts: false, browserName: chrome, browserVersion: 130.0.6723.59, chrome: {chromedriverVersion: 130.0.6723.69 (3ec172b971b9..., userDataDir: /var/folders/81/jk91fm7j2_5...}, fedcm:accounts: true, goog:chromeOptions: {debuggerAddress: localhost:59459}, javascriptEnabled: true, networkConnectionEnabled: false, pageLoadStrategy: normal, platform: MAC, platformName: MAC, proxy: Proxy(), setWindowRect: true, strictFileInteractability: false, timeouts: {implicit: 0, pageLoad: 300000, script: 30000}, unhandledPromptBehavior: dismiss and notify, webauthn:extension:credBlob: true, webauthn:extension:largeBlob: true, webauthn:extension:minPinLength: true, webauthn:extension:prf: true, webauthn:virtualAuthenticators: true}
Session ID: bc47c46b10f8e833141387eee15a1bf5
	at java.base/jdk.internal.reflect.NativeConstructorAccessorImpl.newInstance0(Native Method)
	at java.base/jdk.internal.reflect.NativeConstructorAccessorImpl.newInstance(NativeConstructorAccessorImpl.java:77)
	at java.base/jdk.internal.reflect.DelegatingConstructorAccessorImpl.newInstance(DelegatingConstructorAccessorImpl.java:45)
	at org.openqa.selenium.remote.http.W3CHttpResponseCodec.createException(W3CHttpResponseCodec.java:187)
	at org.openqa.selenium.remote.http.W3CHttpResponseCodec.decode(W3CHttpResponseCodec.java:122)
	at org.openqa.selenium.remote.http.W3CHttpResponseCodec.decode(W3CHttpResponseCodec.java:49)
	at org.openqa.selenium.remote.HttpCommandExecutor.execute(HttpCommandExecutor.java:158)
	at org.openqa.selenium.remote.service.DriverCommandExecutor.execute(DriverCommandExecutor.java:83)
	at org.openqa.selenium.remote.RemoteWebDriver.execute(RemoteWebDriver.java:552)
	at com.kms.katalon.selenium.driver.CChromeDriver.execute(CChromeDriver.java:19)
	at org.openqa.selenium.remote.RemoteWebElement.execute(RemoteWebElement.java:285)
	at org.openqa.selenium.remote.RemoteWebElement.click(RemoteWebElement.java:84)
	at jdk.internal.reflect.GeneratedMethodAccessor16.invoke(Unknown Source)
	at java.base/jdk.internal.reflect.DelegatingMethodAccessorImpl.invoke(DelegatingMethodAccessorImpl.java:43)
	at org.openqa.selenium.support.events.EventFiringWebDriver$EventFiringWebElement.lambda$new$0(EventFiringWebDriver.java:404)
	at jdk.proxy2/jdk.proxy2.$Proxy24.click(Unknown Source)
	at org.openqa.selenium.support.events.EventFiringWebDriver$EventFiringWebElement.click(EventFiringWebDriver.java:417)
	at Enrol_Now.run(Enrol_Now:56)
	at com.kms.katalon.core.main.ScriptEngine.run(ScriptEngine.java:194)
	at com.kms.katalon.core.main.ScriptEngine.runScriptAsRawText(ScriptEngine.java:119)
	at com.kms.katalon.core.main.TestCaseExecutor.runScript(TestCaseExecutor.java:448)
	at com.kms.katalon.core.main.TestCaseExecutor.doExecute(TestCaseExecutor.java:439)
	at com.kms.katalon.core.main.TestCaseExecutor.processExecutionPhase(TestCaseExecutor.java:418)
	at com.kms.katalon.core.main.TestCaseExecutor.accessMainPhase(TestCaseExecutor.java:410)
	at com.kms.katalon.core.main.TestCaseExecutor.execute(TestCaseExecutor.java:285)
	at com.kms.katalon.core.common.CommonExecutor.accessTestCaseMainPhase(CommonExecutor.java:65)
	at com.kms.katalon.core.main.TestSuiteExecutor.accessTestSuiteMainPhase(TestSuiteExecutor.java:150)
	at com.kms.katalon.core.main.TestSuiteExecutor.execute(TestSuiteExecutor.java:106)
	at com.kms.katalon.core.main.TestCaseMain.startTestSuite(TestCaseMain.java:180)
	at TempTestSuite1729736418037.run(TempTestSuite1729736418037.groovy:35)
	at java.base/jdk.internal.reflect.NativeMethodAccessorImpl.invoke0(Native Method)
	at java.base/jdk.internal.reflect.NativeMethodAccessorImpl.invoke(NativeMethodAccessorImpl.java:77)
	at java.base/jdk.internal.reflect.DelegatingMethodAccessorImpl.invoke(DelegatingMethodAccessorImpl.java:43)]]></system-err>
      </testcase>
      <testcase name="Test Cases/APAC_Universities/SEO_PAGES/James_Cook_University/Enquiry_Now" time="39.307" classname="Test Cases/APAC_Universities/SEO_PAGES/James_Cook_University/Enquiry_Now" status="PASSED">
         <system-out><![CDATA[24-10-2024T13:26:26 - [TEST_CASE][PASSED] - Test Cases/APAC_Universities/SEO_PAGES/James_Cook_University/Enquiry_Now: Test Cases/APAC_Universities/SEO_PAGES/James_Cook_University/Enquiry_Now

24-10-2024T13:26:26 - [TEST_STEP][PASSED] - callTestCase(findTestCase("Test Cases/APAC_Universities/SEO_PAGES/James_Cook_University/Reusable_Testcases/Navigate_URL"), [:], STOP_ON_FAILURE): Call Test Case 'Test Cases/APAC_Universities/SEO_PAGES/James_Cook_University/Reusable_Testcases/Navigate_URL' successfully

24-10-2024T13:26:26 - [TEST_CASE][PASSED] - Test Cases/APAC_Universities/SEO_PAGES/James_Cook_University/Reusable_Testcases/Navigate_URL: Test Cases/APAC_Universities/SEO_PAGES/James_Cook_University/Reusable_Testcases/Navigate_URL

24-10-2024T13:26:26 - [TEST_STEP][PASSED] - openBrowser(""): Browser is opened with url: ''

24-10-2024T13:26:26 - [MESSAGE][WARNING] - A browser is already opened. Closing browser and opening a new one

24-10-2024T13:26:26 - [MESSAGE][INFO] - Starting 'Chrome' driver

24-10-2024T13:26:26 - [MESSAGE][INFO] - Action delay is set to 0 milliseconds

24-10-2024T13:26:27 - [MESSAGE][PASSED] - Browser is opened with url: ''

24-10-2024T13:26:27 - [TEST_STEP][PASSED] - navigateToUrl(University_JCU): Navigate to 'https://key:path@dev-jcu-opm.pantheonsite.io/' successfully

24-10-2024T13:26:43 - [MESSAGE][PASSED] - Navigate to 'https://key:path@dev-jcu-opm.pantheonsite.io/' successfully

24-10-2024T13:26:43 - [TEST_STEP][PASSED] - maximizeWindow(): Current window maximized

24-10-2024T13:26:44 - [MESSAGE][PASSED] - Current window maximized

24-10-2024T13:26:44 - [MESSAGE][PASSED] - Call Test Case 'Test Cases/APAC_Universities/SEO_PAGES/James_Cook_University/Reusable_Testcases/Navigate_URL' successfully

24-10-2024T13:26:44 - [TEST_STEP][PASSED] - waitForElementClickable(findTestObject("Object Repository/APAC_University/James_Cook_University/Button_Enquiry_Now"), 10): Object 'Object Repository/APAC_University/James_Cook_University/Button_Enquiry_Now' is clickable

24-10-2024T13:26:45 - [MESSAGE][PASSED] - Object 'Object Repository/APAC_University/James_Cook_University/Button_Enquiry_Now' is clickable

24-10-2024T13:26:45 - [TEST_STEP][PASSED] - click(findTestObject("Object Repository/APAC_University/James_Cook_University/Button_Enquiry_Now")): Object: 'Object Repository/APAC_University/James_Cook_University/Button_Enquiry_Now' is clicked on

24-10-2024T13:26:46 - [MESSAGE][PASSED] - Object: 'Object Repository/APAC_University/James_Cook_University/Button_Enquiry_Now' is clicked on

24-10-2024T13:26:46 - [TEST_STEP][PASSED] - callTestCase(findTestCase("Test Cases/APAC_Universities/SEO_PAGES/James_Cook_University/Reusable_Testcases/Lead_Form"), [:], STOP_ON_FAILURE): Call Test Case 'Test Cases/APAC_Universities/SEO_PAGES/James_Cook_University/Reusable_Testcases/Lead_Form' successfully

24-10-2024T13:26:46 - [TEST_CASE][PASSED] - Test Cases/APAC_Universities/SEO_PAGES/James_Cook_University/Reusable_Testcases/Lead_Form: Test Cases/APAC_Universities/SEO_PAGES/James_Cook_University/Reusable_Testcases/Lead_Form

24-10-2024T13:26:47 - [TEST_STEP][PASSED] - program = findTestObject("Object Repository/APAC_University/James_Cook_University/Dropdown_Program"): null

24-10-2024T13:26:47 - [TEST_STEP][PASSED] - selectOptionByIndex(program, keyPathPackage.customKeywords.selectRandomOptionFromDropdown()): All options with index in [1] are selected on object 'Object Repository/APAC_University/James_Cook_University/Dropdown_Program'

24-10-2024T13:26:47 - [MESSAGE][PASSED] - keyPathPackage.customKeywords.selectRandomOptionFromDropdown is PASSED

24-10-2024T13:26:47 - [MESSAGE][PASSED] - All options with index in [1] are selected on object 'Object Repository/APAC_University/James_Cook_University/Dropdown_Program'

24-10-2024T13:26:47 - [TEST_STEP][PASSED] - FirstName = keyPathPackage.customKeywords.generateRandomFirstName(): keyPathPackage.customKeywords.generateRandomFirstName is PASSED

24-10-2024T13:26:47 - [MESSAGE][PASSED] - keyPathPackage.customKeywords.generateRandomFirstName is PASSED

24-10-2024T13:26:47 - [TEST_STEP][PASSED] - setText(findTestObject("Object Repository/APAC_University/James_Cook_University/Field_Firstname"), FirstName): Text 'Huey' is set on object 'Object Repository/APAC_University/James_Cook_University/Field_Firstname'

24-10-2024T13:26:48 - [MESSAGE][PASSED] - Text 'Huey' is set on object 'Object Repository/APAC_University/James_Cook_University/Field_Firstname'

24-10-2024T13:26:48 - [TEST_STEP][PASSED] - LastName = keyPathPackage.customKeywords.generateRandomLastName(): keyPathPackage.customKeywords.generateRandomLastName is PASSED

24-10-2024T13:26:48 - [MESSAGE][PASSED] - keyPathPackage.customKeywords.generateRandomLastName is PASSED

24-10-2024T13:26:48 - [TEST_STEP][PASSED] - setText(findTestObject("Object Repository/APAC_University/James_Cook_University/Field_Lastname"), LastName): Text 'Testing Marquardt' is set on object 'Object Repository/APAC_University/James_Cook_University/Field_Lastname'

24-10-2024T13:26:48 - [MESSAGE][PASSED] - Text 'Testing Marquardt' is set on object 'Object Repository/APAC_University/James_Cook_University/Field_Lastname'

24-10-2024T13:26:48 - [TEST_STEP][PASSED] - waitForElementClickable(findTestObject("Object Repository/APAC_University/James_Cook_University/Button_Nextstep2"), 10): Object 'Object Repository/APAC_University/James_Cook_University/Button_Nextstep2' is clickable

24-10-2024T13:26:49 - [MESSAGE][PASSED] - Object 'Object Repository/APAC_University/James_Cook_University/Button_Nextstep2' is clickable

24-10-2024T13:26:49 - [TEST_STEP][PASSED] - click(findTestObject("Object Repository/APAC_University/James_Cook_University/Button_Nextstep2")): Object: 'Object Repository/APAC_University/James_Cook_University/Button_Nextstep2' is clicked on

24-10-2024T13:26:49 - [MESSAGE][PASSED] - Object: 'Object Repository/APAC_University/James_Cook_University/Button_Nextstep2' is clicked on

24-10-2024T13:26:49 - [TEST_STEP][PASSED] - startdate = findTestObject("Object Repository/APAC_University/James_Cook_University/Dropdown_Startdate"): null

24-10-2024T13:26:49 - [TEST_STEP][PASSED] - selectOptionByIndex(startdate, keyPathPackage.customKeywords.selectRandomOptionFromDropdown()): All options with index in [2] are selected on object 'Object Repository/APAC_University/James_Cook_University/Dropdown_Startdate'

24-10-2024T13:26:49 - [MESSAGE][PASSED] - keyPathPackage.customKeywords.selectRandomOptionFromDropdown is PASSED

24-10-2024T13:26:50 - [MESSAGE][PASSED] - All options with index in [2] are selected on object 'Object Repository/APAC_University/James_Cook_University/Dropdown_Startdate'

24-10-2024T13:26:50 - [TEST_STEP][PASSED] - selectOptionByValue(findTestObject("Object Repository/APAC_University/James_Cook_University/Dropdown_Highereducation"), Education_Level, false): All options with value 'Postgraduate diploma' are selected in object 'Object Repository/APAC_University/James_Cook_University/Dropdown_Highereducation' 

24-10-2024T13:26:50 - [MESSAGE][PASSED] - All options with value 'Postgraduate diploma' are selected in object 'Object Repository/APAC_University/James_Cook_University/Dropdown_Highereducation' 

24-10-2024T13:26:50 - [TEST_STEP][PASSED] - Workexperience = findTestObject("Object Repository/APAC_University/James_Cook_University/Dropdown_Workexperience"): null

24-10-2024T13:26:50 - [TEST_STEP][PASSED] - selectOptionByIndex(Workexperience, keyPathPackage.customKeywords.selectRandomOptionFromDropdown()): All options with index in [1] are selected on object 'Object Repository/APAC_University/James_Cook_University/Dropdown_Workexperience'

24-10-2024T13:26:50 - [MESSAGE][PASSED] - keyPathPackage.customKeywords.selectRandomOptionFromDropdown is PASSED

24-10-2024T13:26:51 - [MESSAGE][PASSED] - All options with index in [1] are selected on object 'Object Repository/APAC_University/James_Cook_University/Dropdown_Workexperience'

24-10-2024T13:26:51 - [TEST_STEP][PASSED] - Enquiryreason = findTestObject("Object Repository/APAC_University/James_Cook_University/Dropdown_Enquiry"): null

24-10-2024T13:26:51 - [TEST_STEP][PASSED] - selectOptionByIndex(Enquiryreason, keyPathPackage.customKeywords.selectRandomOptionFromDropdown()): All options with index in [2] are selected on object 'Object Repository/APAC_University/James_Cook_University/Dropdown_Enquiry'

24-10-2024T13:26:51 - [MESSAGE][PASSED] - keyPathPackage.customKeywords.selectRandomOptionFromDropdown is PASSED

24-10-2024T13:26:52 - [MESSAGE][PASSED] - All options with index in [2] are selected on object 'Object Repository/APAC_University/James_Cook_University/Dropdown_Enquiry'

24-10-2024T13:26:52 - [TEST_STEP][PASSED] - waitForElementClickable(findTestObject("Object Repository/APAC_University/James_Cook_University/Button_Nextstep3"), 10): Object 'Object Repository/APAC_University/James_Cook_University/Button_Nextstep3' is clickable

24-10-2024T13:26:52 - [MESSAGE][PASSED] - Object 'Object Repository/APAC_University/James_Cook_University/Button_Nextstep3' is clickable

24-10-2024T13:26:52 - [TEST_STEP][PASSED] - click(findTestObject("Object Repository/APAC_University/James_Cook_University/Button_Nextstep3")): Object: 'Object Repository/APAC_University/James_Cook_University/Button_Nextstep3' is clicked on

24-10-2024T13:26:52 - [MESSAGE][PASSED] - Object: 'Object Repository/APAC_University/James_Cook_University/Button_Nextstep3' is clicked on

24-10-2024T13:26:52 - [TEST_STEP][PASSED] - Email = keyPathPackage.customKeywords.generateRandomEmail(): keyPathPackage.customKeywords.generateRandomEmail is PASSED

24-10-2024T13:26:52 - [MESSAGE][PASSED] - keyPathPackage.customKeywords.generateRandomEmail is PASSED

24-10-2024T13:26:52 - [TEST_STEP][PASSED] - setText(findTestObject("Object Repository/APAC_University/James_Cook_University/Field_Email"), Email): Text 'wiley.bartell@yahoo.com' is set on object 'Object Repository/APAC_University/James_Cook_University/Field_Email'

24-10-2024T13:26:53 - [MESSAGE][PASSED] - Text 'wiley.bartell@yahoo.com' is set on object 'Object Repository/APAC_University/James_Cook_University/Field_Email'

24-10-2024T13:26:53 - [TEST_STEP][PASSED] - Phonenumber = keyPathPackage.customKeywords.generateRandomAustralianPhoneNumber(): keyPathPackage.customKeywords.generateRandomAustralianPhoneNumber is PASSED

24-10-2024T13:26:53 - [MESSAGE][PASSED] - keyPathPackage.customKeywords.generateRandomAustralianPhoneNumber is PASSED

24-10-2024T13:26:53 - [TEST_STEP][PASSED] - setText(findTestObject("Object Repository/APAC_University/James_Cook_University/Field_Phonenumber"), Phonenumber): Text '0458905760' is set on object 'Object Repository/APAC_University/James_Cook_University/Field_Phonenumber'

24-10-2024T13:26:54 - [MESSAGE][PASSED] - Text '0458905760' is set on object 'Object Repository/APAC_University/James_Cook_University/Field_Phonenumber'

24-10-2024T13:26:54 - [TEST_STEP][PASSED] - selectOptionByValue(findTestObject("Object Repository/APAC_University/James_Cook_University/Dropdown_Country"), "AU", true): All options with value 'AU' are selected in object 'Object Repository/APAC_University/James_Cook_University/Dropdown_Country'  using regular expression

24-10-2024T13:26:55 - [MESSAGE][PASSED] - All options with value 'AU' are selected in object 'Object Repository/APAC_University/James_Cook_University/Dropdown_Country'  using regular expression

24-10-2024T13:26:55 - [TEST_STEP][PASSED] - delay(3): Delayed 3 second(s)

24-10-2024T13:26:58 - [MESSAGE][PASSED] - Delayed 3 second(s)

24-10-2024T13:26:58 - [TEST_STEP][PASSED] - Postcode = keyPathPackage.customKeywords.selectRandomPostCode(): keyPathPackage.customKeywords.selectRandomPostCode is PASSED

24-10-2024T13:26:58 - [MESSAGE][PASSED] - keyPathPackage.customKeywords.selectRandomPostCode is PASSED

24-10-2024T13:26:58 - [TEST_STEP][PASSED] - setText(findTestObject("Object Repository/APAC_University/James_Cook_University/Field_Postcode"), Postcode): Text '2948' is set on object 'Object Repository/APAC_University/James_Cook_University/Field_Postcode'

24-10-2024T13:26:59 - [MESSAGE][PASSED] - Text '2948' is set on object 'Object Repository/APAC_University/James_Cook_University/Field_Postcode'

24-10-2024T13:26:59 - [TEST_STEP][PASSED] - setText(findTestObject("Object Repository/APAC_University/James_Cook_University/Field_Postcode"), Postcode): Text '2948' is set on object 'Object Repository/APAC_University/James_Cook_University/Field_Postcode'

24-10-2024T13:26:59 - [MESSAGE][PASSED] - Text '2948' is set on object 'Object Repository/APAC_University/James_Cook_University/Field_Postcode'

24-10-2024T13:26:59 - [TEST_STEP][PASSED] - waitForElementClickable(findTestObject("Object Repository/APAC_University/James_Cook_University/Button_Submit"), 10): Object 'Object Repository/APAC_University/James_Cook_University/Button_Submit' is clickable

24-10-2024T13:27:00 - [MESSAGE][PASSED] - Object 'Object Repository/APAC_University/James_Cook_University/Button_Submit' is clickable

24-10-2024T13:27:00 - [TEST_STEP][PASSED] - click(findTestObject("Object Repository/APAC_University/James_Cook_University/Button_Submit")): Object: 'Object Repository/APAC_University/James_Cook_University/Button_Submit' is clicked on

24-10-2024T13:27:00 - [MESSAGE][PASSED] - Object: 'Object Repository/APAC_University/James_Cook_University/Button_Submit' is clicked on

24-10-2024T13:27:00 - [TEST_STEP][PASSED] - delay(5): Delayed 5 second(s)

24-10-2024T13:27:05 - [MESSAGE][PASSED] - Delayed 5 second(s)

24-10-2024T13:27:05 - [TEST_STEP][PASSED] - verifyElementText(findTestObject("Object Repository/APAC_University/James_Cook_University/Verify_Message"), "Thank you"): Actual text and expected text of test object 'Object Repository/APAC_University/James_Cook_University/Verify_Message' are matched.

24-10-2024T13:27:05 - [MESSAGE][PASSED] - Actual text and expected text of test object 'Object Repository/APAC_University/James_Cook_University/Verify_Message' are matched.

24-10-2024T13:27:05 - [MESSAGE][PASSED] - Call Test Case 'Test Cases/APAC_Universities/SEO_PAGES/James_Cook_University/Reusable_Testcases/Lead_Form' successfully]]></system-out>
         <system-err><![CDATA[]]></system-err>
      </testcase>
      <testcase name="Test Cases/APAC_Universities/SEO_PAGES/James_Cook_University/Main_Page" time="20.685" classname="Test Cases/APAC_Universities/SEO_PAGES/James_Cook_University/Main_Page" status="PASSED">
         <system-out><![CDATA[24-10-2024T13:27:05 - [TEST_CASE][PASSED] - Test Cases/APAC_Universities/SEO_PAGES/James_Cook_University/Main_Page: Test Cases/APAC_Universities/SEO_PAGES/James_Cook_University/Main_Page

24-10-2024T13:27:05 - [TEST_STEP][PASSED] - callTestCase(findTestCase("Test Cases/APAC_Universities/SEO_PAGES/James_Cook_University/Reusable_Testcases/Navigate_Homepage"), [:], STOP_ON_FAILURE): Call Test Case 'Test Cases/APAC_Universities/SEO_PAGES/James_Cook_University/Reusable_Testcases/Navigate_Homepage' successfully

24-10-2024T13:27:05 - [TEST_CASE][PASSED] - Test Cases/APAC_Universities/SEO_PAGES/James_Cook_University/Reusable_Testcases/Navigate_Homepage: Test Cases/APAC_Universities/SEO_PAGES/James_Cook_University/Reusable_Testcases/Navigate_Homepage

24-10-2024T13:27:05 - [TEST_STEP][PASSED] - waitForElementClickable(findTestObject("Object Repository/APAC_University/James_Cook_University/Button_Homepage"), 10): Object 'Object Repository/APAC_University/James_Cook_University/Button_Homepage' is clickable

24-10-2024T13:27:05 - [MESSAGE][PASSED] - Object 'Object Repository/APAC_University/James_Cook_University/Button_Homepage' is clickable

24-10-2024T13:27:05 - [TEST_STEP][PASSED] - click(findTestObject("Object Repository/APAC_University/James_Cook_University/Button_Homepage")): Object: 'Object Repository/APAC_University/James_Cook_University/Button_Homepage' is clicked on

24-10-2024T13:27:06 - [MESSAGE][PASSED] - Object: 'Object Repository/APAC_University/James_Cook_University/Button_Homepage' is clicked on

24-10-2024T13:27:06 - [MESSAGE][PASSED] - Call Test Case 'Test Cases/APAC_Universities/SEO_PAGES/James_Cook_University/Reusable_Testcases/Navigate_Homepage' successfully

24-10-2024T13:27:06 - [TEST_STEP][PASSED] - callTestCase(findTestCase("Test Cases/APAC_Universities/SEO_PAGES/James_Cook_University/Reusable_Testcases/Lead_Form"), [:], STOP_ON_FAILURE): Call Test Case 'Test Cases/APAC_Universities/SEO_PAGES/James_Cook_University/Reusable_Testcases/Lead_Form' successfully

24-10-2024T13:27:06 - [TEST_CASE][PASSED] - Test Cases/APAC_Universities/SEO_PAGES/James_Cook_University/Reusable_Testcases/Lead_Form: Test Cases/APAC_Universities/SEO_PAGES/James_Cook_University/Reusable_Testcases/Lead_Form

24-10-2024T13:27:06 - [TEST_STEP][PASSED] - program = findTestObject("Object Repository/APAC_University/James_Cook_University/Dropdown_Program"): null

24-10-2024T13:27:06 - [TEST_STEP][PASSED] - selectOptionByIndex(program, keyPathPackage.customKeywords.selectRandomOptionFromDropdown()): All options with index in [1] are selected on object 'Object Repository/APAC_University/James_Cook_University/Dropdown_Program'

24-10-2024T13:27:06 - [MESSAGE][PASSED] - keyPathPackage.customKeywords.selectRandomOptionFromDropdown is PASSED

24-10-2024T13:27:08 - [MESSAGE][PASSED] - All options with index in [1] are selected on object 'Object Repository/APAC_University/James_Cook_University/Dropdown_Program'

24-10-2024T13:27:08 - [TEST_STEP][PASSED] - FirstName = keyPathPackage.customKeywords.generateRandomFirstName(): keyPathPackage.customKeywords.generateRandomFirstName is PASSED

24-10-2024T13:27:08 - [MESSAGE][PASSED] - keyPathPackage.customKeywords.generateRandomFirstName is PASSED

24-10-2024T13:27:08 - [TEST_STEP][PASSED] - setText(findTestObject("Object Repository/APAC_University/James_Cook_University/Field_Firstname"), FirstName): Text 'Conception' is set on object 'Object Repository/APAC_University/James_Cook_University/Field_Firstname'

24-10-2024T13:27:09 - [MESSAGE][PASSED] - Text 'Conception' is set on object 'Object Repository/APAC_University/James_Cook_University/Field_Firstname'

24-10-2024T13:27:09 - [TEST_STEP][PASSED] - LastName = keyPathPackage.customKeywords.generateRandomLastName(): keyPathPackage.customKeywords.generateRandomLastName is PASSED

24-10-2024T13:27:09 - [MESSAGE][PASSED] - keyPathPackage.customKeywords.generateRandomLastName is PASSED

24-10-2024T13:27:09 - [TEST_STEP][PASSED] - setText(findTestObject("Object Repository/APAC_University/James_Cook_University/Field_Lastname"), LastName): Text 'Testing Connelly' is set on object 'Object Repository/APAC_University/James_Cook_University/Field_Lastname'

24-10-2024T13:27:09 - [MESSAGE][PASSED] - Text 'Testing Connelly' is set on object 'Object Repository/APAC_University/James_Cook_University/Field_Lastname'

24-10-2024T13:27:09 - [TEST_STEP][PASSED] - waitForElementClickable(findTestObject("Object Repository/APAC_University/James_Cook_University/Button_Nextstep2"), 10): Object 'Object Repository/APAC_University/James_Cook_University/Button_Nextstep2' is clickable

24-10-2024T13:27:09 - [MESSAGE][PASSED] - Object 'Object Repository/APAC_University/James_Cook_University/Button_Nextstep2' is clickable

24-10-2024T13:27:09 - [TEST_STEP][PASSED] - click(findTestObject("Object Repository/APAC_University/James_Cook_University/Button_Nextstep2")): Object: 'Object Repository/APAC_University/James_Cook_University/Button_Nextstep2' is clicked on

24-10-2024T13:27:10 - [MESSAGE][PASSED] - Object: 'Object Repository/APAC_University/James_Cook_University/Button_Nextstep2' is clicked on

24-10-2024T13:27:10 - [TEST_STEP][PASSED] - startdate = findTestObject("Object Repository/APAC_University/James_Cook_University/Dropdown_Startdate"): null

24-10-2024T13:27:10 - [TEST_STEP][PASSED] - selectOptionByIndex(startdate, keyPathPackage.customKeywords.selectRandomOptionFromDropdown()): All options with index in [2] are selected on object 'Object Repository/APAC_University/James_Cook_University/Dropdown_Startdate'

24-10-2024T13:27:10 - [MESSAGE][PASSED] - keyPathPackage.customKeywords.selectRandomOptionFromDropdown is PASSED

24-10-2024T13:27:11 - [MESSAGE][PASSED] - All options with index in [2] are selected on object 'Object Repository/APAC_University/James_Cook_University/Dropdown_Startdate'

24-10-2024T13:27:11 - [TEST_STEP][PASSED] - selectOptionByValue(findTestObject("Object Repository/APAC_University/James_Cook_University/Dropdown_Highereducation"), Education_Level, false): All options with value 'Postgraduate diploma' are selected in object 'Object Repository/APAC_University/James_Cook_University/Dropdown_Highereducation' 

24-10-2024T13:27:11 - [MESSAGE][PASSED] - All options with value 'Postgraduate diploma' are selected in object 'Object Repository/APAC_University/James_Cook_University/Dropdown_Highereducation' 

24-10-2024T13:27:11 - [TEST_STEP][PASSED] - Workexperience = findTestObject("Object Repository/APAC_University/James_Cook_University/Dropdown_Workexperience"): null

24-10-2024T13:27:11 - [TEST_STEP][PASSED] - selectOptionByIndex(Workexperience, keyPathPackage.customKeywords.selectRandomOptionFromDropdown()): All options with index in [2] are selected on object 'Object Repository/APAC_University/James_Cook_University/Dropdown_Workexperience'

24-10-2024T13:27:11 - [MESSAGE][PASSED] - keyPathPackage.customKeywords.selectRandomOptionFromDropdown is PASSED

24-10-2024T13:27:12 - [MESSAGE][PASSED] - All options with index in [2] are selected on object 'Object Repository/APAC_University/James_Cook_University/Dropdown_Workexperience'

24-10-2024T13:27:12 - [TEST_STEP][PASSED] - Enquiryreason = findTestObject("Object Repository/APAC_University/James_Cook_University/Dropdown_Enquiry"): null

24-10-2024T13:27:12 - [TEST_STEP][PASSED] - selectOptionByIndex(Enquiryreason, keyPathPackage.customKeywords.selectRandomOptionFromDropdown()): All options with index in [2] are selected on object 'Object Repository/APAC_University/James_Cook_University/Dropdown_Enquiry'

24-10-2024T13:27:12 - [MESSAGE][PASSED] - keyPathPackage.customKeywords.selectRandomOptionFromDropdown is PASSED

24-10-2024T13:27:13 - [MESSAGE][PASSED] - All options with index in [2] are selected on object 'Object Repository/APAC_University/James_Cook_University/Dropdown_Enquiry'

24-10-2024T13:27:13 - [TEST_STEP][PASSED] - waitForElementClickable(findTestObject("Object Repository/APAC_University/James_Cook_University/Button_Nextstep3"), 10): Object 'Object Repository/APAC_University/James_Cook_University/Button_Nextstep3' is clickable

24-10-2024T13:27:13 - [MESSAGE][PASSED] - Object 'Object Repository/APAC_University/James_Cook_University/Button_Nextstep3' is clickable

24-10-2024T13:27:13 - [TEST_STEP][PASSED] - click(findTestObject("Object Repository/APAC_University/James_Cook_University/Button_Nextstep3")): Object: 'Object Repository/APAC_University/James_Cook_University/Button_Nextstep3' is clicked on

24-10-2024T13:27:13 - [MESSAGE][PASSED] - Object: 'Object Repository/APAC_University/James_Cook_University/Button_Nextstep3' is clicked on

24-10-2024T13:27:13 - [TEST_STEP][PASSED] - Email = keyPathPackage.customKeywords.generateRandomEmail(): keyPathPackage.customKeywords.generateRandomEmail is PASSED

24-10-2024T13:27:13 - [MESSAGE][PASSED] - keyPathPackage.customKeywords.generateRandomEmail is PASSED

24-10-2024T13:27:13 - [TEST_STEP][PASSED] - setText(findTestObject("Object Repository/APAC_University/James_Cook_University/Field_Email"), Email): Text 'dianne.hagenes@hotmail.com' is set on object 'Object Repository/APAC_University/James_Cook_University/Field_Email'

24-10-2024T13:27:14 - [MESSAGE][PASSED] - Text 'dianne.hagenes@hotmail.com' is set on object 'Object Repository/APAC_University/James_Cook_University/Field_Email'

24-10-2024T13:27:14 - [TEST_STEP][PASSED] - Phonenumber = keyPathPackage.customKeywords.generateRandomAustralianPhoneNumber(): keyPathPackage.customKeywords.generateRandomAustralianPhoneNumber is PASSED

24-10-2024T13:27:14 - [MESSAGE][PASSED] - keyPathPackage.customKeywords.generateRandomAustralianPhoneNumber is PASSED

24-10-2024T13:27:14 - [TEST_STEP][PASSED] - setText(findTestObject("Object Repository/APAC_University/James_Cook_University/Field_Phonenumber"), Phonenumber): Text '0440344399' is set on object 'Object Repository/APAC_University/James_Cook_University/Field_Phonenumber'

24-10-2024T13:27:14 - [MESSAGE][PASSED] - Text '0440344399' is set on object 'Object Repository/APAC_University/James_Cook_University/Field_Phonenumber'

24-10-2024T13:27:14 - [TEST_STEP][PASSED] - selectOptionByValue(findTestObject("Object Repository/APAC_University/James_Cook_University/Dropdown_Country"), "AU", true): All options with value 'AU' are selected in object 'Object Repository/APAC_University/James_Cook_University/Dropdown_Country'  using regular expression

24-10-2024T13:27:16 - [MESSAGE][PASSED] - All options with value 'AU' are selected in object 'Object Repository/APAC_University/James_Cook_University/Dropdown_Country'  using regular expression

24-10-2024T13:27:16 - [TEST_STEP][PASSED] - delay(3): Delayed 3 second(s)

24-10-2024T13:27:19 - [MESSAGE][PASSED] - Delayed 3 second(s)

24-10-2024T13:27:19 - [TEST_STEP][PASSED] - Postcode = keyPathPackage.customKeywords.selectRandomPostCode(): keyPathPackage.customKeywords.selectRandomPostCode is PASSED

24-10-2024T13:27:19 - [MESSAGE][PASSED] - keyPathPackage.customKeywords.selectRandomPostCode is PASSED

24-10-2024T13:27:19 - [TEST_STEP][PASSED] - setText(findTestObject("Object Repository/APAC_University/James_Cook_University/Field_Postcode"), Postcode): Text '2627' is set on object 'Object Repository/APAC_University/James_Cook_University/Field_Postcode'

24-10-2024T13:27:20 - [MESSAGE][PASSED] - Text '2627' is set on object 'Object Repository/APAC_University/James_Cook_University/Field_Postcode'

24-10-2024T13:27:20 - [TEST_STEP][PASSED] - setText(findTestObject("Object Repository/APAC_University/James_Cook_University/Field_Postcode"), Postcode): Text '2627' is set on object 'Object Repository/APAC_University/James_Cook_University/Field_Postcode'

24-10-2024T13:27:20 - [MESSAGE][PASSED] - Text '2627' is set on object 'Object Repository/APAC_University/James_Cook_University/Field_Postcode'

24-10-2024T13:27:20 - [TEST_STEP][PASSED] - waitForElementClickable(findTestObject("Object Repository/APAC_University/James_Cook_University/Button_Submit"), 10): Object 'Object Repository/APAC_University/James_Cook_University/Button_Submit' is clickable

24-10-2024T13:27:20 - [MESSAGE][PASSED] - Object 'Object Repository/APAC_University/James_Cook_University/Button_Submit' is clickable

24-10-2024T13:27:20 - [TEST_STEP][PASSED] - click(findTestObject("Object Repository/APAC_University/James_Cook_University/Button_Submit")): Object: 'Object Repository/APAC_University/James_Cook_University/Button_Submit' is clicked on

24-10-2024T13:27:21 - [MESSAGE][PASSED] - Object: 'Object Repository/APAC_University/James_Cook_University/Button_Submit' is clicked on

24-10-2024T13:27:21 - [TEST_STEP][PASSED] - delay(5): Delayed 5 second(s)

24-10-2024T13:27:26 - [MESSAGE][PASSED] - Delayed 5 second(s)

24-10-2024T13:27:26 - [TEST_STEP][PASSED] - verifyElementText(findTestObject("Object Repository/APAC_University/James_Cook_University/Verify_Message"), "Thank you"): Actual text and expected text of test object 'Object Repository/APAC_University/James_Cook_University/Verify_Message' are matched.

24-10-2024T13:27:26 - [MESSAGE][PASSED] - Actual text and expected text of test object 'Object Repository/APAC_University/James_Cook_University/Verify_Message' are matched.

24-10-2024T13:27:26 - [MESSAGE][PASSED] - Call Test Case 'Test Cases/APAC_Universities/SEO_PAGES/James_Cook_University/Reusable_Testcases/Lead_Form' successfully]]></system-out>
         <system-err><![CDATA[]]></system-err>
      </testcase>
      <testcase name="Test Cases/APAC_Universities/SEO_PAGES/James_Cook_University/Contact_Us" time="25.457" classname="Test Cases/APAC_Universities/SEO_PAGES/James_Cook_University/Contact_Us" status="PASSED">
         <system-out><![CDATA[24-10-2024T13:27:26 - [TEST_CASE][PASSED] - Test Cases/APAC_Universities/SEO_PAGES/James_Cook_University/Contact_Us: Test Cases/APAC_Universities/SEO_PAGES/James_Cook_University/Contact_Us

24-10-2024T13:27:26 - [TEST_STEP][PASSED] - callTestCase(findTestCase("Test Cases/APAC_Universities/SEO_PAGES/James_Cook_University/Reusable_Testcases/Navigate_Homepage"), [:], STOP_ON_FAILURE): Call Test Case 'Test Cases/APAC_Universities/SEO_PAGES/James_Cook_University/Reusable_Testcases/Navigate_Homepage' successfully

24-10-2024T13:27:26 - [TEST_CASE][PASSED] - Test Cases/APAC_Universities/SEO_PAGES/James_Cook_University/Reusable_Testcases/Navigate_Homepage: Test Cases/APAC_Universities/SEO_PAGES/James_Cook_University/Reusable_Testcases/Navigate_Homepage

24-10-2024T13:27:26 - [TEST_STEP][PASSED] - waitForElementClickable(findTestObject("Object Repository/APAC_University/James_Cook_University/Button_Homepage"), 10): Object 'Object Repository/APAC_University/James_Cook_University/Button_Homepage' is clickable

24-10-2024T13:27:26 - [MESSAGE][PASSED] - Object 'Object Repository/APAC_University/James_Cook_University/Button_Homepage' is clickable

24-10-2024T13:27:26 - [TEST_STEP][PASSED] - click(findTestObject("Object Repository/APAC_University/James_Cook_University/Button_Homepage")): Object: 'Object Repository/APAC_University/James_Cook_University/Button_Homepage' is clicked on

24-10-2024T13:27:27 - [MESSAGE][PASSED] - Object: 'Object Repository/APAC_University/James_Cook_University/Button_Homepage' is clicked on

24-10-2024T13:27:27 - [MESSAGE][PASSED] - Call Test Case 'Test Cases/APAC_Universities/SEO_PAGES/James_Cook_University/Reusable_Testcases/Navigate_Homepage' successfully

24-10-2024T13:27:27 - [TEST_STEP][PASSED] - scrollToElement(findTestObject("Object Repository/APAC_University/James_Cook_University/Button_ContactUs"), 3): Scroll to object 'Object Repository/APAC_University/James_Cook_University/Button_ContactUs' successfully

24-10-2024T13:27:28 - [MESSAGE][PASSED] - Scroll to object 'Object Repository/APAC_University/James_Cook_University/Button_ContactUs' successfully

24-10-2024T13:27:28 - [TEST_STEP][PASSED] - waitForElementClickable(findTestObject("Object Repository/APAC_University/James_Cook_University/Button_ContactUs"), 10): Object 'Object Repository/APAC_University/James_Cook_University/Button_ContactUs' is clickable

24-10-2024T13:27:29 - [MESSAGE][PASSED] - Object 'Object Repository/APAC_University/James_Cook_University/Button_ContactUs' is clickable

24-10-2024T13:27:29 - [TEST_STEP][PASSED] - click(findTestObject("Object Repository/APAC_University/James_Cook_University/Button_ContactUs")): Object: 'Object Repository/APAC_University/James_Cook_University/Button_ContactUs' is clicked on

24-10-2024T13:27:29 - [MESSAGE][PASSED] - Object: 'Object Repository/APAC_University/James_Cook_University/Button_ContactUs' is clicked on

24-10-2024T13:27:29 - [TEST_STEP][PASSED] - callTestCase(findTestCase("Test Cases/APAC_Universities/SEO_PAGES/James_Cook_University/Reusable_Testcases/Lead_Form"), [:], STOP_ON_FAILURE): Call Test Case 'Test Cases/APAC_Universities/SEO_PAGES/James_Cook_University/Reusable_Testcases/Lead_Form' successfully

24-10-2024T13:27:29 - [TEST_CASE][PASSED] - Test Cases/APAC_Universities/SEO_PAGES/James_Cook_University/Reusable_Testcases/Lead_Form: Test Cases/APAC_Universities/SEO_PAGES/James_Cook_University/Reusable_Testcases/Lead_Form

24-10-2024T13:27:29 - [TEST_STEP][PASSED] - program = findTestObject("Object Repository/APAC_University/James_Cook_University/Dropdown_Program"): null

24-10-2024T13:27:29 - [TEST_STEP][PASSED] - selectOptionByIndex(program, keyPathPackage.customKeywords.selectRandomOptionFromDropdown()): All options with index in [2] are selected on object 'Object Repository/APAC_University/James_Cook_University/Dropdown_Program'

24-10-2024T13:27:29 - [MESSAGE][PASSED] - keyPathPackage.customKeywords.selectRandomOptionFromDropdown is PASSED

24-10-2024T13:27:33 - [MESSAGE][PASSED] - All options with index in [2] are selected on object 'Object Repository/APAC_University/James_Cook_University/Dropdown_Program'

24-10-2024T13:27:33 - [TEST_STEP][PASSED] - FirstName = keyPathPackage.customKeywords.generateRandomFirstName(): keyPathPackage.customKeywords.generateRandomFirstName is PASSED

24-10-2024T13:27:33 - [MESSAGE][PASSED] - keyPathPackage.customKeywords.generateRandomFirstName is PASSED

24-10-2024T13:27:33 - [TEST_STEP][PASSED] - setText(findTestObject("Object Repository/APAC_University/James_Cook_University/Field_Firstname"), FirstName): Text 'Jessi' is set on object 'Object Repository/APAC_University/James_Cook_University/Field_Firstname'

24-10-2024T13:27:34 - [MESSAGE][PASSED] - Text 'Jessi' is set on object 'Object Repository/APAC_University/James_Cook_University/Field_Firstname'

24-10-2024T13:27:34 - [TEST_STEP][PASSED] - LastName = keyPathPackage.customKeywords.generateRandomLastName(): keyPathPackage.customKeywords.generateRandomLastName is PASSED

24-10-2024T13:27:34 - [MESSAGE][PASSED] - keyPathPackage.customKeywords.generateRandomLastName is PASSED

24-10-2024T13:27:34 - [TEST_STEP][PASSED] - setText(findTestObject("Object Repository/APAC_University/James_Cook_University/Field_Lastname"), LastName): Text 'Testing Hermann' is set on object 'Object Repository/APAC_University/James_Cook_University/Field_Lastname'

24-10-2024T13:27:34 - [MESSAGE][PASSED] - Text 'Testing Hermann' is set on object 'Object Repository/APAC_University/James_Cook_University/Field_Lastname'

24-10-2024T13:27:34 - [TEST_STEP][PASSED] - waitForElementClickable(findTestObject("Object Repository/APAC_University/James_Cook_University/Button_Nextstep2"), 10): Object 'Object Repository/APAC_University/James_Cook_University/Button_Nextstep2' is clickable

24-10-2024T13:27:34 - [MESSAGE][PASSED] - Object 'Object Repository/APAC_University/James_Cook_University/Button_Nextstep2' is clickable

24-10-2024T13:27:34 - [TEST_STEP][PASSED] - click(findTestObject("Object Repository/APAC_University/James_Cook_University/Button_Nextstep2")): Object: 'Object Repository/APAC_University/James_Cook_University/Button_Nextstep2' is clicked on

24-10-2024T13:27:35 - [MESSAGE][PASSED] - Object: 'Object Repository/APAC_University/James_Cook_University/Button_Nextstep2' is clicked on

24-10-2024T13:27:35 - [TEST_STEP][PASSED] - startdate = findTestObject("Object Repository/APAC_University/James_Cook_University/Dropdown_Startdate"): null

24-10-2024T13:27:35 - [TEST_STEP][PASSED] - selectOptionByIndex(startdate, keyPathPackage.customKeywords.selectRandomOptionFromDropdown()): All options with index in [1] are selected on object 'Object Repository/APAC_University/James_Cook_University/Dropdown_Startdate'

24-10-2024T13:27:35 - [MESSAGE][PASSED] - keyPathPackage.customKeywords.selectRandomOptionFromDropdown is PASSED

24-10-2024T13:27:35 - [MESSAGE][PASSED] - All options with index in [1] are selected on object 'Object Repository/APAC_University/James_Cook_University/Dropdown_Startdate'

24-10-2024T13:27:35 - [TEST_STEP][PASSED] - selectOptionByValue(findTestObject("Object Repository/APAC_University/James_Cook_University/Dropdown_Highereducation"), Education_Level, false): All options with value 'Postgraduate diploma' are selected in object 'Object Repository/APAC_University/James_Cook_University/Dropdown_Highereducation' 

24-10-2024T13:27:36 - [MESSAGE][PASSED] - All options with value 'Postgraduate diploma' are selected in object 'Object Repository/APAC_University/James_Cook_University/Dropdown_Highereducation' 

24-10-2024T13:27:36 - [TEST_STEP][PASSED] - Workexperience = findTestObject("Object Repository/APAC_University/James_Cook_University/Dropdown_Workexperience"): null

24-10-2024T13:27:36 - [TEST_STEP][PASSED] - selectOptionByIndex(Workexperience, keyPathPackage.customKeywords.selectRandomOptionFromDropdown()): All options with index in [1] are selected on object 'Object Repository/APAC_University/James_Cook_University/Dropdown_Workexperience'

24-10-2024T13:27:36 - [MESSAGE][PASSED] - keyPathPackage.customKeywords.selectRandomOptionFromDropdown is PASSED

24-10-2024T13:27:37 - [MESSAGE][PASSED] - All options with index in [1] are selected on object 'Object Repository/APAC_University/James_Cook_University/Dropdown_Workexperience'

24-10-2024T13:27:37 - [TEST_STEP][PASSED] - Enquiryreason = findTestObject("Object Repository/APAC_University/James_Cook_University/Dropdown_Enquiry"): null

24-10-2024T13:27:37 - [TEST_STEP][PASSED] - selectOptionByIndex(Enquiryreason, keyPathPackage.customKeywords.selectRandomOptionFromDropdown()): All options with index in [2] are selected on object 'Object Repository/APAC_University/James_Cook_University/Dropdown_Enquiry'

24-10-2024T13:27:37 - [MESSAGE][PASSED] - keyPathPackage.customKeywords.selectRandomOptionFromDropdown is PASSED

24-10-2024T13:27:38 - [MESSAGE][PASSED] - All options with index in [2] are selected on object 'Object Repository/APAC_University/James_Cook_University/Dropdown_Enquiry'

24-10-2024T13:27:38 - [TEST_STEP][PASSED] - waitForElementClickable(findTestObject("Object Repository/APAC_University/James_Cook_University/Button_Nextstep3"), 10): Object 'Object Repository/APAC_University/James_Cook_University/Button_Nextstep3' is clickable

24-10-2024T13:27:38 - [MESSAGE][PASSED] - Object 'Object Repository/APAC_University/James_Cook_University/Button_Nextstep3' is clickable

24-10-2024T13:27:38 - [TEST_STEP][PASSED] - click(findTestObject("Object Repository/APAC_University/James_Cook_University/Button_Nextstep3")): Object: 'Object Repository/APAC_University/James_Cook_University/Button_Nextstep3' is clicked on

24-10-2024T13:27:38 - [MESSAGE][PASSED] - Object: 'Object Repository/APAC_University/James_Cook_University/Button_Nextstep3' is clicked on

24-10-2024T13:27:38 - [TEST_STEP][PASSED] - Email = keyPathPackage.customKeywords.generateRandomEmail(): keyPathPackage.customKeywords.generateRandomEmail is PASSED

24-10-2024T13:27:38 - [MESSAGE][PASSED] - keyPathPackage.customKeywords.generateRandomEmail is PASSED

24-10-2024T13:27:38 - [TEST_STEP][PASSED] - setText(findTestObject("Object Repository/APAC_University/James_Cook_University/Field_Email"), Email): Text 'ismael.hammes@hotmail.com' is set on object 'Object Repository/APAC_University/James_Cook_University/Field_Email'

24-10-2024T13:27:39 - [MESSAGE][PASSED] - Text 'ismael.hammes@hotmail.com' is set on object 'Object Repository/APAC_University/James_Cook_University/Field_Email'

24-10-2024T13:27:39 - [TEST_STEP][PASSED] - Phonenumber = keyPathPackage.customKeywords.generateRandomAustralianPhoneNumber(): keyPathPackage.customKeywords.generateRandomAustralianPhoneNumber is PASSED

24-10-2024T13:27:39 - [MESSAGE][PASSED] - keyPathPackage.customKeywords.generateRandomAustralianPhoneNumber is PASSED

24-10-2024T13:27:39 - [TEST_STEP][PASSED] - setText(findTestObject("Object Repository/APAC_University/James_Cook_University/Field_Phonenumber"), Phonenumber): Text '0446448198' is set on object 'Object Repository/APAC_University/James_Cook_University/Field_Phonenumber'

24-10-2024T13:27:39 - [MESSAGE][PASSED] - Text '0446448198' is set on object 'Object Repository/APAC_University/James_Cook_University/Field_Phonenumber'

24-10-2024T13:27:39 - [TEST_STEP][PASSED] - selectOptionByValue(findTestObject("Object Repository/APAC_University/James_Cook_University/Dropdown_Country"), "AU", true): All options with value 'AU' are selected in object 'Object Repository/APAC_University/James_Cook_University/Dropdown_Country'  using regular expression

24-10-2024T13:27:41 - [MESSAGE][PASSED] - All options with value 'AU' are selected in object 'Object Repository/APAC_University/James_Cook_University/Dropdown_Country'  using regular expression

24-10-2024T13:27:41 - [TEST_STEP][PASSED] - delay(3): Delayed 3 second(s)

24-10-2024T13:27:44 - [MESSAGE][PASSED] - Delayed 3 second(s)

24-10-2024T13:27:44 - [TEST_STEP][PASSED] - Postcode = keyPathPackage.customKeywords.selectRandomPostCode(): keyPathPackage.customKeywords.selectRandomPostCode is PASSED

24-10-2024T13:27:44 - [MESSAGE][PASSED] - keyPathPackage.customKeywords.selectRandomPostCode is PASSED

24-10-2024T13:27:44 - [TEST_STEP][PASSED] - setText(findTestObject("Object Repository/APAC_University/James_Cook_University/Field_Postcode"), Postcode): Text '4205' is set on object 'Object Repository/APAC_University/James_Cook_University/Field_Postcode'

24-10-2024T13:27:45 - [MESSAGE][PASSED] - Text '4205' is set on object 'Object Repository/APAC_University/James_Cook_University/Field_Postcode'

24-10-2024T13:27:45 - [TEST_STEP][PASSED] - setText(findTestObject("Object Repository/APAC_University/James_Cook_University/Field_Postcode"), Postcode): Text '4205' is set on object 'Object Repository/APAC_University/James_Cook_University/Field_Postcode'

24-10-2024T13:27:45 - [MESSAGE][PASSED] - Text '4205' is set on object 'Object Repository/APAC_University/James_Cook_University/Field_Postcode'

24-10-2024T13:27:45 - [TEST_STEP][PASSED] - waitForElementClickable(findTestObject("Object Repository/APAC_University/James_Cook_University/Button_Submit"), 10): Object 'Object Repository/APAC_University/James_Cook_University/Button_Submit' is clickable

24-10-2024T13:27:45 - [MESSAGE][PASSED] - Object 'Object Repository/APAC_University/James_Cook_University/Button_Submit' is clickable

24-10-2024T13:27:45 - [TEST_STEP][PASSED] - click(findTestObject("Object Repository/APAC_University/James_Cook_University/Button_Submit")): Object: 'Object Repository/APAC_University/James_Cook_University/Button_Submit' is clicked on

24-10-2024T13:27:46 - [MESSAGE][PASSED] - Object: 'Object Repository/APAC_University/James_Cook_University/Button_Submit' is clicked on

24-10-2024T13:27:46 - [TEST_STEP][PASSED] - delay(5): Delayed 5 second(s)

24-10-2024T13:27:51 - [MESSAGE][PASSED] - Delayed 5 second(s)

24-10-2024T13:27:51 - [TEST_STEP][PASSED] - verifyElementText(findTestObject("Object Repository/APAC_University/James_Cook_University/Verify_Message"), "Thank you"): Actual text and expected text of test object 'Object Repository/APAC_University/James_Cook_University/Verify_Message' are matched.

24-10-2024T13:27:51 - [MESSAGE][PASSED] - Actual text and expected text of test object 'Object Repository/APAC_University/James_Cook_University/Verify_Message' are matched.

24-10-2024T13:27:51 - [MESSAGE][PASSED] - Call Test Case 'Test Cases/APAC_Universities/SEO_PAGES/James_Cook_University/Reusable_Testcases/Lead_Form' successfully

24-10-2024T13:27:51 - [TEST_STEP][PASSED] - closeBrowser(): Browser is closed

24-10-2024T13:27:51 - [MESSAGE][PASSED] - Browser is closed]]></system-out>
         <system-err><![CDATA[]]></system-err>
      </testcase>
      <testcase name="Test Cases/APAC_Universities/SEO_PAGES/UNSW_University/Main_Page" time="21.626" classname="Test Cases/APAC_Universities/SEO_PAGES/UNSW_University/Main_Page" status="PASSED">
         <system-out><![CDATA[24-10-2024T13:27:51 - [TEST_CASE][PASSED] - Test Cases/APAC_Universities/SEO_PAGES/UNSW_University/Main_Page: Test Cases/APAC_Universities/SEO_PAGES/UNSW_University/Main_Page

24-10-2024T13:27:51 - [TEST_STEP][PASSED] - callTestCase(findTestCase("Test Cases/APAC_Universities/SEO_PAGES/UNSW_University/Reusable_Testcases/Navigate_URL"), [:], STOP_ON_FAILURE): Call Test Case 'Test Cases/APAC_Universities/SEO_PAGES/UNSW_University/Reusable_Testcases/Navigate_URL' successfully

24-10-2024T13:27:51 - [TEST_CASE][PASSED] - Test Cases/APAC_Universities/SEO_PAGES/UNSW_University/Reusable_Testcases/Navigate_URL: Test Cases/APAC_Universities/SEO_PAGES/UNSW_University/Reusable_Testcases/Navigate_URL

24-10-2024T13:27:51 - [TEST_STEP][PASSED] - openBrowser(""): Browser is opened with url: ''

24-10-2024T13:27:51 - [MESSAGE][INFO] - Starting 'Chrome' driver

24-10-2024T13:27:51 - [MESSAGE][INFO] - Action delay is set to 0 milliseconds

24-10-2024T13:27:52 - [MESSAGE][PASSED] - Browser is opened with url: ''

24-10-2024T13:27:52 - [TEST_STEP][PASSED] - navigateToUrl(University_UNSW): Navigate to 'https://key:path@dev-unsw-opm.pantheonsite.io/' successfully

24-10-2024T13:27:53 - [MESSAGE][PASSED] - Navigate to 'https://key:path@dev-unsw-opm.pantheonsite.io/' successfully

24-10-2024T13:27:53 - [TEST_STEP][PASSED] - maximizeWindow(): Current window maximized

24-10-2024T13:27:54 - [MESSAGE][PASSED] - Current window maximized

24-10-2024T13:27:54 - [MESSAGE][PASSED] - Call Test Case 'Test Cases/APAC_Universities/SEO_PAGES/UNSW_University/Reusable_Testcases/Navigate_URL' successfully

24-10-2024T13:27:54 - [TEST_STEP][PASSED] - callTestCase(findTestCase("Test Cases/APAC_Universities/SEO_PAGES/UNSW_University/Reusable_Testcases/Lead_Form"), [:], STOP_ON_FAILURE): Call Test Case 'Test Cases/APAC_Universities/SEO_PAGES/UNSW_University/Reusable_Testcases/Lead_Form' successfully

24-10-2024T13:27:54 - [TEST_CASE][PASSED] - Test Cases/APAC_Universities/SEO_PAGES/UNSW_University/Reusable_Testcases/Lead_Form: Test Cases/APAC_Universities/SEO_PAGES/UNSW_University/Reusable_Testcases/Lead_Form

24-10-2024T13:27:54 - [TEST_STEP][PASSED] - program = findTestObject("Object Repository/APAC_University/UNSW_University/Dropdown_Program"): null

24-10-2024T13:27:54 - [TEST_STEP][PASSED] - selectOptionByIndex(program, keyPathPackage.customKeywords.selectRandomOptionFromDropdown()): All options with index in [1] are selected on object 'Object Repository/APAC_University/UNSW_University/Dropdown_Program'

24-10-2024T13:27:54 - [MESSAGE][PASSED] - keyPathPackage.customKeywords.selectRandomOptionFromDropdown is PASSED

24-10-2024T13:27:57 - [MESSAGE][PASSED] - All options with index in [1] are selected on object 'Object Repository/APAC_University/UNSW_University/Dropdown_Program'

24-10-2024T13:27:57 - [TEST_STEP][PASSED] - FirstName = keyPathPackage.customKeywords.generateRandomFirstName(): keyPathPackage.customKeywords.generateRandomFirstName is PASSED

24-10-2024T13:27:57 - [MESSAGE][PASSED] - keyPathPackage.customKeywords.generateRandomFirstName is PASSED

24-10-2024T13:27:57 - [TEST_STEP][PASSED] - setText(findTestObject("Object Repository/APAC_University/UNSW_University/Field_Firstname"), FirstName): Text 'Jonathon' is set on object 'Object Repository/APAC_University/UNSW_University/Field_Firstname'

24-10-2024T13:27:57 - [MESSAGE][PASSED] - Text 'Jonathon' is set on object 'Object Repository/APAC_University/UNSW_University/Field_Firstname'

24-10-2024T13:27:57 - [TEST_STEP][PASSED] - LastName = keyPathPackage.customKeywords.generateRandomLastName(): keyPathPackage.customKeywords.generateRandomLastName is PASSED

24-10-2024T13:27:57 - [MESSAGE][PASSED] - keyPathPackage.customKeywords.generateRandomLastName is PASSED

24-10-2024T13:27:57 - [TEST_STEP][PASSED] - setText(findTestObject("Object Repository/APAC_University/UNSW_University/Field_Lastname"), LastName): Text 'Testing Crona' is set on object 'Object Repository/APAC_University/UNSW_University/Field_Lastname'

24-10-2024T13:27:58 - [MESSAGE][PASSED] - Text 'Testing Crona' is set on object 'Object Repository/APAC_University/UNSW_University/Field_Lastname'

24-10-2024T13:27:58 - [TEST_STEP][PASSED] - waitForElementClickable(findTestObject("Object Repository/APAC_University/UNSW_University/Button_NextStep2"), 10): Object 'Object Repository/APAC_University/UNSW_University/Button_NextStep2' is clickable

24-10-2024T13:27:58 - [MESSAGE][PASSED] - Object 'Object Repository/APAC_University/UNSW_University/Button_NextStep2' is clickable

24-10-2024T13:27:58 - [TEST_STEP][PASSED] - click(findTestObject("Object Repository/APAC_University/UNSW_University/Button_NextStep2")): Object: 'Object Repository/APAC_University/UNSW_University/Button_NextStep2' is clicked on

24-10-2024T13:27:58 - [MESSAGE][PASSED] - Object: 'Object Repository/APAC_University/UNSW_University/Button_NextStep2' is clicked on

24-10-2024T13:27:58 - [TEST_STEP][PASSED] - startdate = findTestObject("Object Repository/APAC_University/UNSW_University/Dropdown_Startdate"): null

24-10-2024T13:27:58 - [TEST_STEP][PASSED] - selectOptionByIndex(startdate, keyPathPackage.customKeywords.selectRandomOptionFromDropdown()): All options with index in [2] are selected on object 'Object Repository/APAC_University/UNSW_University/Dropdown_Startdate'

24-10-2024T13:27:58 - [MESSAGE][PASSED] - keyPathPackage.customKeywords.selectRandomOptionFromDropdown is PASSED

24-10-2024T13:27:59 - [MESSAGE][PASSED] - All options with index in [2] are selected on object 'Object Repository/APAC_University/UNSW_University/Dropdown_Startdate'

24-10-2024T13:27:59 - [TEST_STEP][PASSED] - selectOptionByValue(findTestObject("Object Repository/APAC_University/UNSW_University/Dropdown_Highereducation"), Education_Level, false): All options with value 'Postgraduate diploma' are selected in object 'Object Repository/APAC_University/UNSW_University/Dropdown_Highereducation' 

24-10-2024T13:28:00 - [MESSAGE][PASSED] - All options with value 'Postgraduate diploma' are selected in object 'Object Repository/APAC_University/UNSW_University/Dropdown_Highereducation' 

24-10-2024T13:28:00 - [TEST_STEP][PASSED] - Workexperience = findTestObject("Object Repository/APAC_University/UNSW_University/Dropdown_Workexperience"): null

24-10-2024T13:28:00 - [TEST_STEP][PASSED] - selectOptionByIndex(Workexperience, keyPathPackage.customKeywords.selectRandomOptionFromDropdown()): All options with index in [2] are selected on object 'Object Repository/APAC_University/UNSW_University/Dropdown_Workexperience'

24-10-2024T13:28:00 - [MESSAGE][PASSED] - keyPathPackage.customKeywords.selectRandomOptionFromDropdown is PASSED

24-10-2024T13:28:01 - [MESSAGE][PASSED] - All options with index in [2] are selected on object 'Object Repository/APAC_University/UNSW_University/Dropdown_Workexperience'

24-10-2024T13:28:01 - [TEST_STEP][PASSED] - Enquiryreason = findTestObject("Object Repository/APAC_University/UNSW_University/Dropdown_Enquiry"): null

24-10-2024T13:28:01 - [TEST_STEP][PASSED] - selectOptionByIndex(Enquiryreason, keyPathPackage.customKeywords.selectRandomOptionFromDropdown()): All options with index in [1] are selected on object 'Object Repository/APAC_University/UNSW_University/Dropdown_Enquiry'

24-10-2024T13:28:01 - [MESSAGE][PASSED] - keyPathPackage.customKeywords.selectRandomOptionFromDropdown is PASSED

24-10-2024T13:28:01 - [MESSAGE][PASSED] - All options with index in [1] are selected on object 'Object Repository/APAC_University/UNSW_University/Dropdown_Enquiry'

24-10-2024T13:28:01 - [TEST_STEP][PASSED] - waitForElementClickable(findTestObject("Object Repository/APAC_University/UNSW_University/Button_NextStep3"), 10): Object 'Object Repository/APAC_University/UNSW_University/Button_NextStep3' is clickable

24-10-2024T13:28:02 - [MESSAGE][PASSED] - Object 'Object Repository/APAC_University/UNSW_University/Button_NextStep3' is clickable

24-10-2024T13:28:02 - [TEST_STEP][PASSED] - click(findTestObject("Object Repository/APAC_University/UNSW_University/Button_NextStep3")): Object: 'Object Repository/APAC_University/UNSW_University/Button_NextStep3' is clicked on

24-10-2024T13:28:02 - [MESSAGE][PASSED] - Object: 'Object Repository/APAC_University/UNSW_University/Button_NextStep3' is clicked on

24-10-2024T13:28:02 - [TEST_STEP][PASSED] - Phonenumber = keyPathPackage.customKeywords.generateRandomAustralianPhoneNumber(): keyPathPackage.customKeywords.generateRandomAustralianPhoneNumber is PASSED

24-10-2024T13:28:02 - [MESSAGE][PASSED] - keyPathPackage.customKeywords.generateRandomAustralianPhoneNumber is PASSED

24-10-2024T13:28:02 - [TEST_STEP][PASSED] - setText(findTestObject("Object Repository/APAC_University/UNSW_University/Field_Phonenumber"), Phonenumber): Text '0494797976' is set on object 'Object Repository/APAC_University/UNSW_University/Field_Phonenumber'

24-10-2024T13:28:02 - [MESSAGE][PASSED] - Text '0494797976' is set on object 'Object Repository/APAC_University/UNSW_University/Field_Phonenumber'

24-10-2024T13:28:02 - [TEST_STEP][PASSED] - Email = keyPathPackage.customKeywords.generateRandomEmail(): keyPathPackage.customKeywords.generateRandomEmail is PASSED

24-10-2024T13:28:02 - [MESSAGE][PASSED] - keyPathPackage.customKeywords.generateRandomEmail is PASSED

24-10-2024T13:28:02 - [TEST_STEP][PASSED] - setText(findTestObject("Object Repository/APAC_University/UNSW_University/Field_Email"), Email): Text 'burton.koepp@gmail.com' is set on object 'Object Repository/APAC_University/UNSW_University/Field_Email'

24-10-2024T13:28:03 - [MESSAGE][PASSED] - Text 'burton.koepp@gmail.com' is set on object 'Object Repository/APAC_University/UNSW_University/Field_Email'

24-10-2024T13:28:03 - [TEST_STEP][PASSED] - selectOptionByLabel(findTestObject("Object Repository/APAC_University/UNSW_University/Dropdown_Country"), "Australia", false): All options with label 'Australia' are selected in object 'Object Repository/APAC_University/UNSW_University/Dropdown_Country' 

24-10-2024T13:28:04 - [MESSAGE][PASSED] - All options with label 'Australia' are selected in object 'Object Repository/APAC_University/UNSW_University/Dropdown_Country' 

24-10-2024T13:28:04 - [TEST_STEP][PASSED] - delay(3): Delayed 3 second(s)

24-10-2024T13:28:07 - [MESSAGE][PASSED] - Delayed 3 second(s)

24-10-2024T13:28:07 - [TEST_STEP][PASSED] - Postcode = keyPathPackage.customKeywords.selectRandomPostCode(): keyPathPackage.customKeywords.selectRandomPostCode is PASSED

24-10-2024T13:28:07 - [MESSAGE][PASSED] - keyPathPackage.customKeywords.selectRandomPostCode is PASSED

24-10-2024T13:28:07 - [TEST_STEP][PASSED] - setText(findTestObject("Object Repository/APAC_University/UNSW_University/Field_Postcode"), Postcode): Text '7742' is set on object 'Object Repository/APAC_University/UNSW_University/Field_Postcode'

24-10-2024T13:28:07 - [MESSAGE][PASSED] - Text '7742' is set on object 'Object Repository/APAC_University/UNSW_University/Field_Postcode'

24-10-2024T13:28:07 - [TEST_STEP][PASSED] - waitForElementClickable(findTestObject("Object Repository/APAC_University/UNSW_University/Button_Submit"), 10): Object 'Object Repository/APAC_University/UNSW_University/Button_Submit' is clickable

24-10-2024T13:28:07 - [MESSAGE][PASSED] - Object 'Object Repository/APAC_University/UNSW_University/Button_Submit' is clickable

24-10-2024T13:28:07 - [TEST_STEP][PASSED] - click(findTestObject("Object Repository/APAC_University/UNSW_University/Button_Submit")): Object: 'Object Repository/APAC_University/UNSW_University/Button_Submit' is clicked on

24-10-2024T13:28:08 - [MESSAGE][PASSED] - Object: 'Object Repository/APAC_University/UNSW_University/Button_Submit' is clicked on

24-10-2024T13:28:08 - [TEST_STEP][PASSED] - delay(5): Delayed 5 second(s)

24-10-2024T13:28:13 - [MESSAGE][PASSED] - Delayed 5 second(s)

24-10-2024T13:28:13 - [TEST_STEP][PASSED] - verifyElementText(findTestObject("Object Repository/APAC_University/UNSW_University/Verfy_Content"), "Thank you for your enquiry"): Actual text and expected text of test object 'Object Repository/APAC_University/UNSW_University/Verfy_Content' are matched.

24-10-2024T13:28:13 - [MESSAGE][PASSED] - Actual text and expected text of test object 'Object Repository/APAC_University/UNSW_University/Verfy_Content' are matched.

24-10-2024T13:28:13 - [MESSAGE][PASSED] - Call Test Case 'Test Cases/APAC_Universities/SEO_PAGES/UNSW_University/Reusable_Testcases/Lead_Form' successfully]]></system-out>
         <system-err><![CDATA[]]></system-err>
      </testcase>
      <testcase name="Test Cases/APAC_Universities/SEO_PAGES/UNSW_University/Enquiry_Now" time="21.65" classname="Test Cases/APAC_Universities/SEO_PAGES/UNSW_University/Enquiry_Now" status="PASSED">
         <system-out><![CDATA[24-10-2024T13:28:13 - [TEST_CASE][PASSED] - Test Cases/APAC_Universities/SEO_PAGES/UNSW_University/Enquiry_Now: Test Cases/APAC_Universities/SEO_PAGES/UNSW_University/Enquiry_Now

24-10-2024T13:28:13 - [TEST_STEP][PASSED] - callTestCase(findTestCase("Test Cases/APAC_Universities/SEO_PAGES/UNSW_University/Reusable_Testcases/Navigate_HomePage"), [:], STOP_ON_FAILURE): Call Test Case 'Test Cases/APAC_Universities/SEO_PAGES/UNSW_University/Reusable_Testcases/Navigate_HomePage' successfully

24-10-2024T13:28:13 - [TEST_CASE][PASSED] - Test Cases/APAC_Universities/SEO_PAGES/UNSW_University/Reusable_Testcases/Navigate_HomePage: Test Cases/APAC_Universities/SEO_PAGES/UNSW_University/Reusable_Testcases/Navigate_HomePage

24-10-2024T13:28:13 - [TEST_STEP][PASSED] - waitForElementClickable(findTestObject("Object Repository/APAC_University/UNSW_University/Button_home"), 10): Object 'Object Repository/APAC_University/UNSW_University/Button_home' is clickable

24-10-2024T13:28:13 - [MESSAGE][PASSED] - Object 'Object Repository/APAC_University/UNSW_University/Button_home' is clickable

24-10-2024T13:28:13 - [TEST_STEP][PASSED] - click(findTestObject("Object Repository/APAC_University/UNSW_University/Button_home")): Object: 'Object Repository/APAC_University/UNSW_University/Button_home' is clicked on

24-10-2024T13:28:16 - [MESSAGE][PASSED] - Object: 'Object Repository/APAC_University/UNSW_University/Button_home' is clicked on

24-10-2024T13:28:16 - [MESSAGE][PASSED] - Call Test Case 'Test Cases/APAC_Universities/SEO_PAGES/UNSW_University/Reusable_Testcases/Navigate_HomePage' successfully

24-10-2024T13:28:16 - [TEST_STEP][PASSED] - waitForElementClickable(findTestObject("Object Repository/APAC_University/UNSW_University/Button_EnquiryNow"), 10): Object 'Object Repository/APAC_University/UNSW_University/Button_EnquiryNow' is clickable

24-10-2024T13:28:17 - [MESSAGE][PASSED] - Object 'Object Repository/APAC_University/UNSW_University/Button_EnquiryNow' is clickable

24-10-2024T13:28:17 - [TEST_STEP][PASSED] - click(findTestObject("Object Repository/APAC_University/UNSW_University/Button_EnquiryNow")): Object: 'Object Repository/APAC_University/UNSW_University/Button_EnquiryNow' is clicked on

24-10-2024T13:28:17 - [MESSAGE][PASSED] - Object: 'Object Repository/APAC_University/UNSW_University/Button_EnquiryNow' is clicked on

24-10-2024T13:28:17 - [TEST_STEP][PASSED] - callTestCase(findTestCase("Test Cases/APAC_Universities/SEO_PAGES/UNSW_University/Reusable_Testcases/Lead_Form"), [:], STOP_ON_FAILURE): Call Test Case 'Test Cases/APAC_Universities/SEO_PAGES/UNSW_University/Reusable_Testcases/Lead_Form' successfully

24-10-2024T13:28:17 - [TEST_CASE][PASSED] - Test Cases/APAC_Universities/SEO_PAGES/UNSW_University/Reusable_Testcases/Lead_Form: Test Cases/APAC_Universities/SEO_PAGES/UNSW_University/Reusable_Testcases/Lead_Form

24-10-2024T13:28:17 - [TEST_STEP][PASSED] - program = findTestObject("Object Repository/APAC_University/UNSW_University/Dropdown_Program"): null

24-10-2024T13:28:17 - [TEST_STEP][PASSED] - selectOptionByIndex(program, keyPathPackage.customKeywords.selectRandomOptionFromDropdown()): All options with index in [1] are selected on object 'Object Repository/APAC_University/UNSW_University/Dropdown_Program'

24-10-2024T13:28:17 - [MESSAGE][PASSED] - keyPathPackage.customKeywords.selectRandomOptionFromDropdown is PASSED

24-10-2024T13:28:18 - [MESSAGE][PASSED] - All options with index in [1] are selected on object 'Object Repository/APAC_University/UNSW_University/Dropdown_Program'

24-10-2024T13:28:18 - [TEST_STEP][PASSED] - FirstName = keyPathPackage.customKeywords.generateRandomFirstName(): keyPathPackage.customKeywords.generateRandomFirstName is PASSED

24-10-2024T13:28:18 - [MESSAGE][PASSED] - keyPathPackage.customKeywords.generateRandomFirstName is PASSED

24-10-2024T13:28:18 - [TEST_STEP][PASSED] - setText(findTestObject("Object Repository/APAC_University/UNSW_University/Field_Firstname"), FirstName): Text 'Dominique' is set on object 'Object Repository/APAC_University/UNSW_University/Field_Firstname'

24-10-2024T13:28:19 - [MESSAGE][PASSED] - Text 'Dominique' is set on object 'Object Repository/APAC_University/UNSW_University/Field_Firstname'

24-10-2024T13:28:19 - [TEST_STEP][PASSED] - LastName = keyPathPackage.customKeywords.generateRandomLastName(): keyPathPackage.customKeywords.generateRandomLastName is PASSED

24-10-2024T13:28:19 - [MESSAGE][PASSED] - keyPathPackage.customKeywords.generateRandomLastName is PASSED

24-10-2024T13:28:19 - [TEST_STEP][PASSED] - setText(findTestObject("Object Repository/APAC_University/UNSW_University/Field_Lastname"), LastName): Text 'Testing Collier' is set on object 'Object Repository/APAC_University/UNSW_University/Field_Lastname'

24-10-2024T13:28:19 - [MESSAGE][PASSED] - Text 'Testing Collier' is set on object 'Object Repository/APAC_University/UNSW_University/Field_Lastname'

24-10-2024T13:28:19 - [TEST_STEP][PASSED] - waitForElementClickable(findTestObject("Object Repository/APAC_University/UNSW_University/Button_NextStep2"), 10): Object 'Object Repository/APAC_University/UNSW_University/Button_NextStep2' is clickable

24-10-2024T13:28:20 - [MESSAGE][PASSED] - Object 'Object Repository/APAC_University/UNSW_University/Button_NextStep2' is clickable

24-10-2024T13:28:20 - [TEST_STEP][PASSED] - click(findTestObject("Object Repository/APAC_University/UNSW_University/Button_NextStep2")): Object: 'Object Repository/APAC_University/UNSW_University/Button_NextStep2' is clicked on

24-10-2024T13:28:20 - [MESSAGE][PASSED] - Object: 'Object Repository/APAC_University/UNSW_University/Button_NextStep2' is clicked on

24-10-2024T13:28:20 - [TEST_STEP][PASSED] - startdate = findTestObject("Object Repository/APAC_University/UNSW_University/Dropdown_Startdate"): null

24-10-2024T13:28:20 - [TEST_STEP][PASSED] - selectOptionByIndex(startdate, keyPathPackage.customKeywords.selectRandomOptionFromDropdown()): All options with index in [2] are selected on object 'Object Repository/APAC_University/UNSW_University/Dropdown_Startdate'

24-10-2024T13:28:20 - [MESSAGE][PASSED] - keyPathPackage.customKeywords.selectRandomOptionFromDropdown is PASSED

24-10-2024T13:28:21 - [MESSAGE][PASSED] - All options with index in [2] are selected on object 'Object Repository/APAC_University/UNSW_University/Dropdown_Startdate'

24-10-2024T13:28:21 - [TEST_STEP][PASSED] - selectOptionByValue(findTestObject("Object Repository/APAC_University/UNSW_University/Dropdown_Highereducation"), Education_Level, false): All options with value 'Postgraduate diploma' are selected in object 'Object Repository/APAC_University/UNSW_University/Dropdown_Highereducation' 

24-10-2024T13:28:21 - [MESSAGE][PASSED] - All options with value 'Postgraduate diploma' are selected in object 'Object Repository/APAC_University/UNSW_University/Dropdown_Highereducation' 

24-10-2024T13:28:21 - [TEST_STEP][PASSED] - Workexperience = findTestObject("Object Repository/APAC_University/UNSW_University/Dropdown_Workexperience"): null

24-10-2024T13:28:21 - [TEST_STEP][PASSED] - selectOptionByIndex(Workexperience, keyPathPackage.customKeywords.selectRandomOptionFromDropdown()): All options with index in [1] are selected on object 'Object Repository/APAC_University/UNSW_University/Dropdown_Workexperience'

24-10-2024T13:28:21 - [MESSAGE][PASSED] - keyPathPackage.customKeywords.selectRandomOptionFromDropdown is PASSED

24-10-2024T13:28:22 - [MESSAGE][PASSED] - All options with index in [1] are selected on object 'Object Repository/APAC_University/UNSW_University/Dropdown_Workexperience'

24-10-2024T13:28:22 - [TEST_STEP][PASSED] - Enquiryreason = findTestObject("Object Repository/APAC_University/UNSW_University/Dropdown_Enquiry"): null

24-10-2024T13:28:22 - [TEST_STEP][PASSED] - selectOptionByIndex(Enquiryreason, keyPathPackage.customKeywords.selectRandomOptionFromDropdown()): All options with index in [1] are selected on object 'Object Repository/APAC_University/UNSW_University/Dropdown_Enquiry'

24-10-2024T13:28:22 - [MESSAGE][PASSED] - keyPathPackage.customKeywords.selectRandomOptionFromDropdown is PASSED

24-10-2024T13:28:23 - [MESSAGE][PASSED] - All options with index in [1] are selected on object 'Object Repository/APAC_University/UNSW_University/Dropdown_Enquiry'

24-10-2024T13:28:23 - [TEST_STEP][PASSED] - waitForElementClickable(findTestObject("Object Repository/APAC_University/UNSW_University/Button_NextStep3"), 10): Object 'Object Repository/APAC_University/UNSW_University/Button_NextStep3' is clickable

24-10-2024T13:28:23 - [MESSAGE][PASSED] - Object 'Object Repository/APAC_University/UNSW_University/Button_NextStep3' is clickable

24-10-2024T13:28:23 - [TEST_STEP][PASSED] - click(findTestObject("Object Repository/APAC_University/UNSW_University/Button_NextStep3")): Object: 'Object Repository/APAC_University/UNSW_University/Button_NextStep3' is clicked on

24-10-2024T13:28:23 - [MESSAGE][PASSED] - Object: 'Object Repository/APAC_University/UNSW_University/Button_NextStep3' is clicked on

24-10-2024T13:28:23 - [TEST_STEP][PASSED] - Phonenumber = keyPathPackage.customKeywords.generateRandomAustralianPhoneNumber(): keyPathPackage.customKeywords.generateRandomAustralianPhoneNumber is PASSED

24-10-2024T13:28:23 - [MESSAGE][PASSED] - keyPathPackage.customKeywords.generateRandomAustralianPhoneNumber is PASSED

24-10-2024T13:28:23 - [TEST_STEP][PASSED] - setText(findTestObject("Object Repository/APAC_University/UNSW_University/Field_Phonenumber"), Phonenumber): Text '0402910154' is set on object 'Object Repository/APAC_University/UNSW_University/Field_Phonenumber'

24-10-2024T13:28:24 - [MESSAGE][PASSED] - Text '0402910154' is set on object 'Object Repository/APAC_University/UNSW_University/Field_Phonenumber'

24-10-2024T13:28:24 - [TEST_STEP][PASSED] - Email = keyPathPackage.customKeywords.generateRandomEmail(): keyPathPackage.customKeywords.generateRandomEmail is PASSED

24-10-2024T13:28:24 - [MESSAGE][PASSED] - keyPathPackage.customKeywords.generateRandomEmail is PASSED

24-10-2024T13:28:24 - [TEST_STEP][PASSED] - setText(findTestObject("Object Repository/APAC_University/UNSW_University/Field_Email"), Email): Text 'marina.morissette@gmail.com' is set on object 'Object Repository/APAC_University/UNSW_University/Field_Email'

24-10-2024T13:28:25 - [MESSAGE][PASSED] - Text 'marina.morissette@gmail.com' is set on object 'Object Repository/APAC_University/UNSW_University/Field_Email'

24-10-2024T13:28:25 - [TEST_STEP][PASSED] - selectOptionByLabel(findTestObject("Object Repository/APAC_University/UNSW_University/Dropdown_Country"), "Australia", false): All options with label 'Australia' are selected in object 'Object Repository/APAC_University/UNSW_University/Dropdown_Country' 

24-10-2024T13:28:25 - [MESSAGE][PASSED] - All options with label 'Australia' are selected in object 'Object Repository/APAC_University/UNSW_University/Dropdown_Country' 

24-10-2024T13:28:25 - [TEST_STEP][PASSED] - delay(3): Delayed 3 second(s)

24-10-2024T13:28:28 - [MESSAGE][PASSED] - Delayed 3 second(s)

24-10-2024T13:28:28 - [TEST_STEP][PASSED] - Postcode = keyPathPackage.customKeywords.selectRandomPostCode(): keyPathPackage.customKeywords.selectRandomPostCode is PASSED

24-10-2024T13:28:28 - [MESSAGE][PASSED] - keyPathPackage.customKeywords.selectRandomPostCode is PASSED

24-10-2024T13:28:28 - [TEST_STEP][PASSED] - setText(findTestObject("Object Repository/APAC_University/UNSW_University/Field_Postcode"), Postcode): Text '0909' is set on object 'Object Repository/APAC_University/UNSW_University/Field_Postcode'

24-10-2024T13:28:29 - [MESSAGE][PASSED] - Text '0909' is set on object 'Object Repository/APAC_University/UNSW_University/Field_Postcode'

24-10-2024T13:28:29 - [TEST_STEP][PASSED] - waitForElementClickable(findTestObject("Object Repository/APAC_University/UNSW_University/Button_Submit"), 10): Object 'Object Repository/APAC_University/UNSW_University/Button_Submit' is clickable

24-10-2024T13:28:29 - [MESSAGE][PASSED] - Object 'Object Repository/APAC_University/UNSW_University/Button_Submit' is clickable

24-10-2024T13:28:29 - [TEST_STEP][PASSED] - click(findTestObject("Object Repository/APAC_University/UNSW_University/Button_Submit")): Object: 'Object Repository/APAC_University/UNSW_University/Button_Submit' is clicked on

24-10-2024T13:28:29 - [MESSAGE][PASSED] - Object: 'Object Repository/APAC_University/UNSW_University/Button_Submit' is clicked on

24-10-2024T13:28:29 - [TEST_STEP][PASSED] - delay(5): Delayed 5 second(s)

24-10-2024T13:28:34 - [MESSAGE][PASSED] - Delayed 5 second(s)

24-10-2024T13:28:34 - [TEST_STEP][PASSED] - verifyElementText(findTestObject("Object Repository/APAC_University/UNSW_University/Verfy_Content"), "Thank you for your enquiry"): Actual text and expected text of test object 'Object Repository/APAC_University/UNSW_University/Verfy_Content' are matched.

24-10-2024T13:28:34 - [MESSAGE][PASSED] - Actual text and expected text of test object 'Object Repository/APAC_University/UNSW_University/Verfy_Content' are matched.

24-10-2024T13:28:34 - [MESSAGE][PASSED] - Call Test Case 'Test Cases/APAC_Universities/SEO_PAGES/UNSW_University/Reusable_Testcases/Lead_Form' successfully

24-10-2024T13:28:34 - [TEST_STEP][PASSED] - closeBrowser(): Browser is closed

24-10-2024T13:28:35 - [MESSAGE][PASSED] - Browser is closed]]></system-out>
         <system-err><![CDATA[]]></system-err>
      </testcase>
      <testcase name="Test Cases/APAC_Universities/SEO_PAGES/SCU_University/Enquiry_Now" time="25.046" classname="Test Cases/APAC_Universities/SEO_PAGES/SCU_University/Enquiry_Now" status="FAILED">
         <failure type="FAILED" message="Test Cases/APAC_Universities/SEO_PAGES/SCU_University/Enquiry_Now FAILED.&#xa;Reason:&#xa;com.kms.katalon.core.exception.StepFailedException: Unable to select option by index '2' of object 'Object Repository/APAC_University/SCU_University/Enquiry_Now/Dropdown_Startdate'&#xa;	at com.kms.katalon.core.webui.keyword.internal.WebUIKeywordMain.stepFailed(WebUIKeywordMain.groovy:64)&#xa;	at com.kms.katalon.core.webui.keyword.internal.WebUIKeywordMain.runKeyword(WebUIKeywordMain.groovy:26)&#xa;	at com.kms.katalon.core.webui.keyword.builtin.SelectOptionByIndexKeyword.selectOptionByIndex(SelectOptionByIndexKeyword.groovy:93)&#xa;	at com.kms.katalon.core.webui.keyword.builtin.SelectOptionByIndexKeyword.execute(SelectOptionByIndexKeyword.groovy:68)&#xa;	at com.kms.katalon.core.keyword.internal.KeywordExecutor.executeKeywordForPlatform(KeywordExecutor.groovy:74)&#xa;	at com.kms.katalon.core.webui.keyword.WebUiBuiltInKeywords.selectOptionByIndex(WebUiBuiltInKeywords.groovy:1172)&#xa;	at Enquiry_Now.run(Enquiry_Now:71)&#xa;	at com.kms.katalon.core.main.ScriptEngine.run(ScriptEngine.java:194)&#xa;	at com.kms.katalon.core.main.ScriptEngine.runScriptAsRawText(ScriptEngine.java:119)&#xa;	at com.kms.katalon.core.main.TestCaseExecutor.runScript(TestCaseExecutor.java:448)&#xa;	at com.kms.katalon.core.main.TestCaseExecutor.doExecute(TestCaseExecutor.java:439)&#xa;	at com.kms.katalon.core.main.TestCaseExecutor.processExecutionPhase(TestCaseExecutor.java:418)&#xa;	at com.kms.katalon.core.main.TestCaseExecutor.accessMainPhase(TestCaseExecutor.java:410)&#xa;	at com.kms.katalon.core.main.TestCaseExecutor.execute(TestCaseExecutor.java:285)&#xa;	at com.kms.katalon.core.common.CommonExecutor.accessTestCaseMainPhase(CommonExecutor.java:65)&#xa;	at com.kms.katalon.core.main.TestSuiteExecutor.accessTestSuiteMainPhase(TestSuiteExecutor.java:150)&#xa;	at com.kms.katalon.core.main.TestSuiteExecutor.execute(TestSuiteExecutor.java:106)&#xa;	at com.kms.katalon.core.main.TestCaseMain.startTestSuite(TestCaseMain.java:180)&#xa;	at TempTestSuite1729736418037.run(TempTestSuite1729736418037.groovy:35)&#xa;	at java.base/jdk.internal.reflect.NativeMethodAccessorImpl.invoke0(Native Method)&#xa;	at java.base/jdk.internal.reflect.NativeMethodAccessorImpl.invoke(NativeMethodAccessorImpl.java:77)&#xa;	at java.base/jdk.internal.reflect.DelegatingMethodAccessorImpl.invoke(DelegatingMethodAccessorImpl.java:43)&#xa;Caused by: org.openqa.selenium.JavascriptException: javascript error: {&quot;status&quot;:11,&quot;value&quot;:&quot;Element is not currently visible and may not be manipulated&quot;}&#xa;  (Session info: chrome=130.0.6723.59)&#xa;Build info: version: '3.141.59', revision: 'unknown', time: 'unknown'&#xa;System info: host: 'Madhans-MacBook-Pro.local', ip: '2401:d002:ab04:5000:a403:b65e:885e:e485%en0', os.name: 'Mac OS X', os.arch: 'aarch64', os.version: '14.3.1', java.version: '17.0.7'&#xa;Driver info: com.kms.katalon.selenium.driver.CChromeDriver&#xa;Capabilities {acceptInsecureCerts: false, browserName: chrome, browserVersion: 130.0.6723.59, chrome: {chromedriverVersion: 130.0.6723.69 (3ec172b971b9..., userDataDir: /var/folders/81/jk91fm7j2_5...}, fedcm:accounts: true, goog:chromeOptions: {debuggerAddress: localhost:59734}, javascriptEnabled: true, networkConnectionEnabled: false, pageLoadStrategy: normal, platform: MAC, platformName: MAC, proxy: Proxy(), setWindowRect: true, strictFileInteractability: false, timeouts: {implicit: 0, pageLoad: 300000, script: 30000}, unhandledPromptBehavior: dismiss and notify, webauthn:extension:credBlob: true, webauthn:extension:largeBlob: true, webauthn:extension:minPinLength: true, webauthn:extension:prf: true, webauthn:virtualAuthenticators: true}&#xa;Session ID: 29902195d9c2503381fee54862689423&#xa;	at java.base/jdk.internal.reflect.NativeConstructorAccessorImpl.newInstance0(Native Method)&#xa;	at java.base/jdk.internal.reflect.NativeConstructorAccessorImpl.newInstance(NativeConstructorAccessorImpl.java:77)&#xa;	at java.base/jdk.internal.reflect.DelegatingConstructorAccessorImpl.newInstance(DelegatingConstructorAccessorImpl.java:45)&#xa;	at org.openqa.selenium.remote.http.W3CHttpResponseCodec.createException(W3CHttpResponseCodec.java:187)&#xa;	at org.openqa.selenium.remote.http.W3CHttpResponseCodec.decode(W3CHttpResponseCodec.java:122)&#xa;	at org.openqa.selenium.remote.http.W3CHttpResponseCodec.decode(W3CHttpResponseCodec.java:49)&#xa;	at org.openqa.selenium.remote.HttpCommandExecutor.execute(HttpCommandExecutor.java:158)&#xa;	at org.openqa.selenium.remote.service.DriverCommandExecutor.execute(DriverCommandExecutor.java:83)&#xa;	at org.openqa.selenium.remote.RemoteWebDriver.execute(RemoteWebDriver.java:552)&#xa;	at com.kms.katalon.selenium.driver.CChromeDriver.execute(CChromeDriver.java:19)&#xa;	at org.openqa.selenium.remote.RemoteWebElement.execute(RemoteWebElement.java:285)&#xa;	at org.openqa.selenium.remote.RemoteWebElement.click(RemoteWebElement.java:84)&#xa;	at jdk.internal.reflect.GeneratedMethodAccessor16.invoke(Unknown Source)&#xa;	at java.base/jdk.internal.reflect.DelegatingMethodAccessorImpl.invoke(DelegatingMethodAccessorImpl.java:43)&#xa;	at org.openqa.selenium.support.events.EventFiringWebDriver$EventFiringWebElement.lambda$new$0(EventFiringWebDriver.java:404)&#xa;	at jdk.proxy2/jdk.proxy2.$Proxy24.click(Unknown Source)&#xa;	at org.openqa.selenium.support.events.EventFiringWebDriver$EventFiringWebElement.click(EventFiringWebDriver.java:417)&#xa;	at org.openqa.selenium.support.ui.Select.setSelected(Select.java:311)&#xa;	at org.openqa.selenium.support.ui.Select.setSelectedByIndex(Select.java:293)&#xa;	at org.openqa.selenium.support.ui.Select.selectByIndex(Select.java:172)&#xa;	at com.kms.katalon.core.webui.common.WebUiCommonHelper.selectOrDeselectOptionsByIndex(WebUiCommonHelper.java:245)&#xa;	at com.kms.katalon.core.webui.keyword.builtin.SelectOptionByIndexKeyword$_selectOptionByIndex_closure1.doCall(SelectOptionByIndexKeyword.groovy:85)&#xa;	at com.kms.katalon.core.webui.keyword.builtin.SelectOptionByIndexKeyword$_selectOptionByIndex_closure1.call(SelectOptionByIndexKeyword.groovy)&#xa;	at com.kms.katalon.core.webui.keyword.internal.WebUIKeywordMain.runKeyword(WebUIKeywordMain.groovy:20)&#xa;	... 20 more&#xa;"/>
         <system-out><![CDATA[24-10-2024T13:28:35 - [TEST_CASE][FAILED] - Test Cases/APAC_Universities/SEO_PAGES/SCU_University/Enquiry_Now: Test Cases/APAC_Universities/SEO_PAGES/SCU_University/Enquiry_Now FAILED.
Reason:
com.kms.katalon.core.exception.StepFailedException: Unable to select option by index '2' of object 'Object Repository/APAC_University/SCU_University/Enquiry_Now/Dropdown_Startdate'
	at com.kms.katalon.core.webui.keyword.internal.WebUIKeywordMain.stepFailed(WebUIKeywordMain.groovy:64)
	at com.kms.katalon.core.webui.keyword.internal.WebUIKeywordMain.runKeyword(WebUIKeywordMain.groovy:26)
	at com.kms.katalon.core.webui.keyword.builtin.SelectOptionByIndexKeyword.selectOptionByIndex(SelectOptionByIndexKeyword.groovy:93)
	at com.kms.katalon.core.webui.keyword.builtin.SelectOptionByIndexKeyword.execute(SelectOptionByIndexKeyword.groovy:68)
	at com.kms.katalon.core.keyword.internal.KeywordExecutor.executeKeywordForPlatform(KeywordExecutor.groovy:74)
	at com.kms.katalon.core.webui.keyword.WebUiBuiltInKeywords.selectOptionByIndex(WebUiBuiltInKeywords.groovy:1172)
	at Enquiry_Now.run(Enquiry_Now:71)
	at com.kms.katalon.core.main.ScriptEngine.run(ScriptEngine.java:194)
	at com.kms.katalon.core.main.ScriptEngine.runScriptAsRawText(ScriptEngine.java:119)
	at com.kms.katalon.core.main.TestCaseExecutor.runScript(TestCaseExecutor.java:448)
	at com.kms.katalon.core.main.TestCaseExecutor.doExecute(TestCaseExecutor.java:439)
	at com.kms.katalon.core.main.TestCaseExecutor.processExecutionPhase(TestCaseExecutor.java:418)
	at com.kms.katalon.core.main.TestCaseExecutor.accessMainPhase(TestCaseExecutor.java:410)
	at com.kms.katalon.core.main.TestCaseExecutor.execute(TestCaseExecutor.java:285)
	at com.kms.katalon.core.common.CommonExecutor.accessTestCaseMainPhase(CommonExecutor.java:65)
	at com.kms.katalon.core.main.TestSuiteExecutor.accessTestSuiteMainPhase(TestSuiteExecutor.java:150)
	at com.kms.katalon.core.main.TestSuiteExecutor.execute(TestSuiteExecutor.java:106)
	at com.kms.katalon.core.main.TestCaseMain.startTestSuite(TestCaseMain.java:180)
	at TempTestSuite1729736418037.run(TempTestSuite1729736418037.groovy:35)
	at java.base/jdk.internal.reflect.NativeMethodAccessorImpl.invoke0(Native Method)
	at java.base/jdk.internal.reflect.NativeMethodAccessorImpl.invoke(NativeMethodAccessorImpl.java:77)
	at java.base/jdk.internal.reflect.DelegatingMethodAccessorImpl.invoke(DelegatingMethodAccessorImpl.java:43)
Caused by: org.openqa.selenium.JavascriptException: javascript error: {"status":11,"value":"Element is not currently visible and may not be manipulated"}
  (Session info: chrome=130.0.6723.59)
Build info: version: '3.141.59', revision: 'unknown', time: 'unknown'
System info: host: 'Madhans-MacBook-Pro.local', ip: '2401:d002:ab04:5000:a403:b65e:885e:e485%en0', os.name: 'Mac OS X', os.arch: 'aarch64', os.version: '14.3.1', java.version: '17.0.7'
Driver info: com.kms.katalon.selenium.driver.CChromeDriver
Capabilities {acceptInsecureCerts: false, browserName: chrome, browserVersion: 130.0.6723.59, chrome: {chromedriverVersion: 130.0.6723.69 (3ec172b971b9..., userDataDir: /var/folders/81/jk91fm7j2_5...}, fedcm:accounts: true, goog:chromeOptions: {debuggerAddress: localhost:59734}, javascriptEnabled: true, networkConnectionEnabled: false, pageLoadStrategy: normal, platform: MAC, platformName: MAC, proxy: Proxy(), setWindowRect: true, strictFileInteractability: false, timeouts: {implicit: 0, pageLoad: 300000, script: 30000}, unhandledPromptBehavior: dismiss and notify, webauthn:extension:credBlob: true, webauthn:extension:largeBlob: true, webauthn:extension:minPinLength: true, webauthn:extension:prf: true, webauthn:virtualAuthenticators: true}
Session ID: 29902195d9c2503381fee54862689423
	at java.base/jdk.internal.reflect.NativeConstructorAccessorImpl.newInstance0(Native Method)
	at java.base/jdk.internal.reflect.NativeConstructorAccessorImpl.newInstance(NativeConstructorAccessorImpl.java:77)
	at java.base/jdk.internal.reflect.DelegatingConstructorAccessorImpl.newInstance(DelegatingConstructorAccessorImpl.java:45)
	at org.openqa.selenium.remote.http.W3CHttpResponseCodec.createException(W3CHttpResponseCodec.java:187)
	at org.openqa.selenium.remote.http.W3CHttpResponseCodec.decode(W3CHttpResponseCodec.java:122)
	at org.openqa.selenium.remote.http.W3CHttpResponseCodec.decode(W3CHttpResponseCodec.java:49)
	at org.openqa.selenium.remote.HttpCommandExecutor.execute(HttpCommandExecutor.java:158)
	at org.openqa.selenium.remote.service.DriverCommandExecutor.execute(DriverCommandExecutor.java:83)
	at org.openqa.selenium.remote.RemoteWebDriver.execute(RemoteWebDriver.java:552)
	at com.kms.katalon.selenium.driver.CChromeDriver.execute(CChromeDriver.java:19)
	at org.openqa.selenium.remote.RemoteWebElement.execute(RemoteWebElement.java:285)
	at org.openqa.selenium.remote.RemoteWebElement.click(RemoteWebElement.java:84)
	at jdk.internal.reflect.GeneratedMethodAccessor16.invoke(Unknown Source)
	at java.base/jdk.internal.reflect.DelegatingMethodAccessorImpl.invoke(DelegatingMethodAccessorImpl.java:43)
	at org.openqa.selenium.support.events.EventFiringWebDriver$EventFiringWebElement.lambda$new$0(EventFiringWebDriver.java:404)
	at jdk.proxy2/jdk.proxy2.$Proxy24.click(Unknown Source)
	at org.openqa.selenium.support.events.EventFiringWebDriver$EventFiringWebElement.click(EventFiringWebDriver.java:417)
	at org.openqa.selenium.support.ui.Select.setSelected(Select.java:311)
	at org.openqa.selenium.support.ui.Select.setSelectedByIndex(Select.java:293)
	at org.openqa.selenium.support.ui.Select.selectByIndex(Select.java:172)
	at com.kms.katalon.core.webui.common.WebUiCommonHelper.selectOrDeselectOptionsByIndex(WebUiCommonHelper.java:245)
	at com.kms.katalon.core.webui.keyword.builtin.SelectOptionByIndexKeyword$_selectOptionByIndex_closure1.doCall(SelectOptionByIndexKeyword.groovy:85)
	at com.kms.katalon.core.webui.keyword.builtin.SelectOptionByIndexKeyword$_selectOptionByIndex_closure1.call(SelectOptionByIndexKeyword.groovy)
	at com.kms.katalon.core.webui.keyword.internal.WebUIKeywordMain.runKeyword(WebUIKeywordMain.groovy:20)
	... 20 more


24-10-2024T13:28:35 - [TEST_STEP][PASSED] - callTestCase(findTestCase("Test Cases/APAC_Universities/SEO_PAGES/SCU_University/Reusable_Testcases/Navigate_URL"), [:], STOP_ON_FAILURE): Call Test Case 'Test Cases/APAC_Universities/SEO_PAGES/SCU_University/Reusable_Testcases/Navigate_URL' successfully

24-10-2024T13:28:35 - [TEST_CASE][PASSED] - Test Cases/APAC_Universities/SEO_PAGES/SCU_University/Reusable_Testcases/Navigate_URL: Test Cases/APAC_Universities/SEO_PAGES/SCU_University/Reusable_Testcases/Navigate_URL

24-10-2024T13:28:35 - [TEST_STEP][PASSED] - openBrowser(""): Browser is opened with url: ''

24-10-2024T13:28:35 - [MESSAGE][INFO] - Starting 'Chrome' driver

24-10-2024T13:28:35 - [MESSAGE][INFO] - Action delay is set to 0 milliseconds

24-10-2024T13:28:35 - [MESSAGE][PASSED] - Browser is opened with url: ''

24-10-2024T13:28:35 - [TEST_STEP][PASSED] - navigateToUrl(University_SCU): Navigate to 'https://key:path@dev-scu-opm.pantheonsite.io/' successfully

24-10-2024T13:28:51 - [MESSAGE][PASSED] - Navigate to 'https://key:path@dev-scu-opm.pantheonsite.io/' successfully

24-10-2024T13:28:51 - [TEST_STEP][PASSED] - maximizeWindow(): Current window maximized

24-10-2024T13:28:52 - [MESSAGE][PASSED] - Current window maximized

24-10-2024T13:28:52 - [MESSAGE][PASSED] - Call Test Case 'Test Cases/APAC_Universities/SEO_PAGES/SCU_University/Reusable_Testcases/Navigate_URL' successfully

24-10-2024T13:28:52 - [TEST_STEP][PASSED] - waitForElementClickable(findTestObject("Object Repository/APAC_University/SCU_University/Main_Page/Button_Enquiry_Now"), 10): Object 'Object Repository/APAC_University/SCU_University/Main_Page/Button_Enquiry_Now' is clickable

24-10-2024T13:28:54 - [MESSAGE][PASSED] - Object 'Object Repository/APAC_University/SCU_University/Main_Page/Button_Enquiry_Now' is clickable

24-10-2024T13:28:54 - [TEST_STEP][PASSED] - click(findTestObject("Object Repository/APAC_University/SCU_University/Main_Page/Button_Enquiry_Now")): Object: 'Object Repository/APAC_University/SCU_University/Main_Page/Button_Enquiry_Now' is clicked on

24-10-2024T13:28:55 - [MESSAGE][PASSED] - Object: 'Object Repository/APAC_University/SCU_University/Main_Page/Button_Enquiry_Now' is clicked on

24-10-2024T13:28:55 - [TEST_STEP][PASSED] - waitForElementVisible(findTestObject("Object Repository/APAC_University/SCU_University/Main_Page/Modal_Dialog"), 10): Object 'Object Repository/APAC_University/SCU_University/Main_Page/Modal_Dialog' is visible

24-10-2024T13:28:56 - [MESSAGE][PASSED] - Object 'Object Repository/APAC_University/SCU_University/Main_Page/Modal_Dialog' is visible

24-10-2024T13:28:56 - [TEST_STEP][PASSED] - selectTestObject = findTestObject("Object Repository/APAC_University/SCU_University/Enquiry_Now/Dropdown_Course"): null

24-10-2024T13:28:56 - [TEST_STEP][PASSED] - selectElement = findWebElement(selectTestObject, 0): Found web element by test object Object Repository/APAC_University/SCU_University/Enquiry_Now/Dropdown_Course

24-10-2024T13:28:56 - [MESSAGE][WARNING] - Timeout '0' is invalid. Using default page load timeout: '30'

24-10-2024T13:28:56 - [MESSAGE][PASSED] - Found web element by test object Object Repository/APAC_University/SCU_University/Enquiry_Now/Dropdown_Course

24-10-2024T13:28:56 - [TEST_STEP][PASSED] - select = new org.openqa.selenium.support.ui.Select(selectElement): null

24-10-2024T13:28:56 - [TEST_STEP][PASSED] - options = select.getOptions(): null

24-10-2024T13:28:56 - [TEST_STEP][PASSED] - validOptions = options.findAll({ -> ... }): null

24-10-2024T13:28:56 - [TEST_STEP][PASSED] - random = new java.util.Random(): null

24-10-2024T13:28:56 - [TEST_STEP][PASSED] - randomOption = validOptions[random.nextInt(validOptions.size())]: null

24-10-2024T13:28:56 - [TEST_STEP][PASSED] - select.selectByValue(randomOption.getAttribute("value")): null

24-10-2024T13:28:57 - [TEST_STEP][PASSED] - FirstName = keyPathPackage.customKeywords.generateRandomFirstName(): keyPathPackage.customKeywords.generateRandomFirstName is PASSED

24-10-2024T13:28:57 - [MESSAGE][PASSED] - keyPathPackage.customKeywords.generateRandomFirstName is PASSED

24-10-2024T13:28:57 - [TEST_STEP][PASSED] - setText(findTestObject("Object Repository/APAC_University/SCU_University/Enquiry_Now/Field_FirstName"), FirstName): Text 'Buffy' is set on object 'Object Repository/APAC_University/SCU_University/Enquiry_Now/Field_FirstName'

24-10-2024T13:28:57 - [MESSAGE][PASSED] - Text 'Buffy' is set on object 'Object Repository/APAC_University/SCU_University/Enquiry_Now/Field_FirstName'

24-10-2024T13:28:57 - [TEST_STEP][PASSED] - LastName = keyPathPackage.customKeywords.generateRandomLastName(): keyPathPackage.customKeywords.generateRandomLastName is PASSED

24-10-2024T13:28:57 - [MESSAGE][PASSED] - keyPathPackage.customKeywords.generateRandomLastName is PASSED

24-10-2024T13:28:57 - [TEST_STEP][PASSED] - setText(findTestObject("Object Repository/APAC_University/SCU_University/Enquiry_Now/Field_LastName"), LastName): Text 'Testing Ward' is set on object 'Object Repository/APAC_University/SCU_University/Enquiry_Now/Field_LastName'

24-10-2024T13:28:58 - [MESSAGE][PASSED] - Text 'Testing Ward' is set on object 'Object Repository/APAC_University/SCU_University/Enquiry_Now/Field_LastName'

24-10-2024T13:28:58 - [TEST_STEP][PASSED] - waitForElementClickable(findTestObject("Object Repository/APAC_University/SCU_University/Enquiry_Now/Button_Nextstep1"), 10): Object 'Object Repository/APAC_University/SCU_University/Enquiry_Now/Button_Nextstep1' is clickable

24-10-2024T13:28:58 - [MESSAGE][PASSED] - Object 'Object Repository/APAC_University/SCU_University/Enquiry_Now/Button_Nextstep1' is clickable

24-10-2024T13:28:58 - [TEST_STEP][PASSED] - click(findTestObject("Object Repository/APAC_University/SCU_University/Enquiry_Now/Button_Nextstep1")): Object: 'Object Repository/APAC_University/SCU_University/Enquiry_Now/Button_Nextstep1' is clicked on

24-10-2024T13:28:58 - [MESSAGE][PASSED] - Object: 'Object Repository/APAC_University/SCU_University/Enquiry_Now/Button_Nextstep1' is clicked on

24-10-2024T13:28:58 - [TEST_STEP][PASSED] - startdate = findTestObject("Object Repository/APAC_University/SCU_University/Enquiry_Now/Dropdown_Startdate"): null

24-10-2024T13:28:58 - [TEST_STEP][FAILED] - selectOptionByIndex(startdate, keyPathPackage.customKeywords.selectRandomOptionFromDropdown()): Unable to select option by index '2' of object 'Object Repository/APAC_University/SCU_University/Enquiry_Now/Dropdown_Startdate' (Root cause: com.kms.katalon.core.exception.StepFailedException: Unable to select option by index '2' of object 'Object Repository/APAC_University/SCU_University/Enquiry_Now/Dropdown_Startdate'
	at com.kms.katalon.core.webui.keyword.internal.WebUIKeywordMain.stepFailed(WebUIKeywordMain.groovy:64)
	at com.kms.katalon.core.webui.keyword.internal.WebUIKeywordMain.runKeyword(WebUIKeywordMain.groovy:26)
	at com.kms.katalon.core.webui.keyword.builtin.SelectOptionByIndexKeyword.selectOptionByIndex(SelectOptionByIndexKeyword.groovy:93)
	at com.kms.katalon.core.webui.keyword.builtin.SelectOptionByIndexKeyword.execute(SelectOptionByIndexKeyword.groovy:68)
	at com.kms.katalon.core.keyword.internal.KeywordExecutor.executeKeywordForPlatform(KeywordExecutor.groovy:74)
	at com.kms.katalon.core.webui.keyword.WebUiBuiltInKeywords.selectOptionByIndex(WebUiBuiltInKeywords.groovy:1172)
	at Enquiry_Now.run(Enquiry_Now:71)
	at com.kms.katalon.core.main.ScriptEngine.run(ScriptEngine.java:194)
	at com.kms.katalon.core.main.ScriptEngine.runScriptAsRawText(ScriptEngine.java:119)
	at com.kms.katalon.core.main.TestCaseExecutor.runScript(TestCaseExecutor.java:448)
	at com.kms.katalon.core.main.TestCaseExecutor.doExecute(TestCaseExecutor.java:439)
	at com.kms.katalon.core.main.TestCaseExecutor.processExecutionPhase(TestCaseExecutor.java:418)
	at com.kms.katalon.core.main.TestCaseExecutor.accessMainPhase(TestCaseExecutor.java:410)
	at com.kms.katalon.core.main.TestCaseExecutor.execute(TestCaseExecutor.java:285)
	at com.kms.katalon.core.common.CommonExecutor.accessTestCaseMainPhase(CommonExecutor.java:65)
	at com.kms.katalon.core.main.TestSuiteExecutor.accessTestSuiteMainPhase(TestSuiteExecutor.java:150)
	at com.kms.katalon.core.main.TestSuiteExecutor.execute(TestSuiteExecutor.java:106)
	at com.kms.katalon.core.main.TestCaseMain.startTestSuite(TestCaseMain.java:180)
	at TempTestSuite1729736418037.run(TempTestSuite1729736418037.groovy:35)
	at java.base/jdk.internal.reflect.NativeMethodAccessorImpl.invoke0(Native Method)
	at java.base/jdk.internal.reflect.NativeMethodAccessorImpl.invoke(NativeMethodAccessorImpl.java:77)
	at java.base/jdk.internal.reflect.DelegatingMethodAccessorImpl.invoke(DelegatingMethodAccessorImpl.java:43)
Caused by: org.openqa.selenium.JavascriptException: javascript error: {"status":11,"value":"Element is not currently visible and may not be manipulated"}
  (Session info: chrome=130.0.6723.59)
Build info: version: '3.141.59', revision: 'unknown', time: 'unknown'
System info: host: 'Madhans-MacBook-Pro.local', ip: '2401:d002:ab04:5000:a403:b65e:885e:e485%en0', os.name: 'Mac OS X', os.arch: 'aarch64', os.version: '14.3.1', java.version: '17.0.7'
Driver info: com.kms.katalon.selenium.driver.CChromeDriver
Capabilities {acceptInsecureCerts: false, browserName: chrome, browserVersion: 130.0.6723.59, chrome: {chromedriverVersion: 130.0.6723.69 (3ec172b971b9..., userDataDir: /var/folders/81/jk91fm7j2_5...}, fedcm:accounts: true, goog:chromeOptions: {debuggerAddress: localhost:59734}, javascriptEnabled: true, networkConnectionEnabled: false, pageLoadStrategy: normal, platform: MAC, platformName: MAC, proxy: Proxy(), setWindowRect: true, strictFileInteractability: false, timeouts: {implicit: 0, pageLoad: 300000, script: 30000}, unhandledPromptBehavior: dismiss and notify, webauthn:extension:credBlob: true, webauthn:extension:largeBlob: true, webauthn:extension:minPinLength: true, webauthn:extension:prf: true, webauthn:virtualAuthenticators: true}
Session ID: 29902195d9c2503381fee54862689423
	at java.base/jdk.internal.reflect.NativeConstructorAccessorImpl.newInstance0(Native Method)
	at java.base/jdk.internal.reflect.NativeConstructorAccessorImpl.newInstance(NativeConstructorAccessorImpl.java:77)
	at java.base/jdk.internal.reflect.DelegatingConstructorAccessorImpl.newInstance(DelegatingConstructorAccessorImpl.java:45)
	at org.openqa.selenium.remote.http.W3CHttpResponseCodec.createException(W3CHttpResponseCodec.java:187)
	at org.openqa.selenium.remote.http.W3CHttpResponseCodec.decode(W3CHttpResponseCodec.java:122)
	at org.openqa.selenium.remote.http.W3CHttpResponseCodec.decode(W3CHttpResponseCodec.java:49)
	at org.openqa.selenium.remote.HttpCommandExecutor.execute(HttpCommandExecutor.java:158)
	at org.openqa.selenium.remote.service.DriverCommandExecutor.execute(DriverCommandExecutor.java:83)
	at org.openqa.selenium.remote.RemoteWebDriver.execute(RemoteWebDriver.java:552)
	at com.kms.katalon.selenium.driver.CChromeDriver.execute(CChromeDriver.java:19)
	at org.openqa.selenium.remote.RemoteWebElement.execute(RemoteWebElement.java:285)
	at org.openqa.selenium.remote.RemoteWebElement.click(RemoteWebElement.java:84)
	at jdk.internal.reflect.GeneratedMethodAccessor16.invoke(Unknown Source)
	at java.base/jdk.internal.reflect.DelegatingMethodAccessorImpl.invoke(DelegatingMethodAccessorImpl.java:43)
	at org.openqa.selenium.support.events.EventFiringWebDriver$EventFiringWebElement.lambda$new$0(EventFiringWebDriver.java:404)
	at jdk.proxy2/jdk.proxy2.$Proxy24.click(Unknown Source)
	at org.openqa.selenium.support.events.EventFiringWebDriver$EventFiringWebElement.click(EventFiringWebDriver.java:417)
	at org.openqa.selenium.support.ui.Select.setSelected(Select.java:311)
	at org.openqa.selenium.support.ui.Select.setSelectedByIndex(Select.java:293)
	at org.openqa.selenium.support.ui.Select.selectByIndex(Select.java:172)
	at com.kms.katalon.core.webui.common.WebUiCommonHelper.selectOrDeselectOptionsByIndex(WebUiCommonHelper.java:245)
	at com.kms.katalon.core.webui.keyword.builtin.SelectOptionByIndexKeyword$_selectOptionByIndex_closure1.doCall(SelectOptionByIndexKeyword.groovy:85)
	at com.kms.katalon.core.webui.keyword.builtin.SelectOptionByIndexKeyword$_selectOptionByIndex_closure1.call(SelectOptionByIndexKeyword.groovy)
	at com.kms.katalon.core.webui.keyword.internal.WebUIKeywordMain.runKeyword(WebUIKeywordMain.groovy:20)
	at com.kms.katalon.core.webui.keyword.builtin.SelectOptionByIndexKeyword.selectOptionByIndex(SelectOptionByIndexKeyword.groovy:93)
	at com.kms.katalon.core.webui.keyword.builtin.SelectOptionByIndexKeyword.execute(SelectOptionByIndexKeyword.groovy:68)
	at com.kms.katalon.core.keyword.internal.KeywordExecutor.executeKeywordForPlatform(KeywordExecutor.groovy:74)
	at com.kms.katalon.core.webui.keyword.WebUiBuiltInKeywords.selectOptionByIndex(WebUiBuiltInKeywords.groovy:1172)
	at Script1720582261422.run(Script1720582261422.groovy:71)
	... 15 more
)

24-10-2024T13:28:58 - [MESSAGE][PASSED] - keyPathPackage.customKeywords.selectRandomOptionFromDropdown is PASSED

24-10-2024T13:29:00 - [MESSAGE][FAILED] - Unable to select option by index '2' of object 'Object Repository/APAC_University/SCU_University/Enquiry_Now/Dropdown_Startdate' (Root cause: com.kms.katalon.core.exception.StepFailedException: Unable to select option by index '2' of object 'Object Repository/APAC_University/SCU_University/Enquiry_Now/Dropdown_Startdate'
	at com.kms.katalon.core.webui.keyword.internal.WebUIKeywordMain.stepFailed(WebUIKeywordMain.groovy:64)
	at com.kms.katalon.core.webui.keyword.internal.WebUIKeywordMain.runKeyword(WebUIKeywordMain.groovy:26)
	at com.kms.katalon.core.webui.keyword.builtin.SelectOptionByIndexKeyword.selectOptionByIndex(SelectOptionByIndexKeyword.groovy:93)
	at com.kms.katalon.core.webui.keyword.builtin.SelectOptionByIndexKeyword.execute(SelectOptionByIndexKeyword.groovy:68)
	at com.kms.katalon.core.keyword.internal.KeywordExecutor.executeKeywordForPlatform(KeywordExecutor.groovy:74)
	at com.kms.katalon.core.webui.keyword.WebUiBuiltInKeywords.selectOptionByIndex(WebUiBuiltInKeywords.groovy:1172)
	at Enquiry_Now.run(Enquiry_Now:71)
	at com.kms.katalon.core.main.ScriptEngine.run(ScriptEngine.java:194)
	at com.kms.katalon.core.main.ScriptEngine.runScriptAsRawText(ScriptEngine.java:119)
	at com.kms.katalon.core.main.TestCaseExecutor.runScript(TestCaseExecutor.java:448)
	at com.kms.katalon.core.main.TestCaseExecutor.doExecute(TestCaseExecutor.java:439)
	at com.kms.katalon.core.main.TestCaseExecutor.processExecutionPhase(TestCaseExecutor.java:418)
	at com.kms.katalon.core.main.TestCaseExecutor.accessMainPhase(TestCaseExecutor.java:410)
	at com.kms.katalon.core.main.TestCaseExecutor.execute(TestCaseExecutor.java:285)
	at com.kms.katalon.core.common.CommonExecutor.accessTestCaseMainPhase(CommonExecutor.java:65)
	at com.kms.katalon.core.main.TestSuiteExecutor.accessTestSuiteMainPhase(TestSuiteExecutor.java:150)
	at com.kms.katalon.core.main.TestSuiteExecutor.execute(TestSuiteExecutor.java:106)
	at com.kms.katalon.core.main.TestCaseMain.startTestSuite(TestCaseMain.java:180)
	at TempTestSuite1729736418037.run(TempTestSuite1729736418037.groovy:35)
	at java.base/jdk.internal.reflect.NativeMethodAccessorImpl.invoke0(Native Method)
	at java.base/jdk.internal.reflect.NativeMethodAccessorImpl.invoke(NativeMethodAccessorImpl.java:77)
	at java.base/jdk.internal.reflect.DelegatingMethodAccessorImpl.invoke(DelegatingMethodAccessorImpl.java:43)
Caused by: org.openqa.selenium.JavascriptException: javascript error: {"status":11,"value":"Element is not currently visible and may not be manipulated"}
  (Session info: chrome=130.0.6723.59)
Build info: version: '3.141.59', revision: 'unknown', time: 'unknown'
System info: host: 'Madhans-MacBook-Pro.local', ip: '2401:d002:ab04:5000:a403:b65e:885e:e485%en0', os.name: 'Mac OS X', os.arch: 'aarch64', os.version: '14.3.1', java.version: '17.0.7'
Driver info: com.kms.katalon.selenium.driver.CChromeDriver
Capabilities {acceptInsecureCerts: false, browserName: chrome, browserVersion: 130.0.6723.59, chrome: {chromedriverVersion: 130.0.6723.69 (3ec172b971b9..., userDataDir: /var/folders/81/jk91fm7j2_5...}, fedcm:accounts: true, goog:chromeOptions: {debuggerAddress: localhost:59734}, javascriptEnabled: true, networkConnectionEnabled: false, pageLoadStrategy: normal, platform: MAC, platformName: MAC, proxy: Proxy(), setWindowRect: true, strictFileInteractability: false, timeouts: {implicit: 0, pageLoad: 300000, script: 30000}, unhandledPromptBehavior: dismiss and notify, webauthn:extension:credBlob: true, webauthn:extension:largeBlob: true, webauthn:extension:minPinLength: true, webauthn:extension:prf: true, webauthn:virtualAuthenticators: true}
Session ID: 29902195d9c2503381fee54862689423
	at java.base/jdk.internal.reflect.NativeConstructorAccessorImpl.newInstance0(Native Method)
	at java.base/jdk.internal.reflect.NativeConstructorAccessorImpl.newInstance(NativeConstructorAccessorImpl.java:77)
	at java.base/jdk.internal.reflect.DelegatingConstructorAccessorImpl.newInstance(DelegatingConstructorAccessorImpl.java:45)
	at org.openqa.selenium.remote.http.W3CHttpResponseCodec.createException(W3CHttpResponseCodec.java:187)
	at org.openqa.selenium.remote.http.W3CHttpResponseCodec.decode(W3CHttpResponseCodec.java:122)
	at org.openqa.selenium.remote.http.W3CHttpResponseCodec.decode(W3CHttpResponseCodec.java:49)
	at org.openqa.selenium.remote.HttpCommandExecutor.execute(HttpCommandExecutor.java:158)
	at org.openqa.selenium.remote.service.DriverCommandExecutor.execute(DriverCommandExecutor.java:83)
	at org.openqa.selenium.remote.RemoteWebDriver.execute(RemoteWebDriver.java:552)
	at com.kms.katalon.selenium.driver.CChromeDriver.execute(CChromeDriver.java:19)
	at org.openqa.selenium.remote.RemoteWebElement.execute(RemoteWebElement.java:285)
	at org.openqa.selenium.remote.RemoteWebElement.click(RemoteWebElement.java:84)
	at jdk.internal.reflect.GeneratedMethodAccessor16.invoke(Unknown Source)
	at java.base/jdk.internal.reflect.DelegatingMethodAccessorImpl.invoke(DelegatingMethodAccessorImpl.java:43)
	at org.openqa.selenium.support.events.EventFiringWebDriver$EventFiringWebElement.lambda$new$0(EventFiringWebDriver.java:404)
	at jdk.proxy2/jdk.proxy2.$Proxy24.click(Unknown Source)
	at org.openqa.selenium.support.events.EventFiringWebDriver$EventFiringWebElement.click(EventFiringWebDriver.java:417)
	at org.openqa.selenium.support.ui.Select.setSelected(Select.java:311)
	at org.openqa.selenium.support.ui.Select.setSelectedByIndex(Select.java:293)
	at org.openqa.selenium.support.ui.Select.selectByIndex(Select.java:172)
	at com.kms.katalon.core.webui.common.WebUiCommonHelper.selectOrDeselectOptionsByIndex(WebUiCommonHelper.java:245)
	at com.kms.katalon.core.webui.keyword.builtin.SelectOptionByIndexKeyword$_selectOptionByIndex_closure1.doCall(SelectOptionByIndexKeyword.groovy:85)
	at com.kms.katalon.core.webui.keyword.builtin.SelectOptionByIndexKeyword$_selectOptionByIndex_closure1.call(SelectOptionByIndexKeyword.groovy)
	at com.kms.katalon.core.webui.keyword.internal.WebUIKeywordMain.runKeyword(WebUIKeywordMain.groovy:20)
	at com.kms.katalon.core.webui.keyword.builtin.SelectOptionByIndexKeyword.selectOptionByIndex(SelectOptionByIndexKeyword.groovy:93)
	at com.kms.katalon.core.webui.keyword.builtin.SelectOptionByIndexKeyword.execute(SelectOptionByIndexKeyword.groovy:68)
	at com.kms.katalon.core.keyword.internal.KeywordExecutor.executeKeywordForPlatform(KeywordExecutor.groovy:74)
	at com.kms.katalon.core.webui.keyword.WebUiBuiltInKeywords.selectOptionByIndex(WebUiBuiltInKeywords.groovy:1172)
	at Script1720582261422.run(Script1720582261422.groovy:71)
	... 15 more
)
[[ATTACHMENT|/Users/madhansivaraj/git/Keypath_Automation_Testing_Mster/Reports/20241024_132018/Keypath_Testsuite_APAC_SEO/20241024_132018/1729736939606.png]]]]></system-out>
         <system-err><![CDATA[24-10-2024T13:28:35 - [TEST_CASE][FAILED] - Test Cases/APAC_Universities/SEO_PAGES/SCU_University/Enquiry_Now: Test Cases/APAC_Universities/SEO_PAGES/SCU_University/Enquiry_Now FAILED.
Reason:
com.kms.katalon.core.exception.StepFailedException: Unable to select option by index '2' of object 'Object Repository/APAC_University/SCU_University/Enquiry_Now/Dropdown_Startdate'
	at com.kms.katalon.core.webui.keyword.internal.WebUIKeywordMain.stepFailed(WebUIKeywordMain.groovy:64)
	at com.kms.katalon.core.webui.keyword.internal.WebUIKeywordMain.runKeyword(WebUIKeywordMain.groovy:26)
	at com.kms.katalon.core.webui.keyword.builtin.SelectOptionByIndexKeyword.selectOptionByIndex(SelectOptionByIndexKeyword.groovy:93)
	at com.kms.katalon.core.webui.keyword.builtin.SelectOptionByIndexKeyword.execute(SelectOptionByIndexKeyword.groovy:68)
	at com.kms.katalon.core.keyword.internal.KeywordExecutor.executeKeywordForPlatform(KeywordExecutor.groovy:74)
	at com.kms.katalon.core.webui.keyword.WebUiBuiltInKeywords.selectOptionByIndex(WebUiBuiltInKeywords.groovy:1172)
	at Enquiry_Now.run(Enquiry_Now:71)
	at com.kms.katalon.core.main.ScriptEngine.run(ScriptEngine.java:194)
	at com.kms.katalon.core.main.ScriptEngine.runScriptAsRawText(ScriptEngine.java:119)
	at com.kms.katalon.core.main.TestCaseExecutor.runScript(TestCaseExecutor.java:448)
	at com.kms.katalon.core.main.TestCaseExecutor.doExecute(TestCaseExecutor.java:439)
	at com.kms.katalon.core.main.TestCaseExecutor.processExecutionPhase(TestCaseExecutor.java:418)
	at com.kms.katalon.core.main.TestCaseExecutor.accessMainPhase(TestCaseExecutor.java:410)
	at com.kms.katalon.core.main.TestCaseExecutor.execute(TestCaseExecutor.java:285)
	at com.kms.katalon.core.common.CommonExecutor.accessTestCaseMainPhase(CommonExecutor.java:65)
	at com.kms.katalon.core.main.TestSuiteExecutor.accessTestSuiteMainPhase(TestSuiteExecutor.java:150)
	at com.kms.katalon.core.main.TestSuiteExecutor.execute(TestSuiteExecutor.java:106)
	at com.kms.katalon.core.main.TestCaseMain.startTestSuite(TestCaseMain.java:180)
	at TempTestSuite1729736418037.run(TempTestSuite1729736418037.groovy:35)
	at java.base/jdk.internal.reflect.NativeMethodAccessorImpl.invoke0(Native Method)
	at java.base/jdk.internal.reflect.NativeMethodAccessorImpl.invoke(NativeMethodAccessorImpl.java:77)
	at java.base/jdk.internal.reflect.DelegatingMethodAccessorImpl.invoke(DelegatingMethodAccessorImpl.java:43)
Caused by: org.openqa.selenium.JavascriptException: javascript error: {"status":11,"value":"Element is not currently visible and may not be manipulated"}
  (Session info: chrome=130.0.6723.59)
Build info: version: '3.141.59', revision: 'unknown', time: 'unknown'
System info: host: 'Madhans-MacBook-Pro.local', ip: '2401:d002:ab04:5000:a403:b65e:885e:e485%en0', os.name: 'Mac OS X', os.arch: 'aarch64', os.version: '14.3.1', java.version: '17.0.7'
Driver info: com.kms.katalon.selenium.driver.CChromeDriver
Capabilities {acceptInsecureCerts: false, browserName: chrome, browserVersion: 130.0.6723.59, chrome: {chromedriverVersion: 130.0.6723.69 (3ec172b971b9..., userDataDir: /var/folders/81/jk91fm7j2_5...}, fedcm:accounts: true, goog:chromeOptions: {debuggerAddress: localhost:59734}, javascriptEnabled: true, networkConnectionEnabled: false, pageLoadStrategy: normal, platform: MAC, platformName: MAC, proxy: Proxy(), setWindowRect: true, strictFileInteractability: false, timeouts: {implicit: 0, pageLoad: 300000, script: 30000}, unhandledPromptBehavior: dismiss and notify, webauthn:extension:credBlob: true, webauthn:extension:largeBlob: true, webauthn:extension:minPinLength: true, webauthn:extension:prf: true, webauthn:virtualAuthenticators: true}
Session ID: 29902195d9c2503381fee54862689423
	at java.base/jdk.internal.reflect.NativeConstructorAccessorImpl.newInstance0(Native Method)
	at java.base/jdk.internal.reflect.NativeConstructorAccessorImpl.newInstance(NativeConstructorAccessorImpl.java:77)
	at java.base/jdk.internal.reflect.DelegatingConstructorAccessorImpl.newInstance(DelegatingConstructorAccessorImpl.java:45)
	at org.openqa.selenium.remote.http.W3CHttpResponseCodec.createException(W3CHttpResponseCodec.java:187)
	at org.openqa.selenium.remote.http.W3CHttpResponseCodec.decode(W3CHttpResponseCodec.java:122)
	at org.openqa.selenium.remote.http.W3CHttpResponseCodec.decode(W3CHttpResponseCodec.java:49)
	at org.openqa.selenium.remote.HttpCommandExecutor.execute(HttpCommandExecutor.java:158)
	at org.openqa.selenium.remote.service.DriverCommandExecutor.execute(DriverCommandExecutor.java:83)
	at org.openqa.selenium.remote.RemoteWebDriver.execute(RemoteWebDriver.java:552)
	at com.kms.katalon.selenium.driver.CChromeDriver.execute(CChromeDriver.java:19)
	at org.openqa.selenium.remote.RemoteWebElement.execute(RemoteWebElement.java:285)
	at org.openqa.selenium.remote.RemoteWebElement.click(RemoteWebElement.java:84)
	at jdk.internal.reflect.GeneratedMethodAccessor16.invoke(Unknown Source)
	at java.base/jdk.internal.reflect.DelegatingMethodAccessorImpl.invoke(DelegatingMethodAccessorImpl.java:43)
	at org.openqa.selenium.support.events.EventFiringWebDriver$EventFiringWebElement.lambda$new$0(EventFiringWebDriver.java:404)
	at jdk.proxy2/jdk.proxy2.$Proxy24.click(Unknown Source)
	at org.openqa.selenium.support.events.EventFiringWebDriver$EventFiringWebElement.click(EventFiringWebDriver.java:417)
	at org.openqa.selenium.support.ui.Select.setSelected(Select.java:311)
	at org.openqa.selenium.support.ui.Select.setSelectedByIndex(Select.java:293)
	at org.openqa.selenium.support.ui.Select.selectByIndex(Select.java:172)
	at com.kms.katalon.core.webui.common.WebUiCommonHelper.selectOrDeselectOptionsByIndex(WebUiCommonHelper.java:245)
	at com.kms.katalon.core.webui.keyword.builtin.SelectOptionByIndexKeyword$_selectOptionByIndex_closure1.doCall(SelectOptionByIndexKeyword.groovy:85)
	at com.kms.katalon.core.webui.keyword.builtin.SelectOptionByIndexKeyword$_selectOptionByIndex_closure1.call(SelectOptionByIndexKeyword.groovy)
	at com.kms.katalon.core.webui.keyword.internal.WebUIKeywordMain.runKeyword(WebUIKeywordMain.groovy:20)
	... 20 more]]></system-err>
      </testcase>
      <testcase name="Test Cases/APAC_Universities/SEO_PAGES/SCU_University/Main_Page" time="8.972" classname="Test Cases/APAC_Universities/SEO_PAGES/SCU_University/Main_Page" status="FAILED">
         <failure type="FAILED" message="Test Cases/APAC_Universities/SEO_PAGES/SCU_University/Main_Page FAILED.&#xa;Reason:&#xa;com.kms.katalon.core.exception.StepFailedException: Unable to select option by index '1' of object 'Object Repository/APAC_University/SCU_University/Main_Page/Dropdown_StartDate'&#xa;	at com.kms.katalon.core.webui.keyword.internal.WebUIKeywordMain.stepFailed(WebUIKeywordMain.groovy:64)&#xa;	at com.kms.katalon.core.webui.keyword.internal.WebUIKeywordMain.runKeyword(WebUIKeywordMain.groovy:26)&#xa;	at com.kms.katalon.core.webui.keyword.builtin.SelectOptionByIndexKeyword.selectOptionByIndex(SelectOptionByIndexKeyword.groovy:93)&#xa;	at com.kms.katalon.core.webui.keyword.builtin.SelectOptionByIndexKeyword.execute(SelectOptionByIndexKeyword.groovy:68)&#xa;	at com.kms.katalon.core.keyword.internal.KeywordExecutor.executeKeywordForPlatform(KeywordExecutor.groovy:74)&#xa;	at com.kms.katalon.core.webui.keyword.WebUiBuiltInKeywords.selectOptionByIndex(WebUiBuiltInKeywords.groovy:1172)&#xa;	at Main_Page.run(Main_Page:65)&#xa;	at com.kms.katalon.core.main.ScriptEngine.run(ScriptEngine.java:194)&#xa;	at com.kms.katalon.core.main.ScriptEngine.runScriptAsRawText(ScriptEngine.java:119)&#xa;	at com.kms.katalon.core.main.TestCaseExecutor.runScript(TestCaseExecutor.java:448)&#xa;	at com.kms.katalon.core.main.TestCaseExecutor.doExecute(TestCaseExecutor.java:439)&#xa;	at com.kms.katalon.core.main.TestCaseExecutor.processExecutionPhase(TestCaseExecutor.java:418)&#xa;	at com.kms.katalon.core.main.TestCaseExecutor.accessMainPhase(TestCaseExecutor.java:410)&#xa;	at com.kms.katalon.core.main.TestCaseExecutor.execute(TestCaseExecutor.java:285)&#xa;	at com.kms.katalon.core.common.CommonExecutor.accessTestCaseMainPhase(CommonExecutor.java:65)&#xa;	at com.kms.katalon.core.main.TestSuiteExecutor.accessTestSuiteMainPhase(TestSuiteExecutor.java:150)&#xa;	at com.kms.katalon.core.main.TestSuiteExecutor.execute(TestSuiteExecutor.java:106)&#xa;	at com.kms.katalon.core.main.TestCaseMain.startTestSuite(TestCaseMain.java:180)&#xa;	at TempTestSuite1729736418037.run(TempTestSuite1729736418037.groovy:35)&#xa;	at java.base/jdk.internal.reflect.NativeMethodAccessorImpl.invoke0(Native Method)&#xa;	at java.base/jdk.internal.reflect.NativeMethodAccessorImpl.invoke(NativeMethodAccessorImpl.java:77)&#xa;	at java.base/jdk.internal.reflect.DelegatingMethodAccessorImpl.invoke(DelegatingMethodAccessorImpl.java:43)&#xa;Caused by: org.openqa.selenium.JavascriptException: javascript error: {&quot;status&quot;:11,&quot;value&quot;:&quot;Element is not currently visible and may not be manipulated&quot;}&#xa;  (Session info: chrome=130.0.6723.59)&#xa;Build info: version: '3.141.59', revision: 'unknown', time: 'unknown'&#xa;System info: host: 'Madhans-MacBook-Pro.local', ip: '2401:d002:ab04:5000:a403:b65e:885e:e485%en0', os.name: 'Mac OS X', os.arch: 'aarch64', os.version: '14.3.1', java.version: '17.0.7'&#xa;Driver info: com.kms.katalon.selenium.driver.CChromeDriver&#xa;Capabilities {acceptInsecureCerts: false, browserName: chrome, browserVersion: 130.0.6723.59, chrome: {chromedriverVersion: 130.0.6723.69 (3ec172b971b9..., userDataDir: /var/folders/81/jk91fm7j2_5...}, fedcm:accounts: true, goog:chromeOptions: {debuggerAddress: localhost:59810}, javascriptEnabled: true, networkConnectionEnabled: false, pageLoadStrategy: normal, platform: MAC, platformName: MAC, proxy: Proxy(), setWindowRect: true, strictFileInteractability: false, timeouts: {implicit: 0, pageLoad: 300000, script: 30000}, unhandledPromptBehavior: dismiss and notify, webauthn:extension:credBlob: true, webauthn:extension:largeBlob: true, webauthn:extension:minPinLength: true, webauthn:extension:prf: true, webauthn:virtualAuthenticators: true}&#xa;Session ID: 9eb110cccfcfbe175357a64b4969f07d&#xa;	at java.base/jdk.internal.reflect.NativeConstructorAccessorImpl.newInstance0(Native Method)&#xa;	at java.base/jdk.internal.reflect.NativeConstructorAccessorImpl.newInstance(NativeConstructorAccessorImpl.java:77)&#xa;	at java.base/jdk.internal.reflect.DelegatingConstructorAccessorImpl.newInstance(DelegatingConstructorAccessorImpl.java:45)&#xa;	at org.openqa.selenium.remote.http.W3CHttpResponseCodec.createException(W3CHttpResponseCodec.java:187)&#xa;	at org.openqa.selenium.remote.http.W3CHttpResponseCodec.decode(W3CHttpResponseCodec.java:122)&#xa;	at org.openqa.selenium.remote.http.W3CHttpResponseCodec.decode(W3CHttpResponseCodec.java:49)&#xa;	at org.openqa.selenium.remote.HttpCommandExecutor.execute(HttpCommandExecutor.java:158)&#xa;	at org.openqa.selenium.remote.service.DriverCommandExecutor.execute(DriverCommandExecutor.java:83)&#xa;	at org.openqa.selenium.remote.RemoteWebDriver.execute(RemoteWebDriver.java:552)&#xa;	at com.kms.katalon.selenium.driver.CChromeDriver.execute(CChromeDriver.java:19)&#xa;	at org.openqa.selenium.remote.RemoteWebElement.execute(RemoteWebElement.java:285)&#xa;	at org.openqa.selenium.remote.RemoteWebElement.click(RemoteWebElement.java:84)&#xa;	at jdk.internal.reflect.GeneratedMethodAccessor16.invoke(Unknown Source)&#xa;	at java.base/jdk.internal.reflect.DelegatingMethodAccessorImpl.invoke(DelegatingMethodAccessorImpl.java:43)&#xa;	at org.openqa.selenium.support.events.EventFiringWebDriver$EventFiringWebElement.lambda$new$0(EventFiringWebDriver.java:404)&#xa;	at jdk.proxy2/jdk.proxy2.$Proxy24.click(Unknown Source)&#xa;	at org.openqa.selenium.support.events.EventFiringWebDriver$EventFiringWebElement.click(EventFiringWebDriver.java:417)&#xa;	at org.openqa.selenium.support.ui.Select.setSelected(Select.java:311)&#xa;	at org.openqa.selenium.support.ui.Select.setSelectedByIndex(Select.java:293)&#xa;	at org.openqa.selenium.support.ui.Select.selectByIndex(Select.java:172)&#xa;	at com.kms.katalon.core.webui.common.WebUiCommonHelper.selectOrDeselectOptionsByIndex(WebUiCommonHelper.java:245)&#xa;	at com.kms.katalon.core.webui.keyword.builtin.SelectOptionByIndexKeyword$_selectOptionByIndex_closure1.doCall(SelectOptionByIndexKeyword.groovy:85)&#xa;	at com.kms.katalon.core.webui.keyword.builtin.SelectOptionByIndexKeyword$_selectOptionByIndex_closure1.call(SelectOptionByIndexKeyword.groovy)&#xa;	at com.kms.katalon.core.webui.keyword.internal.WebUIKeywordMain.runKeyword(WebUIKeywordMain.groovy:20)&#xa;	... 20 more&#xa;"/>
         <system-out><![CDATA[24-10-2024T13:29:00 - [TEST_CASE][FAILED] - Test Cases/APAC_Universities/SEO_PAGES/SCU_University/Main_Page: Test Cases/APAC_Universities/SEO_PAGES/SCU_University/Main_Page FAILED.
Reason:
com.kms.katalon.core.exception.StepFailedException: Unable to select option by index '1' of object 'Object Repository/APAC_University/SCU_University/Main_Page/Dropdown_StartDate'
	at com.kms.katalon.core.webui.keyword.internal.WebUIKeywordMain.stepFailed(WebUIKeywordMain.groovy:64)
	at com.kms.katalon.core.webui.keyword.internal.WebUIKeywordMain.runKeyword(WebUIKeywordMain.groovy:26)
	at com.kms.katalon.core.webui.keyword.builtin.SelectOptionByIndexKeyword.selectOptionByIndex(SelectOptionByIndexKeyword.groovy:93)
	at com.kms.katalon.core.webui.keyword.builtin.SelectOptionByIndexKeyword.execute(SelectOptionByIndexKeyword.groovy:68)
	at com.kms.katalon.core.keyword.internal.KeywordExecutor.executeKeywordForPlatform(KeywordExecutor.groovy:74)
	at com.kms.katalon.core.webui.keyword.WebUiBuiltInKeywords.selectOptionByIndex(WebUiBuiltInKeywords.groovy:1172)
	at Main_Page.run(Main_Page:65)
	at com.kms.katalon.core.main.ScriptEngine.run(ScriptEngine.java:194)
	at com.kms.katalon.core.main.ScriptEngine.runScriptAsRawText(ScriptEngine.java:119)
	at com.kms.katalon.core.main.TestCaseExecutor.runScript(TestCaseExecutor.java:448)
	at com.kms.katalon.core.main.TestCaseExecutor.doExecute(TestCaseExecutor.java:439)
	at com.kms.katalon.core.main.TestCaseExecutor.processExecutionPhase(TestCaseExecutor.java:418)
	at com.kms.katalon.core.main.TestCaseExecutor.accessMainPhase(TestCaseExecutor.java:410)
	at com.kms.katalon.core.main.TestCaseExecutor.execute(TestCaseExecutor.java:285)
	at com.kms.katalon.core.common.CommonExecutor.accessTestCaseMainPhase(CommonExecutor.java:65)
	at com.kms.katalon.core.main.TestSuiteExecutor.accessTestSuiteMainPhase(TestSuiteExecutor.java:150)
	at com.kms.katalon.core.main.TestSuiteExecutor.execute(TestSuiteExecutor.java:106)
	at com.kms.katalon.core.main.TestCaseMain.startTestSuite(TestCaseMain.java:180)
	at TempTestSuite1729736418037.run(TempTestSuite1729736418037.groovy:35)
	at java.base/jdk.internal.reflect.NativeMethodAccessorImpl.invoke0(Native Method)
	at java.base/jdk.internal.reflect.NativeMethodAccessorImpl.invoke(NativeMethodAccessorImpl.java:77)
	at java.base/jdk.internal.reflect.DelegatingMethodAccessorImpl.invoke(DelegatingMethodAccessorImpl.java:43)
Caused by: org.openqa.selenium.JavascriptException: javascript error: {"status":11,"value":"Element is not currently visible and may not be manipulated"}
  (Session info: chrome=130.0.6723.59)
Build info: version: '3.141.59', revision: 'unknown', time: 'unknown'
System info: host: 'Madhans-MacBook-Pro.local', ip: '2401:d002:ab04:5000:a403:b65e:885e:e485%en0', os.name: 'Mac OS X', os.arch: 'aarch64', os.version: '14.3.1', java.version: '17.0.7'
Driver info: com.kms.katalon.selenium.driver.CChromeDriver
Capabilities {acceptInsecureCerts: false, browserName: chrome, browserVersion: 130.0.6723.59, chrome: {chromedriverVersion: 130.0.6723.69 (3ec172b971b9..., userDataDir: /var/folders/81/jk91fm7j2_5...}, fedcm:accounts: true, goog:chromeOptions: {debuggerAddress: localhost:59810}, javascriptEnabled: true, networkConnectionEnabled: false, pageLoadStrategy: normal, platform: MAC, platformName: MAC, proxy: Proxy(), setWindowRect: true, strictFileInteractability: false, timeouts: {implicit: 0, pageLoad: 300000, script: 30000}, unhandledPromptBehavior: dismiss and notify, webauthn:extension:credBlob: true, webauthn:extension:largeBlob: true, webauthn:extension:minPinLength: true, webauthn:extension:prf: true, webauthn:virtualAuthenticators: true}
Session ID: 9eb110cccfcfbe175357a64b4969f07d
	at java.base/jdk.internal.reflect.NativeConstructorAccessorImpl.newInstance0(Native Method)
	at java.base/jdk.internal.reflect.NativeConstructorAccessorImpl.newInstance(NativeConstructorAccessorImpl.java:77)
	at java.base/jdk.internal.reflect.DelegatingConstructorAccessorImpl.newInstance(DelegatingConstructorAccessorImpl.java:45)
	at org.openqa.selenium.remote.http.W3CHttpResponseCodec.createException(W3CHttpResponseCodec.java:187)
	at org.openqa.selenium.remote.http.W3CHttpResponseCodec.decode(W3CHttpResponseCodec.java:122)
	at org.openqa.selenium.remote.http.W3CHttpResponseCodec.decode(W3CHttpResponseCodec.java:49)
	at org.openqa.selenium.remote.HttpCommandExecutor.execute(HttpCommandExecutor.java:158)
	at org.openqa.selenium.remote.service.DriverCommandExecutor.execute(DriverCommandExecutor.java:83)
	at org.openqa.selenium.remote.RemoteWebDriver.execute(RemoteWebDriver.java:552)
	at com.kms.katalon.selenium.driver.CChromeDriver.execute(CChromeDriver.java:19)
	at org.openqa.selenium.remote.RemoteWebElement.execute(RemoteWebElement.java:285)
	at org.openqa.selenium.remote.RemoteWebElement.click(RemoteWebElement.java:84)
	at jdk.internal.reflect.GeneratedMethodAccessor16.invoke(Unknown Source)
	at java.base/jdk.internal.reflect.DelegatingMethodAccessorImpl.invoke(DelegatingMethodAccessorImpl.java:43)
	at org.openqa.selenium.support.events.EventFiringWebDriver$EventFiringWebElement.lambda$new$0(EventFiringWebDriver.java:404)
	at jdk.proxy2/jdk.proxy2.$Proxy24.click(Unknown Source)
	at org.openqa.selenium.support.events.EventFiringWebDriver$EventFiringWebElement.click(EventFiringWebDriver.java:417)
	at org.openqa.selenium.support.ui.Select.setSelected(Select.java:311)
	at org.openqa.selenium.support.ui.Select.setSelectedByIndex(Select.java:293)
	at org.openqa.selenium.support.ui.Select.selectByIndex(Select.java:172)
	at com.kms.katalon.core.webui.common.WebUiCommonHelper.selectOrDeselectOptionsByIndex(WebUiCommonHelper.java:245)
	at com.kms.katalon.core.webui.keyword.builtin.SelectOptionByIndexKeyword$_selectOptionByIndex_closure1.doCall(SelectOptionByIndexKeyword.groovy:85)
	at com.kms.katalon.core.webui.keyword.builtin.SelectOptionByIndexKeyword$_selectOptionByIndex_closure1.call(SelectOptionByIndexKeyword.groovy)
	at com.kms.katalon.core.webui.keyword.internal.WebUIKeywordMain.runKeyword(WebUIKeywordMain.groovy:20)
	... 20 more


24-10-2024T13:29:00 - [TEST_STEP][PASSED] - callTestCase(findTestCase("Test Cases/APAC_Universities/SEO_PAGES/SCU_University/Reusable_Testcases/Navigate_URL"), [:], STOP_ON_FAILURE): Call Test Case 'Test Cases/APAC_Universities/SEO_PAGES/SCU_University/Reusable_Testcases/Navigate_URL' successfully

24-10-2024T13:29:00 - [TEST_CASE][PASSED] - Test Cases/APAC_Universities/SEO_PAGES/SCU_University/Reusable_Testcases/Navigate_URL: Test Cases/APAC_Universities/SEO_PAGES/SCU_University/Reusable_Testcases/Navigate_URL

24-10-2024T13:29:00 - [TEST_STEP][PASSED] - openBrowser(""): Browser is opened with url: ''

24-10-2024T13:29:00 - [MESSAGE][WARNING] - A browser is already opened. Closing browser and opening a new one

24-10-2024T13:29:00 - [MESSAGE][INFO] - Starting 'Chrome' driver

24-10-2024T13:29:00 - [MESSAGE][INFO] - Action delay is set to 0 milliseconds

24-10-2024T13:29:00 - [MESSAGE][PASSED] - Browser is opened with url: ''

24-10-2024T13:29:00 - [TEST_STEP][PASSED] - navigateToUrl(University_SCU): Navigate to 'https://key:path@dev-scu-opm.pantheonsite.io/' successfully

24-10-2024T13:29:02 - [MESSAGE][PASSED] - Navigate to 'https://key:path@dev-scu-opm.pantheonsite.io/' successfully

24-10-2024T13:29:02 - [TEST_STEP][PASSED] - maximizeWindow(): Current window maximized

24-10-2024T13:29:02 - [MESSAGE][PASSED] - Current window maximized

24-10-2024T13:29:02 - [MESSAGE][PASSED] - Call Test Case 'Test Cases/APAC_Universities/SEO_PAGES/SCU_University/Reusable_Testcases/Navigate_URL' successfully

24-10-2024T13:29:02 - [TEST_STEP][PASSED] - selectTestObject = findTestObject("Object Repository/APAC_University/SCU_University/Main_Page/Dropdown_Course"): null

24-10-2024T13:29:02 - [TEST_STEP][PASSED] - selectElement = findWebElement(selectTestObject, 0): Found web element by test object Object Repository/APAC_University/SCU_University/Main_Page/Dropdown_Course

24-10-2024T13:29:02 - [MESSAGE][WARNING] - Timeout '0' is invalid. Using default page load timeout: '30'

24-10-2024T13:29:02 - [MESSAGE][PASSED] - Found web element by test object Object Repository/APAC_University/SCU_University/Main_Page/Dropdown_Course

24-10-2024T13:29:02 - [TEST_STEP][PASSED] - select = new org.openqa.selenium.support.ui.Select(selectElement): null

24-10-2024T13:29:02 - [TEST_STEP][PASSED] - options = select.getOptions(): null

24-10-2024T13:29:04 - [TEST_STEP][PASSED] - validOptions = options.findAll({ -> ... }): null

24-10-2024T13:29:04 - [TEST_STEP][PASSED] - random = new java.util.Random(): null

24-10-2024T13:29:04 - [TEST_STEP][PASSED] - randomOption = validOptions[random.nextInt(validOptions.size())]: null

24-10-2024T13:29:04 - [TEST_STEP][PASSED] - select.selectByValue(randomOption.getAttribute("value")): null

24-10-2024T13:29:05 - [TEST_STEP][PASSED] - FirstName = keyPathPackage.customKeywords.generateRandomFirstName(): keyPathPackage.customKeywords.generateRandomFirstName is PASSED

24-10-2024T13:29:05 - [MESSAGE][PASSED] - keyPathPackage.customKeywords.generateRandomFirstName is PASSED

24-10-2024T13:29:05 - [TEST_STEP][PASSED] - setText(findTestObject("Object Repository/APAC_University/SCU_University/Main_Page/Field_Firstname"), FirstName): Text 'Dwayne' is set on object 'Object Repository/APAC_University/SCU_University/Main_Page/Field_Firstname'

24-10-2024T13:29:06 - [MESSAGE][PASSED] - Text 'Dwayne' is set on object 'Object Repository/APAC_University/SCU_University/Main_Page/Field_Firstname'

24-10-2024T13:29:06 - [TEST_STEP][PASSED] - LastName = keyPathPackage.customKeywords.generateRandomLastName(): keyPathPackage.customKeywords.generateRandomLastName is PASSED

24-10-2024T13:29:06 - [MESSAGE][PASSED] - keyPathPackage.customKeywords.generateRandomLastName is PASSED

24-10-2024T13:29:06 - [TEST_STEP][PASSED] - setText(findTestObject("Object Repository/APAC_University/SCU_University/Main_Page/Field_Lastname"), LastName): Text 'Testing Turner' is set on object 'Object Repository/APAC_University/SCU_University/Main_Page/Field_Lastname'

24-10-2024T13:29:07 - [MESSAGE][PASSED] - Text 'Testing Turner' is set on object 'Object Repository/APAC_University/SCU_University/Main_Page/Field_Lastname'

24-10-2024T13:29:07 - [TEST_STEP][PASSED] - waitForElementClickable(findTestObject("Object Repository/APAC_University/SCU_University/Main_Page/Button_Nextstep1"), 10): Object 'Object Repository/APAC_University/SCU_University/Main_Page/Button_Nextstep1' is clickable

24-10-2024T13:29:07 - [MESSAGE][PASSED] - Object 'Object Repository/APAC_University/SCU_University/Main_Page/Button_Nextstep1' is clickable

24-10-2024T13:29:07 - [TEST_STEP][PASSED] - click(findTestObject("Object Repository/APAC_University/SCU_University/Main_Page/Button_Nextstep1")): Object: 'Object Repository/APAC_University/SCU_University/Main_Page/Button_Nextstep1' is clicked on

24-10-2024T13:29:07 - [MESSAGE][PASSED] - Object: 'Object Repository/APAC_University/SCU_University/Main_Page/Button_Nextstep1' is clicked on

24-10-2024T13:29:07 - [TEST_STEP][PASSED] - startdate = findTestObject("Object Repository/APAC_University/SCU_University/Main_Page/Dropdown_StartDate"): null

24-10-2024T13:29:07 - [TEST_STEP][FAILED] - selectOptionByIndex(startdate, keyPathPackage.customKeywords.selectRandomOptionFromDropdown()): Unable to select option by index '1' of object 'Object Repository/APAC_University/SCU_University/Main_Page/Dropdown_StartDate' (Root cause: com.kms.katalon.core.exception.StepFailedException: Unable to select option by index '1' of object 'Object Repository/APAC_University/SCU_University/Main_Page/Dropdown_StartDate'
	at com.kms.katalon.core.webui.keyword.internal.WebUIKeywordMain.stepFailed(WebUIKeywordMain.groovy:64)
	at com.kms.katalon.core.webui.keyword.internal.WebUIKeywordMain.runKeyword(WebUIKeywordMain.groovy:26)
	at com.kms.katalon.core.webui.keyword.builtin.SelectOptionByIndexKeyword.selectOptionByIndex(SelectOptionByIndexKeyword.groovy:93)
	at com.kms.katalon.core.webui.keyword.builtin.SelectOptionByIndexKeyword.execute(SelectOptionByIndexKeyword.groovy:68)
	at com.kms.katalon.core.keyword.internal.KeywordExecutor.executeKeywordForPlatform(KeywordExecutor.groovy:74)
	at com.kms.katalon.core.webui.keyword.WebUiBuiltInKeywords.selectOptionByIndex(WebUiBuiltInKeywords.groovy:1172)
	at Main_Page.run(Main_Page:65)
	at com.kms.katalon.core.main.ScriptEngine.run(ScriptEngine.java:194)
	at com.kms.katalon.core.main.ScriptEngine.runScriptAsRawText(ScriptEngine.java:119)
	at com.kms.katalon.core.main.TestCaseExecutor.runScript(TestCaseExecutor.java:448)
	at com.kms.katalon.core.main.TestCaseExecutor.doExecute(TestCaseExecutor.java:439)
	at com.kms.katalon.core.main.TestCaseExecutor.processExecutionPhase(TestCaseExecutor.java:418)
	at com.kms.katalon.core.main.TestCaseExecutor.accessMainPhase(TestCaseExecutor.java:410)
	at com.kms.katalon.core.main.TestCaseExecutor.execute(TestCaseExecutor.java:285)
	at com.kms.katalon.core.common.CommonExecutor.accessTestCaseMainPhase(CommonExecutor.java:65)
	at com.kms.katalon.core.main.TestSuiteExecutor.accessTestSuiteMainPhase(TestSuiteExecutor.java:150)
	at com.kms.katalon.core.main.TestSuiteExecutor.execute(TestSuiteExecutor.java:106)
	at com.kms.katalon.core.main.TestCaseMain.startTestSuite(TestCaseMain.java:180)
	at TempTestSuite1729736418037.run(TempTestSuite1729736418037.groovy:35)
	at java.base/jdk.internal.reflect.NativeMethodAccessorImpl.invoke0(Native Method)
	at java.base/jdk.internal.reflect.NativeMethodAccessorImpl.invoke(NativeMethodAccessorImpl.java:77)
	at java.base/jdk.internal.reflect.DelegatingMethodAccessorImpl.invoke(DelegatingMethodAccessorImpl.java:43)
Caused by: org.openqa.selenium.JavascriptException: javascript error: {"status":11,"value":"Element is not currently visible and may not be manipulated"}
  (Session info: chrome=130.0.6723.59)
Build info: version: '3.141.59', revision: 'unknown', time: 'unknown'
System info: host: 'Madhans-MacBook-Pro.local', ip: '2401:d002:ab04:5000:a403:b65e:885e:e485%en0', os.name: 'Mac OS X', os.arch: 'aarch64', os.version: '14.3.1', java.version: '17.0.7'
Driver info: com.kms.katalon.selenium.driver.CChromeDriver
Capabilities {acceptInsecureCerts: false, browserName: chrome, browserVersion: 130.0.6723.59, chrome: {chromedriverVersion: 130.0.6723.69 (3ec172b971b9..., userDataDir: /var/folders/81/jk91fm7j2_5...}, fedcm:accounts: true, goog:chromeOptions: {debuggerAddress: localhost:59810}, javascriptEnabled: true, networkConnectionEnabled: false, pageLoadStrategy: normal, platform: MAC, platformName: MAC, proxy: Proxy(), setWindowRect: true, strictFileInteractability: false, timeouts: {implicit: 0, pageLoad: 300000, script: 30000}, unhandledPromptBehavior: dismiss and notify, webauthn:extension:credBlob: true, webauthn:extension:largeBlob: true, webauthn:extension:minPinLength: true, webauthn:extension:prf: true, webauthn:virtualAuthenticators: true}
Session ID: 9eb110cccfcfbe175357a64b4969f07d
	at java.base/jdk.internal.reflect.NativeConstructorAccessorImpl.newInstance0(Native Method)
	at java.base/jdk.internal.reflect.NativeConstructorAccessorImpl.newInstance(NativeConstructorAccessorImpl.java:77)
	at java.base/jdk.internal.reflect.DelegatingConstructorAccessorImpl.newInstance(DelegatingConstructorAccessorImpl.java:45)
	at org.openqa.selenium.remote.http.W3CHttpResponseCodec.createException(W3CHttpResponseCodec.java:187)
	at org.openqa.selenium.remote.http.W3CHttpResponseCodec.decode(W3CHttpResponseCodec.java:122)
	at org.openqa.selenium.remote.http.W3CHttpResponseCodec.decode(W3CHttpResponseCodec.java:49)
	at org.openqa.selenium.remote.HttpCommandExecutor.execute(HttpCommandExecutor.java:158)
	at org.openqa.selenium.remote.service.DriverCommandExecutor.execute(DriverCommandExecutor.java:83)
	at org.openqa.selenium.remote.RemoteWebDriver.execute(RemoteWebDriver.java:552)
	at com.kms.katalon.selenium.driver.CChromeDriver.execute(CChromeDriver.java:19)
	at org.openqa.selenium.remote.RemoteWebElement.execute(RemoteWebElement.java:285)
	at org.openqa.selenium.remote.RemoteWebElement.click(RemoteWebElement.java:84)
	at jdk.internal.reflect.GeneratedMethodAccessor16.invoke(Unknown Source)
	at java.base/jdk.internal.reflect.DelegatingMethodAccessorImpl.invoke(DelegatingMethodAccessorImpl.java:43)
	at org.openqa.selenium.support.events.EventFiringWebDriver$EventFiringWebElement.lambda$new$0(EventFiringWebDriver.java:404)
	at jdk.proxy2/jdk.proxy2.$Proxy24.click(Unknown Source)
	at org.openqa.selenium.support.events.EventFiringWebDriver$EventFiringWebElement.click(EventFiringWebDriver.java:417)
	at org.openqa.selenium.support.ui.Select.setSelected(Select.java:311)
	at org.openqa.selenium.support.ui.Select.setSelectedByIndex(Select.java:293)
	at org.openqa.selenium.support.ui.Select.selectByIndex(Select.java:172)
	at com.kms.katalon.core.webui.common.WebUiCommonHelper.selectOrDeselectOptionsByIndex(WebUiCommonHelper.java:245)
	at com.kms.katalon.core.webui.keyword.builtin.SelectOptionByIndexKeyword$_selectOptionByIndex_closure1.doCall(SelectOptionByIndexKeyword.groovy:85)
	at com.kms.katalon.core.webui.keyword.builtin.SelectOptionByIndexKeyword$_selectOptionByIndex_closure1.call(SelectOptionByIndexKeyword.groovy)
	at com.kms.katalon.core.webui.keyword.internal.WebUIKeywordMain.runKeyword(WebUIKeywordMain.groovy:20)
	at com.kms.katalon.core.webui.keyword.builtin.SelectOptionByIndexKeyword.selectOptionByIndex(SelectOptionByIndexKeyword.groovy:93)
	at com.kms.katalon.core.webui.keyword.builtin.SelectOptionByIndexKeyword.execute(SelectOptionByIndexKeyword.groovy:68)
	at com.kms.katalon.core.keyword.internal.KeywordExecutor.executeKeywordForPlatform(KeywordExecutor.groovy:74)
	at com.kms.katalon.core.webui.keyword.WebUiBuiltInKeywords.selectOptionByIndex(WebUiBuiltInKeywords.groovy:1172)
	at Script1720582273375.run(Script1720582273375.groovy:65)
	... 15 more
)

24-10-2024T13:29:07 - [MESSAGE][PASSED] - keyPathPackage.customKeywords.selectRandomOptionFromDropdown is PASSED

24-10-2024T13:29:09 - [MESSAGE][FAILED] - Unable to select option by index '1' of object 'Object Repository/APAC_University/SCU_University/Main_Page/Dropdown_StartDate' (Root cause: com.kms.katalon.core.exception.StepFailedException: Unable to select option by index '1' of object 'Object Repository/APAC_University/SCU_University/Main_Page/Dropdown_StartDate'
	at com.kms.katalon.core.webui.keyword.internal.WebUIKeywordMain.stepFailed(WebUIKeywordMain.groovy:64)
	at com.kms.katalon.core.webui.keyword.internal.WebUIKeywordMain.runKeyword(WebUIKeywordMain.groovy:26)
	at com.kms.katalon.core.webui.keyword.builtin.SelectOptionByIndexKeyword.selectOptionByIndex(SelectOptionByIndexKeyword.groovy:93)
	at com.kms.katalon.core.webui.keyword.builtin.SelectOptionByIndexKeyword.execute(SelectOptionByIndexKeyword.groovy:68)
	at com.kms.katalon.core.keyword.internal.KeywordExecutor.executeKeywordForPlatform(KeywordExecutor.groovy:74)
	at com.kms.katalon.core.webui.keyword.WebUiBuiltInKeywords.selectOptionByIndex(WebUiBuiltInKeywords.groovy:1172)
	at Main_Page.run(Main_Page:65)
	at com.kms.katalon.core.main.ScriptEngine.run(ScriptEngine.java:194)
	at com.kms.katalon.core.main.ScriptEngine.runScriptAsRawText(ScriptEngine.java:119)
	at com.kms.katalon.core.main.TestCaseExecutor.runScript(TestCaseExecutor.java:448)
	at com.kms.katalon.core.main.TestCaseExecutor.doExecute(TestCaseExecutor.java:439)
	at com.kms.katalon.core.main.TestCaseExecutor.processExecutionPhase(TestCaseExecutor.java:418)
	at com.kms.katalon.core.main.TestCaseExecutor.accessMainPhase(TestCaseExecutor.java:410)
	at com.kms.katalon.core.main.TestCaseExecutor.execute(TestCaseExecutor.java:285)
	at com.kms.katalon.core.common.CommonExecutor.accessTestCaseMainPhase(CommonExecutor.java:65)
	at com.kms.katalon.core.main.TestSuiteExecutor.accessTestSuiteMainPhase(TestSuiteExecutor.java:150)
	at com.kms.katalon.core.main.TestSuiteExecutor.execute(TestSuiteExecutor.java:106)
	at com.kms.katalon.core.main.TestCaseMain.startTestSuite(TestCaseMain.java:180)
	at TempTestSuite1729736418037.run(TempTestSuite1729736418037.groovy:35)
	at java.base/jdk.internal.reflect.NativeMethodAccessorImpl.invoke0(Native Method)
	at java.base/jdk.internal.reflect.NativeMethodAccessorImpl.invoke(NativeMethodAccessorImpl.java:77)
	at java.base/jdk.internal.reflect.DelegatingMethodAccessorImpl.invoke(DelegatingMethodAccessorImpl.java:43)
Caused by: org.openqa.selenium.JavascriptException: javascript error: {"status":11,"value":"Element is not currently visible and may not be manipulated"}
  (Session info: chrome=130.0.6723.59)
Build info: version: '3.141.59', revision: 'unknown', time: 'unknown'
System info: host: 'Madhans-MacBook-Pro.local', ip: '2401:d002:ab04:5000:a403:b65e:885e:e485%en0', os.name: 'Mac OS X', os.arch: 'aarch64', os.version: '14.3.1', java.version: '17.0.7'
Driver info: com.kms.katalon.selenium.driver.CChromeDriver
Capabilities {acceptInsecureCerts: false, browserName: chrome, browserVersion: 130.0.6723.59, chrome: {chromedriverVersion: 130.0.6723.69 (3ec172b971b9..., userDataDir: /var/folders/81/jk91fm7j2_5...}, fedcm:accounts: true, goog:chromeOptions: {debuggerAddress: localhost:59810}, javascriptEnabled: true, networkConnectionEnabled: false, pageLoadStrategy: normal, platform: MAC, platformName: MAC, proxy: Proxy(), setWindowRect: true, strictFileInteractability: false, timeouts: {implicit: 0, pageLoad: 300000, script: 30000}, unhandledPromptBehavior: dismiss and notify, webauthn:extension:credBlob: true, webauthn:extension:largeBlob: true, webauthn:extension:minPinLength: true, webauthn:extension:prf: true, webauthn:virtualAuthenticators: true}
Session ID: 9eb110cccfcfbe175357a64b4969f07d
	at java.base/jdk.internal.reflect.NativeConstructorAccessorImpl.newInstance0(Native Method)
	at java.base/jdk.internal.reflect.NativeConstructorAccessorImpl.newInstance(NativeConstructorAccessorImpl.java:77)
	at java.base/jdk.internal.reflect.DelegatingConstructorAccessorImpl.newInstance(DelegatingConstructorAccessorImpl.java:45)
	at org.openqa.selenium.remote.http.W3CHttpResponseCodec.createException(W3CHttpResponseCodec.java:187)
	at org.openqa.selenium.remote.http.W3CHttpResponseCodec.decode(W3CHttpResponseCodec.java:122)
	at org.openqa.selenium.remote.http.W3CHttpResponseCodec.decode(W3CHttpResponseCodec.java:49)
	at org.openqa.selenium.remote.HttpCommandExecutor.execute(HttpCommandExecutor.java:158)
	at org.openqa.selenium.remote.service.DriverCommandExecutor.execute(DriverCommandExecutor.java:83)
	at org.openqa.selenium.remote.RemoteWebDriver.execute(RemoteWebDriver.java:552)
	at com.kms.katalon.selenium.driver.CChromeDriver.execute(CChromeDriver.java:19)
	at org.openqa.selenium.remote.RemoteWebElement.execute(RemoteWebElement.java:285)
	at org.openqa.selenium.remote.RemoteWebElement.click(RemoteWebElement.java:84)
	at jdk.internal.reflect.GeneratedMethodAccessor16.invoke(Unknown Source)
	at java.base/jdk.internal.reflect.DelegatingMethodAccessorImpl.invoke(DelegatingMethodAccessorImpl.java:43)
	at org.openqa.selenium.support.events.EventFiringWebDriver$EventFiringWebElement.lambda$new$0(EventFiringWebDriver.java:404)
	at jdk.proxy2/jdk.proxy2.$Proxy24.click(Unknown Source)
	at org.openqa.selenium.support.events.EventFiringWebDriver$EventFiringWebElement.click(EventFiringWebDriver.java:417)
	at org.openqa.selenium.support.ui.Select.setSelected(Select.java:311)
	at org.openqa.selenium.support.ui.Select.setSelectedByIndex(Select.java:293)
	at org.openqa.selenium.support.ui.Select.selectByIndex(Select.java:172)
	at com.kms.katalon.core.webui.common.WebUiCommonHelper.selectOrDeselectOptionsByIndex(WebUiCommonHelper.java:245)
	at com.kms.katalon.core.webui.keyword.builtin.SelectOptionByIndexKeyword$_selectOptionByIndex_closure1.doCall(SelectOptionByIndexKeyword.groovy:85)
	at com.kms.katalon.core.webui.keyword.builtin.SelectOptionByIndexKeyword$_selectOptionByIndex_closure1.call(SelectOptionByIndexKeyword.groovy)
	at com.kms.katalon.core.webui.keyword.internal.WebUIKeywordMain.runKeyword(WebUIKeywordMain.groovy:20)
	at com.kms.katalon.core.webui.keyword.builtin.SelectOptionByIndexKeyword.selectOptionByIndex(SelectOptionByIndexKeyword.groovy:93)
	at com.kms.katalon.core.webui.keyword.builtin.SelectOptionByIndexKeyword.execute(SelectOptionByIndexKeyword.groovy:68)
	at com.kms.katalon.core.keyword.internal.KeywordExecutor.executeKeywordForPlatform(KeywordExecutor.groovy:74)
	at com.kms.katalon.core.webui.keyword.WebUiBuiltInKeywords.selectOptionByIndex(WebUiBuiltInKeywords.groovy:1172)
	at Script1720582273375.run(Script1720582273375.groovy:65)
	... 15 more
)
[[ATTACHMENT|/Users/madhansivaraj/git/Keypath_Automation_Testing_Mster/Reports/20241024_132018/Keypath_Testsuite_APAC_SEO/20241024_132018/1729736948501.png]]]]></system-out>
         <system-err><![CDATA[24-10-2024T13:29:00 - [TEST_CASE][FAILED] - Test Cases/APAC_Universities/SEO_PAGES/SCU_University/Main_Page: Test Cases/APAC_Universities/SEO_PAGES/SCU_University/Main_Page FAILED.
Reason:
com.kms.katalon.core.exception.StepFailedException: Unable to select option by index '1' of object 'Object Repository/APAC_University/SCU_University/Main_Page/Dropdown_StartDate'
	at com.kms.katalon.core.webui.keyword.internal.WebUIKeywordMain.stepFailed(WebUIKeywordMain.groovy:64)
	at com.kms.katalon.core.webui.keyword.internal.WebUIKeywordMain.runKeyword(WebUIKeywordMain.groovy:26)
	at com.kms.katalon.core.webui.keyword.builtin.SelectOptionByIndexKeyword.selectOptionByIndex(SelectOptionByIndexKeyword.groovy:93)
	at com.kms.katalon.core.webui.keyword.builtin.SelectOptionByIndexKeyword.execute(SelectOptionByIndexKeyword.groovy:68)
	at com.kms.katalon.core.keyword.internal.KeywordExecutor.executeKeywordForPlatform(KeywordExecutor.groovy:74)
	at com.kms.katalon.core.webui.keyword.WebUiBuiltInKeywords.selectOptionByIndex(WebUiBuiltInKeywords.groovy:1172)
	at Main_Page.run(Main_Page:65)
	at com.kms.katalon.core.main.ScriptEngine.run(ScriptEngine.java:194)
	at com.kms.katalon.core.main.ScriptEngine.runScriptAsRawText(ScriptEngine.java:119)
	at com.kms.katalon.core.main.TestCaseExecutor.runScript(TestCaseExecutor.java:448)
	at com.kms.katalon.core.main.TestCaseExecutor.doExecute(TestCaseExecutor.java:439)
	at com.kms.katalon.core.main.TestCaseExecutor.processExecutionPhase(TestCaseExecutor.java:418)
	at com.kms.katalon.core.main.TestCaseExecutor.accessMainPhase(TestCaseExecutor.java:410)
	at com.kms.katalon.core.main.TestCaseExecutor.execute(TestCaseExecutor.java:285)
	at com.kms.katalon.core.common.CommonExecutor.accessTestCaseMainPhase(CommonExecutor.java:65)
	at com.kms.katalon.core.main.TestSuiteExecutor.accessTestSuiteMainPhase(TestSuiteExecutor.java:150)
	at com.kms.katalon.core.main.TestSuiteExecutor.execute(TestSuiteExecutor.java:106)
	at com.kms.katalon.core.main.TestCaseMain.startTestSuite(TestCaseMain.java:180)
	at TempTestSuite1729736418037.run(TempTestSuite1729736418037.groovy:35)
	at java.base/jdk.internal.reflect.NativeMethodAccessorImpl.invoke0(Native Method)
	at java.base/jdk.internal.reflect.NativeMethodAccessorImpl.invoke(NativeMethodAccessorImpl.java:77)
	at java.base/jdk.internal.reflect.DelegatingMethodAccessorImpl.invoke(DelegatingMethodAccessorImpl.java:43)
Caused by: org.openqa.selenium.JavascriptException: javascript error: {"status":11,"value":"Element is not currently visible and may not be manipulated"}
  (Session info: chrome=130.0.6723.59)
Build info: version: '3.141.59', revision: 'unknown', time: 'unknown'
System info: host: 'Madhans-MacBook-Pro.local', ip: '2401:d002:ab04:5000:a403:b65e:885e:e485%en0', os.name: 'Mac OS X', os.arch: 'aarch64', os.version: '14.3.1', java.version: '17.0.7'
Driver info: com.kms.katalon.selenium.driver.CChromeDriver
Capabilities {acceptInsecureCerts: false, browserName: chrome, browserVersion: 130.0.6723.59, chrome: {chromedriverVersion: 130.0.6723.69 (3ec172b971b9..., userDataDir: /var/folders/81/jk91fm7j2_5...}, fedcm:accounts: true, goog:chromeOptions: {debuggerAddress: localhost:59810}, javascriptEnabled: true, networkConnectionEnabled: false, pageLoadStrategy: normal, platform: MAC, platformName: MAC, proxy: Proxy(), setWindowRect: true, strictFileInteractability: false, timeouts: {implicit: 0, pageLoad: 300000, script: 30000}, unhandledPromptBehavior: dismiss and notify, webauthn:extension:credBlob: true, webauthn:extension:largeBlob: true, webauthn:extension:minPinLength: true, webauthn:extension:prf: true, webauthn:virtualAuthenticators: true}
Session ID: 9eb110cccfcfbe175357a64b4969f07d
	at java.base/jdk.internal.reflect.NativeConstructorAccessorImpl.newInstance0(Native Method)
	at java.base/jdk.internal.reflect.NativeConstructorAccessorImpl.newInstance(NativeConstructorAccessorImpl.java:77)
	at java.base/jdk.internal.reflect.DelegatingConstructorAccessorImpl.newInstance(DelegatingConstructorAccessorImpl.java:45)
	at org.openqa.selenium.remote.http.W3CHttpResponseCodec.createException(W3CHttpResponseCodec.java:187)
	at org.openqa.selenium.remote.http.W3CHttpResponseCodec.decode(W3CHttpResponseCodec.java:122)
	at org.openqa.selenium.remote.http.W3CHttpResponseCodec.decode(W3CHttpResponseCodec.java:49)
	at org.openqa.selenium.remote.HttpCommandExecutor.execute(HttpCommandExecutor.java:158)
	at org.openqa.selenium.remote.service.DriverCommandExecutor.execute(DriverCommandExecutor.java:83)
	at org.openqa.selenium.remote.RemoteWebDriver.execute(RemoteWebDriver.java:552)
	at com.kms.katalon.selenium.driver.CChromeDriver.execute(CChromeDriver.java:19)
	at org.openqa.selenium.remote.RemoteWebElement.execute(RemoteWebElement.java:285)
	at org.openqa.selenium.remote.RemoteWebElement.click(RemoteWebElement.java:84)
	at jdk.internal.reflect.GeneratedMethodAccessor16.invoke(Unknown Source)
	at java.base/jdk.internal.reflect.DelegatingMethodAccessorImpl.invoke(DelegatingMethodAccessorImpl.java:43)
	at org.openqa.selenium.support.events.EventFiringWebDriver$EventFiringWebElement.lambda$new$0(EventFiringWebDriver.java:404)
	at jdk.proxy2/jdk.proxy2.$Proxy24.click(Unknown Source)
	at org.openqa.selenium.support.events.EventFiringWebDriver$EventFiringWebElement.click(EventFiringWebDriver.java:417)
	at org.openqa.selenium.support.ui.Select.setSelected(Select.java:311)
	at org.openqa.selenium.support.ui.Select.setSelectedByIndex(Select.java:293)
	at org.openqa.selenium.support.ui.Select.selectByIndex(Select.java:172)
	at com.kms.katalon.core.webui.common.WebUiCommonHelper.selectOrDeselectOptionsByIndex(WebUiCommonHelper.java:245)
	at com.kms.katalon.core.webui.keyword.builtin.SelectOptionByIndexKeyword$_selectOptionByIndex_closure1.doCall(SelectOptionByIndexKeyword.groovy:85)
	at com.kms.katalon.core.webui.keyword.builtin.SelectOptionByIndexKeyword$_selectOptionByIndex_closure1.call(SelectOptionByIndexKeyword.groovy)
	at com.kms.katalon.core.webui.keyword.internal.WebUIKeywordMain.runKeyword(WebUIKeywordMain.groovy:20)
	... 20 more]]></system-err>
      </testcase>
      <testcase name="Test Cases/APAC_Universities/SEO_PAGES/Help_University/Main_Page" time="34.427" classname="Test Cases/APAC_Universities/SEO_PAGES/Help_University/Main_Page" status="PASSED">
         <system-out><![CDATA[24-10-2024T13:29:09 - [TEST_CASE][PASSED] - Test Cases/APAC_Universities/SEO_PAGES/Help_University/Main_Page: Test Cases/APAC_Universities/SEO_PAGES/Help_University/Main_Page

24-10-2024T13:29:09 - [TEST_STEP][PASSED] - callTestCase(findTestCase("Test Cases/APAC_Universities/SEO_PAGES/Help_University/Resuable_Testcases/Navigate_URL"), [:], STOP_ON_FAILURE): Call Test Case 'Test Cases/APAC_Universities/SEO_PAGES/Help_University/Resuable_Testcases/Navigate_URL' successfully

24-10-2024T13:29:09 - [TEST_CASE][PASSED] - Test Cases/APAC_Universities/SEO_PAGES/Help_University/Resuable_Testcases/Navigate_URL: Test Cases/APAC_Universities/SEO_PAGES/Help_University/Resuable_Testcases/Navigate_URL

24-10-2024T13:29:09 - [TEST_STEP][PASSED] - openBrowser(""): Browser is opened with url: ''

24-10-2024T13:29:09 - [MESSAGE][WARNING] - A browser is already opened. Closing browser and opening a new one

24-10-2024T13:29:09 - [MESSAGE][INFO] - Starting 'Chrome' driver

24-10-2024T13:29:09 - [MESSAGE][INFO] - Action delay is set to 0 milliseconds

24-10-2024T13:29:09 - [MESSAGE][PASSED] - Browser is opened with url: ''

24-10-2024T13:29:09 - [TEST_STEP][PASSED] - navigateToUrl(University_HELP): Navigate to 'https://key:path@dev-rdistro-help-opm.pantheonsite.io/' successfully

24-10-2024T13:29:24 - [MESSAGE][PASSED] - Navigate to 'https://key:path@dev-rdistro-help-opm.pantheonsite.io/' successfully

24-10-2024T13:29:24 - [TEST_STEP][PASSED] - maximizeWindow(): Current window maximized

24-10-2024T13:29:27 - [MESSAGE][PASSED] - Current window maximized

24-10-2024T13:29:27 - [MESSAGE][PASSED] - Call Test Case 'Test Cases/APAC_Universities/SEO_PAGES/Help_University/Resuable_Testcases/Navigate_URL' successfully

24-10-2024T13:29:27 - [TEST_STEP][PASSED] - logger = new com.kms.katalon.core.logging.KeywordLogger(): null

24-10-2024T13:29:27 - [TEST_STEP][PASSED] - testObject = findTestObject("Object Repository/APAC_University/Help_University/Program_Info"): null

24-10-2024T13:29:27 - [TEST_STEP][PASSED] - isElementPresent = verifyElementPresent(testObject, 10, CONTINUE_ON_FAILURE): Object 'Object Repository/APAC_University/Help_University/Program_Info' is present

24-10-2024T13:29:28 - [MESSAGE][PASSED] - Object 'Object Repository/APAC_University/Help_University/Program_Info' is present

24-10-2024T13:29:28 - [TEST_STEP][PASSED] - if (isElementPresent): Scroll to object 'Object Repository/APAC_University/Help_University/Program_Info' successfully

24-10-2024T13:29:28 - [TEST_STEP][PASSED] - logger.logPassed("Element is present. Scrolling to the element."): Element is present. Scrolling to the element.

24-10-2024T13:29:28 - [MESSAGE][PASSED] - Element is present. Scrolling to the element.

24-10-2024T13:29:28 - [TEST_STEP][PASSED] - scrollToElement(testObject, 10): Scroll to object 'Object Repository/APAC_University/Help_University/Program_Info' successfully

24-10-2024T13:29:28 - [MESSAGE][PASSED] - Scroll to object 'Object Repository/APAC_University/Help_University/Program_Info' successfully

24-10-2024T13:29:28 - [TEST_STEP][PASSED] - callTestCase(findTestCase("Test Cases/APAC_Universities/SEO_PAGES/Help_University/Resuable_Testcases/Lead_Form"), [:], STOP_ON_FAILURE): Call Test Case 'Test Cases/APAC_Universities/SEO_PAGES/Help_University/Resuable_Testcases/Lead_Form' successfully

24-10-2024T13:29:28 - [TEST_CASE][PASSED] - Test Cases/APAC_Universities/SEO_PAGES/Help_University/Resuable_Testcases/Lead_Form: Test Cases/APAC_Universities/SEO_PAGES/Help_University/Resuable_Testcases/Lead_Form

24-10-2024T13:29:28 - [TEST_STEP][PASSED] - Email = keyPathPackage.customKeywords.generateRandomEmail(): keyPathPackage.customKeywords.generateRandomEmail is PASSED

24-10-2024T13:29:28 - [MESSAGE][PASSED] - keyPathPackage.customKeywords.generateRandomEmail is PASSED

24-10-2024T13:29:28 - [TEST_STEP][PASSED] - setText(findTestObject("Object Repository/APAC_University/Help_University/Field_Email"), Email): Text 'robyn.mills@hotmail.com' is set on object 'Object Repository/APAC_University/Help_University/Field_Email'

24-10-2024T13:29:29 - [MESSAGE][PASSED] - Text 'robyn.mills@hotmail.com' is set on object 'Object Repository/APAC_University/Help_University/Field_Email'

24-10-2024T13:29:29 - [TEST_STEP][PASSED] - Postcode = keyPathPackage.customKeywords.selectRandomPostCodes(): keyPathPackage.customKeywords.selectRandomPostCodes is PASSED

24-10-2024T13:29:29 - [MESSAGE][PASSED] - keyPathPackage.customKeywords.selectRandomPostCodes is PASSED

24-10-2024T13:29:29 - [TEST_STEP][PASSED] - setText(findTestObject("Object Repository/APAC_University/Help_University/Field_Postcode"), Postcode): Text '33566' is set on object 'Object Repository/APAC_University/Help_University/Field_Postcode'

24-10-2024T13:29:29 - [MESSAGE][PASSED] - Text '33566' is set on object 'Object Repository/APAC_University/Help_University/Field_Postcode'

24-10-2024T13:29:29 - [TEST_STEP][PASSED] - buttonObject = findTestObject("Object Repository/APAC_University/Help_University/Button_Nextstep1"): null

24-10-2024T13:29:29 - [TEST_STEP][PASSED] - mouseOver(buttonObject): Object: 'Object Repository/APAC_University/Help_University/Button_Nextstep1' is hovered

24-10-2024T13:29:30 - [MESSAGE][PASSED] - Object: 'Object Repository/APAC_University/Help_University/Button_Nextstep1' is hovered

24-10-2024T13:29:30 - [TEST_STEP][PASSED] - waitForElementClickable(findTestObject("Object Repository/APAC_University/Help_University/Button_Nextstep1"), 10): Object 'Object Repository/APAC_University/Help_University/Button_Nextstep1' is clickable

24-10-2024T13:29:30 - [MESSAGE][PASSED] - Object 'Object Repository/APAC_University/Help_University/Button_Nextstep1' is clickable

24-10-2024T13:29:30 - [TEST_STEP][PASSED] - click(findTestObject("Object Repository/APAC_University/Help_University/Button_Nextstep1")): Object: 'Object Repository/APAC_University/Help_University/Button_Nextstep1' is clicked on

24-10-2024T13:29:30 - [MESSAGE][PASSED] - Object: 'Object Repository/APAC_University/Help_University/Button_Nextstep1' is clicked on

24-10-2024T13:29:30 - [TEST_STEP][PASSED] - dropdown = findTestObject("Object Repository/APAC_University/Help_University/Dropdown_Highereducation"): null

24-10-2024T13:29:30 - [TEST_STEP][PASSED] - options = ["High school", "Diploma", "Bachelors degree", "Masters Degree"]: null

24-10-2024T13:29:30 - [TEST_STEP][PASSED] - randomOption = options[Random().nextInt(length)]: null

24-10-2024T13:29:30 - [TEST_STEP][PASSED] - selectOptionByValue(dropdown, randomOption, true): All options with value 'Diploma' are selected in object 'Object Repository/APAC_University/Help_University/Dropdown_Highereducation'  using regular expression

24-10-2024T13:29:32 - [MESSAGE][PASSED] - All options with value 'Diploma' are selected in object 'Object Repository/APAC_University/Help_University/Dropdown_Highereducation'  using regular expression

24-10-2024T13:29:32 - [TEST_STEP][PASSED] - if (randomOption.equals("Diploma")): All options with value 'No' are selected in object 'Object Repository/APAC_University/Help_University/Dropdown_Apel'  using regular expression

24-10-2024T13:29:32 - [TEST_STEP][PASSED] - delay(3): Delayed 3 second(s)

24-10-2024T13:29:35 - [MESSAGE][PASSED] - Delayed 3 second(s)

24-10-2024T13:29:35 - [TEST_STEP][PASSED] - APELdropdown = findTestObject("Object Repository/APAC_University/Help_University/Dropdown_Apel"): null

24-10-2024T13:29:35 - [TEST_STEP][PASSED] - APELoptions = ["Yes", "No", "Unsure"]: null

24-10-2024T13:29:35 - [TEST_STEP][PASSED] - APELrandomOption = APELoptions[Random().nextInt(length)]: null

24-10-2024T13:29:35 - [TEST_STEP][PASSED] - selectOptionByValue(APELdropdown, APELrandomOption, true): All options with value 'No' are selected in object 'Object Repository/APAC_University/Help_University/Dropdown_Apel'  using regular expression

24-10-2024T13:29:36 - [MESSAGE][PASSED] - All options with value 'No' are selected in object 'Object Repository/APAC_University/Help_University/Dropdown_Apel'  using regular expression

24-10-2024T13:29:36 - [TEST_STEP][PASSED] - startdate = findTestObject("Object Repository/APAC_University/Help_University/Dropdown_Startdate"): null

24-10-2024T13:29:36 - [TEST_STEP][PASSED] - selectOptionByIndex(startdate, keyPathPackage.customKeywords.selectRandomOptionFromDropdown()): All options with index in [1] are selected on object 'Object Repository/APAC_University/Help_University/Dropdown_Startdate'

24-10-2024T13:29:36 - [MESSAGE][PASSED] - keyPathPackage.customKeywords.selectRandomOptionFromDropdown is PASSED

24-10-2024T13:29:36 - [MESSAGE][PASSED] - All options with index in [1] are selected on object 'Object Repository/APAC_University/Help_University/Dropdown_Startdate'

24-10-2024T13:29:36 - [TEST_STEP][PASSED] - Englishlevel = findTestObject("Object Repository/APAC_University/Help_University/Dropdown_Englishlevel"): null

24-10-2024T13:29:36 - [TEST_STEP][PASSED] - selectOptionByIndex(Englishlevel, keyPathPackage.customKeywords.selectRandomOptionFromDropdown()): All options with index in [1] are selected on object 'Object Repository/APAC_University/Help_University/Dropdown_Englishlevel'

24-10-2024T13:29:36 - [MESSAGE][PASSED] - keyPathPackage.customKeywords.selectRandomOptionFromDropdown is PASSED

24-10-2024T13:29:37 - [MESSAGE][PASSED] - All options with index in [1] are selected on object 'Object Repository/APAC_University/Help_University/Dropdown_Englishlevel'

24-10-2024T13:29:37 - [TEST_STEP][PASSED] - Workexperience = findTestObject("Object Repository/APAC_University/Help_University/Dropdown_Workexperience"): null

24-10-2024T13:29:37 - [TEST_STEP][PASSED] - selectOptionByIndex(Workexperience, keyPathPackage.customKeywords.selectRandomOptionFromDropdown()): All options with index in [1] are selected on object 'Object Repository/APAC_University/Help_University/Dropdown_Workexperience'

24-10-2024T13:29:37 - [MESSAGE][PASSED] - keyPathPackage.customKeywords.selectRandomOptionFromDropdown is PASSED

24-10-2024T13:29:39 - [MESSAGE][PASSED] - All options with index in [1] are selected on object 'Object Repository/APAC_University/Help_University/Dropdown_Workexperience'

24-10-2024T13:29:39 - [TEST_STEP][PASSED] - Enquiry = findTestObject("Object Repository/APAC_University/Help_University/Dropdown_Enquiry"): null

24-10-2024T13:29:39 - [TEST_STEP][PASSED] - selectOptionByIndex(Enquiry, keyPathPackage.customKeywords.selectRandomOptionFromDropdown()): All options with index in [1] are selected on object 'Object Repository/APAC_University/Help_University/Dropdown_Enquiry'

24-10-2024T13:29:39 - [MESSAGE][PASSED] - keyPathPackage.customKeywords.selectRandomOptionFromDropdown is PASSED

24-10-2024T13:29:39 - [MESSAGE][PASSED] - All options with index in [1] are selected on object 'Object Repository/APAC_University/Help_University/Dropdown_Enquiry'

24-10-2024T13:29:39 - [TEST_STEP][PASSED] - waitForElementClickable(findTestObject("Object Repository/APAC_University/Help_University/Button_Nextstep2"), 10): Object 'Object Repository/APAC_University/Help_University/Button_Nextstep2' is clickable

24-10-2024T13:29:40 - [MESSAGE][PASSED] - Object 'Object Repository/APAC_University/Help_University/Button_Nextstep2' is clickable

24-10-2024T13:29:40 - [TEST_STEP][PASSED] - click(findTestObject("Object Repository/APAC_University/Help_University/Button_Nextstep2")): Object: 'Object Repository/APAC_University/Help_University/Button_Nextstep2' is clicked on

24-10-2024T13:29:40 - [MESSAGE][PASSED] - Object: 'Object Repository/APAC_University/Help_University/Button_Nextstep2' is clicked on

24-10-2024T13:29:40 - [TEST_STEP][PASSED] - FirstName = keyPathPackage.customKeywords.generateRandomFirstName(): keyPathPackage.customKeywords.generateRandomFirstName is PASSED

24-10-2024T13:29:40 - [MESSAGE][PASSED] - keyPathPackage.customKeywords.generateRandomFirstName is PASSED

24-10-2024T13:29:40 - [TEST_STEP][PASSED] - setText(findTestObject("Object Repository/APAC_University/Help_University/Field_Firstname"), FirstName): Text 'Kareem' is set on object 'Object Repository/APAC_University/Help_University/Field_Firstname'

24-10-2024T13:29:41 - [MESSAGE][PASSED] - Text 'Kareem' is set on object 'Object Repository/APAC_University/Help_University/Field_Firstname'

24-10-2024T13:29:41 - [TEST_STEP][PASSED] - LastName = keyPathPackage.customKeywords.generateRandomLastName(): keyPathPackage.customKeywords.generateRandomLastName is PASSED

24-10-2024T13:29:41 - [MESSAGE][PASSED] - keyPathPackage.customKeywords.generateRandomLastName is PASSED

24-10-2024T13:29:41 - [TEST_STEP][PASSED] - setText(findTestObject("Object Repository/APAC_University/Help_University/Field_lastname"), LastName): Text 'Testing Lakin' is set on object 'Object Repository/APAC_University/Help_University/Field_lastname'

24-10-2024T13:29:42 - [MESSAGE][PASSED] - Text 'Testing Lakin' is set on object 'Object Repository/APAC_University/Help_University/Field_lastname'

24-10-2024T13:29:42 - [TEST_STEP][PASSED] - Phonenumber = keyPathPackage.customKeywords.generateRandomMalaysianPhoneNumber(): keyPathPackage.customKeywords.generateRandomMalaysianPhoneNumber is PASSED

24-10-2024T13:29:42 - [MESSAGE][PASSED] - keyPathPackage.customKeywords.generateRandomMalaysianPhoneNumber is PASSED

24-10-2024T13:29:42 - [TEST_STEP][PASSED] - setText(findTestObject("Object Repository/APAC_University/MBS_University/Degree Program/Field_Phonenumber"), Phonenumber): Text '120572098' is set on object 'Object Repository/APAC_University/MBS_University/Degree Program/Field_Phonenumber'

24-10-2024T13:29:42 - [MESSAGE][PASSED] - Text '120572098' is set on object 'Object Repository/APAC_University/MBS_University/Degree Program/Field_Phonenumber'

24-10-2024T13:29:42 - [TEST_STEP][PASSED] - waitForElementClickable(findTestObject("Object Repository/APAC_University/Help_University/Button_Submit"), 10): Object 'Object Repository/APAC_University/Help_University/Button_Submit' is clickable

24-10-2024T13:29:43 - [MESSAGE][PASSED] - Object 'Object Repository/APAC_University/Help_University/Button_Submit' is clickable

24-10-2024T13:29:43 - [TEST_STEP][PASSED] - click(findTestObject("Object Repository/APAC_University/Help_University/Button_Submit")): Object: 'Object Repository/APAC_University/Help_University/Button_Submit' is clicked on

24-10-2024T13:29:43 - [MESSAGE][PASSED] - Object: 'Object Repository/APAC_University/Help_University/Button_Submit' is clicked on

24-10-2024T13:29:43 - [MESSAGE][PASSED] - Call Test Case 'Test Cases/APAC_Universities/SEO_PAGES/Help_University/Resuable_Testcases/Lead_Form' successfully]]></system-out>
         <system-err><![CDATA[]]></system-err>
      </testcase>
      <testcase name="Test Cases/APAC_Universities/SEO_PAGES/Help_University/Enquiry_Now" time="14.562" classname="Test Cases/APAC_Universities/SEO_PAGES/Help_University/Enquiry_Now" status="PASSED">
         <system-out><![CDATA[24-10-2024T13:29:43 - [TEST_CASE][PASSED] - Test Cases/APAC_Universities/SEO_PAGES/Help_University/Enquiry_Now: Test Cases/APAC_Universities/SEO_PAGES/Help_University/Enquiry_Now

24-10-2024T13:29:43 - [TEST_STEP][PASSED] - waitForElementClickable(findTestObject("Object Repository/APAC_University/Help_University/Button_Enquirenow"), 10): Object 'Object Repository/APAC_University/Help_University/Button_Enquirenow' is clickable

24-10-2024T13:29:46 - [MESSAGE][PASSED] - Object 'Object Repository/APAC_University/Help_University/Button_Enquirenow' is clickable

24-10-2024T13:29:46 - [TEST_STEP][PASSED] - click(findTestObject("Object Repository/APAC_University/Help_University/Button_Enquirenow")): Object: 'Object Repository/APAC_University/Help_University/Button_Enquirenow' is clicked on

24-10-2024T13:29:47 - [MESSAGE][PASSED] - Object: 'Object Repository/APAC_University/Help_University/Button_Enquirenow' is clicked on

24-10-2024T13:29:47 - [TEST_STEP][PASSED] - callTestCase(findTestCase("Test Cases/APAC_Universities/SEO_PAGES/Help_University/Resuable_Testcases/Lead_Form"), [:], STOP_ON_FAILURE): Call Test Case 'Test Cases/APAC_Universities/SEO_PAGES/Help_University/Resuable_Testcases/Lead_Form' successfully

24-10-2024T13:29:47 - [TEST_CASE][PASSED] - Test Cases/APAC_Universities/SEO_PAGES/Help_University/Resuable_Testcases/Lead_Form: Test Cases/APAC_Universities/SEO_PAGES/Help_University/Resuable_Testcases/Lead_Form

24-10-2024T13:29:47 - [TEST_STEP][PASSED] - Email = keyPathPackage.customKeywords.generateRandomEmail(): keyPathPackage.customKeywords.generateRandomEmail is PASSED

24-10-2024T13:29:47 - [MESSAGE][PASSED] - keyPathPackage.customKeywords.generateRandomEmail is PASSED

24-10-2024T13:29:47 - [TEST_STEP][PASSED] - setText(findTestObject("Object Repository/APAC_University/Help_University/Field_Email"), Email): Text 'joanne.jast@yahoo.com' is set on object 'Object Repository/APAC_University/Help_University/Field_Email'

24-10-2024T13:29:48 - [MESSAGE][PASSED] - Text 'joanne.jast@yahoo.com' is set on object 'Object Repository/APAC_University/Help_University/Field_Email'

24-10-2024T13:29:48 - [TEST_STEP][PASSED] - Postcode = keyPathPackage.customKeywords.selectRandomPostCodes(): keyPathPackage.customKeywords.selectRandomPostCodes is PASSED

24-10-2024T13:29:48 - [MESSAGE][PASSED] - keyPathPackage.customKeywords.selectRandomPostCodes is PASSED

24-10-2024T13:29:48 - [TEST_STEP][PASSED] - setText(findTestObject("Object Repository/APAC_University/Help_University/Field_Postcode"), Postcode): Text '78025' is set on object 'Object Repository/APAC_University/Help_University/Field_Postcode'

24-10-2024T13:29:49 - [MESSAGE][PASSED] - Text '78025' is set on object 'Object Repository/APAC_University/Help_University/Field_Postcode'

24-10-2024T13:29:49 - [TEST_STEP][PASSED] - buttonObject = findTestObject("Object Repository/APAC_University/Help_University/Button_Nextstep1"): null

24-10-2024T13:29:49 - [TEST_STEP][PASSED] - mouseOver(buttonObject): Object: 'Object Repository/APAC_University/Help_University/Button_Nextstep1' is hovered

24-10-2024T13:29:49 - [MESSAGE][PASSED] - Object: 'Object Repository/APAC_University/Help_University/Button_Nextstep1' is hovered

24-10-2024T13:29:49 - [TEST_STEP][PASSED] - waitForElementClickable(findTestObject("Object Repository/APAC_University/Help_University/Button_Nextstep1"), 10): Object 'Object Repository/APAC_University/Help_University/Button_Nextstep1' is clickable

24-10-2024T13:29:49 - [MESSAGE][PASSED] - Object 'Object Repository/APAC_University/Help_University/Button_Nextstep1' is clickable

24-10-2024T13:29:49 - [TEST_STEP][PASSED] - click(findTestObject("Object Repository/APAC_University/Help_University/Button_Nextstep1")): Object: 'Object Repository/APAC_University/Help_University/Button_Nextstep1' is clicked on

24-10-2024T13:29:50 - [MESSAGE][PASSED] - Object: 'Object Repository/APAC_University/Help_University/Button_Nextstep1' is clicked on

24-10-2024T13:29:50 - [TEST_STEP][PASSED] - dropdown = findTestObject("Object Repository/APAC_University/Help_University/Dropdown_Highereducation"): null

24-10-2024T13:29:50 - [TEST_STEP][PASSED] - options = ["High school", "Diploma", "Bachelors degree", "Masters Degree"]: null

24-10-2024T13:29:50 - [TEST_STEP][PASSED] - randomOption = options[Random().nextInt(length)]: null

24-10-2024T13:29:50 - [TEST_STEP][PASSED] - selectOptionByValue(dropdown, randomOption, true): All options with value 'Bachelors degree' are selected in object 'Object Repository/APAC_University/Help_University/Dropdown_Highereducation'  using regular expression

24-10-2024T13:29:51 - [MESSAGE][PASSED] - All options with value 'Bachelors degree' are selected in object 'Object Repository/APAC_University/Help_University/Dropdown_Highereducation'  using regular expression

24-10-2024T13:29:51 - [TEST_STEP][PASSED] - if (randomOption.equals("Diploma")): null

24-10-2024T13:29:51 - [TEST_STEP][PASSED] - startdate = findTestObject("Object Repository/APAC_University/Help_University/Dropdown_Startdate"): null

24-10-2024T13:29:51 - [TEST_STEP][PASSED] - selectOptionByIndex(startdate, keyPathPackage.customKeywords.selectRandomOptionFromDropdown()): All options with index in [1] are selected on object 'Object Repository/APAC_University/Help_University/Dropdown_Startdate'

24-10-2024T13:29:51 - [MESSAGE][PASSED] - keyPathPackage.customKeywords.selectRandomOptionFromDropdown is PASSED

24-10-2024T13:29:52 - [MESSAGE][PASSED] - All options with index in [1] are selected on object 'Object Repository/APAC_University/Help_University/Dropdown_Startdate'

24-10-2024T13:29:52 - [TEST_STEP][PASSED] - Englishlevel = findTestObject("Object Repository/APAC_University/Help_University/Dropdown_Englishlevel"): null

24-10-2024T13:29:52 - [TEST_STEP][PASSED] - selectOptionByIndex(Englishlevel, keyPathPackage.customKeywords.selectRandomOptionFromDropdown()): All options with index in [1] are selected on object 'Object Repository/APAC_University/Help_University/Dropdown_Englishlevel'

24-10-2024T13:29:52 - [MESSAGE][PASSED] - keyPathPackage.customKeywords.selectRandomOptionFromDropdown is PASSED

24-10-2024T13:29:52 - [MESSAGE][PASSED] - All options with index in [1] are selected on object 'Object Repository/APAC_University/Help_University/Dropdown_Englishlevel'

24-10-2024T13:29:52 - [TEST_STEP][PASSED] - Workexperience = findTestObject("Object Repository/APAC_University/Help_University/Dropdown_Workexperience"): null

24-10-2024T13:29:52 - [TEST_STEP][PASSED] - selectOptionByIndex(Workexperience, keyPathPackage.customKeywords.selectRandomOptionFromDropdown()): All options with index in [1] are selected on object 'Object Repository/APAC_University/Help_University/Dropdown_Workexperience'

24-10-2024T13:29:52 - [MESSAGE][PASSED] - keyPathPackage.customKeywords.selectRandomOptionFromDropdown is PASSED

24-10-2024T13:29:53 - [MESSAGE][PASSED] - All options with index in [1] are selected on object 'Object Repository/APAC_University/Help_University/Dropdown_Workexperience'

24-10-2024T13:29:53 - [TEST_STEP][PASSED] - Enquiry = findTestObject("Object Repository/APAC_University/Help_University/Dropdown_Enquiry"): null

24-10-2024T13:29:53 - [TEST_STEP][PASSED] - selectOptionByIndex(Enquiry, keyPathPackage.customKeywords.selectRandomOptionFromDropdown()): All options with index in [1] are selected on object 'Object Repository/APAC_University/Help_University/Dropdown_Enquiry'

24-10-2024T13:29:53 - [MESSAGE][PASSED] - keyPathPackage.customKeywords.selectRandomOptionFromDropdown is PASSED

24-10-2024T13:29:54 - [MESSAGE][PASSED] - All options with index in [1] are selected on object 'Object Repository/APAC_University/Help_University/Dropdown_Enquiry'

24-10-2024T13:29:54 - [TEST_STEP][PASSED] - waitForElementClickable(findTestObject("Object Repository/APAC_University/Help_University/Button_Nextstep2"), 10): Object 'Object Repository/APAC_University/Help_University/Button_Nextstep2' is clickable

24-10-2024T13:29:54 - [MESSAGE][PASSED] - Object 'Object Repository/APAC_University/Help_University/Button_Nextstep2' is clickable

24-10-2024T13:29:54 - [TEST_STEP][PASSED] - click(findTestObject("Object Repository/APAC_University/Help_University/Button_Nextstep2")): Object: 'Object Repository/APAC_University/Help_University/Button_Nextstep2' is clicked on

24-10-2024T13:29:55 - [MESSAGE][PASSED] - Object: 'Object Repository/APAC_University/Help_University/Button_Nextstep2' is clicked on

24-10-2024T13:29:55 - [TEST_STEP][PASSED] - FirstName = keyPathPackage.customKeywords.generateRandomFirstName(): keyPathPackage.customKeywords.generateRandomFirstName is PASSED

24-10-2024T13:29:55 - [MESSAGE][PASSED] - keyPathPackage.customKeywords.generateRandomFirstName is PASSED

24-10-2024T13:29:55 - [TEST_STEP][PASSED] - setText(findTestObject("Object Repository/APAC_University/Help_University/Field_Firstname"), FirstName): Text 'Dania' is set on object 'Object Repository/APAC_University/Help_University/Field_Firstname'

24-10-2024T13:29:56 - [MESSAGE][PASSED] - Text 'Dania' is set on object 'Object Repository/APAC_University/Help_University/Field_Firstname'

24-10-2024T13:29:56 - [TEST_STEP][PASSED] - LastName = keyPathPackage.customKeywords.generateRandomLastName(): keyPathPackage.customKeywords.generateRandomLastName is PASSED

24-10-2024T13:29:56 - [MESSAGE][PASSED] - keyPathPackage.customKeywords.generateRandomLastName is PASSED

24-10-2024T13:29:56 - [TEST_STEP][PASSED] - setText(findTestObject("Object Repository/APAC_University/Help_University/Field_lastname"), LastName): Text 'Testing Hartmann' is set on object 'Object Repository/APAC_University/Help_University/Field_lastname'

24-10-2024T13:29:56 - [MESSAGE][PASSED] - Text 'Testing Hartmann' is set on object 'Object Repository/APAC_University/Help_University/Field_lastname'

24-10-2024T13:29:56 - [TEST_STEP][PASSED] - Phonenumber = keyPathPackage.customKeywords.generateRandomMalaysianPhoneNumber(): keyPathPackage.customKeywords.generateRandomMalaysianPhoneNumber is PASSED

24-10-2024T13:29:56 - [MESSAGE][PASSED] - keyPathPackage.customKeywords.generateRandomMalaysianPhoneNumber is PASSED

24-10-2024T13:29:56 - [TEST_STEP][PASSED] - setText(findTestObject("Object Repository/APAC_University/MBS_University/Degree Program/Field_Phonenumber"), Phonenumber): Text '127936764' is set on object 'Object Repository/APAC_University/MBS_University/Degree Program/Field_Phonenumber'

24-10-2024T13:29:57 - [MESSAGE][PASSED] - Text '127936764' is set on object 'Object Repository/APAC_University/MBS_University/Degree Program/Field_Phonenumber'

24-10-2024T13:29:57 - [TEST_STEP][PASSED] - waitForElementClickable(findTestObject("Object Repository/APAC_University/Help_University/Button_Submit"), 10): Object 'Object Repository/APAC_University/Help_University/Button_Submit' is clickable

24-10-2024T13:29:57 - [MESSAGE][PASSED] - Object 'Object Repository/APAC_University/Help_University/Button_Submit' is clickable

24-10-2024T13:29:57 - [TEST_STEP][PASSED] - click(findTestObject("Object Repository/APAC_University/Help_University/Button_Submit")): Object: 'Object Repository/APAC_University/Help_University/Button_Submit' is clicked on

24-10-2024T13:29:57 - [MESSAGE][PASSED] - Object: 'Object Repository/APAC_University/Help_University/Button_Submit' is clicked on

24-10-2024T13:29:57 - [MESSAGE][PASSED] - Call Test Case 'Test Cases/APAC_Universities/SEO_PAGES/Help_University/Resuable_Testcases/Lead_Form' successfully

24-10-2024T13:29:57 - [TEST_STEP][PASSED] - closeBrowser(): Browser is closed

24-10-2024T13:29:58 - [MESSAGE][PASSED] - Browser is closed]]></system-out>
         <system-err><![CDATA[]]></system-err>
      </testcase>
      <testcase name="Test Cases/APAC_Universities/SEO_PAGES/Sunway_University/Main_Page" time="25.507" classname="Test Cases/APAC_Universities/SEO_PAGES/Sunway_University/Main_Page" status="PASSED">
         <system-out><![CDATA[24-10-2024T13:29:58 - [TEST_CASE][PASSED] - Test Cases/APAC_Universities/SEO_PAGES/Sunway_University/Main_Page: Test Cases/APAC_Universities/SEO_PAGES/Sunway_University/Main_Page

24-10-2024T13:29:58 - [TEST_STEP][PASSED] - callTestCase(findTestCase("Test Cases/APAC_Universities/SEO_PAGES/Sunway_University/Resuable_Testcases/Navigate_To_URL"), [:], STOP_ON_FAILURE): Call Test Case 'Test Cases/APAC_Universities/SEO_PAGES/Sunway_University/Resuable_Testcases/Navigate_To_URL' successfully

24-10-2024T13:29:58 - [TEST_CASE][PASSED] - Test Cases/APAC_Universities/SEO_PAGES/Sunway_University/Resuable_Testcases/Navigate_To_URL: Test Cases/APAC_Universities/SEO_PAGES/Sunway_University/Resuable_Testcases/Navigate_To_URL

24-10-2024T13:29:58 - [TEST_STEP][PASSED] - openBrowser(""): Browser is opened with url: ''

24-10-2024T13:29:58 - [MESSAGE][INFO] - Starting 'Chrome' driver

24-10-2024T13:29:58 - [MESSAGE][INFO] - Action delay is set to 0 milliseconds

24-10-2024T13:29:58 - [MESSAGE][PASSED] - Browser is opened with url: ''

24-10-2024T13:29:58 - [TEST_STEP][PASSED] - navigateToUrl(University_SUN): Navigate to 'https://key:path@dev-sun-opm.pantheonsite.io/' successfully

24-10-2024T13:30:03 - [MESSAGE][PASSED] - Navigate to 'https://key:path@dev-sun-opm.pantheonsite.io/' successfully

24-10-2024T13:30:03 - [TEST_STEP][PASSED] - maximizeWindow(): Current window maximized

24-10-2024T13:30:04 - [MESSAGE][PASSED] - Current window maximized

24-10-2024T13:30:04 - [MESSAGE][PASSED] - Call Test Case 'Test Cases/APAC_Universities/SEO_PAGES/Sunway_University/Resuable_Testcases/Navigate_To_URL' successfully

24-10-2024T13:30:04 - [TEST_STEP][PASSED] - callTestCase(findTestCase("Test Cases/APAC_Universities/SEO_PAGES/Sunway_University/Resuable_Testcases/Lead_Form"), [:], STOP_ON_FAILURE): Call Test Case 'Test Cases/APAC_Universities/SEO_PAGES/Sunway_University/Resuable_Testcases/Lead_Form' successfully

24-10-2024T13:30:04 - [TEST_CASE][PASSED] - Test Cases/APAC_Universities/SEO_PAGES/Sunway_University/Resuable_Testcases/Lead_Form: Test Cases/APAC_Universities/SEO_PAGES/Sunway_University/Resuable_Testcases/Lead_Form

24-10-2024T13:30:04 - [TEST_STEP][PASSED] - selectTestObject = findTestObject("Object Repository/APAC_University/SUN_University/Dropdown_Program"): null

24-10-2024T13:30:04 - [TEST_STEP][PASSED] - selectElement = findWebElement(selectTestObject, 0): Found web element by test object Object Repository/APAC_University/SUN_University/Dropdown_Program

24-10-2024T13:30:04 - [MESSAGE][WARNING] - Timeout '0' is invalid. Using default page load timeout: '30'

24-10-2024T13:30:04 - [MESSAGE][PASSED] - Found web element by test object Object Repository/APAC_University/SUN_University/Dropdown_Program

24-10-2024T13:30:04 - [TEST_STEP][PASSED] - select = new org.openqa.selenium.support.ui.Select(selectElement): null

24-10-2024T13:30:04 - [TEST_STEP][PASSED] - optionsrandom = select.getOptions(): null

24-10-2024T13:30:06 - [TEST_STEP][PASSED] - validOptions = optionsrandom.findAll({ -> ... }): null

24-10-2024T13:30:06 - [TEST_STEP][PASSED] - randomdropdown = new java.util.Random(): null

24-10-2024T13:30:06 - [TEST_STEP][PASSED] - randomOptiondropdown = validOptions[randomdropdown.nextInt(validOptions.size())]: null

24-10-2024T13:30:06 - [TEST_STEP][PASSED] - select.selectByValue(randomOptiondropdown.getAttribute("value")): null

24-10-2024T13:30:07 - [TEST_STEP][PASSED] - Email = keyPathPackage.customKeywords.generateRandomEmail(): keyPathPackage.customKeywords.generateRandomEmail is PASSED

24-10-2024T13:30:07 - [MESSAGE][PASSED] - keyPathPackage.customKeywords.generateRandomEmail is PASSED

24-10-2024T13:30:07 - [TEST_STEP][PASSED] - setText(findTestObject("Object Repository/APAC_University/SUN_University/Field_Email"), Email): Text 'jesus.jerde@hotmail.com' is set on object 'Object Repository/APAC_University/SUN_University/Field_Email'

24-10-2024T13:30:07 - [MESSAGE][PASSED] - Text 'jesus.jerde@hotmail.com' is set on object 'Object Repository/APAC_University/SUN_University/Field_Email'

24-10-2024T13:30:07 - [TEST_STEP][PASSED] - Postcode = keyPathPackage.customKeywords.selectRandomPostCodes(): keyPathPackage.customKeywords.selectRandomPostCodes is PASSED

24-10-2024T13:30:07 - [MESSAGE][PASSED] - keyPathPackage.customKeywords.selectRandomPostCodes is PASSED

24-10-2024T13:30:07 - [TEST_STEP][PASSED] - setText(findTestObject("Object Repository/APAC_University/SUN_University/Field_Postcode"), Postcode): Text '40012' is set on object 'Object Repository/APAC_University/SUN_University/Field_Postcode'

24-10-2024T13:30:08 - [MESSAGE][PASSED] - Text '40012' is set on object 'Object Repository/APAC_University/SUN_University/Field_Postcode'

24-10-2024T13:30:08 - [TEST_STEP][PASSED] - waitForElementClickable(findTestObject("Object Repository/APAC_University/SUN_University/Button_Nextstep1"), 10): Object 'Object Repository/APAC_University/SUN_University/Button_Nextstep1' is clickable

24-10-2024T13:30:08 - [MESSAGE][PASSED] - Object 'Object Repository/APAC_University/SUN_University/Button_Nextstep1' is clickable

24-10-2024T13:30:08 - [TEST_STEP][PASSED] - click(findTestObject("Object Repository/APAC_University/SUN_University/Button_Nextstep1")): Object: 'Object Repository/APAC_University/SUN_University/Button_Nextstep1' is clicked on

24-10-2024T13:30:08 - [MESSAGE][PASSED] - Object: 'Object Repository/APAC_University/SUN_University/Button_Nextstep1' is clicked on

24-10-2024T13:30:08 - [TEST_STEP][PASSED] - dropdown = findTestObject("Object Repository/APAC_University/SUN_University/Dropdown_highereducation"): null

24-10-2024T13:30:08 - [TEST_STEP][PASSED] - options = ["High school", "Diploma", "Bachelors degree", "Masters Degree"]: null

24-10-2024T13:30:08 - [TEST_STEP][PASSED] - randomOption = options[Random().nextInt(length)]: null

24-10-2024T13:30:08 - [TEST_STEP][PASSED] - selectOptionByValue(dropdown, randomOption, true): All options with value 'High school' are selected in object 'Object Repository/APAC_University/SUN_University/Dropdown_highereducation'  using regular expression

24-10-2024T13:30:09 - [MESSAGE][PASSED] - All options with value 'High school' are selected in object 'Object Repository/APAC_University/SUN_University/Dropdown_highereducation'  using regular expression

24-10-2024T13:30:09 - [TEST_STEP][PASSED] - if (randomOption.equals("Diploma")): null

24-10-2024T13:30:09 - [TEST_STEP][PASSED] - startdate = findTestObject("Object Repository/APAC_University/SUN_University/Dropdown_Startdate"): null

24-10-2024T13:30:09 - [TEST_STEP][PASSED] - selectOptionByIndex(startdate, keyPathPackage.customKeywords.selectRandomOptionFromDropdown()): All options with index in [2] are selected on object 'Object Repository/APAC_University/SUN_University/Dropdown_Startdate'

24-10-2024T13:30:09 - [MESSAGE][PASSED] - keyPathPackage.customKeywords.selectRandomOptionFromDropdown is PASSED

24-10-2024T13:30:10 - [MESSAGE][PASSED] - All options with index in [2] are selected on object 'Object Repository/APAC_University/SUN_University/Dropdown_Startdate'

24-10-2024T13:30:10 - [TEST_STEP][PASSED] - Englishlevel = findTestObject("Object Repository/APAC_University/SUN_University/Dropdown_Englishlevel"): null

24-10-2024T13:30:10 - [TEST_STEP][PASSED] - selectOptionByIndex(Englishlevel, keyPathPackage.customKeywords.selectRandomOptionFromDropdown()): All options with index in [1] are selected on object 'Object Repository/APAC_University/SUN_University/Dropdown_Englishlevel'

24-10-2024T13:30:10 - [MESSAGE][PASSED] - keyPathPackage.customKeywords.selectRandomOptionFromDropdown is PASSED

24-10-2024T13:30:11 - [MESSAGE][PASSED] - All options with index in [1] are selected on object 'Object Repository/APAC_University/SUN_University/Dropdown_Englishlevel'

24-10-2024T13:30:11 - [TEST_STEP][PASSED] - Workexperience = findTestObject("Object Repository/APAC_University/SUN_University/Dropdown_Workexperience"): null

24-10-2024T13:30:11 - [TEST_STEP][PASSED] - selectOptionByIndex(Workexperience, keyPathPackage.customKeywords.selectRandomOptionFromDropdown()): All options with index in [1] are selected on object 'Object Repository/APAC_University/SUN_University/Dropdown_Workexperience'

24-10-2024T13:30:11 - [MESSAGE][PASSED] - keyPathPackage.customKeywords.selectRandomOptionFromDropdown is PASSED

24-10-2024T13:30:11 - [MESSAGE][PASSED] - All options with index in [1] are selected on object 'Object Repository/APAC_University/SUN_University/Dropdown_Workexperience'

24-10-2024T13:30:11 - [TEST_STEP][PASSED] - Enquiry = findTestObject("Object Repository/APAC_University/SUN_University/Dropdown_Enquiry"): null

24-10-2024T13:30:11 - [TEST_STEP][PASSED] - selectOptionByIndex(Enquiry, keyPathPackage.customKeywords.selectRandomOptionFromDropdown()): All options with index in [1] are selected on object 'Object Repository/APAC_University/SUN_University/Dropdown_Enquiry'

24-10-2024T13:30:11 - [MESSAGE][PASSED] - keyPathPackage.customKeywords.selectRandomOptionFromDropdown is PASSED

24-10-2024T13:30:12 - [MESSAGE][PASSED] - All options with index in [1] are selected on object 'Object Repository/APAC_University/SUN_University/Dropdown_Enquiry'

24-10-2024T13:30:12 - [TEST_STEP][PASSED] - waitForElementClickable(findTestObject("Object Repository/APAC_University/SUN_University/Button_Nextstep2"), 10): Object 'Object Repository/APAC_University/SUN_University/Button_Nextstep2' is clickable

24-10-2024T13:30:12 - [MESSAGE][PASSED] - Object 'Object Repository/APAC_University/SUN_University/Button_Nextstep2' is clickable

24-10-2024T13:30:12 - [TEST_STEP][PASSED] - click(findTestObject("Object Repository/APAC_University/SUN_University/Button_Nextstep2")): Object: 'Object Repository/APAC_University/SUN_University/Button_Nextstep2' is clicked on

24-10-2024T13:30:13 - [MESSAGE][PASSED] - Object: 'Object Repository/APAC_University/SUN_University/Button_Nextstep2' is clicked on

24-10-2024T13:30:13 - [TEST_STEP][PASSED] - delay(5): Delayed 5 second(s)

24-10-2024T13:30:18 - [MESSAGE][PASSED] - Delayed 5 second(s)

24-10-2024T13:30:18 - [TEST_STEP][PASSED] - waitForElementPresent(findTestObject("Object Repository/APAC_University/SUN_University/Field_Firstname"), 10): Object 'Object Repository/APAC_University/SUN_University/Field_Firstname' is present

24-10-2024T13:30:18 - [MESSAGE][PASSED] - Object 'Object Repository/APAC_University/SUN_University/Field_Firstname' is present

24-10-2024T13:30:18 - [TEST_STEP][PASSED] - FirstName = keyPathPackage.customKeywords.generateRandomFirstName(): keyPathPackage.customKeywords.generateRandomFirstName is PASSED

24-10-2024T13:30:18 - [MESSAGE][PASSED] - keyPathPackage.customKeywords.generateRandomFirstName is PASSED

24-10-2024T13:30:18 - [TEST_STEP][PASSED] - setText(findTestObject("Object Repository/APAC_University/SUN_University/Field_Firstname"), FirstName): Text 'Nancey' is set on object 'Object Repository/APAC_University/SUN_University/Field_Firstname'

24-10-2024T13:30:18 - [MESSAGE][PASSED] - Text 'Nancey' is set on object 'Object Repository/APAC_University/SUN_University/Field_Firstname'

24-10-2024T13:30:18 - [TEST_STEP][PASSED] - LastName = keyPathPackage.customKeywords.generateRandomLastName(): keyPathPackage.customKeywords.generateRandomLastName is PASSED

24-10-2024T13:30:18 - [MESSAGE][PASSED] - keyPathPackage.customKeywords.generateRandomLastName is PASSED

24-10-2024T13:30:18 - [TEST_STEP][PASSED] - setText(findTestObject("Object Repository/APAC_University/SUN_University/Field_lastname"), LastName): Text 'Testing Shanahan' is set on object 'Object Repository/APAC_University/SUN_University/Field_lastname'

24-10-2024T13:30:19 - [MESSAGE][PASSED] - Text 'Testing Shanahan' is set on object 'Object Repository/APAC_University/SUN_University/Field_lastname'

24-10-2024T13:30:19 - [TEST_STEP][PASSED] - Phonenumber = keyPathPackage.customKeywords.generateRandomMalaysianPhoneNumber(): keyPathPackage.customKeywords.generateRandomMalaysianPhoneNumber is PASSED

24-10-2024T13:30:19 - [MESSAGE][PASSED] - keyPathPackage.customKeywords.generateRandomMalaysianPhoneNumber is PASSED

24-10-2024T13:30:19 - [TEST_STEP][PASSED] - setText(findTestObject("Object Repository/APAC_University/SUN_University/Field_Phonenumber"), Phonenumber): Text '124137875' is set on object 'Object Repository/APAC_University/SUN_University/Field_Phonenumber'

24-10-2024T13:30:19 - [MESSAGE][PASSED] - Text '124137875' is set on object 'Object Repository/APAC_University/SUN_University/Field_Phonenumber'

24-10-2024T13:30:19 - [TEST_STEP][PASSED] - waitForElementClickable(findTestObject("Object Repository/APAC_University/SUN_University/Button_Submit"), 10): Object 'Object Repository/APAC_University/SUN_University/Button_Submit' is clickable

24-10-2024T13:30:20 - [MESSAGE][PASSED] - Object 'Object Repository/APAC_University/SUN_University/Button_Submit' is clickable

24-10-2024T13:30:20 - [TEST_STEP][PASSED] - click(findTestObject("Object Repository/APAC_University/SUN_University/Button_Submit")): Object: 'Object Repository/APAC_University/SUN_University/Button_Submit' is clicked on

24-10-2024T13:30:20 - [MESSAGE][PASSED] - Object: 'Object Repository/APAC_University/SUN_University/Button_Submit' is clicked on

24-10-2024T13:30:20 - [TEST_STEP][PASSED] - delay(3): Delayed 3 second(s)

24-10-2024T13:30:23 - [MESSAGE][PASSED] - Delayed 3 second(s)

24-10-2024T13:30:23 - [MESSAGE][PASSED] - Call Test Case 'Test Cases/APAC_Universities/SEO_PAGES/Sunway_University/Resuable_Testcases/Lead_Form' successfully]]></system-out>
         <system-err><![CDATA[]]></system-err>
      </testcase>
      <testcase name="Test Cases/APAC_Universities/SEO_PAGES/Sunway_University/Enquiry_Now" time="21.399" classname="Test Cases/APAC_Universities/SEO_PAGES/Sunway_University/Enquiry_Now" status="PASSED">
         <system-out><![CDATA[24-10-2024T13:30:23 - [TEST_CASE][PASSED] - Test Cases/APAC_Universities/SEO_PAGES/Sunway_University/Enquiry_Now: Test Cases/APAC_Universities/SEO_PAGES/Sunway_University/Enquiry_Now

24-10-2024T13:30:23 - [TEST_STEP][PASSED] - callTestCase(findTestCase("Test Cases/APAC_Universities/SEO_PAGES/Sunway_University/Resuable_Testcases/Navigate_to_Homepage"), [:], STOP_ON_FAILURE): Call Test Case 'Test Cases/APAC_Universities/SEO_PAGES/Sunway_University/Resuable_Testcases/Navigate_to_Homepage' successfully

24-10-2024T13:30:23 - [TEST_CASE][PASSED] - Test Cases/APAC_Universities/SEO_PAGES/Sunway_University/Resuable_Testcases/Navigate_to_Homepage: Test Cases/APAC_Universities/SEO_PAGES/Sunway_University/Resuable_Testcases/Navigate_to_Homepage

24-10-2024T13:30:23 - [TEST_STEP][PASSED] - waitForElementClickable(findTestObject("Object Repository/APAC_University/SUN_University/Button_Homepage"), 10): Object 'Object Repository/APAC_University/SUN_University/Button_Homepage' is clickable

24-10-2024T13:30:23 - [MESSAGE][PASSED] - Object 'Object Repository/APAC_University/SUN_University/Button_Homepage' is clickable

24-10-2024T13:30:23 - [TEST_STEP][PASSED] - click(findTestObject("Object Repository/APAC_University/SUN_University/Button_Homepage")): Object: 'Object Repository/APAC_University/SUN_University/Button_Homepage' is clicked on

24-10-2024T13:30:25 - [MESSAGE][PASSED] - Object: 'Object Repository/APAC_University/SUN_University/Button_Homepage' is clicked on

24-10-2024T13:30:25 - [MESSAGE][PASSED] - Call Test Case 'Test Cases/APAC_Universities/SEO_PAGES/Sunway_University/Resuable_Testcases/Navigate_to_Homepage' successfully

24-10-2024T13:30:25 - [TEST_STEP][PASSED] - waitForElementClickable(findTestObject("Object Repository/APAC_University/SUN_University/Button_EnquireNow"), 10): Object 'Object Repository/APAC_University/SUN_University/Button_EnquireNow' is clickable

24-10-2024T13:30:25 - [MESSAGE][PASSED] - Object 'Object Repository/APAC_University/SUN_University/Button_EnquireNow' is clickable

24-10-2024T13:30:25 - [TEST_STEP][PASSED] - click(findTestObject("Object Repository/APAC_University/SUN_University/Button_EnquireNow")): Object: 'Object Repository/APAC_University/SUN_University/Button_EnquireNow' is clicked on

24-10-2024T13:30:26 - [MESSAGE][PASSED] - Object: 'Object Repository/APAC_University/SUN_University/Button_EnquireNow' is clicked on

24-10-2024T13:30:26 - [TEST_STEP][PASSED] - callTestCase(findTestCase("Test Cases/APAC_Universities/SEO_PAGES/Sunway_University/Resuable_Testcases/Lead_Form"), [:], STOP_ON_FAILURE): Call Test Case 'Test Cases/APAC_Universities/SEO_PAGES/Sunway_University/Resuable_Testcases/Lead_Form' successfully

24-10-2024T13:30:26 - [TEST_CASE][PASSED] - Test Cases/APAC_Universities/SEO_PAGES/Sunway_University/Resuable_Testcases/Lead_Form: Test Cases/APAC_Universities/SEO_PAGES/Sunway_University/Resuable_Testcases/Lead_Form

24-10-2024T13:30:26 - [TEST_STEP][PASSED] - selectTestObject = findTestObject("Object Repository/APAC_University/SUN_University/Dropdown_Program"): null

24-10-2024T13:30:26 - [TEST_STEP][PASSED] - selectElement = findWebElement(selectTestObject, 0): Found web element by test object Object Repository/APAC_University/SUN_University/Dropdown_Program

24-10-2024T13:30:26 - [MESSAGE][WARNING] - Timeout '0' is invalid. Using default page load timeout: '30'

24-10-2024T13:30:27 - [MESSAGE][PASSED] - Found web element by test object Object Repository/APAC_University/SUN_University/Dropdown_Program

24-10-2024T13:30:27 - [TEST_STEP][PASSED] - select = new org.openqa.selenium.support.ui.Select(selectElement): null

24-10-2024T13:30:27 - [TEST_STEP][PASSED] - optionsrandom = select.getOptions(): null

24-10-2024T13:30:28 - [TEST_STEP][PASSED] - validOptions = optionsrandom.findAll({ -> ... }): null

24-10-2024T13:30:28 - [TEST_STEP][PASSED] - randomdropdown = new java.util.Random(): null

24-10-2024T13:30:28 - [TEST_STEP][PASSED] - randomOptiondropdown = validOptions[randomdropdown.nextInt(validOptions.size())]: null

24-10-2024T13:30:28 - [TEST_STEP][PASSED] - select.selectByValue(randomOptiondropdown.getAttribute("value")): null

24-10-2024T13:30:28 - [TEST_STEP][PASSED] - Email = keyPathPackage.customKeywords.generateRandomEmail(): keyPathPackage.customKeywords.generateRandomEmail is PASSED

24-10-2024T13:30:28 - [MESSAGE][PASSED] - keyPathPackage.customKeywords.generateRandomEmail is PASSED

24-10-2024T13:30:28 - [TEST_STEP][PASSED] - setText(findTestObject("Object Repository/APAC_University/SUN_University/Field_Email"), Email): Text 'bunny.harris@yahoo.com' is set on object 'Object Repository/APAC_University/SUN_University/Field_Email'

24-10-2024T13:30:28 - [MESSAGE][PASSED] - Text 'bunny.harris@yahoo.com' is set on object 'Object Repository/APAC_University/SUN_University/Field_Email'

24-10-2024T13:30:28 - [TEST_STEP][PASSED] - Postcode = keyPathPackage.customKeywords.selectRandomPostCodes(): keyPathPackage.customKeywords.selectRandomPostCodes is PASSED

24-10-2024T13:30:28 - [MESSAGE][PASSED] - keyPathPackage.customKeywords.selectRandomPostCodes is PASSED

24-10-2024T13:30:28 - [TEST_STEP][PASSED] - setText(findTestObject("Object Repository/APAC_University/SUN_University/Field_Postcode"), Postcode): Text '86111' is set on object 'Object Repository/APAC_University/SUN_University/Field_Postcode'

24-10-2024T13:30:29 - [MESSAGE][PASSED] - Text '86111' is set on object 'Object Repository/APAC_University/SUN_University/Field_Postcode'

24-10-2024T13:30:29 - [TEST_STEP][PASSED] - waitForElementClickable(findTestObject("Object Repository/APAC_University/SUN_University/Button_Nextstep1"), 10): Object 'Object Repository/APAC_University/SUN_University/Button_Nextstep1' is clickable

24-10-2024T13:30:29 - [MESSAGE][PASSED] - Object 'Object Repository/APAC_University/SUN_University/Button_Nextstep1' is clickable

24-10-2024T13:30:29 - [TEST_STEP][PASSED] - click(findTestObject("Object Repository/APAC_University/SUN_University/Button_Nextstep1")): Object: 'Object Repository/APAC_University/SUN_University/Button_Nextstep1' is clicked on

24-10-2024T13:30:29 - [MESSAGE][PASSED] - Object: 'Object Repository/APAC_University/SUN_University/Button_Nextstep1' is clicked on

24-10-2024T13:30:29 - [TEST_STEP][PASSED] - dropdown = findTestObject("Object Repository/APAC_University/SUN_University/Dropdown_highereducation"): null

24-10-2024T13:30:29 - [TEST_STEP][PASSED] - options = ["High school", "Diploma", "Bachelors degree", "Masters Degree"]: null

24-10-2024T13:30:29 - [TEST_STEP][PASSED] - randomOption = options[Random().nextInt(length)]: null

24-10-2024T13:30:29 - [TEST_STEP][PASSED] - selectOptionByValue(dropdown, randomOption, true): All options with value 'Masters Degree' are selected in object 'Object Repository/APAC_University/SUN_University/Dropdown_highereducation'  using regular expression

24-10-2024T13:30:30 - [MESSAGE][PASSED] - All options with value 'Masters Degree' are selected in object 'Object Repository/APAC_University/SUN_University/Dropdown_highereducation'  using regular expression

24-10-2024T13:30:30 - [TEST_STEP][PASSED] - if (randomOption.equals("Diploma")): null

24-10-2024T13:30:30 - [TEST_STEP][PASSED] - startdate = findTestObject("Object Repository/APAC_University/SUN_University/Dropdown_Startdate"): null

24-10-2024T13:30:30 - [TEST_STEP][PASSED] - selectOptionByIndex(startdate, keyPathPackage.customKeywords.selectRandomOptionFromDropdown()): All options with index in [2] are selected on object 'Object Repository/APAC_University/SUN_University/Dropdown_Startdate'

24-10-2024T13:30:30 - [MESSAGE][PASSED] - keyPathPackage.customKeywords.selectRandomOptionFromDropdown is PASSED

24-10-2024T13:30:31 - [MESSAGE][PASSED] - All options with index in [2] are selected on object 'Object Repository/APAC_University/SUN_University/Dropdown_Startdate'

24-10-2024T13:30:31 - [TEST_STEP][PASSED] - Englishlevel = findTestObject("Object Repository/APAC_University/SUN_University/Dropdown_Englishlevel"): null

24-10-2024T13:30:31 - [TEST_STEP][PASSED] - selectOptionByIndex(Englishlevel, keyPathPackage.customKeywords.selectRandomOptionFromDropdown()): All options with index in [1] are selected on object 'Object Repository/APAC_University/SUN_University/Dropdown_Englishlevel'

24-10-2024T13:30:31 - [MESSAGE][PASSED] - keyPathPackage.customKeywords.selectRandomOptionFromDropdown is PASSED

24-10-2024T13:30:32 - [MESSAGE][PASSED] - All options with index in [1] are selected on object 'Object Repository/APAC_University/SUN_University/Dropdown_Englishlevel'

24-10-2024T13:30:32 - [TEST_STEP][PASSED] - Workexperience = findTestObject("Object Repository/APAC_University/SUN_University/Dropdown_Workexperience"): null

24-10-2024T13:30:32 - [TEST_STEP][PASSED] - selectOptionByIndex(Workexperience, keyPathPackage.customKeywords.selectRandomOptionFromDropdown()): All options with index in [1] are selected on object 'Object Repository/APAC_University/SUN_University/Dropdown_Workexperience'

24-10-2024T13:30:32 - [MESSAGE][PASSED] - keyPathPackage.customKeywords.selectRandomOptionFromDropdown is PASSED

24-10-2024T13:30:33 - [MESSAGE][PASSED] - All options with index in [1] are selected on object 'Object Repository/APAC_University/SUN_University/Dropdown_Workexperience'

24-10-2024T13:30:33 - [TEST_STEP][PASSED] - Enquiry = findTestObject("Object Repository/APAC_University/SUN_University/Dropdown_Enquiry"): null

24-10-2024T13:30:33 - [TEST_STEP][PASSED] - selectOptionByIndex(Enquiry, keyPathPackage.customKeywords.selectRandomOptionFromDropdown()): All options with index in [1] are selected on object 'Object Repository/APAC_University/SUN_University/Dropdown_Enquiry'

24-10-2024T13:30:33 - [MESSAGE][PASSED] - keyPathPackage.customKeywords.selectRandomOptionFromDropdown is PASSED

24-10-2024T13:30:33 - [MESSAGE][PASSED] - All options with index in [1] are selected on object 'Object Repository/APAC_University/SUN_University/Dropdown_Enquiry'

24-10-2024T13:30:33 - [TEST_STEP][PASSED] - waitForElementClickable(findTestObject("Object Repository/APAC_University/SUN_University/Button_Nextstep2"), 10): Object 'Object Repository/APAC_University/SUN_University/Button_Nextstep2' is clickable

24-10-2024T13:30:34 - [MESSAGE][PASSED] - Object 'Object Repository/APAC_University/SUN_University/Button_Nextstep2' is clickable

24-10-2024T13:30:34 - [TEST_STEP][PASSED] - click(findTestObject("Object Repository/APAC_University/SUN_University/Button_Nextstep2")): Object: 'Object Repository/APAC_University/SUN_University/Button_Nextstep2' is clicked on

24-10-2024T13:30:34 - [MESSAGE][PASSED] - Object: 'Object Repository/APAC_University/SUN_University/Button_Nextstep2' is clicked on

24-10-2024T13:30:34 - [TEST_STEP][PASSED] - delay(5): Delayed 5 second(s)

24-10-2024T13:30:39 - [MESSAGE][PASSED] - Delayed 5 second(s)

24-10-2024T13:30:39 - [TEST_STEP][PASSED] - waitForElementPresent(findTestObject("Object Repository/APAC_University/SUN_University/Field_Firstname"), 10): Object 'Object Repository/APAC_University/SUN_University/Field_Firstname' is present

24-10-2024T13:30:39 - [MESSAGE][PASSED] - Object 'Object Repository/APAC_University/SUN_University/Field_Firstname' is present

24-10-2024T13:30:39 - [TEST_STEP][PASSED] - FirstName = keyPathPackage.customKeywords.generateRandomFirstName(): keyPathPackage.customKeywords.generateRandomFirstName is PASSED

24-10-2024T13:30:39 - [MESSAGE][PASSED] - keyPathPackage.customKeywords.generateRandomFirstName is PASSED

24-10-2024T13:30:39 - [TEST_STEP][PASSED] - setText(findTestObject("Object Repository/APAC_University/SUN_University/Field_Firstname"), FirstName): Text 'Louis' is set on object 'Object Repository/APAC_University/SUN_University/Field_Firstname'

24-10-2024T13:30:40 - [MESSAGE][PASSED] - Text 'Louis' is set on object 'Object Repository/APAC_University/SUN_University/Field_Firstname'

24-10-2024T13:30:40 - [TEST_STEP][PASSED] - LastName = keyPathPackage.customKeywords.generateRandomLastName(): keyPathPackage.customKeywords.generateRandomLastName is PASSED

24-10-2024T13:30:40 - [MESSAGE][PASSED] - keyPathPackage.customKeywords.generateRandomLastName is PASSED

24-10-2024T13:30:40 - [TEST_STEP][PASSED] - setText(findTestObject("Object Repository/APAC_University/SUN_University/Field_lastname"), LastName): Text 'Testing Little' is set on object 'Object Repository/APAC_University/SUN_University/Field_lastname'

24-10-2024T13:30:40 - [MESSAGE][PASSED] - Text 'Testing Little' is set on object 'Object Repository/APAC_University/SUN_University/Field_lastname'

24-10-2024T13:30:40 - [TEST_STEP][PASSED] - Phonenumber = keyPathPackage.customKeywords.generateRandomMalaysianPhoneNumber(): keyPathPackage.customKeywords.generateRandomMalaysianPhoneNumber is PASSED

24-10-2024T13:30:40 - [MESSAGE][PASSED] - keyPathPackage.customKeywords.generateRandomMalaysianPhoneNumber is PASSED

24-10-2024T13:30:40 - [TEST_STEP][PASSED] - setText(findTestObject("Object Repository/APAC_University/SUN_University/Field_Phonenumber"), Phonenumber): Text '125387115' is set on object 'Object Repository/APAC_University/SUN_University/Field_Phonenumber'

24-10-2024T13:30:41 - [MESSAGE][PASSED] - Text '125387115' is set on object 'Object Repository/APAC_University/SUN_University/Field_Phonenumber'

24-10-2024T13:30:41 - [TEST_STEP][PASSED] - waitForElementClickable(findTestObject("Object Repository/APAC_University/SUN_University/Button_Submit"), 10): Object 'Object Repository/APAC_University/SUN_University/Button_Submit' is clickable

24-10-2024T13:30:41 - [MESSAGE][PASSED] - Object 'Object Repository/APAC_University/SUN_University/Button_Submit' is clickable

24-10-2024T13:30:41 - [TEST_STEP][PASSED] - click(findTestObject("Object Repository/APAC_University/SUN_University/Button_Submit")): Object: 'Object Repository/APAC_University/SUN_University/Button_Submit' is clicked on

24-10-2024T13:30:41 - [MESSAGE][PASSED] - Object: 'Object Repository/APAC_University/SUN_University/Button_Submit' is clicked on

24-10-2024T13:30:41 - [TEST_STEP][PASSED] - delay(3): Delayed 3 second(s)

24-10-2024T13:30:44 - [MESSAGE][PASSED] - Delayed 3 second(s)

24-10-2024T13:30:44 - [MESSAGE][PASSED] - Call Test Case 'Test Cases/APAC_Universities/SEO_PAGES/Sunway_University/Resuable_Testcases/Lead_Form' successfully

24-10-2024T13:30:44 - [TEST_STEP][PASSED] - closeBrowser(): Browser is closed

24-10-2024T13:30:44 - [MESSAGE][PASSED] - Browser is closed]]></system-out>
         <system-err><![CDATA[]]></system-err>
      </testcase>
      <testcase name="Test Cases/APAC_Universities/SEO_PAGES/SIM_University/Main_Page" time="35.142" classname="Test Cases/APAC_Universities/SEO_PAGES/SIM_University/Main_Page" status="PASSED">
         <system-out><![CDATA[24-10-2024T13:30:44 - [TEST_CASE][PASSED] - Test Cases/APAC_Universities/SEO_PAGES/SIM_University/Main_Page: Test Cases/APAC_Universities/SEO_PAGES/SIM_University/Main_Page

24-10-2024T13:30:44 - [TEST_STEP][PASSED] - callTestCase(findTestCase("Test Cases/APAC_Universities/SEO_PAGES/SIM_University/Resuable_Testcases/Navigate_URL"), [:], STOP_ON_FAILURE): Call Test Case 'Test Cases/APAC_Universities/SEO_PAGES/SIM_University/Resuable_Testcases/Navigate_URL' successfully

24-10-2024T13:30:45 - [TEST_CASE][PASSED] - Test Cases/APAC_Universities/SEO_PAGES/SIM_University/Resuable_Testcases/Navigate_URL: Test Cases/APAC_Universities/SEO_PAGES/SIM_University/Resuable_Testcases/Navigate_URL

24-10-2024T13:30:45 - [TEST_STEP][PASSED] - openBrowser(""): Browser is opened with url: ''

24-10-2024T13:30:45 - [MESSAGE][INFO] - Starting 'Chrome' driver

24-10-2024T13:30:45 - [MESSAGE][INFO] - Action delay is set to 0 milliseconds

24-10-2024T13:30:45 - [MESSAGE][PASSED] - Browser is opened with url: ''

24-10-2024T13:30:45 - [TEST_STEP][PASSED] - navigateToUrl("https://dev-sim-opm.pantheonsite.io/"): Navigate to 'https://dev-sim-opm.pantheonsite.io/' successfully

24-10-2024T13:31:04 - [MESSAGE][PASSED] - Navigate to 'https://dev-sim-opm.pantheonsite.io/' successfully

24-10-2024T13:31:04 - [TEST_STEP][PASSED] - maximizeWindow(): Current window maximized

24-10-2024T13:31:04 - [MESSAGE][PASSED] - Current window maximized

24-10-2024T13:31:04 - [MESSAGE][PASSED] - Call Test Case 'Test Cases/APAC_Universities/SEO_PAGES/SIM_University/Resuable_Testcases/Navigate_URL' successfully

24-10-2024T13:31:04 - [TEST_STEP][PASSED] - callTestCase(findTestCase("Test Cases/APAC_Universities/SEO_PAGES/SIM_University/Resuable_Testcases/Lead_Form"), [:], STOP_ON_FAILURE): Call Test Case 'Test Cases/APAC_Universities/SEO_PAGES/SIM_University/Resuable_Testcases/Lead_Form' successfully

24-10-2024T13:31:04 - [TEST_CASE][PASSED] - Test Cases/APAC_Universities/SEO_PAGES/SIM_University/Resuable_Testcases/Lead_Form: Test Cases/APAC_Universities/SEO_PAGES/SIM_University/Resuable_Testcases/Lead_Form

24-10-2024T13:31:04 - [TEST_STEP][PASSED] - selectTestObject = findTestObject("Object Repository/APAC_University/SIM_University/Dropdown_Program"): null

24-10-2024T13:31:04 - [TEST_STEP][PASSED] - selectElement = findWebElement(selectTestObject, 0): Found web element by test object Object Repository/APAC_University/SIM_University/Dropdown_Program

24-10-2024T13:31:04 - [MESSAGE][WARNING] - Timeout '0' is invalid. Using default page load timeout: '30'

24-10-2024T13:31:05 - [MESSAGE][PASSED] - Found web element by test object Object Repository/APAC_University/SIM_University/Dropdown_Program

24-10-2024T13:31:05 - [TEST_STEP][PASSED] - select = new org.openqa.selenium.support.ui.Select(selectElement): null

24-10-2024T13:31:05 - [TEST_STEP][PASSED] - optionsrandom = select.getOptions(): null

24-10-2024T13:31:06 - [TEST_STEP][PASSED] - validOptions = optionsrandom.findAll({ -> ... }): null

24-10-2024T13:31:06 - [TEST_STEP][PASSED] - randomdropdown = new java.util.Random(): null

24-10-2024T13:31:06 - [TEST_STEP][PASSED] - randomOptiondropdown = validOptions[randomdropdown.nextInt(validOptions.size())]: null

24-10-2024T13:31:06 - [TEST_STEP][PASSED] - select.selectByValue(randomOptiondropdown.getAttribute("value")): null

24-10-2024T13:31:07 - [TEST_STEP][PASSED] - delay(3): Delayed 3 second(s)

24-10-2024T13:31:10 - [MESSAGE][PASSED] - Delayed 3 second(s)

24-10-2024T13:31:10 - [TEST_STEP][PASSED] - FirstName = keyPathPackage.customKeywords.generateRandomFirstName(): keyPathPackage.customKeywords.generateRandomFirstName is PASSED

24-10-2024T13:31:10 - [MESSAGE][PASSED] - keyPathPackage.customKeywords.generateRandomFirstName is PASSED

24-10-2024T13:31:10 - [TEST_STEP][PASSED] - setText(findTestObject("Object Repository/APAC_University/SIM_University/Field_Firstname"), FirstName): Text 'Elias' is set on object 'Object Repository/APAC_University/SIM_University/Field_Firstname'

24-10-2024T13:31:11 - [MESSAGE][PASSED] - Text 'Elias' is set on object 'Object Repository/APAC_University/SIM_University/Field_Firstname'

24-10-2024T13:31:11 - [TEST_STEP][PASSED] - LastName = keyPathPackage.customKeywords.generateRandomLastName(): keyPathPackage.customKeywords.generateRandomLastName is PASSED

24-10-2024T13:31:11 - [MESSAGE][PASSED] - keyPathPackage.customKeywords.generateRandomLastName is PASSED

24-10-2024T13:31:11 - [TEST_STEP][PASSED] - setText(findTestObject("Object Repository/APAC_University/SIM_University/Field_Lastname"), LastName): Text 'Testing Hickle' is set on object 'Object Repository/APAC_University/SIM_University/Field_Lastname'

24-10-2024T13:31:12 - [MESSAGE][PASSED] - Text 'Testing Hickle' is set on object 'Object Repository/APAC_University/SIM_University/Field_Lastname'

24-10-2024T13:31:12 - [TEST_STEP][PASSED] - waitForElementClickable(findTestObject("Object Repository/APAC_University/SIM_University/Button_Nextstep1"), 10): Object 'Object Repository/APAC_University/SIM_University/Button_Nextstep1' is clickable

24-10-2024T13:31:12 - [MESSAGE][PASSED] - Object 'Object Repository/APAC_University/SIM_University/Button_Nextstep1' is clickable

24-10-2024T13:31:12 - [TEST_STEP][PASSED] - click(findTestObject("Object Repository/APAC_University/SIM_University/Button_Nextstep1")): Object: 'Object Repository/APAC_University/SIM_University/Button_Nextstep1' is clicked on

24-10-2024T13:31:12 - [MESSAGE][PASSED] - Object: 'Object Repository/APAC_University/SIM_University/Button_Nextstep1' is clicked on

24-10-2024T13:31:12 - [TEST_STEP][PASSED] - startdate = findTestObject("Object Repository/APAC_University/SIM_University/Dropdown_Startdate"): null

24-10-2024T13:31:12 - [TEST_STEP][PASSED] - selectOptionByIndex(startdate, keyPathPackage.customKeywords.selectRandomOptionFromDropdown()): All options with index in [2] are selected on object 'Object Repository/APAC_University/SIM_University/Dropdown_Startdate'

24-10-2024T13:31:12 - [MESSAGE][PASSED] - keyPathPackage.customKeywords.selectRandomOptionFromDropdown is PASSED

24-10-2024T13:31:13 - [MESSAGE][PASSED] - All options with index in [2] are selected on object 'Object Repository/APAC_University/SIM_University/Dropdown_Startdate'

24-10-2024T13:31:13 - [TEST_STEP][PASSED] - Enquiry = findTestObject("Object Repository/APAC_University/SIM_University/Dropdown_Enquiry"): null

24-10-2024T13:31:13 - [TEST_STEP][PASSED] - selectOptionByIndex(Enquiry, keyPathPackage.customKeywords.selectRandomOptionFromDropdown()): All options with index in [1] are selected on object 'Object Repository/APAC_University/SIM_University/Dropdown_Enquiry'

24-10-2024T13:31:13 - [MESSAGE][PASSED] - keyPathPackage.customKeywords.selectRandomOptionFromDropdown is PASSED

24-10-2024T13:31:14 - [MESSAGE][PASSED] - All options with index in [1] are selected on object 'Object Repository/APAC_University/SIM_University/Dropdown_Enquiry'

24-10-2024T13:31:14 - [TEST_STEP][PASSED] - dropdown = findTestObject("Object Repository/APAC_University/SIM_University/Dropdown_Education"): null

24-10-2024T13:31:14 - [TEST_STEP][PASSED] - options = ["High school", "Diploma", "Bachelors degree", "Postgraduate diploma", "Masters Degree"]: null

24-10-2024T13:31:14 - [TEST_STEP][PASSED] - randomOption = options[Random().nextInt(length)]: null

24-10-2024T13:31:14 - [TEST_STEP][PASSED] - selectOptionByValue(dropdown, randomOption, true): All options with value 'Bachelors degree' are selected in object 'Object Repository/APAC_University/SIM_University/Dropdown_Education'  using regular expression

24-10-2024T13:31:15 - [MESSAGE][PASSED] - All options with value 'Bachelors degree' are selected in object 'Object Repository/APAC_University/SIM_University/Dropdown_Education'  using regular expression

24-10-2024T13:31:15 - [TEST_STEP][PASSED] - Workexperience = findTestObject("Object Repository/APAC_University/SIM_University/Dropdown_Experience"): null

24-10-2024T13:31:15 - [TEST_STEP][PASSED] - selectOptionByIndex(Workexperience, keyPathPackage.customKeywords.selectRandomOptionFromDropdown()): All options with index in [1] are selected on object 'Object Repository/APAC_University/SIM_University/Dropdown_Experience'

24-10-2024T13:31:15 - [MESSAGE][PASSED] - keyPathPackage.customKeywords.selectRandomOptionFromDropdown is PASSED

24-10-2024T13:31:15 - [MESSAGE][PASSED] - All options with index in [1] are selected on object 'Object Repository/APAC_University/SIM_University/Dropdown_Experience'

24-10-2024T13:31:15 - [TEST_STEP][PASSED] - Englishlevel = findTestObject("Object Repository/APAC_University/SIM_University/Dropdown_English"): null

24-10-2024T13:31:15 - [TEST_STEP][PASSED] - selectOptionByIndex(Englishlevel, keyPathPackage.customKeywords.selectRandomOptionFromDropdown()): All options with index in [1] are selected on object 'Object Repository/APAC_University/SIM_University/Dropdown_English'

24-10-2024T13:31:15 - [MESSAGE][PASSED] - keyPathPackage.customKeywords.selectRandomOptionFromDropdown is PASSED

24-10-2024T13:31:16 - [MESSAGE][PASSED] - All options with index in [1] are selected on object 'Object Repository/APAC_University/SIM_University/Dropdown_English'

24-10-2024T13:31:16 - [TEST_STEP][PASSED] - radioButtonGroup = findTestObject("Object Repository/APAC_University/SIM_University/Radiobutton_Years"): null

24-10-2024T13:31:16 - [TEST_STEP][PASSED] - radioButtons = findWebElements(radioButtonGroup, 30): Found web elements by test object Object Repository/APAC_University/SIM_University/Radiobutton_Years

24-10-2024T13:31:16 - [MESSAGE][PASSED] - Found web elements by test object Object Repository/APAC_University/SIM_University/Radiobutton_Years

24-10-2024T13:31:16 - [TEST_STEP][PASSED] - if (radioButtons.size() == 2): null

24-10-2024T13:31:16 - [TEST_STEP][PASSED] - random = new java.util.Random(): null

24-10-2024T13:31:16 - [TEST_STEP][PASSED] - randomIndex = random.nextInt(2): null

24-10-2024T13:31:16 - [TEST_STEP][PASSED] - randomRadioButton = radioButtons.get(randomIndex): null

24-10-2024T13:31:16 - [TEST_STEP][PASSED] - randomRadioButton.click(): null

24-10-2024T13:31:16 - [TEST_STEP][PASSED] - waitForElementClickable(findTestObject("Object Repository/APAC_University/SIM_University/Button_Nextstep2"), 10): Object 'Object Repository/APAC_University/SIM_University/Button_Nextstep2' is clickable

24-10-2024T13:31:17 - [MESSAGE][PASSED] - Object 'Object Repository/APAC_University/SIM_University/Button_Nextstep2' is clickable

24-10-2024T13:31:17 - [TEST_STEP][PASSED] - click(findTestObject("Object Repository/APAC_University/SIM_University/Button_Nextstep2")): Object: 'Object Repository/APAC_University/SIM_University/Button_Nextstep2' is clicked on

24-10-2024T13:31:17 - [MESSAGE][PASSED] - Object: 'Object Repository/APAC_University/SIM_University/Button_Nextstep2' is clicked on

24-10-2024T13:31:17 - [TEST_STEP][PASSED] - Phonenumber = keyPathPackage.customKeywords.generateRandomMalaysianPhoneNumber(): keyPathPackage.customKeywords.generateRandomMalaysianPhoneNumber is PASSED

24-10-2024T13:31:17 - [MESSAGE][PASSED] - keyPathPackage.customKeywords.generateRandomMalaysianPhoneNumber is PASSED

24-10-2024T13:31:17 - [TEST_STEP][PASSED] - setText(findTestObject("Object Repository/APAC_University/SIM_University/Field_Phonenumber"), Phonenumber): Text '122425173' is set on object 'Object Repository/APAC_University/SIM_University/Field_Phonenumber'

24-10-2024T13:31:18 - [MESSAGE][PASSED] - Text '122425173' is set on object 'Object Repository/APAC_University/SIM_University/Field_Phonenumber'

24-10-2024T13:31:18 - [TEST_STEP][PASSED] - Email = keyPathPackage.customKeywords.generateRandomEmail(): keyPathPackage.customKeywords.generateRandomEmail is PASSED

24-10-2024T13:31:18 - [MESSAGE][PASSED] - keyPathPackage.customKeywords.generateRandomEmail is PASSED

24-10-2024T13:31:18 - [TEST_STEP][PASSED] - setText(findTestObject("Object Repository/APAC_University/SIM_University/Field_Email"), Email): Text 'michale.okeefe@gmail.com' is set on object 'Object Repository/APAC_University/SIM_University/Field_Email'

24-10-2024T13:31:19 - [MESSAGE][PASSED] - Text 'michale.okeefe@gmail.com' is set on object 'Object Repository/APAC_University/SIM_University/Field_Email'

24-10-2024T13:31:19 - [TEST_STEP][PASSED] - Postcode = keyPathPackage.customKeywords.selectRandomSingaporePostCode(): keyPathPackage.customKeywords.selectRandomSingaporePostCode is PASSED

24-10-2024T13:31:19 - [MESSAGE][PASSED] - keyPathPackage.customKeywords.selectRandomSingaporePostCode is PASSED

24-10-2024T13:31:19 - [TEST_STEP][PASSED] - setText(findTestObject("Object Repository/APAC_University/SIM_University/Field_Postcode"), Postcode): Text '523963' is set on object 'Object Repository/APAC_University/SIM_University/Field_Postcode'

24-10-2024T13:31:19 - [MESSAGE][PASSED] - Text '523963' is set on object 'Object Repository/APAC_University/SIM_University/Field_Postcode'

24-10-2024T13:31:19 - [TEST_STEP][PASSED] - waitForElementClickable(findTestObject("Object Repository/APAC_University/SIM_University/Button_Submit"), 10): Object 'Object Repository/APAC_University/SIM_University/Button_Submit' is clickable

24-10-2024T13:31:19 - [MESSAGE][PASSED] - Object 'Object Repository/APAC_University/SIM_University/Button_Submit' is clickable

24-10-2024T13:31:19 - [TEST_STEP][PASSED] - click(findTestObject("Object Repository/APAC_University/SIM_University/Button_Submit")): Object: 'Object Repository/APAC_University/SIM_University/Button_Submit' is clicked on

24-10-2024T13:31:20 - [MESSAGE][PASSED] - Object: 'Object Repository/APAC_University/SIM_University/Button_Submit' is clicked on

24-10-2024T13:31:20 - [MESSAGE][PASSED] - Call Test Case 'Test Cases/APAC_Universities/SEO_PAGES/SIM_University/Resuable_Testcases/Lead_Form' successfully]]></system-out>
         <system-err><![CDATA[]]></system-err>
      </testcase>
      <testcase name="Test Cases/APAC_Universities/SEO_PAGES/SIM_University/Enquiry_Now" time="19.119" classname="Test Cases/APAC_Universities/SEO_PAGES/SIM_University/Enquiry_Now" status="PASSED">
         <system-out><![CDATA[24-10-2024T13:31:20 - [TEST_CASE][PASSED] - Test Cases/APAC_Universities/SEO_PAGES/SIM_University/Enquiry_Now: Test Cases/APAC_Universities/SEO_PAGES/SIM_University/Enquiry_Now

24-10-2024T13:31:20 - [TEST_STEP][PASSED] - callTestCase(findTestCase("Test Cases/APAC_Universities/SEO_PAGES/SIM_University/Resuable_Testcases/Navigate_Homepage"), [:], STOP_ON_FAILURE): Call Test Case 'Test Cases/APAC_Universities/SEO_PAGES/SIM_University/Resuable_Testcases/Navigate_Homepage' successfully

24-10-2024T13:31:20 - [TEST_CASE][PASSED] - Test Cases/APAC_Universities/SEO_PAGES/SIM_University/Resuable_Testcases/Navigate_Homepage: Test Cases/APAC_Universities/SEO_PAGES/SIM_University/Resuable_Testcases/Navigate_Homepage

24-10-2024T13:31:20 - [TEST_STEP][PASSED] - waitForElementClickable(findTestObject("Object Repository/APAC_University/SIM_University/Button_Homepage"), 10): Object 'Object Repository/APAC_University/SIM_University/Button_Homepage' is clickable

24-10-2024T13:31:23 - [MESSAGE][PASSED] - Object 'Object Repository/APAC_University/SIM_University/Button_Homepage' is clickable

24-10-2024T13:31:23 - [TEST_STEP][PASSED] - click(findTestObject("Object Repository/APAC_University/SIM_University/Button_Homepage")): Object: 'Object Repository/APAC_University/SIM_University/Button_Homepage' is clicked on

24-10-2024T13:31:24 - [MESSAGE][PASSED] - Object: 'Object Repository/APAC_University/SIM_University/Button_Homepage' is clicked on

24-10-2024T13:31:24 - [MESSAGE][PASSED] - Call Test Case 'Test Cases/APAC_Universities/SEO_PAGES/SIM_University/Resuable_Testcases/Navigate_Homepage' successfully

24-10-2024T13:31:24 - [TEST_STEP][PASSED] - waitForElementClickable(findTestObject("Object Repository/APAC_University/SIM_University/Button_Enquiry"), 10): Object 'Object Repository/APAC_University/SIM_University/Button_Enquiry' is clickable

24-10-2024T13:31:25 - [MESSAGE][PASSED] - Object 'Object Repository/APAC_University/SIM_University/Button_Enquiry' is clickable

24-10-2024T13:31:25 - [TEST_STEP][PASSED] - click(findTestObject("Object Repository/APAC_University/SIM_University/Button_Enquiry")): Object: 'Object Repository/APAC_University/SIM_University/Button_Enquiry' is clicked on

24-10-2024T13:31:26 - [MESSAGE][PASSED] - Object: 'Object Repository/APAC_University/SIM_University/Button_Enquiry' is clicked on

24-10-2024T13:31:26 - [TEST_STEP][PASSED] - callTestCase(findTestCase("Test Cases/APAC_Universities/SEO_PAGES/SIM_University/Resuable_Testcases/Lead_Form"), [:], STOP_ON_FAILURE): Call Test Case 'Test Cases/APAC_Universities/SEO_PAGES/SIM_University/Resuable_Testcases/Lead_Form' successfully

24-10-2024T13:31:26 - [TEST_CASE][PASSED] - Test Cases/APAC_Universities/SEO_PAGES/SIM_University/Resuable_Testcases/Lead_Form: Test Cases/APAC_Universities/SEO_PAGES/SIM_University/Resuable_Testcases/Lead_Form

24-10-2024T13:31:26 - [TEST_STEP][PASSED] - selectTestObject = findTestObject("Object Repository/APAC_University/SIM_University/Dropdown_Program"): null

24-10-2024T13:31:26 - [TEST_STEP][PASSED] - selectElement = findWebElement(selectTestObject, 0): Found web element by test object Object Repository/APAC_University/SIM_University/Dropdown_Program

24-10-2024T13:31:26 - [MESSAGE][WARNING] - Timeout '0' is invalid. Using default page load timeout: '30'

24-10-2024T13:31:26 - [MESSAGE][PASSED] - Found web element by test object Object Repository/APAC_University/SIM_University/Dropdown_Program

24-10-2024T13:31:26 - [TEST_STEP][PASSED] - select = new org.openqa.selenium.support.ui.Select(selectElement): null

24-10-2024T13:31:26 - [TEST_STEP][PASSED] - optionsrandom = select.getOptions(): null

24-10-2024T13:31:27 - [TEST_STEP][PASSED] - validOptions = optionsrandom.findAll({ -> ... }): null

24-10-2024T13:31:27 - [TEST_STEP][PASSED] - randomdropdown = new java.util.Random(): null

24-10-2024T13:31:27 - [TEST_STEP][PASSED] - randomOptiondropdown = validOptions[randomdropdown.nextInt(validOptions.size())]: null

24-10-2024T13:31:27 - [TEST_STEP][PASSED] - select.selectByValue(randomOptiondropdown.getAttribute("value")): null

24-10-2024T13:31:27 - [TEST_STEP][PASSED] - delay(3): Delayed 3 second(s)

24-10-2024T13:31:30 - [MESSAGE][PASSED] - Delayed 3 second(s)

24-10-2024T13:31:30 - [TEST_STEP][PASSED] - FirstName = keyPathPackage.customKeywords.generateRandomFirstName(): keyPathPackage.customKeywords.generateRandomFirstName is PASSED

24-10-2024T13:31:30 - [MESSAGE][PASSED] - keyPathPackage.customKeywords.generateRandomFirstName is PASSED

24-10-2024T13:31:30 - [TEST_STEP][PASSED] - setText(findTestObject("Object Repository/APAC_University/SIM_University/Field_Firstname"), FirstName): Text 'Harris' is set on object 'Object Repository/APAC_University/SIM_University/Field_Firstname'

24-10-2024T13:31:30 - [MESSAGE][PASSED] - Text 'Harris' is set on object 'Object Repository/APAC_University/SIM_University/Field_Firstname'

24-10-2024T13:31:30 - [TEST_STEP][PASSED] - LastName = keyPathPackage.customKeywords.generateRandomLastName(): keyPathPackage.customKeywords.generateRandomLastName is PASSED

24-10-2024T13:31:30 - [MESSAGE][PASSED] - keyPathPackage.customKeywords.generateRandomLastName is PASSED

24-10-2024T13:31:30 - [TEST_STEP][PASSED] - setText(findTestObject("Object Repository/APAC_University/SIM_University/Field_Lastname"), LastName): Text 'Testing Howell' is set on object 'Object Repository/APAC_University/SIM_University/Field_Lastname'

24-10-2024T13:31:31 - [MESSAGE][PASSED] - Text 'Testing Howell' is set on object 'Object Repository/APAC_University/SIM_University/Field_Lastname'

24-10-2024T13:31:31 - [TEST_STEP][PASSED] - waitForElementClickable(findTestObject("Object Repository/APAC_University/SIM_University/Button_Nextstep1"), 10): Object 'Object Repository/APAC_University/SIM_University/Button_Nextstep1' is clickable

24-10-2024T13:31:31 - [MESSAGE][PASSED] - Object 'Object Repository/APAC_University/SIM_University/Button_Nextstep1' is clickable

24-10-2024T13:31:31 - [TEST_STEP][PASSED] - click(findTestObject("Object Repository/APAC_University/SIM_University/Button_Nextstep1")): Object: 'Object Repository/APAC_University/SIM_University/Button_Nextstep1' is clicked on

24-10-2024T13:31:31 - [MESSAGE][PASSED] - Object: 'Object Repository/APAC_University/SIM_University/Button_Nextstep1' is clicked on

24-10-2024T13:31:31 - [TEST_STEP][PASSED] - startdate = findTestObject("Object Repository/APAC_University/SIM_University/Dropdown_Startdate"): null

24-10-2024T13:31:31 - [TEST_STEP][PASSED] - selectOptionByIndex(startdate, keyPathPackage.customKeywords.selectRandomOptionFromDropdown()): All options with index in [2] are selected on object 'Object Repository/APAC_University/SIM_University/Dropdown_Startdate'

24-10-2024T13:31:31 - [MESSAGE][PASSED] - keyPathPackage.customKeywords.selectRandomOptionFromDropdown is PASSED

24-10-2024T13:31:32 - [MESSAGE][PASSED] - All options with index in [2] are selected on object 'Object Repository/APAC_University/SIM_University/Dropdown_Startdate'

24-10-2024T13:31:32 - [TEST_STEP][PASSED] - Enquiry = findTestObject("Object Repository/APAC_University/SIM_University/Dropdown_Enquiry"): null

24-10-2024T13:31:32 - [TEST_STEP][PASSED] - selectOptionByIndex(Enquiry, keyPathPackage.customKeywords.selectRandomOptionFromDropdown()): All options with index in [2] are selected on object 'Object Repository/APAC_University/SIM_University/Dropdown_Enquiry'

24-10-2024T13:31:32 - [MESSAGE][PASSED] - keyPathPackage.customKeywords.selectRandomOptionFromDropdown is PASSED

24-10-2024T13:31:33 - [MESSAGE][PASSED] - All options with index in [2] are selected on object 'Object Repository/APAC_University/SIM_University/Dropdown_Enquiry'

24-10-2024T13:31:33 - [TEST_STEP][PASSED] - dropdown = findTestObject("Object Repository/APAC_University/SIM_University/Dropdown_Education"): null

24-10-2024T13:31:33 - [TEST_STEP][PASSED] - options = ["High school", "Diploma", "Bachelors degree", "Postgraduate diploma", "Masters Degree"]: null

24-10-2024T13:31:33 - [TEST_STEP][PASSED] - randomOption = options[Random().nextInt(length)]: null

24-10-2024T13:31:33 - [TEST_STEP][PASSED] - selectOptionByValue(dropdown, randomOption, true): All options with value 'Masters Degree' are selected in object 'Object Repository/APAC_University/SIM_University/Dropdown_Education'  using regular expression

24-10-2024T13:31:34 - [MESSAGE][PASSED] - All options with value 'Masters Degree' are selected in object 'Object Repository/APAC_University/SIM_University/Dropdown_Education'  using regular expression

24-10-2024T13:31:34 - [TEST_STEP][PASSED] - Workexperience = findTestObject("Object Repository/APAC_University/SIM_University/Dropdown_Experience"): null

24-10-2024T13:31:34 - [TEST_STEP][PASSED] - selectOptionByIndex(Workexperience, keyPathPackage.customKeywords.selectRandomOptionFromDropdown()): All options with index in [1] are selected on object 'Object Repository/APAC_University/SIM_University/Dropdown_Experience'

24-10-2024T13:31:34 - [MESSAGE][PASSED] - keyPathPackage.customKeywords.selectRandomOptionFromDropdown is PASSED

24-10-2024T13:31:34 - [MESSAGE][PASSED] - All options with index in [1] are selected on object 'Object Repository/APAC_University/SIM_University/Dropdown_Experience'

24-10-2024T13:31:34 - [TEST_STEP][PASSED] - Englishlevel = findTestObject("Object Repository/APAC_University/SIM_University/Dropdown_English"): null

24-10-2024T13:31:34 - [TEST_STEP][PASSED] - selectOptionByIndex(Englishlevel, keyPathPackage.customKeywords.selectRandomOptionFromDropdown()): All options with index in [2] are selected on object 'Object Repository/APAC_University/SIM_University/Dropdown_English'

24-10-2024T13:31:34 - [MESSAGE][PASSED] - keyPathPackage.customKeywords.selectRandomOptionFromDropdown is PASSED

24-10-2024T13:31:35 - [MESSAGE][PASSED] - All options with index in [2] are selected on object 'Object Repository/APAC_University/SIM_University/Dropdown_English'

24-10-2024T13:31:35 - [TEST_STEP][PASSED] - radioButtonGroup = findTestObject("Object Repository/APAC_University/SIM_University/Radiobutton_Years"): null

24-10-2024T13:31:35 - [TEST_STEP][PASSED] - radioButtons = findWebElements(radioButtonGroup, 30): Found web elements by test object Object Repository/APAC_University/SIM_University/Radiobutton_Years

24-10-2024T13:31:35 - [MESSAGE][PASSED] - Found web elements by test object Object Repository/APAC_University/SIM_University/Radiobutton_Years

24-10-2024T13:31:35 - [TEST_STEP][PASSED] - if (radioButtons.size() == 2): null

24-10-2024T13:31:35 - [TEST_STEP][PASSED] - random = new java.util.Random(): null

24-10-2024T13:31:35 - [TEST_STEP][PASSED] - randomIndex = random.nextInt(2): null

24-10-2024T13:31:35 - [TEST_STEP][PASSED] - randomRadioButton = radioButtons.get(randomIndex): null

24-10-2024T13:31:35 - [TEST_STEP][PASSED] - randomRadioButton.click(): null

24-10-2024T13:31:35 - [TEST_STEP][PASSED] - waitForElementClickable(findTestObject("Object Repository/APAC_University/SIM_University/Button_Nextstep2"), 10): Object 'Object Repository/APAC_University/SIM_University/Button_Nextstep2' is clickable

24-10-2024T13:31:36 - [MESSAGE][PASSED] - Object 'Object Repository/APAC_University/SIM_University/Button_Nextstep2' is clickable

24-10-2024T13:31:36 - [TEST_STEP][PASSED] - click(findTestObject("Object Repository/APAC_University/SIM_University/Button_Nextstep2")): Object: 'Object Repository/APAC_University/SIM_University/Button_Nextstep2' is clicked on

24-10-2024T13:31:36 - [MESSAGE][PASSED] - Object: 'Object Repository/APAC_University/SIM_University/Button_Nextstep2' is clicked on

24-10-2024T13:31:36 - [TEST_STEP][PASSED] - Phonenumber = keyPathPackage.customKeywords.generateRandomMalaysianPhoneNumber(): keyPathPackage.customKeywords.generateRandomMalaysianPhoneNumber is PASSED

24-10-2024T13:31:36 - [MESSAGE][PASSED] - keyPathPackage.customKeywords.generateRandomMalaysianPhoneNumber is PASSED

24-10-2024T13:31:36 - [TEST_STEP][PASSED] - setText(findTestObject("Object Repository/APAC_University/SIM_University/Field_Phonenumber"), Phonenumber): Text '126512630' is set on object 'Object Repository/APAC_University/SIM_University/Field_Phonenumber'

24-10-2024T13:31:37 - [MESSAGE][PASSED] - Text '126512630' is set on object 'Object Repository/APAC_University/SIM_University/Field_Phonenumber'

24-10-2024T13:31:37 - [TEST_STEP][PASSED] - Email = keyPathPackage.customKeywords.generateRandomEmail(): keyPathPackage.customKeywords.generateRandomEmail is PASSED

24-10-2024T13:31:37 - [MESSAGE][PASSED] - keyPathPackage.customKeywords.generateRandomEmail is PASSED

24-10-2024T13:31:37 - [TEST_STEP][PASSED] - setText(findTestObject("Object Repository/APAC_University/SIM_University/Field_Email"), Email): Text 'cleo.ernser@yahoo.com' is set on object 'Object Repository/APAC_University/SIM_University/Field_Email'

24-10-2024T13:31:38 - [MESSAGE][PASSED] - Text 'cleo.ernser@yahoo.com' is set on object 'Object Repository/APAC_University/SIM_University/Field_Email'

24-10-2024T13:31:38 - [TEST_STEP][PASSED] - Postcode = keyPathPackage.customKeywords.selectRandomSingaporePostCode(): keyPathPackage.customKeywords.selectRandomSingaporePostCode is PASSED

24-10-2024T13:31:38 - [MESSAGE][PASSED] - keyPathPackage.customKeywords.selectRandomSingaporePostCode is PASSED

24-10-2024T13:31:38 - [TEST_STEP][PASSED] - setText(findTestObject("Object Repository/APAC_University/SIM_University/Field_Postcode"), Postcode): Text '572824' is set on object 'Object Repository/APAC_University/SIM_University/Field_Postcode'

24-10-2024T13:31:38 - [MESSAGE][PASSED] - Text '572824' is set on object 'Object Repository/APAC_University/SIM_University/Field_Postcode'

24-10-2024T13:31:38 - [TEST_STEP][PASSED] - waitForElementClickable(findTestObject("Object Repository/APAC_University/SIM_University/Button_Submit"), 10): Object 'Object Repository/APAC_University/SIM_University/Button_Submit' is clickable

24-10-2024T13:31:38 - [MESSAGE][PASSED] - Object 'Object Repository/APAC_University/SIM_University/Button_Submit' is clickable

24-10-2024T13:31:38 - [TEST_STEP][PASSED] - click(findTestObject("Object Repository/APAC_University/SIM_University/Button_Submit")): Object: 'Object Repository/APAC_University/SIM_University/Button_Submit' is clicked on

24-10-2024T13:31:39 - [MESSAGE][PASSED] - Object: 'Object Repository/APAC_University/SIM_University/Button_Submit' is clicked on

24-10-2024T13:31:39 - [MESSAGE][PASSED] - Call Test Case 'Test Cases/APAC_Universities/SEO_PAGES/SIM_University/Resuable_Testcases/Lead_Form' successfully

24-10-2024T13:31:39 - [TEST_STEP][PASSED] - closeBrowser(): Browser is closed

24-10-2024T13:31:39 - [MESSAGE][PASSED] - Browser is closed]]></system-out>
         <system-err><![CDATA[]]></system-err>
      </testcase>
      <system-out><![CDATA[24-10-2024T13:20:22 - [TEST_SUITE][ERROR] - Keypath_Testsuite_APAC_SEO: Test Cases/APAC_Universities/SEO_PAGES/MBS_University/Short_Courses FAILED.
Reason:
org.openqa.selenium.ElementNotInteractableException: element not interactable
  (Session info: chrome=130.0.6723.59)
Build info: version: '3.141.59', revision: 'unknown', time: 'unknown'
System info: host: 'Madhans-MacBook-Pro.local', ip: '2401:d002:ab04:5000:a403:b65e:885e:e485%en0', os.name: 'Mac OS X', os.arch: 'aarch64', os.version: '14.3.1', java.version: '17.0.7'
Driver info: com.kms.katalon.selenium.driver.CChromeDriver
Capabilities {acceptInsecureCerts: false, browserName: chrome, browserVersion: 130.0.6723.59, chrome: {chromedriverVersion: 130.0.6723.69 (3ec172b971b9..., userDataDir: /var/folders/81/jk91fm7j2_5...}, fedcm:accounts: true, goog:chromeOptions: {debuggerAddress: localhost:59459}, javascriptEnabled: true, networkConnectionEnabled: false, pageLoadStrategy: normal, platform: MAC, platformName: MAC, proxy: Proxy(), setWindowRect: true, strictFileInteractability: false, timeouts: {implicit: 0, pageLoad: 300000, script: 30000}, unhandledPromptBehavior: dismiss and notify, webauthn:extension:credBlob: true, webauthn:extension:largeBlob: true, webauthn:extension:minPinLength: true, webauthn:extension:prf: true, webauthn:virtualAuthenticators: true}
Session ID: bc47c46b10f8e833141387eee15a1bf5
	at java.base/jdk.internal.reflect.NativeConstructorAccessorImpl.newInstance0(Native Method)
	at java.base/jdk.internal.reflect.NativeConstructorAccessorImpl.newInstance(NativeConstructorAccessorImpl.java:77)
	at java.base/jdk.internal.reflect.DelegatingConstructorAccessorImpl.newInstance(DelegatingConstructorAccessorImpl.java:45)
	at org.openqa.selenium.remote.http.W3CHttpResponseCodec.createException(W3CHttpResponseCodec.java:187)
	at org.openqa.selenium.remote.http.W3CHttpResponseCodec.decode(W3CHttpResponseCodec.java:122)
	at org.openqa.selenium.remote.http.W3CHttpResponseCodec.decode(W3CHttpResponseCodec.java:49)
	at org.openqa.selenium.remote.HttpCommandExecutor.execute(HttpCommandExecutor.java:158)
	at org.openqa.selenium.remote.service.DriverCommandExecutor.execute(DriverCommandExecutor.java:83)
	at org.openqa.selenium.remote.RemoteWebDriver.execute(RemoteWebDriver.java:552)
	at com.kms.katalon.selenium.driver.CChromeDriver.execute(CChromeDriver.java:19)
	at org.openqa.selenium.remote.RemoteWebElement.execute(RemoteWebElement.java:285)
	at org.openqa.selenium.remote.RemoteWebElement.click(RemoteWebElement.java:84)
	at jdk.internal.reflect.GeneratedMethodAccessor16.invoke(Unknown Source)
	at java.base/jdk.internal.reflect.DelegatingMethodAccessorImpl.invoke(DelegatingMethodAccessorImpl.java:43)
	at org.openqa.selenium.support.events.EventFiringWebDriver$EventFiringWebElement.lambda$new$0(EventFiringWebDriver.java:404)
	at jdk.proxy2/jdk.proxy2.$Proxy24.click(Unknown Source)
	at org.openqa.selenium.support.events.EventFiringWebDriver$EventFiringWebElement.click(EventFiringWebDriver.java:417)
	at Short_Courses.run(Short_Courses:55)
	at com.kms.katalon.core.main.ScriptEngine.run(ScriptEngine.java:194)
	at com.kms.katalon.core.main.ScriptEngine.runScriptAsRawText(ScriptEngine.java:119)
	at com.kms.katalon.core.main.TestCaseExecutor.runScript(TestCaseExecutor.java:448)
	at com.kms.katalon.core.main.TestCaseExecutor.doExecute(TestCaseExecutor.java:439)
	at com.kms.katalon.core.main.TestCaseExecutor.processExecutionPhase(TestCaseExecutor.java:418)
	at com.kms.katalon.core.main.TestCaseExecutor.accessMainPhase(TestCaseExecutor.java:410)
	at com.kms.katalon.core.main.TestCaseExecutor.execute(TestCaseExecutor.java:285)
	at com.kms.katalon.core.common.CommonExecutor.accessTestCaseMainPhase(CommonExecutor.java:65)
	at com.kms.katalon.core.main.TestSuiteExecutor.accessTestSuiteMainPhase(TestSuiteExecutor.java:150)
	at com.kms.katalon.core.main.TestSuiteExecutor.execute(TestSuiteExecutor.java:106)
	at com.kms.katalon.core.main.TestCaseMain.startTestSuite(TestCaseMain.java:180)
	at TempTestSuite1729736418037.run(TempTestSuite1729736418037.groovy:35)
	at java.base/jdk.internal.reflect.NativeMethodAccessorImpl.invoke0(Native Method)
	at java.base/jdk.internal.reflect.NativeMethodAccessorImpl.invoke(NativeMethodAccessorImpl.java:77)
	at java.base/jdk.internal.reflect.DelegatingMethodAccessorImpl.invoke(DelegatingMethodAccessorImpl.java:43)]]></system-out>
      <system-err><![CDATA[24-10-2024T13:20:22 - [TEST_SUITE][ERROR] - Keypath_Testsuite_APAC_SEO: Test Cases/APAC_Universities/SEO_PAGES/MBS_University/Short_Courses FAILED.
Reason:
org.openqa.selenium.ElementNotInteractableException: element not interactable
  (Session info: chrome=130.0.6723.59)
Build info: version: '3.141.59', revision: 'unknown', time: 'unknown'
System info: host: 'Madhans-MacBook-Pro.local', ip: '2401:d002:ab04:5000:a403:b65e:885e:e485%en0', os.name: 'Mac OS X', os.arch: 'aarch64', os.version: '14.3.1', java.version: '17.0.7'
Driver info: com.kms.katalon.selenium.driver.CChromeDriver
Capabilities {acceptInsecureCerts: false, browserName: chrome, browserVersion: 130.0.6723.59, chrome: {chromedriverVersion: 130.0.6723.69 (3ec172b971b9..., userDataDir: /var/folders/81/jk91fm7j2_5...}, fedcm:accounts: true, goog:chromeOptions: {debuggerAddress: localhost:59459}, javascriptEnabled: true, networkConnectionEnabled: false, pageLoadStrategy: normal, platform: MAC, platformName: MAC, proxy: Proxy(), setWindowRect: true, strictFileInteractability: false, timeouts: {implicit: 0, pageLoad: 300000, script: 30000}, unhandledPromptBehavior: dismiss and notify, webauthn:extension:credBlob: true, webauthn:extension:largeBlob: true, webauthn:extension:minPinLength: true, webauthn:extension:prf: true, webauthn:virtualAuthenticators: true}
Session ID: bc47c46b10f8e833141387eee15a1bf5
	at java.base/jdk.internal.reflect.NativeConstructorAccessorImpl.newInstance0(Native Method)
	at java.base/jdk.internal.reflect.NativeConstructorAccessorImpl.newInstance(NativeConstructorAccessorImpl.java:77)
	at java.base/jdk.internal.reflect.DelegatingConstructorAccessorImpl.newInstance(DelegatingConstructorAccessorImpl.java:45)
	at org.openqa.selenium.remote.http.W3CHttpResponseCodec.createException(W3CHttpResponseCodec.java:187)
	at org.openqa.selenium.remote.http.W3CHttpResponseCodec.decode(W3CHttpResponseCodec.java:122)
	at org.openqa.selenium.remote.http.W3CHttpResponseCodec.decode(W3CHttpResponseCodec.java:49)
	at org.openqa.selenium.remote.HttpCommandExecutor.execute(HttpCommandExecutor.java:158)
	at org.openqa.selenium.remote.service.DriverCommandExecutor.execute(DriverCommandExecutor.java:83)
	at org.openqa.selenium.remote.RemoteWebDriver.execute(RemoteWebDriver.java:552)
	at com.kms.katalon.selenium.driver.CChromeDriver.execute(CChromeDriver.java:19)
	at org.openqa.selenium.remote.RemoteWebElement.execute(RemoteWebElement.java:285)
	at org.openqa.selenium.remote.RemoteWebElement.click(RemoteWebElement.java:84)
	at jdk.internal.reflect.GeneratedMethodAccessor16.invoke(Unknown Source)
	at java.base/jdk.internal.reflect.DelegatingMethodAccessorImpl.invoke(DelegatingMethodAccessorImpl.java:43)
	at org.openqa.selenium.support.events.EventFiringWebDriver$EventFiringWebElement.lambda$new$0(EventFiringWebDriver.java:404)
	at jdk.proxy2/jdk.proxy2.$Proxy24.click(Unknown Source)
	at org.openqa.selenium.support.events.EventFiringWebDriver$EventFiringWebElement.click(EventFiringWebDriver.java:417)
	at Short_Courses.run(Short_Courses:55)
	at com.kms.katalon.core.main.ScriptEngine.run(ScriptEngine.java:194)
	at com.kms.katalon.core.main.ScriptEngine.runScriptAsRawText(ScriptEngine.java:119)
	at com.kms.katalon.core.main.TestCaseExecutor.runScript(TestCaseExecutor.java:448)
	at com.kms.katalon.core.main.TestCaseExecutor.doExecute(TestCaseExecutor.java:439)
	at com.kms.katalon.core.main.TestCaseExecutor.processExecutionPhase(TestCaseExecutor.java:418)
	at com.kms.katalon.core.main.TestCaseExecutor.accessMainPhase(TestCaseExecutor.java:410)
	at com.kms.katalon.core.main.TestCaseExecutor.execute(TestCaseExecutor.java:285)
	at com.kms.katalon.core.common.CommonExecutor.accessTestCaseMainPhase(CommonExecutor.java:65)
	at com.kms.katalon.core.main.TestSuiteExecutor.accessTestSuiteMainPhase(TestSuiteExecutor.java:150)
	at com.kms.katalon.core.main.TestSuiteExecutor.execute(TestSuiteExecutor.java:106)
	at com.kms.katalon.core.main.TestCaseMain.startTestSuite(TestCaseMain.java:180)
	at TempTestSuite1729736418037.run(TempTestSuite1729736418037.groovy:35)
	at java.base/jdk.internal.reflect.NativeMethodAccessorImpl.invoke0(Native Method)
	at java.base/jdk.internal.reflect.NativeMethodAccessorImpl.invoke(NativeMethodAccessorImpl.java:77)
	at java.base/jdk.internal.reflect.DelegatingMethodAccessorImpl.invoke(DelegatingMethodAccessorImpl.java:43)]]></system-err>
   </testsuite>
</testsuites>
