<?xml version="1.0" encoding="UTF-8"?>
<testsuites name="Keypath_Testsuite_APAC_SEO" time="99.936" tests="3" failures="0" errors="0">
   <testsuite name="Keypath_Testsuite_APAC_SEO" tests="3" failures="0" errors="0" time="99.936" skipped="0" timestamp="19-09-2024T09:03:32" hostname="madhansivaraj - 192.168.8.116" id="Test Suites/Keypath_Testsuite_APAC_SEO">
      <properties>
         <property name="deviceName" value=""/>
         <property name="devicePlatform"/>
         <property name="logFolder" value="/Users/madhansivaraj/git/Keypath_Automation_Testing_Mster/Reports/20240919_090327/Keypath_Testsuite_APAC_SEO/20240919_090328"/>
         <property name="logFiles" value="/Users/madhansivaraj/git/Keypath_Automation_Testing_Mster/Reports/20240919_090327/Keypath_Testsuite_APAC_SEO/20240919_090328/execution0.log"/>
         <property name="attachments" value=""/>
         <property name="hostName" value="madhansivaraj - 192.168.8.116"/>
         <property name="os" value="Mac OS X 64bit"/>
         <property name="katalonVersion" value="9.6.0.217"/>
         <property name="browser" value="Chrome 128.0.0.0"/>
         <property name="hostAddress" value="192.168.8.116"/>
         <property name="sessionId" value="b41fcff518b015811a14097bdb979b0d"/>
         <property name="seleniumVersion" value="3.141.59"/>
         <property name="proxyInformation" value="ProxyInformation { proxyOption=NO_PROXY, proxyServerType=HTTP, username=, password=********, proxyServerAddress=, proxyServerPort=0, executionList=&quot;&quot;, isApplyToDesiredCapabilities=true }"/>
         <property name="platform" value="Mac OS X"/>
      </properties>
      <testcase name="Test Cases/APAC_Universities/SEO_PAGES/MBS_University/Degree_Programs" time="30.34" classname="Test Cases/APAC_Universities/SEO_PAGES/MBS_University/Degree_Programs" status="PASSED">
         <system-out><![CDATA[19-09-2024T09:03:32 - [TEST_CASE][PASSED] - Test Cases/APAC_Universities/SEO_PAGES/MBS_University/Degree_Programs: Test Cases/APAC_Universities/SEO_PAGES/MBS_University/Degree_Programs

19-09-2024T09:03:32 - [TEST_STEP][PASSED] - callTestCase(findTestCase("Test Cases/APAC_Universities/SEO_PAGES/MBS_University/Resuable_Testcases/Navigate_URL"), [:], STOP_ON_FAILURE): Call Test Case 'Test Cases/APAC_Universities/SEO_PAGES/MBS_University/Resuable_Testcases/Navigate_URL' successfully

19-09-2024T09:03:32 - [TEST_CASE][PASSED] - Test Cases/APAC_Universities/SEO_PAGES/MBS_University/Resuable_Testcases/Navigate_URL: Test Cases/APAC_Universities/SEO_PAGES/MBS_University/Resuable_Testcases/Navigate_URL

19-09-2024T09:03:32 - [TEST_STEP][PASSED] - openBrowser(""): Browser is opened with url: ''

19-09-2024T09:03:32 - [MESSAGE][INFO] - Starting 'Chrome' driver

19-09-2024T09:03:32 - [MESSAGE][INFO] - Action delay is set to 0 milliseconds

19-09-2024T09:03:34 - [MESSAGE][PASSED] - Browser is opened with url: ''

19-09-2024T09:03:34 - [TEST_STEP][PASSED] - navigateToUrl(University_MBS): Navigate to 'https://key:path@dev-mbs-mkt.pantheonsite.io/' successfully

19-09-2024T09:03:37 - [MESSAGE][PASSED] - Navigate to 'https://key:path@dev-mbs-mkt.pantheonsite.io/' successfully

19-09-2024T09:03:37 - [TEST_STEP][PASSED] - maximizeWindow(): Current window maximized

19-09-2024T09:03:38 - [MESSAGE][PASSED] - Current window maximized

19-09-2024T09:03:38 - [MESSAGE][PASSED] - Call Test Case 'Test Cases/APAC_Universities/SEO_PAGES/MBS_University/Resuable_Testcases/Navigate_URL' successfully

19-09-2024T09:03:38 - [TEST_STEP][PASSED] - buttonObject = findTestObject("Object Repository/APAC_University/MBS_University/Degree Program/List_DegreePrograms"): null

19-09-2024T09:03:38 - [TEST_STEP][PASSED] - mouseOver(buttonObject): Object: 'Object Repository/APAC_University/MBS_University/Degree Program/List_DegreePrograms' is hovered

19-09-2024T09:03:38 - [MESSAGE][PASSED] - Object: 'Object Repository/APAC_University/MBS_University/Degree Program/List_DegreePrograms' is hovered

19-09-2024T09:03:38 - [TEST_STEP][PASSED] - list1 = findTestObject("Object Repository/APAC_University/MBS_University/Degree Program/DegreePrograms_ListOne"): null

19-09-2024T09:03:38 - [TEST_STEP][PASSED] - list2 = findTestObject("Object Repository/APAC_University/MBS_University/Degree Program/DegreePrograms_Listtwo"): null

19-09-2024T09:03:38 - [TEST_STEP][PASSED] - list3 = findTestObject("Object Repository/APAC_University/MBS_University/Degree Program/DegreePrograms_Listthree"): null

19-09-2024T09:03:38 - [TEST_STEP][PASSED] - list4 = findTestObject("Object Repository/APAC_University/MBS_University/Degree Program/DegreePrograms_Listfour"): null

19-09-2024T09:03:38 - [TEST_STEP][PASSED] - lists = [list1, list2, list3, list4]: null

19-09-2024T09:03:38 - [TEST_STEP][PASSED] - rand = new java.util.Random(): null

19-09-2024T09:03:38 - [TEST_STEP][PASSED] - randomListIndex = rand.nextInt(lists.size()): null

19-09-2024T09:03:38 - [TEST_STEP][PASSED] - selectedList = lists.get(randomListIndex): null

19-09-2024T09:03:38 - [TEST_STEP][PASSED] - waitForElementVisible(selectedList, 10): Object 'Object Repository/APAC_University/MBS_University/Degree Program/DegreePrograms_Listtwo' is visible

19-09-2024T09:03:38 - [MESSAGE][PASSED] - Object 'Object Repository/APAC_University/MBS_University/Degree Program/DegreePrograms_Listtwo' is visible

19-09-2024T09:03:38 - [TEST_STEP][PASSED] - listItems = findWebElements(selectedList, 30): Found web elements by test object Object Repository/APAC_University/MBS_University/Degree Program/DegreePrograms_Listtwo

19-09-2024T09:03:39 - [MESSAGE][PASSED] - Found web elements by test object Object Repository/APAC_University/MBS_University/Degree Program/DegreePrograms_Listtwo

19-09-2024T09:03:39 - [TEST_STEP][PASSED] - if (listItems.size() > 0): null

19-09-2024T09:03:39 - [TEST_STEP][PASSED] - randomItemIndex = rand.nextInt(listItems.size()): null

19-09-2024T09:03:39 - [TEST_STEP][PASSED] - randomItem = listItems.get(randomItemIndex): null

19-09-2024T09:03:39 - [TEST_STEP][PASSED] - randomItem.click(): null

19-09-2024T09:03:42 - [TEST_STEP][PASSED] - FirstName = keyPathPackage.customKeywords.generateRandomFirstName(): keyPathPackage.customKeywords.generateRandomFirstName is PASSED

19-09-2024T09:03:42 - [MESSAGE][PASSED] - keyPathPackage.customKeywords.generateRandomFirstName is PASSED

19-09-2024T09:03:42 - [TEST_STEP][PASSED] - setText(findTestObject("Object Repository/APAC_University/MBS_University/Degree Program/Field_Firstname"), FirstName): Text 'Berenice' is set on object 'Object Repository/APAC_University/MBS_University/Degree Program/Field_Firstname'

19-09-2024T09:03:45 - [MESSAGE][PASSED] - Text 'Berenice' is set on object 'Object Repository/APAC_University/MBS_University/Degree Program/Field_Firstname'

19-09-2024T09:03:45 - [TEST_STEP][PASSED] - LastName = keyPathPackage.customKeywords.generateRandomLastName(): keyPathPackage.customKeywords.generateRandomLastName is PASSED

19-09-2024T09:03:45 - [MESSAGE][PASSED] - keyPathPackage.customKeywords.generateRandomLastName is PASSED

19-09-2024T09:03:45 - [TEST_STEP][PASSED] - setText(findTestObject("Object Repository/APAC_University/MBS_University/Degree Program/Field_Lastname"), LastName): Text 'Testing Kirlin' is set on object 'Object Repository/APAC_University/MBS_University/Degree Program/Field_Lastname'

19-09-2024T09:03:45 - [MESSAGE][PASSED] - Text 'Testing Kirlin' is set on object 'Object Repository/APAC_University/MBS_University/Degree Program/Field_Lastname'

19-09-2024T09:03:45 - [TEST_STEP][PASSED] - click(findTestObject("Object Repository/APAC_University/MBS_University/Degree Program/Button_NextStep2")): Object: 'Object Repository/APAC_University/MBS_University/Degree Program/Button_NextStep2' is clicked on

19-09-2024T09:03:46 - [MESSAGE][PASSED] - Object: 'Object Repository/APAC_University/MBS_University/Degree Program/Button_NextStep2' is clicked on

19-09-2024T09:03:46 - [TEST_STEP][PASSED] - dropdown = findTestObject("Object Repository/APAC_University/MBS_University/Degree Program/Dropdown_Bachelor_Experience"): null

19-09-2024T09:03:46 - [TEST_STEP][PASSED] - options = ["yes", "no"]: null

19-09-2024T09:03:46 - [TEST_STEP][PASSED] - randomOption = options[Random().nextInt(length)]: null

19-09-2024T09:03:46 - [TEST_STEP][PASSED] - selectOptionByValue(dropdown, randomOption, true): All options with value 'no' are selected in object 'Object Repository/APAC_University/MBS_University/Degree Program/Dropdown_Bachelor_Experience'  using regular expression

19-09-2024T09:03:48 - [MESSAGE][PASSED] - All options with value 'no' are selected in object 'Object Repository/APAC_University/MBS_University/Degree Program/Dropdown_Bachelor_Experience'  using regular expression

19-09-2024T09:03:48 - [TEST_STEP][PASSED] - if (randomOption.equals("no")): All options with index in [1] are selected on object 'Object Repository/APAC_University/MBS_University/Degree Program/Dropdown_Workexperience'

19-09-2024T09:03:48 - [TEST_STEP][PASSED] - delay(3): Delayed 3 second(s)

19-09-2024T09:03:51 - [MESSAGE][PASSED] - Delayed 3 second(s)

19-09-2024T09:03:51 - [TEST_STEP][PASSED] - WorkExperience = findTestObject("Object Repository/APAC_University/MBS_University/Degree Program/Dropdown_Workexperience"): null

19-09-2024T09:03:51 - [TEST_STEP][PASSED] - selectOptionByIndex(WorkExperience, 1): All options with index in [1] are selected on object 'Object Repository/APAC_University/MBS_University/Degree Program/Dropdown_Workexperience'

19-09-2024T09:03:52 - [MESSAGE][PASSED] - All options with index in [1] are selected on object 'Object Repository/APAC_University/MBS_University/Degree Program/Dropdown_Workexperience'

19-09-2024T09:03:52 - [TEST_STEP][PASSED] - startdate = findTestObject("Object Repository/APAC_University/MBS_University/Degree Program/Dropdown_Startdate"): null

19-09-2024T09:03:52 - [TEST_STEP][PASSED] - selectOptionByIndex(startdate, keyPathPackage.customKeywords.selectRandomOptionFromDropdown()): All options with index in [1] are selected on object 'Object Repository/APAC_University/MBS_University/Degree Program/Dropdown_Startdate'

19-09-2024T09:03:52 - [MESSAGE][PASSED] - keyPathPackage.customKeywords.selectRandomOptionFromDropdown is PASSED

19-09-2024T09:03:53 - [MESSAGE][PASSED] - All options with index in [1] are selected on object 'Object Repository/APAC_University/MBS_University/Degree Program/Dropdown_Startdate'

19-09-2024T09:03:53 - [TEST_STEP][PASSED] - Enquiryreason = findTestObject("Object Repository/APAC_University/MBS_University/Degree Program/Dropdown_Enquiry"): null

19-09-2024T09:03:53 - [TEST_STEP][PASSED] - selectOptionByIndex(Enquiryreason, keyPathPackage.customKeywords.selectRandomOptionFromDropdown()): All options with index in [2] are selected on object 'Object Repository/APAC_University/MBS_University/Degree Program/Dropdown_Enquiry'

19-09-2024T09:03:53 - [MESSAGE][PASSED] - keyPathPackage.customKeywords.selectRandomOptionFromDropdown is PASSED

19-09-2024T09:03:54 - [MESSAGE][PASSED] - All options with index in [2] are selected on object 'Object Repository/APAC_University/MBS_University/Degree Program/Dropdown_Enquiry'

19-09-2024T09:03:54 - [TEST_STEP][PASSED] - delay(2): Delayed 2 second(s)

19-09-2024T09:03:56 - [MESSAGE][PASSED] - Delayed 2 second(s)

19-09-2024T09:03:56 - [TEST_STEP][PASSED] - scrollToElement(findTestObject("Object Repository/APAC_University/MBS_University/Degree Program/Button_NextStep3"), 3): Scroll to object 'Object Repository/APAC_University/MBS_University/Degree Program/Button_NextStep3' successfully

19-09-2024T09:03:57 - [MESSAGE][PASSED] - Scroll to object 'Object Repository/APAC_University/MBS_University/Degree Program/Button_NextStep3' successfully

19-09-2024T09:03:57 - [TEST_STEP][PASSED] - click(findTestObject("Object Repository/APAC_University/MBS_University/Degree Program/Button_NextStep3")): Object: 'Object Repository/APAC_University/MBS_University/Degree Program/Button_NextStep3' is clicked on

19-09-2024T09:03:57 - [MESSAGE][PASSED] - Object: 'Object Repository/APAC_University/MBS_University/Degree Program/Button_NextStep3' is clicked on

19-09-2024T09:03:57 - [TEST_STEP][PASSED] - Email = keyPathPackage.customKeywords.generateRandomEmail(): keyPathPackage.customKeywords.generateRandomEmail is PASSED

19-09-2024T09:03:57 - [MESSAGE][PASSED] - keyPathPackage.customKeywords.generateRandomEmail is PASSED

19-09-2024T09:03:57 - [TEST_STEP][PASSED] - setText(findTestObject("Object Repository/APAC_University/MBS_University/Degree Program/Field_Email"), Email): Text 'elizebeth.kovacek@yahoo.com' is set on object 'Object Repository/APAC_University/MBS_University/Degree Program/Field_Email'

19-09-2024T09:04:00 - [MESSAGE][PASSED] - Text 'elizebeth.kovacek@yahoo.com' is set on object 'Object Repository/APAC_University/MBS_University/Degree Program/Field_Email'

19-09-2024T09:04:00 - [TEST_STEP][PASSED] - Phonenumber = keyPathPackage.customKeywords.generateRandomAustralianPhoneNumber(): keyPathPackage.customKeywords.generateRandomAustralianPhoneNumber is PASSED

19-09-2024T09:04:00 - [MESSAGE][PASSED] - keyPathPackage.customKeywords.generateRandomAustralianPhoneNumber is PASSED

19-09-2024T09:04:00 - [TEST_STEP][PASSED] - setText(findTestObject("Object Repository/APAC_University/MBS_University/Degree Program/Field_Phonenumber"), Phonenumber): Text '0441433386' is set on object 'Object Repository/APAC_University/MBS_University/Degree Program/Field_Phonenumber'

19-09-2024T09:04:00 - [MESSAGE][PASSED] - Text '0441433386' is set on object 'Object Repository/APAC_University/MBS_University/Degree Program/Field_Phonenumber'

19-09-2024T09:04:00 - [TEST_STEP][PASSED] - Postcode = keyPathPackage.customKeywords.selectRandomPostCode(): keyPathPackage.customKeywords.selectRandomPostCode is PASSED

19-09-2024T09:04:00 - [MESSAGE][PASSED] - keyPathPackage.customKeywords.selectRandomPostCode is PASSED

19-09-2024T09:04:00 - [TEST_STEP][PASSED] - setText(findTestObject("Object Repository/APAC_University/MBS_University/Degree Program/Field_Postcode"), Postcode): Text '2834' is set on object 'Object Repository/APAC_University/MBS_University/Degree Program/Field_Postcode'

19-09-2024T09:04:01 - [MESSAGE][PASSED] - Text '2834' is set on object 'Object Repository/APAC_University/MBS_University/Degree Program/Field_Postcode'

19-09-2024T09:04:01 - [TEST_STEP][PASSED] - setText(findTestObject("Object Repository/APAC_University/MBS_University/Degree Program/Field_Postcode"), Postcode): Text '2834' is set on object 'Object Repository/APAC_University/MBS_University/Degree Program/Field_Postcode'

19-09-2024T09:04:02 - [MESSAGE][PASSED] - Text '2834' is set on object 'Object Repository/APAC_University/MBS_University/Degree Program/Field_Postcode'

19-09-2024T09:04:02 - [TEST_STEP][PASSED] - click(findTestObject("Object Repository/APAC_University/MBS_University/Degree Program/Button_Downloadbrochure")): Object: 'Object Repository/APAC_University/MBS_University/Degree Program/Button_Downloadbrochure' is clicked on

19-09-2024T09:04:02 - [MESSAGE][PASSED] - Object: 'Object Repository/APAC_University/MBS_University/Degree Program/Button_Downloadbrochure' is clicked on]]></system-out>
         <system-err><![CDATA[]]></system-err>
      </testcase>
      <testcase name="Test Cases/APAC_Universities/SEO_PAGES/MBS_University/Short_Courses" time="28.814" classname="Test Cases/APAC_Universities/SEO_PAGES/MBS_University/Short_Courses" status="PASSED">
         <system-out><![CDATA[19-09-2024T09:04:02 - [TEST_CASE][PASSED] - Test Cases/APAC_Universities/SEO_PAGES/MBS_University/Short_Courses: Test Cases/APAC_Universities/SEO_PAGES/MBS_University/Short_Courses

19-09-2024T09:04:02 - [TEST_STEP][PASSED] - buttonObject = findTestObject("Object Repository/APAC_University/MBS_University/Short_Courses/List_ShortCourses"): null

19-09-2024T09:04:02 - [TEST_STEP][PASSED] - mouseOver(buttonObject): Object: 'Object Repository/APAC_University/MBS_University/Short_Courses/List_ShortCourses' is hovered

19-09-2024T09:04:11 - [MESSAGE][PASSED] - Object: 'Object Repository/APAC_University/MBS_University/Short_Courses/List_ShortCourses' is hovered

19-09-2024T09:04:11 - [TEST_STEP][PASSED] - list1 = findTestObject("Object Repository/APAC_University/MBS_University/Short_Courses/Shortcourse_Listone"): null

19-09-2024T09:04:11 - [TEST_STEP][PASSED] - list2 = findTestObject("Object Repository/APAC_University/MBS_University/Short_Courses/Shortcourse_Listtwo"): null

19-09-2024T09:04:11 - [TEST_STEP][PASSED] - list3 = findTestObject("Object Repository/APAC_University/MBS_University/Short_Courses/Shortcourse_Listthree"): null

19-09-2024T09:04:11 - [TEST_STEP][PASSED] - lists = [list1, list2, list3]: null

19-09-2024T09:04:11 - [TEST_STEP][PASSED] - rand = new java.util.Random(): null

19-09-2024T09:04:11 - [TEST_STEP][PASSED] - randomListIndex = rand.nextInt(lists.size()): null

19-09-2024T09:04:11 - [TEST_STEP][PASSED] - selectedList = lists.get(randomListIndex): null

19-09-2024T09:04:11 - [TEST_STEP][PASSED] - waitForElementVisible(selectedList, 10): Object 'Object Repository/APAC_University/MBS_University/Short_Courses/Shortcourse_Listtwo' is visible

19-09-2024T09:04:12 - [MESSAGE][PASSED] - Object 'Object Repository/APAC_University/MBS_University/Short_Courses/Shortcourse_Listtwo' is visible

19-09-2024T09:04:12 - [TEST_STEP][PASSED] - listItems = findWebElements(selectedList, 30): Found web elements by test object Object Repository/APAC_University/MBS_University/Short_Courses/Shortcourse_Listtwo

19-09-2024T09:04:13 - [MESSAGE][PASSED] - Found web elements by test object Object Repository/APAC_University/MBS_University/Short_Courses/Shortcourse_Listtwo

19-09-2024T09:04:13 - [TEST_STEP][PASSED] - if (listItems.size() > 0): null

19-09-2024T09:04:13 - [TEST_STEP][PASSED] - randomItemIndex = rand.nextInt(listItems.size()): null

19-09-2024T09:04:13 - [TEST_STEP][PASSED] - randomItem = listItems.get(randomItemIndex): null

19-09-2024T09:04:13 - [TEST_STEP][PASSED] - randomItem.click(): null

19-09-2024T09:04:14 - [TEST_STEP][PASSED] - FirstName = keyPathPackage.customKeywords.generateRandomFirstName(): keyPathPackage.customKeywords.generateRandomFirstName is PASSED

19-09-2024T09:04:14 - [MESSAGE][PASSED] - keyPathPackage.customKeywords.generateRandomFirstName is PASSED

19-09-2024T09:04:14 - [TEST_STEP][PASSED] - setText(findTestObject("Object Repository/APAC_University/MBS_University/Short_Courses/Field_Firstname"), FirstName): Text 'Ellis' is set on object 'Object Repository/APAC_University/MBS_University/Short_Courses/Field_Firstname'

19-09-2024T09:04:18 - [MESSAGE][PASSED] - Text 'Ellis' is set on object 'Object Repository/APAC_University/MBS_University/Short_Courses/Field_Firstname'

19-09-2024T09:04:18 - [TEST_STEP][PASSED] - LastName = keyPathPackage.customKeywords.generateRandomLastName(): keyPathPackage.customKeywords.generateRandomLastName is PASSED

19-09-2024T09:04:18 - [MESSAGE][PASSED] - keyPathPackage.customKeywords.generateRandomLastName is PASSED

19-09-2024T09:04:18 - [TEST_STEP][PASSED] - setText(findTestObject("Object Repository/APAC_University/MBS_University/Short_Courses/Field_Lastname"), LastName): Text 'Testing Schmeler' is set on object 'Object Repository/APAC_University/MBS_University/Short_Courses/Field_Lastname'

19-09-2024T09:04:18 - [MESSAGE][PASSED] - Text 'Testing Schmeler' is set on object 'Object Repository/APAC_University/MBS_University/Short_Courses/Field_Lastname'

19-09-2024T09:04:18 - [TEST_STEP][PASSED] - Email = keyPathPackage.customKeywords.generateRandomEmail(): keyPathPackage.customKeywords.generateRandomEmail is PASSED

19-09-2024T09:04:18 - [MESSAGE][PASSED] - keyPathPackage.customKeywords.generateRandomEmail is PASSED

19-09-2024T09:04:18 - [TEST_STEP][PASSED] - setText(findTestObject("Object Repository/APAC_University/MBS_University/Short_Courses/Field_Email"), Email): Text 'myrle.prohaska@hotmail.com' is set on object 'Object Repository/APAC_University/MBS_University/Short_Courses/Field_Email'

19-09-2024T09:04:19 - [MESSAGE][PASSED] - Text 'myrle.prohaska@hotmail.com' is set on object 'Object Repository/APAC_University/MBS_University/Short_Courses/Field_Email'

19-09-2024T09:04:19 - [TEST_STEP][PASSED] - Phonenumber = keyPathPackage.customKeywords.generateRandomAustralianPhoneNumber(): keyPathPackage.customKeywords.generateRandomAustralianPhoneNumber is PASSED

19-09-2024T09:04:19 - [MESSAGE][PASSED] - keyPathPackage.customKeywords.generateRandomAustralianPhoneNumber is PASSED

19-09-2024T09:04:19 - [TEST_STEP][PASSED] - setText(findTestObject("Object Repository/APAC_University/MBS_University/Short_Courses/Field_Phonenumber"), Phonenumber): Text '0421599851' is set on object 'Object Repository/APAC_University/MBS_University/Short_Courses/Field_Phonenumber'

19-09-2024T09:04:19 - [MESSAGE][PASSED] - Text '0421599851' is set on object 'Object Repository/APAC_University/MBS_University/Short_Courses/Field_Phonenumber'

19-09-2024T09:04:19 - [TEST_STEP][PASSED] - Company = keyPathPackage.customKeywords.selectRandomCompany(): keyPathPackage.customKeywords.selectRandomCompany is PASSED

19-09-2024T09:04:19 - [MESSAGE][PASSED] - keyPathPackage.customKeywords.selectRandomCompany is PASSED

19-09-2024T09:04:19 - [TEST_STEP][PASSED] - setText(findTestObject("Object Repository/APAC_University/MBS_University/Short_Courses/Field_Company"), Company): Text 'Hilpert, Schamberger and Rutherford' is set on object 'Object Repository/APAC_University/MBS_University/Short_Courses/Field_Company'

19-09-2024T09:04:20 - [MESSAGE][PASSED] - Text 'Hilpert, Schamberger and Rutherford' is set on object 'Object Repository/APAC_University/MBS_University/Short_Courses/Field_Company'

19-09-2024T09:04:20 - [TEST_STEP][PASSED] - Role = keyPathPackage.customKeywords.selectRandomRole(): keyPathPackage.customKeywords.selectRandomRole is PASSED

19-09-2024T09:04:20 - [MESSAGE][PASSED] - keyPathPackage.customKeywords.selectRandomRole is PASSED

19-09-2024T09:04:20 - [TEST_STEP][PASSED] - setText(findTestObject("Object Repository/APAC_University/MBS_University/Short_Courses/Field_Role"), Role): Text 'economist' is set on object 'Object Repository/APAC_University/MBS_University/Short_Courses/Field_Role'

19-09-2024T09:04:21 - [MESSAGE][PASSED] - Text 'economist' is set on object 'Object Repository/APAC_University/MBS_University/Short_Courses/Field_Role'

19-09-2024T09:04:21 - [TEST_STEP][PASSED] - click(findTestObject("Object Repository/APAC_University/MBS_University/Short_Courses/Button_Download")): Object: 'Object Repository/APAC_University/MBS_University/Short_Courses/Button_Download' is clicked on

19-09-2024T09:04:25 - [MESSAGE][PASSED] - Object: 'Object Repository/APAC_University/MBS_University/Short_Courses/Button_Download' is clicked on

19-09-2024T09:04:25 - [TEST_STEP][PASSED] - delay(5): Delayed 5 second(s)

19-09-2024T09:04:30 - [MESSAGE][PASSED] - Delayed 5 second(s)

19-09-2024T09:04:30 - [TEST_STEP][PASSED] - verifyElementText(findTestObject("Object Repository/APAC_University/MBS_University/Verify_Message"), "Thanks for your request"): Actual text and expected text of test object 'Object Repository/APAC_University/MBS_University/Verify_Message' are matched.

19-09-2024T09:04:31 - [MESSAGE][PASSED] - Actual text and expected text of test object 'Object Repository/APAC_University/MBS_University/Verify_Message' are matched.]]></system-out>
         <system-err><![CDATA[]]></system-err>
      </testcase>
      <testcase name="Test Cases/APAC_Universities/SEO_PAGES/MBS_University/Enrol_Now" time="40.729" classname="Test Cases/APAC_Universities/SEO_PAGES/MBS_University/Enrol_Now" status="PASSED">
         <system-out><![CDATA[19-09-2024T09:04:31 - [TEST_CASE][PASSED] - Test Cases/APAC_Universities/SEO_PAGES/MBS_University/Enrol_Now: Test Cases/APAC_Universities/SEO_PAGES/MBS_University/Enrol_Now

19-09-2024T09:04:31 - [TEST_STEP][PASSED] - buttonObject = findTestObject("Object Repository/APAC_University/MBS_University/Short_Courses/List_ShortCourses"): null

19-09-2024T09:04:31 - [TEST_STEP][PASSED] - mouseOver(buttonObject): Object: 'Object Repository/APAC_University/MBS_University/Short_Courses/List_ShortCourses' is hovered

19-09-2024T09:04:31 - [MESSAGE][PASSED] - Object: 'Object Repository/APAC_University/MBS_University/Short_Courses/List_ShortCourses' is hovered

19-09-2024T09:04:31 - [TEST_STEP][PASSED] - list1 = findTestObject("Object Repository/APAC_University/MBS_University/Short_Courses/Shortcourse_Listone"): null

19-09-2024T09:04:31 - [TEST_STEP][PASSED] - list2 = findTestObject("Object Repository/APAC_University/MBS_University/Short_Courses/Shortcourse_Listtwo"): null

19-09-2024T09:04:31 - [TEST_STEP][PASSED] - list3 = findTestObject("Object Repository/APAC_University/MBS_University/Short_Courses/Shortcourse_Listthree"): null

19-09-2024T09:04:31 - [TEST_STEP][PASSED] - lists = [list1, list2, list3]: null

19-09-2024T09:04:31 - [TEST_STEP][PASSED] - rand = new java.util.Random(): null

19-09-2024T09:04:31 - [TEST_STEP][PASSED] - randomListIndex = rand.nextInt(lists.size()): null

19-09-2024T09:04:31 - [TEST_STEP][PASSED] - selectedList = lists.get(randomListIndex): null

19-09-2024T09:04:31 - [TEST_STEP][PASSED] - waitForElementVisible(selectedList, 10): Object 'Object Repository/APAC_University/MBS_University/Short_Courses/Shortcourse_Listtwo' is visible

19-09-2024T09:04:32 - [MESSAGE][PASSED] - Object 'Object Repository/APAC_University/MBS_University/Short_Courses/Shortcourse_Listtwo' is visible

19-09-2024T09:04:32 - [TEST_STEP][PASSED] - listItems = findWebElements(selectedList, 30): Found web elements by test object Object Repository/APAC_University/MBS_University/Short_Courses/Shortcourse_Listtwo

19-09-2024T09:04:32 - [MESSAGE][PASSED] - Found web elements by test object Object Repository/APAC_University/MBS_University/Short_Courses/Shortcourse_Listtwo

19-09-2024T09:04:32 - [TEST_STEP][PASSED] - if (listItems.size() > 0): null

19-09-2024T09:04:32 - [TEST_STEP][PASSED] - randomItemIndex = rand.nextInt(listItems.size()): null

19-09-2024T09:04:32 - [TEST_STEP][PASSED] - randomItem = listItems.get(randomItemIndex): null

19-09-2024T09:04:32 - [TEST_STEP][PASSED] - randomItem.click(): null

19-09-2024T09:04:33 - [TEST_STEP][PASSED] - scrollToElement(findTestObject("Object Repository/APAC_University/MBS_University/Enrol_Now/Button_Enrol_Now"), 3): Scroll to object 'Object Repository/APAC_University/MBS_University/Enrol_Now/Button_Enrol_Now' successfully

19-09-2024T09:04:34 - [MESSAGE][PASSED] - Scroll to object 'Object Repository/APAC_University/MBS_University/Enrol_Now/Button_Enrol_Now' successfully

19-09-2024T09:04:34 - [TEST_STEP][PASSED] - waitForElementClickable(findTestObject("Object Repository/APAC_University/MBS_University/Enrol_Now/Button_Enrol_Now"), 20): Object 'Object Repository/APAC_University/MBS_University/Enrol_Now/Button_Enrol_Now' is clickable

19-09-2024T09:04:35 - [MESSAGE][PASSED] - Object 'Object Repository/APAC_University/MBS_University/Enrol_Now/Button_Enrol_Now' is clickable

19-09-2024T09:04:35 - [TEST_STEP][PASSED] - click(findTestObject("Object Repository/APAC_University/MBS_University/Enrol_Now/Button_Enrol_Now")): Object: 'Object Repository/APAC_University/MBS_University/Enrol_Now/Button_Enrol_Now' is clicked on

19-09-2024T09:04:41 - [MESSAGE][PASSED] - Object: 'Object Repository/APAC_University/MBS_University/Enrol_Now/Button_Enrol_Now' is clicked on

19-09-2024T09:04:41 - [TEST_STEP][PASSED] - setText(findTestObject("Object Repository/APAC_University/MBS_University/Enrol_Now/Field_Firstname"), "Testkeypath"): Text 'Testkeypath' is set on object 'Object Repository/APAC_University/MBS_University/Enrol_Now/Field_Firstname'

19-09-2024T09:04:43 - [MESSAGE][PASSED] - Text 'Testkeypath' is set on object 'Object Repository/APAC_University/MBS_University/Enrol_Now/Field_Firstname'

19-09-2024T09:04:43 - [TEST_STEP][PASSED] - setText(findTestObject("Object Repository/APAC_University/MBS_University/Enrol_Now/Field_Secondname"), "Dummy"): Text 'Dummy' is set on object 'Object Repository/APAC_University/MBS_University/Enrol_Now/Field_Secondname'

19-09-2024T09:04:44 - [MESSAGE][PASSED] - Text 'Dummy' is set on object 'Object Repository/APAC_University/MBS_University/Enrol_Now/Field_Secondname'

19-09-2024T09:04:44 - [TEST_STEP][PASSED] - Email = keyPathPackage.customKeywords.generateRandomEmail(): keyPathPackage.customKeywords.generateRandomEmail is PASSED

19-09-2024T09:04:44 - [MESSAGE][PASSED] - keyPathPackage.customKeywords.generateRandomEmail is PASSED

19-09-2024T09:04:44 - [TEST_STEP][PASSED] - setText(findTestObject("Object Repository/APAC_University/MBS_University/Enrol_Now/Field_Email"), Email): Text 'cristen.kerluke@gmail.com' is set on object 'Object Repository/APAC_University/MBS_University/Enrol_Now/Field_Email'

19-09-2024T09:04:44 - [MESSAGE][PASSED] - Text 'cristen.kerluke@gmail.com' is set on object 'Object Repository/APAC_University/MBS_University/Enrol_Now/Field_Email'

19-09-2024T09:04:44 - [TEST_STEP][PASSED] - setText(findTestObject("Object Repository/APAC_University/MBS_University/Enrol_Now/Field_ConfirmEmail"), Email): Text 'cristen.kerluke@gmail.com' is set on object 'Object Repository/APAC_University/MBS_University/Enrol_Now/Field_ConfirmEmail'

19-09-2024T09:04:45 - [MESSAGE][PASSED] - Text 'cristen.kerluke@gmail.com' is set on object 'Object Repository/APAC_University/MBS_University/Enrol_Now/Field_ConfirmEmail'

19-09-2024T09:04:45 - [TEST_STEP][PASSED] - Phonenumber = keyPathPackage.customKeywords.generateRandomAustralianPhoneNumber(): keyPathPackage.customKeywords.generateRandomAustralianPhoneNumber is PASSED

19-09-2024T09:04:45 - [MESSAGE][PASSED] - keyPathPackage.customKeywords.generateRandomAustralianPhoneNumber is PASSED

19-09-2024T09:04:45 - [TEST_STEP][PASSED] - setText(findTestObject("Object Repository/APAC_University/MBS_University/Enrol_Now/Field_Phonenumber"), Phonenumber): Text '0482214416' is set on object 'Object Repository/APAC_University/MBS_University/Enrol_Now/Field_Phonenumber'

19-09-2024T09:04:45 - [MESSAGE][PASSED] - Text '0482214416' is set on object 'Object Repository/APAC_University/MBS_University/Enrol_Now/Field_Phonenumber'

19-09-2024T09:04:45 - [TEST_STEP][PASSED] - check(findTestObject("Object Repository/APAC_University/MBS_University/Enrol_Now/Check_Box")): Object 'Object Repository/APAC_University/MBS_University/Enrol_Now/Check_Box' is checked

19-09-2024T09:04:46 - [MESSAGE][PASSED] - Object 'Object Repository/APAC_University/MBS_University/Enrol_Now/Check_Box' is checked

19-09-2024T09:04:46 - [TEST_STEP][PASSED] - verifyElementChecked(findTestObject("Object Repository/APAC_University/MBS_University/Enrol_Now/Check_Box"), 30): Object 'Object Repository/APAC_University/MBS_University/Enrol_Now/Check_Box' is checked

19-09-2024T09:04:46 - [MESSAGE][PASSED] - Object 'Object Repository/APAC_University/MBS_University/Enrol_Now/Check_Box' is checked

19-09-2024T09:04:46 - [TEST_STEP][PASSED] - scrollToElement(findTestObject("Object Repository/APAC_University/MBS_University/Enrol_Now/Button_Payment"), 3): Scroll to object 'Object Repository/APAC_University/MBS_University/Enrol_Now/Button_Payment' successfully

19-09-2024T09:04:47 - [MESSAGE][PASSED] - Scroll to object 'Object Repository/APAC_University/MBS_University/Enrol_Now/Button_Payment' successfully

19-09-2024T09:04:47 - [TEST_STEP][PASSED] - waitForElementClickable(findTestObject("Object Repository/APAC_University/MBS_University/Enrol_Now/Button_Payment"), 20): Object 'Object Repository/APAC_University/MBS_University/Enrol_Now/Button_Payment' is clickable

19-09-2024T09:04:47 - [MESSAGE][PASSED] - Object 'Object Repository/APAC_University/MBS_University/Enrol_Now/Button_Payment' is clickable

19-09-2024T09:04:47 - [TEST_STEP][PASSED] - click(findTestObject("Object Repository/APAC_University/MBS_University/Enrol_Now/Button_Payment")): Object: 'Object Repository/APAC_University/MBS_University/Enrol_Now/Button_Payment' is clicked on

19-09-2024T09:04:50 - [MESSAGE][PASSED] - Object: 'Object Repository/APAC_University/MBS_University/Enrol_Now/Button_Payment' is clicked on

19-09-2024T09:04:50 - [TEST_STEP][PASSED] - waitForElementPresent(findTestObject("Object Repository/APAC_University/MBS_University/Enrol_Now/Iframe_Cardnumber"), 10): Object 'Object Repository/APAC_University/MBS_University/Enrol_Now/Iframe_Cardnumber' is present

19-09-2024T09:04:51 - [MESSAGE][PASSED] - Object 'Object Repository/APAC_University/MBS_University/Enrol_Now/Iframe_Cardnumber' is present

19-09-2024T09:04:51 - [TEST_STEP][PASSED] - switchToFrame(findTestObject("Object Repository/APAC_University/MBS_University/Enrol_Now/Iframe_Cardnumber"), 10): null

19-09-2024T09:04:52 - [TEST_STEP][PASSED] - setText(findTestObject("Object Repository/APAC_University/MBS_University/Enrol_Now/Field_Cardnumber"), "4111 1111 1111 1111"): Text '4111 1111 1111 1111' is set on object 'Object Repository/APAC_University/MBS_University/Enrol_Now/Field_Cardnumber'

19-09-2024T09:04:52 - [MESSAGE][PASSED] - Text '4111 1111 1111 1111' is set on object 'Object Repository/APAC_University/MBS_University/Enrol_Now/Field_Cardnumber'

19-09-2024T09:04:52 - [TEST_STEP][PASSED] - switchToDefaultContent(): null

19-09-2024T09:04:52 - [TEST_STEP][PASSED] - waitForElementPresent(findTestObject("Object Repository/APAC_University/MBS_University/Enrol_Now/Iframe_Expirydate"), 10): Object 'Object Repository/APAC_University/MBS_University/Enrol_Now/Iframe_Expirydate' is present

19-09-2024T09:04:53 - [MESSAGE][PASSED] - Object 'Object Repository/APAC_University/MBS_University/Enrol_Now/Iframe_Expirydate' is present

19-09-2024T09:04:53 - [TEST_STEP][PASSED] - switchToFrame(findTestObject("Object Repository/APAC_University/MBS_University/Enrol_Now/Iframe_Expirydate"), 10): null

19-09-2024T09:04:53 - [TEST_STEP][PASSED] - Expirydate = keyPathPackage.customKeywords.generateExpiryDate(): keyPathPackage.customKeywords.generateExpiryDate is PASSED

19-09-2024T09:04:53 - [MESSAGE][PASSED] - keyPathPackage.customKeywords.generateExpiryDate is PASSED

19-09-2024T09:04:53 - [TEST_STEP][PASSED] - setText(findTestObject("Object Repository/APAC_University/MBS_University/Enrol_Now/Field_ExpiryDate"), Expirydate): Text '08/27' is set on object 'Object Repository/APAC_University/MBS_University/Enrol_Now/Field_ExpiryDate'

19-09-2024T09:04:53 - [MESSAGE][PASSED] - Text '08/27' is set on object 'Object Repository/APAC_University/MBS_University/Enrol_Now/Field_ExpiryDate'

19-09-2024T09:04:53 - [TEST_STEP][PASSED] - switchToDefaultContent(): null

19-09-2024T09:04:53 - [TEST_STEP][PASSED] - waitForElementPresent(findTestObject("Object Repository/APAC_University/MBS_University/Enrol_Now/Iframe_CVC"), 10): Object 'Object Repository/APAC_University/MBS_University/Enrol_Now/Iframe_CVC' is present

19-09-2024T09:04:53 - [MESSAGE][PASSED] - Object 'Object Repository/APAC_University/MBS_University/Enrol_Now/Iframe_CVC' is present

19-09-2024T09:04:53 - [TEST_STEP][PASSED] - switchToFrame(findTestObject("Object Repository/APAC_University/MBS_University/Enrol_Now/Iframe_CVC"), 10): null

19-09-2024T09:04:53 - [TEST_STEP][PASSED] - CVC = keyPathPackage.customKeywords.generateExpiryDate(): keyPathPackage.customKeywords.generateExpiryDate is PASSED

19-09-2024T09:04:53 - [MESSAGE][PASSED] - keyPathPackage.customKeywords.generateExpiryDate is PASSED

19-09-2024T09:04:53 - [TEST_STEP][PASSED] - setText(findTestObject("Object Repository/APAC_University/MBS_University/Enrol_Now/Field_CVC"), CVC): Text '01/26' is set on object 'Object Repository/APAC_University/MBS_University/Enrol_Now/Field_CVC'

19-09-2024T09:04:53 - [MESSAGE][PASSED] - Text '01/26' is set on object 'Object Repository/APAC_University/MBS_University/Enrol_Now/Field_CVC'

19-09-2024T09:04:53 - [TEST_STEP][PASSED] - switchToDefaultContent(): null

19-09-2024T09:04:53 - [TEST_STEP][PASSED] - check(findTestObject("Object Repository/APAC_University/MBS_University/Enrol_Now/Button_Radio")): Object 'Object Repository/APAC_University/MBS_University/Enrol_Now/Button_Radio' is checked

19-09-2024T09:04:54 - [MESSAGE][PASSED] - Object 'Object Repository/APAC_University/MBS_University/Enrol_Now/Button_Radio' is checked

19-09-2024T09:04:54 - [TEST_STEP][PASSED] - verifyElementChecked(findTestObject("Object Repository/APAC_University/MBS_University/Enrol_Now/Button_Radio"), 30): Object 'Object Repository/APAC_University/MBS_University/Enrol_Now/Button_Radio' is checked

19-09-2024T09:04:54 - [MESSAGE][PASSED] - Object 'Object Repository/APAC_University/MBS_University/Enrol_Now/Button_Radio' is checked

19-09-2024T09:04:54 - [TEST_STEP][PASSED] - Company = keyPathPackage.customKeywords.selectRandomCompany(): keyPathPackage.customKeywords.selectRandomCompany is PASSED

19-09-2024T09:04:54 - [MESSAGE][PASSED] - keyPathPackage.customKeywords.selectRandomCompany is PASSED

19-09-2024T09:04:54 - [TEST_STEP][PASSED] - setText(findTestObject("Object Repository/APAC_University/MBS_University/Enrol_Now/Field_Company"), Company): Text 'Rath, Sipes and Fadel' is set on object 'Object Repository/APAC_University/MBS_University/Enrol_Now/Field_Company'

19-09-2024T09:04:54 - [MESSAGE][PASSED] - Text 'Rath, Sipes and Fadel' is set on object 'Object Repository/APAC_University/MBS_University/Enrol_Now/Field_Company'

19-09-2024T09:04:54 - [TEST_STEP][PASSED] - setText(findTestObject("Object Repository/APAC_University/MBS_University/Enrol_Now/Field_GIvenFIrstName"), "Onlyfortest"): Text 'Onlyfortest' is set on object 'Object Repository/APAC_University/MBS_University/Enrol_Now/Field_GIvenFIrstName'

19-09-2024T09:04:55 - [MESSAGE][PASSED] - Text 'Onlyfortest' is set on object 'Object Repository/APAC_University/MBS_University/Enrol_Now/Field_GIvenFIrstName'

19-09-2024T09:04:55 - [TEST_STEP][PASSED] - setText(findTestObject("Object Repository/APAC_University/MBS_University/Enrol_Now/Field_GivenLastName"), "onlyfortest"): Text 'onlyfortest' is set on object 'Object Repository/APAC_University/MBS_University/Enrol_Now/Field_GivenLastName'

19-09-2024T09:04:56 - [MESSAGE][PASSED] - Text 'onlyfortest' is set on object 'Object Repository/APAC_University/MBS_University/Enrol_Now/Field_GivenLastName'

19-09-2024T09:04:56 - [TEST_STEP][PASSED] - StreetAddress = keyPathPackage.customKeywords.generateRandomAddressLine1(): keyPathPackage.customKeywords.generateRandomAddressLine1 is PASSED

19-09-2024T09:04:56 - [MESSAGE][PASSED] - keyPathPackage.customKeywords.generateRandomAddressLine1 is PASSED

19-09-2024T09:04:56 - [TEST_STEP][PASSED] - setText(findTestObject("Object Repository/APAC_University/MBS_University/Enrol_Now/Field_Address"), StreetAddress): Text '78524 Moriah Locks' is set on object 'Object Repository/APAC_University/MBS_University/Enrol_Now/Field_Address'

19-09-2024T09:04:56 - [MESSAGE][PASSED] - Text '78524 Moriah Locks' is set on object 'Object Repository/APAC_University/MBS_University/Enrol_Now/Field_Address'

19-09-2024T09:04:56 - [TEST_STEP][PASSED] - Suburb = keyPathPackage.customKeywords.generateRandomSuburb(): keyPathPackage.customKeywords.generateRandomSuburb is PASSED

19-09-2024T09:04:56 - [MESSAGE][PASSED] - keyPathPackage.customKeywords.generateRandomSuburb is PASSED

19-09-2024T09:04:56 - [TEST_STEP][PASSED] - setText(findTestObject("Object Repository/APAC_University/MBS_University/Enrol_Now/Field_Suburb"), Suburb): Text 'Bunbury' is set on object 'Object Repository/APAC_University/MBS_University/Enrol_Now/Field_Suburb'

19-09-2024T09:04:57 - [MESSAGE][PASSED] - Text 'Bunbury' is set on object 'Object Repository/APAC_University/MBS_University/Enrol_Now/Field_Suburb'

19-09-2024T09:04:57 - [TEST_STEP][PASSED] - State = findTestObject("Object Repository/APAC_University/MBS_University/Enrol_Now/Dropdown_State"): null

19-09-2024T09:04:57 - [TEST_STEP][PASSED] - selectOptionByIndex(State, keyPathPackage.customKeywords.selectRandomOptionFromDropdown()): All options with index in [2] are selected on object 'Object Repository/APAC_University/MBS_University/Enrol_Now/Dropdown_State'

19-09-2024T09:04:57 - [MESSAGE][PASSED] - keyPathPackage.customKeywords.selectRandomOptionFromDropdown is PASSED

19-09-2024T09:04:58 - [MESSAGE][PASSED] - All options with index in [2] are selected on object 'Object Repository/APAC_University/MBS_University/Enrol_Now/Dropdown_State'

19-09-2024T09:04:58 - [TEST_STEP][PASSED] - Postcode = keyPathPackage.customKeywords.selectRandomPostCode(): keyPathPackage.customKeywords.selectRandomPostCode is PASSED

19-09-2024T09:04:58 - [MESSAGE][PASSED] - keyPathPackage.customKeywords.selectRandomPostCode is PASSED

19-09-2024T09:04:58 - [TEST_STEP][PASSED] - setText(findTestObject("Object Repository/APAC_University/MBS_University/Enrol_Now/Field_Postcode"), Postcode): Text '0503' is set on object 'Object Repository/APAC_University/MBS_University/Enrol_Now/Field_Postcode'

19-09-2024T09:04:58 - [MESSAGE][PASSED] - Text '0503' is set on object 'Object Repository/APAC_University/MBS_University/Enrol_Now/Field_Postcode'

19-09-2024T09:04:58 - [TEST_STEP][PASSED] - waitForElementClickable(findTestObject("Object Repository/APAC_University/MBS_University/Enrol_Now/Button_Review_Purchase"), 10): Object 'Object Repository/APAC_University/MBS_University/Enrol_Now/Button_Review_Purchase' is clickable

19-09-2024T09:04:58 - [MESSAGE][PASSED] - Object 'Object Repository/APAC_University/MBS_University/Enrol_Now/Button_Review_Purchase' is clickable

19-09-2024T09:04:58 - [TEST_STEP][PASSED] - click(findTestObject("Object Repository/APAC_University/MBS_University/Enrol_Now/Button_Review_Purchase")): Object: 'Object Repository/APAC_University/MBS_University/Enrol_Now/Button_Review_Purchase' is clicked on

19-09-2024T09:04:59 - [MESSAGE][PASSED] - Object: 'Object Repository/APAC_University/MBS_University/Enrol_Now/Button_Review_Purchase' is clicked on

19-09-2024T09:04:59 - [TEST_STEP][PASSED] - scrollToElement(findTestObject("Object Repository/APAC_University/MBS_University/Enrol_Now/Button_Complete_Purchase"), 3): Scroll to object 'Object Repository/APAC_University/MBS_University/Enrol_Now/Button_Complete_Purchase' successfully

19-09-2024T09:05:01 - [MESSAGE][PASSED] - Scroll to object 'Object Repository/APAC_University/MBS_University/Enrol_Now/Button_Complete_Purchase' successfully

19-09-2024T09:05:01 - [TEST_STEP][PASSED] - waitForElementClickable(findTestObject("Object Repository/APAC_University/MBS_University/Enrol_Now/Button_Complete_Purchase"), 10): Object 'Object Repository/APAC_University/MBS_University/Enrol_Now/Button_Complete_Purchase' is clickable

19-09-2024T09:05:03 - [MESSAGE][PASSED] - Object 'Object Repository/APAC_University/MBS_University/Enrol_Now/Button_Complete_Purchase' is clickable

19-09-2024T09:05:03 - [TEST_STEP][PASSED] - click(findTestObject("Object Repository/APAC_University/MBS_University/Enrol_Now/Button_Complete_Purchase")): Object: 'Object Repository/APAC_University/MBS_University/Enrol_Now/Button_Complete_Purchase' is clicked on

19-09-2024T09:05:04 - [MESSAGE][PASSED] - Object: 'Object Repository/APAC_University/MBS_University/Enrol_Now/Button_Complete_Purchase' is clicked on

19-09-2024T09:05:04 - [TEST_STEP][PASSED] - delay(3): Delayed 3 second(s)

19-09-2024T09:05:07 - [MESSAGE][PASSED] - Delayed 3 second(s)

19-09-2024T09:05:07 - [TEST_STEP][PASSED] - verifyElementText(findTestObject("Object Repository/APAC_University/MBS_University/Enrol_Now/Verify_Order"), "Thank you for your order"): Actual text and expected text of test object 'Object Repository/APAC_University/MBS_University/Enrol_Now/Verify_Order' are matched.

19-09-2024T09:05:11 - [MESSAGE][PASSED] - Actual text and expected text of test object 'Object Repository/APAC_University/MBS_University/Enrol_Now/Verify_Order' are matched.

19-09-2024T09:05:11 - [TEST_STEP][PASSED] - closeBrowser(): Browser is closed

19-09-2024T09:05:12 - [MESSAGE][PASSED] - Browser is closed]]></system-out>
         <system-err><![CDATA[]]></system-err>
      </testcase>
      <system-out><![CDATA[19-09-2024T09:03:32 - [TEST_SUITE][PASSED] - Keypath_Testsuite_APAC_SEO: Test Cases/APAC_Universities/SEO_PAGES/MBS_University/Enrol_Now]]></system-out>
      <system-err><![CDATA[]]></system-err>
   </testsuite>
</testsuites>
